[2025-05-24T20:30:05.043+0000] {local_task_job_runner.py:123} INFO - ::group::Pre task execution logs
[2025-05-24T20:30:05.083+0000] {taskinstance.py:2631} INFO - Dependencies all met for dep_context=non-requeueable deps ti=<TaskInstance: postgres_to_duckdb.transfer_to_duckdb manual__2025-05-24T20:30:01.031362+00:00 [queued]>
[2025-05-24T20:30:05.098+0000] {taskinstance.py:2631} INFO - Dependencies all met for dep_context=requeueable deps ti=<TaskInstance: postgres_to_duckdb.transfer_to_duckdb manual__2025-05-24T20:30:01.031362+00:00 [queued]>
[2025-05-24T20:30:05.100+0000] {taskinstance.py:2884} INFO - Starting attempt 1 of 1
[2025-05-24T20:30:05.127+0000] {taskinstance.py:2907} INFO - Executing <Task(PythonOperator): transfer_to_duckdb> on 2025-05-24 20:30:01.031362+00:00
[2025-05-24T20:30:05.144+0000] {warnings.py:112} WARNING - /home/***/.local/lib/python3.12/site-packages/***/task/task_runner/standard_task_runner.py:70: DeprecationWarning: This process (pid=226) is multi-threaded, use of fork() may lead to deadlocks in the child.
  pid = os.fork()

[2025-05-24T20:30:05.148+0000] {standard_task_runner.py:104} INFO - Running: ['***', 'tasks', 'run', 'postgres_to_duckdb', 'transfer_to_duckdb', 'manual__2025-05-24T20:30:01.031362+00:00', '--job-id', '30', '--raw', '--subdir', 'DAGS_FOLDER/postgres_to_duckdb.py', '--cfg-path', '/tmp/tmpm0dzlola']
[2025-05-24T20:30:05.149+0000] {standard_task_runner.py:72} INFO - Started process 228 to run task
[2025-05-24T20:30:05.150+0000] {standard_task_runner.py:105} INFO - Job 30: Subtask transfer_to_duckdb
[2025-05-24T20:30:05.239+0000] {task_command.py:467} INFO - Running <TaskInstance: postgres_to_duckdb.transfer_to_duckdb manual__2025-05-24T20:30:01.031362+00:00 [running]> on host 97052e8b07bf
[2025-05-24T20:30:05.462+0000] {taskinstance.py:3157} INFO - Exporting env vars: AIRFLOW_CTX_DAG_OWNER='***' AIRFLOW_CTX_DAG_ID='postgres_to_duckdb' AIRFLOW_CTX_TASK_ID='transfer_to_duckdb' AIRFLOW_CTX_EXECUTION_DATE='2025-05-24T20:30:01.031362+00:00' AIRFLOW_CTX_TRY_NUMBER='1' AIRFLOW_CTX_DAG_RUN_ID='manual__2025-05-24T20:30:01.031362+00:00'
[2025-05-24T20:30:05.465+0000] {logging_mixin.py:190} INFO - Task instance is in running state
[2025-05-24T20:30:05.466+0000] {logging_mixin.py:190} INFO -  Previous state of the Task instance: queued
[2025-05-24T20:30:05.467+0000] {logging_mixin.py:190} INFO - Current task name:transfer_to_duckdb state:running start_date:2025-05-24 20:30:05.084629+00:00
[2025-05-24T20:30:05.468+0000] {logging_mixin.py:190} INFO - Dag name:postgres_to_duckdb and current dag run status:running
[2025-05-24T20:30:05.469+0000] {taskinstance.py:740} INFO - ::endgroup::
[2025-05-24T20:30:05.664+0000] {logging_mixin.py:190} INFO - Successfully transferred 10 records to DuckDB
[2025-05-24T20:30:05.665+0000] {python.py:240} INFO - Done. Returned value was: None
[2025-05-24T20:30:05.691+0000] {taskinstance.py:349} INFO - ::group::Post task execution logs
[2025-05-24T20:30:05.693+0000] {taskinstance.py:361} INFO - Marking task as SUCCESS. dag_id=postgres_to_duckdb, task_id=transfer_to_duckdb, run_id=manual__2025-05-24T20:30:01.031362+00:00, execution_date=20250524T203001, start_date=20250524T203005, end_date=20250524T203005
[2025-05-24T20:30:05.740+0000] {logging_mixin.py:190} INFO - Task instance in success state
[2025-05-24T20:30:05.741+0000] {logging_mixin.py:190} INFO -  Previous state of the Task instance: running
[2025-05-24T20:30:05.742+0000] {logging_mixin.py:190} INFO - Dag name:postgres_to_duckdb queued_at:2025-05-24 20:30:01.063411+00:00
[2025-05-24T20:30:05.743+0000] {logging_mixin.py:190} INFO - Task hostname:97052e8b07bf operator:PythonOperator
[2025-05-24T20:30:05.771+0000] {local_task_job_runner.py:266} INFO - Task exited with return code 0
[2025-05-24T20:30:05.806+0000] {taskinstance.py:3924} INFO - 0 downstream tasks scheduled from follow-on schedule check
[2025-05-24T20:30:05.812+0000] {local_task_job_runner.py:245} INFO - ::endgroup::
