[2025-05-24T20:05:55.137+0000] {local_task_job_runner.py:123} INFO - ::group::Pre task execution logs
[2025-05-24T20:05:55.185+0000] {taskinstance.py:2631} INFO - Dependencies all met for dep_context=non-requeueable deps ti=<TaskInstance: fetch_eod_data.fetch_eod_data manual__2025-05-24T20:05:49.784760+00:00 [queued]>
[2025-05-24T20:05:55.207+0000] {taskinstance.py:2631} INFO - Dependencies all met for dep_context=requeueable deps ti=<TaskInstance: fetch_eod_data.fetch_eod_data manual__2025-05-24T20:05:49.784760+00:00 [queued]>
[2025-05-24T20:05:55.209+0000] {taskinstance.py:2884} INFO - Starting attempt 1 of 1
[2025-05-24T20:05:55.240+0000] {taskinstance.py:2907} INFO - Executing <Task(PythonOperator): fetch_eod_data> on 2025-05-24 20:05:49.784760+00:00
[2025-05-24T20:05:55.256+0000] {warnings.py:112} WARNING - /home/***/.local/lib/python3.12/site-packages/***/task/task_runner/standard_task_runner.py:70: DeprecationWarning: This process (pid=132) is multi-threaded, use of fork() may lead to deadlocks in the child.
  pid = os.fork()

[2025-05-24T20:05:55.260+0000] {standard_task_runner.py:72} INFO - Started process 134 to run task
[2025-05-24T20:05:55.261+0000] {standard_task_runner.py:104} INFO - Running: ['***', 'tasks', 'run', 'fetch_eod_data', 'fetch_eod_data', 'manual__2025-05-24T20:05:49.784760+00:00', '--job-id', '17', '--raw', '--subdir', 'DAGS_FOLDER/eod_data_pipeline.py', '--cfg-path', '/tmp/tmp5xz9gc3j']
[2025-05-24T20:05:55.264+0000] {standard_task_runner.py:105} INFO - Job 17: Subtask fetch_eod_data
[2025-05-24T20:05:55.360+0000] {task_command.py:467} INFO - Running <TaskInstance: fetch_eod_data.fetch_eod_data manual__2025-05-24T20:05:49.784760+00:00 [running]> on host 917c32fb21ff
[2025-05-24T20:05:56.231+0000] {taskinstance.py:3157} INFO - Exporting env vars: AIRFLOW_CTX_DAG_OWNER='***' AIRFLOW_CTX_DAG_ID='fetch_eod_data' AIRFLOW_CTX_TASK_ID='fetch_eod_data' AIRFLOW_CTX_EXECUTION_DATE='2025-05-24T20:05:49.784760+00:00' AIRFLOW_CTX_TRY_NUMBER='1' AIRFLOW_CTX_DAG_RUN_ID='manual__2025-05-24T20:05:49.784760+00:00'
[2025-05-24T20:05:56.233+0000] {logging_mixin.py:190} INFO - Task instance is in running state
[2025-05-24T20:05:56.234+0000] {logging_mixin.py:190} INFO -  Previous state of the Task instance: queued
[2025-05-24T20:05:56.235+0000] {logging_mixin.py:190} INFO - Current task name:fetch_eod_data state:running start_date:2025-05-24 20:05:55.186683+00:00
[2025-05-24T20:05:56.236+0000] {logging_mixin.py:190} INFO - Dag name:fetch_eod_data and current dag run status:running
[2025-05-24T20:05:56.237+0000] {taskinstance.py:740} INFO - ::endgroup::
[2025-05-24T20:06:05.773+0000] {python.py:240} INFO - Done. Returned value was: None
[2025-05-24T20:06:05.797+0000] {taskinstance.py:349} INFO - ::group::Post task execution logs
[2025-05-24T20:06:05.799+0000] {taskinstance.py:361} INFO - Marking task as SUCCESS. dag_id=fetch_eod_data, task_id=fetch_eod_data, run_id=manual__2025-05-24T20:05:49.784760+00:00, execution_date=20250524T200549, start_date=20250524T200555, end_date=20250524T200605
[2025-05-24T20:06:05.850+0000] {logging_mixin.py:190} INFO - Task instance in success state
[2025-05-24T20:06:05.851+0000] {logging_mixin.py:190} INFO -  Previous state of the Task instance: running
[2025-05-24T20:06:05.852+0000] {logging_mixin.py:190} INFO - Dag name:fetch_eod_data queued_at:2025-05-24 20:05:50.422595+00:00
[2025-05-24T20:06:05.853+0000] {logging_mixin.py:190} INFO - Task hostname:917c32fb21ff operator:PythonOperator
[2025-05-24T20:06:05.910+0000] {local_task_job_runner.py:266} INFO - Task exited with return code 0
[2025-05-24T20:06:05.959+0000] {taskinstance.py:3924} INFO - 1 downstream tasks scheduled from follow-on schedule check
[2025-05-24T20:06:05.963+0000] {local_task_job_runner.py:245} INFO - ::endgroup::
