[2025-05-24T20:04:18.768+0000] {local_task_job_runner.py:123} INFO - ::group::Pre task execution logs
[2025-05-24T20:04:18.837+0000] {taskinstance.py:2631} INFO - Dependencies all met for dep_context=non-requeueable deps ti=<TaskInstance: fetch_eod_data.trigger_duckdb_dag scheduled__2025-05-23T00:00:00+00:00 [queued]>
[2025-05-24T20:04:18.861+0000] {taskinstance.py:2631} INFO - Dependencies all met for dep_context=requeueable deps ti=<TaskInstance: fetch_eod_data.trigger_duckdb_dag scheduled__2025-05-23T00:00:00+00:00 [queued]>
[2025-05-24T20:04:18.863+0000] {taskinstance.py:2884} INFO - Starting attempt 1 of 1
[2025-05-24T20:04:18.894+0000] {taskinstance.py:2907} INFO - Executing <Task(TriggerDagRunOperator): trigger_duckdb_dag> on 2025-05-23 00:00:00+00:00
[2025-05-24T20:04:18.911+0000] {warnings.py:112} WARNING - /home/***/.local/lib/python3.12/site-packages/***/task/task_runner/standard_task_runner.py:70: DeprecationWarning: This process (pid=88) is multi-threaded, use of fork() may lead to deadlocks in the child.
  pid = os.fork()

[2025-05-24T20:04:18.914+0000] {standard_task_runner.py:72} INFO - Started process 90 to run task
[2025-05-24T20:04:18.915+0000] {standard_task_runner.py:104} INFO - Running: ['***', 'tasks', 'run', 'fetch_eod_data', 'trigger_duckdb_dag', 'scheduled__2025-05-23T00:00:00+00:00', '--job-id', '15', '--raw', '--subdir', 'DAGS_FOLDER/eod_data_pipeline.py', '--cfg-path', '/tmp/tmpkxal_u57']
[2025-05-24T20:04:18.917+0000] {standard_task_runner.py:105} INFO - Job 15: Subtask trigger_duckdb_dag
[2025-05-24T20:04:19.024+0000] {task_command.py:467} INFO - Running <TaskInstance: fetch_eod_data.trigger_duckdb_dag scheduled__2025-05-23T00:00:00+00:00 [running]> on host 917c32fb21ff
[2025-05-24T20:04:19.651+0000] {taskinstance.py:3157} INFO - Exporting env vars: AIRFLOW_CTX_DAG_OWNER='***' AIRFLOW_CTX_DAG_ID='fetch_eod_data' AIRFLOW_CTX_TASK_ID='trigger_duckdb_dag' AIRFLOW_CTX_EXECUTION_DATE='2025-05-23T00:00:00+00:00' AIRFLOW_CTX_TRY_NUMBER='1' AIRFLOW_CTX_DAG_RUN_ID='scheduled__2025-05-23T00:00:00+00:00'
[2025-05-24T20:04:19.653+0000] {logging_mixin.py:190} INFO - Task instance is in running state
[2025-05-24T20:04:19.656+0000] {logging_mixin.py:190} INFO -  Previous state of the Task instance: queued
[2025-05-24T20:04:19.657+0000] {logging_mixin.py:190} INFO - Current task name:trigger_duckdb_dag state:running start_date:2025-05-24 20:04:18.838941+00:00
[2025-05-24T20:04:19.658+0000] {logging_mixin.py:190} INFO - Dag name:fetch_eod_data and current dag run status:running
[2025-05-24T20:04:19.660+0000] {taskinstance.py:740} INFO - ::endgroup::
[2025-05-24T20:04:19.821+0000] {trigger_dagrun.py:257} INFO - Waiting for postgres_to_duckdb on 2025-05-24 20:04:19.661084+00:00 to become allowed state ['success'] ...
[2025-05-24T20:05:19.838+0000] {trigger_dagrun.py:271} INFO - postgres_to_duckdb finished with allowed state success
[2025-05-24T20:05:19.861+0000] {taskinstance.py:349} INFO - ::group::Post task execution logs
[2025-05-24T20:05:19.862+0000] {taskinstance.py:361} INFO - Marking task as SUCCESS. dag_id=fetch_eod_data, task_id=trigger_duckdb_dag, run_id=scheduled__2025-05-23T00:00:00+00:00, execution_date=20250523T000000, start_date=20250524T200418, end_date=20250524T200519
[2025-05-24T20:05:19.915+0000] {logging_mixin.py:190} INFO - Task instance in success state
[2025-05-24T20:05:19.916+0000] {logging_mixin.py:190} INFO -  Previous state of the Task instance: running
[2025-05-24T20:05:19.917+0000] {logging_mixin.py:190} INFO - Dag name:fetch_eod_data queued_at:2025-05-24 20:03:49.628038+00:00
[2025-05-24T20:05:19.918+0000] {logging_mixin.py:190} INFO - Task hostname:917c32fb21ff operator:TriggerDagRunOperator
[2025-05-24T20:05:19.957+0000] {local_task_job_runner.py:266} INFO - Task exited with return code 0
[2025-05-24T20:05:19.988+0000] {taskinstance.py:3924} INFO - 0 downstream tasks scheduled from follow-on schedule check
[2025-05-24T20:05:19.994+0000] {local_task_job_runner.py:245} INFO - ::endgroup::
[2025-05-24T20:36:52.570+0000] {local_task_job_runner.py:123} INFO - ::group::Pre task execution logs
[2025-05-24T20:36:52.646+0000] {taskinstance.py:2631} INFO - Dependencies all met for dep_context=non-requeueable deps ti=<TaskInstance: fetch_eod_data.trigger_duckdb_dag scheduled__2025-05-23T00:00:00+00:00 [queued]>
[2025-05-24T20:36:52.678+0000] {taskinstance.py:2631} INFO - Dependencies all met for dep_context=requeueable deps ti=<TaskInstance: fetch_eod_data.trigger_duckdb_dag scheduled__2025-05-23T00:00:00+00:00 [queued]>
[2025-05-24T20:36:52.681+0000] {taskinstance.py:2884} INFO - Starting attempt 1 of 1
[2025-05-24T20:36:52.724+0000] {taskinstance.py:2907} INFO - Executing <Task(TriggerDagRunOperator): trigger_duckdb_dag> on 2025-05-23 00:00:00+00:00
[2025-05-24T20:36:52.749+0000] {warnings.py:112} WARNING - /home/***/.local/lib/python3.12/site-packages/***/task/task_runner/standard_task_runner.py:70: DeprecationWarning: This process (pid=94) is multi-threaded, use of fork() may lead to deadlocks in the child.
  pid = os.fork()

[2025-05-24T20:36:52.754+0000] {standard_task_runner.py:72} INFO - Started process 96 to run task
[2025-05-24T20:36:52.758+0000] {standard_task_runner.py:104} INFO - Running: ['***', 'tasks', 'run', 'fetch_eod_data', 'trigger_duckdb_dag', 'scheduled__2025-05-23T00:00:00+00:00', '--job-id', '4', '--raw', '--subdir', 'DAGS_FOLDER/eod_data_pipeline.py', '--cfg-path', '/tmp/tmp6kvyhqzw']
[2025-05-24T20:36:52.763+0000] {standard_task_runner.py:105} INFO - Job 4: Subtask trigger_duckdb_dag
[2025-05-24T20:36:52.900+0000] {task_command.py:467} INFO - Running <TaskInstance: fetch_eod_data.trigger_duckdb_dag scheduled__2025-05-23T00:00:00+00:00 [running]> on host 22fb1a1b9b1d
[2025-05-24T20:36:53.555+0000] {taskinstance.py:3157} INFO - Exporting env vars: AIRFLOW_CTX_DAG_OWNER='***' AIRFLOW_CTX_DAG_ID='fetch_eod_data' AIRFLOW_CTX_TASK_ID='trigger_duckdb_dag' AIRFLOW_CTX_EXECUTION_DATE='2025-05-23T00:00:00+00:00' AIRFLOW_CTX_TRY_NUMBER='1' AIRFLOW_CTX_DAG_RUN_ID='scheduled__2025-05-23T00:00:00+00:00'
[2025-05-24T20:36:53.557+0000] {logging_mixin.py:190} INFO - Task instance is in running state
[2025-05-24T20:36:53.558+0000] {logging_mixin.py:190} INFO -  Previous state of the Task instance: queued
[2025-05-24T20:36:53.559+0000] {logging_mixin.py:190} INFO - Current task name:trigger_duckdb_dag state:running start_date:2025-05-24 20:36:52.648213+00:00
[2025-05-24T20:36:53.560+0000] {logging_mixin.py:190} INFO - Dag name:fetch_eod_data and current dag run status:running
[2025-05-24T20:36:53.562+0000] {taskinstance.py:740} INFO - ::endgroup::
[2025-05-24T20:36:53.719+0000] {trigger_dagrun.py:257} INFO - Waiting for postgres_to_duckdb on 2025-05-24 20:36:53.563300+00:00 to become allowed state ['success'] ...
[2025-05-24T20:37:53.777+0000] {trigger_dagrun.py:271} INFO - postgres_to_duckdb finished with allowed state success
[2025-05-24T20:37:53.817+0000] {taskinstance.py:349} INFO - ::group::Post task execution logs
[2025-05-24T20:37:53.820+0000] {taskinstance.py:361} INFO - Marking task as SUCCESS. dag_id=fetch_eod_data, task_id=trigger_duckdb_dag, run_id=scheduled__2025-05-23T00:00:00+00:00, execution_date=20250523T000000, start_date=20250524T203652, end_date=20250524T203753
[2025-05-24T20:37:53.881+0000] {logging_mixin.py:190} INFO - Task instance in success state
[2025-05-24T20:37:53.882+0000] {logging_mixin.py:190} INFO -  Previous state of the Task instance: running
[2025-05-24T20:37:53.883+0000] {logging_mixin.py:190} INFO - Dag name:fetch_eod_data queued_at:2025-05-24 20:36:26.800733+00:00
[2025-05-24T20:37:53.884+0000] {logging_mixin.py:190} INFO - Task hostname:22fb1a1b9b1d operator:TriggerDagRunOperator
[2025-05-24T20:37:53.935+0000] {local_task_job_runner.py:266} INFO - Task exited with return code 0
[2025-05-24T20:37:53.976+0000] {taskinstance.py:3924} INFO - 0 downstream tasks scheduled from follow-on schedule check
[2025-05-24T20:37:53.981+0000] {local_task_job_runner.py:245} INFO - ::endgroup::
