[2025-05-24T20:04:04.167+0000] {local_task_job_runner.py:123} INFO - ::group::Pre task execution logs
[2025-05-24T20:04:04.540+0000] {taskinstance.py:2631} INFO - Dependencies all met for dep_context=non-requeueable deps ti=<TaskInstance: fetch_eod_data.fetch_eod_data scheduled__2025-05-23T00:00:00+00:00 [queued]>
[2025-05-24T20:04:04.561+0000] {taskinstance.py:2631} INFO - Dependencies all met for dep_context=requeueable deps ti=<TaskInstance: fetch_eod_data.fetch_eod_data scheduled__2025-05-23T00:00:00+00:00 [queued]>
[2025-05-24T20:04:04.563+0000] {taskinstance.py:2884} INFO - Starting attempt 1 of 1
[2025-05-24T20:04:04.596+0000] {taskinstance.py:2907} INFO - Executing <Task(PythonOperator): fetch_eod_data> on 2025-05-23 00:00:00+00:00
[2025-05-24T20:04:04.616+0000] {warnings.py:112} WARNING - /home/***/.local/lib/python3.12/site-packages/***/task/task_runner/standard_task_runner.py:70: DeprecationWarning: This process (pid=77) is multi-threaded, use of fork() may lead to deadlocks in the child.
  pid = os.fork()

[2025-05-24T20:04:04.629+0000] {standard_task_runner.py:104} INFO - Running: ['***', 'tasks', 'run', 'fetch_eod_data', 'fetch_eod_data', 'scheduled__2025-05-23T00:00:00+00:00', '--job-id', '14', '--raw', '--subdir', 'DAGS_FOLDER/eod_data_pipeline.py', '--cfg-path', '/tmp/tmpbxxxp183']
[2025-05-24T20:04:04.632+0000] {standard_task_runner.py:72} INFO - Started process 86 to run task
[2025-05-24T20:04:04.633+0000] {standard_task_runner.py:105} INFO - Job 14: Subtask fetch_eod_data
[2025-05-24T20:04:04.794+0000] {task_command.py:467} INFO - Running <TaskInstance: fetch_eod_data.fetch_eod_data scheduled__2025-05-23T00:00:00+00:00 [running]> on host 917c32fb21ff
[2025-05-24T20:04:05.025+0000] {taskinstance.py:3157} INFO - Exporting env vars: AIRFLOW_CTX_DAG_OWNER='***' AIRFLOW_CTX_DAG_ID='fetch_eod_data' AIRFLOW_CTX_TASK_ID='fetch_eod_data' AIRFLOW_CTX_EXECUTION_DATE='2025-05-23T00:00:00+00:00' AIRFLOW_CTX_TRY_NUMBER='1' AIRFLOW_CTX_DAG_RUN_ID='scheduled__2025-05-23T00:00:00+00:00'
[2025-05-24T20:04:05.028+0000] {logging_mixin.py:190} INFO - Task instance is in running state
[2025-05-24T20:04:05.030+0000] {logging_mixin.py:190} INFO -  Previous state of the Task instance: queued
[2025-05-24T20:04:05.031+0000] {logging_mixin.py:190} INFO - Current task name:fetch_eod_data state:running start_date:2025-05-24 20:04:04.542429+00:00
[2025-05-24T20:04:05.032+0000] {logging_mixin.py:190} INFO - Dag name:fetch_eod_data and current dag run status:running
[2025-05-24T20:04:05.033+0000] {taskinstance.py:740} INFO - ::endgroup::
[2025-05-24T20:04:14.791+0000] {python.py:240} INFO - Done. Returned value was: None
[2025-05-24T20:04:14.818+0000] {taskinstance.py:349} INFO - ::group::Post task execution logs
[2025-05-24T20:04:14.819+0000] {taskinstance.py:361} INFO - Marking task as SUCCESS. dag_id=fetch_eod_data, task_id=fetch_eod_data, run_id=scheduled__2025-05-23T00:00:00+00:00, execution_date=20250523T000000, start_date=20250524T200404, end_date=20250524T200414
[2025-05-24T20:04:14.875+0000] {logging_mixin.py:190} INFO - Task instance in success state
[2025-05-24T20:04:14.876+0000] {logging_mixin.py:190} INFO -  Previous state of the Task instance: running
[2025-05-24T20:04:14.877+0000] {logging_mixin.py:190} INFO - Dag name:fetch_eod_data queued_at:2025-05-24 20:03:49.628038+00:00
[2025-05-24T20:04:14.878+0000] {logging_mixin.py:190} INFO - Task hostname:917c32fb21ff operator:PythonOperator
[2025-05-24T20:04:14.934+0000] {local_task_job_runner.py:266} INFO - Task exited with return code 0
[2025-05-24T20:04:14.967+0000] {taskinstance.py:3924} INFO - 0 downstream tasks scheduled from follow-on schedule check
[2025-05-24T20:04:14.972+0000] {local_task_job_runner.py:245} INFO - ::endgroup::
[2025-05-24T20:36:36.946+0000] {local_task_job_runner.py:123} INFO - ::group::Pre task execution logs
[2025-05-24T20:36:37.261+0000] {taskinstance.py:2631} INFO - Dependencies all met for dep_context=non-requeueable deps ti=<TaskInstance: fetch_eod_data.fetch_eod_data scheduled__2025-05-23T00:00:00+00:00 [queued]>
[2025-05-24T20:36:37.277+0000] {taskinstance.py:2631} INFO - Dependencies all met for dep_context=requeueable deps ti=<TaskInstance: fetch_eod_data.fetch_eod_data scheduled__2025-05-23T00:00:00+00:00 [queued]>
[2025-05-24T20:36:37.278+0000] {taskinstance.py:2884} INFO - Starting attempt 1 of 1
[2025-05-24T20:36:37.305+0000] {taskinstance.py:2907} INFO - Executing <Task(PythonOperator): fetch_eod_data> on 2025-05-23 00:00:00+00:00
[2025-05-24T20:36:37.321+0000] {warnings.py:112} WARNING - /home/***/.local/lib/python3.12/site-packages/***/task/task_runner/standard_task_runner.py:70: DeprecationWarning: This process (pid=83) is multi-threaded, use of fork() may lead to deadlocks in the child.
  pid = os.fork()

[2025-05-24T20:36:37.325+0000] {standard_task_runner.py:72} INFO - Started process 92 to run task
[2025-05-24T20:36:37.324+0000] {standard_task_runner.py:104} INFO - Running: ['***', 'tasks', 'run', 'fetch_eod_data', 'fetch_eod_data', 'scheduled__2025-05-23T00:00:00+00:00', '--job-id', '3', '--raw', '--subdir', 'DAGS_FOLDER/eod_data_pipeline.py', '--cfg-path', '/tmp/tmpj0tv4z3e']
[2025-05-24T20:36:37.327+0000] {standard_task_runner.py:105} INFO - Job 3: Subtask fetch_eod_data
[2025-05-24T20:36:37.426+0000] {task_command.py:467} INFO - Running <TaskInstance: fetch_eod_data.fetch_eod_data scheduled__2025-05-23T00:00:00+00:00 [running]> on host 22fb1a1b9b1d
[2025-05-24T20:36:37.675+0000] {taskinstance.py:3157} INFO - Exporting env vars: AIRFLOW_CTX_DAG_OWNER='***' AIRFLOW_CTX_DAG_ID='fetch_eod_data' AIRFLOW_CTX_TASK_ID='fetch_eod_data' AIRFLOW_CTX_EXECUTION_DATE='2025-05-23T00:00:00+00:00' AIRFLOW_CTX_TRY_NUMBER='1' AIRFLOW_CTX_DAG_RUN_ID='scheduled__2025-05-23T00:00:00+00:00'
[2025-05-24T20:36:37.678+0000] {logging_mixin.py:190} INFO - Task instance is in running state
[2025-05-24T20:36:37.679+0000] {logging_mixin.py:190} INFO -  Previous state of the Task instance: queued
[2025-05-24T20:36:37.680+0000] {logging_mixin.py:190} INFO - Current task name:fetch_eod_data state:running start_date:2025-05-24 20:36:37.262426+00:00
[2025-05-24T20:36:37.681+0000] {logging_mixin.py:190} INFO - Dag name:fetch_eod_data and current dag run status:running
[2025-05-24T20:36:37.682+0000] {taskinstance.py:740} INFO - ::endgroup::
[2025-05-24T20:36:47.753+0000] {python.py:240} INFO - Done. Returned value was: None
[2025-05-24T20:36:47.784+0000] {taskinstance.py:349} INFO - ::group::Post task execution logs
[2025-05-24T20:36:47.785+0000] {taskinstance.py:361} INFO - Marking task as SUCCESS. dag_id=fetch_eod_data, task_id=fetch_eod_data, run_id=scheduled__2025-05-23T00:00:00+00:00, execution_date=20250523T000000, start_date=20250524T203637, end_date=20250524T203647
[2025-05-24T20:36:47.842+0000] {logging_mixin.py:190} INFO - Task instance in success state
[2025-05-24T20:36:47.844+0000] {logging_mixin.py:190} INFO -  Previous state of the Task instance: running
[2025-05-24T20:36:47.845+0000] {logging_mixin.py:190} INFO - Dag name:fetch_eod_data queued_at:2025-05-24 20:36:26.800733+00:00
[2025-05-24T20:36:47.846+0000] {logging_mixin.py:190} INFO - Task hostname:22fb1a1b9b1d operator:PythonOperator
[2025-05-24T20:36:47.892+0000] {local_task_job_runner.py:266} INFO - Task exited with return code 0
[2025-05-24T20:36:47.947+0000] {taskinstance.py:3924} INFO - 1 downstream tasks scheduled from follow-on schedule check
[2025-05-24T20:36:47.952+0000] {local_task_job_runner.py:245} INFO - ::endgroup::
