[2025-05-21T23:15:47.548+0000] {processor.py:186} INFO - Started process (PID=114) to work on /home/airflow/.local/lib/python3.12/site-packages/airflow/example_dags/example_xcomargs.py
[2025-05-21T23:15:47.551+0000] {processor.py:914} INFO - Processing file /home/airflow/.local/lib/python3.12/site-packages/airflow/example_dags/example_xcomargs.py for tasks to queue
[2025-05-21T23:15:47.556+0000] {logging_mixin.py:190} INFO - [2025-05-21T23:15:47.556+0000] {dagbag.py:588} INFO - Filling up the DagBag from /home/airflow/.local/lib/python3.12/site-packages/airflow/example_dags/example_xcomargs.py
[2025-05-21T23:15:47.584+0000] {processor.py:925} INFO - DAG(s) 'example_xcom_args_with_operators', 'example_xcom_args' retrieved from /home/airflow/.local/lib/python3.12/site-packages/airflow/example_dags/example_xcomargs.py
[2025-05-21T23:15:47.878+0000] {logging_mixin.py:190} INFO - [2025-05-21T23:15:47.877+0000] {override.py:1930} INFO - Created Permission View: can delete on DAG:example_xcom_args_with_operators
[2025-05-21T23:15:47.905+0000] {logging_mixin.py:190} INFO - [2025-05-21T23:15:47.904+0000] {override.py:1930} INFO - Created Permission View: can read on DAG:example_xcom_args_with_operators
[2025-05-21T23:15:47.922+0000] {logging_mixin.py:190} INFO - [2025-05-21T23:15:47.921+0000] {override.py:1930} INFO - Created Permission View: can edit on DAG:example_xcom_args_with_operators
[2025-05-21T23:15:47.941+0000] {logging_mixin.py:190} INFO - [2025-05-21T23:15:47.941+0000] {override.py:1930} INFO - Created Permission View: can delete on DAG Run:example_xcom_args_with_operators
[2025-05-21T23:15:47.960+0000] {logging_mixin.py:190} INFO - [2025-05-21T23:15:47.959+0000] {override.py:1930} INFO - Created Permission View: can read on DAG Run:example_xcom_args_with_operators
[2025-05-21T23:15:47.978+0000] {logging_mixin.py:190} INFO - [2025-05-21T23:15:47.977+0000] {override.py:1930} INFO - Created Permission View: menu access on DAG Run:example_xcom_args_with_operators
[2025-05-21T23:15:47.997+0000] {logging_mixin.py:190} INFO - [2025-05-21T23:15:47.996+0000] {override.py:1930} INFO - Created Permission View: can create on DAG Run:example_xcom_args_with_operators
[2025-05-21T23:15:48.030+0000] {logging_mixin.py:190} INFO - [2025-05-21T23:15:48.029+0000] {override.py:1930} INFO - Created Permission View: can delete on DAG:example_xcom_args
[2025-05-21T23:15:48.047+0000] {logging_mixin.py:190} INFO - [2025-05-21T23:15:48.046+0000] {override.py:1930} INFO - Created Permission View: can read on DAG:example_xcom_args
[2025-05-21T23:15:48.062+0000] {logging_mixin.py:190} INFO - [2025-05-21T23:15:48.062+0000] {override.py:1930} INFO - Created Permission View: can edit on DAG:example_xcom_args
[2025-05-21T23:15:48.082+0000] {logging_mixin.py:190} INFO - [2025-05-21T23:15:48.081+0000] {override.py:1930} INFO - Created Permission View: can delete on DAG Run:example_xcom_args
[2025-05-21T23:15:48.097+0000] {logging_mixin.py:190} INFO - [2025-05-21T23:15:48.096+0000] {override.py:1930} INFO - Created Permission View: can read on DAG Run:example_xcom_args
[2025-05-21T23:15:48.114+0000] {logging_mixin.py:190} INFO - [2025-05-21T23:15:48.113+0000] {override.py:1930} INFO - Created Permission View: menu access on DAG Run:example_xcom_args
[2025-05-21T23:15:48.132+0000] {logging_mixin.py:190} INFO - [2025-05-21T23:15:48.131+0000] {override.py:1930} INFO - Created Permission View: can create on DAG Run:example_xcom_args
[2025-05-21T23:15:48.133+0000] {logging_mixin.py:190} INFO - [2025-05-21T23:15:48.133+0000] {dag.py:3239} INFO - Sync 2 DAGs
[2025-05-21T23:15:48.183+0000] {logging_mixin.py:190} INFO - [2025-05-21T23:15:48.183+0000] {dag.py:3262} INFO - Creating ORM DAG for example_xcom_args_with_operators
[2025-05-21T23:15:48.186+0000] {logging_mixin.py:190} INFO - [2025-05-21T23:15:48.185+0000] {dag.py:3262} INFO - Creating ORM DAG for example_xcom_args
[2025-05-21T23:15:48.188+0000] {logging_mixin.py:190} INFO - [2025-05-21T23:15:48.188+0000] {dag.py:4180} INFO - Setting next_dagrun for example_xcom_args to None, run_after=None
[2025-05-21T23:15:48.190+0000] {logging_mixin.py:190} INFO - [2025-05-21T23:15:48.190+0000] {dag.py:4180} INFO - Setting next_dagrun for example_xcom_args_with_operators to None, run_after=None
[2025-05-21T23:15:48.233+0000] {processor.py:208} INFO - Processing /home/airflow/.local/lib/python3.12/site-packages/airflow/example_dags/example_xcomargs.py took 0.701 seconds
[2025-05-21T23:16:18.343+0000] {processor.py:186} INFO - Started process (PID=179) to work on /home/airflow/.local/lib/python3.12/site-packages/airflow/example_dags/example_xcomargs.py
[2025-05-21T23:16:18.345+0000] {processor.py:914} INFO - Processing file /home/airflow/.local/lib/python3.12/site-packages/airflow/example_dags/example_xcomargs.py for tasks to queue
[2025-05-21T23:16:18.350+0000] {logging_mixin.py:190} INFO - [2025-05-21T23:16:18.349+0000] {dagbag.py:588} INFO - Filling up the DagBag from /home/airflow/.local/lib/python3.12/site-packages/airflow/example_dags/example_xcomargs.py
[2025-05-21T23:16:18.376+0000] {processor.py:925} INFO - DAG(s) 'example_xcom_args', 'example_xcom_args_with_operators' retrieved from /home/airflow/.local/lib/python3.12/site-packages/airflow/example_dags/example_xcomargs.py
[2025-05-21T23:16:18.424+0000] {logging_mixin.py:190} INFO - [2025-05-21T23:16:18.423+0000] {dag.py:3239} INFO - Sync 2 DAGs
[2025-05-21T23:16:18.452+0000] {logging_mixin.py:190} INFO - [2025-05-21T23:16:18.452+0000] {dag.py:4180} INFO - Setting next_dagrun for example_xcom_args to None, run_after=None
[2025-05-21T23:16:18.459+0000] {logging_mixin.py:190} INFO - [2025-05-21T23:16:18.459+0000] {dag.py:4180} INFO - Setting next_dagrun for example_xcom_args_with_operators to None, run_after=None
[2025-05-21T23:16:18.555+0000] {processor.py:208} INFO - Processing /home/airflow/.local/lib/python3.12/site-packages/airflow/example_dags/example_xcomargs.py took 0.223 seconds
[2025-05-21T23:16:49.102+0000] {processor.py:186} INFO - Started process (PID=245) to work on /home/airflow/.local/lib/python3.12/site-packages/airflow/example_dags/example_xcomargs.py
[2025-05-21T23:16:49.105+0000] {processor.py:914} INFO - Processing file /home/airflow/.local/lib/python3.12/site-packages/airflow/example_dags/example_xcomargs.py for tasks to queue
[2025-05-21T23:16:49.113+0000] {logging_mixin.py:190} INFO - [2025-05-21T23:16:49.112+0000] {dagbag.py:588} INFO - Filling up the DagBag from /home/airflow/.local/lib/python3.12/site-packages/airflow/example_dags/example_xcomargs.py
[2025-05-21T23:16:49.134+0000] {processor.py:925} INFO - DAG(s) 'example_xcom_args', 'example_xcom_args_with_operators' retrieved from /home/airflow/.local/lib/python3.12/site-packages/airflow/example_dags/example_xcomargs.py
[2025-05-21T23:16:49.184+0000] {logging_mixin.py:190} INFO - [2025-05-21T23:16:49.183+0000] {dag.py:3239} INFO - Sync 2 DAGs
[2025-05-21T23:16:49.216+0000] {logging_mixin.py:190} INFO - [2025-05-21T23:16:49.216+0000] {dag.py:4180} INFO - Setting next_dagrun for example_xcom_args to None, run_after=None
[2025-05-21T23:16:49.226+0000] {logging_mixin.py:190} INFO - [2025-05-21T23:16:49.225+0000] {dag.py:4180} INFO - Setting next_dagrun for example_xcom_args_with_operators to None, run_after=None
[2025-05-21T23:16:49.320+0000] {processor.py:208} INFO - Processing /home/airflow/.local/lib/python3.12/site-packages/airflow/example_dags/example_xcomargs.py took 0.235 seconds
[2025-05-21T23:17:19.932+0000] {processor.py:186} INFO - Started process (PID=315) to work on /home/airflow/.local/lib/python3.12/site-packages/airflow/example_dags/example_xcomargs.py
[2025-05-21T23:17:19.934+0000] {processor.py:914} INFO - Processing file /home/airflow/.local/lib/python3.12/site-packages/airflow/example_dags/example_xcomargs.py for tasks to queue
[2025-05-21T23:17:19.940+0000] {logging_mixin.py:190} INFO - [2025-05-21T23:17:19.939+0000] {dagbag.py:588} INFO - Filling up the DagBag from /home/airflow/.local/lib/python3.12/site-packages/airflow/example_dags/example_xcomargs.py
[2025-05-21T23:17:19.960+0000] {processor.py:925} INFO - DAG(s) 'example_xcom_args', 'example_xcom_args_with_operators' retrieved from /home/airflow/.local/lib/python3.12/site-packages/airflow/example_dags/example_xcomargs.py
[2025-05-21T23:17:20.009+0000] {logging_mixin.py:190} INFO - [2025-05-21T23:17:20.008+0000] {dag.py:3239} INFO - Sync 2 DAGs
[2025-05-21T23:17:20.041+0000] {logging_mixin.py:190} INFO - [2025-05-21T23:17:20.040+0000] {dag.py:4180} INFO - Setting next_dagrun for example_xcom_args to None, run_after=None
[2025-05-21T23:17:20.052+0000] {logging_mixin.py:190} INFO - [2025-05-21T23:17:20.051+0000] {dag.py:4180} INFO - Setting next_dagrun for example_xcom_args_with_operators to None, run_after=None
[2025-05-21T23:17:20.088+0000] {processor.py:208} INFO - Processing /home/airflow/.local/lib/python3.12/site-packages/airflow/example_dags/example_xcomargs.py took 0.168 seconds
[2025-05-21T23:17:50.310+0000] {processor.py:186} INFO - Started process (PID=381) to work on /home/airflow/.local/lib/python3.12/site-packages/airflow/example_dags/example_xcomargs.py
[2025-05-21T23:17:50.312+0000] {processor.py:914} INFO - Processing file /home/airflow/.local/lib/python3.12/site-packages/airflow/example_dags/example_xcomargs.py for tasks to queue
[2025-05-21T23:17:50.318+0000] {logging_mixin.py:190} INFO - [2025-05-21T23:17:50.317+0000] {dagbag.py:588} INFO - Filling up the DagBag from /home/airflow/.local/lib/python3.12/site-packages/airflow/example_dags/example_xcomargs.py
[2025-05-21T23:17:50.350+0000] {processor.py:925} INFO - DAG(s) 'example_xcom_args_with_operators', 'example_xcom_args' retrieved from /home/airflow/.local/lib/python3.12/site-packages/airflow/example_dags/example_xcomargs.py
[2025-05-21T23:17:50.412+0000] {logging_mixin.py:190} INFO - [2025-05-21T23:17:50.411+0000] {dag.py:3239} INFO - Sync 2 DAGs
[2025-05-21T23:17:50.447+0000] {logging_mixin.py:190} INFO - [2025-05-21T23:17:50.447+0000] {dag.py:4180} INFO - Setting next_dagrun for example_xcom_args to None, run_after=None
[2025-05-21T23:17:50.456+0000] {logging_mixin.py:190} INFO - [2025-05-21T23:17:50.455+0000] {dag.py:4180} INFO - Setting next_dagrun for example_xcom_args_with_operators to None, run_after=None
[2025-05-21T23:17:50.497+0000] {processor.py:208} INFO - Processing /home/airflow/.local/lib/python3.12/site-packages/airflow/example_dags/example_xcomargs.py took 0.198 seconds
[2025-05-21T23:18:21.193+0000] {processor.py:186} INFO - Started process (PID=447) to work on /home/airflow/.local/lib/python3.12/site-packages/airflow/example_dags/example_xcomargs.py
[2025-05-21T23:18:21.195+0000] {processor.py:914} INFO - Processing file /home/airflow/.local/lib/python3.12/site-packages/airflow/example_dags/example_xcomargs.py for tasks to queue
[2025-05-21T23:18:21.201+0000] {logging_mixin.py:190} INFO - [2025-05-21T23:18:21.200+0000] {dagbag.py:588} INFO - Filling up the DagBag from /home/airflow/.local/lib/python3.12/site-packages/airflow/example_dags/example_xcomargs.py
[2025-05-21T23:18:21.222+0000] {processor.py:925} INFO - DAG(s) 'example_xcom_args', 'example_xcom_args_with_operators' retrieved from /home/airflow/.local/lib/python3.12/site-packages/airflow/example_dags/example_xcomargs.py
[2025-05-21T23:18:21.281+0000] {logging_mixin.py:190} INFO - [2025-05-21T23:18:21.281+0000] {dag.py:3239} INFO - Sync 2 DAGs
[2025-05-21T23:18:21.315+0000] {logging_mixin.py:190} INFO - [2025-05-21T23:18:21.315+0000] {dag.py:4180} INFO - Setting next_dagrun for example_xcom_args to None, run_after=None
[2025-05-21T23:18:21.323+0000] {logging_mixin.py:190} INFO - [2025-05-21T23:18:21.323+0000] {dag.py:4180} INFO - Setting next_dagrun for example_xcom_args_with_operators to None, run_after=None
[2025-05-21T23:18:21.357+0000] {processor.py:208} INFO - Processing /home/airflow/.local/lib/python3.12/site-packages/airflow/example_dags/example_xcomargs.py took 0.175 seconds
[2025-05-21T23:18:51.782+0000] {processor.py:186} INFO - Started process (PID=513) to work on /home/airflow/.local/lib/python3.12/site-packages/airflow/example_dags/example_xcomargs.py
[2025-05-21T23:18:51.784+0000] {processor.py:914} INFO - Processing file /home/airflow/.local/lib/python3.12/site-packages/airflow/example_dags/example_xcomargs.py for tasks to queue
[2025-05-21T23:18:51.789+0000] {logging_mixin.py:190} INFO - [2025-05-21T23:18:51.788+0000] {dagbag.py:588} INFO - Filling up the DagBag from /home/airflow/.local/lib/python3.12/site-packages/airflow/example_dags/example_xcomargs.py
[2025-05-21T23:18:51.811+0000] {processor.py:925} INFO - DAG(s) 'example_xcom_args', 'example_xcom_args_with_operators' retrieved from /home/airflow/.local/lib/python3.12/site-packages/airflow/example_dags/example_xcomargs.py
[2025-05-21T23:18:51.866+0000] {logging_mixin.py:190} INFO - [2025-05-21T23:18:51.865+0000] {dag.py:3239} INFO - Sync 2 DAGs
[2025-05-21T23:18:51.910+0000] {logging_mixin.py:190} INFO - [2025-05-21T23:18:51.909+0000] {dag.py:4180} INFO - Setting next_dagrun for example_xcom_args to None, run_after=None
[2025-05-21T23:18:51.931+0000] {logging_mixin.py:190} INFO - [2025-05-21T23:18:51.930+0000] {dag.py:4180} INFO - Setting next_dagrun for example_xcom_args_with_operators to None, run_after=None
[2025-05-21T23:18:52.033+0000] {processor.py:208} INFO - Processing /home/airflow/.local/lib/python3.12/site-packages/airflow/example_dags/example_xcomargs.py took 0.267 seconds
[2025-05-21T23:19:22.246+0000] {processor.py:186} INFO - Started process (PID=578) to work on /home/airflow/.local/lib/python3.12/site-packages/airflow/example_dags/example_xcomargs.py
[2025-05-21T23:19:22.248+0000] {processor.py:914} INFO - Processing file /home/airflow/.local/lib/python3.12/site-packages/airflow/example_dags/example_xcomargs.py for tasks to queue
[2025-05-21T23:19:22.253+0000] {logging_mixin.py:190} INFO - [2025-05-21T23:19:22.253+0000] {dagbag.py:588} INFO - Filling up the DagBag from /home/airflow/.local/lib/python3.12/site-packages/airflow/example_dags/example_xcomargs.py
[2025-05-21T23:19:22.275+0000] {processor.py:925} INFO - DAG(s) 'example_xcom_args', 'example_xcom_args_with_operators' retrieved from /home/airflow/.local/lib/python3.12/site-packages/airflow/example_dags/example_xcomargs.py
[2025-05-21T23:19:22.326+0000] {logging_mixin.py:190} INFO - [2025-05-21T23:19:22.326+0000] {dag.py:3239} INFO - Sync 2 DAGs
[2025-05-21T23:19:22.358+0000] {logging_mixin.py:190} INFO - [2025-05-21T23:19:22.358+0000] {dag.py:4180} INFO - Setting next_dagrun for example_xcom_args to None, run_after=None
[2025-05-21T23:19:22.370+0000] {logging_mixin.py:190} INFO - [2025-05-21T23:19:22.370+0000] {dag.py:4180} INFO - Setting next_dagrun for example_xcom_args_with_operators to None, run_after=None
[2025-05-21T23:19:22.403+0000] {processor.py:208} INFO - Processing /home/airflow/.local/lib/python3.12/site-packages/airflow/example_dags/example_xcomargs.py took 0.169 seconds
[2025-05-21T23:19:52.648+0000] {processor.py:186} INFO - Started process (PID=644) to work on /home/airflow/.local/lib/python3.12/site-packages/airflow/example_dags/example_xcomargs.py
[2025-05-21T23:19:52.650+0000] {processor.py:914} INFO - Processing file /home/airflow/.local/lib/python3.12/site-packages/airflow/example_dags/example_xcomargs.py for tasks to queue
[2025-05-21T23:19:52.655+0000] {logging_mixin.py:190} INFO - [2025-05-21T23:19:52.654+0000] {dagbag.py:588} INFO - Filling up the DagBag from /home/airflow/.local/lib/python3.12/site-packages/airflow/example_dags/example_xcomargs.py
[2025-05-21T23:19:52.676+0000] {processor.py:925} INFO - DAG(s) 'example_xcom_args', 'example_xcom_args_with_operators' retrieved from /home/airflow/.local/lib/python3.12/site-packages/airflow/example_dags/example_xcomargs.py
[2025-05-21T23:19:52.728+0000] {logging_mixin.py:190} INFO - [2025-05-21T23:19:52.727+0000] {dag.py:3239} INFO - Sync 2 DAGs
[2025-05-21T23:19:52.761+0000] {logging_mixin.py:190} INFO - [2025-05-21T23:19:52.760+0000] {dag.py:4180} INFO - Setting next_dagrun for example_xcom_args to None, run_after=None
[2025-05-21T23:19:52.770+0000] {logging_mixin.py:190} INFO - [2025-05-21T23:19:52.769+0000] {dag.py:4180} INFO - Setting next_dagrun for example_xcom_args_with_operators to None, run_after=None
[2025-05-21T23:19:52.873+0000] {processor.py:208} INFO - Processing /home/airflow/.local/lib/python3.12/site-packages/airflow/example_dags/example_xcomargs.py took 0.237 seconds
[2025-05-21T23:20:23.102+0000] {processor.py:186} INFO - Started process (PID=710) to work on /home/airflow/.local/lib/python3.12/site-packages/airflow/example_dags/example_xcomargs.py
[2025-05-21T23:20:23.104+0000] {processor.py:914} INFO - Processing file /home/airflow/.local/lib/python3.12/site-packages/airflow/example_dags/example_xcomargs.py for tasks to queue
[2025-05-21T23:20:23.109+0000] {logging_mixin.py:190} INFO - [2025-05-21T23:20:23.108+0000] {dagbag.py:588} INFO - Filling up the DagBag from /home/airflow/.local/lib/python3.12/site-packages/airflow/example_dags/example_xcomargs.py
[2025-05-21T23:20:23.133+0000] {processor.py:925} INFO - DAG(s) 'example_xcom_args', 'example_xcom_args_with_operators' retrieved from /home/airflow/.local/lib/python3.12/site-packages/airflow/example_dags/example_xcomargs.py
[2025-05-21T23:20:23.190+0000] {logging_mixin.py:190} INFO - [2025-05-21T23:20:23.189+0000] {dag.py:3239} INFO - Sync 2 DAGs
[2025-05-21T23:20:23.231+0000] {logging_mixin.py:190} INFO - [2025-05-21T23:20:23.231+0000] {dag.py:4180} INFO - Setting next_dagrun for example_xcom_args to None, run_after=None
[2025-05-21T23:20:23.239+0000] {logging_mixin.py:190} INFO - [2025-05-21T23:20:23.239+0000] {dag.py:4180} INFO - Setting next_dagrun for example_xcom_args_with_operators to None, run_after=None
[2025-05-21T23:20:23.277+0000] {processor.py:208} INFO - Processing /home/airflow/.local/lib/python3.12/site-packages/airflow/example_dags/example_xcomargs.py took 0.188 seconds
[2025-05-21T23:20:53.769+0000] {processor.py:186} INFO - Started process (PID=777) to work on /home/airflow/.local/lib/python3.12/site-packages/airflow/example_dags/example_xcomargs.py
[2025-05-21T23:20:53.772+0000] {processor.py:914} INFO - Processing file /home/airflow/.local/lib/python3.12/site-packages/airflow/example_dags/example_xcomargs.py for tasks to queue
[2025-05-21T23:20:53.779+0000] {logging_mixin.py:190} INFO - [2025-05-21T23:20:53.778+0000] {dagbag.py:588} INFO - Filling up the DagBag from /home/airflow/.local/lib/python3.12/site-packages/airflow/example_dags/example_xcomargs.py
[2025-05-21T23:20:53.806+0000] {processor.py:925} INFO - DAG(s) 'example_xcom_args_with_operators', 'example_xcom_args' retrieved from /home/airflow/.local/lib/python3.12/site-packages/airflow/example_dags/example_xcomargs.py
[2025-05-21T23:20:53.865+0000] {logging_mixin.py:190} INFO - [2025-05-21T23:20:53.864+0000] {dag.py:3239} INFO - Sync 2 DAGs
[2025-05-21T23:20:53.901+0000] {logging_mixin.py:190} INFO - [2025-05-21T23:20:53.900+0000] {dag.py:4180} INFO - Setting next_dagrun for example_xcom_args to None, run_after=None
[2025-05-21T23:20:53.911+0000] {logging_mixin.py:190} INFO - [2025-05-21T23:20:53.910+0000] {dag.py:4180} INFO - Setting next_dagrun for example_xcom_args_with_operators to None, run_after=None
[2025-05-21T23:20:53.953+0000] {processor.py:208} INFO - Processing /home/airflow/.local/lib/python3.12/site-packages/airflow/example_dags/example_xcomargs.py took 0.203 seconds
[2025-05-21T23:21:24.720+0000] {processor.py:186} INFO - Started process (PID=843) to work on /home/airflow/.local/lib/python3.12/site-packages/airflow/example_dags/example_xcomargs.py
[2025-05-21T23:21:24.722+0000] {processor.py:914} INFO - Processing file /home/airflow/.local/lib/python3.12/site-packages/airflow/example_dags/example_xcomargs.py for tasks to queue
[2025-05-21T23:21:24.726+0000] {logging_mixin.py:190} INFO - [2025-05-21T23:21:24.726+0000] {dagbag.py:588} INFO - Filling up the DagBag from /home/airflow/.local/lib/python3.12/site-packages/airflow/example_dags/example_xcomargs.py
[2025-05-21T23:21:24.746+0000] {processor.py:925} INFO - DAG(s) 'example_xcom_args', 'example_xcom_args_with_operators' retrieved from /home/airflow/.local/lib/python3.12/site-packages/airflow/example_dags/example_xcomargs.py
[2025-05-21T23:21:24.797+0000] {logging_mixin.py:190} INFO - [2025-05-21T23:21:24.797+0000] {dag.py:3239} INFO - Sync 2 DAGs
[2025-05-21T23:21:24.831+0000] {logging_mixin.py:190} INFO - [2025-05-21T23:21:24.831+0000] {dag.py:4180} INFO - Setting next_dagrun for example_xcom_args to None, run_after=None
[2025-05-21T23:21:24.840+0000] {logging_mixin.py:190} INFO - [2025-05-21T23:21:24.840+0000] {dag.py:4180} INFO - Setting next_dagrun for example_xcom_args_with_operators to None, run_after=None
[2025-05-21T23:21:24.878+0000] {processor.py:208} INFO - Processing /home/airflow/.local/lib/python3.12/site-packages/airflow/example_dags/example_xcomargs.py took 0.168 seconds
[2025-05-21T23:21:56.230+0000] {processor.py:186} INFO - Started process (PID=909) to work on /home/airflow/.local/lib/python3.12/site-packages/airflow/example_dags/example_xcomargs.py
[2025-05-21T23:21:56.234+0000] {processor.py:914} INFO - Processing file /home/airflow/.local/lib/python3.12/site-packages/airflow/example_dags/example_xcomargs.py for tasks to queue
[2025-05-21T23:21:56.240+0000] {logging_mixin.py:190} INFO - [2025-05-21T23:21:56.239+0000] {dagbag.py:588} INFO - Filling up the DagBag from /home/airflow/.local/lib/python3.12/site-packages/airflow/example_dags/example_xcomargs.py
[2025-05-21T23:21:56.261+0000] {processor.py:925} INFO - DAG(s) 'example_xcom_args_with_operators', 'example_xcom_args' retrieved from /home/airflow/.local/lib/python3.12/site-packages/airflow/example_dags/example_xcomargs.py
[2025-05-21T23:21:56.316+0000] {logging_mixin.py:190} INFO - [2025-05-21T23:21:56.315+0000] {dag.py:3239} INFO - Sync 2 DAGs
[2025-05-21T23:21:56.384+0000] {logging_mixin.py:190} INFO - [2025-05-21T23:21:56.383+0000] {dag.py:4180} INFO - Setting next_dagrun for example_xcom_args to None, run_after=None
[2025-05-21T23:21:56.392+0000] {logging_mixin.py:190} INFO - [2025-05-21T23:21:56.392+0000] {dag.py:4180} INFO - Setting next_dagrun for example_xcom_args_with_operators to None, run_after=None
[2025-05-21T23:21:56.428+0000] {processor.py:208} INFO - Processing /home/airflow/.local/lib/python3.12/site-packages/airflow/example_dags/example_xcomargs.py took 0.210 seconds
[2025-05-21T23:22:27.284+0000] {processor.py:186} INFO - Started process (PID=975) to work on /home/airflow/.local/lib/python3.12/site-packages/airflow/example_dags/example_xcomargs.py
[2025-05-21T23:22:27.286+0000] {processor.py:914} INFO - Processing file /home/airflow/.local/lib/python3.12/site-packages/airflow/example_dags/example_xcomargs.py for tasks to queue
[2025-05-21T23:22:27.293+0000] {logging_mixin.py:190} INFO - [2025-05-21T23:22:27.292+0000] {dagbag.py:588} INFO - Filling up the DagBag from /home/airflow/.local/lib/python3.12/site-packages/airflow/example_dags/example_xcomargs.py
[2025-05-21T23:22:27.314+0000] {processor.py:925} INFO - DAG(s) 'example_xcom_args_with_operators', 'example_xcom_args' retrieved from /home/airflow/.local/lib/python3.12/site-packages/airflow/example_dags/example_xcomargs.py
[2025-05-21T23:22:27.359+0000] {logging_mixin.py:190} INFO - [2025-05-21T23:22:27.358+0000] {dag.py:3239} INFO - Sync 2 DAGs
[2025-05-21T23:22:27.390+0000] {logging_mixin.py:190} INFO - [2025-05-21T23:22:27.389+0000] {dag.py:4180} INFO - Setting next_dagrun for example_xcom_args to None, run_after=None
[2025-05-21T23:22:27.398+0000] {logging_mixin.py:190} INFO - [2025-05-21T23:22:27.398+0000] {dag.py:4180} INFO - Setting next_dagrun for example_xcom_args_with_operators to None, run_after=None
[2025-05-21T23:22:27.432+0000] {processor.py:208} INFO - Processing /home/airflow/.local/lib/python3.12/site-packages/airflow/example_dags/example_xcomargs.py took 0.159 seconds
[2025-05-21T23:22:57.796+0000] {processor.py:186} INFO - Started process (PID=1038) to work on /home/airflow/.local/lib/python3.12/site-packages/airflow/example_dags/example_xcomargs.py
[2025-05-21T23:22:57.798+0000] {processor.py:914} INFO - Processing file /home/airflow/.local/lib/python3.12/site-packages/airflow/example_dags/example_xcomargs.py for tasks to queue
[2025-05-21T23:22:57.803+0000] {logging_mixin.py:190} INFO - [2025-05-21T23:22:57.802+0000] {dagbag.py:588} INFO - Filling up the DagBag from /home/airflow/.local/lib/python3.12/site-packages/airflow/example_dags/example_xcomargs.py
[2025-05-21T23:22:57.825+0000] {processor.py:925} INFO - DAG(s) 'example_xcom_args_with_operators', 'example_xcom_args' retrieved from /home/airflow/.local/lib/python3.12/site-packages/airflow/example_dags/example_xcomargs.py
[2025-05-21T23:22:57.871+0000] {logging_mixin.py:190} INFO - [2025-05-21T23:22:57.871+0000] {dag.py:3239} INFO - Sync 2 DAGs
[2025-05-21T23:22:57.908+0000] {logging_mixin.py:190} INFO - [2025-05-21T23:22:57.907+0000] {dag.py:4180} INFO - Setting next_dagrun for example_xcom_args to None, run_after=None
[2025-05-21T23:22:57.916+0000] {logging_mixin.py:190} INFO - [2025-05-21T23:22:57.915+0000] {dag.py:4180} INFO - Setting next_dagrun for example_xcom_args_with_operators to None, run_after=None
[2025-05-21T23:22:58.011+0000] {processor.py:208} INFO - Processing /home/airflow/.local/lib/python3.12/site-packages/airflow/example_dags/example_xcomargs.py took 0.228 seconds
[2025-05-21T23:23:29.423+0000] {processor.py:186} INFO - Started process (PID=1104) to work on /home/airflow/.local/lib/python3.12/site-packages/airflow/example_dags/example_xcomargs.py
[2025-05-21T23:23:29.424+0000] {processor.py:914} INFO - Processing file /home/airflow/.local/lib/python3.12/site-packages/airflow/example_dags/example_xcomargs.py for tasks to queue
[2025-05-21T23:23:29.428+0000] {logging_mixin.py:190} INFO - [2025-05-21T23:23:29.428+0000] {dagbag.py:588} INFO - Filling up the DagBag from /home/airflow/.local/lib/python3.12/site-packages/airflow/example_dags/example_xcomargs.py
[2025-05-21T23:23:29.447+0000] {processor.py:925} INFO - DAG(s) 'example_xcom_args_with_operators', 'example_xcom_args' retrieved from /home/airflow/.local/lib/python3.12/site-packages/airflow/example_dags/example_xcomargs.py
[2025-05-21T23:23:29.493+0000] {logging_mixin.py:190} INFO - [2025-05-21T23:23:29.493+0000] {dag.py:3239} INFO - Sync 2 DAGs
[2025-05-21T23:23:29.525+0000] {logging_mixin.py:190} INFO - [2025-05-21T23:23:29.524+0000] {dag.py:4180} INFO - Setting next_dagrun for example_xcom_args to None, run_after=None
[2025-05-21T23:23:29.533+0000] {logging_mixin.py:190} INFO - [2025-05-21T23:23:29.533+0000] {dag.py:4180} INFO - Setting next_dagrun for example_xcom_args_with_operators to None, run_after=None
[2025-05-21T23:23:29.567+0000] {processor.py:208} INFO - Processing /home/airflow/.local/lib/python3.12/site-packages/airflow/example_dags/example_xcomargs.py took 0.156 seconds
[2025-05-21T23:23:59.778+0000] {processor.py:186} INFO - Started process (PID=1170) to work on /home/airflow/.local/lib/python3.12/site-packages/airflow/example_dags/example_xcomargs.py
[2025-05-21T23:23:59.780+0000] {processor.py:914} INFO - Processing file /home/airflow/.local/lib/python3.12/site-packages/airflow/example_dags/example_xcomargs.py for tasks to queue
[2025-05-21T23:23:59.785+0000] {logging_mixin.py:190} INFO - [2025-05-21T23:23:59.784+0000] {dagbag.py:588} INFO - Filling up the DagBag from /home/airflow/.local/lib/python3.12/site-packages/airflow/example_dags/example_xcomargs.py
[2025-05-21T23:23:59.810+0000] {processor.py:925} INFO - DAG(s) 'example_xcom_args', 'example_xcom_args_with_operators' retrieved from /home/airflow/.local/lib/python3.12/site-packages/airflow/example_dags/example_xcomargs.py
[2025-05-21T23:23:59.866+0000] {logging_mixin.py:190} INFO - [2025-05-21T23:23:59.866+0000] {dag.py:3239} INFO - Sync 2 DAGs
[2025-05-21T23:23:59.898+0000] {logging_mixin.py:190} INFO - [2025-05-21T23:23:59.897+0000] {dag.py:4180} INFO - Setting next_dagrun for example_xcom_args to None, run_after=None
[2025-05-21T23:23:59.906+0000] {logging_mixin.py:190} INFO - [2025-05-21T23:23:59.906+0000] {dag.py:4180} INFO - Setting next_dagrun for example_xcom_args_with_operators to None, run_after=None
[2025-05-21T23:24:00.011+0000] {processor.py:208} INFO - Processing /home/airflow/.local/lib/python3.12/site-packages/airflow/example_dags/example_xcomargs.py took 0.245 seconds
[2025-05-21T23:24:30.343+0000] {processor.py:186} INFO - Started process (PID=1235) to work on /home/airflow/.local/lib/python3.12/site-packages/airflow/example_dags/example_xcomargs.py
[2025-05-21T23:24:30.346+0000] {processor.py:914} INFO - Processing file /home/airflow/.local/lib/python3.12/site-packages/airflow/example_dags/example_xcomargs.py for tasks to queue
[2025-05-21T23:24:30.356+0000] {logging_mixin.py:190} INFO - [2025-05-21T23:24:30.355+0000] {dagbag.py:588} INFO - Filling up the DagBag from /home/airflow/.local/lib/python3.12/site-packages/airflow/example_dags/example_xcomargs.py
[2025-05-21T23:24:30.390+0000] {processor.py:925} INFO - DAG(s) 'example_xcom_args', 'example_xcom_args_with_operators' retrieved from /home/airflow/.local/lib/python3.12/site-packages/airflow/example_dags/example_xcomargs.py
[2025-05-21T23:24:30.442+0000] {logging_mixin.py:190} INFO - [2025-05-21T23:24:30.442+0000] {dag.py:3239} INFO - Sync 2 DAGs
[2025-05-21T23:24:30.474+0000] {logging_mixin.py:190} INFO - [2025-05-21T23:24:30.473+0000] {dag.py:4180} INFO - Setting next_dagrun for example_xcom_args to None, run_after=None
[2025-05-21T23:24:30.482+0000] {logging_mixin.py:190} INFO - [2025-05-21T23:24:30.482+0000] {dag.py:4180} INFO - Setting next_dagrun for example_xcom_args_with_operators to None, run_after=None
[2025-05-21T23:24:30.583+0000] {processor.py:208} INFO - Processing /home/airflow/.local/lib/python3.12/site-packages/airflow/example_dags/example_xcomargs.py took 0.258 seconds
[2025-05-21T23:25:00.947+0000] {processor.py:186} INFO - Started process (PID=1302) to work on /home/airflow/.local/lib/python3.12/site-packages/airflow/example_dags/example_xcomargs.py
[2025-05-21T23:25:00.949+0000] {processor.py:914} INFO - Processing file /home/airflow/.local/lib/python3.12/site-packages/airflow/example_dags/example_xcomargs.py for tasks to queue
[2025-05-21T23:25:00.954+0000] {logging_mixin.py:190} INFO - [2025-05-21T23:25:00.953+0000] {dagbag.py:588} INFO - Filling up the DagBag from /home/airflow/.local/lib/python3.12/site-packages/airflow/example_dags/example_xcomargs.py
[2025-05-21T23:25:00.974+0000] {processor.py:925} INFO - DAG(s) 'example_xcom_args', 'example_xcom_args_with_operators' retrieved from /home/airflow/.local/lib/python3.12/site-packages/airflow/example_dags/example_xcomargs.py
[2025-05-21T23:25:01.025+0000] {logging_mixin.py:190} INFO - [2025-05-21T23:25:01.024+0000] {dag.py:3239} INFO - Sync 2 DAGs
[2025-05-21T23:25:01.059+0000] {logging_mixin.py:190} INFO - [2025-05-21T23:25:01.058+0000] {dag.py:4180} INFO - Setting next_dagrun for example_xcom_args to None, run_after=None
[2025-05-21T23:25:01.068+0000] {logging_mixin.py:190} INFO - [2025-05-21T23:25:01.067+0000] {dag.py:4180} INFO - Setting next_dagrun for example_xcom_args_with_operators to None, run_after=None
[2025-05-21T23:25:01.106+0000] {processor.py:208} INFO - Processing /home/airflow/.local/lib/python3.12/site-packages/airflow/example_dags/example_xcomargs.py took 0.171 seconds
[2025-05-21T23:25:31.579+0000] {processor.py:186} INFO - Started process (PID=1368) to work on /home/airflow/.local/lib/python3.12/site-packages/airflow/example_dags/example_xcomargs.py
[2025-05-21T23:25:31.582+0000] {processor.py:914} INFO - Processing file /home/airflow/.local/lib/python3.12/site-packages/airflow/example_dags/example_xcomargs.py for tasks to queue
[2025-05-21T23:25:31.587+0000] {logging_mixin.py:190} INFO - [2025-05-21T23:25:31.587+0000] {dagbag.py:588} INFO - Filling up the DagBag from /home/airflow/.local/lib/python3.12/site-packages/airflow/example_dags/example_xcomargs.py
[2025-05-21T23:25:31.610+0000] {processor.py:925} INFO - DAG(s) 'example_xcom_args', 'example_xcom_args_with_operators' retrieved from /home/airflow/.local/lib/python3.12/site-packages/airflow/example_dags/example_xcomargs.py
[2025-05-21T23:25:31.667+0000] {logging_mixin.py:190} INFO - [2025-05-21T23:25:31.667+0000] {dag.py:3239} INFO - Sync 2 DAGs
[2025-05-21T23:25:31.696+0000] {logging_mixin.py:190} INFO - [2025-05-21T23:25:31.696+0000] {dag.py:4180} INFO - Setting next_dagrun for example_xcom_args to None, run_after=None
[2025-05-21T23:25:31.705+0000] {logging_mixin.py:190} INFO - [2025-05-21T23:25:31.704+0000] {dag.py:4180} INFO - Setting next_dagrun for example_xcom_args_with_operators to None, run_after=None
[2025-05-21T23:25:31.737+0000] {processor.py:208} INFO - Processing /home/airflow/.local/lib/python3.12/site-packages/airflow/example_dags/example_xcomargs.py took 0.172 seconds
[2025-05-21T23:26:02.329+0000] {processor.py:186} INFO - Started process (PID=1434) to work on /home/airflow/.local/lib/python3.12/site-packages/airflow/example_dags/example_xcomargs.py
[2025-05-21T23:26:02.331+0000] {processor.py:914} INFO - Processing file /home/airflow/.local/lib/python3.12/site-packages/airflow/example_dags/example_xcomargs.py for tasks to queue
[2025-05-21T23:26:02.337+0000] {logging_mixin.py:190} INFO - [2025-05-21T23:26:02.336+0000] {dagbag.py:588} INFO - Filling up the DagBag from /home/airflow/.local/lib/python3.12/site-packages/airflow/example_dags/example_xcomargs.py
[2025-05-21T23:26:02.359+0000] {processor.py:925} INFO - DAG(s) 'example_xcom_args', 'example_xcom_args_with_operators' retrieved from /home/airflow/.local/lib/python3.12/site-packages/airflow/example_dags/example_xcomargs.py
[2025-05-21T23:26:02.410+0000] {logging_mixin.py:190} INFO - [2025-05-21T23:26:02.409+0000] {dag.py:3239} INFO - Sync 2 DAGs
[2025-05-21T23:26:02.445+0000] {logging_mixin.py:190} INFO - [2025-05-21T23:26:02.444+0000] {dag.py:4180} INFO - Setting next_dagrun for example_xcom_args to None, run_after=None
[2025-05-21T23:26:02.452+0000] {logging_mixin.py:190} INFO - [2025-05-21T23:26:02.452+0000] {dag.py:4180} INFO - Setting next_dagrun for example_xcom_args_with_operators to None, run_after=None
[2025-05-21T23:26:02.489+0000] {processor.py:208} INFO - Processing /home/airflow/.local/lib/python3.12/site-packages/airflow/example_dags/example_xcomargs.py took 0.173 seconds
[2025-05-21T23:26:33.318+0000] {processor.py:186} INFO - Started process (PID=1500) to work on /home/airflow/.local/lib/python3.12/site-packages/airflow/example_dags/example_xcomargs.py
[2025-05-21T23:26:33.320+0000] {processor.py:914} INFO - Processing file /home/airflow/.local/lib/python3.12/site-packages/airflow/example_dags/example_xcomargs.py for tasks to queue
[2025-05-21T23:26:33.325+0000] {logging_mixin.py:190} INFO - [2025-05-21T23:26:33.325+0000] {dagbag.py:588} INFO - Filling up the DagBag from /home/airflow/.local/lib/python3.12/site-packages/airflow/example_dags/example_xcomargs.py
[2025-05-21T23:26:33.347+0000] {processor.py:925} INFO - DAG(s) 'example_xcom_args_with_operators', 'example_xcom_args' retrieved from /home/airflow/.local/lib/python3.12/site-packages/airflow/example_dags/example_xcomargs.py
[2025-05-21T23:26:33.399+0000] {logging_mixin.py:190} INFO - [2025-05-21T23:26:33.399+0000] {dag.py:3239} INFO - Sync 2 DAGs
[2025-05-21T23:26:33.435+0000] {logging_mixin.py:190} INFO - [2025-05-21T23:26:33.434+0000] {dag.py:4180} INFO - Setting next_dagrun for example_xcom_args to None, run_after=None
[2025-05-21T23:26:33.443+0000] {logging_mixin.py:190} INFO - [2025-05-21T23:26:33.443+0000] {dag.py:4180} INFO - Setting next_dagrun for example_xcom_args_with_operators to None, run_after=None
[2025-05-21T23:26:33.509+0000] {processor.py:208} INFO - Processing /home/airflow/.local/lib/python3.12/site-packages/airflow/example_dags/example_xcomargs.py took 0.202 seconds
[2025-05-21T23:27:04.683+0000] {processor.py:186} INFO - Started process (PID=1566) to work on /home/airflow/.local/lib/python3.12/site-packages/airflow/example_dags/example_xcomargs.py
[2025-05-21T23:27:04.687+0000] {processor.py:914} INFO - Processing file /home/airflow/.local/lib/python3.12/site-packages/airflow/example_dags/example_xcomargs.py for tasks to queue
[2025-05-21T23:27:04.701+0000] {logging_mixin.py:190} INFO - [2025-05-21T23:27:04.700+0000] {dagbag.py:588} INFO - Filling up the DagBag from /home/airflow/.local/lib/python3.12/site-packages/airflow/example_dags/example_xcomargs.py
[2025-05-21T23:27:04.744+0000] {processor.py:925} INFO - DAG(s) 'example_xcom_args', 'example_xcom_args_with_operators' retrieved from /home/airflow/.local/lib/python3.12/site-packages/airflow/example_dags/example_xcomargs.py
[2025-05-21T23:27:04.837+0000] {logging_mixin.py:190} INFO - [2025-05-21T23:27:04.836+0000] {dag.py:3239} INFO - Sync 2 DAGs
[2025-05-21T23:27:04.889+0000] {logging_mixin.py:190} INFO - [2025-05-21T23:27:04.888+0000] {dag.py:4180} INFO - Setting next_dagrun for example_xcom_args to None, run_after=None
[2025-05-21T23:27:04.909+0000] {logging_mixin.py:190} INFO - [2025-05-21T23:27:04.908+0000] {dag.py:4180} INFO - Setting next_dagrun for example_xcom_args_with_operators to None, run_after=None
[2025-05-21T23:27:04.971+0000] {processor.py:208} INFO - Processing /home/airflow/.local/lib/python3.12/site-packages/airflow/example_dags/example_xcomargs.py took 0.314 seconds
[2025-05-21T23:27:35.786+0000] {processor.py:186} INFO - Started process (PID=1632) to work on /home/airflow/.local/lib/python3.12/site-packages/airflow/example_dags/example_xcomargs.py
[2025-05-21T23:27:35.788+0000] {processor.py:914} INFO - Processing file /home/airflow/.local/lib/python3.12/site-packages/airflow/example_dags/example_xcomargs.py for tasks to queue
[2025-05-21T23:27:35.792+0000] {logging_mixin.py:190} INFO - [2025-05-21T23:27:35.792+0000] {dagbag.py:588} INFO - Filling up the DagBag from /home/airflow/.local/lib/python3.12/site-packages/airflow/example_dags/example_xcomargs.py
[2025-05-21T23:27:35.816+0000] {processor.py:925} INFO - DAG(s) 'example_xcom_args_with_operators', 'example_xcom_args' retrieved from /home/airflow/.local/lib/python3.12/site-packages/airflow/example_dags/example_xcomargs.py
[2025-05-21T23:27:35.869+0000] {logging_mixin.py:190} INFO - [2025-05-21T23:27:35.868+0000] {dag.py:3239} INFO - Sync 2 DAGs
[2025-05-21T23:27:35.902+0000] {logging_mixin.py:190} INFO - [2025-05-21T23:27:35.902+0000] {dag.py:4180} INFO - Setting next_dagrun for example_xcom_args to None, run_after=None
[2025-05-21T23:27:35.911+0000] {logging_mixin.py:190} INFO - [2025-05-21T23:27:35.911+0000] {dag.py:4180} INFO - Setting next_dagrun for example_xcom_args_with_operators to None, run_after=None
[2025-05-21T23:27:36.011+0000] {processor.py:208} INFO - Processing /home/airflow/.local/lib/python3.12/site-packages/airflow/example_dags/example_xcomargs.py took 0.236 seconds
[2025-05-21T23:28:06.115+0000] {processor.py:186} INFO - Started process (PID=1697) to work on /home/airflow/.local/lib/python3.12/site-packages/airflow/example_dags/example_xcomargs.py
[2025-05-21T23:28:06.117+0000] {processor.py:914} INFO - Processing file /home/airflow/.local/lib/python3.12/site-packages/airflow/example_dags/example_xcomargs.py for tasks to queue
[2025-05-21T23:28:06.122+0000] {logging_mixin.py:190} INFO - [2025-05-21T23:28:06.122+0000] {dagbag.py:588} INFO - Filling up the DagBag from /home/airflow/.local/lib/python3.12/site-packages/airflow/example_dags/example_xcomargs.py
[2025-05-21T23:28:06.142+0000] {processor.py:925} INFO - DAG(s) 'example_xcom_args_with_operators', 'example_xcom_args' retrieved from /home/airflow/.local/lib/python3.12/site-packages/airflow/example_dags/example_xcomargs.py
[2025-05-21T23:28:06.190+0000] {logging_mixin.py:190} INFO - [2025-05-21T23:28:06.190+0000] {dag.py:3239} INFO - Sync 2 DAGs
[2025-05-21T23:28:06.221+0000] {logging_mixin.py:190} INFO - [2025-05-21T23:28:06.221+0000] {dag.py:4180} INFO - Setting next_dagrun for example_xcom_args to None, run_after=None
[2025-05-21T23:28:06.231+0000] {logging_mixin.py:190} INFO - [2025-05-21T23:28:06.230+0000] {dag.py:4180} INFO - Setting next_dagrun for example_xcom_args_with_operators to None, run_after=None
[2025-05-21T23:28:06.276+0000] {processor.py:208} INFO - Processing /home/airflow/.local/lib/python3.12/site-packages/airflow/example_dags/example_xcomargs.py took 0.173 seconds
[2025-05-21T23:28:36.456+0000] {processor.py:186} INFO - Started process (PID=1763) to work on /home/airflow/.local/lib/python3.12/site-packages/airflow/example_dags/example_xcomargs.py
[2025-05-21T23:28:36.458+0000] {processor.py:914} INFO - Processing file /home/airflow/.local/lib/python3.12/site-packages/airflow/example_dags/example_xcomargs.py for tasks to queue
[2025-05-21T23:28:36.462+0000] {logging_mixin.py:190} INFO - [2025-05-21T23:28:36.462+0000] {dagbag.py:588} INFO - Filling up the DagBag from /home/airflow/.local/lib/python3.12/site-packages/airflow/example_dags/example_xcomargs.py
[2025-05-21T23:28:36.484+0000] {processor.py:925} INFO - DAG(s) 'example_xcom_args', 'example_xcom_args_with_operators' retrieved from /home/airflow/.local/lib/python3.12/site-packages/airflow/example_dags/example_xcomargs.py
[2025-05-21T23:28:36.543+0000] {logging_mixin.py:190} INFO - [2025-05-21T23:28:36.543+0000] {dag.py:3239} INFO - Sync 2 DAGs
[2025-05-21T23:28:36.587+0000] {logging_mixin.py:190} INFO - [2025-05-21T23:28:36.587+0000] {dag.py:4180} INFO - Setting next_dagrun for example_xcom_args to None, run_after=None
[2025-05-21T23:28:36.595+0000] {logging_mixin.py:190} INFO - [2025-05-21T23:28:36.595+0000] {dag.py:4180} INFO - Setting next_dagrun for example_xcom_args_with_operators to None, run_after=None
[2025-05-21T23:28:36.681+0000] {processor.py:208} INFO - Processing /home/airflow/.local/lib/python3.12/site-packages/airflow/example_dags/example_xcomargs.py took 0.236 seconds
[2025-05-21T23:29:06.809+0000] {processor.py:186} INFO - Started process (PID=1829) to work on /home/airflow/.local/lib/python3.12/site-packages/airflow/example_dags/example_xcomargs.py
[2025-05-21T23:29:06.812+0000] {processor.py:914} INFO - Processing file /home/airflow/.local/lib/python3.12/site-packages/airflow/example_dags/example_xcomargs.py for tasks to queue
[2025-05-21T23:29:06.817+0000] {logging_mixin.py:190} INFO - [2025-05-21T23:29:06.816+0000] {dagbag.py:588} INFO - Filling up the DagBag from /home/airflow/.local/lib/python3.12/site-packages/airflow/example_dags/example_xcomargs.py
[2025-05-21T23:29:06.836+0000] {processor.py:925} INFO - DAG(s) 'example_xcom_args', 'example_xcom_args_with_operators' retrieved from /home/airflow/.local/lib/python3.12/site-packages/airflow/example_dags/example_xcomargs.py
[2025-05-21T23:29:06.886+0000] {logging_mixin.py:190} INFO - [2025-05-21T23:29:06.885+0000] {dag.py:3239} INFO - Sync 2 DAGs
[2025-05-21T23:29:06.920+0000] {logging_mixin.py:190} INFO - [2025-05-21T23:29:06.920+0000] {dag.py:4180} INFO - Setting next_dagrun for example_xcom_args to None, run_after=None
[2025-05-21T23:29:06.931+0000] {logging_mixin.py:190} INFO - [2025-05-21T23:29:06.930+0000] {dag.py:4180} INFO - Setting next_dagrun for example_xcom_args_with_operators to None, run_after=None
[2025-05-21T23:29:06.971+0000] {processor.py:208} INFO - Processing /home/airflow/.local/lib/python3.12/site-packages/airflow/example_dags/example_xcomargs.py took 0.172 seconds
[2025-05-21T23:29:37.993+0000] {processor.py:186} INFO - Started process (PID=1895) to work on /home/airflow/.local/lib/python3.12/site-packages/airflow/example_dags/example_xcomargs.py
[2025-05-21T23:29:37.995+0000] {processor.py:914} INFO - Processing file /home/airflow/.local/lib/python3.12/site-packages/airflow/example_dags/example_xcomargs.py for tasks to queue
[2025-05-21T23:29:38.000+0000] {logging_mixin.py:190} INFO - [2025-05-21T23:29:37.999+0000] {dagbag.py:588} INFO - Filling up the DagBag from /home/airflow/.local/lib/python3.12/site-packages/airflow/example_dags/example_xcomargs.py
[2025-05-21T23:29:38.020+0000] {processor.py:925} INFO - DAG(s) 'example_xcom_args_with_operators', 'example_xcom_args' retrieved from /home/airflow/.local/lib/python3.12/site-packages/airflow/example_dags/example_xcomargs.py
[2025-05-21T23:29:38.067+0000] {logging_mixin.py:190} INFO - [2025-05-21T23:29:38.067+0000] {dag.py:3239} INFO - Sync 2 DAGs
[2025-05-21T23:29:38.104+0000] {logging_mixin.py:190} INFO - [2025-05-21T23:29:38.104+0000] {dag.py:4180} INFO - Setting next_dagrun for example_xcom_args to None, run_after=None
[2025-05-21T23:29:38.113+0000] {logging_mixin.py:190} INFO - [2025-05-21T23:29:38.113+0000] {dag.py:4180} INFO - Setting next_dagrun for example_xcom_args_with_operators to None, run_after=None
[2025-05-21T23:29:38.149+0000] {processor.py:208} INFO - Processing /home/airflow/.local/lib/python3.12/site-packages/airflow/example_dags/example_xcomargs.py took 0.167 seconds
[2025-05-21T23:30:08.660+0000] {processor.py:186} INFO - Started process (PID=1961) to work on /home/airflow/.local/lib/python3.12/site-packages/airflow/example_dags/example_xcomargs.py
[2025-05-21T23:30:08.662+0000] {processor.py:914} INFO - Processing file /home/airflow/.local/lib/python3.12/site-packages/airflow/example_dags/example_xcomargs.py for tasks to queue
[2025-05-21T23:30:08.667+0000] {logging_mixin.py:190} INFO - [2025-05-21T23:30:08.666+0000] {dagbag.py:588} INFO - Filling up the DagBag from /home/airflow/.local/lib/python3.12/site-packages/airflow/example_dags/example_xcomargs.py
[2025-05-21T23:30:08.688+0000] {processor.py:925} INFO - DAG(s) 'example_xcom_args_with_operators', 'example_xcom_args' retrieved from /home/airflow/.local/lib/python3.12/site-packages/airflow/example_dags/example_xcomargs.py
[2025-05-21T23:30:08.743+0000] {logging_mixin.py:190} INFO - [2025-05-21T23:30:08.742+0000] {dag.py:3239} INFO - Sync 2 DAGs
[2025-05-21T23:30:08.779+0000] {logging_mixin.py:190} INFO - [2025-05-21T23:30:08.779+0000] {dag.py:4180} INFO - Setting next_dagrun for example_xcom_args to None, run_after=None
[2025-05-21T23:30:08.789+0000] {logging_mixin.py:190} INFO - [2025-05-21T23:30:08.788+0000] {dag.py:4180} INFO - Setting next_dagrun for example_xcom_args_with_operators to None, run_after=None
[2025-05-21T23:30:08.829+0000] {processor.py:208} INFO - Processing /home/airflow/.local/lib/python3.12/site-packages/airflow/example_dags/example_xcomargs.py took 0.181 seconds
[2025-05-21T23:30:39.120+0000] {processor.py:186} INFO - Started process (PID=2026) to work on /home/airflow/.local/lib/python3.12/site-packages/airflow/example_dags/example_xcomargs.py
[2025-05-21T23:30:39.122+0000] {processor.py:914} INFO - Processing file /home/airflow/.local/lib/python3.12/site-packages/airflow/example_dags/example_xcomargs.py for tasks to queue
[2025-05-21T23:30:39.127+0000] {logging_mixin.py:190} INFO - [2025-05-21T23:30:39.126+0000] {dagbag.py:588} INFO - Filling up the DagBag from /home/airflow/.local/lib/python3.12/site-packages/airflow/example_dags/example_xcomargs.py
[2025-05-21T23:30:39.148+0000] {processor.py:925} INFO - DAG(s) 'example_xcom_args_with_operators', 'example_xcom_args' retrieved from /home/airflow/.local/lib/python3.12/site-packages/airflow/example_dags/example_xcomargs.py
[2025-05-21T23:30:39.203+0000] {logging_mixin.py:190} INFO - [2025-05-21T23:30:39.203+0000] {dag.py:3239} INFO - Sync 2 DAGs
[2025-05-21T23:30:39.235+0000] {logging_mixin.py:190} INFO - [2025-05-21T23:30:39.235+0000] {dag.py:4180} INFO - Setting next_dagrun for example_xcom_args to None, run_after=None
[2025-05-21T23:30:39.244+0000] {logging_mixin.py:190} INFO - [2025-05-21T23:30:39.244+0000] {dag.py:4180} INFO - Setting next_dagrun for example_xcom_args_with_operators to None, run_after=None
[2025-05-21T23:30:39.345+0000] {processor.py:208} INFO - Processing /home/airflow/.local/lib/python3.12/site-packages/airflow/example_dags/example_xcomargs.py took 0.238 seconds
[2025-05-21T23:31:09.716+0000] {processor.py:186} INFO - Started process (PID=2092) to work on /home/airflow/.local/lib/python3.12/site-packages/airflow/example_dags/example_xcomargs.py
[2025-05-21T23:31:09.718+0000] {processor.py:914} INFO - Processing file /home/airflow/.local/lib/python3.12/site-packages/airflow/example_dags/example_xcomargs.py for tasks to queue
[2025-05-21T23:31:09.723+0000] {logging_mixin.py:190} INFO - [2025-05-21T23:31:09.723+0000] {dagbag.py:588} INFO - Filling up the DagBag from /home/airflow/.local/lib/python3.12/site-packages/airflow/example_dags/example_xcomargs.py
[2025-05-21T23:31:09.744+0000] {processor.py:925} INFO - DAG(s) 'example_xcom_args', 'example_xcom_args_with_operators' retrieved from /home/airflow/.local/lib/python3.12/site-packages/airflow/example_dags/example_xcomargs.py
[2025-05-21T23:31:09.793+0000] {logging_mixin.py:190} INFO - [2025-05-21T23:31:09.793+0000] {dag.py:3239} INFO - Sync 2 DAGs
[2025-05-21T23:31:09.824+0000] {logging_mixin.py:190} INFO - [2025-05-21T23:31:09.823+0000] {dag.py:4180} INFO - Setting next_dagrun for example_xcom_args to None, run_after=None
[2025-05-21T23:31:09.832+0000] {logging_mixin.py:190} INFO - [2025-05-21T23:31:09.831+0000] {dag.py:4180} INFO - Setting next_dagrun for example_xcom_args_with_operators to None, run_after=None
[2025-05-21T23:31:09.931+0000] {processor.py:208} INFO - Processing /home/airflow/.local/lib/python3.12/site-packages/airflow/example_dags/example_xcomargs.py took 0.226 seconds
[2025-05-21T23:31:40.430+0000] {processor.py:186} INFO - Started process (PID=2157) to work on /home/airflow/.local/lib/python3.12/site-packages/airflow/example_dags/example_xcomargs.py
[2025-05-21T23:31:40.432+0000] {processor.py:914} INFO - Processing file /home/airflow/.local/lib/python3.12/site-packages/airflow/example_dags/example_xcomargs.py for tasks to queue
[2025-05-21T23:31:40.438+0000] {logging_mixin.py:190} INFO - [2025-05-21T23:31:40.436+0000] {dagbag.py:588} INFO - Filling up the DagBag from /home/airflow/.local/lib/python3.12/site-packages/airflow/example_dags/example_xcomargs.py
[2025-05-21T23:31:40.463+0000] {processor.py:925} INFO - DAG(s) 'example_xcom_args_with_operators', 'example_xcom_args' retrieved from /home/airflow/.local/lib/python3.12/site-packages/airflow/example_dags/example_xcomargs.py
[2025-05-21T23:31:40.512+0000] {logging_mixin.py:190} INFO - [2025-05-21T23:31:40.512+0000] {dag.py:3239} INFO - Sync 2 DAGs
[2025-05-21T23:31:40.548+0000] {logging_mixin.py:190} INFO - [2025-05-21T23:31:40.547+0000] {dag.py:4180} INFO - Setting next_dagrun for example_xcom_args to None, run_after=None
[2025-05-21T23:31:40.557+0000] {logging_mixin.py:190} INFO - [2025-05-21T23:31:40.556+0000] {dag.py:4180} INFO - Setting next_dagrun for example_xcom_args_with_operators to None, run_after=None
[2025-05-21T23:31:40.657+0000] {processor.py:208} INFO - Processing /home/airflow/.local/lib/python3.12/site-packages/airflow/example_dags/example_xcomargs.py took 0.241 seconds
[2025-05-21T23:32:10.787+0000] {processor.py:186} INFO - Started process (PID=2223) to work on /home/airflow/.local/lib/python3.12/site-packages/airflow/example_dags/example_xcomargs.py
[2025-05-21T23:32:10.790+0000] {processor.py:914} INFO - Processing file /home/airflow/.local/lib/python3.12/site-packages/airflow/example_dags/example_xcomargs.py for tasks to queue
[2025-05-21T23:32:10.797+0000] {logging_mixin.py:190} INFO - [2025-05-21T23:32:10.796+0000] {dagbag.py:588} INFO - Filling up the DagBag from /home/airflow/.local/lib/python3.12/site-packages/airflow/example_dags/example_xcomargs.py
[2025-05-21T23:32:10.824+0000] {processor.py:925} INFO - DAG(s) 'example_xcom_args', 'example_xcom_args_with_operators' retrieved from /home/airflow/.local/lib/python3.12/site-packages/airflow/example_dags/example_xcomargs.py
[2025-05-21T23:32:10.887+0000] {logging_mixin.py:190} INFO - [2025-05-21T23:32:10.887+0000] {dag.py:3239} INFO - Sync 2 DAGs
[2025-05-21T23:32:10.923+0000] {logging_mixin.py:190} INFO - [2025-05-21T23:32:10.922+0000] {dag.py:4180} INFO - Setting next_dagrun for example_xcom_args to None, run_after=None
[2025-05-21T23:32:10.932+0000] {logging_mixin.py:190} INFO - [2025-05-21T23:32:10.931+0000] {dag.py:4180} INFO - Setting next_dagrun for example_xcom_args_with_operators to None, run_after=None
[2025-05-21T23:32:10.967+0000] {processor.py:208} INFO - Processing /home/airflow/.local/lib/python3.12/site-packages/airflow/example_dags/example_xcomargs.py took 0.194 seconds
[2025-05-21T23:32:41.595+0000] {processor.py:186} INFO - Started process (PID=2289) to work on /home/airflow/.local/lib/python3.12/site-packages/airflow/example_dags/example_xcomargs.py
[2025-05-21T23:32:41.597+0000] {processor.py:914} INFO - Processing file /home/airflow/.local/lib/python3.12/site-packages/airflow/example_dags/example_xcomargs.py for tasks to queue
[2025-05-21T23:32:41.602+0000] {logging_mixin.py:190} INFO - [2025-05-21T23:32:41.601+0000] {dagbag.py:588} INFO - Filling up the DagBag from /home/airflow/.local/lib/python3.12/site-packages/airflow/example_dags/example_xcomargs.py
[2025-05-21T23:32:41.622+0000] {processor.py:925} INFO - DAG(s) 'example_xcom_args_with_operators', 'example_xcom_args' retrieved from /home/airflow/.local/lib/python3.12/site-packages/airflow/example_dags/example_xcomargs.py
[2025-05-21T23:32:41.668+0000] {logging_mixin.py:190} INFO - [2025-05-21T23:32:41.667+0000] {dag.py:3239} INFO - Sync 2 DAGs
[2025-05-21T23:32:41.696+0000] {logging_mixin.py:190} INFO - [2025-05-21T23:32:41.695+0000] {dag.py:4180} INFO - Setting next_dagrun for example_xcom_args to None, run_after=None
[2025-05-21T23:32:41.703+0000] {logging_mixin.py:190} INFO - [2025-05-21T23:32:41.703+0000] {dag.py:4180} INFO - Setting next_dagrun for example_xcom_args_with_operators to None, run_after=None
[2025-05-21T23:32:41.741+0000] {processor.py:208} INFO - Processing /home/airflow/.local/lib/python3.12/site-packages/airflow/example_dags/example_xcomargs.py took 0.158 seconds
[2025-05-21T23:33:12.267+0000] {processor.py:186} INFO - Started process (PID=2355) to work on /home/airflow/.local/lib/python3.12/site-packages/airflow/example_dags/example_xcomargs.py
[2025-05-21T23:33:12.270+0000] {processor.py:914} INFO - Processing file /home/airflow/.local/lib/python3.12/site-packages/airflow/example_dags/example_xcomargs.py for tasks to queue
[2025-05-21T23:33:12.275+0000] {logging_mixin.py:190} INFO - [2025-05-21T23:33:12.274+0000] {dagbag.py:588} INFO - Filling up the DagBag from /home/airflow/.local/lib/python3.12/site-packages/airflow/example_dags/example_xcomargs.py
[2025-05-21T23:33:12.294+0000] {processor.py:925} INFO - DAG(s) 'example_xcom_args_with_operators', 'example_xcom_args' retrieved from /home/airflow/.local/lib/python3.12/site-packages/airflow/example_dags/example_xcomargs.py
[2025-05-21T23:33:12.344+0000] {logging_mixin.py:190} INFO - [2025-05-21T23:33:12.343+0000] {dag.py:3239} INFO - Sync 2 DAGs
[2025-05-21T23:33:12.383+0000] {logging_mixin.py:190} INFO - [2025-05-21T23:33:12.383+0000] {dag.py:4180} INFO - Setting next_dagrun for example_xcom_args to None, run_after=None
[2025-05-21T23:33:12.394+0000] {logging_mixin.py:190} INFO - [2025-05-21T23:33:12.394+0000] {dag.py:4180} INFO - Setting next_dagrun for example_xcom_args_with_operators to None, run_after=None
[2025-05-21T23:33:12.498+0000] {processor.py:208} INFO - Processing /home/airflow/.local/lib/python3.12/site-packages/airflow/example_dags/example_xcomargs.py took 0.242 seconds
[2025-05-21T23:33:42.823+0000] {processor.py:186} INFO - Started process (PID=2420) to work on /home/airflow/.local/lib/python3.12/site-packages/airflow/example_dags/example_xcomargs.py
[2025-05-21T23:33:42.825+0000] {processor.py:914} INFO - Processing file /home/airflow/.local/lib/python3.12/site-packages/airflow/example_dags/example_xcomargs.py for tasks to queue
[2025-05-21T23:33:42.830+0000] {logging_mixin.py:190} INFO - [2025-05-21T23:33:42.829+0000] {dagbag.py:588} INFO - Filling up the DagBag from /home/airflow/.local/lib/python3.12/site-packages/airflow/example_dags/example_xcomargs.py
[2025-05-21T23:33:42.848+0000] {processor.py:925} INFO - DAG(s) 'example_xcom_args_with_operators', 'example_xcom_args' retrieved from /home/airflow/.local/lib/python3.12/site-packages/airflow/example_dags/example_xcomargs.py
[2025-05-21T23:33:42.895+0000] {logging_mixin.py:190} INFO - [2025-05-21T23:33:42.894+0000] {dag.py:3239} INFO - Sync 2 DAGs
[2025-05-21T23:33:42.926+0000] {logging_mixin.py:190} INFO - [2025-05-21T23:33:42.926+0000] {dag.py:4180} INFO - Setting next_dagrun for example_xcom_args to None, run_after=None
[2025-05-21T23:33:42.934+0000] {logging_mixin.py:190} INFO - [2025-05-21T23:33:42.933+0000] {dag.py:4180} INFO - Setting next_dagrun for example_xcom_args_with_operators to None, run_after=None
[2025-05-21T23:33:43.031+0000] {processor.py:208} INFO - Processing /home/airflow/.local/lib/python3.12/site-packages/airflow/example_dags/example_xcomargs.py took 0.218 seconds
[2025-05-21T23:34:14.288+0000] {processor.py:186} INFO - Started process (PID=2486) to work on /home/airflow/.local/lib/python3.12/site-packages/airflow/example_dags/example_xcomargs.py
[2025-05-21T23:34:14.290+0000] {processor.py:914} INFO - Processing file /home/airflow/.local/lib/python3.12/site-packages/airflow/example_dags/example_xcomargs.py for tasks to queue
[2025-05-21T23:34:14.295+0000] {logging_mixin.py:190} INFO - [2025-05-21T23:34:14.294+0000] {dagbag.py:588} INFO - Filling up the DagBag from /home/airflow/.local/lib/python3.12/site-packages/airflow/example_dags/example_xcomargs.py
[2025-05-21T23:34:14.317+0000] {processor.py:925} INFO - DAG(s) 'example_xcom_args', 'example_xcom_args_with_operators' retrieved from /home/airflow/.local/lib/python3.12/site-packages/airflow/example_dags/example_xcomargs.py
[2025-05-21T23:34:14.372+0000] {logging_mixin.py:190} INFO - [2025-05-21T23:34:14.371+0000] {dag.py:3239} INFO - Sync 2 DAGs
[2025-05-21T23:34:14.404+0000] {logging_mixin.py:190} INFO - [2025-05-21T23:34:14.403+0000] {dag.py:4180} INFO - Setting next_dagrun for example_xcom_args to None, run_after=None
[2025-05-21T23:34:14.412+0000] {logging_mixin.py:190} INFO - [2025-05-21T23:34:14.411+0000] {dag.py:4180} INFO - Setting next_dagrun for example_xcom_args_with_operators to None, run_after=None
[2025-05-21T23:34:14.453+0000] {processor.py:208} INFO - Processing /home/airflow/.local/lib/python3.12/site-packages/airflow/example_dags/example_xcomargs.py took 0.176 seconds
[2025-05-21T23:34:45.470+0000] {processor.py:186} INFO - Started process (PID=2552) to work on /home/airflow/.local/lib/python3.12/site-packages/airflow/example_dags/example_xcomargs.py
[2025-05-21T23:34:45.472+0000] {processor.py:914} INFO - Processing file /home/airflow/.local/lib/python3.12/site-packages/airflow/example_dags/example_xcomargs.py for tasks to queue
[2025-05-21T23:34:45.476+0000] {logging_mixin.py:190} INFO - [2025-05-21T23:34:45.475+0000] {dagbag.py:588} INFO - Filling up the DagBag from /home/airflow/.local/lib/python3.12/site-packages/airflow/example_dags/example_xcomargs.py
[2025-05-21T23:34:45.494+0000] {processor.py:925} INFO - DAG(s) 'example_xcom_args_with_operators', 'example_xcom_args' retrieved from /home/airflow/.local/lib/python3.12/site-packages/airflow/example_dags/example_xcomargs.py
[2025-05-21T23:34:45.540+0000] {logging_mixin.py:190} INFO - [2025-05-21T23:34:45.540+0000] {dag.py:3239} INFO - Sync 2 DAGs
[2025-05-21T23:34:45.569+0000] {logging_mixin.py:190} INFO - [2025-05-21T23:34:45.568+0000] {dag.py:4180} INFO - Setting next_dagrun for example_xcom_args to None, run_after=None
[2025-05-21T23:34:45.576+0000] {logging_mixin.py:190} INFO - [2025-05-21T23:34:45.576+0000] {dag.py:4180} INFO - Setting next_dagrun for example_xcom_args_with_operators to None, run_after=None
[2025-05-21T23:34:45.675+0000] {processor.py:208} INFO - Processing /home/airflow/.local/lib/python3.12/site-packages/airflow/example_dags/example_xcomargs.py took 0.216 seconds
[2025-05-21T23:35:15.897+0000] {processor.py:186} INFO - Started process (PID=2617) to work on /home/airflow/.local/lib/python3.12/site-packages/airflow/example_dags/example_xcomargs.py
[2025-05-21T23:35:15.899+0000] {processor.py:914} INFO - Processing file /home/airflow/.local/lib/python3.12/site-packages/airflow/example_dags/example_xcomargs.py for tasks to queue
[2025-05-21T23:35:15.905+0000] {logging_mixin.py:190} INFO - [2025-05-21T23:35:15.905+0000] {dagbag.py:588} INFO - Filling up the DagBag from /home/airflow/.local/lib/python3.12/site-packages/airflow/example_dags/example_xcomargs.py
[2025-05-21T23:35:15.928+0000] {processor.py:925} INFO - DAG(s) 'example_xcom_args', 'example_xcom_args_with_operators' retrieved from /home/airflow/.local/lib/python3.12/site-packages/airflow/example_dags/example_xcomargs.py
[2025-05-21T23:35:15.980+0000] {logging_mixin.py:190} INFO - [2025-05-21T23:35:15.979+0000] {dag.py:3239} INFO - Sync 2 DAGs
[2025-05-21T23:35:16.012+0000] {logging_mixin.py:190} INFO - [2025-05-21T23:35:16.012+0000] {dag.py:4180} INFO - Setting next_dagrun for example_xcom_args to None, run_after=None
[2025-05-21T23:35:16.022+0000] {logging_mixin.py:190} INFO - [2025-05-21T23:35:16.022+0000] {dag.py:4180} INFO - Setting next_dagrun for example_xcom_args_with_operators to None, run_after=None
[2025-05-21T23:35:16.125+0000] {processor.py:208} INFO - Processing /home/airflow/.local/lib/python3.12/site-packages/airflow/example_dags/example_xcomargs.py took 0.240 seconds
[2025-05-21T23:35:46.894+0000] {processor.py:186} INFO - Started process (PID=2683) to work on /home/airflow/.local/lib/python3.12/site-packages/airflow/example_dags/example_xcomargs.py
[2025-05-21T23:35:46.896+0000] {processor.py:914} INFO - Processing file /home/airflow/.local/lib/python3.12/site-packages/airflow/example_dags/example_xcomargs.py for tasks to queue
[2025-05-21T23:35:46.902+0000] {logging_mixin.py:190} INFO - [2025-05-21T23:35:46.901+0000] {dagbag.py:588} INFO - Filling up the DagBag from /home/airflow/.local/lib/python3.12/site-packages/airflow/example_dags/example_xcomargs.py
[2025-05-21T23:35:46.921+0000] {processor.py:925} INFO - DAG(s) 'example_xcom_args', 'example_xcom_args_with_operators' retrieved from /home/airflow/.local/lib/python3.12/site-packages/airflow/example_dags/example_xcomargs.py
[2025-05-21T23:35:46.974+0000] {logging_mixin.py:190} INFO - [2025-05-21T23:35:46.973+0000] {dag.py:3239} INFO - Sync 2 DAGs
[2025-05-21T23:35:47.004+0000] {logging_mixin.py:190} INFO - [2025-05-21T23:35:47.004+0000] {dag.py:4180} INFO - Setting next_dagrun for example_xcom_args to None, run_after=None
[2025-05-21T23:35:47.012+0000] {logging_mixin.py:190} INFO - [2025-05-21T23:35:47.012+0000] {dag.py:4180} INFO - Setting next_dagrun for example_xcom_args_with_operators to None, run_after=None
[2025-05-21T23:35:47.105+0000] {processor.py:208} INFO - Processing /home/airflow/.local/lib/python3.12/site-packages/airflow/example_dags/example_xcomargs.py took 0.222 seconds
[2025-05-21T23:36:17.789+0000] {processor.py:186} INFO - Started process (PID=2749) to work on /home/airflow/.local/lib/python3.12/site-packages/airflow/example_dags/example_xcomargs.py
[2025-05-21T23:36:17.792+0000] {processor.py:914} INFO - Processing file /home/airflow/.local/lib/python3.12/site-packages/airflow/example_dags/example_xcomargs.py for tasks to queue
[2025-05-21T23:36:17.799+0000] {logging_mixin.py:190} INFO - [2025-05-21T23:36:17.798+0000] {dagbag.py:588} INFO - Filling up the DagBag from /home/airflow/.local/lib/python3.12/site-packages/airflow/example_dags/example_xcomargs.py
[2025-05-21T23:36:17.834+0000] {processor.py:925} INFO - DAG(s) 'example_xcom_args', 'example_xcom_args_with_operators' retrieved from /home/airflow/.local/lib/python3.12/site-packages/airflow/example_dags/example_xcomargs.py
[2025-05-21T23:36:17.911+0000] {logging_mixin.py:190} INFO - [2025-05-21T23:36:17.911+0000] {dag.py:3239} INFO - Sync 2 DAGs
[2025-05-21T23:36:17.955+0000] {logging_mixin.py:190} INFO - [2025-05-21T23:36:17.955+0000] {dag.py:4180} INFO - Setting next_dagrun for example_xcom_args to None, run_after=None
[2025-05-21T23:36:17.967+0000] {logging_mixin.py:190} INFO - [2025-05-21T23:36:17.966+0000] {dag.py:4180} INFO - Setting next_dagrun for example_xcom_args_with_operators to None, run_after=None
[2025-05-21T23:36:18.070+0000] {processor.py:208} INFO - Processing /home/airflow/.local/lib/python3.12/site-packages/airflow/example_dags/example_xcomargs.py took 0.296 seconds
[2025-05-21T23:36:48.557+0000] {processor.py:186} INFO - Started process (PID=2814) to work on /home/airflow/.local/lib/python3.12/site-packages/airflow/example_dags/example_xcomargs.py
[2025-05-21T23:36:48.560+0000] {processor.py:914} INFO - Processing file /home/airflow/.local/lib/python3.12/site-packages/airflow/example_dags/example_xcomargs.py for tasks to queue
[2025-05-21T23:36:48.570+0000] {logging_mixin.py:190} INFO - [2025-05-21T23:36:48.568+0000] {dagbag.py:588} INFO - Filling up the DagBag from /home/airflow/.local/lib/python3.12/site-packages/airflow/example_dags/example_xcomargs.py
[2025-05-21T23:36:48.603+0000] {processor.py:925} INFO - DAG(s) 'example_xcom_args', 'example_xcom_args_with_operators' retrieved from /home/airflow/.local/lib/python3.12/site-packages/airflow/example_dags/example_xcomargs.py
[2025-05-21T23:36:48.659+0000] {logging_mixin.py:190} INFO - [2025-05-21T23:36:48.659+0000] {dag.py:3239} INFO - Sync 2 DAGs
[2025-05-21T23:36:48.701+0000] {logging_mixin.py:190} INFO - [2025-05-21T23:36:48.700+0000] {dag.py:4180} INFO - Setting next_dagrun for example_xcom_args to None, run_after=None
[2025-05-21T23:36:48.711+0000] {logging_mixin.py:190} INFO - [2025-05-21T23:36:48.710+0000] {dag.py:4180} INFO - Setting next_dagrun for example_xcom_args_with_operators to None, run_after=None
[2025-05-21T23:36:48.817+0000] {processor.py:208} INFO - Processing /home/airflow/.local/lib/python3.12/site-packages/airflow/example_dags/example_xcomargs.py took 0.280 seconds
[2025-05-21T23:37:19.209+0000] {processor.py:186} INFO - Started process (PID=2880) to work on /home/airflow/.local/lib/python3.12/site-packages/airflow/example_dags/example_xcomargs.py
[2025-05-21T23:37:19.212+0000] {processor.py:914} INFO - Processing file /home/airflow/.local/lib/python3.12/site-packages/airflow/example_dags/example_xcomargs.py for tasks to queue
[2025-05-21T23:37:19.219+0000] {logging_mixin.py:190} INFO - [2025-05-21T23:37:19.218+0000] {dagbag.py:588} INFO - Filling up the DagBag from /home/airflow/.local/lib/python3.12/site-packages/airflow/example_dags/example_xcomargs.py
[2025-05-21T23:37:19.243+0000] {processor.py:925} INFO - DAG(s) 'example_xcom_args', 'example_xcom_args_with_operators' retrieved from /home/airflow/.local/lib/python3.12/site-packages/airflow/example_dags/example_xcomargs.py
[2025-05-21T23:37:19.313+0000] {logging_mixin.py:190} INFO - [2025-05-21T23:37:19.313+0000] {dag.py:3239} INFO - Sync 2 DAGs
[2025-05-21T23:37:19.345+0000] {logging_mixin.py:190} INFO - [2025-05-21T23:37:19.344+0000] {dag.py:4180} INFO - Setting next_dagrun for example_xcom_args to None, run_after=None
[2025-05-21T23:37:19.353+0000] {logging_mixin.py:190} INFO - [2025-05-21T23:37:19.353+0000] {dag.py:4180} INFO - Setting next_dagrun for example_xcom_args_with_operators to None, run_after=None
[2025-05-21T23:37:19.386+0000] {processor.py:208} INFO - Processing /home/airflow/.local/lib/python3.12/site-packages/airflow/example_dags/example_xcomargs.py took 0.193 seconds
[2025-05-21T23:41:26.869+0000] {processor.py:186} INFO - Started process (PID=115) to work on /home/airflow/.local/lib/python3.12/site-packages/airflow/example_dags/example_xcomargs.py
[2025-05-21T23:41:26.871+0000] {processor.py:914} INFO - Processing file /home/airflow/.local/lib/python3.12/site-packages/airflow/example_dags/example_xcomargs.py for tasks to queue
[2025-05-21T23:41:26.876+0000] {logging_mixin.py:190} INFO - [2025-05-21T23:41:26.875+0000] {dagbag.py:588} INFO - Filling up the DagBag from /home/airflow/.local/lib/python3.12/site-packages/airflow/example_dags/example_xcomargs.py
[2025-05-21T23:41:26.897+0000] {processor.py:925} INFO - DAG(s) 'example_xcom_args_with_operators', 'example_xcom_args' retrieved from /home/airflow/.local/lib/python3.12/site-packages/airflow/example_dags/example_xcomargs.py
[2025-05-21T23:41:27.194+0000] {logging_mixin.py:190} INFO - [2025-05-21T23:41:27.193+0000] {override.py:1930} INFO - Created Permission View: can read on DAG:example_xcom_args_with_operators
[2025-05-21T23:41:27.220+0000] {logging_mixin.py:190} INFO - [2025-05-21T23:41:27.220+0000] {override.py:1930} INFO - Created Permission View: can delete on DAG:example_xcom_args_with_operators
[2025-05-21T23:41:27.236+0000] {logging_mixin.py:190} INFO - [2025-05-21T23:41:27.235+0000] {override.py:1930} INFO - Created Permission View: can edit on DAG:example_xcom_args_with_operators
[2025-05-21T23:41:27.253+0000] {logging_mixin.py:190} INFO - [2025-05-21T23:41:27.253+0000] {override.py:1930} INFO - Created Permission View: can read on DAG Run:example_xcom_args_with_operators
[2025-05-21T23:41:27.269+0000] {logging_mixin.py:190} INFO - [2025-05-21T23:41:27.268+0000] {override.py:1930} INFO - Created Permission View: can delete on DAG Run:example_xcom_args_with_operators
[2025-05-21T23:41:27.285+0000] {logging_mixin.py:190} INFO - [2025-05-21T23:41:27.284+0000] {override.py:1930} INFO - Created Permission View: menu access on DAG Run:example_xcom_args_with_operators
[2025-05-21T23:41:27.300+0000] {logging_mixin.py:190} INFO - [2025-05-21T23:41:27.300+0000] {override.py:1930} INFO - Created Permission View: can create on DAG Run:example_xcom_args_with_operators
[2025-05-21T23:41:27.332+0000] {logging_mixin.py:190} INFO - [2025-05-21T23:41:27.332+0000] {override.py:1930} INFO - Created Permission View: can read on DAG:example_xcom_args
[2025-05-21T23:41:27.346+0000] {logging_mixin.py:190} INFO - [2025-05-21T23:41:27.346+0000] {override.py:1930} INFO - Created Permission View: can delete on DAG:example_xcom_args
[2025-05-21T23:41:27.361+0000] {logging_mixin.py:190} INFO - [2025-05-21T23:41:27.360+0000] {override.py:1930} INFO - Created Permission View: can edit on DAG:example_xcom_args
[2025-05-21T23:41:27.378+0000] {logging_mixin.py:190} INFO - [2025-05-21T23:41:27.377+0000] {override.py:1930} INFO - Created Permission View: can read on DAG Run:example_xcom_args
[2025-05-21T23:41:27.394+0000] {logging_mixin.py:190} INFO - [2025-05-21T23:41:27.393+0000] {override.py:1930} INFO - Created Permission View: can delete on DAG Run:example_xcom_args
[2025-05-21T23:41:27.408+0000] {logging_mixin.py:190} INFO - [2025-05-21T23:41:27.408+0000] {override.py:1930} INFO - Created Permission View: menu access on DAG Run:example_xcom_args
[2025-05-21T23:41:27.424+0000] {logging_mixin.py:190} INFO - [2025-05-21T23:41:27.423+0000] {override.py:1930} INFO - Created Permission View: can create on DAG Run:example_xcom_args
[2025-05-21T23:41:27.425+0000] {logging_mixin.py:190} INFO - [2025-05-21T23:41:27.425+0000] {dag.py:3239} INFO - Sync 2 DAGs
[2025-05-21T23:41:27.459+0000] {logging_mixin.py:190} INFO - [2025-05-21T23:41:27.459+0000] {dag.py:3262} INFO - Creating ORM DAG for example_xcom_args
[2025-05-21T23:41:27.461+0000] {logging_mixin.py:190} INFO - [2025-05-21T23:41:27.461+0000] {dag.py:3262} INFO - Creating ORM DAG for example_xcom_args_with_operators
[2025-05-21T23:41:27.463+0000] {logging_mixin.py:190} INFO - [2025-05-21T23:41:27.462+0000] {dag.py:4180} INFO - Setting next_dagrun for example_xcom_args to None, run_after=None
[2025-05-21T23:41:27.465+0000] {logging_mixin.py:190} INFO - [2025-05-21T23:41:27.465+0000] {dag.py:4180} INFO - Setting next_dagrun for example_xcom_args_with_operators to None, run_after=None
[2025-05-21T23:41:27.503+0000] {processor.py:208} INFO - Processing /home/airflow/.local/lib/python3.12/site-packages/airflow/example_dags/example_xcomargs.py took 0.645 seconds
[2025-05-21T23:41:57.843+0000] {processor.py:186} INFO - Started process (PID=180) to work on /home/airflow/.local/lib/python3.12/site-packages/airflow/example_dags/example_xcomargs.py
[2025-05-21T23:41:57.846+0000] {processor.py:914} INFO - Processing file /home/airflow/.local/lib/python3.12/site-packages/airflow/example_dags/example_xcomargs.py for tasks to queue
[2025-05-21T23:41:57.857+0000] {logging_mixin.py:190} INFO - [2025-05-21T23:41:57.856+0000] {dagbag.py:588} INFO - Filling up the DagBag from /home/airflow/.local/lib/python3.12/site-packages/airflow/example_dags/example_xcomargs.py
[2025-05-21T23:41:57.883+0000] {processor.py:925} INFO - DAG(s) 'example_xcom_args_with_operators', 'example_xcom_args' retrieved from /home/airflow/.local/lib/python3.12/site-packages/airflow/example_dags/example_xcomargs.py
[2025-05-21T23:41:57.944+0000] {logging_mixin.py:190} INFO - [2025-05-21T23:41:57.943+0000] {dag.py:3239} INFO - Sync 2 DAGs
[2025-05-21T23:41:57.983+0000] {logging_mixin.py:190} INFO - [2025-05-21T23:41:57.982+0000] {dag.py:4180} INFO - Setting next_dagrun for example_xcom_args to None, run_after=None
[2025-05-21T23:41:57.994+0000] {logging_mixin.py:190} INFO - [2025-05-21T23:41:57.993+0000] {dag.py:4180} INFO - Setting next_dagrun for example_xcom_args_with_operators to None, run_after=None
[2025-05-21T23:41:58.052+0000] {processor.py:208} INFO - Processing /home/airflow/.local/lib/python3.12/site-packages/airflow/example_dags/example_xcomargs.py took 0.226 seconds
[2025-05-21T23:42:28.230+0000] {processor.py:186} INFO - Started process (PID=246) to work on /home/airflow/.local/lib/python3.12/site-packages/airflow/example_dags/example_xcomargs.py
[2025-05-21T23:42:28.232+0000] {processor.py:914} INFO - Processing file /home/airflow/.local/lib/python3.12/site-packages/airflow/example_dags/example_xcomargs.py for tasks to queue
[2025-05-21T23:42:28.238+0000] {logging_mixin.py:190} INFO - [2025-05-21T23:42:28.237+0000] {dagbag.py:588} INFO - Filling up the DagBag from /home/airflow/.local/lib/python3.12/site-packages/airflow/example_dags/example_xcomargs.py
[2025-05-21T23:42:28.258+0000] {processor.py:925} INFO - DAG(s) 'example_xcom_args', 'example_xcom_args_with_operators' retrieved from /home/airflow/.local/lib/python3.12/site-packages/airflow/example_dags/example_xcomargs.py
[2025-05-21T23:42:28.316+0000] {logging_mixin.py:190} INFO - [2025-05-21T23:42:28.316+0000] {dag.py:3239} INFO - Sync 2 DAGs
[2025-05-21T23:42:28.349+0000] {logging_mixin.py:190} INFO - [2025-05-21T23:42:28.349+0000] {dag.py:4180} INFO - Setting next_dagrun for example_xcom_args to None, run_after=None
[2025-05-21T23:42:28.357+0000] {logging_mixin.py:190} INFO - [2025-05-21T23:42:28.357+0000] {dag.py:4180} INFO - Setting next_dagrun for example_xcom_args_with_operators to None, run_after=None
[2025-05-21T23:42:28.398+0000] {processor.py:208} INFO - Processing /home/airflow/.local/lib/python3.12/site-packages/airflow/example_dags/example_xcomargs.py took 0.180 seconds
[2025-05-21T23:42:58.584+0000] {processor.py:186} INFO - Started process (PID=312) to work on /home/airflow/.local/lib/python3.12/site-packages/airflow/example_dags/example_xcomargs.py
[2025-05-21T23:42:58.587+0000] {processor.py:914} INFO - Processing file /home/airflow/.local/lib/python3.12/site-packages/airflow/example_dags/example_xcomargs.py for tasks to queue
[2025-05-21T23:42:58.594+0000] {logging_mixin.py:190} INFO - [2025-05-21T23:42:58.593+0000] {dagbag.py:588} INFO - Filling up the DagBag from /home/airflow/.local/lib/python3.12/site-packages/airflow/example_dags/example_xcomargs.py
[2025-05-21T23:42:58.615+0000] {processor.py:925} INFO - DAG(s) 'example_xcom_args_with_operators', 'example_xcom_args' retrieved from /home/airflow/.local/lib/python3.12/site-packages/airflow/example_dags/example_xcomargs.py
[2025-05-21T23:42:58.670+0000] {logging_mixin.py:190} INFO - [2025-05-21T23:42:58.669+0000] {dag.py:3239} INFO - Sync 2 DAGs
[2025-05-21T23:42:58.703+0000] {logging_mixin.py:190} INFO - [2025-05-21T23:42:58.703+0000] {dag.py:4180} INFO - Setting next_dagrun for example_xcom_args to None, run_after=None
[2025-05-21T23:42:58.713+0000] {logging_mixin.py:190} INFO - [2025-05-21T23:42:58.713+0000] {dag.py:4180} INFO - Setting next_dagrun for example_xcom_args_with_operators to None, run_after=None
[2025-05-21T23:42:58.788+0000] {processor.py:208} INFO - Processing /home/airflow/.local/lib/python3.12/site-packages/airflow/example_dags/example_xcomargs.py took 0.220 seconds
[2025-05-21T23:43:29.171+0000] {processor.py:186} INFO - Started process (PID=378) to work on /home/airflow/.local/lib/python3.12/site-packages/airflow/example_dags/example_xcomargs.py
[2025-05-21T23:43:29.173+0000] {processor.py:914} INFO - Processing file /home/airflow/.local/lib/python3.12/site-packages/airflow/example_dags/example_xcomargs.py for tasks to queue
[2025-05-21T23:43:29.179+0000] {logging_mixin.py:190} INFO - [2025-05-21T23:43:29.178+0000] {dagbag.py:588} INFO - Filling up the DagBag from /home/airflow/.local/lib/python3.12/site-packages/airflow/example_dags/example_xcomargs.py
[2025-05-21T23:43:29.200+0000] {processor.py:925} INFO - DAG(s) 'example_xcom_args_with_operators', 'example_xcom_args' retrieved from /home/airflow/.local/lib/python3.12/site-packages/airflow/example_dags/example_xcomargs.py
[2025-05-21T23:43:29.248+0000] {logging_mixin.py:190} INFO - [2025-05-21T23:43:29.247+0000] {dag.py:3239} INFO - Sync 2 DAGs
[2025-05-21T23:43:29.286+0000] {logging_mixin.py:190} INFO - [2025-05-21T23:43:29.285+0000] {dag.py:4180} INFO - Setting next_dagrun for example_xcom_args to None, run_after=None
[2025-05-21T23:43:29.297+0000] {logging_mixin.py:190} INFO - [2025-05-21T23:43:29.297+0000] {dag.py:4180} INFO - Setting next_dagrun for example_xcom_args_with_operators to None, run_after=None
[2025-05-21T23:43:29.373+0000] {processor.py:208} INFO - Processing /home/airflow/.local/lib/python3.12/site-packages/airflow/example_dags/example_xcomargs.py took 0.215 seconds
[2025-05-21T23:43:59.578+0000] {processor.py:186} INFO - Started process (PID=443) to work on /home/airflow/.local/lib/python3.12/site-packages/airflow/example_dags/example_xcomargs.py
[2025-05-21T23:43:59.581+0000] {processor.py:914} INFO - Processing file /home/airflow/.local/lib/python3.12/site-packages/airflow/example_dags/example_xcomargs.py for tasks to queue
[2025-05-21T23:43:59.586+0000] {logging_mixin.py:190} INFO - [2025-05-21T23:43:59.586+0000] {dagbag.py:588} INFO - Filling up the DagBag from /home/airflow/.local/lib/python3.12/site-packages/airflow/example_dags/example_xcomargs.py
[2025-05-21T23:43:59.608+0000] {processor.py:925} INFO - DAG(s) 'example_xcom_args_with_operators', 'example_xcom_args' retrieved from /home/airflow/.local/lib/python3.12/site-packages/airflow/example_dags/example_xcomargs.py
[2025-05-21T23:43:59.660+0000] {logging_mixin.py:190} INFO - [2025-05-21T23:43:59.660+0000] {dag.py:3239} INFO - Sync 2 DAGs
[2025-05-21T23:43:59.691+0000] {logging_mixin.py:190} INFO - [2025-05-21T23:43:59.691+0000] {dag.py:4180} INFO - Setting next_dagrun for example_xcom_args to None, run_after=None
[2025-05-21T23:43:59.699+0000] {logging_mixin.py:190} INFO - [2025-05-21T23:43:59.699+0000] {dag.py:4180} INFO - Setting next_dagrun for example_xcom_args_with_operators to None, run_after=None
[2025-05-21T23:43:59.772+0000] {processor.py:208} INFO - Processing /home/airflow/.local/lib/python3.12/site-packages/airflow/example_dags/example_xcomargs.py took 0.208 seconds
[2025-05-21T23:44:30.165+0000] {processor.py:186} INFO - Started process (PID=509) to work on /home/airflow/.local/lib/python3.12/site-packages/airflow/example_dags/example_xcomargs.py
[2025-05-21T23:44:30.167+0000] {processor.py:914} INFO - Processing file /home/airflow/.local/lib/python3.12/site-packages/airflow/example_dags/example_xcomargs.py for tasks to queue
[2025-05-21T23:44:30.174+0000] {logging_mixin.py:190} INFO - [2025-05-21T23:44:30.173+0000] {dagbag.py:588} INFO - Filling up the DagBag from /home/airflow/.local/lib/python3.12/site-packages/airflow/example_dags/example_xcomargs.py
[2025-05-21T23:44:30.200+0000] {processor.py:925} INFO - DAG(s) 'example_xcom_args_with_operators', 'example_xcom_args' retrieved from /home/airflow/.local/lib/python3.12/site-packages/airflow/example_dags/example_xcomargs.py
[2025-05-21T23:44:30.263+0000] {logging_mixin.py:190} INFO - [2025-05-21T23:44:30.262+0000] {dag.py:3239} INFO - Sync 2 DAGs
[2025-05-21T23:44:30.297+0000] {logging_mixin.py:190} INFO - [2025-05-21T23:44:30.297+0000] {dag.py:4180} INFO - Setting next_dagrun for example_xcom_args to None, run_after=None
[2025-05-21T23:44:30.309+0000] {logging_mixin.py:190} INFO - [2025-05-21T23:44:30.308+0000] {dag.py:4180} INFO - Setting next_dagrun for example_xcom_args_with_operators to None, run_after=None
[2025-05-21T23:44:30.353+0000] {processor.py:208} INFO - Processing /home/airflow/.local/lib/python3.12/site-packages/airflow/example_dags/example_xcomargs.py took 0.201 seconds
[2025-05-21T23:45:01.086+0000] {processor.py:186} INFO - Started process (PID=575) to work on /home/airflow/.local/lib/python3.12/site-packages/airflow/example_dags/example_xcomargs.py
[2025-05-21T23:45:01.089+0000] {processor.py:914} INFO - Processing file /home/airflow/.local/lib/python3.12/site-packages/airflow/example_dags/example_xcomargs.py for tasks to queue
[2025-05-21T23:45:01.095+0000] {logging_mixin.py:190} INFO - [2025-05-21T23:45:01.094+0000] {dagbag.py:588} INFO - Filling up the DagBag from /home/airflow/.local/lib/python3.12/site-packages/airflow/example_dags/example_xcomargs.py
[2025-05-21T23:45:01.117+0000] {processor.py:925} INFO - DAG(s) 'example_xcom_args', 'example_xcom_args_with_operators' retrieved from /home/airflow/.local/lib/python3.12/site-packages/airflow/example_dags/example_xcomargs.py
[2025-05-21T23:45:01.172+0000] {logging_mixin.py:190} INFO - [2025-05-21T23:45:01.171+0000] {dag.py:3239} INFO - Sync 2 DAGs
[2025-05-21T23:45:01.205+0000] {logging_mixin.py:190} INFO - [2025-05-21T23:45:01.204+0000] {dag.py:4180} INFO - Setting next_dagrun for example_xcom_args to None, run_after=None
[2025-05-21T23:45:01.213+0000] {logging_mixin.py:190} INFO - [2025-05-21T23:45:01.212+0000] {dag.py:4180} INFO - Setting next_dagrun for example_xcom_args_with_operators to None, run_after=None
[2025-05-21T23:45:01.250+0000] {processor.py:208} INFO - Processing /home/airflow/.local/lib/python3.12/site-packages/airflow/example_dags/example_xcomargs.py took 0.176 seconds
