[2025-05-21T23:15:53.427+0000] {processor.py:186} INFO - Started process (PID=125) to work on /home/airflow/.local/lib/python3.12/site-packages/airflow/example_dags/example_branch_python_dop_operator_3.py
[2025-05-21T23:15:53.429+0000] {processor.py:914} INFO - Processing file /home/airflow/.local/lib/python3.12/site-packages/airflow/example_dags/example_branch_python_dop_operator_3.py for tasks to queue
[2025-05-21T23:15:53.434+0000] {logging_mixin.py:190} INFO - [2025-05-21T23:15:53.433+0000] {dagbag.py:588} INFO - Filling up the DagBag from /home/airflow/.local/lib/python3.12/site-packages/airflow/example_dags/example_branch_python_dop_operator_3.py
[2025-05-21T23:15:53.458+0000] {processor.py:925} INFO - DAG(s) 'example_branch_dop_operator_v3' retrieved from /home/airflow/.local/lib/python3.12/site-packages/airflow/example_dags/example_branch_python_dop_operator_3.py
[2025-05-21T23:15:53.696+0000] {logging_mixin.py:190} INFO - [2025-05-21T23:15:53.695+0000] {override.py:1930} INFO - Created Permission View: can delete on DAG:example_branch_dop_operator_v3
[2025-05-21T23:15:53.720+0000] {logging_mixin.py:190} INFO - [2025-05-21T23:15:53.720+0000] {override.py:1930} INFO - Created Permission View: can read on DAG:example_branch_dop_operator_v3
[2025-05-21T23:15:53.738+0000] {logging_mixin.py:190} INFO - [2025-05-21T23:15:53.737+0000] {override.py:1930} INFO - Created Permission View: can edit on DAG:example_branch_dop_operator_v3
[2025-05-21T23:15:53.757+0000] {logging_mixin.py:190} INFO - [2025-05-21T23:15:53.756+0000] {override.py:1930} INFO - Created Permission View: can delete on DAG Run:example_branch_dop_operator_v3
[2025-05-21T23:15:53.777+0000] {logging_mixin.py:190} INFO - [2025-05-21T23:15:53.776+0000] {override.py:1930} INFO - Created Permission View: can read on DAG Run:example_branch_dop_operator_v3
[2025-05-21T23:15:53.794+0000] {logging_mixin.py:190} INFO - [2025-05-21T23:15:53.793+0000] {override.py:1930} INFO - Created Permission View: menu access on DAG Run:example_branch_dop_operator_v3
[2025-05-21T23:15:53.811+0000] {logging_mixin.py:190} INFO - [2025-05-21T23:15:53.810+0000] {override.py:1930} INFO - Created Permission View: can create on DAG Run:example_branch_dop_operator_v3
[2025-05-21T23:15:53.812+0000] {logging_mixin.py:190} INFO - [2025-05-21T23:15:53.812+0000] {dag.py:3239} INFO - Sync 1 DAGs
[2025-05-21T23:15:53.841+0000] {logging_mixin.py:190} INFO - [2025-05-21T23:15:53.840+0000] {dag.py:3262} INFO - Creating ORM DAG for example_branch_dop_operator_v3
[2025-05-21T23:15:53.874+0000] {logging_mixin.py:190} INFO - [2025-05-21T23:15:53.874+0000] {dag.py:4180} INFO - Setting next_dagrun for example_branch_dop_operator_v3 to 2025-05-21 23:14:00+00:00, run_after=2025-05-21 23:15:00+00:00
[2025-05-21T23:15:53.914+0000] {processor.py:208} INFO - Processing /home/airflow/.local/lib/python3.12/site-packages/airflow/example_dags/example_branch_python_dop_operator_3.py took 0.498 seconds
[2025-05-21T23:16:24.104+0000] {processor.py:186} INFO - Started process (PID=191) to work on /home/airflow/.local/lib/python3.12/site-packages/airflow/example_dags/example_branch_python_dop_operator_3.py
[2025-05-21T23:16:24.107+0000] {processor.py:914} INFO - Processing file /home/airflow/.local/lib/python3.12/site-packages/airflow/example_dags/example_branch_python_dop_operator_3.py for tasks to queue
[2025-05-21T23:16:24.113+0000] {logging_mixin.py:190} INFO - [2025-05-21T23:16:24.112+0000] {dagbag.py:588} INFO - Filling up the DagBag from /home/airflow/.local/lib/python3.12/site-packages/airflow/example_dags/example_branch_python_dop_operator_3.py
[2025-05-21T23:16:24.143+0000] {processor.py:925} INFO - DAG(s) 'example_branch_dop_operator_v3' retrieved from /home/airflow/.local/lib/python3.12/site-packages/airflow/example_dags/example_branch_python_dop_operator_3.py
[2025-05-21T23:16:24.183+0000] {logging_mixin.py:190} INFO - [2025-05-21T23:16:24.182+0000] {dag.py:3239} INFO - Sync 1 DAGs
[2025-05-21T23:16:24.251+0000] {logging_mixin.py:190} INFO - [2025-05-21T23:16:24.251+0000] {dag.py:4180} INFO - Setting next_dagrun for example_branch_dop_operator_v3 to 2025-05-21 23:15:00+00:00, run_after=2025-05-21 23:16:00+00:00
[2025-05-21T23:16:24.353+0000] {processor.py:208} INFO - Processing /home/airflow/.local/lib/python3.12/site-packages/airflow/example_dags/example_branch_python_dop_operator_3.py took 0.265 seconds
[2025-05-21T23:16:54.794+0000] {processor.py:186} INFO - Started process (PID=260) to work on /home/airflow/.local/lib/python3.12/site-packages/airflow/example_dags/example_branch_python_dop_operator_3.py
[2025-05-21T23:16:54.796+0000] {processor.py:914} INFO - Processing file /home/airflow/.local/lib/python3.12/site-packages/airflow/example_dags/example_branch_python_dop_operator_3.py for tasks to queue
[2025-05-21T23:16:54.806+0000] {logging_mixin.py:190} INFO - [2025-05-21T23:16:54.806+0000] {dagbag.py:588} INFO - Filling up the DagBag from /home/airflow/.local/lib/python3.12/site-packages/airflow/example_dags/example_branch_python_dop_operator_3.py
[2025-05-21T23:16:54.852+0000] {processor.py:925} INFO - DAG(s) 'example_branch_dop_operator_v3' retrieved from /home/airflow/.local/lib/python3.12/site-packages/airflow/example_dags/example_branch_python_dop_operator_3.py
[2025-05-21T23:16:54.904+0000] {logging_mixin.py:190} INFO - [2025-05-21T23:16:54.903+0000] {dag.py:3239} INFO - Sync 1 DAGs
[2025-05-21T23:16:54.970+0000] {logging_mixin.py:190} INFO - [2025-05-21T23:16:54.969+0000] {dag.py:4180} INFO - Setting next_dagrun for example_branch_dop_operator_v3 to 2025-05-21 23:15:00+00:00, run_after=2025-05-21 23:16:00+00:00
[2025-05-21T23:16:55.020+0000] {processor.py:208} INFO - Processing /home/airflow/.local/lib/python3.12/site-packages/airflow/example_dags/example_branch_python_dop_operator_3.py took 0.249 seconds
[2025-05-21T23:17:25.268+0000] {processor.py:186} INFO - Started process (PID=326) to work on /home/airflow/.local/lib/python3.12/site-packages/airflow/example_dags/example_branch_python_dop_operator_3.py
[2025-05-21T23:17:25.269+0000] {processor.py:914} INFO - Processing file /home/airflow/.local/lib/python3.12/site-packages/airflow/example_dags/example_branch_python_dop_operator_3.py for tasks to queue
[2025-05-21T23:17:25.274+0000] {logging_mixin.py:190} INFO - [2025-05-21T23:17:25.273+0000] {dagbag.py:588} INFO - Filling up the DagBag from /home/airflow/.local/lib/python3.12/site-packages/airflow/example_dags/example_branch_python_dop_operator_3.py
[2025-05-21T23:17:25.294+0000] {processor.py:925} INFO - DAG(s) 'example_branch_dop_operator_v3' retrieved from /home/airflow/.local/lib/python3.12/site-packages/airflow/example_dags/example_branch_python_dop_operator_3.py
[2025-05-21T23:17:25.334+0000] {logging_mixin.py:190} INFO - [2025-05-21T23:17:25.334+0000] {dag.py:3239} INFO - Sync 1 DAGs
[2025-05-21T23:17:25.405+0000] {logging_mixin.py:190} INFO - [2025-05-21T23:17:25.405+0000] {dag.py:4180} INFO - Setting next_dagrun for example_branch_dop_operator_v3 to 2025-05-21 23:16:00+00:00, run_after=2025-05-21 23:17:00+00:00
[2025-05-21T23:17:25.479+0000] {processor.py:208} INFO - Processing /home/airflow/.local/lib/python3.12/site-packages/airflow/example_dags/example_branch_python_dop_operator_3.py took 0.222 seconds
[2025-05-21T23:17:56.415+0000] {processor.py:186} INFO - Started process (PID=392) to work on /home/airflow/.local/lib/python3.12/site-packages/airflow/example_dags/example_branch_python_dop_operator_3.py
[2025-05-21T23:17:56.417+0000] {processor.py:914} INFO - Processing file /home/airflow/.local/lib/python3.12/site-packages/airflow/example_dags/example_branch_python_dop_operator_3.py for tasks to queue
[2025-05-21T23:17:56.421+0000] {logging_mixin.py:190} INFO - [2025-05-21T23:17:56.421+0000] {dagbag.py:588} INFO - Filling up the DagBag from /home/airflow/.local/lib/python3.12/site-packages/airflow/example_dags/example_branch_python_dop_operator_3.py
[2025-05-21T23:17:56.442+0000] {processor.py:925} INFO - DAG(s) 'example_branch_dop_operator_v3' retrieved from /home/airflow/.local/lib/python3.12/site-packages/airflow/example_dags/example_branch_python_dop_operator_3.py
[2025-05-21T23:17:56.492+0000] {logging_mixin.py:190} INFO - [2025-05-21T23:17:56.492+0000] {dag.py:3239} INFO - Sync 1 DAGs
[2025-05-21T23:17:56.559+0000] {logging_mixin.py:190} INFO - [2025-05-21T23:17:56.558+0000] {dag.py:4180} INFO - Setting next_dagrun for example_branch_dop_operator_v3 to 2025-05-21 23:16:00+00:00, run_after=2025-05-21 23:17:00+00:00
[2025-05-21T23:17:56.600+0000] {processor.py:208} INFO - Processing /home/airflow/.local/lib/python3.12/site-packages/airflow/example_dags/example_branch_python_dop_operator_3.py took 0.200 seconds
[2025-05-21T23:18:26.854+0000] {processor.py:186} INFO - Started process (PID=457) to work on /home/airflow/.local/lib/python3.12/site-packages/airflow/example_dags/example_branch_python_dop_operator_3.py
[2025-05-21T23:18:26.856+0000] {processor.py:914} INFO - Processing file /home/airflow/.local/lib/python3.12/site-packages/airflow/example_dags/example_branch_python_dop_operator_3.py for tasks to queue
[2025-05-21T23:18:26.860+0000] {logging_mixin.py:190} INFO - [2025-05-21T23:18:26.859+0000] {dagbag.py:588} INFO - Filling up the DagBag from /home/airflow/.local/lib/python3.12/site-packages/airflow/example_dags/example_branch_python_dop_operator_3.py
[2025-05-21T23:18:26.881+0000] {processor.py:925} INFO - DAG(s) 'example_branch_dop_operator_v3' retrieved from /home/airflow/.local/lib/python3.12/site-packages/airflow/example_dags/example_branch_python_dop_operator_3.py
[2025-05-21T23:18:26.922+0000] {logging_mixin.py:190} INFO - [2025-05-21T23:18:26.922+0000] {dag.py:3239} INFO - Sync 1 DAGs
[2025-05-21T23:18:26.984+0000] {logging_mixin.py:190} INFO - [2025-05-21T23:18:26.983+0000] {dag.py:4180} INFO - Setting next_dagrun for example_branch_dop_operator_v3 to 2025-05-21 23:17:00+00:00, run_after=2025-05-21 23:18:00+00:00
[2025-05-21T23:18:27.055+0000] {processor.py:208} INFO - Processing /home/airflow/.local/lib/python3.12/site-packages/airflow/example_dags/example_branch_python_dop_operator_3.py took 0.213 seconds
[2025-05-21T23:18:57.635+0000] {processor.py:186} INFO - Started process (PID=523) to work on /home/airflow/.local/lib/python3.12/site-packages/airflow/example_dags/example_branch_python_dop_operator_3.py
[2025-05-21T23:18:57.637+0000] {processor.py:914} INFO - Processing file /home/airflow/.local/lib/python3.12/site-packages/airflow/example_dags/example_branch_python_dop_operator_3.py for tasks to queue
[2025-05-21T23:18:57.642+0000] {logging_mixin.py:190} INFO - [2025-05-21T23:18:57.641+0000] {dagbag.py:588} INFO - Filling up the DagBag from /home/airflow/.local/lib/python3.12/site-packages/airflow/example_dags/example_branch_python_dop_operator_3.py
[2025-05-21T23:18:57.662+0000] {processor.py:925} INFO - DAG(s) 'example_branch_dop_operator_v3' retrieved from /home/airflow/.local/lib/python3.12/site-packages/airflow/example_dags/example_branch_python_dop_operator_3.py
[2025-05-21T23:18:57.701+0000] {logging_mixin.py:190} INFO - [2025-05-21T23:18:57.700+0000] {dag.py:3239} INFO - Sync 1 DAGs
[2025-05-21T23:18:57.760+0000] {logging_mixin.py:190} INFO - [2025-05-21T23:18:57.759+0000] {dag.py:4180} INFO - Setting next_dagrun for example_branch_dop_operator_v3 to 2025-05-21 23:17:00+00:00, run_after=2025-05-21 23:18:00+00:00
[2025-05-21T23:18:57.813+0000] {processor.py:208} INFO - Processing /home/airflow/.local/lib/python3.12/site-packages/airflow/example_dags/example_branch_python_dop_operator_3.py took 0.191 seconds
[2025-05-21T23:19:28.186+0000] {processor.py:186} INFO - Started process (PID=589) to work on /home/airflow/.local/lib/python3.12/site-packages/airflow/example_dags/example_branch_python_dop_operator_3.py
[2025-05-21T23:19:28.189+0000] {processor.py:914} INFO - Processing file /home/airflow/.local/lib/python3.12/site-packages/airflow/example_dags/example_branch_python_dop_operator_3.py for tasks to queue
[2025-05-21T23:19:28.194+0000] {logging_mixin.py:190} INFO - [2025-05-21T23:19:28.193+0000] {dagbag.py:588} INFO - Filling up the DagBag from /home/airflow/.local/lib/python3.12/site-packages/airflow/example_dags/example_branch_python_dop_operator_3.py
[2025-05-21T23:19:28.215+0000] {processor.py:925} INFO - DAG(s) 'example_branch_dop_operator_v3' retrieved from /home/airflow/.local/lib/python3.12/site-packages/airflow/example_dags/example_branch_python_dop_operator_3.py
[2025-05-21T23:19:28.255+0000] {logging_mixin.py:190} INFO - [2025-05-21T23:19:28.255+0000] {dag.py:3239} INFO - Sync 1 DAGs
[2025-05-21T23:19:28.318+0000] {logging_mixin.py:190} INFO - [2025-05-21T23:19:28.317+0000] {dag.py:4180} INFO - Setting next_dagrun for example_branch_dop_operator_v3 to 2025-05-21 23:18:00+00:00, run_after=2025-05-21 23:19:00+00:00
[2025-05-21T23:19:28.363+0000] {processor.py:208} INFO - Processing /home/airflow/.local/lib/python3.12/site-packages/airflow/example_dags/example_branch_python_dop_operator_3.py took 0.190 seconds
[2025-05-21T23:19:58.862+0000] {processor.py:186} INFO - Started process (PID=655) to work on /home/airflow/.local/lib/python3.12/site-packages/airflow/example_dags/example_branch_python_dop_operator_3.py
[2025-05-21T23:19:58.864+0000] {processor.py:914} INFO - Processing file /home/airflow/.local/lib/python3.12/site-packages/airflow/example_dags/example_branch_python_dop_operator_3.py for tasks to queue
[2025-05-21T23:19:58.869+0000] {logging_mixin.py:190} INFO - [2025-05-21T23:19:58.868+0000] {dagbag.py:588} INFO - Filling up the DagBag from /home/airflow/.local/lib/python3.12/site-packages/airflow/example_dags/example_branch_python_dop_operator_3.py
[2025-05-21T23:19:58.892+0000] {processor.py:925} INFO - DAG(s) 'example_branch_dop_operator_v3' retrieved from /home/airflow/.local/lib/python3.12/site-packages/airflow/example_dags/example_branch_python_dop_operator_3.py
[2025-05-21T23:19:58.940+0000] {logging_mixin.py:190} INFO - [2025-05-21T23:19:58.939+0000] {dag.py:3239} INFO - Sync 1 DAGs
[2025-05-21T23:19:59.031+0000] {logging_mixin.py:190} INFO - [2025-05-21T23:19:59.030+0000] {dag.py:4180} INFO - Setting next_dagrun for example_branch_dop_operator_v3 to 2025-05-21 23:18:00+00:00, run_after=2025-05-21 23:19:00+00:00
[2025-05-21T23:19:59.099+0000] {processor.py:208} INFO - Processing /home/airflow/.local/lib/python3.12/site-packages/airflow/example_dags/example_branch_python_dop_operator_3.py took 0.249 seconds
[2025-05-21T23:20:29.481+0000] {processor.py:186} INFO - Started process (PID=721) to work on /home/airflow/.local/lib/python3.12/site-packages/airflow/example_dags/example_branch_python_dop_operator_3.py
[2025-05-21T23:20:29.483+0000] {processor.py:914} INFO - Processing file /home/airflow/.local/lib/python3.12/site-packages/airflow/example_dags/example_branch_python_dop_operator_3.py for tasks to queue
[2025-05-21T23:20:29.489+0000] {logging_mixin.py:190} INFO - [2025-05-21T23:20:29.488+0000] {dagbag.py:588} INFO - Filling up the DagBag from /home/airflow/.local/lib/python3.12/site-packages/airflow/example_dags/example_branch_python_dop_operator_3.py
[2025-05-21T23:20:29.512+0000] {processor.py:925} INFO - DAG(s) 'example_branch_dop_operator_v3' retrieved from /home/airflow/.local/lib/python3.12/site-packages/airflow/example_dags/example_branch_python_dop_operator_3.py
[2025-05-21T23:20:29.556+0000] {logging_mixin.py:190} INFO - [2025-05-21T23:20:29.556+0000] {dag.py:3239} INFO - Sync 1 DAGs
[2025-05-21T23:20:29.613+0000] {logging_mixin.py:190} INFO - [2025-05-21T23:20:29.613+0000] {dag.py:4180} INFO - Setting next_dagrun for example_branch_dop_operator_v3 to 2025-05-21 23:19:00+00:00, run_after=2025-05-21 23:20:00+00:00
[2025-05-21T23:20:29.716+0000] {processor.py:208} INFO - Processing /home/airflow/.local/lib/python3.12/site-packages/airflow/example_dags/example_branch_python_dop_operator_3.py took 0.247 seconds
[2025-05-21T23:21:00.159+0000] {processor.py:186} INFO - Started process (PID=788) to work on /home/airflow/.local/lib/python3.12/site-packages/airflow/example_dags/example_branch_python_dop_operator_3.py
[2025-05-21T23:21:00.161+0000] {processor.py:914} INFO - Processing file /home/airflow/.local/lib/python3.12/site-packages/airflow/example_dags/example_branch_python_dop_operator_3.py for tasks to queue
[2025-05-21T23:21:00.165+0000] {logging_mixin.py:190} INFO - [2025-05-21T23:21:00.165+0000] {dagbag.py:588} INFO - Filling up the DagBag from /home/airflow/.local/lib/python3.12/site-packages/airflow/example_dags/example_branch_python_dop_operator_3.py
[2025-05-21T23:21:00.184+0000] {processor.py:925} INFO - DAG(s) 'example_branch_dop_operator_v3' retrieved from /home/airflow/.local/lib/python3.12/site-packages/airflow/example_dags/example_branch_python_dop_operator_3.py
[2025-05-21T23:21:00.223+0000] {logging_mixin.py:190} INFO - [2025-05-21T23:21:00.222+0000] {dag.py:3239} INFO - Sync 1 DAGs
[2025-05-21T23:21:00.273+0000] {logging_mixin.py:190} INFO - [2025-05-21T23:21:00.273+0000] {dag.py:4180} INFO - Setting next_dagrun for example_branch_dop_operator_v3 to 2025-05-21 23:20:00+00:00, run_after=2025-05-21 23:21:00+00:00
[2025-05-21T23:21:00.329+0000] {processor.py:208} INFO - Processing /home/airflow/.local/lib/python3.12/site-packages/airflow/example_dags/example_branch_python_dop_operator_3.py took 0.181 seconds
[2025-05-21T23:21:31.625+0000] {processor.py:186} INFO - Started process (PID=854) to work on /home/airflow/.local/lib/python3.12/site-packages/airflow/example_dags/example_branch_python_dop_operator_3.py
[2025-05-21T23:21:31.627+0000] {processor.py:914} INFO - Processing file /home/airflow/.local/lib/python3.12/site-packages/airflow/example_dags/example_branch_python_dop_operator_3.py for tasks to queue
[2025-05-21T23:21:31.631+0000] {logging_mixin.py:190} INFO - [2025-05-21T23:21:31.630+0000] {dagbag.py:588} INFO - Filling up the DagBag from /home/airflow/.local/lib/python3.12/site-packages/airflow/example_dags/example_branch_python_dop_operator_3.py
[2025-05-21T23:21:31.655+0000] {processor.py:925} INFO - DAG(s) 'example_branch_dop_operator_v3' retrieved from /home/airflow/.local/lib/python3.12/site-packages/airflow/example_dags/example_branch_python_dop_operator_3.py
[2025-05-21T23:21:31.697+0000] {logging_mixin.py:190} INFO - [2025-05-21T23:21:31.697+0000] {dag.py:3239} INFO - Sync 1 DAGs
[2025-05-21T23:21:31.772+0000] {logging_mixin.py:190} INFO - [2025-05-21T23:21:31.771+0000] {dag.py:4180} INFO - Setting next_dagrun for example_branch_dop_operator_v3 to 2025-05-21 23:20:00+00:00, run_after=2025-05-21 23:21:00+00:00
[2025-05-21T23:21:31.819+0000] {processor.py:208} INFO - Processing /home/airflow/.local/lib/python3.12/site-packages/airflow/example_dags/example_branch_python_dop_operator_3.py took 0.206 seconds
[2025-05-21T23:22:02.441+0000] {processor.py:186} INFO - Started process (PID=920) to work on /home/airflow/.local/lib/python3.12/site-packages/airflow/example_dags/example_branch_python_dop_operator_3.py
[2025-05-21T23:22:02.443+0000] {processor.py:914} INFO - Processing file /home/airflow/.local/lib/python3.12/site-packages/airflow/example_dags/example_branch_python_dop_operator_3.py for tasks to queue
[2025-05-21T23:22:02.449+0000] {logging_mixin.py:190} INFO - [2025-05-21T23:22:02.448+0000] {dagbag.py:588} INFO - Filling up the DagBag from /home/airflow/.local/lib/python3.12/site-packages/airflow/example_dags/example_branch_python_dop_operator_3.py
[2025-05-21T23:22:02.471+0000] {processor.py:925} INFO - DAG(s) 'example_branch_dop_operator_v3' retrieved from /home/airflow/.local/lib/python3.12/site-packages/airflow/example_dags/example_branch_python_dop_operator_3.py
[2025-05-21T23:22:02.509+0000] {logging_mixin.py:190} INFO - [2025-05-21T23:22:02.509+0000] {dag.py:3239} INFO - Sync 1 DAGs
[2025-05-21T23:22:02.559+0000] {logging_mixin.py:190} INFO - [2025-05-21T23:22:02.559+0000] {dag.py:4180} INFO - Setting next_dagrun for example_branch_dop_operator_v3 to 2025-05-21 23:21:00+00:00, run_after=2025-05-21 23:22:00+00:00
[2025-05-21T23:22:02.597+0000] {processor.py:208} INFO - Processing /home/airflow/.local/lib/python3.12/site-packages/airflow/example_dags/example_branch_python_dop_operator_3.py took 0.171 seconds
[2025-05-21T23:22:32.790+0000] {processor.py:186} INFO - Started process (PID=985) to work on /home/airflow/.local/lib/python3.12/site-packages/airflow/example_dags/example_branch_python_dop_operator_3.py
[2025-05-21T23:22:32.792+0000] {processor.py:914} INFO - Processing file /home/airflow/.local/lib/python3.12/site-packages/airflow/example_dags/example_branch_python_dop_operator_3.py for tasks to queue
[2025-05-21T23:22:32.796+0000] {logging_mixin.py:190} INFO - [2025-05-21T23:22:32.796+0000] {dagbag.py:588} INFO - Filling up the DagBag from /home/airflow/.local/lib/python3.12/site-packages/airflow/example_dags/example_branch_python_dop_operator_3.py
[2025-05-21T23:22:32.819+0000] {processor.py:925} INFO - DAG(s) 'example_branch_dop_operator_v3' retrieved from /home/airflow/.local/lib/python3.12/site-packages/airflow/example_dags/example_branch_python_dop_operator_3.py
[2025-05-21T23:22:32.859+0000] {logging_mixin.py:190} INFO - [2025-05-21T23:22:32.858+0000] {dag.py:3239} INFO - Sync 1 DAGs
[2025-05-21T23:22:32.912+0000] {logging_mixin.py:190} INFO - [2025-05-21T23:22:32.911+0000] {dag.py:4180} INFO - Setting next_dagrun for example_branch_dop_operator_v3 to 2025-05-21 23:21:00+00:00, run_after=2025-05-21 23:22:00+00:00
[2025-05-21T23:22:33.013+0000] {processor.py:208} INFO - Processing /home/airflow/.local/lib/python3.12/site-packages/airflow/example_dags/example_branch_python_dop_operator_3.py took 0.232 seconds
[2025-05-21T23:23:03.171+0000] {processor.py:186} INFO - Started process (PID=1051) to work on /home/airflow/.local/lib/python3.12/site-packages/airflow/example_dags/example_branch_python_dop_operator_3.py
[2025-05-21T23:23:03.173+0000] {processor.py:914} INFO - Processing file /home/airflow/.local/lib/python3.12/site-packages/airflow/example_dags/example_branch_python_dop_operator_3.py for tasks to queue
[2025-05-21T23:23:03.177+0000] {logging_mixin.py:190} INFO - [2025-05-21T23:23:03.177+0000] {dagbag.py:588} INFO - Filling up the DagBag from /home/airflow/.local/lib/python3.12/site-packages/airflow/example_dags/example_branch_python_dop_operator_3.py
[2025-05-21T23:23:03.200+0000] {processor.py:925} INFO - DAG(s) 'example_branch_dop_operator_v3' retrieved from /home/airflow/.local/lib/python3.12/site-packages/airflow/example_dags/example_branch_python_dop_operator_3.py
[2025-05-21T23:23:03.242+0000] {logging_mixin.py:190} INFO - [2025-05-21T23:23:03.242+0000] {dag.py:3239} INFO - Sync 1 DAGs
[2025-05-21T23:23:03.297+0000] {logging_mixin.py:190} INFO - [2025-05-21T23:23:03.297+0000] {dag.py:4180} INFO - Setting next_dagrun for example_branch_dop_operator_v3 to 2025-05-21 23:22:00+00:00, run_after=2025-05-21 23:23:00+00:00
[2025-05-21T23:23:03.339+0000] {processor.py:208} INFO - Processing /home/airflow/.local/lib/python3.12/site-packages/airflow/example_dags/example_branch_python_dop_operator_3.py took 0.181 seconds
[2025-05-21T23:23:33.625+0000] {processor.py:186} INFO - Started process (PID=1117) to work on /home/airflow/.local/lib/python3.12/site-packages/airflow/example_dags/example_branch_python_dop_operator_3.py
[2025-05-21T23:23:33.627+0000] {processor.py:914} INFO - Processing file /home/airflow/.local/lib/python3.12/site-packages/airflow/example_dags/example_branch_python_dop_operator_3.py for tasks to queue
[2025-05-21T23:23:33.631+0000] {logging_mixin.py:190} INFO - [2025-05-21T23:23:33.631+0000] {dagbag.py:588} INFO - Filling up the DagBag from /home/airflow/.local/lib/python3.12/site-packages/airflow/example_dags/example_branch_python_dop_operator_3.py
[2025-05-21T23:23:33.653+0000] {processor.py:925} INFO - DAG(s) 'example_branch_dop_operator_v3' retrieved from /home/airflow/.local/lib/python3.12/site-packages/airflow/example_dags/example_branch_python_dop_operator_3.py
[2025-05-21T23:23:33.692+0000] {logging_mixin.py:190} INFO - [2025-05-21T23:23:33.692+0000] {dag.py:3239} INFO - Sync 1 DAGs
[2025-05-21T23:23:33.754+0000] {logging_mixin.py:190} INFO - [2025-05-21T23:23:33.753+0000] {dag.py:4180} INFO - Setting next_dagrun for example_branch_dop_operator_v3 to 2025-05-21 23:22:00+00:00, run_after=2025-05-21 23:23:00+00:00
[2025-05-21T23:23:33.796+0000] {processor.py:208} INFO - Processing /home/airflow/.local/lib/python3.12/site-packages/airflow/example_dags/example_branch_python_dop_operator_3.py took 0.183 seconds
[2025-05-21T23:24:03.985+0000] {processor.py:186} INFO - Started process (PID=1183) to work on /home/airflow/.local/lib/python3.12/site-packages/airflow/example_dags/example_branch_python_dop_operator_3.py
[2025-05-21T23:24:03.987+0000] {processor.py:914} INFO - Processing file /home/airflow/.local/lib/python3.12/site-packages/airflow/example_dags/example_branch_python_dop_operator_3.py for tasks to queue
[2025-05-21T23:24:03.992+0000] {logging_mixin.py:190} INFO - [2025-05-21T23:24:03.991+0000] {dagbag.py:588} INFO - Filling up the DagBag from /home/airflow/.local/lib/python3.12/site-packages/airflow/example_dags/example_branch_python_dop_operator_3.py
[2025-05-21T23:24:04.013+0000] {processor.py:925} INFO - DAG(s) 'example_branch_dop_operator_v3' retrieved from /home/airflow/.local/lib/python3.12/site-packages/airflow/example_dags/example_branch_python_dop_operator_3.py
[2025-05-21T23:24:04.058+0000] {logging_mixin.py:190} INFO - [2025-05-21T23:24:04.058+0000] {dag.py:3239} INFO - Sync 1 DAGs
[2025-05-21T23:24:04.128+0000] {logging_mixin.py:190} INFO - [2025-05-21T23:24:04.128+0000] {dag.py:4180} INFO - Setting next_dagrun for example_branch_dop_operator_v3 to 2025-05-21 23:23:00+00:00, run_after=2025-05-21 23:24:00+00:00
[2025-05-21T23:24:04.236+0000] {processor.py:208} INFO - Processing /home/airflow/.local/lib/python3.12/site-packages/airflow/example_dags/example_branch_python_dop_operator_3.py took 0.262 seconds
[2025-05-21T23:24:34.804+0000] {processor.py:186} INFO - Started process (PID=1248) to work on /home/airflow/.local/lib/python3.12/site-packages/airflow/example_dags/example_branch_python_dop_operator_3.py
[2025-05-21T23:24:34.806+0000] {processor.py:914} INFO - Processing file /home/airflow/.local/lib/python3.12/site-packages/airflow/example_dags/example_branch_python_dop_operator_3.py for tasks to queue
[2025-05-21T23:24:34.810+0000] {logging_mixin.py:190} INFO - [2025-05-21T23:24:34.810+0000] {dagbag.py:588} INFO - Filling up the DagBag from /home/airflow/.local/lib/python3.12/site-packages/airflow/example_dags/example_branch_python_dop_operator_3.py
[2025-05-21T23:24:34.831+0000] {processor.py:925} INFO - DAG(s) 'example_branch_dop_operator_v3' retrieved from /home/airflow/.local/lib/python3.12/site-packages/airflow/example_dags/example_branch_python_dop_operator_3.py
[2025-05-21T23:24:34.868+0000] {logging_mixin.py:190} INFO - [2025-05-21T23:24:34.868+0000] {dag.py:3239} INFO - Sync 1 DAGs
[2025-05-21T23:24:34.920+0000] {logging_mixin.py:190} INFO - [2025-05-21T23:24:34.919+0000] {dag.py:4180} INFO - Setting next_dagrun for example_branch_dop_operator_v3 to 2025-05-21 23:23:00+00:00, run_after=2025-05-21 23:24:00+00:00
[2025-05-21T23:24:35.008+0000] {processor.py:208} INFO - Processing /home/airflow/.local/lib/python3.12/site-packages/airflow/example_dags/example_branch_python_dop_operator_3.py took 0.214 seconds
[2025-05-21T23:25:05.604+0000] {processor.py:186} INFO - Started process (PID=1314) to work on /home/airflow/.local/lib/python3.12/site-packages/airflow/example_dags/example_branch_python_dop_operator_3.py
[2025-05-21T23:25:05.607+0000] {processor.py:914} INFO - Processing file /home/airflow/.local/lib/python3.12/site-packages/airflow/example_dags/example_branch_python_dop_operator_3.py for tasks to queue
[2025-05-21T23:25:05.613+0000] {logging_mixin.py:190} INFO - [2025-05-21T23:25:05.612+0000] {dagbag.py:588} INFO - Filling up the DagBag from /home/airflow/.local/lib/python3.12/site-packages/airflow/example_dags/example_branch_python_dop_operator_3.py
[2025-05-21T23:25:05.634+0000] {processor.py:925} INFO - DAG(s) 'example_branch_dop_operator_v3' retrieved from /home/airflow/.local/lib/python3.12/site-packages/airflow/example_dags/example_branch_python_dop_operator_3.py
[2025-05-21T23:25:05.677+0000] {logging_mixin.py:190} INFO - [2025-05-21T23:25:05.676+0000] {dag.py:3239} INFO - Sync 1 DAGs
[2025-05-21T23:25:05.730+0000] {logging_mixin.py:190} INFO - [2025-05-21T23:25:05.730+0000] {dag.py:4180} INFO - Setting next_dagrun for example_branch_dop_operator_v3 to 2025-05-21 23:24:00+00:00, run_after=2025-05-21 23:25:00+00:00
[2025-05-21T23:25:05.835+0000] {processor.py:208} INFO - Processing /home/airflow/.local/lib/python3.12/site-packages/airflow/example_dags/example_branch_python_dop_operator_3.py took 0.245 seconds
[2025-05-21T23:25:35.977+0000] {processor.py:186} INFO - Started process (PID=1379) to work on /home/airflow/.local/lib/python3.12/site-packages/airflow/example_dags/example_branch_python_dop_operator_3.py
[2025-05-21T23:25:35.979+0000] {processor.py:914} INFO - Processing file /home/airflow/.local/lib/python3.12/site-packages/airflow/example_dags/example_branch_python_dop_operator_3.py for tasks to queue
[2025-05-21T23:25:35.984+0000] {logging_mixin.py:190} INFO - [2025-05-21T23:25:35.983+0000] {dagbag.py:588} INFO - Filling up the DagBag from /home/airflow/.local/lib/python3.12/site-packages/airflow/example_dags/example_branch_python_dop_operator_3.py
[2025-05-21T23:25:36.003+0000] {processor.py:925} INFO - DAG(s) 'example_branch_dop_operator_v3' retrieved from /home/airflow/.local/lib/python3.12/site-packages/airflow/example_dags/example_branch_python_dop_operator_3.py
[2025-05-21T23:25:36.041+0000] {logging_mixin.py:190} INFO - [2025-05-21T23:25:36.040+0000] {dag.py:3239} INFO - Sync 1 DAGs
[2025-05-21T23:25:36.099+0000] {logging_mixin.py:190} INFO - [2025-05-21T23:25:36.099+0000] {dag.py:4180} INFO - Setting next_dagrun for example_branch_dop_operator_v3 to 2025-05-21 23:24:00+00:00, run_after=2025-05-21 23:25:00+00:00
[2025-05-21T23:25:36.205+0000] {processor.py:208} INFO - Processing /home/airflow/.local/lib/python3.12/site-packages/airflow/example_dags/example_branch_python_dop_operator_3.py took 0.241 seconds
[2025-05-21T23:26:06.655+0000] {processor.py:186} INFO - Started process (PID=1445) to work on /home/airflow/.local/lib/python3.12/site-packages/airflow/example_dags/example_branch_python_dop_operator_3.py
[2025-05-21T23:26:06.657+0000] {processor.py:914} INFO - Processing file /home/airflow/.local/lib/python3.12/site-packages/airflow/example_dags/example_branch_python_dop_operator_3.py for tasks to queue
[2025-05-21T23:26:06.662+0000] {logging_mixin.py:190} INFO - [2025-05-21T23:26:06.661+0000] {dagbag.py:588} INFO - Filling up the DagBag from /home/airflow/.local/lib/python3.12/site-packages/airflow/example_dags/example_branch_python_dop_operator_3.py
[2025-05-21T23:26:06.686+0000] {processor.py:925} INFO - DAG(s) 'example_branch_dop_operator_v3' retrieved from /home/airflow/.local/lib/python3.12/site-packages/airflow/example_dags/example_branch_python_dop_operator_3.py
[2025-05-21T23:26:06.732+0000] {logging_mixin.py:190} INFO - [2025-05-21T23:26:06.731+0000] {dag.py:3239} INFO - Sync 1 DAGs
[2025-05-21T23:26:06.788+0000] {logging_mixin.py:190} INFO - [2025-05-21T23:26:06.788+0000] {dag.py:4180} INFO - Setting next_dagrun for example_branch_dop_operator_v3 to 2025-05-21 23:25:00+00:00, run_after=2025-05-21 23:26:00+00:00
[2025-05-21T23:26:06.862+0000] {processor.py:208} INFO - Processing /home/airflow/.local/lib/python3.12/site-packages/airflow/example_dags/example_branch_python_dop_operator_3.py took 0.219 seconds
[2025-05-21T23:26:37.470+0000] {processor.py:186} INFO - Started process (PID=1511) to work on /home/airflow/.local/lib/python3.12/site-packages/airflow/example_dags/example_branch_python_dop_operator_3.py
[2025-05-21T23:26:37.472+0000] {processor.py:914} INFO - Processing file /home/airflow/.local/lib/python3.12/site-packages/airflow/example_dags/example_branch_python_dop_operator_3.py for tasks to queue
[2025-05-21T23:26:37.476+0000] {logging_mixin.py:190} INFO - [2025-05-21T23:26:37.476+0000] {dagbag.py:588} INFO - Filling up the DagBag from /home/airflow/.local/lib/python3.12/site-packages/airflow/example_dags/example_branch_python_dop_operator_3.py
[2025-05-21T23:26:37.497+0000] {processor.py:925} INFO - DAG(s) 'example_branch_dop_operator_v3' retrieved from /home/airflow/.local/lib/python3.12/site-packages/airflow/example_dags/example_branch_python_dop_operator_3.py
[2025-05-21T23:26:37.537+0000] {logging_mixin.py:190} INFO - [2025-05-21T23:26:37.536+0000] {dag.py:3239} INFO - Sync 1 DAGs
[2025-05-21T23:26:37.594+0000] {logging_mixin.py:190} INFO - [2025-05-21T23:26:37.593+0000] {dag.py:4180} INFO - Setting next_dagrun for example_branch_dop_operator_v3 to 2025-05-21 23:25:00+00:00, run_after=2025-05-21 23:26:00+00:00
[2025-05-21T23:26:37.640+0000] {processor.py:208} INFO - Processing /home/airflow/.local/lib/python3.12/site-packages/airflow/example_dags/example_branch_python_dop_operator_3.py took 0.182 seconds
[2025-05-21T23:27:07.907+0000] {processor.py:186} INFO - Started process (PID=1577) to work on /home/airflow/.local/lib/python3.12/site-packages/airflow/example_dags/example_branch_python_dop_operator_3.py
[2025-05-21T23:27:07.909+0000] {processor.py:914} INFO - Processing file /home/airflow/.local/lib/python3.12/site-packages/airflow/example_dags/example_branch_python_dop_operator_3.py for tasks to queue
[2025-05-21T23:27:07.914+0000] {logging_mixin.py:190} INFO - [2025-05-21T23:27:07.913+0000] {dagbag.py:588} INFO - Filling up the DagBag from /home/airflow/.local/lib/python3.12/site-packages/airflow/example_dags/example_branch_python_dop_operator_3.py
[2025-05-21T23:27:07.939+0000] {processor.py:925} INFO - DAG(s) 'example_branch_dop_operator_v3' retrieved from /home/airflow/.local/lib/python3.12/site-packages/airflow/example_dags/example_branch_python_dop_operator_3.py
[2025-05-21T23:27:07.985+0000] {logging_mixin.py:190} INFO - [2025-05-21T23:27:07.984+0000] {dag.py:3239} INFO - Sync 1 DAGs
[2025-05-21T23:27:08.048+0000] {logging_mixin.py:190} INFO - [2025-05-21T23:27:08.047+0000] {dag.py:4180} INFO - Setting next_dagrun for example_branch_dop_operator_v3 to 2025-05-21 23:26:00+00:00, run_after=2025-05-21 23:27:00+00:00
[2025-05-21T23:27:08.089+0000] {processor.py:208} INFO - Processing /home/airflow/.local/lib/python3.12/site-packages/airflow/example_dags/example_branch_python_dop_operator_3.py took 0.195 seconds
[2025-05-21T23:27:38.550+0000] {processor.py:186} INFO - Started process (PID=1643) to work on /home/airflow/.local/lib/python3.12/site-packages/airflow/example_dags/example_branch_python_dop_operator_3.py
[2025-05-21T23:27:38.552+0000] {processor.py:914} INFO - Processing file /home/airflow/.local/lib/python3.12/site-packages/airflow/example_dags/example_branch_python_dop_operator_3.py for tasks to queue
[2025-05-21T23:27:38.556+0000] {logging_mixin.py:190} INFO - [2025-05-21T23:27:38.555+0000] {dagbag.py:588} INFO - Filling up the DagBag from /home/airflow/.local/lib/python3.12/site-packages/airflow/example_dags/example_branch_python_dop_operator_3.py
[2025-05-21T23:27:38.575+0000] {processor.py:925} INFO - DAG(s) 'example_branch_dop_operator_v3' retrieved from /home/airflow/.local/lib/python3.12/site-packages/airflow/example_dags/example_branch_python_dop_operator_3.py
[2025-05-21T23:27:38.612+0000] {logging_mixin.py:190} INFO - [2025-05-21T23:27:38.611+0000] {dag.py:3239} INFO - Sync 1 DAGs
[2025-05-21T23:27:38.666+0000] {logging_mixin.py:190} INFO - [2025-05-21T23:27:38.665+0000] {dag.py:4180} INFO - Setting next_dagrun for example_branch_dop_operator_v3 to 2025-05-21 23:26:00+00:00, run_after=2025-05-21 23:27:00+00:00
[2025-05-21T23:27:38.773+0000] {processor.py:208} INFO - Processing /home/airflow/.local/lib/python3.12/site-packages/airflow/example_dags/example_branch_python_dop_operator_3.py took 0.233 seconds
[2025-05-21T23:28:09.170+0000] {processor.py:186} INFO - Started process (PID=1709) to work on /home/airflow/.local/lib/python3.12/site-packages/airflow/example_dags/example_branch_python_dop_operator_3.py
[2025-05-21T23:28:09.172+0000] {processor.py:914} INFO - Processing file /home/airflow/.local/lib/python3.12/site-packages/airflow/example_dags/example_branch_python_dop_operator_3.py for tasks to queue
[2025-05-21T23:28:09.176+0000] {logging_mixin.py:190} INFO - [2025-05-21T23:28:09.175+0000] {dagbag.py:588} INFO - Filling up the DagBag from /home/airflow/.local/lib/python3.12/site-packages/airflow/example_dags/example_branch_python_dop_operator_3.py
[2025-05-21T23:28:09.196+0000] {processor.py:925} INFO - DAG(s) 'example_branch_dop_operator_v3' retrieved from /home/airflow/.local/lib/python3.12/site-packages/airflow/example_dags/example_branch_python_dop_operator_3.py
[2025-05-21T23:28:09.243+0000] {logging_mixin.py:190} INFO - [2025-05-21T23:28:09.242+0000] {dag.py:3239} INFO - Sync 1 DAGs
[2025-05-21T23:28:09.304+0000] {logging_mixin.py:190} INFO - [2025-05-21T23:28:09.304+0000] {dag.py:4180} INFO - Setting next_dagrun for example_branch_dop_operator_v3 to 2025-05-21 23:27:00+00:00, run_after=2025-05-21 23:28:00+00:00
[2025-05-21T23:28:09.353+0000] {processor.py:208} INFO - Processing /home/airflow/.local/lib/python3.12/site-packages/airflow/example_dags/example_branch_python_dop_operator_3.py took 0.194 seconds
[2025-05-21T23:28:40.425+0000] {processor.py:186} INFO - Started process (PID=1774) to work on /home/airflow/.local/lib/python3.12/site-packages/airflow/example_dags/example_branch_python_dop_operator_3.py
[2025-05-21T23:28:40.427+0000] {processor.py:914} INFO - Processing file /home/airflow/.local/lib/python3.12/site-packages/airflow/example_dags/example_branch_python_dop_operator_3.py for tasks to queue
[2025-05-21T23:28:40.431+0000] {logging_mixin.py:190} INFO - [2025-05-21T23:28:40.430+0000] {dagbag.py:588} INFO - Filling up the DagBag from /home/airflow/.local/lib/python3.12/site-packages/airflow/example_dags/example_branch_python_dop_operator_3.py
[2025-05-21T23:28:40.452+0000] {processor.py:925} INFO - DAG(s) 'example_branch_dop_operator_v3' retrieved from /home/airflow/.local/lib/python3.12/site-packages/airflow/example_dags/example_branch_python_dop_operator_3.py
[2025-05-21T23:28:40.508+0000] {logging_mixin.py:190} INFO - [2025-05-21T23:28:40.507+0000] {dag.py:3239} INFO - Sync 1 DAGs
[2025-05-21T23:28:40.602+0000] {logging_mixin.py:190} INFO - [2025-05-21T23:28:40.602+0000] {dag.py:4180} INFO - Setting next_dagrun for example_branch_dop_operator_v3 to 2025-05-21 23:27:00+00:00, run_after=2025-05-21 23:28:00+00:00
[2025-05-21T23:28:40.643+0000] {processor.py:208} INFO - Processing /home/airflow/.local/lib/python3.12/site-packages/airflow/example_dags/example_branch_python_dop_operator_3.py took 0.230 seconds
[2025-05-21T23:29:11.169+0000] {processor.py:186} INFO - Started process (PID=1840) to work on /home/airflow/.local/lib/python3.12/site-packages/airflow/example_dags/example_branch_python_dop_operator_3.py
[2025-05-21T23:29:11.172+0000] {processor.py:914} INFO - Processing file /home/airflow/.local/lib/python3.12/site-packages/airflow/example_dags/example_branch_python_dop_operator_3.py for tasks to queue
[2025-05-21T23:29:11.179+0000] {logging_mixin.py:190} INFO - [2025-05-21T23:29:11.178+0000] {dagbag.py:588} INFO - Filling up the DagBag from /home/airflow/.local/lib/python3.12/site-packages/airflow/example_dags/example_branch_python_dop_operator_3.py
[2025-05-21T23:29:11.213+0000] {processor.py:925} INFO - DAG(s) 'example_branch_dop_operator_v3' retrieved from /home/airflow/.local/lib/python3.12/site-packages/airflow/example_dags/example_branch_python_dop_operator_3.py
[2025-05-21T23:29:11.271+0000] {logging_mixin.py:190} INFO - [2025-05-21T23:29:11.270+0000] {dag.py:3239} INFO - Sync 1 DAGs
[2025-05-21T23:29:11.335+0000] {logging_mixin.py:190} INFO - [2025-05-21T23:29:11.334+0000] {dag.py:4180} INFO - Setting next_dagrun for example_branch_dop_operator_v3 to 2025-05-21 23:28:00+00:00, run_after=2025-05-21 23:29:00+00:00
[2025-05-21T23:29:11.380+0000] {processor.py:208} INFO - Processing /home/airflow/.local/lib/python3.12/site-packages/airflow/example_dags/example_branch_python_dop_operator_3.py took 0.231 seconds
[2025-05-21T23:29:41.497+0000] {processor.py:186} INFO - Started process (PID=1905) to work on /home/airflow/.local/lib/python3.12/site-packages/airflow/example_dags/example_branch_python_dop_operator_3.py
[2025-05-21T23:29:41.499+0000] {processor.py:914} INFO - Processing file /home/airflow/.local/lib/python3.12/site-packages/airflow/example_dags/example_branch_python_dop_operator_3.py for tasks to queue
[2025-05-21T23:29:41.503+0000] {logging_mixin.py:190} INFO - [2025-05-21T23:29:41.503+0000] {dagbag.py:588} INFO - Filling up the DagBag from /home/airflow/.local/lib/python3.12/site-packages/airflow/example_dags/example_branch_python_dop_operator_3.py
[2025-05-21T23:29:41.524+0000] {processor.py:925} INFO - DAG(s) 'example_branch_dop_operator_v3' retrieved from /home/airflow/.local/lib/python3.12/site-packages/airflow/example_dags/example_branch_python_dop_operator_3.py
[2025-05-21T23:29:41.566+0000] {logging_mixin.py:190} INFO - [2025-05-21T23:29:41.565+0000] {dag.py:3239} INFO - Sync 1 DAGs
[2025-05-21T23:29:41.632+0000] {logging_mixin.py:190} INFO - [2025-05-21T23:29:41.631+0000] {dag.py:4180} INFO - Setting next_dagrun for example_branch_dop_operator_v3 to 2025-05-21 23:28:00+00:00, run_after=2025-05-21 23:29:00+00:00
[2025-05-21T23:29:41.735+0000] {processor.py:208} INFO - Processing /home/airflow/.local/lib/python3.12/site-packages/airflow/example_dags/example_branch_python_dop_operator_3.py took 0.249 seconds
[2025-05-21T23:30:11.894+0000] {processor.py:186} INFO - Started process (PID=1971) to work on /home/airflow/.local/lib/python3.12/site-packages/airflow/example_dags/example_branch_python_dop_operator_3.py
[2025-05-21T23:30:11.897+0000] {processor.py:914} INFO - Processing file /home/airflow/.local/lib/python3.12/site-packages/airflow/example_dags/example_branch_python_dop_operator_3.py for tasks to queue
[2025-05-21T23:30:11.901+0000] {logging_mixin.py:190} INFO - [2025-05-21T23:30:11.900+0000] {dagbag.py:588} INFO - Filling up the DagBag from /home/airflow/.local/lib/python3.12/site-packages/airflow/example_dags/example_branch_python_dop_operator_3.py
[2025-05-21T23:30:11.927+0000] {processor.py:925} INFO - DAG(s) 'example_branch_dop_operator_v3' retrieved from /home/airflow/.local/lib/python3.12/site-packages/airflow/example_dags/example_branch_python_dop_operator_3.py
[2025-05-21T23:30:11.973+0000] {logging_mixin.py:190} INFO - [2025-05-21T23:30:11.973+0000] {dag.py:3239} INFO - Sync 1 DAGs
[2025-05-21T23:30:12.039+0000] {logging_mixin.py:190} INFO - [2025-05-21T23:30:12.039+0000] {dag.py:4180} INFO - Setting next_dagrun for example_branch_dop_operator_v3 to 2025-05-21 23:29:00+00:00, run_after=2025-05-21 23:30:00+00:00
[2025-05-21T23:30:12.076+0000] {processor.py:208} INFO - Processing /home/airflow/.local/lib/python3.12/site-packages/airflow/example_dags/example_branch_python_dop_operator_3.py took 0.196 seconds
[2025-05-21T23:30:43.045+0000] {processor.py:186} INFO - Started process (PID=2037) to work on /home/airflow/.local/lib/python3.12/site-packages/airflow/example_dags/example_branch_python_dop_operator_3.py
[2025-05-21T23:30:43.047+0000] {processor.py:914} INFO - Processing file /home/airflow/.local/lib/python3.12/site-packages/airflow/example_dags/example_branch_python_dop_operator_3.py for tasks to queue
[2025-05-21T23:30:43.052+0000] {logging_mixin.py:190} INFO - [2025-05-21T23:30:43.052+0000] {dagbag.py:588} INFO - Filling up the DagBag from /home/airflow/.local/lib/python3.12/site-packages/airflow/example_dags/example_branch_python_dop_operator_3.py
[2025-05-21T23:30:43.071+0000] {processor.py:925} INFO - DAG(s) 'example_branch_dop_operator_v3' retrieved from /home/airflow/.local/lib/python3.12/site-packages/airflow/example_dags/example_branch_python_dop_operator_3.py
[2025-05-21T23:30:43.110+0000] {logging_mixin.py:190} INFO - [2025-05-21T23:30:43.109+0000] {dag.py:3239} INFO - Sync 1 DAGs
[2025-05-21T23:30:43.160+0000] {logging_mixin.py:190} INFO - [2025-05-21T23:30:43.160+0000] {dag.py:4180} INFO - Setting next_dagrun for example_branch_dop_operator_v3 to 2025-05-21 23:29:00+00:00, run_after=2025-05-21 23:30:00+00:00
[2025-05-21T23:30:43.200+0000] {processor.py:208} INFO - Processing /home/airflow/.local/lib/python3.12/site-packages/airflow/example_dags/example_branch_python_dop_operator_3.py took 0.165 seconds
[2025-05-21T23:31:14.022+0000] {processor.py:186} INFO - Started process (PID=2103) to work on /home/airflow/.local/lib/python3.12/site-packages/airflow/example_dags/example_branch_python_dop_operator_3.py
[2025-05-21T23:31:14.024+0000] {processor.py:914} INFO - Processing file /home/airflow/.local/lib/python3.12/site-packages/airflow/example_dags/example_branch_python_dop_operator_3.py for tasks to queue
[2025-05-21T23:31:14.029+0000] {logging_mixin.py:190} INFO - [2025-05-21T23:31:14.028+0000] {dagbag.py:588} INFO - Filling up the DagBag from /home/airflow/.local/lib/python3.12/site-packages/airflow/example_dags/example_branch_python_dop_operator_3.py
[2025-05-21T23:31:14.049+0000] {processor.py:925} INFO - DAG(s) 'example_branch_dop_operator_v3' retrieved from /home/airflow/.local/lib/python3.12/site-packages/airflow/example_dags/example_branch_python_dop_operator_3.py
[2025-05-21T23:31:14.090+0000] {logging_mixin.py:190} INFO - [2025-05-21T23:31:14.089+0000] {dag.py:3239} INFO - Sync 1 DAGs
[2025-05-21T23:31:14.155+0000] {logging_mixin.py:190} INFO - [2025-05-21T23:31:14.155+0000] {dag.py:4180} INFO - Setting next_dagrun for example_branch_dop_operator_v3 to 2025-05-21 23:30:00+00:00, run_after=2025-05-21 23:31:00+00:00
[2025-05-21T23:31:14.200+0000] {processor.py:208} INFO - Processing /home/airflow/.local/lib/python3.12/site-packages/airflow/example_dags/example_branch_python_dop_operator_3.py took 0.190 seconds
[2025-05-21T23:31:45.312+0000] {processor.py:186} INFO - Started process (PID=2168) to work on /home/airflow/.local/lib/python3.12/site-packages/airflow/example_dags/example_branch_python_dop_operator_3.py
[2025-05-21T23:31:45.314+0000] {processor.py:914} INFO - Processing file /home/airflow/.local/lib/python3.12/site-packages/airflow/example_dags/example_branch_python_dop_operator_3.py for tasks to queue
[2025-05-21T23:31:45.318+0000] {logging_mixin.py:190} INFO - [2025-05-21T23:31:45.318+0000] {dagbag.py:588} INFO - Filling up the DagBag from /home/airflow/.local/lib/python3.12/site-packages/airflow/example_dags/example_branch_python_dop_operator_3.py
[2025-05-21T23:31:45.339+0000] {processor.py:925} INFO - DAG(s) 'example_branch_dop_operator_v3' retrieved from /home/airflow/.local/lib/python3.12/site-packages/airflow/example_dags/example_branch_python_dop_operator_3.py
[2025-05-21T23:31:45.378+0000] {logging_mixin.py:190} INFO - [2025-05-21T23:31:45.378+0000] {dag.py:3239} INFO - Sync 1 DAGs
[2025-05-21T23:31:45.445+0000] {logging_mixin.py:190} INFO - [2025-05-21T23:31:45.445+0000] {dag.py:4180} INFO - Setting next_dagrun for example_branch_dop_operator_v3 to 2025-05-21 23:30:00+00:00, run_after=2025-05-21 23:31:00+00:00
[2025-05-21T23:31:45.484+0000] {processor.py:208} INFO - Processing /home/airflow/.local/lib/python3.12/site-packages/airflow/example_dags/example_branch_python_dop_operator_3.py took 0.184 seconds
[2025-05-21T23:32:15.740+0000] {processor.py:186} INFO - Started process (PID=2234) to work on /home/airflow/.local/lib/python3.12/site-packages/airflow/example_dags/example_branch_python_dop_operator_3.py
[2025-05-21T23:32:15.742+0000] {processor.py:914} INFO - Processing file /home/airflow/.local/lib/python3.12/site-packages/airflow/example_dags/example_branch_python_dop_operator_3.py for tasks to queue
[2025-05-21T23:32:15.747+0000] {logging_mixin.py:190} INFO - [2025-05-21T23:32:15.746+0000] {dagbag.py:588} INFO - Filling up the DagBag from /home/airflow/.local/lib/python3.12/site-packages/airflow/example_dags/example_branch_python_dop_operator_3.py
[2025-05-21T23:32:15.769+0000] {processor.py:925} INFO - DAG(s) 'example_branch_dop_operator_v3' retrieved from /home/airflow/.local/lib/python3.12/site-packages/airflow/example_dags/example_branch_python_dop_operator_3.py
[2025-05-21T23:32:15.810+0000] {logging_mixin.py:190} INFO - [2025-05-21T23:32:15.809+0000] {dag.py:3239} INFO - Sync 1 DAGs
[2025-05-21T23:32:15.870+0000] {logging_mixin.py:190} INFO - [2025-05-21T23:32:15.870+0000] {dag.py:4180} INFO - Setting next_dagrun for example_branch_dop_operator_v3 to 2025-05-21 23:31:00+00:00, run_after=2025-05-21 23:32:00+00:00
[2025-05-21T23:32:15.909+0000] {processor.py:208} INFO - Processing /home/airflow/.local/lib/python3.12/site-packages/airflow/example_dags/example_branch_python_dop_operator_3.py took 0.183 seconds
[2025-05-21T23:32:46.236+0000] {processor.py:186} INFO - Started process (PID=2299) to work on /home/airflow/.local/lib/python3.12/site-packages/airflow/example_dags/example_branch_python_dop_operator_3.py
[2025-05-21T23:32:46.238+0000] {processor.py:914} INFO - Processing file /home/airflow/.local/lib/python3.12/site-packages/airflow/example_dags/example_branch_python_dop_operator_3.py for tasks to queue
[2025-05-21T23:32:46.242+0000] {logging_mixin.py:190} INFO - [2025-05-21T23:32:46.242+0000] {dagbag.py:588} INFO - Filling up the DagBag from /home/airflow/.local/lib/python3.12/site-packages/airflow/example_dags/example_branch_python_dop_operator_3.py
[2025-05-21T23:32:46.261+0000] {processor.py:925} INFO - DAG(s) 'example_branch_dop_operator_v3' retrieved from /home/airflow/.local/lib/python3.12/site-packages/airflow/example_dags/example_branch_python_dop_operator_3.py
[2025-05-21T23:32:46.308+0000] {logging_mixin.py:190} INFO - [2025-05-21T23:32:46.307+0000] {dag.py:3239} INFO - Sync 1 DAGs
[2025-05-21T23:32:46.369+0000] {logging_mixin.py:190} INFO - [2025-05-21T23:32:46.368+0000] {dag.py:4180} INFO - Setting next_dagrun for example_branch_dop_operator_v3 to 2025-05-21 23:31:00+00:00, run_after=2025-05-21 23:32:00+00:00
[2025-05-21T23:32:46.413+0000] {processor.py:208} INFO - Processing /home/airflow/.local/lib/python3.12/site-packages/airflow/example_dags/example_branch_python_dop_operator_3.py took 0.188 seconds
[2025-05-21T23:33:16.512+0000] {processor.py:186} INFO - Started process (PID=2364) to work on /home/airflow/.local/lib/python3.12/site-packages/airflow/example_dags/example_branch_python_dop_operator_3.py
[2025-05-21T23:33:16.516+0000] {processor.py:914} INFO - Processing file /home/airflow/.local/lib/python3.12/site-packages/airflow/example_dags/example_branch_python_dop_operator_3.py for tasks to queue
[2025-05-21T23:33:16.520+0000] {logging_mixin.py:190} INFO - [2025-05-21T23:33:16.519+0000] {dagbag.py:588} INFO - Filling up the DagBag from /home/airflow/.local/lib/python3.12/site-packages/airflow/example_dags/example_branch_python_dop_operator_3.py
[2025-05-21T23:33:16.543+0000] {processor.py:925} INFO - DAG(s) 'example_branch_dop_operator_v3' retrieved from /home/airflow/.local/lib/python3.12/site-packages/airflow/example_dags/example_branch_python_dop_operator_3.py
[2025-05-21T23:33:16.585+0000] {logging_mixin.py:190} INFO - [2025-05-21T23:33:16.584+0000] {dag.py:3239} INFO - Sync 1 DAGs
[2025-05-21T23:33:16.638+0000] {logging_mixin.py:190} INFO - [2025-05-21T23:33:16.638+0000] {dag.py:4180} INFO - Setting next_dagrun for example_branch_dop_operator_v3 to 2025-05-21 23:32:00+00:00, run_after=2025-05-21 23:33:00+00:00
[2025-05-21T23:33:16.744+0000] {processor.py:208} INFO - Processing /home/airflow/.local/lib/python3.12/site-packages/airflow/example_dags/example_branch_python_dop_operator_3.py took 0.245 seconds
[2025-05-21T23:33:47.595+0000] {processor.py:186} INFO - Started process (PID=2430) to work on /home/airflow/.local/lib/python3.12/site-packages/airflow/example_dags/example_branch_python_dop_operator_3.py
[2025-05-21T23:33:47.597+0000] {processor.py:914} INFO - Processing file /home/airflow/.local/lib/python3.12/site-packages/airflow/example_dags/example_branch_python_dop_operator_3.py for tasks to queue
[2025-05-21T23:33:47.602+0000] {logging_mixin.py:190} INFO - [2025-05-21T23:33:47.602+0000] {dagbag.py:588} INFO - Filling up the DagBag from /home/airflow/.local/lib/python3.12/site-packages/airflow/example_dags/example_branch_python_dop_operator_3.py
[2025-05-21T23:33:47.622+0000] {processor.py:925} INFO - DAG(s) 'example_branch_dop_operator_v3' retrieved from /home/airflow/.local/lib/python3.12/site-packages/airflow/example_dags/example_branch_python_dop_operator_3.py
[2025-05-21T23:33:47.671+0000] {logging_mixin.py:190} INFO - [2025-05-21T23:33:47.670+0000] {dag.py:3239} INFO - Sync 1 DAGs
[2025-05-21T23:33:47.734+0000] {logging_mixin.py:190} INFO - [2025-05-21T23:33:47.734+0000] {dag.py:4180} INFO - Setting next_dagrun for example_branch_dop_operator_v3 to 2025-05-21 23:32:00+00:00, run_after=2025-05-21 23:33:00+00:00
[2025-05-21T23:33:47.773+0000] {processor.py:208} INFO - Processing /home/airflow/.local/lib/python3.12/site-packages/airflow/example_dags/example_branch_python_dop_operator_3.py took 0.190 seconds
[2025-05-21T23:34:18.234+0000] {processor.py:186} INFO - Started process (PID=2496) to work on /home/airflow/.local/lib/python3.12/site-packages/airflow/example_dags/example_branch_python_dop_operator_3.py
[2025-05-21T23:34:18.237+0000] {processor.py:914} INFO - Processing file /home/airflow/.local/lib/python3.12/site-packages/airflow/example_dags/example_branch_python_dop_operator_3.py for tasks to queue
[2025-05-21T23:34:18.241+0000] {logging_mixin.py:190} INFO - [2025-05-21T23:34:18.240+0000] {dagbag.py:588} INFO - Filling up the DagBag from /home/airflow/.local/lib/python3.12/site-packages/airflow/example_dags/example_branch_python_dop_operator_3.py
[2025-05-21T23:34:18.267+0000] {processor.py:925} INFO - DAG(s) 'example_branch_dop_operator_v3' retrieved from /home/airflow/.local/lib/python3.12/site-packages/airflow/example_dags/example_branch_python_dop_operator_3.py
[2025-05-21T23:34:18.310+0000] {logging_mixin.py:190} INFO - [2025-05-21T23:34:18.309+0000] {dag.py:3239} INFO - Sync 1 DAGs
[2025-05-21T23:34:18.375+0000] {logging_mixin.py:190} INFO - [2025-05-21T23:34:18.374+0000] {dag.py:4180} INFO - Setting next_dagrun for example_branch_dop_operator_v3 to 2025-05-21 23:33:00+00:00, run_after=2025-05-21 23:34:00+00:00
[2025-05-21T23:34:18.420+0000] {processor.py:208} INFO - Processing /home/airflow/.local/lib/python3.12/site-packages/airflow/example_dags/example_branch_python_dop_operator_3.py took 0.197 seconds
[2025-05-21T23:34:49.800+0000] {processor.py:186} INFO - Started process (PID=2569) to work on /home/airflow/.local/lib/python3.12/site-packages/airflow/example_dags/example_branch_python_dop_operator_3.py
[2025-05-21T23:34:49.803+0000] {processor.py:914} INFO - Processing file /home/airflow/.local/lib/python3.12/site-packages/airflow/example_dags/example_branch_python_dop_operator_3.py for tasks to queue
[2025-05-21T23:34:49.807+0000] {logging_mixin.py:190} INFO - [2025-05-21T23:34:49.807+0000] {dagbag.py:588} INFO - Filling up the DagBag from /home/airflow/.local/lib/python3.12/site-packages/airflow/example_dags/example_branch_python_dop_operator_3.py
[2025-05-21T23:34:49.827+0000] {processor.py:925} INFO - DAG(s) 'example_branch_dop_operator_v3' retrieved from /home/airflow/.local/lib/python3.12/site-packages/airflow/example_dags/example_branch_python_dop_operator_3.py
[2025-05-21T23:34:49.865+0000] {logging_mixin.py:190} INFO - [2025-05-21T23:34:49.865+0000] {dag.py:3239} INFO - Sync 1 DAGs
[2025-05-21T23:34:49.917+0000] {logging_mixin.py:190} INFO - [2025-05-21T23:34:49.916+0000] {dag.py:4180} INFO - Setting next_dagrun for example_branch_dop_operator_v3 to 2025-05-21 23:33:00+00:00, run_after=2025-05-21 23:34:00+00:00
[2025-05-21T23:34:49.955+0000] {processor.py:208} INFO - Processing /home/airflow/.local/lib/python3.12/site-packages/airflow/example_dags/example_branch_python_dop_operator_3.py took 0.169 seconds
[2025-05-21T23:35:20.641+0000] {processor.py:186} INFO - Started process (PID=2635) to work on /home/airflow/.local/lib/python3.12/site-packages/airflow/example_dags/example_branch_python_dop_operator_3.py
[2025-05-21T23:35:20.643+0000] {processor.py:914} INFO - Processing file /home/airflow/.local/lib/python3.12/site-packages/airflow/example_dags/example_branch_python_dop_operator_3.py for tasks to queue
[2025-05-21T23:35:20.648+0000] {logging_mixin.py:190} INFO - [2025-05-21T23:35:20.647+0000] {dagbag.py:588} INFO - Filling up the DagBag from /home/airflow/.local/lib/python3.12/site-packages/airflow/example_dags/example_branch_python_dop_operator_3.py
[2025-05-21T23:35:20.686+0000] {processor.py:925} INFO - DAG(s) 'example_branch_dop_operator_v3' retrieved from /home/airflow/.local/lib/python3.12/site-packages/airflow/example_dags/example_branch_python_dop_operator_3.py
[2025-05-21T23:35:20.741+0000] {logging_mixin.py:190} INFO - [2025-05-21T23:35:20.740+0000] {dag.py:3239} INFO - Sync 1 DAGs
[2025-05-21T23:35:20.805+0000] {logging_mixin.py:190} INFO - [2025-05-21T23:35:20.805+0000] {dag.py:4180} INFO - Setting next_dagrun for example_branch_dop_operator_v3 to 2025-05-21 23:34:00+00:00, run_after=2025-05-21 23:35:00+00:00
[2025-05-21T23:35:20.923+0000] {processor.py:208} INFO - Processing /home/airflow/.local/lib/python3.12/site-packages/airflow/example_dags/example_branch_python_dop_operator_3.py took 0.297 seconds
[2025-05-21T23:35:51.132+0000] {processor.py:186} INFO - Started process (PID=2700) to work on /home/airflow/.local/lib/python3.12/site-packages/airflow/example_dags/example_branch_python_dop_operator_3.py
[2025-05-21T23:35:51.134+0000] {processor.py:914} INFO - Processing file /home/airflow/.local/lib/python3.12/site-packages/airflow/example_dags/example_branch_python_dop_operator_3.py for tasks to queue
[2025-05-21T23:35:51.138+0000] {logging_mixin.py:190} INFO - [2025-05-21T23:35:51.138+0000] {dagbag.py:588} INFO - Filling up the DagBag from /home/airflow/.local/lib/python3.12/site-packages/airflow/example_dags/example_branch_python_dop_operator_3.py
[2025-05-21T23:35:51.163+0000] {processor.py:925} INFO - DAG(s) 'example_branch_dop_operator_v3' retrieved from /home/airflow/.local/lib/python3.12/site-packages/airflow/example_dags/example_branch_python_dop_operator_3.py
[2025-05-21T23:35:51.200+0000] {logging_mixin.py:190} INFO - [2025-05-21T23:35:51.200+0000] {dag.py:3239} INFO - Sync 1 DAGs
[2025-05-21T23:35:51.250+0000] {logging_mixin.py:190} INFO - [2025-05-21T23:35:51.250+0000] {dag.py:4180} INFO - Setting next_dagrun for example_branch_dop_operator_v3 to 2025-05-21 23:34:00+00:00, run_after=2025-05-21 23:35:00+00:00
[2025-05-21T23:35:51.288+0000] {processor.py:208} INFO - Processing /home/airflow/.local/lib/python3.12/site-packages/airflow/example_dags/example_branch_python_dop_operator_3.py took 0.166 seconds
[2025-05-21T23:36:21.902+0000] {processor.py:186} INFO - Started process (PID=2766) to work on /home/airflow/.local/lib/python3.12/site-packages/airflow/example_dags/example_branch_python_dop_operator_3.py
[2025-05-21T23:36:21.904+0000] {processor.py:914} INFO - Processing file /home/airflow/.local/lib/python3.12/site-packages/airflow/example_dags/example_branch_python_dop_operator_3.py for tasks to queue
[2025-05-21T23:36:21.908+0000] {logging_mixin.py:190} INFO - [2025-05-21T23:36:21.907+0000] {dagbag.py:588} INFO - Filling up the DagBag from /home/airflow/.local/lib/python3.12/site-packages/airflow/example_dags/example_branch_python_dop_operator_3.py
[2025-05-21T23:36:21.926+0000] {processor.py:925} INFO - DAG(s) 'example_branch_dop_operator_v3' retrieved from /home/airflow/.local/lib/python3.12/site-packages/airflow/example_dags/example_branch_python_dop_operator_3.py
[2025-05-21T23:36:21.962+0000] {logging_mixin.py:190} INFO - [2025-05-21T23:36:21.962+0000] {dag.py:3239} INFO - Sync 1 DAGs
[2025-05-21T23:36:22.015+0000] {logging_mixin.py:190} INFO - [2025-05-21T23:36:22.014+0000] {dag.py:4180} INFO - Setting next_dagrun for example_branch_dop_operator_v3 to 2025-05-21 23:35:00+00:00, run_after=2025-05-21 23:36:00+00:00
[2025-05-21T23:36:22.117+0000] {processor.py:208} INFO - Processing /home/airflow/.local/lib/python3.12/site-packages/airflow/example_dags/example_branch_python_dop_operator_3.py took 0.225 seconds
[2025-05-21T23:36:52.846+0000] {processor.py:186} INFO - Started process (PID=2832) to work on /home/airflow/.local/lib/python3.12/site-packages/airflow/example_dags/example_branch_python_dop_operator_3.py
[2025-05-21T23:36:52.849+0000] {processor.py:914} INFO - Processing file /home/airflow/.local/lib/python3.12/site-packages/airflow/example_dags/example_branch_python_dop_operator_3.py for tasks to queue
[2025-05-21T23:36:52.853+0000] {logging_mixin.py:190} INFO - [2025-05-21T23:36:52.852+0000] {dagbag.py:588} INFO - Filling up the DagBag from /home/airflow/.local/lib/python3.12/site-packages/airflow/example_dags/example_branch_python_dop_operator_3.py
[2025-05-21T23:36:52.875+0000] {processor.py:925} INFO - DAG(s) 'example_branch_dop_operator_v3' retrieved from /home/airflow/.local/lib/python3.12/site-packages/airflow/example_dags/example_branch_python_dop_operator_3.py
[2025-05-21T23:36:52.921+0000] {logging_mixin.py:190} INFO - [2025-05-21T23:36:52.920+0000] {dag.py:3239} INFO - Sync 1 DAGs
[2025-05-21T23:36:52.976+0000] {logging_mixin.py:190} INFO - [2025-05-21T23:36:52.976+0000] {dag.py:4180} INFO - Setting next_dagrun for example_branch_dop_operator_v3 to 2025-05-21 23:35:00+00:00, run_after=2025-05-21 23:36:00+00:00
[2025-05-21T23:36:53.016+0000] {processor.py:208} INFO - Processing /home/airflow/.local/lib/python3.12/site-packages/airflow/example_dags/example_branch_python_dop_operator_3.py took 0.184 seconds
[2025-05-21T23:37:23.166+0000] {processor.py:186} INFO - Started process (PID=2897) to work on /home/airflow/.local/lib/python3.12/site-packages/airflow/example_dags/example_branch_python_dop_operator_3.py
[2025-05-21T23:37:23.168+0000] {processor.py:914} INFO - Processing file /home/airflow/.local/lib/python3.12/site-packages/airflow/example_dags/example_branch_python_dop_operator_3.py for tasks to queue
[2025-05-21T23:37:23.172+0000] {logging_mixin.py:190} INFO - [2025-05-21T23:37:23.171+0000] {dagbag.py:588} INFO - Filling up the DagBag from /home/airflow/.local/lib/python3.12/site-packages/airflow/example_dags/example_branch_python_dop_operator_3.py
[2025-05-21T23:37:23.194+0000] {processor.py:925} INFO - DAG(s) 'example_branch_dop_operator_v3' retrieved from /home/airflow/.local/lib/python3.12/site-packages/airflow/example_dags/example_branch_python_dop_operator_3.py
[2025-05-21T23:37:23.233+0000] {logging_mixin.py:190} INFO - [2025-05-21T23:37:23.232+0000] {dag.py:3239} INFO - Sync 1 DAGs
[2025-05-21T23:37:23.282+0000] {logging_mixin.py:190} INFO - [2025-05-21T23:37:23.282+0000] {dag.py:4180} INFO - Setting next_dagrun for example_branch_dop_operator_v3 to 2025-05-21 23:36:00+00:00, run_after=2025-05-21 23:37:00+00:00
[2025-05-21T23:37:23.317+0000] {processor.py:208} INFO - Processing /home/airflow/.local/lib/python3.12/site-packages/airflow/example_dags/example_branch_python_dop_operator_3.py took 0.162 seconds
[2025-05-21T23:41:31.805+0000] {processor.py:186} INFO - Started process (PID=126) to work on /home/airflow/.local/lib/python3.12/site-packages/airflow/example_dags/example_branch_python_dop_operator_3.py
[2025-05-21T23:41:31.807+0000] {processor.py:914} INFO - Processing file /home/airflow/.local/lib/python3.12/site-packages/airflow/example_dags/example_branch_python_dop_operator_3.py for tasks to queue
[2025-05-21T23:41:31.811+0000] {logging_mixin.py:190} INFO - [2025-05-21T23:41:31.810+0000] {dagbag.py:588} INFO - Filling up the DagBag from /home/airflow/.local/lib/python3.12/site-packages/airflow/example_dags/example_branch_python_dop_operator_3.py
[2025-05-21T23:41:31.833+0000] {processor.py:925} INFO - DAG(s) 'example_branch_dop_operator_v3' retrieved from /home/airflow/.local/lib/python3.12/site-packages/airflow/example_dags/example_branch_python_dop_operator_3.py
[2025-05-21T23:41:32.084+0000] {logging_mixin.py:190} INFO - [2025-05-21T23:41:32.083+0000] {override.py:1930} INFO - Created Permission View: can read on DAG:example_branch_dop_operator_v3
[2025-05-21T23:41:32.110+0000] {logging_mixin.py:190} INFO - [2025-05-21T23:41:32.110+0000] {override.py:1930} INFO - Created Permission View: can delete on DAG:example_branch_dop_operator_v3
[2025-05-21T23:41:32.126+0000] {logging_mixin.py:190} INFO - [2025-05-21T23:41:32.125+0000] {override.py:1930} INFO - Created Permission View: can edit on DAG:example_branch_dop_operator_v3
[2025-05-21T23:41:32.149+0000] {logging_mixin.py:190} INFO - [2025-05-21T23:41:32.147+0000] {override.py:1930} INFO - Created Permission View: can read on DAG Run:example_branch_dop_operator_v3
[2025-05-21T23:41:32.171+0000] {logging_mixin.py:190} INFO - [2025-05-21T23:41:32.170+0000] {override.py:1930} INFO - Created Permission View: can delete on DAG Run:example_branch_dop_operator_v3
[2025-05-21T23:41:32.188+0000] {logging_mixin.py:190} INFO - [2025-05-21T23:41:32.187+0000] {override.py:1930} INFO - Created Permission View: menu access on DAG Run:example_branch_dop_operator_v3
[2025-05-21T23:41:32.206+0000] {logging_mixin.py:190} INFO - [2025-05-21T23:41:32.205+0000] {override.py:1930} INFO - Created Permission View: can create on DAG Run:example_branch_dop_operator_v3
[2025-05-21T23:41:32.207+0000] {logging_mixin.py:190} INFO - [2025-05-21T23:41:32.207+0000] {dag.py:3239} INFO - Sync 1 DAGs
[2025-05-21T23:41:32.243+0000] {logging_mixin.py:190} INFO - [2025-05-21T23:41:32.243+0000] {dag.py:3262} INFO - Creating ORM DAG for example_branch_dop_operator_v3
[2025-05-21T23:41:32.277+0000] {logging_mixin.py:190} INFO - [2025-05-21T23:41:32.276+0000] {dag.py:4180} INFO - Setting next_dagrun for example_branch_dop_operator_v3 to 2025-05-21 23:40:00+00:00, run_after=2025-05-21 23:41:00+00:00
[2025-05-21T23:41:32.314+0000] {processor.py:208} INFO - Processing /home/airflow/.local/lib/python3.12/site-packages/airflow/example_dags/example_branch_python_dop_operator_3.py took 0.519 seconds
[2025-05-21T23:42:03.170+0000] {processor.py:186} INFO - Started process (PID=192) to work on /home/airflow/.local/lib/python3.12/site-packages/airflow/example_dags/example_branch_python_dop_operator_3.py
[2025-05-21T23:42:03.172+0000] {processor.py:914} INFO - Processing file /home/airflow/.local/lib/python3.12/site-packages/airflow/example_dags/example_branch_python_dop_operator_3.py for tasks to queue
[2025-05-21T23:42:03.176+0000] {logging_mixin.py:190} INFO - [2025-05-21T23:42:03.175+0000] {dagbag.py:588} INFO - Filling up the DagBag from /home/airflow/.local/lib/python3.12/site-packages/airflow/example_dags/example_branch_python_dop_operator_3.py
[2025-05-21T23:42:03.196+0000] {processor.py:925} INFO - DAG(s) 'example_branch_dop_operator_v3' retrieved from /home/airflow/.local/lib/python3.12/site-packages/airflow/example_dags/example_branch_python_dop_operator_3.py
[2025-05-21T23:42:03.238+0000] {logging_mixin.py:190} INFO - [2025-05-21T23:42:03.237+0000] {dag.py:3239} INFO - Sync 1 DAGs
[2025-05-21T23:42:03.301+0000] {logging_mixin.py:190} INFO - [2025-05-21T23:42:03.300+0000] {dag.py:4180} INFO - Setting next_dagrun for example_branch_dop_operator_v3 to 2025-05-21 23:41:00+00:00, run_after=2025-05-21 23:42:00+00:00
[2025-05-21T23:42:03.346+0000] {processor.py:208} INFO - Processing /home/airflow/.local/lib/python3.12/site-packages/airflow/example_dags/example_branch_python_dop_operator_3.py took 0.186 seconds
[2025-05-21T23:42:33.464+0000] {processor.py:186} INFO - Started process (PID=257) to work on /home/airflow/.local/lib/python3.12/site-packages/airflow/example_dags/example_branch_python_dop_operator_3.py
[2025-05-21T23:42:33.467+0000] {processor.py:914} INFO - Processing file /home/airflow/.local/lib/python3.12/site-packages/airflow/example_dags/example_branch_python_dop_operator_3.py for tasks to queue
[2025-05-21T23:42:33.474+0000] {logging_mixin.py:190} INFO - [2025-05-21T23:42:33.473+0000] {dagbag.py:588} INFO - Filling up the DagBag from /home/airflow/.local/lib/python3.12/site-packages/airflow/example_dags/example_branch_python_dop_operator_3.py
[2025-05-21T23:42:33.498+0000] {processor.py:925} INFO - DAG(s) 'example_branch_dop_operator_v3' retrieved from /home/airflow/.local/lib/python3.12/site-packages/airflow/example_dags/example_branch_python_dop_operator_3.py
[2025-05-21T23:42:33.546+0000] {logging_mixin.py:190} INFO - [2025-05-21T23:42:33.545+0000] {dag.py:3239} INFO - Sync 1 DAGs
[2025-05-21T23:42:33.607+0000] {logging_mixin.py:190} INFO - [2025-05-21T23:42:33.606+0000] {dag.py:4180} INFO - Setting next_dagrun for example_branch_dop_operator_v3 to 2025-05-21 23:41:00+00:00, run_after=2025-05-21 23:42:00+00:00
[2025-05-21T23:42:33.647+0000] {processor.py:208} INFO - Processing /home/airflow/.local/lib/python3.12/site-packages/airflow/example_dags/example_branch_python_dop_operator_3.py took 0.200 seconds
[2025-05-21T23:43:04.299+0000] {processor.py:186} INFO - Started process (PID=323) to work on /home/airflow/.local/lib/python3.12/site-packages/airflow/example_dags/example_branch_python_dop_operator_3.py
[2025-05-21T23:43:04.303+0000] {processor.py:914} INFO - Processing file /home/airflow/.local/lib/python3.12/site-packages/airflow/example_dags/example_branch_python_dop_operator_3.py for tasks to queue
[2025-05-21T23:43:04.309+0000] {logging_mixin.py:190} INFO - [2025-05-21T23:43:04.309+0000] {dagbag.py:588} INFO - Filling up the DagBag from /home/airflow/.local/lib/python3.12/site-packages/airflow/example_dags/example_branch_python_dop_operator_3.py
[2025-05-21T23:43:04.335+0000] {processor.py:925} INFO - DAG(s) 'example_branch_dop_operator_v3' retrieved from /home/airflow/.local/lib/python3.12/site-packages/airflow/example_dags/example_branch_python_dop_operator_3.py
[2025-05-21T23:43:04.380+0000] {logging_mixin.py:190} INFO - [2025-05-21T23:43:04.379+0000] {dag.py:3239} INFO - Sync 1 DAGs
[2025-05-21T23:43:04.442+0000] {logging_mixin.py:190} INFO - [2025-05-21T23:43:04.441+0000] {dag.py:4180} INFO - Setting next_dagrun for example_branch_dop_operator_v3 to 2025-05-21 23:42:00+00:00, run_after=2025-05-21 23:43:00+00:00
[2025-05-21T23:43:04.518+0000] {processor.py:208} INFO - Processing /home/airflow/.local/lib/python3.12/site-packages/airflow/example_dags/example_branch_python_dop_operator_3.py took 0.238 seconds
[2025-05-21T23:43:35.460+0000] {processor.py:186} INFO - Started process (PID=389) to work on /home/airflow/.local/lib/python3.12/site-packages/airflow/example_dags/example_branch_python_dop_operator_3.py
[2025-05-21T23:43:35.462+0000] {processor.py:914} INFO - Processing file /home/airflow/.local/lib/python3.12/site-packages/airflow/example_dags/example_branch_python_dop_operator_3.py for tasks to queue
[2025-05-21T23:43:35.467+0000] {logging_mixin.py:190} INFO - [2025-05-21T23:43:35.466+0000] {dagbag.py:588} INFO - Filling up the DagBag from /home/airflow/.local/lib/python3.12/site-packages/airflow/example_dags/example_branch_python_dop_operator_3.py
[2025-05-21T23:43:35.486+0000] {processor.py:925} INFO - DAG(s) 'example_branch_dop_operator_v3' retrieved from /home/airflow/.local/lib/python3.12/site-packages/airflow/example_dags/example_branch_python_dop_operator_3.py
[2025-05-21T23:43:35.524+0000] {logging_mixin.py:190} INFO - [2025-05-21T23:43:35.523+0000] {dag.py:3239} INFO - Sync 1 DAGs
[2025-05-21T23:43:35.575+0000] {logging_mixin.py:190} INFO - [2025-05-21T23:43:35.575+0000] {dag.py:4180} INFO - Setting next_dagrun for example_branch_dop_operator_v3 to 2025-05-21 23:42:00+00:00, run_after=2025-05-21 23:43:00+00:00
[2025-05-21T23:43:35.636+0000] {processor.py:208} INFO - Processing /home/airflow/.local/lib/python3.12/site-packages/airflow/example_dags/example_branch_python_dop_operator_3.py took 0.189 seconds
[2025-05-21T23:44:05.933+0000] {processor.py:186} INFO - Started process (PID=454) to work on /home/airflow/.local/lib/python3.12/site-packages/airflow/example_dags/example_branch_python_dop_operator_3.py
[2025-05-21T23:44:05.935+0000] {processor.py:914} INFO - Processing file /home/airflow/.local/lib/python3.12/site-packages/airflow/example_dags/example_branch_python_dop_operator_3.py for tasks to queue
[2025-05-21T23:44:05.940+0000] {logging_mixin.py:190} INFO - [2025-05-21T23:44:05.939+0000] {dagbag.py:588} INFO - Filling up the DagBag from /home/airflow/.local/lib/python3.12/site-packages/airflow/example_dags/example_branch_python_dop_operator_3.py
[2025-05-21T23:44:05.963+0000] {processor.py:925} INFO - DAG(s) 'example_branch_dop_operator_v3' retrieved from /home/airflow/.local/lib/python3.12/site-packages/airflow/example_dags/example_branch_python_dop_operator_3.py
[2025-05-21T23:44:06.008+0000] {logging_mixin.py:190} INFO - [2025-05-21T23:44:06.007+0000] {dag.py:3239} INFO - Sync 1 DAGs
[2025-05-21T23:44:06.067+0000] {logging_mixin.py:190} INFO - [2025-05-21T23:44:06.066+0000] {dag.py:4180} INFO - Setting next_dagrun for example_branch_dop_operator_v3 to 2025-05-21 23:43:00+00:00, run_after=2025-05-21 23:44:00+00:00
[2025-05-21T23:44:06.149+0000] {processor.py:208} INFO - Processing /home/airflow/.local/lib/python3.12/site-packages/airflow/example_dags/example_branch_python_dop_operator_3.py took 0.228 seconds
[2025-05-21T23:44:37.134+0000] {processor.py:186} INFO - Started process (PID=520) to work on /home/airflow/.local/lib/python3.12/site-packages/airflow/example_dags/example_branch_python_dop_operator_3.py
[2025-05-21T23:44:37.137+0000] {processor.py:914} INFO - Processing file /home/airflow/.local/lib/python3.12/site-packages/airflow/example_dags/example_branch_python_dop_operator_3.py for tasks to queue
[2025-05-21T23:44:37.141+0000] {logging_mixin.py:190} INFO - [2025-05-21T23:44:37.141+0000] {dagbag.py:588} INFO - Filling up the DagBag from /home/airflow/.local/lib/python3.12/site-packages/airflow/example_dags/example_branch_python_dop_operator_3.py
[2025-05-21T23:44:37.162+0000] {processor.py:925} INFO - DAG(s) 'example_branch_dop_operator_v3' retrieved from /home/airflow/.local/lib/python3.12/site-packages/airflow/example_dags/example_branch_python_dop_operator_3.py
[2025-05-21T23:44:37.202+0000] {logging_mixin.py:190} INFO - [2025-05-21T23:44:37.201+0000] {dag.py:3239} INFO - Sync 1 DAGs
[2025-05-21T23:44:37.251+0000] {logging_mixin.py:190} INFO - [2025-05-21T23:44:37.251+0000] {dag.py:4180} INFO - Setting next_dagrun for example_branch_dop_operator_v3 to 2025-05-21 23:43:00+00:00, run_after=2025-05-21 23:44:00+00:00
[2025-05-21T23:44:37.295+0000] {processor.py:208} INFO - Processing /home/airflow/.local/lib/python3.12/site-packages/airflow/example_dags/example_branch_python_dop_operator_3.py took 0.174 seconds
