[2025-05-21T23:15:39.993+0000] {processor.py:186} INFO - Started process (PID=89) to work on /home/airflow/.local/lib/python3.12/site-packages/airflow/example_dags/example_task_group.py
[2025-05-21T23:15:39.995+0000] {processor.py:914} INFO - Processing file /home/airflow/.local/lib/python3.12/site-packages/airflow/example_dags/example_task_group.py for tasks to queue
[2025-05-21T23:15:40.001+0000] {logging_mixin.py:190} INFO - [2025-05-21T23:15:40.000+0000] {dagbag.py:588} INFO - Filling up the DagBag from /home/airflow/.local/lib/python3.12/site-packages/airflow/example_dags/example_task_group.py
[2025-05-21T23:15:40.032+0000] {processor.py:925} INFO - DAG(s) 'example_task_group' retrieved from /home/airflow/.local/lib/python3.12/site-packages/airflow/example_dags/example_task_group.py
[2025-05-21T23:15:40.380+0000] {logging_mixin.py:190} INFO - [2025-05-21T23:15:40.378+0000] {override.py:1930} INFO - Created Permission View: can delete on DAG:example_task_group
[2025-05-21T23:15:40.404+0000] {logging_mixin.py:190} INFO - [2025-05-21T23:15:40.404+0000] {override.py:1930} INFO - Created Permission View: can read on DAG:example_task_group
[2025-05-21T23:15:40.419+0000] {logging_mixin.py:190} INFO - [2025-05-21T23:15:40.418+0000] {override.py:1930} INFO - Created Permission View: can edit on DAG:example_task_group
[2025-05-21T23:15:40.437+0000] {logging_mixin.py:190} INFO - [2025-05-21T23:15:40.436+0000] {override.py:1930} INFO - Created Permission View: can delete on DAG Run:example_task_group
[2025-05-21T23:15:40.453+0000] {logging_mixin.py:190} INFO - [2025-05-21T23:15:40.452+0000] {override.py:1930} INFO - Created Permission View: can read on DAG Run:example_task_group
[2025-05-21T23:15:40.470+0000] {logging_mixin.py:190} INFO - [2025-05-21T23:15:40.470+0000] {override.py:1930} INFO - Created Permission View: menu access on DAG Run:example_task_group
[2025-05-21T23:15:40.487+0000] {logging_mixin.py:190} INFO - [2025-05-21T23:15:40.486+0000] {override.py:1930} INFO - Created Permission View: can create on DAG Run:example_task_group
[2025-05-21T23:15:40.489+0000] {logging_mixin.py:190} INFO - [2025-05-21T23:15:40.488+0000] {dag.py:3239} INFO - Sync 1 DAGs
[2025-05-21T23:15:40.523+0000] {logging_mixin.py:190} INFO - [2025-05-21T23:15:40.523+0000] {dag.py:3262} INFO - Creating ORM DAG for example_task_group
[2025-05-21T23:15:40.526+0000] {logging_mixin.py:190} INFO - [2025-05-21T23:15:40.526+0000] {dag.py:4180} INFO - Setting next_dagrun for example_task_group to None, run_after=None
[2025-05-21T23:15:40.566+0000] {processor.py:208} INFO - Processing /home/airflow/.local/lib/python3.12/site-packages/airflow/example_dags/example_task_group.py took 0.584 seconds
[2025-05-21T23:16:11.223+0000] {processor.py:186} INFO - Started process (PID=154) to work on /home/airflow/.local/lib/python3.12/site-packages/airflow/example_dags/example_task_group.py
[2025-05-21T23:16:11.225+0000] {processor.py:914} INFO - Processing file /home/airflow/.local/lib/python3.12/site-packages/airflow/example_dags/example_task_group.py for tasks to queue
[2025-05-21T23:16:11.231+0000] {logging_mixin.py:190} INFO - [2025-05-21T23:16:11.230+0000] {dagbag.py:588} INFO - Filling up the DagBag from /home/airflow/.local/lib/python3.12/site-packages/airflow/example_dags/example_task_group.py
[2025-05-21T23:16:11.248+0000] {processor.py:925} INFO - DAG(s) 'example_task_group' retrieved from /home/airflow/.local/lib/python3.12/site-packages/airflow/example_dags/example_task_group.py
[2025-05-21T23:16:11.294+0000] {logging_mixin.py:190} INFO - [2025-05-21T23:16:11.293+0000] {dag.py:3239} INFO - Sync 1 DAGs
[2025-05-21T23:16:11.323+0000] {logging_mixin.py:190} INFO - [2025-05-21T23:16:11.323+0000] {dag.py:4180} INFO - Setting next_dagrun for example_task_group to None, run_after=None
[2025-05-21T23:16:11.433+0000] {processor.py:208} INFO - Processing /home/airflow/.local/lib/python3.12/site-packages/airflow/example_dags/example_task_group.py took 0.221 seconds
[2025-05-21T23:16:41.586+0000] {processor.py:186} INFO - Started process (PID=220) to work on /home/airflow/.local/lib/python3.12/site-packages/airflow/example_dags/example_task_group.py
[2025-05-21T23:16:41.588+0000] {processor.py:914} INFO - Processing file /home/airflow/.local/lib/python3.12/site-packages/airflow/example_dags/example_task_group.py for tasks to queue
[2025-05-21T23:16:41.592+0000] {logging_mixin.py:190} INFO - [2025-05-21T23:16:41.592+0000] {dagbag.py:588} INFO - Filling up the DagBag from /home/airflow/.local/lib/python3.12/site-packages/airflow/example_dags/example_task_group.py
[2025-05-21T23:16:41.609+0000] {processor.py:925} INFO - DAG(s) 'example_task_group' retrieved from /home/airflow/.local/lib/python3.12/site-packages/airflow/example_dags/example_task_group.py
[2025-05-21T23:16:41.653+0000] {logging_mixin.py:190} INFO - [2025-05-21T23:16:41.653+0000] {dag.py:3239} INFO - Sync 1 DAGs
[2025-05-21T23:16:41.681+0000] {logging_mixin.py:190} INFO - [2025-05-21T23:16:41.681+0000] {dag.py:4180} INFO - Setting next_dagrun for example_task_group to None, run_after=None
[2025-05-21T23:16:41.771+0000] {processor.py:208} INFO - Processing /home/airflow/.local/lib/python3.12/site-packages/airflow/example_dags/example_task_group.py took 0.196 seconds
[2025-05-21T23:17:12.351+0000] {processor.py:186} INFO - Started process (PID=290) to work on /home/airflow/.local/lib/python3.12/site-packages/airflow/example_dags/example_task_group.py
[2025-05-21T23:17:12.353+0000] {processor.py:914} INFO - Processing file /home/airflow/.local/lib/python3.12/site-packages/airflow/example_dags/example_task_group.py for tasks to queue
[2025-05-21T23:17:12.358+0000] {logging_mixin.py:190} INFO - [2025-05-21T23:17:12.357+0000] {dagbag.py:588} INFO - Filling up the DagBag from /home/airflow/.local/lib/python3.12/site-packages/airflow/example_dags/example_task_group.py
[2025-05-21T23:17:12.378+0000] {processor.py:925} INFO - DAG(s) 'example_task_group' retrieved from /home/airflow/.local/lib/python3.12/site-packages/airflow/example_dags/example_task_group.py
[2025-05-21T23:17:12.429+0000] {logging_mixin.py:190} INFO - [2025-05-21T23:17:12.428+0000] {dag.py:3239} INFO - Sync 1 DAGs
[2025-05-21T23:17:12.463+0000] {logging_mixin.py:190} INFO - [2025-05-21T23:17:12.462+0000] {dag.py:4180} INFO - Setting next_dagrun for example_task_group to None, run_after=None
[2025-05-21T23:17:12.559+0000] {processor.py:208} INFO - Processing /home/airflow/.local/lib/python3.12/site-packages/airflow/example_dags/example_task_group.py took 0.219 seconds
[2025-05-21T23:17:43.189+0000] {processor.py:186} INFO - Started process (PID=356) to work on /home/airflow/.local/lib/python3.12/site-packages/airflow/example_dags/example_task_group.py
[2025-05-21T23:17:43.191+0000] {processor.py:914} INFO - Processing file /home/airflow/.local/lib/python3.12/site-packages/airflow/example_dags/example_task_group.py for tasks to queue
[2025-05-21T23:17:43.195+0000] {logging_mixin.py:190} INFO - [2025-05-21T23:17:43.195+0000] {dagbag.py:588} INFO - Filling up the DagBag from /home/airflow/.local/lib/python3.12/site-packages/airflow/example_dags/example_task_group.py
[2025-05-21T23:17:43.213+0000] {processor.py:925} INFO - DAG(s) 'example_task_group' retrieved from /home/airflow/.local/lib/python3.12/site-packages/airflow/example_dags/example_task_group.py
[2025-05-21T23:17:43.282+0000] {logging_mixin.py:190} INFO - [2025-05-21T23:17:43.280+0000] {dag.py:3239} INFO - Sync 1 DAGs
[2025-05-21T23:17:43.321+0000] {logging_mixin.py:190} INFO - [2025-05-21T23:17:43.320+0000] {dag.py:4180} INFO - Setting next_dagrun for example_task_group to None, run_after=None
[2025-05-21T23:17:43.419+0000] {processor.py:208} INFO - Processing /home/airflow/.local/lib/python3.12/site-packages/airflow/example_dags/example_task_group.py took 0.241 seconds
[2025-05-21T23:18:13.719+0000] {processor.py:186} INFO - Started process (PID=422) to work on /home/airflow/.local/lib/python3.12/site-packages/airflow/example_dags/example_task_group.py
[2025-05-21T23:18:13.721+0000] {processor.py:914} INFO - Processing file /home/airflow/.local/lib/python3.12/site-packages/airflow/example_dags/example_task_group.py for tasks to queue
[2025-05-21T23:18:13.726+0000] {logging_mixin.py:190} INFO - [2025-05-21T23:18:13.725+0000] {dagbag.py:588} INFO - Filling up the DagBag from /home/airflow/.local/lib/python3.12/site-packages/airflow/example_dags/example_task_group.py
[2025-05-21T23:18:13.744+0000] {processor.py:925} INFO - DAG(s) 'example_task_group' retrieved from /home/airflow/.local/lib/python3.12/site-packages/airflow/example_dags/example_task_group.py
[2025-05-21T23:18:13.797+0000] {logging_mixin.py:190} INFO - [2025-05-21T23:18:13.796+0000] {dag.py:3239} INFO - Sync 1 DAGs
[2025-05-21T23:18:13.834+0000] {logging_mixin.py:190} INFO - [2025-05-21T23:18:13.833+0000] {dag.py:4180} INFO - Setting next_dagrun for example_task_group to None, run_after=None
[2025-05-21T23:18:13.880+0000] {processor.py:208} INFO - Processing /home/airflow/.local/lib/python3.12/site-packages/airflow/example_dags/example_task_group.py took 0.176 seconds
[2025-05-21T23:18:44.561+0000] {processor.py:186} INFO - Started process (PID=488) to work on /home/airflow/.local/lib/python3.12/site-packages/airflow/example_dags/example_task_group.py
[2025-05-21T23:18:44.564+0000] {processor.py:914} INFO - Processing file /home/airflow/.local/lib/python3.12/site-packages/airflow/example_dags/example_task_group.py for tasks to queue
[2025-05-21T23:18:44.569+0000] {logging_mixin.py:190} INFO - [2025-05-21T23:18:44.569+0000] {dagbag.py:588} INFO - Filling up the DagBag from /home/airflow/.local/lib/python3.12/site-packages/airflow/example_dags/example_task_group.py
[2025-05-21T23:18:44.588+0000] {processor.py:925} INFO - DAG(s) 'example_task_group' retrieved from /home/airflow/.local/lib/python3.12/site-packages/airflow/example_dags/example_task_group.py
[2025-05-21T23:18:44.637+0000] {logging_mixin.py:190} INFO - [2025-05-21T23:18:44.636+0000] {dag.py:3239} INFO - Sync 1 DAGs
[2025-05-21T23:18:44.673+0000] {logging_mixin.py:190} INFO - [2025-05-21T23:18:44.672+0000] {dag.py:4180} INFO - Setting next_dagrun for example_task_group to None, run_after=None
[2025-05-21T23:18:44.734+0000] {processor.py:208} INFO - Processing /home/airflow/.local/lib/python3.12/site-packages/airflow/example_dags/example_task_group.py took 0.186 seconds
[2025-05-21T23:19:15.302+0000] {processor.py:186} INFO - Started process (PID=554) to work on /home/airflow/.local/lib/python3.12/site-packages/airflow/example_dags/example_task_group.py
[2025-05-21T23:19:15.305+0000] {processor.py:914} INFO - Processing file /home/airflow/.local/lib/python3.12/site-packages/airflow/example_dags/example_task_group.py for tasks to queue
[2025-05-21T23:19:15.309+0000] {logging_mixin.py:190} INFO - [2025-05-21T23:19:15.309+0000] {dagbag.py:588} INFO - Filling up the DagBag from /home/airflow/.local/lib/python3.12/site-packages/airflow/example_dags/example_task_group.py
[2025-05-21T23:19:15.327+0000] {processor.py:925} INFO - DAG(s) 'example_task_group' retrieved from /home/airflow/.local/lib/python3.12/site-packages/airflow/example_dags/example_task_group.py
[2025-05-21T23:19:15.374+0000] {logging_mixin.py:190} INFO - [2025-05-21T23:19:15.373+0000] {dag.py:3239} INFO - Sync 1 DAGs
[2025-05-21T23:19:15.410+0000] {logging_mixin.py:190} INFO - [2025-05-21T23:19:15.410+0000] {dag.py:4180} INFO - Setting next_dagrun for example_task_group to None, run_after=None
[2025-05-21T23:19:15.515+0000] {processor.py:208} INFO - Processing /home/airflow/.local/lib/python3.12/site-packages/airflow/example_dags/example_task_group.py took 0.224 seconds
[2025-05-21T23:19:46.650+0000] {processor.py:186} INFO - Started process (PID=626) to work on /home/airflow/.local/lib/python3.12/site-packages/airflow/example_dags/example_task_group.py
[2025-05-21T23:19:46.652+0000] {processor.py:914} INFO - Processing file /home/airflow/.local/lib/python3.12/site-packages/airflow/example_dags/example_task_group.py for tasks to queue
[2025-05-21T23:19:46.656+0000] {logging_mixin.py:190} INFO - [2025-05-21T23:19:46.655+0000] {dagbag.py:588} INFO - Filling up the DagBag from /home/airflow/.local/lib/python3.12/site-packages/airflow/example_dags/example_task_group.py
[2025-05-21T23:19:46.673+0000] {processor.py:925} INFO - DAG(s) 'example_task_group' retrieved from /home/airflow/.local/lib/python3.12/site-packages/airflow/example_dags/example_task_group.py
[2025-05-21T23:19:46.716+0000] {logging_mixin.py:190} INFO - [2025-05-21T23:19:46.716+0000] {dag.py:3239} INFO - Sync 1 DAGs
[2025-05-21T23:19:46.748+0000] {logging_mixin.py:190} INFO - [2025-05-21T23:19:46.748+0000] {dag.py:4180} INFO - Setting next_dagrun for example_task_group to None, run_after=None
[2025-05-21T23:19:46.786+0000] {processor.py:208} INFO - Processing /home/airflow/.local/lib/python3.12/site-packages/airflow/example_dags/example_task_group.py took 0.146 seconds
[2025-05-21T23:20:17.835+0000] {processor.py:186} INFO - Started process (PID=690) to work on /home/airflow/.local/lib/python3.12/site-packages/airflow/example_dags/example_task_group.py
[2025-05-21T23:20:17.837+0000] {processor.py:914} INFO - Processing file /home/airflow/.local/lib/python3.12/site-packages/airflow/example_dags/example_task_group.py for tasks to queue
[2025-05-21T23:20:17.842+0000] {logging_mixin.py:190} INFO - [2025-05-21T23:20:17.841+0000] {dagbag.py:588} INFO - Filling up the DagBag from /home/airflow/.local/lib/python3.12/site-packages/airflow/example_dags/example_task_group.py
[2025-05-21T23:20:17.861+0000] {processor.py:925} INFO - DAG(s) 'example_task_group' retrieved from /home/airflow/.local/lib/python3.12/site-packages/airflow/example_dags/example_task_group.py
[2025-05-21T23:20:17.908+0000] {logging_mixin.py:190} INFO - [2025-05-21T23:20:17.908+0000] {dag.py:3239} INFO - Sync 1 DAGs
[2025-05-21T23:20:17.941+0000] {logging_mixin.py:190} INFO - [2025-05-21T23:20:17.940+0000] {dag.py:4180} INFO - Setting next_dagrun for example_task_group to None, run_after=None
[2025-05-21T23:20:18.010+0000] {processor.py:208} INFO - Processing /home/airflow/.local/lib/python3.12/site-packages/airflow/example_dags/example_task_group.py took 0.187 seconds
[2025-05-21T23:20:48.918+0000] {processor.py:186} INFO - Started process (PID=757) to work on /home/airflow/.local/lib/python3.12/site-packages/airflow/example_dags/example_task_group.py
[2025-05-21T23:20:48.921+0000] {processor.py:914} INFO - Processing file /home/airflow/.local/lib/python3.12/site-packages/airflow/example_dags/example_task_group.py for tasks to queue
[2025-05-21T23:20:48.927+0000] {logging_mixin.py:190} INFO - [2025-05-21T23:20:48.927+0000] {dagbag.py:588} INFO - Filling up the DagBag from /home/airflow/.local/lib/python3.12/site-packages/airflow/example_dags/example_task_group.py
[2025-05-21T23:20:48.949+0000] {processor.py:925} INFO - DAG(s) 'example_task_group' retrieved from /home/airflow/.local/lib/python3.12/site-packages/airflow/example_dags/example_task_group.py
[2025-05-21T23:20:48.999+0000] {logging_mixin.py:190} INFO - [2025-05-21T23:20:48.999+0000] {dag.py:3239} INFO - Sync 1 DAGs
[2025-05-21T23:20:49.032+0000] {logging_mixin.py:190} INFO - [2025-05-21T23:20:49.032+0000] {dag.py:4180} INFO - Setting next_dagrun for example_task_group to None, run_after=None
[2025-05-21T23:20:49.113+0000] {processor.py:208} INFO - Processing /home/airflow/.local/lib/python3.12/site-packages/airflow/example_dags/example_task_group.py took 0.210 seconds
[2025-05-21T23:21:19.856+0000] {processor.py:186} INFO - Started process (PID=821) to work on /home/airflow/.local/lib/python3.12/site-packages/airflow/example_dags/example_task_group.py
[2025-05-21T23:21:19.858+0000] {processor.py:914} INFO - Processing file /home/airflow/.local/lib/python3.12/site-packages/airflow/example_dags/example_task_group.py for tasks to queue
[2025-05-21T23:21:19.862+0000] {logging_mixin.py:190} INFO - [2025-05-21T23:21:19.861+0000] {dagbag.py:588} INFO - Filling up the DagBag from /home/airflow/.local/lib/python3.12/site-packages/airflow/example_dags/example_task_group.py
[2025-05-21T23:21:19.884+0000] {processor.py:925} INFO - DAG(s) 'example_task_group' retrieved from /home/airflow/.local/lib/python3.12/site-packages/airflow/example_dags/example_task_group.py
[2025-05-21T23:21:19.938+0000] {logging_mixin.py:190} INFO - [2025-05-21T23:21:19.937+0000] {dag.py:3239} INFO - Sync 1 DAGs
[2025-05-21T23:21:19.977+0000] {logging_mixin.py:190} INFO - [2025-05-21T23:21:19.976+0000] {dag.py:4180} INFO - Setting next_dagrun for example_task_group to None, run_after=None
[2025-05-21T23:21:20.081+0000] {processor.py:208} INFO - Processing /home/airflow/.local/lib/python3.12/site-packages/airflow/example_dags/example_task_group.py took 0.236 seconds
[2025-05-21T23:21:50.227+0000] {processor.py:186} INFO - Started process (PID=884) to work on /home/airflow/.local/lib/python3.12/site-packages/airflow/example_dags/example_task_group.py
[2025-05-21T23:21:50.230+0000] {processor.py:914} INFO - Processing file /home/airflow/.local/lib/python3.12/site-packages/airflow/example_dags/example_task_group.py for tasks to queue
[2025-05-21T23:21:50.236+0000] {logging_mixin.py:190} INFO - [2025-05-21T23:21:50.235+0000] {dagbag.py:588} INFO - Filling up the DagBag from /home/airflow/.local/lib/python3.12/site-packages/airflow/example_dags/example_task_group.py
[2025-05-21T23:21:50.261+0000] {processor.py:925} INFO - DAG(s) 'example_task_group' retrieved from /home/airflow/.local/lib/python3.12/site-packages/airflow/example_dags/example_task_group.py
[2025-05-21T23:21:50.320+0000] {logging_mixin.py:190} INFO - [2025-05-21T23:21:50.319+0000] {dag.py:3239} INFO - Sync 1 DAGs
[2025-05-21T23:21:50.362+0000] {logging_mixin.py:190} INFO - [2025-05-21T23:21:50.362+0000] {dag.py:4180} INFO - Setting next_dagrun for example_task_group to None, run_after=None
[2025-05-21T23:21:50.412+0000] {processor.py:208} INFO - Processing /home/airflow/.local/lib/python3.12/site-packages/airflow/example_dags/example_task_group.py took 0.204 seconds
[2025-05-21T23:22:21.023+0000] {processor.py:186} INFO - Started process (PID=950) to work on /home/airflow/.local/lib/python3.12/site-packages/airflow/example_dags/example_task_group.py
[2025-05-21T23:22:21.025+0000] {processor.py:914} INFO - Processing file /home/airflow/.local/lib/python3.12/site-packages/airflow/example_dags/example_task_group.py for tasks to queue
[2025-05-21T23:22:21.032+0000] {logging_mixin.py:190} INFO - [2025-05-21T23:22:21.031+0000] {dagbag.py:588} INFO - Filling up the DagBag from /home/airflow/.local/lib/python3.12/site-packages/airflow/example_dags/example_task_group.py
[2025-05-21T23:22:21.053+0000] {processor.py:925} INFO - DAG(s) 'example_task_group' retrieved from /home/airflow/.local/lib/python3.12/site-packages/airflow/example_dags/example_task_group.py
[2025-05-21T23:22:21.102+0000] {logging_mixin.py:190} INFO - [2025-05-21T23:22:21.101+0000] {dag.py:3239} INFO - Sync 1 DAGs
[2025-05-21T23:22:21.133+0000] {logging_mixin.py:190} INFO - [2025-05-21T23:22:21.133+0000] {dag.py:4180} INFO - Setting next_dagrun for example_task_group to None, run_after=None
[2025-05-21T23:22:21.240+0000] {processor.py:208} INFO - Processing /home/airflow/.local/lib/python3.12/site-packages/airflow/example_dags/example_task_group.py took 0.230 seconds
[2025-05-21T23:22:51.387+0000] {processor.py:186} INFO - Started process (PID=1016) to work on /home/airflow/.local/lib/python3.12/site-packages/airflow/example_dags/example_task_group.py
[2025-05-21T23:22:51.389+0000] {processor.py:914} INFO - Processing file /home/airflow/.local/lib/python3.12/site-packages/airflow/example_dags/example_task_group.py for tasks to queue
[2025-05-21T23:22:51.393+0000] {logging_mixin.py:190} INFO - [2025-05-21T23:22:51.392+0000] {dagbag.py:588} INFO - Filling up the DagBag from /home/airflow/.local/lib/python3.12/site-packages/airflow/example_dags/example_task_group.py
[2025-05-21T23:22:51.413+0000] {processor.py:925} INFO - DAG(s) 'example_task_group' retrieved from /home/airflow/.local/lib/python3.12/site-packages/airflow/example_dags/example_task_group.py
[2025-05-21T23:22:51.464+0000] {logging_mixin.py:190} INFO - [2025-05-21T23:22:51.463+0000] {dag.py:3239} INFO - Sync 1 DAGs
[2025-05-21T23:22:51.491+0000] {logging_mixin.py:190} INFO - [2025-05-21T23:22:51.490+0000] {dag.py:4180} INFO - Setting next_dagrun for example_task_group to None, run_after=None
[2025-05-21T23:22:51.529+0000] {processor.py:208} INFO - Processing /home/airflow/.local/lib/python3.12/site-packages/airflow/example_dags/example_task_group.py took 0.156 seconds
[2025-05-21T23:23:22.402+0000] {processor.py:186} INFO - Started process (PID=1082) to work on /home/airflow/.local/lib/python3.12/site-packages/airflow/example_dags/example_task_group.py
[2025-05-21T23:23:22.404+0000] {processor.py:914} INFO - Processing file /home/airflow/.local/lib/python3.12/site-packages/airflow/example_dags/example_task_group.py for tasks to queue
[2025-05-21T23:23:22.409+0000] {logging_mixin.py:190} INFO - [2025-05-21T23:23:22.408+0000] {dagbag.py:588} INFO - Filling up the DagBag from /home/airflow/.local/lib/python3.12/site-packages/airflow/example_dags/example_task_group.py
[2025-05-21T23:23:22.427+0000] {processor.py:925} INFO - DAG(s) 'example_task_group' retrieved from /home/airflow/.local/lib/python3.12/site-packages/airflow/example_dags/example_task_group.py
[2025-05-21T23:23:22.473+0000] {logging_mixin.py:190} INFO - [2025-05-21T23:23:22.473+0000] {dag.py:3239} INFO - Sync 1 DAGs
[2025-05-21T23:23:22.506+0000] {logging_mixin.py:190} INFO - [2025-05-21T23:23:22.505+0000] {dag.py:4180} INFO - Setting next_dagrun for example_task_group to None, run_after=None
[2025-05-21T23:23:22.609+0000] {processor.py:208} INFO - Processing /home/airflow/.local/lib/python3.12/site-packages/airflow/example_dags/example_task_group.py took 0.220 seconds
[2025-05-21T23:23:52.789+0000] {processor.py:186} INFO - Started process (PID=1148) to work on /home/airflow/.local/lib/python3.12/site-packages/airflow/example_dags/example_task_group.py
[2025-05-21T23:23:52.791+0000] {processor.py:914} INFO - Processing file /home/airflow/.local/lib/python3.12/site-packages/airflow/example_dags/example_task_group.py for tasks to queue
[2025-05-21T23:23:52.804+0000] {logging_mixin.py:190} INFO - [2025-05-21T23:23:52.803+0000] {dagbag.py:588} INFO - Filling up the DagBag from /home/airflow/.local/lib/python3.12/site-packages/airflow/example_dags/example_task_group.py
[2025-05-21T23:23:52.827+0000] {processor.py:925} INFO - DAG(s) 'example_task_group' retrieved from /home/airflow/.local/lib/python3.12/site-packages/airflow/example_dags/example_task_group.py
[2025-05-21T23:23:52.910+0000] {logging_mixin.py:190} INFO - [2025-05-21T23:23:52.909+0000] {dag.py:3239} INFO - Sync 1 DAGs
[2025-05-21T23:23:52.944+0000] {logging_mixin.py:190} INFO - [2025-05-21T23:23:52.944+0000] {dag.py:4180} INFO - Setting next_dagrun for example_task_group to None, run_after=None
[2025-05-21T23:23:53.049+0000] {processor.py:208} INFO - Processing /home/airflow/.local/lib/python3.12/site-packages/airflow/example_dags/example_task_group.py took 0.272 seconds
[2025-05-21T23:24:23.385+0000] {processor.py:186} INFO - Started process (PID=1214) to work on /home/airflow/.local/lib/python3.12/site-packages/airflow/example_dags/example_task_group.py
[2025-05-21T23:24:23.387+0000] {processor.py:914} INFO - Processing file /home/airflow/.local/lib/python3.12/site-packages/airflow/example_dags/example_task_group.py for tasks to queue
[2025-05-21T23:24:23.391+0000] {logging_mixin.py:190} INFO - [2025-05-21T23:24:23.390+0000] {dagbag.py:588} INFO - Filling up the DagBag from /home/airflow/.local/lib/python3.12/site-packages/airflow/example_dags/example_task_group.py
[2025-05-21T23:24:23.412+0000] {processor.py:925} INFO - DAG(s) 'example_task_group' retrieved from /home/airflow/.local/lib/python3.12/site-packages/airflow/example_dags/example_task_group.py
[2025-05-21T23:24:23.456+0000] {logging_mixin.py:190} INFO - [2025-05-21T23:24:23.456+0000] {dag.py:3239} INFO - Sync 1 DAGs
[2025-05-21T23:24:23.489+0000] {logging_mixin.py:190} INFO - [2025-05-21T23:24:23.489+0000] {dag.py:4180} INFO - Setting next_dagrun for example_task_group to None, run_after=None
[2025-05-21T23:24:23.591+0000] {processor.py:208} INFO - Processing /home/airflow/.local/lib/python3.12/site-packages/airflow/example_dags/example_task_group.py took 0.218 seconds
[2025-05-21T23:24:54.328+0000] {processor.py:186} INFO - Started process (PID=1281) to work on /home/airflow/.local/lib/python3.12/site-packages/airflow/example_dags/example_task_group.py
[2025-05-21T23:24:54.331+0000] {processor.py:914} INFO - Processing file /home/airflow/.local/lib/python3.12/site-packages/airflow/example_dags/example_task_group.py for tasks to queue
[2025-05-21T23:24:54.338+0000] {logging_mixin.py:190} INFO - [2025-05-21T23:24:54.338+0000] {dagbag.py:588} INFO - Filling up the DagBag from /home/airflow/.local/lib/python3.12/site-packages/airflow/example_dags/example_task_group.py
[2025-05-21T23:24:54.365+0000] {processor.py:925} INFO - DAG(s) 'example_task_group' retrieved from /home/airflow/.local/lib/python3.12/site-packages/airflow/example_dags/example_task_group.py
[2025-05-21T23:24:54.422+0000] {logging_mixin.py:190} INFO - [2025-05-21T23:24:54.421+0000] {dag.py:3239} INFO - Sync 1 DAGs
[2025-05-21T23:24:54.466+0000] {logging_mixin.py:190} INFO - [2025-05-21T23:24:54.465+0000] {dag.py:4180} INFO - Setting next_dagrun for example_task_group to None, run_after=None
[2025-05-21T23:24:54.577+0000] {processor.py:208} INFO - Processing /home/airflow/.local/lib/python3.12/site-packages/airflow/example_dags/example_task_group.py took 0.266 seconds
[2025-05-21T23:25:24.690+0000] {processor.py:186} INFO - Started process (PID=1346) to work on /home/airflow/.local/lib/python3.12/site-packages/airflow/example_dags/example_task_group.py
[2025-05-21T23:25:24.693+0000] {processor.py:914} INFO - Processing file /home/airflow/.local/lib/python3.12/site-packages/airflow/example_dags/example_task_group.py for tasks to queue
[2025-05-21T23:25:24.698+0000] {logging_mixin.py:190} INFO - [2025-05-21T23:25:24.698+0000] {dagbag.py:588} INFO - Filling up the DagBag from /home/airflow/.local/lib/python3.12/site-packages/airflow/example_dags/example_task_group.py
[2025-05-21T23:25:24.720+0000] {processor.py:925} INFO - DAG(s) 'example_task_group' retrieved from /home/airflow/.local/lib/python3.12/site-packages/airflow/example_dags/example_task_group.py
[2025-05-21T23:25:24.767+0000] {logging_mixin.py:190} INFO - [2025-05-21T23:25:24.767+0000] {dag.py:3239} INFO - Sync 1 DAGs
[2025-05-21T23:25:24.796+0000] {logging_mixin.py:190} INFO - [2025-05-21T23:25:24.795+0000] {dag.py:4180} INFO - Setting next_dagrun for example_task_group to None, run_after=None
[2025-05-21T23:25:24.834+0000] {processor.py:208} INFO - Processing /home/airflow/.local/lib/python3.12/site-packages/airflow/example_dags/example_task_group.py took 0.158 seconds
[2025-05-21T23:25:55.085+0000] {processor.py:186} INFO - Started process (PID=1412) to work on /home/airflow/.local/lib/python3.12/site-packages/airflow/example_dags/example_task_group.py
[2025-05-21T23:25:55.087+0000] {processor.py:914} INFO - Processing file /home/airflow/.local/lib/python3.12/site-packages/airflow/example_dags/example_task_group.py for tasks to queue
[2025-05-21T23:25:55.092+0000] {logging_mixin.py:190} INFO - [2025-05-21T23:25:55.091+0000] {dagbag.py:588} INFO - Filling up the DagBag from /home/airflow/.local/lib/python3.12/site-packages/airflow/example_dags/example_task_group.py
[2025-05-21T23:25:55.110+0000] {processor.py:925} INFO - DAG(s) 'example_task_group' retrieved from /home/airflow/.local/lib/python3.12/site-packages/airflow/example_dags/example_task_group.py
[2025-05-21T23:25:55.161+0000] {logging_mixin.py:190} INFO - [2025-05-21T23:25:55.160+0000] {dag.py:3239} INFO - Sync 1 DAGs
[2025-05-21T23:25:55.192+0000] {logging_mixin.py:190} INFO - [2025-05-21T23:25:55.191+0000] {dag.py:4180} INFO - Setting next_dagrun for example_task_group to None, run_after=None
[2025-05-21T23:25:55.294+0000] {processor.py:208} INFO - Processing /home/airflow/.local/lib/python3.12/site-packages/airflow/example_dags/example_task_group.py took 0.220 seconds
[2025-05-21T23:26:25.795+0000] {processor.py:186} INFO - Started process (PID=1478) to work on /home/airflow/.local/lib/python3.12/site-packages/airflow/example_dags/example_task_group.py
[2025-05-21T23:26:25.797+0000] {processor.py:914} INFO - Processing file /home/airflow/.local/lib/python3.12/site-packages/airflow/example_dags/example_task_group.py for tasks to queue
[2025-05-21T23:26:25.802+0000] {logging_mixin.py:190} INFO - [2025-05-21T23:26:25.801+0000] {dagbag.py:588} INFO - Filling up the DagBag from /home/airflow/.local/lib/python3.12/site-packages/airflow/example_dags/example_task_group.py
[2025-05-21T23:26:25.819+0000] {processor.py:925} INFO - DAG(s) 'example_task_group' retrieved from /home/airflow/.local/lib/python3.12/site-packages/airflow/example_dags/example_task_group.py
[2025-05-21T23:26:25.865+0000] {logging_mixin.py:190} INFO - [2025-05-21T23:26:25.865+0000] {dag.py:3239} INFO - Sync 1 DAGs
[2025-05-21T23:26:25.894+0000] {logging_mixin.py:190} INFO - [2025-05-21T23:26:25.894+0000] {dag.py:4180} INFO - Setting next_dagrun for example_task_group to None, run_after=None
[2025-05-21T23:26:26.006+0000] {processor.py:208} INFO - Processing /home/airflow/.local/lib/python3.12/site-packages/airflow/example_dags/example_task_group.py took 0.221 seconds
[2025-05-21T23:26:56.581+0000] {processor.py:186} INFO - Started process (PID=1543) to work on /home/airflow/.local/lib/python3.12/site-packages/airflow/example_dags/example_task_group.py
[2025-05-21T23:26:56.584+0000] {processor.py:914} INFO - Processing file /home/airflow/.local/lib/python3.12/site-packages/airflow/example_dags/example_task_group.py for tasks to queue
[2025-05-21T23:26:56.589+0000] {logging_mixin.py:190} INFO - [2025-05-21T23:26:56.588+0000] {dagbag.py:588} INFO - Filling up the DagBag from /home/airflow/.local/lib/python3.12/site-packages/airflow/example_dags/example_task_group.py
[2025-05-21T23:26:56.614+0000] {processor.py:925} INFO - DAG(s) 'example_task_group' retrieved from /home/airflow/.local/lib/python3.12/site-packages/airflow/example_dags/example_task_group.py
[2025-05-21T23:26:56.670+0000] {logging_mixin.py:190} INFO - [2025-05-21T23:26:56.669+0000] {dag.py:3239} INFO - Sync 1 DAGs
[2025-05-21T23:26:56.708+0000] {logging_mixin.py:190} INFO - [2025-05-21T23:26:56.707+0000] {dag.py:4180} INFO - Setting next_dagrun for example_task_group to None, run_after=None
[2025-05-21T23:26:56.807+0000] {processor.py:208} INFO - Processing /home/airflow/.local/lib/python3.12/site-packages/airflow/example_dags/example_task_group.py took 0.241 seconds
[2025-05-21T23:27:27.020+0000] {processor.py:186} INFO - Started process (PID=1609) to work on /home/airflow/.local/lib/python3.12/site-packages/airflow/example_dags/example_task_group.py
[2025-05-21T23:27:27.022+0000] {processor.py:914} INFO - Processing file /home/airflow/.local/lib/python3.12/site-packages/airflow/example_dags/example_task_group.py for tasks to queue
[2025-05-21T23:27:27.026+0000] {logging_mixin.py:190} INFO - [2025-05-21T23:27:27.025+0000] {dagbag.py:588} INFO - Filling up the DagBag from /home/airflow/.local/lib/python3.12/site-packages/airflow/example_dags/example_task_group.py
[2025-05-21T23:27:27.047+0000] {processor.py:925} INFO - DAG(s) 'example_task_group' retrieved from /home/airflow/.local/lib/python3.12/site-packages/airflow/example_dags/example_task_group.py
[2025-05-21T23:27:27.099+0000] {logging_mixin.py:190} INFO - [2025-05-21T23:27:27.098+0000] {dag.py:3239} INFO - Sync 1 DAGs
[2025-05-21T23:27:27.134+0000] {logging_mixin.py:190} INFO - [2025-05-21T23:27:27.133+0000] {dag.py:4180} INFO - Setting next_dagrun for example_task_group to None, run_after=None
[2025-05-21T23:27:27.240+0000] {processor.py:208} INFO - Processing /home/airflow/.local/lib/python3.12/site-packages/airflow/example_dags/example_task_group.py took 0.230 seconds
[2025-05-21T23:27:57.829+0000] {processor.py:186} INFO - Started process (PID=1675) to work on /home/airflow/.local/lib/python3.12/site-packages/airflow/example_dags/example_task_group.py
[2025-05-21T23:27:57.833+0000] {processor.py:914} INFO - Processing file /home/airflow/.local/lib/python3.12/site-packages/airflow/example_dags/example_task_group.py for tasks to queue
[2025-05-21T23:27:57.838+0000] {logging_mixin.py:190} INFO - [2025-05-21T23:27:57.837+0000] {dagbag.py:588} INFO - Filling up the DagBag from /home/airflow/.local/lib/python3.12/site-packages/airflow/example_dags/example_task_group.py
[2025-05-21T23:27:57.859+0000] {processor.py:925} INFO - DAG(s) 'example_task_group' retrieved from /home/airflow/.local/lib/python3.12/site-packages/airflow/example_dags/example_task_group.py
[2025-05-21T23:27:57.907+0000] {logging_mixin.py:190} INFO - [2025-05-21T23:27:57.907+0000] {dag.py:3239} INFO - Sync 1 DAGs
[2025-05-21T23:27:57.944+0000] {logging_mixin.py:190} INFO - [2025-05-21T23:27:57.943+0000] {dag.py:4180} INFO - Setting next_dagrun for example_task_group to None, run_after=None
[2025-05-21T23:27:58.052+0000] {processor.py:208} INFO - Processing /home/airflow/.local/lib/python3.12/site-packages/airflow/example_dags/example_task_group.py took 0.244 seconds
[2025-05-21T23:28:28.501+0000] {processor.py:186} INFO - Started process (PID=1741) to work on /home/airflow/.local/lib/python3.12/site-packages/airflow/example_dags/example_task_group.py
[2025-05-21T23:28:28.503+0000] {processor.py:914} INFO - Processing file /home/airflow/.local/lib/python3.12/site-packages/airflow/example_dags/example_task_group.py for tasks to queue
[2025-05-21T23:28:28.508+0000] {logging_mixin.py:190} INFO - [2025-05-21T23:28:28.507+0000] {dagbag.py:588} INFO - Filling up the DagBag from /home/airflow/.local/lib/python3.12/site-packages/airflow/example_dags/example_task_group.py
[2025-05-21T23:28:28.524+0000] {processor.py:925} INFO - DAG(s) 'example_task_group' retrieved from /home/airflow/.local/lib/python3.12/site-packages/airflow/example_dags/example_task_group.py
[2025-05-21T23:28:28.569+0000] {logging_mixin.py:190} INFO - [2025-05-21T23:28:28.569+0000] {dag.py:3239} INFO - Sync 1 DAGs
[2025-05-21T23:28:28.599+0000] {logging_mixin.py:190} INFO - [2025-05-21T23:28:28.599+0000] {dag.py:4180} INFO - Setting next_dagrun for example_task_group to None, run_after=None
[2025-05-21T23:28:28.702+0000] {processor.py:208} INFO - Processing /home/airflow/.local/lib/python3.12/site-packages/airflow/example_dags/example_task_group.py took 0.212 seconds
[2025-05-21T23:28:59.284+0000] {processor.py:186} INFO - Started process (PID=1807) to work on /home/airflow/.local/lib/python3.12/site-packages/airflow/example_dags/example_task_group.py
[2025-05-21T23:28:59.285+0000] {processor.py:914} INFO - Processing file /home/airflow/.local/lib/python3.12/site-packages/airflow/example_dags/example_task_group.py for tasks to queue
[2025-05-21T23:28:59.290+0000] {logging_mixin.py:190} INFO - [2025-05-21T23:28:59.289+0000] {dagbag.py:588} INFO - Filling up the DagBag from /home/airflow/.local/lib/python3.12/site-packages/airflow/example_dags/example_task_group.py
[2025-05-21T23:28:59.307+0000] {processor.py:925} INFO - DAG(s) 'example_task_group' retrieved from /home/airflow/.local/lib/python3.12/site-packages/airflow/example_dags/example_task_group.py
[2025-05-21T23:28:59.358+0000] {logging_mixin.py:190} INFO - [2025-05-21T23:28:59.358+0000] {dag.py:3239} INFO - Sync 1 DAGs
[2025-05-21T23:28:59.388+0000] {logging_mixin.py:190} INFO - [2025-05-21T23:28:59.388+0000] {dag.py:4180} INFO - Setting next_dagrun for example_task_group to None, run_after=None
[2025-05-21T23:28:59.425+0000] {processor.py:208} INFO - Processing /home/airflow/.local/lib/python3.12/site-packages/airflow/example_dags/example_task_group.py took 0.155 seconds
[2025-05-21T23:29:29.632+0000] {processor.py:186} INFO - Started process (PID=1873) to work on /home/airflow/.local/lib/python3.12/site-packages/airflow/example_dags/example_task_group.py
[2025-05-21T23:29:29.635+0000] {processor.py:914} INFO - Processing file /home/airflow/.local/lib/python3.12/site-packages/airflow/example_dags/example_task_group.py for tasks to queue
[2025-05-21T23:29:29.640+0000] {logging_mixin.py:190} INFO - [2025-05-21T23:29:29.639+0000] {dagbag.py:588} INFO - Filling up the DagBag from /home/airflow/.local/lib/python3.12/site-packages/airflow/example_dags/example_task_group.py
[2025-05-21T23:29:29.660+0000] {processor.py:925} INFO - DAG(s) 'example_task_group' retrieved from /home/airflow/.local/lib/python3.12/site-packages/airflow/example_dags/example_task_group.py
[2025-05-21T23:29:29.711+0000] {logging_mixin.py:190} INFO - [2025-05-21T23:29:29.710+0000] {dag.py:3239} INFO - Sync 1 DAGs
[2025-05-21T23:29:29.738+0000] {logging_mixin.py:190} INFO - [2025-05-21T23:29:29.738+0000] {dag.py:4180} INFO - Setting next_dagrun for example_task_group to None, run_after=None
[2025-05-21T23:29:29.841+0000] {processor.py:208} INFO - Processing /home/airflow/.local/lib/python3.12/site-packages/airflow/example_dags/example_task_group.py took 0.220 seconds
[2025-05-21T23:30:00.445+0000] {processor.py:186} INFO - Started process (PID=1939) to work on /home/airflow/.local/lib/python3.12/site-packages/airflow/example_dags/example_task_group.py
[2025-05-21T23:30:00.447+0000] {processor.py:914} INFO - Processing file /home/airflow/.local/lib/python3.12/site-packages/airflow/example_dags/example_task_group.py for tasks to queue
[2025-05-21T23:30:00.452+0000] {logging_mixin.py:190} INFO - [2025-05-21T23:30:00.451+0000] {dagbag.py:588} INFO - Filling up the DagBag from /home/airflow/.local/lib/python3.12/site-packages/airflow/example_dags/example_task_group.py
[2025-05-21T23:30:00.472+0000] {processor.py:925} INFO - DAG(s) 'example_task_group' retrieved from /home/airflow/.local/lib/python3.12/site-packages/airflow/example_dags/example_task_group.py
[2025-05-21T23:30:00.527+0000] {logging_mixin.py:190} INFO - [2025-05-21T23:30:00.526+0000] {dag.py:3239} INFO - Sync 1 DAGs
[2025-05-21T23:30:00.563+0000] {logging_mixin.py:190} INFO - [2025-05-21T23:30:00.562+0000] {dag.py:4180} INFO - Setting next_dagrun for example_task_group to None, run_after=None
[2025-05-21T23:30:00.672+0000] {processor.py:208} INFO - Processing /home/airflow/.local/lib/python3.12/site-packages/airflow/example_dags/example_task_group.py took 0.241 seconds
[2025-05-21T23:30:30.794+0000] {processor.py:186} INFO - Started process (PID=2004) to work on /home/airflow/.local/lib/python3.12/site-packages/airflow/example_dags/example_task_group.py
[2025-05-21T23:30:30.796+0000] {processor.py:914} INFO - Processing file /home/airflow/.local/lib/python3.12/site-packages/airflow/example_dags/example_task_group.py for tasks to queue
[2025-05-21T23:30:30.801+0000] {logging_mixin.py:190} INFO - [2025-05-21T23:30:30.800+0000] {dagbag.py:588} INFO - Filling up the DagBag from /home/airflow/.local/lib/python3.12/site-packages/airflow/example_dags/example_task_group.py
[2025-05-21T23:30:30.817+0000] {processor.py:925} INFO - DAG(s) 'example_task_group' retrieved from /home/airflow/.local/lib/python3.12/site-packages/airflow/example_dags/example_task_group.py
[2025-05-21T23:30:30.859+0000] {logging_mixin.py:190} INFO - [2025-05-21T23:30:30.858+0000] {dag.py:3239} INFO - Sync 1 DAGs
[2025-05-21T23:30:30.886+0000] {logging_mixin.py:190} INFO - [2025-05-21T23:30:30.886+0000] {dag.py:4180} INFO - Setting next_dagrun for example_task_group to None, run_after=None
[2025-05-21T23:30:30.924+0000] {processor.py:208} INFO - Processing /home/airflow/.local/lib/python3.12/site-packages/airflow/example_dags/example_task_group.py took 0.139 seconds
[2025-05-21T23:31:01.096+0000] {processor.py:186} INFO - Started process (PID=2068) to work on /home/airflow/.local/lib/python3.12/site-packages/airflow/example_dags/example_task_group.py
[2025-05-21T23:31:01.099+0000] {processor.py:914} INFO - Processing file /home/airflow/.local/lib/python3.12/site-packages/airflow/example_dags/example_task_group.py for tasks to queue
[2025-05-21T23:31:01.103+0000] {logging_mixin.py:190} INFO - [2025-05-21T23:31:01.102+0000] {dagbag.py:588} INFO - Filling up the DagBag from /home/airflow/.local/lib/python3.12/site-packages/airflow/example_dags/example_task_group.py
[2025-05-21T23:31:01.119+0000] {processor.py:925} INFO - DAG(s) 'example_task_group' retrieved from /home/airflow/.local/lib/python3.12/site-packages/airflow/example_dags/example_task_group.py
[2025-05-21T23:31:01.166+0000] {logging_mixin.py:190} INFO - [2025-05-21T23:31:01.166+0000] {dag.py:3239} INFO - Sync 1 DAGs
[2025-05-21T23:31:01.194+0000] {logging_mixin.py:190} INFO - [2025-05-21T23:31:01.194+0000] {dag.py:4180} INFO - Setting next_dagrun for example_task_group to None, run_after=None
[2025-05-21T23:31:01.299+0000] {processor.py:208} INFO - Processing /home/airflow/.local/lib/python3.12/site-packages/airflow/example_dags/example_task_group.py took 0.217 seconds
[2025-05-21T23:31:32.012+0000] {processor.py:186} INFO - Started process (PID=2134) to work on /home/airflow/.local/lib/python3.12/site-packages/airflow/example_dags/example_task_group.py
[2025-05-21T23:31:32.014+0000] {processor.py:914} INFO - Processing file /home/airflow/.local/lib/python3.12/site-packages/airflow/example_dags/example_task_group.py for tasks to queue
[2025-05-21T23:31:32.020+0000] {logging_mixin.py:190} INFO - [2025-05-21T23:31:32.019+0000] {dagbag.py:588} INFO - Filling up the DagBag from /home/airflow/.local/lib/python3.12/site-packages/airflow/example_dags/example_task_group.py
[2025-05-21T23:31:32.041+0000] {processor.py:925} INFO - DAG(s) 'example_task_group' retrieved from /home/airflow/.local/lib/python3.12/site-packages/airflow/example_dags/example_task_group.py
[2025-05-21T23:31:32.091+0000] {logging_mixin.py:190} INFO - [2025-05-21T23:31:32.091+0000] {dag.py:3239} INFO - Sync 1 DAGs
[2025-05-21T23:31:32.129+0000] {logging_mixin.py:190} INFO - [2025-05-21T23:31:32.129+0000] {dag.py:4180} INFO - Setting next_dagrun for example_task_group to None, run_after=None
[2025-05-21T23:31:32.226+0000] {processor.py:208} INFO - Processing /home/airflow/.local/lib/python3.12/site-packages/airflow/example_dags/example_task_group.py took 0.227 seconds
[2025-05-21T23:32:02.749+0000] {processor.py:186} INFO - Started process (PID=2196) to work on /home/airflow/.local/lib/python3.12/site-packages/airflow/example_dags/example_task_group.py
[2025-05-21T23:32:02.751+0000] {processor.py:914} INFO - Processing file /home/airflow/.local/lib/python3.12/site-packages/airflow/example_dags/example_task_group.py for tasks to queue
[2025-05-21T23:32:02.756+0000] {logging_mixin.py:190} INFO - [2025-05-21T23:32:02.756+0000] {dagbag.py:588} INFO - Filling up the DagBag from /home/airflow/.local/lib/python3.12/site-packages/airflow/example_dags/example_task_group.py
[2025-05-21T23:32:02.780+0000] {processor.py:925} INFO - DAG(s) 'example_task_group' retrieved from /home/airflow/.local/lib/python3.12/site-packages/airflow/example_dags/example_task_group.py
[2025-05-21T23:32:02.824+0000] {logging_mixin.py:190} INFO - [2025-05-21T23:32:02.823+0000] {dag.py:3239} INFO - Sync 1 DAGs
[2025-05-21T23:32:02.855+0000] {logging_mixin.py:190} INFO - [2025-05-21T23:32:02.855+0000] {dag.py:4180} INFO - Setting next_dagrun for example_task_group to None, run_after=None
[2025-05-21T23:32:02.956+0000] {processor.py:208} INFO - Processing /home/airflow/.local/lib/python3.12/site-packages/airflow/example_dags/example_task_group.py took 0.219 seconds
[2025-05-21T23:32:33.203+0000] {processor.py:186} INFO - Started process (PID=2261) to work on /home/airflow/.local/lib/python3.12/site-packages/airflow/example_dags/example_task_group.py
[2025-05-21T23:32:33.205+0000] {processor.py:914} INFO - Processing file /home/airflow/.local/lib/python3.12/site-packages/airflow/example_dags/example_task_group.py for tasks to queue
[2025-05-21T23:32:33.210+0000] {logging_mixin.py:190} INFO - [2025-05-21T23:32:33.210+0000] {dagbag.py:588} INFO - Filling up the DagBag from /home/airflow/.local/lib/python3.12/site-packages/airflow/example_dags/example_task_group.py
[2025-05-21T23:32:33.227+0000] {processor.py:925} INFO - DAG(s) 'example_task_group' retrieved from /home/airflow/.local/lib/python3.12/site-packages/airflow/example_dags/example_task_group.py
[2025-05-21T23:32:33.271+0000] {logging_mixin.py:190} INFO - [2025-05-21T23:32:33.271+0000] {dag.py:3239} INFO - Sync 1 DAGs
[2025-05-21T23:32:33.305+0000] {logging_mixin.py:190} INFO - [2025-05-21T23:32:33.305+0000] {dag.py:4180} INFO - Setting next_dagrun for example_task_group to None, run_after=None
[2025-05-21T23:32:33.414+0000] {processor.py:208} INFO - Processing /home/airflow/.local/lib/python3.12/site-packages/airflow/example_dags/example_task_group.py took 0.221 seconds
[2025-05-21T23:33:03.622+0000] {processor.py:186} INFO - Started process (PID=2327) to work on /home/airflow/.local/lib/python3.12/site-packages/airflow/example_dags/example_task_group.py
[2025-05-21T23:33:03.625+0000] {processor.py:914} INFO - Processing file /home/airflow/.local/lib/python3.12/site-packages/airflow/example_dags/example_task_group.py for tasks to queue
[2025-05-21T23:33:03.631+0000] {logging_mixin.py:190} INFO - [2025-05-21T23:33:03.630+0000] {dagbag.py:588} INFO - Filling up the DagBag from /home/airflow/.local/lib/python3.12/site-packages/airflow/example_dags/example_task_group.py
[2025-05-21T23:33:03.652+0000] {processor.py:925} INFO - DAG(s) 'example_task_group' retrieved from /home/airflow/.local/lib/python3.12/site-packages/airflow/example_dags/example_task_group.py
[2025-05-21T23:33:03.705+0000] {logging_mixin.py:190} INFO - [2025-05-21T23:33:03.704+0000] {dag.py:3239} INFO - Sync 1 DAGs
[2025-05-21T23:33:03.736+0000] {logging_mixin.py:190} INFO - [2025-05-21T23:33:03.735+0000] {dag.py:4180} INFO - Setting next_dagrun for example_task_group to None, run_after=None
[2025-05-21T23:33:03.840+0000] {processor.py:208} INFO - Processing /home/airflow/.local/lib/python3.12/site-packages/airflow/example_dags/example_task_group.py took 0.232 seconds
[2025-05-21T23:33:34.007+0000] {processor.py:186} INFO - Started process (PID=2393) to work on /home/airflow/.local/lib/python3.12/site-packages/airflow/example_dags/example_task_group.py
[2025-05-21T23:33:34.009+0000] {processor.py:914} INFO - Processing file /home/airflow/.local/lib/python3.12/site-packages/airflow/example_dags/example_task_group.py for tasks to queue
[2025-05-21T23:33:34.017+0000] {logging_mixin.py:190} INFO - [2025-05-21T23:33:34.015+0000] {dagbag.py:588} INFO - Filling up the DagBag from /home/airflow/.local/lib/python3.12/site-packages/airflow/example_dags/example_task_group.py
[2025-05-21T23:33:34.038+0000] {processor.py:925} INFO - DAG(s) 'example_task_group' retrieved from /home/airflow/.local/lib/python3.12/site-packages/airflow/example_dags/example_task_group.py
[2025-05-21T23:33:34.086+0000] {logging_mixin.py:190} INFO - [2025-05-21T23:33:34.085+0000] {dag.py:3239} INFO - Sync 1 DAGs
[2025-05-21T23:33:34.119+0000] {logging_mixin.py:190} INFO - [2025-05-21T23:33:34.118+0000] {dag.py:4180} INFO - Setting next_dagrun for example_task_group to None, run_after=None
[2025-05-21T23:33:34.237+0000] {processor.py:208} INFO - Processing /home/airflow/.local/lib/python3.12/site-packages/airflow/example_dags/example_task_group.py took 0.243 seconds
[2025-05-21T23:34:04.459+0000] {processor.py:186} INFO - Started process (PID=2459) to work on /home/airflow/.local/lib/python3.12/site-packages/airflow/example_dags/example_task_group.py
[2025-05-21T23:34:04.461+0000] {processor.py:914} INFO - Processing file /home/airflow/.local/lib/python3.12/site-packages/airflow/example_dags/example_task_group.py for tasks to queue
[2025-05-21T23:34:04.467+0000] {logging_mixin.py:190} INFO - [2025-05-21T23:34:04.465+0000] {dagbag.py:588} INFO - Filling up the DagBag from /home/airflow/.local/lib/python3.12/site-packages/airflow/example_dags/example_task_group.py
[2025-05-21T23:34:04.486+0000] {processor.py:925} INFO - DAG(s) 'example_task_group' retrieved from /home/airflow/.local/lib/python3.12/site-packages/airflow/example_dags/example_task_group.py
[2025-05-21T23:34:04.533+0000] {logging_mixin.py:190} INFO - [2025-05-21T23:34:04.533+0000] {dag.py:3239} INFO - Sync 1 DAGs
[2025-05-21T23:34:04.564+0000] {logging_mixin.py:190} INFO - [2025-05-21T23:34:04.563+0000] {dag.py:4180} INFO - Setting next_dagrun for example_task_group to None, run_after=None
[2025-05-21T23:34:04.613+0000] {processor.py:208} INFO - Processing /home/airflow/.local/lib/python3.12/site-packages/airflow/example_dags/example_task_group.py took 0.164 seconds
[2025-05-21T23:34:35.307+0000] {processor.py:186} INFO - Started process (PID=2525) to work on /home/airflow/.local/lib/python3.12/site-packages/airflow/example_dags/example_task_group.py
[2025-05-21T23:34:35.309+0000] {processor.py:914} INFO - Processing file /home/airflow/.local/lib/python3.12/site-packages/airflow/example_dags/example_task_group.py for tasks to queue
[2025-05-21T23:34:35.315+0000] {logging_mixin.py:190} INFO - [2025-05-21T23:34:35.314+0000] {dagbag.py:588} INFO - Filling up the DagBag from /home/airflow/.local/lib/python3.12/site-packages/airflow/example_dags/example_task_group.py
[2025-05-21T23:34:35.335+0000] {processor.py:925} INFO - DAG(s) 'example_task_group' retrieved from /home/airflow/.local/lib/python3.12/site-packages/airflow/example_dags/example_task_group.py
[2025-05-21T23:34:35.389+0000] {logging_mixin.py:190} INFO - [2025-05-21T23:34:35.388+0000] {dag.py:3239} INFO - Sync 1 DAGs
[2025-05-21T23:34:35.420+0000] {logging_mixin.py:190} INFO - [2025-05-21T23:34:35.420+0000] {dag.py:4180} INFO - Setting next_dagrun for example_task_group to None, run_after=None
[2025-05-21T23:34:35.462+0000] {processor.py:208} INFO - Processing /home/airflow/.local/lib/python3.12/site-packages/airflow/example_dags/example_task_group.py took 0.169 seconds
[2025-05-21T23:35:05.846+0000] {processor.py:186} INFO - Started process (PID=2591) to work on /home/airflow/.local/lib/python3.12/site-packages/airflow/example_dags/example_task_group.py
[2025-05-21T23:35:05.848+0000] {processor.py:914} INFO - Processing file /home/airflow/.local/lib/python3.12/site-packages/airflow/example_dags/example_task_group.py for tasks to queue
[2025-05-21T23:35:05.853+0000] {logging_mixin.py:190} INFO - [2025-05-21T23:35:05.853+0000] {dagbag.py:588} INFO - Filling up the DagBag from /home/airflow/.local/lib/python3.12/site-packages/airflow/example_dags/example_task_group.py
[2025-05-21T23:35:05.870+0000] {processor.py:925} INFO - DAG(s) 'example_task_group' retrieved from /home/airflow/.local/lib/python3.12/site-packages/airflow/example_dags/example_task_group.py
[2025-05-21T23:35:05.913+0000] {logging_mixin.py:190} INFO - [2025-05-21T23:35:05.913+0000] {dag.py:3239} INFO - Sync 1 DAGs
[2025-05-21T23:35:05.947+0000] {logging_mixin.py:190} INFO - [2025-05-21T23:35:05.946+0000] {dag.py:4180} INFO - Setting next_dagrun for example_task_group to None, run_after=None
[2025-05-21T23:35:06.066+0000] {processor.py:208} INFO - Processing /home/airflow/.local/lib/python3.12/site-packages/airflow/example_dags/example_task_group.py took 0.232 seconds
[2025-05-21T23:35:36.776+0000] {processor.py:186} INFO - Started process (PID=2657) to work on /home/airflow/.local/lib/python3.12/site-packages/airflow/example_dags/example_task_group.py
[2025-05-21T23:35:36.778+0000] {processor.py:914} INFO - Processing file /home/airflow/.local/lib/python3.12/site-packages/airflow/example_dags/example_task_group.py for tasks to queue
[2025-05-21T23:35:36.782+0000] {logging_mixin.py:190} INFO - [2025-05-21T23:35:36.782+0000] {dagbag.py:588} INFO - Filling up the DagBag from /home/airflow/.local/lib/python3.12/site-packages/airflow/example_dags/example_task_group.py
[2025-05-21T23:35:36.810+0000] {processor.py:925} INFO - DAG(s) 'example_task_group' retrieved from /home/airflow/.local/lib/python3.12/site-packages/airflow/example_dags/example_task_group.py
[2025-05-21T23:35:36.892+0000] {logging_mixin.py:190} INFO - [2025-05-21T23:35:36.891+0000] {dag.py:3239} INFO - Sync 1 DAGs
[2025-05-21T23:35:36.920+0000] {logging_mixin.py:190} INFO - [2025-05-21T23:35:36.920+0000] {dag.py:4180} INFO - Setting next_dagrun for example_task_group to None, run_after=None
[2025-05-21T23:35:37.035+0000] {processor.py:208} INFO - Processing /home/airflow/.local/lib/python3.12/site-packages/airflow/example_dags/example_task_group.py took 0.271 seconds
[2025-05-21T23:36:07.265+0000] {processor.py:186} INFO - Started process (PID=2723) to work on /home/airflow/.local/lib/python3.12/site-packages/airflow/example_dags/example_task_group.py
[2025-05-21T23:36:07.268+0000] {processor.py:914} INFO - Processing file /home/airflow/.local/lib/python3.12/site-packages/airflow/example_dags/example_task_group.py for tasks to queue
[2025-05-21T23:36:07.273+0000] {logging_mixin.py:190} INFO - [2025-05-21T23:36:07.272+0000] {dagbag.py:588} INFO - Filling up the DagBag from /home/airflow/.local/lib/python3.12/site-packages/airflow/example_dags/example_task_group.py
[2025-05-21T23:36:07.289+0000] {processor.py:925} INFO - DAG(s) 'example_task_group' retrieved from /home/airflow/.local/lib/python3.12/site-packages/airflow/example_dags/example_task_group.py
[2025-05-21T23:36:07.332+0000] {logging_mixin.py:190} INFO - [2025-05-21T23:36:07.331+0000] {dag.py:3239} INFO - Sync 1 DAGs
[2025-05-21T23:36:07.363+0000] {logging_mixin.py:190} INFO - [2025-05-21T23:36:07.362+0000] {dag.py:4180} INFO - Setting next_dagrun for example_task_group to None, run_after=None
[2025-05-21T23:36:07.471+0000] {processor.py:208} INFO - Processing /home/airflow/.local/lib/python3.12/site-packages/airflow/example_dags/example_task_group.py took 0.220 seconds
[2025-05-21T23:36:37.955+0000] {processor.py:186} INFO - Started process (PID=2789) to work on /home/airflow/.local/lib/python3.12/site-packages/airflow/example_dags/example_task_group.py
[2025-05-21T23:36:37.957+0000] {processor.py:914} INFO - Processing file /home/airflow/.local/lib/python3.12/site-packages/airflow/example_dags/example_task_group.py for tasks to queue
[2025-05-21T23:36:37.962+0000] {logging_mixin.py:190} INFO - [2025-05-21T23:36:37.962+0000] {dagbag.py:588} INFO - Filling up the DagBag from /home/airflow/.local/lib/python3.12/site-packages/airflow/example_dags/example_task_group.py
[2025-05-21T23:36:37.980+0000] {processor.py:925} INFO - DAG(s) 'example_task_group' retrieved from /home/airflow/.local/lib/python3.12/site-packages/airflow/example_dags/example_task_group.py
[2025-05-21T23:36:38.037+0000] {logging_mixin.py:190} INFO - [2025-05-21T23:36:38.036+0000] {dag.py:3239} INFO - Sync 1 DAGs
[2025-05-21T23:36:38.078+0000] {logging_mixin.py:190} INFO - [2025-05-21T23:36:38.077+0000] {dag.py:4180} INFO - Setting next_dagrun for example_task_group to None, run_after=None
[2025-05-21T23:36:38.123+0000] {processor.py:208} INFO - Processing /home/airflow/.local/lib/python3.12/site-packages/airflow/example_dags/example_task_group.py took 0.183 seconds
[2025-05-21T23:37:08.323+0000] {processor.py:186} INFO - Started process (PID=2854) to work on /home/airflow/.local/lib/python3.12/site-packages/airflow/example_dags/example_task_group.py
[2025-05-21T23:37:08.325+0000] {processor.py:914} INFO - Processing file /home/airflow/.local/lib/python3.12/site-packages/airflow/example_dags/example_task_group.py for tasks to queue
[2025-05-21T23:37:08.330+0000] {logging_mixin.py:190} INFO - [2025-05-21T23:37:08.330+0000] {dagbag.py:588} INFO - Filling up the DagBag from /home/airflow/.local/lib/python3.12/site-packages/airflow/example_dags/example_task_group.py
[2025-05-21T23:37:08.350+0000] {processor.py:925} INFO - DAG(s) 'example_task_group' retrieved from /home/airflow/.local/lib/python3.12/site-packages/airflow/example_dags/example_task_group.py
[2025-05-21T23:37:08.395+0000] {logging_mixin.py:190} INFO - [2025-05-21T23:37:08.394+0000] {dag.py:3239} INFO - Sync 1 DAGs
[2025-05-21T23:37:08.447+0000] {logging_mixin.py:190} INFO - [2025-05-21T23:37:08.447+0000] {dag.py:4180} INFO - Setting next_dagrun for example_task_group to None, run_after=None
[2025-05-21T23:37:08.554+0000] {processor.py:208} INFO - Processing /home/airflow/.local/lib/python3.12/site-packages/airflow/example_dags/example_task_group.py took 0.243 seconds
[2025-05-21T23:41:20.440+0000] {processor.py:186} INFO - Started process (PID=90) to work on /home/airflow/.local/lib/python3.12/site-packages/airflow/example_dags/example_task_group.py
[2025-05-21T23:41:20.442+0000] {processor.py:914} INFO - Processing file /home/airflow/.local/lib/python3.12/site-packages/airflow/example_dags/example_task_group.py for tasks to queue
[2025-05-21T23:41:20.447+0000] {logging_mixin.py:190} INFO - [2025-05-21T23:41:20.447+0000] {dagbag.py:588} INFO - Filling up the DagBag from /home/airflow/.local/lib/python3.12/site-packages/airflow/example_dags/example_task_group.py
[2025-05-21T23:41:20.465+0000] {processor.py:925} INFO - DAG(s) 'example_task_group' retrieved from /home/airflow/.local/lib/python3.12/site-packages/airflow/example_dags/example_task_group.py
[2025-05-21T23:41:20.752+0000] {logging_mixin.py:190} INFO - [2025-05-21T23:41:20.751+0000] {override.py:1930} INFO - Created Permission View: can read on DAG:example_task_group
[2025-05-21T23:41:20.778+0000] {logging_mixin.py:190} INFO - [2025-05-21T23:41:20.777+0000] {override.py:1930} INFO - Created Permission View: can delete on DAG:example_task_group
[2025-05-21T23:41:20.795+0000] {logging_mixin.py:190} INFO - [2025-05-21T23:41:20.794+0000] {override.py:1930} INFO - Created Permission View: can edit on DAG:example_task_group
[2025-05-21T23:41:20.814+0000] {logging_mixin.py:190} INFO - [2025-05-21T23:41:20.813+0000] {override.py:1930} INFO - Created Permission View: can read on DAG Run:example_task_group
[2025-05-21T23:41:20.832+0000] {logging_mixin.py:190} INFO - [2025-05-21T23:41:20.831+0000] {override.py:1930} INFO - Created Permission View: can delete on DAG Run:example_task_group
[2025-05-21T23:41:20.856+0000] {logging_mixin.py:190} INFO - [2025-05-21T23:41:20.855+0000] {override.py:1930} INFO - Created Permission View: menu access on DAG Run:example_task_group
[2025-05-21T23:41:20.878+0000] {logging_mixin.py:190} INFO - [2025-05-21T23:41:20.877+0000] {override.py:1930} INFO - Created Permission View: can create on DAG Run:example_task_group
[2025-05-21T23:41:20.880+0000] {logging_mixin.py:190} INFO - [2025-05-21T23:41:20.879+0000] {dag.py:3239} INFO - Sync 1 DAGs
[2025-05-21T23:41:20.912+0000] {logging_mixin.py:190} INFO - [2025-05-21T23:41:20.911+0000] {dag.py:3262} INFO - Creating ORM DAG for example_task_group
[2025-05-21T23:41:20.914+0000] {logging_mixin.py:190} INFO - [2025-05-21T23:41:20.913+0000] {dag.py:4180} INFO - Setting next_dagrun for example_task_group to None, run_after=None
[2025-05-21T23:41:20.953+0000] {processor.py:208} INFO - Processing /home/airflow/.local/lib/python3.12/site-packages/airflow/example_dags/example_task_group.py took 0.523 seconds
[2025-05-21T23:41:51.138+0000] {processor.py:186} INFO - Started process (PID=155) to work on /home/airflow/.local/lib/python3.12/site-packages/airflow/example_dags/example_task_group.py
[2025-05-21T23:41:51.140+0000] {processor.py:914} INFO - Processing file /home/airflow/.local/lib/python3.12/site-packages/airflow/example_dags/example_task_group.py for tasks to queue
[2025-05-21T23:41:51.146+0000] {logging_mixin.py:190} INFO - [2025-05-21T23:41:51.145+0000] {dagbag.py:588} INFO - Filling up the DagBag from /home/airflow/.local/lib/python3.12/site-packages/airflow/example_dags/example_task_group.py
[2025-05-21T23:41:51.164+0000] {processor.py:925} INFO - DAG(s) 'example_task_group' retrieved from /home/airflow/.local/lib/python3.12/site-packages/airflow/example_dags/example_task_group.py
[2025-05-21T23:41:51.212+0000] {logging_mixin.py:190} INFO - [2025-05-21T23:41:51.211+0000] {dag.py:3239} INFO - Sync 1 DAGs
[2025-05-21T23:41:51.245+0000] {logging_mixin.py:190} INFO - [2025-05-21T23:41:51.244+0000] {dag.py:4180} INFO - Setting next_dagrun for example_task_group to None, run_after=None
[2025-05-21T23:41:51.286+0000] {processor.py:208} INFO - Processing /home/airflow/.local/lib/python3.12/site-packages/airflow/example_dags/example_task_group.py took 0.161 seconds
[2025-05-21T23:42:21.791+0000] {processor.py:186} INFO - Started process (PID=221) to work on /home/airflow/.local/lib/python3.12/site-packages/airflow/example_dags/example_task_group.py
[2025-05-21T23:42:21.793+0000] {processor.py:914} INFO - Processing file /home/airflow/.local/lib/python3.12/site-packages/airflow/example_dags/example_task_group.py for tasks to queue
[2025-05-21T23:42:21.797+0000] {logging_mixin.py:190} INFO - [2025-05-21T23:42:21.797+0000] {dagbag.py:588} INFO - Filling up the DagBag from /home/airflow/.local/lib/python3.12/site-packages/airflow/example_dags/example_task_group.py
[2025-05-21T23:42:21.816+0000] {processor.py:925} INFO - DAG(s) 'example_task_group' retrieved from /home/airflow/.local/lib/python3.12/site-packages/airflow/example_dags/example_task_group.py
[2025-05-21T23:42:21.867+0000] {logging_mixin.py:190} INFO - [2025-05-21T23:42:21.866+0000] {dag.py:3239} INFO - Sync 1 DAGs
[2025-05-21T23:42:21.898+0000] {logging_mixin.py:190} INFO - [2025-05-21T23:42:21.897+0000] {dag.py:4180} INFO - Setting next_dagrun for example_task_group to None, run_after=None
[2025-05-21T23:42:21.939+0000] {processor.py:208} INFO - Processing /home/airflow/.local/lib/python3.12/site-packages/airflow/example_dags/example_task_group.py took 0.159 seconds
[2025-05-21T23:42:52.148+0000] {processor.py:186} INFO - Started process (PID=287) to work on /home/airflow/.local/lib/python3.12/site-packages/airflow/example_dags/example_task_group.py
[2025-05-21T23:42:52.151+0000] {processor.py:914} INFO - Processing file /home/airflow/.local/lib/python3.12/site-packages/airflow/example_dags/example_task_group.py for tasks to queue
[2025-05-21T23:42:52.155+0000] {logging_mixin.py:190} INFO - [2025-05-21T23:42:52.154+0000] {dagbag.py:588} INFO - Filling up the DagBag from /home/airflow/.local/lib/python3.12/site-packages/airflow/example_dags/example_task_group.py
[2025-05-21T23:42:52.173+0000] {processor.py:925} INFO - DAG(s) 'example_task_group' retrieved from /home/airflow/.local/lib/python3.12/site-packages/airflow/example_dags/example_task_group.py
[2025-05-21T23:42:52.219+0000] {logging_mixin.py:190} INFO - [2025-05-21T23:42:52.219+0000] {dag.py:3239} INFO - Sync 1 DAGs
[2025-05-21T23:42:52.255+0000] {logging_mixin.py:190} INFO - [2025-05-21T23:42:52.255+0000] {dag.py:4180} INFO - Setting next_dagrun for example_task_group to None, run_after=None
[2025-05-21T23:42:52.295+0000] {processor.py:208} INFO - Processing /home/airflow/.local/lib/python3.12/site-packages/airflow/example_dags/example_task_group.py took 0.159 seconds
[2025-05-21T23:43:22.696+0000] {processor.py:186} INFO - Started process (PID=353) to work on /home/airflow/.local/lib/python3.12/site-packages/airflow/example_dags/example_task_group.py
[2025-05-21T23:43:22.698+0000] {processor.py:914} INFO - Processing file /home/airflow/.local/lib/python3.12/site-packages/airflow/example_dags/example_task_group.py for tasks to queue
[2025-05-21T23:43:22.702+0000] {logging_mixin.py:190} INFO - [2025-05-21T23:43:22.701+0000] {dagbag.py:588} INFO - Filling up the DagBag from /home/airflow/.local/lib/python3.12/site-packages/airflow/example_dags/example_task_group.py
[2025-05-21T23:43:22.717+0000] {processor.py:925} INFO - DAG(s) 'example_task_group' retrieved from /home/airflow/.local/lib/python3.12/site-packages/airflow/example_dags/example_task_group.py
[2025-05-21T23:43:22.759+0000] {logging_mixin.py:190} INFO - [2025-05-21T23:43:22.758+0000] {dag.py:3239} INFO - Sync 1 DAGs
[2025-05-21T23:43:22.787+0000] {logging_mixin.py:190} INFO - [2025-05-21T23:43:22.787+0000] {dag.py:4180} INFO - Setting next_dagrun for example_task_group to None, run_after=None
[2025-05-21T23:43:22.862+0000] {processor.py:208} INFO - Processing /home/airflow/.local/lib/python3.12/site-packages/airflow/example_dags/example_task_group.py took 0.176 seconds
[2025-05-21T23:43:53.064+0000] {processor.py:186} INFO - Started process (PID=419) to work on /home/airflow/.local/lib/python3.12/site-packages/airflow/example_dags/example_task_group.py
[2025-05-21T23:43:53.066+0000] {processor.py:914} INFO - Processing file /home/airflow/.local/lib/python3.12/site-packages/airflow/example_dags/example_task_group.py for tasks to queue
[2025-05-21T23:43:53.071+0000] {logging_mixin.py:190} INFO - [2025-05-21T23:43:53.070+0000] {dagbag.py:588} INFO - Filling up the DagBag from /home/airflow/.local/lib/python3.12/site-packages/airflow/example_dags/example_task_group.py
[2025-05-21T23:43:53.089+0000] {processor.py:925} INFO - DAG(s) 'example_task_group' retrieved from /home/airflow/.local/lib/python3.12/site-packages/airflow/example_dags/example_task_group.py
[2025-05-21T23:43:53.134+0000] {logging_mixin.py:190} INFO - [2025-05-21T23:43:53.134+0000] {dag.py:3239} INFO - Sync 1 DAGs
[2025-05-21T23:43:53.167+0000] {logging_mixin.py:190} INFO - [2025-05-21T23:43:53.167+0000] {dag.py:4180} INFO - Setting next_dagrun for example_task_group to None, run_after=None
[2025-05-21T23:43:53.208+0000] {processor.py:208} INFO - Processing /home/airflow/.local/lib/python3.12/site-packages/airflow/example_dags/example_task_group.py took 0.157 seconds
[2025-05-21T23:44:23.973+0000] {processor.py:186} INFO - Started process (PID=485) to work on /home/airflow/.local/lib/python3.12/site-packages/airflow/example_dags/example_task_group.py
[2025-05-21T23:44:23.976+0000] {processor.py:914} INFO - Processing file /home/airflow/.local/lib/python3.12/site-packages/airflow/example_dags/example_task_group.py for tasks to queue
[2025-05-21T23:44:23.981+0000] {logging_mixin.py:190} INFO - [2025-05-21T23:44:23.980+0000] {dagbag.py:588} INFO - Filling up the DagBag from /home/airflow/.local/lib/python3.12/site-packages/airflow/example_dags/example_task_group.py
[2025-05-21T23:44:24.003+0000] {processor.py:925} INFO - DAG(s) 'example_task_group' retrieved from /home/airflow/.local/lib/python3.12/site-packages/airflow/example_dags/example_task_group.py
[2025-05-21T23:44:24.073+0000] {logging_mixin.py:190} INFO - [2025-05-21T23:44:24.072+0000] {dag.py:3239} INFO - Sync 1 DAGs
[2025-05-21T23:44:24.114+0000] {logging_mixin.py:190} INFO - [2025-05-21T23:44:24.114+0000] {dag.py:4180} INFO - Setting next_dagrun for example_task_group to None, run_after=None
[2025-05-21T23:44:24.167+0000] {processor.py:208} INFO - Processing /home/airflow/.local/lib/python3.12/site-packages/airflow/example_dags/example_task_group.py took 0.207 seconds
[2025-05-21T23:44:54.620+0000] {processor.py:186} INFO - Started process (PID=551) to work on /home/airflow/.local/lib/python3.12/site-packages/airflow/example_dags/example_task_group.py
[2025-05-21T23:44:54.623+0000] {processor.py:914} INFO - Processing file /home/airflow/.local/lib/python3.12/site-packages/airflow/example_dags/example_task_group.py for tasks to queue
[2025-05-21T23:44:54.628+0000] {logging_mixin.py:190} INFO - [2025-05-21T23:44:54.627+0000] {dagbag.py:588} INFO - Filling up the DagBag from /home/airflow/.local/lib/python3.12/site-packages/airflow/example_dags/example_task_group.py
[2025-05-21T23:44:54.648+0000] {processor.py:925} INFO - DAG(s) 'example_task_group' retrieved from /home/airflow/.local/lib/python3.12/site-packages/airflow/example_dags/example_task_group.py
[2025-05-21T23:44:54.698+0000] {logging_mixin.py:190} INFO - [2025-05-21T23:44:54.698+0000] {dag.py:3239} INFO - Sync 1 DAGs
[2025-05-21T23:44:54.728+0000] {logging_mixin.py:190} INFO - [2025-05-21T23:44:54.728+0000] {dag.py:4180} INFO - Setting next_dagrun for example_task_group to None, run_after=None
[2025-05-21T23:44:54.803+0000] {processor.py:208} INFO - Processing /home/airflow/.local/lib/python3.12/site-packages/airflow/example_dags/example_task_group.py took 0.196 seconds
