[2025-05-21T23:15:56.978+0000] {processor.py:186} INFO - Started process (PID=134) to work on /home/airflow/.local/lib/python3.12/site-packages/airflow/example_dags/example_inlet_event_extra.py
[2025-05-21T23:15:56.981+0000] {processor.py:914} INFO - Processing file /home/airflow/.local/lib/python3.12/site-packages/airflow/example_dags/example_inlet_event_extra.py for tasks to queue
[2025-05-21T23:15:56.987+0000] {logging_mixin.py:190} INFO - [2025-05-21T23:15:56.986+0000] {dagbag.py:588} INFO - Filling up the DagBag from /home/airflow/.local/lib/python3.12/site-packages/airflow/example_dags/example_inlet_event_extra.py
[2025-05-21T23:15:58.460+0000] {processor.py:925} INFO - DAG(s) 'read_dataset_event', 'read_dataset_event_from_classic' retrieved from /home/airflow/.local/lib/python3.12/site-packages/airflow/example_dags/example_inlet_event_extra.py
[2025-05-21T23:15:58.765+0000] {logging_mixin.py:190} INFO - [2025-05-21T23:15:58.764+0000] {override.py:1930} INFO - Created Permission View: can delete on DAG:read_dataset_event
[2025-05-21T23:15:58.787+0000] {logging_mixin.py:190} INFO - [2025-05-21T23:15:58.786+0000] {override.py:1930} INFO - Created Permission View: can read on DAG:read_dataset_event
[2025-05-21T23:15:58.802+0000] {logging_mixin.py:190} INFO - [2025-05-21T23:15:58.801+0000] {override.py:1930} INFO - Created Permission View: can edit on DAG:read_dataset_event
[2025-05-21T23:15:58.821+0000] {logging_mixin.py:190} INFO - [2025-05-21T23:15:58.820+0000] {override.py:1930} INFO - Created Permission View: can delete on DAG Run:read_dataset_event
[2025-05-21T23:15:58.837+0000] {logging_mixin.py:190} INFO - [2025-05-21T23:15:58.836+0000] {override.py:1930} INFO - Created Permission View: can read on DAG Run:read_dataset_event
[2025-05-21T23:15:58.853+0000] {logging_mixin.py:190} INFO - [2025-05-21T23:15:58.852+0000] {override.py:1930} INFO - Created Permission View: menu access on DAG Run:read_dataset_event
[2025-05-21T23:15:58.868+0000] {logging_mixin.py:190} INFO - [2025-05-21T23:15:58.867+0000] {override.py:1930} INFO - Created Permission View: can create on DAG Run:read_dataset_event
[2025-05-21T23:15:58.897+0000] {logging_mixin.py:190} INFO - [2025-05-21T23:15:58.897+0000] {override.py:1930} INFO - Created Permission View: can delete on DAG:read_dataset_event_from_classic
[2025-05-21T23:15:58.913+0000] {logging_mixin.py:190} INFO - [2025-05-21T23:15:58.912+0000] {override.py:1930} INFO - Created Permission View: can read on DAG:read_dataset_event_from_classic
[2025-05-21T23:15:58.928+0000] {logging_mixin.py:190} INFO - [2025-05-21T23:15:58.927+0000] {override.py:1930} INFO - Created Permission View: can edit on DAG:read_dataset_event_from_classic
[2025-05-21T23:15:58.945+0000] {logging_mixin.py:190} INFO - [2025-05-21T23:15:58.945+0000] {override.py:1930} INFO - Created Permission View: can delete on DAG Run:read_dataset_event_from_classic
[2025-05-21T23:15:58.960+0000] {logging_mixin.py:190} INFO - [2025-05-21T23:15:58.960+0000] {override.py:1930} INFO - Created Permission View: can read on DAG Run:read_dataset_event_from_classic
[2025-05-21T23:15:58.977+0000] {logging_mixin.py:190} INFO - [2025-05-21T23:15:58.977+0000] {override.py:1930} INFO - Created Permission View: menu access on DAG Run:read_dataset_event_from_classic
[2025-05-21T23:15:58.995+0000] {logging_mixin.py:190} INFO - [2025-05-21T23:15:58.994+0000] {override.py:1930} INFO - Created Permission View: can create on DAG Run:read_dataset_event_from_classic
[2025-05-21T23:15:58.996+0000] {logging_mixin.py:190} INFO - [2025-05-21T23:15:58.996+0000] {dag.py:3239} INFO - Sync 2 DAGs
[2025-05-21T23:15:59.030+0000] {logging_mixin.py:190} INFO - [2025-05-21T23:15:59.029+0000] {dag.py:3262} INFO - Creating ORM DAG for read_dataset_event_from_classic
[2025-05-21T23:15:59.033+0000] {logging_mixin.py:190} INFO - [2025-05-21T23:15:59.032+0000] {dag.py:3262} INFO - Creating ORM DAG for read_dataset_event
[2025-05-21T23:15:59.053+0000] {logging_mixin.py:190} INFO - [2025-05-21T23:15:59.053+0000] {dag.py:4180} INFO - Setting next_dagrun for read_dataset_event to 2025-05-20 00:00:00+00:00, run_after=2025-05-21 00:00:00+00:00
[2025-05-21T23:15:59.058+0000] {logging_mixin.py:190} INFO - [2025-05-21T23:15:59.058+0000] {dag.py:4180} INFO - Setting next_dagrun for read_dataset_event_from_classic to 2025-05-20 00:00:00+00:00, run_after=2025-05-21 00:00:00+00:00
[2025-05-21T23:15:59.096+0000] {processor.py:208} INFO - Processing /home/airflow/.local/lib/python3.12/site-packages/airflow/example_dags/example_inlet_event_extra.py took 2.131 seconds
[2025-05-21T23:16:29.345+0000] {processor.py:186} INFO - Started process (PID=201) to work on /home/airflow/.local/lib/python3.12/site-packages/airflow/example_dags/example_inlet_event_extra.py
[2025-05-21T23:16:29.346+0000] {processor.py:914} INFO - Processing file /home/airflow/.local/lib/python3.12/site-packages/airflow/example_dags/example_inlet_event_extra.py for tasks to queue
[2025-05-21T23:16:29.350+0000] {logging_mixin.py:190} INFO - [2025-05-21T23:16:29.350+0000] {dagbag.py:588} INFO - Filling up the DagBag from /home/airflow/.local/lib/python3.12/site-packages/airflow/example_dags/example_inlet_event_extra.py
[2025-05-21T23:16:30.739+0000] {processor.py:925} INFO - DAG(s) 'read_dataset_event_from_classic', 'read_dataset_event' retrieved from /home/airflow/.local/lib/python3.12/site-packages/airflow/example_dags/example_inlet_event_extra.py
[2025-05-21T23:16:30.799+0000] {logging_mixin.py:190} INFO - [2025-05-21T23:16:30.799+0000] {dag.py:3239} INFO - Sync 2 DAGs
[2025-05-21T23:16:30.853+0000] {logging_mixin.py:190} INFO - [2025-05-21T23:16:30.853+0000] {dag.py:4180} INFO - Setting next_dagrun for read_dataset_event to 2025-05-20 00:00:00+00:00, run_after=2025-05-21 00:00:00+00:00
[2025-05-21T23:16:30.864+0000] {logging_mixin.py:190} INFO - [2025-05-21T23:16:30.864+0000] {dag.py:4180} INFO - Setting next_dagrun for read_dataset_event_from_classic to 2025-05-20 00:00:00+00:00, run_after=2025-05-21 00:00:00+00:00
[2025-05-21T23:16:30.903+0000] {processor.py:208} INFO - Processing /home/airflow/.local/lib/python3.12/site-packages/airflow/example_dags/example_inlet_event_extra.py took 1.572 seconds
[2025-05-21T23:17:01.546+0000] {processor.py:186} INFO - Started process (PID=271) to work on /home/airflow/.local/lib/python3.12/site-packages/airflow/example_dags/example_inlet_event_extra.py
[2025-05-21T23:17:01.549+0000] {processor.py:914} INFO - Processing file /home/airflow/.local/lib/python3.12/site-packages/airflow/example_dags/example_inlet_event_extra.py for tasks to queue
[2025-05-21T23:17:01.555+0000] {logging_mixin.py:190} INFO - [2025-05-21T23:17:01.554+0000] {dagbag.py:588} INFO - Filling up the DagBag from /home/airflow/.local/lib/python3.12/site-packages/airflow/example_dags/example_inlet_event_extra.py
[2025-05-21T23:17:03.032+0000] {processor.py:925} INFO - DAG(s) 'read_dataset_event_from_classic', 'read_dataset_event' retrieved from /home/airflow/.local/lib/python3.12/site-packages/airflow/example_dags/example_inlet_event_extra.py
[2025-05-21T23:17:03.088+0000] {logging_mixin.py:190} INFO - [2025-05-21T23:17:03.088+0000] {dag.py:3239} INFO - Sync 2 DAGs
[2025-05-21T23:17:03.152+0000] {logging_mixin.py:190} INFO - [2025-05-21T23:17:03.152+0000] {dag.py:4180} INFO - Setting next_dagrun for read_dataset_event to 2025-05-20 00:00:00+00:00, run_after=2025-05-21 00:00:00+00:00
[2025-05-21T23:17:03.165+0000] {logging_mixin.py:190} INFO - [2025-05-21T23:17:03.165+0000] {dag.py:4180} INFO - Setting next_dagrun for read_dataset_event_from_classic to 2025-05-20 00:00:00+00:00, run_after=2025-05-21 00:00:00+00:00
[2025-05-21T23:17:03.206+0000] {processor.py:208} INFO - Processing /home/airflow/.local/lib/python3.12/site-packages/airflow/example_dags/example_inlet_event_extra.py took 1.680 seconds
[2025-05-21T23:17:34.159+0000] {processor.py:186} INFO - Started process (PID=337) to work on /home/airflow/.local/lib/python3.12/site-packages/airflow/example_dags/example_inlet_event_extra.py
[2025-05-21T23:17:34.162+0000] {processor.py:914} INFO - Processing file /home/airflow/.local/lib/python3.12/site-packages/airflow/example_dags/example_inlet_event_extra.py for tasks to queue
[2025-05-21T23:17:34.170+0000] {logging_mixin.py:190} INFO - [2025-05-21T23:17:34.169+0000] {dagbag.py:588} INFO - Filling up the DagBag from /home/airflow/.local/lib/python3.12/site-packages/airflow/example_dags/example_inlet_event_extra.py
[2025-05-21T23:17:35.646+0000] {processor.py:925} INFO - DAG(s) 'read_dataset_event_from_classic', 'read_dataset_event' retrieved from /home/airflow/.local/lib/python3.12/site-packages/airflow/example_dags/example_inlet_event_extra.py
[2025-05-21T23:17:35.704+0000] {logging_mixin.py:190} INFO - [2025-05-21T23:17:35.703+0000] {dag.py:3239} INFO - Sync 2 DAGs
[2025-05-21T23:17:35.751+0000] {logging_mixin.py:190} INFO - [2025-05-21T23:17:35.751+0000] {dag.py:4180} INFO - Setting next_dagrun for read_dataset_event to 2025-05-20 00:00:00+00:00, run_after=2025-05-21 00:00:00+00:00
[2025-05-21T23:17:35.763+0000] {logging_mixin.py:190} INFO - [2025-05-21T23:17:35.762+0000] {dag.py:4180} INFO - Setting next_dagrun for read_dataset_event_from_classic to 2025-05-20 00:00:00+00:00, run_after=2025-05-21 00:00:00+00:00
[2025-05-21T23:17:35.861+0000] {processor.py:208} INFO - Processing /home/airflow/.local/lib/python3.12/site-packages/airflow/example_dags/example_inlet_event_extra.py took 1.724 seconds
[2025-05-21T23:18:06.804+0000] {processor.py:186} INFO - Started process (PID=403) to work on /home/airflow/.local/lib/python3.12/site-packages/airflow/example_dags/example_inlet_event_extra.py
[2025-05-21T23:18:06.805+0000] {processor.py:914} INFO - Processing file /home/airflow/.local/lib/python3.12/site-packages/airflow/example_dags/example_inlet_event_extra.py for tasks to queue
[2025-05-21T23:18:06.810+0000] {logging_mixin.py:190} INFO - [2025-05-21T23:18:06.809+0000] {dagbag.py:588} INFO - Filling up the DagBag from /home/airflow/.local/lib/python3.12/site-packages/airflow/example_dags/example_inlet_event_extra.py
[2025-05-21T23:18:08.100+0000] {processor.py:925} INFO - DAG(s) 'read_dataset_event_from_classic', 'read_dataset_event' retrieved from /home/airflow/.local/lib/python3.12/site-packages/airflow/example_dags/example_inlet_event_extra.py
[2025-05-21T23:18:08.145+0000] {logging_mixin.py:190} INFO - [2025-05-21T23:18:08.144+0000] {dag.py:3239} INFO - Sync 2 DAGs
[2025-05-21T23:18:08.197+0000] {logging_mixin.py:190} INFO - [2025-05-21T23:18:08.196+0000] {dag.py:4180} INFO - Setting next_dagrun for read_dataset_event to 2025-05-20 00:00:00+00:00, run_after=2025-05-21 00:00:00+00:00
[2025-05-21T23:18:08.209+0000] {logging_mixin.py:190} INFO - [2025-05-21T23:18:08.209+0000] {dag.py:4180} INFO - Setting next_dagrun for read_dataset_event_from_classic to 2025-05-20 00:00:00+00:00, run_after=2025-05-21 00:00:00+00:00
[2025-05-21T23:18:08.308+0000] {processor.py:208} INFO - Processing /home/airflow/.local/lib/python3.12/site-packages/airflow/example_dags/example_inlet_event_extra.py took 1.523 seconds
[2025-05-21T23:18:38.730+0000] {processor.py:186} INFO - Started process (PID=469) to work on /home/airflow/.local/lib/python3.12/site-packages/airflow/example_dags/example_inlet_event_extra.py
[2025-05-21T23:18:38.733+0000] {processor.py:914} INFO - Processing file /home/airflow/.local/lib/python3.12/site-packages/airflow/example_dags/example_inlet_event_extra.py for tasks to queue
[2025-05-21T23:18:38.739+0000] {logging_mixin.py:190} INFO - [2025-05-21T23:18:38.738+0000] {dagbag.py:588} INFO - Filling up the DagBag from /home/airflow/.local/lib/python3.12/site-packages/airflow/example_dags/example_inlet_event_extra.py
[2025-05-21T23:18:40.007+0000] {processor.py:925} INFO - DAG(s) 'read_dataset_event', 'read_dataset_event_from_classic' retrieved from /home/airflow/.local/lib/python3.12/site-packages/airflow/example_dags/example_inlet_event_extra.py
[2025-05-21T23:18:40.052+0000] {logging_mixin.py:190} INFO - [2025-05-21T23:18:40.051+0000] {dag.py:3239} INFO - Sync 2 DAGs
[2025-05-21T23:18:40.103+0000] {logging_mixin.py:190} INFO - [2025-05-21T23:18:40.102+0000] {dag.py:4180} INFO - Setting next_dagrun for read_dataset_event to 2025-05-20 00:00:00+00:00, run_after=2025-05-21 00:00:00+00:00
[2025-05-21T23:18:40.114+0000] {logging_mixin.py:190} INFO - [2025-05-21T23:18:40.113+0000] {dag.py:4180} INFO - Setting next_dagrun for read_dataset_event_from_classic to 2025-05-20 00:00:00+00:00, run_after=2025-05-21 00:00:00+00:00
[2025-05-21T23:18:40.212+0000] {processor.py:208} INFO - Processing /home/airflow/.local/lib/python3.12/site-packages/airflow/example_dags/example_inlet_event_extra.py took 1.496 seconds
[2025-05-21T23:19:10.998+0000] {processor.py:186} INFO - Started process (PID=536) to work on /home/airflow/.local/lib/python3.12/site-packages/airflow/example_dags/example_inlet_event_extra.py
[2025-05-21T23:19:11.000+0000] {processor.py:914} INFO - Processing file /home/airflow/.local/lib/python3.12/site-packages/airflow/example_dags/example_inlet_event_extra.py for tasks to queue
[2025-05-21T23:19:11.004+0000] {logging_mixin.py:190} INFO - [2025-05-21T23:19:11.004+0000] {dagbag.py:588} INFO - Filling up the DagBag from /home/airflow/.local/lib/python3.12/site-packages/airflow/example_dags/example_inlet_event_extra.py
[2025-05-21T23:19:12.314+0000] {processor.py:925} INFO - DAG(s) 'read_dataset_event', 'read_dataset_event_from_classic' retrieved from /home/airflow/.local/lib/python3.12/site-packages/airflow/example_dags/example_inlet_event_extra.py
[2025-05-21T23:19:12.363+0000] {logging_mixin.py:190} INFO - [2025-05-21T23:19:12.363+0000] {dag.py:3239} INFO - Sync 2 DAGs
[2025-05-21T23:19:12.428+0000] {logging_mixin.py:190} INFO - [2025-05-21T23:19:12.428+0000] {dag.py:4180} INFO - Setting next_dagrun for read_dataset_event to 2025-05-20 00:00:00+00:00, run_after=2025-05-21 00:00:00+00:00
[2025-05-21T23:19:12.439+0000] {logging_mixin.py:190} INFO - [2025-05-21T23:19:12.438+0000] {dag.py:4180} INFO - Setting next_dagrun for read_dataset_event_from_classic to 2025-05-20 00:00:00+00:00, run_after=2025-05-21 00:00:00+00:00
[2025-05-21T23:19:12.525+0000] {processor.py:208} INFO - Processing /home/airflow/.local/lib/python3.12/site-packages/airflow/example_dags/example_inlet_event_extra.py took 1.537 seconds
[2025-05-21T23:19:44.146+0000] {processor.py:186} INFO - Started process (PID=605) to work on /home/airflow/.local/lib/python3.12/site-packages/airflow/example_dags/example_inlet_event_extra.py
[2025-05-21T23:19:44.150+0000] {processor.py:914} INFO - Processing file /home/airflow/.local/lib/python3.12/site-packages/airflow/example_dags/example_inlet_event_extra.py for tasks to queue
[2025-05-21T23:19:44.156+0000] {logging_mixin.py:190} INFO - [2025-05-21T23:19:44.155+0000] {dagbag.py:588} INFO - Filling up the DagBag from /home/airflow/.local/lib/python3.12/site-packages/airflow/example_dags/example_inlet_event_extra.py
[2025-05-21T23:19:45.379+0000] {processor.py:925} INFO - DAG(s) 'read_dataset_event', 'read_dataset_event_from_classic' retrieved from /home/airflow/.local/lib/python3.12/site-packages/airflow/example_dags/example_inlet_event_extra.py
[2025-05-21T23:19:45.427+0000] {logging_mixin.py:190} INFO - [2025-05-21T23:19:45.426+0000] {dag.py:3239} INFO - Sync 2 DAGs
[2025-05-21T23:19:45.482+0000] {logging_mixin.py:190} INFO - [2025-05-21T23:19:45.481+0000] {dag.py:4180} INFO - Setting next_dagrun for read_dataset_event to 2025-05-20 00:00:00+00:00, run_after=2025-05-21 00:00:00+00:00
[2025-05-21T23:19:45.492+0000] {logging_mixin.py:190} INFO - [2025-05-21T23:19:45.492+0000] {dag.py:4180} INFO - Setting next_dagrun for read_dataset_event_from_classic to 2025-05-20 00:00:00+00:00, run_after=2025-05-21 00:00:00+00:00
[2025-05-21T23:19:45.527+0000] {processor.py:208} INFO - Processing /home/airflow/.local/lib/python3.12/site-packages/airflow/example_dags/example_inlet_event_extra.py took 1.398 seconds
[2025-05-21T23:20:16.155+0000] {processor.py:186} INFO - Started process (PID=682) to work on /home/airflow/.local/lib/python3.12/site-packages/airflow/example_dags/example_inlet_event_extra.py
[2025-05-21T23:20:16.157+0000] {processor.py:914} INFO - Processing file /home/airflow/.local/lib/python3.12/site-packages/airflow/example_dags/example_inlet_event_extra.py for tasks to queue
[2025-05-21T23:20:16.162+0000] {logging_mixin.py:190} INFO - [2025-05-21T23:20:16.161+0000] {dagbag.py:588} INFO - Filling up the DagBag from /home/airflow/.local/lib/python3.12/site-packages/airflow/example_dags/example_inlet_event_extra.py
[2025-05-21T23:20:17.486+0000] {processor.py:925} INFO - DAG(s) 'read_dataset_event', 'read_dataset_event_from_classic' retrieved from /home/airflow/.local/lib/python3.12/site-packages/airflow/example_dags/example_inlet_event_extra.py
[2025-05-21T23:20:17.537+0000] {logging_mixin.py:190} INFO - [2025-05-21T23:20:17.537+0000] {dag.py:3239} INFO - Sync 2 DAGs
[2025-05-21T23:20:17.595+0000] {logging_mixin.py:190} INFO - [2025-05-21T23:20:17.594+0000] {dag.py:4180} INFO - Setting next_dagrun for read_dataset_event to 2025-05-20 00:00:00+00:00, run_after=2025-05-21 00:00:00+00:00
[2025-05-21T23:20:17.606+0000] {logging_mixin.py:190} INFO - [2025-05-21T23:20:17.606+0000] {dag.py:4180} INFO - Setting next_dagrun for read_dataset_event_from_classic to 2025-05-20 00:00:00+00:00, run_after=2025-05-21 00:00:00+00:00
[2025-05-21T23:20:17.707+0000] {processor.py:208} INFO - Processing /home/airflow/.local/lib/python3.12/site-packages/airflow/example_dags/example_inlet_event_extra.py took 1.568 seconds
[2025-05-21T23:20:48.065+0000] {processor.py:186} INFO - Started process (PID=753) to work on /home/airflow/.local/lib/python3.12/site-packages/airflow/example_dags/example_inlet_event_extra.py
[2025-05-21T23:20:48.067+0000] {processor.py:914} INFO - Processing file /home/airflow/.local/lib/python3.12/site-packages/airflow/example_dags/example_inlet_event_extra.py for tasks to queue
[2025-05-21T23:20:48.072+0000] {logging_mixin.py:190} INFO - [2025-05-21T23:20:48.071+0000] {dagbag.py:588} INFO - Filling up the DagBag from /home/airflow/.local/lib/python3.12/site-packages/airflow/example_dags/example_inlet_event_extra.py
[2025-05-21T23:20:49.348+0000] {processor.py:925} INFO - DAG(s) 'read_dataset_event', 'read_dataset_event_from_classic' retrieved from /home/airflow/.local/lib/python3.12/site-packages/airflow/example_dags/example_inlet_event_extra.py
[2025-05-21T23:20:49.419+0000] {logging_mixin.py:190} INFO - [2025-05-21T23:20:49.410+0000] {dag.py:3239} INFO - Sync 2 DAGs
[2025-05-21T23:20:49.515+0000] {logging_mixin.py:190} INFO - [2025-05-21T23:20:49.514+0000] {dag.py:4180} INFO - Setting next_dagrun for read_dataset_event to 2025-05-20 00:00:00+00:00, run_after=2025-05-21 00:00:00+00:00
[2025-05-21T23:20:49.531+0000] {logging_mixin.py:190} INFO - [2025-05-21T23:20:49.531+0000] {dag.py:4180} INFO - Setting next_dagrun for read_dataset_event_from_classic to 2025-05-20 00:00:00+00:00, run_after=2025-05-21 00:00:00+00:00
[2025-05-21T23:20:49.582+0000] {processor.py:208} INFO - Processing /home/airflow/.local/lib/python3.12/site-packages/airflow/example_dags/example_inlet_event_extra.py took 1.528 seconds
[2025-05-21T23:21:20.449+0000] {processor.py:186} INFO - Started process (PID=824) to work on /home/airflow/.local/lib/python3.12/site-packages/airflow/example_dags/example_inlet_event_extra.py
[2025-05-21T23:21:20.451+0000] {processor.py:914} INFO - Processing file /home/airflow/.local/lib/python3.12/site-packages/airflow/example_dags/example_inlet_event_extra.py for tasks to queue
[2025-05-21T23:21:20.456+0000] {logging_mixin.py:190} INFO - [2025-05-21T23:21:20.455+0000] {dagbag.py:588} INFO - Filling up the DagBag from /home/airflow/.local/lib/python3.12/site-packages/airflow/example_dags/example_inlet_event_extra.py
[2025-05-21T23:21:21.660+0000] {processor.py:925} INFO - DAG(s) 'read_dataset_event', 'read_dataset_event_from_classic' retrieved from /home/airflow/.local/lib/python3.12/site-packages/airflow/example_dags/example_inlet_event_extra.py
[2025-05-21T23:21:21.729+0000] {logging_mixin.py:190} INFO - [2025-05-21T23:21:21.728+0000] {dag.py:3239} INFO - Sync 2 DAGs
[2025-05-21T23:21:21.792+0000] {logging_mixin.py:190} INFO - [2025-05-21T23:21:21.791+0000] {dag.py:4180} INFO - Setting next_dagrun for read_dataset_event to 2025-05-20 00:00:00+00:00, run_after=2025-05-21 00:00:00+00:00
[2025-05-21T23:21:21.803+0000] {logging_mixin.py:190} INFO - [2025-05-21T23:21:21.803+0000] {dag.py:4180} INFO - Setting next_dagrun for read_dataset_event_from_classic to 2025-05-20 00:00:00+00:00, run_after=2025-05-21 00:00:00+00:00
[2025-05-21T23:21:21.836+0000] {processor.py:208} INFO - Processing /home/airflow/.local/lib/python3.12/site-packages/airflow/example_dags/example_inlet_event_extra.py took 1.400 seconds
[2025-05-21T23:21:53.782+0000] {processor.py:186} INFO - Started process (PID=898) to work on /home/airflow/.local/lib/python3.12/site-packages/airflow/example_dags/example_inlet_event_extra.py
[2025-05-21T23:21:53.785+0000] {processor.py:914} INFO - Processing file /home/airflow/.local/lib/python3.12/site-packages/airflow/example_dags/example_inlet_event_extra.py for tasks to queue
[2025-05-21T23:21:53.790+0000] {logging_mixin.py:190} INFO - [2025-05-21T23:21:53.789+0000] {dagbag.py:588} INFO - Filling up the DagBag from /home/airflow/.local/lib/python3.12/site-packages/airflow/example_dags/example_inlet_event_extra.py
[2025-05-21T23:21:55.084+0000] {processor.py:925} INFO - DAG(s) 'read_dataset_event', 'read_dataset_event_from_classic' retrieved from /home/airflow/.local/lib/python3.12/site-packages/airflow/example_dags/example_inlet_event_extra.py
[2025-05-21T23:21:55.128+0000] {logging_mixin.py:190} INFO - [2025-05-21T23:21:55.127+0000] {dag.py:3239} INFO - Sync 2 DAGs
[2025-05-21T23:21:55.183+0000] {logging_mixin.py:190} INFO - [2025-05-21T23:21:55.183+0000] {dag.py:4180} INFO - Setting next_dagrun for read_dataset_event to 2025-05-20 00:00:00+00:00, run_after=2025-05-21 00:00:00+00:00
[2025-05-21T23:21:55.194+0000] {logging_mixin.py:190} INFO - [2025-05-21T23:21:55.193+0000] {dag.py:4180} INFO - Setting next_dagrun for read_dataset_event_from_classic to 2025-05-20 00:00:00+00:00, run_after=2025-05-21 00:00:00+00:00
[2025-05-21T23:21:55.233+0000] {processor.py:208} INFO - Processing /home/airflow/.local/lib/python3.12/site-packages/airflow/example_dags/example_inlet_event_extra.py took 1.465 seconds
[2025-05-21T23:22:25.589+0000] {processor.py:186} INFO - Started process (PID=967) to work on /home/airflow/.local/lib/python3.12/site-packages/airflow/example_dags/example_inlet_event_extra.py
[2025-05-21T23:22:25.591+0000] {processor.py:914} INFO - Processing file /home/airflow/.local/lib/python3.12/site-packages/airflow/example_dags/example_inlet_event_extra.py for tasks to queue
[2025-05-21T23:22:25.596+0000] {logging_mixin.py:190} INFO - [2025-05-21T23:22:25.595+0000] {dagbag.py:588} INFO - Filling up the DagBag from /home/airflow/.local/lib/python3.12/site-packages/airflow/example_dags/example_inlet_event_extra.py
[2025-05-21T23:22:26.862+0000] {processor.py:925} INFO - DAG(s) 'read_dataset_event_from_classic', 'read_dataset_event' retrieved from /home/airflow/.local/lib/python3.12/site-packages/airflow/example_dags/example_inlet_event_extra.py
[2025-05-21T23:22:26.904+0000] {logging_mixin.py:190} INFO - [2025-05-21T23:22:26.904+0000] {dag.py:3239} INFO - Sync 2 DAGs
[2025-05-21T23:22:26.963+0000] {logging_mixin.py:190} INFO - [2025-05-21T23:22:26.962+0000] {dag.py:4180} INFO - Setting next_dagrun for read_dataset_event to 2025-05-20 00:00:00+00:00, run_after=2025-05-21 00:00:00+00:00
[2025-05-21T23:22:26.974+0000] {logging_mixin.py:190} INFO - [2025-05-21T23:22:26.973+0000] {dag.py:4180} INFO - Setting next_dagrun for read_dataset_event_from_classic to 2025-05-20 00:00:00+00:00, run_after=2025-05-21 00:00:00+00:00
[2025-05-21T23:22:27.008+0000] {processor.py:208} INFO - Processing /home/airflow/.local/lib/python3.12/site-packages/airflow/example_dags/example_inlet_event_extra.py took 1.430 seconds
[2025-05-21T23:22:57.832+0000] {processor.py:186} INFO - Started process (PID=1039) to work on /home/airflow/.local/lib/python3.12/site-packages/airflow/example_dags/example_inlet_event_extra.py
[2025-05-21T23:22:57.834+0000] {processor.py:914} INFO - Processing file /home/airflow/.local/lib/python3.12/site-packages/airflow/example_dags/example_inlet_event_extra.py for tasks to queue
[2025-05-21T23:22:57.838+0000] {logging_mixin.py:190} INFO - [2025-05-21T23:22:57.837+0000] {dagbag.py:588} INFO - Filling up the DagBag from /home/airflow/.local/lib/python3.12/site-packages/airflow/example_dags/example_inlet_event_extra.py
[2025-05-21T23:22:59.020+0000] {processor.py:925} INFO - DAG(s) 'read_dataset_event', 'read_dataset_event_from_classic' retrieved from /home/airflow/.local/lib/python3.12/site-packages/airflow/example_dags/example_inlet_event_extra.py
[2025-05-21T23:22:59.058+0000] {logging_mixin.py:190} INFO - [2025-05-21T23:22:59.057+0000] {dag.py:3239} INFO - Sync 2 DAGs
[2025-05-21T23:22:59.108+0000] {logging_mixin.py:190} INFO - [2025-05-21T23:22:59.108+0000] {dag.py:4180} INFO - Setting next_dagrun for read_dataset_event to 2025-05-20 00:00:00+00:00, run_after=2025-05-21 00:00:00+00:00
[2025-05-21T23:22:59.118+0000] {logging_mixin.py:190} INFO - [2025-05-21T23:22:59.118+0000] {dag.py:4180} INFO - Setting next_dagrun for read_dataset_event_from_classic to 2025-05-20 00:00:00+00:00, run_after=2025-05-21 00:00:00+00:00
[2025-05-21T23:22:59.148+0000] {processor.py:208} INFO - Processing /home/airflow/.local/lib/python3.12/site-packages/airflow/example_dags/example_inlet_event_extra.py took 1.329 seconds
[2025-05-21T23:23:29.906+0000] {processor.py:186} INFO - Started process (PID=1108) to work on /home/airflow/.local/lib/python3.12/site-packages/airflow/example_dags/example_inlet_event_extra.py
[2025-05-21T23:23:29.908+0000] {processor.py:914} INFO - Processing file /home/airflow/.local/lib/python3.12/site-packages/airflow/example_dags/example_inlet_event_extra.py for tasks to queue
[2025-05-21T23:23:29.913+0000] {logging_mixin.py:190} INFO - [2025-05-21T23:23:29.912+0000] {dagbag.py:588} INFO - Filling up the DagBag from /home/airflow/.local/lib/python3.12/site-packages/airflow/example_dags/example_inlet_event_extra.py
[2025-05-21T23:23:31.242+0000] {processor.py:925} INFO - DAG(s) 'read_dataset_event_from_classic', 'read_dataset_event' retrieved from /home/airflow/.local/lib/python3.12/site-packages/airflow/example_dags/example_inlet_event_extra.py
[2025-05-21T23:23:31.288+0000] {logging_mixin.py:190} INFO - [2025-05-21T23:23:31.287+0000] {dag.py:3239} INFO - Sync 2 DAGs
[2025-05-21T23:23:31.338+0000] {logging_mixin.py:190} INFO - [2025-05-21T23:23:31.337+0000] {dag.py:4180} INFO - Setting next_dagrun for read_dataset_event to 2025-05-20 00:00:00+00:00, run_after=2025-05-21 00:00:00+00:00
[2025-05-21T23:23:31.349+0000] {logging_mixin.py:190} INFO - [2025-05-21T23:23:31.349+0000] {dag.py:4180} INFO - Setting next_dagrun for read_dataset_event_from_classic to 2025-05-20 00:00:00+00:00, run_after=2025-05-21 00:00:00+00:00
[2025-05-21T23:23:31.445+0000] {processor.py:208} INFO - Processing /home/airflow/.local/lib/python3.12/site-packages/airflow/example_dags/example_inlet_event_extra.py took 1.555 seconds
[2025-05-21T23:24:02.170+0000] {processor.py:186} INFO - Started process (PID=1177) to work on /home/airflow/.local/lib/python3.12/site-packages/airflow/example_dags/example_inlet_event_extra.py
[2025-05-21T23:24:02.172+0000] {processor.py:914} INFO - Processing file /home/airflow/.local/lib/python3.12/site-packages/airflow/example_dags/example_inlet_event_extra.py for tasks to queue
[2025-05-21T23:24:02.178+0000] {logging_mixin.py:190} INFO - [2025-05-21T23:24:02.177+0000] {dagbag.py:588} INFO - Filling up the DagBag from /home/airflow/.local/lib/python3.12/site-packages/airflow/example_dags/example_inlet_event_extra.py
[2025-05-21T23:24:03.387+0000] {processor.py:925} INFO - DAG(s) 'read_dataset_event_from_classic', 'read_dataset_event' retrieved from /home/airflow/.local/lib/python3.12/site-packages/airflow/example_dags/example_inlet_event_extra.py
[2025-05-21T23:24:03.426+0000] {logging_mixin.py:190} INFO - [2025-05-21T23:24:03.425+0000] {dag.py:3239} INFO - Sync 2 DAGs
[2025-05-21T23:24:03.476+0000] {logging_mixin.py:190} INFO - [2025-05-21T23:24:03.476+0000] {dag.py:4180} INFO - Setting next_dagrun for read_dataset_event to 2025-05-20 00:00:00+00:00, run_after=2025-05-21 00:00:00+00:00
[2025-05-21T23:24:03.486+0000] {logging_mixin.py:190} INFO - [2025-05-21T23:24:03.485+0000] {dag.py:4180} INFO - Setting next_dagrun for read_dataset_event_from_classic to 2025-05-20 00:00:00+00:00, run_after=2025-05-21 00:00:00+00:00
[2025-05-21T23:24:03.587+0000] {processor.py:208} INFO - Processing /home/airflow/.local/lib/python3.12/site-packages/airflow/example_dags/example_inlet_event_extra.py took 1.431 seconds
[2025-05-21T23:24:33.839+0000] {processor.py:186} INFO - Started process (PID=1246) to work on /home/airflow/.local/lib/python3.12/site-packages/airflow/example_dags/example_inlet_event_extra.py
[2025-05-21T23:24:33.841+0000] {processor.py:914} INFO - Processing file /home/airflow/.local/lib/python3.12/site-packages/airflow/example_dags/example_inlet_event_extra.py for tasks to queue
[2025-05-21T23:24:33.846+0000] {logging_mixin.py:190} INFO - [2025-05-21T23:24:33.845+0000] {dagbag.py:588} INFO - Filling up the DagBag from /home/airflow/.local/lib/python3.12/site-packages/airflow/example_dags/example_inlet_event_extra.py
[2025-05-21T23:24:35.030+0000] {processor.py:925} INFO - DAG(s) 'read_dataset_event_from_classic', 'read_dataset_event' retrieved from /home/airflow/.local/lib/python3.12/site-packages/airflow/example_dags/example_inlet_event_extra.py
[2025-05-21T23:24:35.072+0000] {logging_mixin.py:190} INFO - [2025-05-21T23:24:35.072+0000] {dag.py:3239} INFO - Sync 2 DAGs
[2025-05-21T23:24:35.124+0000] {logging_mixin.py:190} INFO - [2025-05-21T23:24:35.123+0000] {dag.py:4180} INFO - Setting next_dagrun for read_dataset_event to 2025-05-20 00:00:00+00:00, run_after=2025-05-21 00:00:00+00:00
[2025-05-21T23:24:35.135+0000] {logging_mixin.py:190} INFO - [2025-05-21T23:24:35.135+0000] {dag.py:4180} INFO - Setting next_dagrun for read_dataset_event_from_classic to 2025-05-20 00:00:00+00:00, run_after=2025-05-21 00:00:00+00:00
[2025-05-21T23:24:35.236+0000] {processor.py:208} INFO - Processing /home/airflow/.local/lib/python3.12/site-packages/airflow/example_dags/example_inlet_event_extra.py took 1.408 seconds
[2025-05-21T23:25:05.930+0000] {processor.py:186} INFO - Started process (PID=1315) to work on /home/airflow/.local/lib/python3.12/site-packages/airflow/example_dags/example_inlet_event_extra.py
[2025-05-21T23:25:05.932+0000] {processor.py:914} INFO - Processing file /home/airflow/.local/lib/python3.12/site-packages/airflow/example_dags/example_inlet_event_extra.py for tasks to queue
[2025-05-21T23:25:05.936+0000] {logging_mixin.py:190} INFO - [2025-05-21T23:25:05.936+0000] {dagbag.py:588} INFO - Filling up the DagBag from /home/airflow/.local/lib/python3.12/site-packages/airflow/example_dags/example_inlet_event_extra.py
[2025-05-21T23:25:07.329+0000] {processor.py:925} INFO - DAG(s) 'read_dataset_event', 'read_dataset_event_from_classic' retrieved from /home/airflow/.local/lib/python3.12/site-packages/airflow/example_dags/example_inlet_event_extra.py
[2025-05-21T23:25:07.384+0000] {logging_mixin.py:190} INFO - [2025-05-21T23:25:07.384+0000] {dag.py:3239} INFO - Sync 2 DAGs
[2025-05-21T23:25:07.443+0000] {logging_mixin.py:190} INFO - [2025-05-21T23:25:07.443+0000] {dag.py:4180} INFO - Setting next_dagrun for read_dataset_event to 2025-05-20 00:00:00+00:00, run_after=2025-05-21 00:00:00+00:00
[2025-05-21T23:25:07.455+0000] {logging_mixin.py:190} INFO - [2025-05-21T23:25:07.455+0000] {dag.py:4180} INFO - Setting next_dagrun for read_dataset_event_from_classic to 2025-05-20 00:00:00+00:00, run_after=2025-05-21 00:00:00+00:00
[2025-05-21T23:25:07.498+0000] {processor.py:208} INFO - Processing /home/airflow/.local/lib/python3.12/site-packages/airflow/example_dags/example_inlet_event_extra.py took 1.580 seconds
[2025-05-21T23:25:37.910+0000] {processor.py:186} INFO - Started process (PID=1383) to work on /home/airflow/.local/lib/python3.12/site-packages/airflow/example_dags/example_inlet_event_extra.py
[2025-05-21T23:25:37.912+0000] {processor.py:914} INFO - Processing file /home/airflow/.local/lib/python3.12/site-packages/airflow/example_dags/example_inlet_event_extra.py for tasks to queue
[2025-05-21T23:25:37.917+0000] {logging_mixin.py:190} INFO - [2025-05-21T23:25:37.916+0000] {dagbag.py:588} INFO - Filling up the DagBag from /home/airflow/.local/lib/python3.12/site-packages/airflow/example_dags/example_inlet_event_extra.py
[2025-05-21T23:25:39.215+0000] {processor.py:925} INFO - DAG(s) 'read_dataset_event_from_classic', 'read_dataset_event' retrieved from /home/airflow/.local/lib/python3.12/site-packages/airflow/example_dags/example_inlet_event_extra.py
[2025-05-21T23:25:39.254+0000] {logging_mixin.py:190} INFO - [2025-05-21T23:25:39.253+0000] {dag.py:3239} INFO - Sync 2 DAGs
[2025-05-21T23:25:39.299+0000] {logging_mixin.py:190} INFO - [2025-05-21T23:25:39.299+0000] {dag.py:4180} INFO - Setting next_dagrun for read_dataset_event to 2025-05-20 00:00:00+00:00, run_after=2025-05-21 00:00:00+00:00
[2025-05-21T23:25:39.311+0000] {logging_mixin.py:190} INFO - [2025-05-21T23:25:39.310+0000] {dag.py:4180} INFO - Setting next_dagrun for read_dataset_event_from_classic to 2025-05-20 00:00:00+00:00, run_after=2025-05-21 00:00:00+00:00
[2025-05-21T23:25:39.345+0000] {processor.py:208} INFO - Processing /home/airflow/.local/lib/python3.12/site-packages/airflow/example_dags/example_inlet_event_extra.py took 1.448 seconds
[2025-05-21T23:26:09.747+0000] {processor.py:186} INFO - Started process (PID=1452) to work on /home/airflow/.local/lib/python3.12/site-packages/airflow/example_dags/example_inlet_event_extra.py
[2025-05-21T23:26:09.749+0000] {processor.py:914} INFO - Processing file /home/airflow/.local/lib/python3.12/site-packages/airflow/example_dags/example_inlet_event_extra.py for tasks to queue
[2025-05-21T23:26:09.753+0000] {logging_mixin.py:190} INFO - [2025-05-21T23:26:09.752+0000] {dagbag.py:588} INFO - Filling up the DagBag from /home/airflow/.local/lib/python3.12/site-packages/airflow/example_dags/example_inlet_event_extra.py
[2025-05-21T23:26:10.978+0000] {processor.py:925} INFO - DAG(s) 'read_dataset_event', 'read_dataset_event_from_classic' retrieved from /home/airflow/.local/lib/python3.12/site-packages/airflow/example_dags/example_inlet_event_extra.py
[2025-05-21T23:26:11.021+0000] {logging_mixin.py:190} INFO - [2025-05-21T23:26:11.020+0000] {dag.py:3239} INFO - Sync 2 DAGs
[2025-05-21T23:26:11.072+0000] {logging_mixin.py:190} INFO - [2025-05-21T23:26:11.072+0000] {dag.py:4180} INFO - Setting next_dagrun for read_dataset_event to 2025-05-20 00:00:00+00:00, run_after=2025-05-21 00:00:00+00:00
[2025-05-21T23:26:11.085+0000] {logging_mixin.py:190} INFO - [2025-05-21T23:26:11.085+0000] {dag.py:4180} INFO - Setting next_dagrun for read_dataset_event_from_classic to 2025-05-20 00:00:00+00:00, run_after=2025-05-21 00:00:00+00:00
[2025-05-21T23:26:11.186+0000] {processor.py:208} INFO - Processing /home/airflow/.local/lib/python3.12/site-packages/airflow/example_dags/example_inlet_event_extra.py took 1.450 seconds
[2025-05-21T23:26:42.406+0000] {processor.py:186} INFO - Started process (PID=1522) to work on /home/airflow/.local/lib/python3.12/site-packages/airflow/example_dags/example_inlet_event_extra.py
[2025-05-21T23:26:42.407+0000] {processor.py:914} INFO - Processing file /home/airflow/.local/lib/python3.12/site-packages/airflow/example_dags/example_inlet_event_extra.py for tasks to queue
[2025-05-21T23:26:42.412+0000] {logging_mixin.py:190} INFO - [2025-05-21T23:26:42.411+0000] {dagbag.py:588} INFO - Filling up the DagBag from /home/airflow/.local/lib/python3.12/site-packages/airflow/example_dags/example_inlet_event_extra.py
[2025-05-21T23:26:43.479+0000] {processor.py:925} INFO - DAG(s) 'read_dataset_event', 'read_dataset_event_from_classic' retrieved from /home/airflow/.local/lib/python3.12/site-packages/airflow/example_dags/example_inlet_event_extra.py
[2025-05-21T23:26:43.520+0000] {logging_mixin.py:190} INFO - [2025-05-21T23:26:43.520+0000] {dag.py:3239} INFO - Sync 2 DAGs
[2025-05-21T23:26:43.573+0000] {logging_mixin.py:190} INFO - [2025-05-21T23:26:43.572+0000] {dag.py:4180} INFO - Setting next_dagrun for read_dataset_event to 2025-05-20 00:00:00+00:00, run_after=2025-05-21 00:00:00+00:00
[2025-05-21T23:26:43.583+0000] {logging_mixin.py:190} INFO - [2025-05-21T23:26:43.582+0000] {dag.py:4180} INFO - Setting next_dagrun for read_dataset_event_from_classic to 2025-05-20 00:00:00+00:00, run_after=2025-05-21 00:00:00+00:00
[2025-05-21T23:26:43.614+0000] {processor.py:208} INFO - Processing /home/airflow/.local/lib/python3.12/site-packages/airflow/example_dags/example_inlet_event_extra.py took 1.219 seconds
[2025-05-21T23:27:13.803+0000] {processor.py:186} INFO - Started process (PID=1588) to work on /home/airflow/.local/lib/python3.12/site-packages/airflow/example_dags/example_inlet_event_extra.py
[2025-05-21T23:27:13.806+0000] {processor.py:914} INFO - Processing file /home/airflow/.local/lib/python3.12/site-packages/airflow/example_dags/example_inlet_event_extra.py for tasks to queue
[2025-05-21T23:27:13.814+0000] {logging_mixin.py:190} INFO - [2025-05-21T23:27:13.813+0000] {dagbag.py:588} INFO - Filling up the DagBag from /home/airflow/.local/lib/python3.12/site-packages/airflow/example_dags/example_inlet_event_extra.py
[2025-05-21T23:27:15.152+0000] {processor.py:925} INFO - DAG(s) 'read_dataset_event_from_classic', 'read_dataset_event' retrieved from /home/airflow/.local/lib/python3.12/site-packages/airflow/example_dags/example_inlet_event_extra.py
[2025-05-21T23:27:15.205+0000] {logging_mixin.py:190} INFO - [2025-05-21T23:27:15.204+0000] {dag.py:3239} INFO - Sync 2 DAGs
[2025-05-21T23:27:15.264+0000] {logging_mixin.py:190} INFO - [2025-05-21T23:27:15.263+0000] {dag.py:4180} INFO - Setting next_dagrun for read_dataset_event to 2025-05-20 00:00:00+00:00, run_after=2025-05-21 00:00:00+00:00
[2025-05-21T23:27:15.274+0000] {logging_mixin.py:190} INFO - [2025-05-21T23:27:15.273+0000] {dag.py:4180} INFO - Setting next_dagrun for read_dataset_event_from_classic to 2025-05-20 00:00:00+00:00, run_after=2025-05-21 00:00:00+00:00
[2025-05-21T23:27:15.340+0000] {processor.py:208} INFO - Processing /home/airflow/.local/lib/python3.12/site-packages/airflow/example_dags/example_inlet_event_extra.py took 1.556 seconds
[2025-05-21T23:27:45.529+0000] {processor.py:186} INFO - Started process (PID=1654) to work on /home/airflow/.local/lib/python3.12/site-packages/airflow/example_dags/example_inlet_event_extra.py
[2025-05-21T23:27:45.531+0000] {processor.py:914} INFO - Processing file /home/airflow/.local/lib/python3.12/site-packages/airflow/example_dags/example_inlet_event_extra.py for tasks to queue
[2025-05-21T23:27:45.536+0000] {logging_mixin.py:190} INFO - [2025-05-21T23:27:45.535+0000] {dagbag.py:588} INFO - Filling up the DagBag from /home/airflow/.local/lib/python3.12/site-packages/airflow/example_dags/example_inlet_event_extra.py
[2025-05-21T23:27:46.884+0000] {processor.py:925} INFO - DAG(s) 'read_dataset_event_from_classic', 'read_dataset_event' retrieved from /home/airflow/.local/lib/python3.12/site-packages/airflow/example_dags/example_inlet_event_extra.py
[2025-05-21T23:27:46.933+0000] {logging_mixin.py:190} INFO - [2025-05-21T23:27:46.932+0000] {dag.py:3239} INFO - Sync 2 DAGs
[2025-05-21T23:27:46.995+0000] {logging_mixin.py:190} INFO - [2025-05-21T23:27:46.995+0000] {dag.py:4180} INFO - Setting next_dagrun for read_dataset_event to 2025-05-20 00:00:00+00:00, run_after=2025-05-21 00:00:00+00:00
[2025-05-21T23:27:47.008+0000] {logging_mixin.py:190} INFO - [2025-05-21T23:27:47.008+0000] {dag.py:4180} INFO - Setting next_dagrun for read_dataset_event_from_classic to 2025-05-20 00:00:00+00:00, run_after=2025-05-21 00:00:00+00:00
[2025-05-21T23:27:47.050+0000] {processor.py:208} INFO - Processing /home/airflow/.local/lib/python3.12/site-packages/airflow/example_dags/example_inlet_event_extra.py took 1.532 seconds
[2025-05-21T23:28:17.706+0000] {processor.py:186} INFO - Started process (PID=1726) to work on /home/airflow/.local/lib/python3.12/site-packages/airflow/example_dags/example_inlet_event_extra.py
[2025-05-21T23:28:17.708+0000] {processor.py:914} INFO - Processing file /home/airflow/.local/lib/python3.12/site-packages/airflow/example_dags/example_inlet_event_extra.py for tasks to queue
[2025-05-21T23:28:17.714+0000] {logging_mixin.py:190} INFO - [2025-05-21T23:28:17.713+0000] {dagbag.py:588} INFO - Filling up the DagBag from /home/airflow/.local/lib/python3.12/site-packages/airflow/example_dags/example_inlet_event_extra.py
[2025-05-21T23:28:18.961+0000] {processor.py:925} INFO - DAG(s) 'read_dataset_event', 'read_dataset_event_from_classic' retrieved from /home/airflow/.local/lib/python3.12/site-packages/airflow/example_dags/example_inlet_event_extra.py
[2025-05-21T23:28:19.001+0000] {logging_mixin.py:190} INFO - [2025-05-21T23:28:19.000+0000] {dag.py:3239} INFO - Sync 2 DAGs
[2025-05-21T23:28:19.047+0000] {logging_mixin.py:190} INFO - [2025-05-21T23:28:19.046+0000] {dag.py:4180} INFO - Setting next_dagrun for read_dataset_event to 2025-05-20 00:00:00+00:00, run_after=2025-05-21 00:00:00+00:00
[2025-05-21T23:28:19.057+0000] {logging_mixin.py:190} INFO - [2025-05-21T23:28:19.057+0000] {dag.py:4180} INFO - Setting next_dagrun for read_dataset_event_from_classic to 2025-05-20 00:00:00+00:00, run_after=2025-05-21 00:00:00+00:00
[2025-05-21T23:28:19.155+0000] {processor.py:208} INFO - Processing /home/airflow/.local/lib/python3.12/site-packages/airflow/example_dags/example_inlet_event_extra.py took 1.468 seconds
[2025-05-21T23:28:49.300+0000] {processor.py:186} INFO - Started process (PID=1792) to work on /home/airflow/.local/lib/python3.12/site-packages/airflow/example_dags/example_inlet_event_extra.py
[2025-05-21T23:28:49.302+0000] {processor.py:914} INFO - Processing file /home/airflow/.local/lib/python3.12/site-packages/airflow/example_dags/example_inlet_event_extra.py for tasks to queue
[2025-05-21T23:28:49.306+0000] {logging_mixin.py:190} INFO - [2025-05-21T23:28:49.306+0000] {dagbag.py:588} INFO - Filling up the DagBag from /home/airflow/.local/lib/python3.12/site-packages/airflow/example_dags/example_inlet_event_extra.py
[2025-05-21T23:28:50.536+0000] {processor.py:925} INFO - DAG(s) 'read_dataset_event_from_classic', 'read_dataset_event' retrieved from /home/airflow/.local/lib/python3.12/site-packages/airflow/example_dags/example_inlet_event_extra.py
[2025-05-21T23:28:50.581+0000] {logging_mixin.py:190} INFO - [2025-05-21T23:28:50.581+0000] {dag.py:3239} INFO - Sync 2 DAGs
[2025-05-21T23:28:50.629+0000] {logging_mixin.py:190} INFO - [2025-05-21T23:28:50.629+0000] {dag.py:4180} INFO - Setting next_dagrun for read_dataset_event to 2025-05-20 00:00:00+00:00, run_after=2025-05-21 00:00:00+00:00
[2025-05-21T23:28:50.639+0000] {logging_mixin.py:190} INFO - [2025-05-21T23:28:50.639+0000] {dag.py:4180} INFO - Setting next_dagrun for read_dataset_event_from_classic to 2025-05-20 00:00:00+00:00, run_after=2025-05-21 00:00:00+00:00
[2025-05-21T23:28:50.674+0000] {processor.py:208} INFO - Processing /home/airflow/.local/lib/python3.12/site-packages/airflow/example_dags/example_inlet_event_extra.py took 1.391 seconds
[2025-05-21T23:29:21.040+0000] {processor.py:186} INFO - Started process (PID=1858) to work on /home/airflow/.local/lib/python3.12/site-packages/airflow/example_dags/example_inlet_event_extra.py
[2025-05-21T23:29:21.043+0000] {processor.py:914} INFO - Processing file /home/airflow/.local/lib/python3.12/site-packages/airflow/example_dags/example_inlet_event_extra.py for tasks to queue
[2025-05-21T23:29:21.048+0000] {logging_mixin.py:190} INFO - [2025-05-21T23:29:21.048+0000] {dagbag.py:588} INFO - Filling up the DagBag from /home/airflow/.local/lib/python3.12/site-packages/airflow/example_dags/example_inlet_event_extra.py
[2025-05-21T23:29:22.459+0000] {processor.py:925} INFO - DAG(s) 'read_dataset_event', 'read_dataset_event_from_classic' retrieved from /home/airflow/.local/lib/python3.12/site-packages/airflow/example_dags/example_inlet_event_extra.py
[2025-05-21T23:29:22.508+0000] {logging_mixin.py:190} INFO - [2025-05-21T23:29:22.507+0000] {dag.py:3239} INFO - Sync 2 DAGs
[2025-05-21T23:29:22.557+0000] {logging_mixin.py:190} INFO - [2025-05-21T23:29:22.556+0000] {dag.py:4180} INFO - Setting next_dagrun for read_dataset_event to 2025-05-20 00:00:00+00:00, run_after=2025-05-21 00:00:00+00:00
[2025-05-21T23:29:22.567+0000] {logging_mixin.py:190} INFO - [2025-05-21T23:29:22.566+0000] {dag.py:4180} INFO - Setting next_dagrun for read_dataset_event_from_classic to 2025-05-20 00:00:00+00:00, run_after=2025-05-21 00:00:00+00:00
[2025-05-21T23:29:22.598+0000] {processor.py:208} INFO - Processing /home/airflow/.local/lib/python3.12/site-packages/airflow/example_dags/example_inlet_event_extra.py took 1.571 seconds
[2025-05-21T23:29:52.983+0000] {processor.py:186} INFO - Started process (PID=1924) to work on /home/airflow/.local/lib/python3.12/site-packages/airflow/example_dags/example_inlet_event_extra.py
[2025-05-21T23:29:52.986+0000] {processor.py:914} INFO - Processing file /home/airflow/.local/lib/python3.12/site-packages/airflow/example_dags/example_inlet_event_extra.py for tasks to queue
[2025-05-21T23:29:52.992+0000] {logging_mixin.py:190} INFO - [2025-05-21T23:29:52.991+0000] {dagbag.py:588} INFO - Filling up the DagBag from /home/airflow/.local/lib/python3.12/site-packages/airflow/example_dags/example_inlet_event_extra.py
[2025-05-21T23:29:54.256+0000] {processor.py:925} INFO - DAG(s) 'read_dataset_event', 'read_dataset_event_from_classic' retrieved from /home/airflow/.local/lib/python3.12/site-packages/airflow/example_dags/example_inlet_event_extra.py
[2025-05-21T23:29:54.299+0000] {logging_mixin.py:190} INFO - [2025-05-21T23:29:54.298+0000] {dag.py:3239} INFO - Sync 2 DAGs
[2025-05-21T23:29:54.363+0000] {logging_mixin.py:190} INFO - [2025-05-21T23:29:54.362+0000] {dag.py:4180} INFO - Setting next_dagrun for read_dataset_event to 2025-05-20 00:00:00+00:00, run_after=2025-05-21 00:00:00+00:00
[2025-05-21T23:29:54.374+0000] {logging_mixin.py:190} INFO - [2025-05-21T23:29:54.373+0000] {dag.py:4180} INFO - Setting next_dagrun for read_dataset_event_from_classic to 2025-05-20 00:00:00+00:00, run_after=2025-05-21 00:00:00+00:00
[2025-05-21T23:29:54.470+0000] {processor.py:208} INFO - Processing /home/airflow/.local/lib/python3.12/site-packages/airflow/example_dags/example_inlet_event_extra.py took 1.504 seconds
[2025-05-21T23:30:25.982+0000] {processor.py:186} INFO - Started process (PID=1994) to work on /home/airflow/.local/lib/python3.12/site-packages/airflow/example_dags/example_inlet_event_extra.py
[2025-05-21T23:30:25.984+0000] {processor.py:914} INFO - Processing file /home/airflow/.local/lib/python3.12/site-packages/airflow/example_dags/example_inlet_event_extra.py for tasks to queue
[2025-05-21T23:30:25.989+0000] {logging_mixin.py:190} INFO - [2025-05-21T23:30:25.988+0000] {dagbag.py:588} INFO - Filling up the DagBag from /home/airflow/.local/lib/python3.12/site-packages/airflow/example_dags/example_inlet_event_extra.py
[2025-05-21T23:30:27.348+0000] {processor.py:925} INFO - DAG(s) 'read_dataset_event', 'read_dataset_event_from_classic' retrieved from /home/airflow/.local/lib/python3.12/site-packages/airflow/example_dags/example_inlet_event_extra.py
[2025-05-21T23:30:27.389+0000] {logging_mixin.py:190} INFO - [2025-05-21T23:30:27.388+0000] {dag.py:3239} INFO - Sync 2 DAGs
[2025-05-21T23:30:27.451+0000] {logging_mixin.py:190} INFO - [2025-05-21T23:30:27.450+0000] {dag.py:4180} INFO - Setting next_dagrun for read_dataset_event to 2025-05-20 00:00:00+00:00, run_after=2025-05-21 00:00:00+00:00
[2025-05-21T23:30:27.464+0000] {logging_mixin.py:190} INFO - [2025-05-21T23:30:27.463+0000] {dag.py:4180} INFO - Setting next_dagrun for read_dataset_event_from_classic to 2025-05-20 00:00:00+00:00, run_after=2025-05-21 00:00:00+00:00
[2025-05-21T23:30:27.551+0000] {processor.py:208} INFO - Processing /home/airflow/.local/lib/python3.12/site-packages/airflow/example_dags/example_inlet_event_extra.py took 1.579 seconds
[2025-05-21T23:30:58.075+0000] {processor.py:186} INFO - Started process (PID=2061) to work on /home/airflow/.local/lib/python3.12/site-packages/airflow/example_dags/example_inlet_event_extra.py
[2025-05-21T23:30:58.077+0000] {processor.py:914} INFO - Processing file /home/airflow/.local/lib/python3.12/site-packages/airflow/example_dags/example_inlet_event_extra.py for tasks to queue
[2025-05-21T23:30:58.081+0000] {logging_mixin.py:190} INFO - [2025-05-21T23:30:58.080+0000] {dagbag.py:588} INFO - Filling up the DagBag from /home/airflow/.local/lib/python3.12/site-packages/airflow/example_dags/example_inlet_event_extra.py
[2025-05-21T23:30:59.399+0000] {processor.py:925} INFO - DAG(s) 'read_dataset_event', 'read_dataset_event_from_classic' retrieved from /home/airflow/.local/lib/python3.12/site-packages/airflow/example_dags/example_inlet_event_extra.py
[2025-05-21T23:30:59.445+0000] {logging_mixin.py:190} INFO - [2025-05-21T23:30:59.445+0000] {dag.py:3239} INFO - Sync 2 DAGs
[2025-05-21T23:30:59.502+0000] {logging_mixin.py:190} INFO - [2025-05-21T23:30:59.501+0000] {dag.py:4180} INFO - Setting next_dagrun for read_dataset_event to 2025-05-20 00:00:00+00:00, run_after=2025-05-21 00:00:00+00:00
[2025-05-21T23:30:59.512+0000] {logging_mixin.py:190} INFO - [2025-05-21T23:30:59.511+0000] {dag.py:4180} INFO - Setting next_dagrun for read_dataset_event_from_classic to 2025-05-20 00:00:00+00:00, run_after=2025-05-21 00:00:00+00:00
[2025-05-21T23:30:59.543+0000] {processor.py:208} INFO - Processing /home/airflow/.local/lib/python3.12/site-packages/airflow/example_dags/example_inlet_event_extra.py took 1.478 seconds
[2025-05-21T23:31:30.010+0000] {processor.py:186} INFO - Started process (PID=2129) to work on /home/airflow/.local/lib/python3.12/site-packages/airflow/example_dags/example_inlet_event_extra.py
[2025-05-21T23:31:30.012+0000] {processor.py:914} INFO - Processing file /home/airflow/.local/lib/python3.12/site-packages/airflow/example_dags/example_inlet_event_extra.py for tasks to queue
[2025-05-21T23:31:30.016+0000] {logging_mixin.py:190} INFO - [2025-05-21T23:31:30.015+0000] {dagbag.py:588} INFO - Filling up the DagBag from /home/airflow/.local/lib/python3.12/site-packages/airflow/example_dags/example_inlet_event_extra.py
[2025-05-21T23:31:31.302+0000] {processor.py:925} INFO - DAG(s) 'read_dataset_event', 'read_dataset_event_from_classic' retrieved from /home/airflow/.local/lib/python3.12/site-packages/airflow/example_dags/example_inlet_event_extra.py
[2025-05-21T23:31:31.347+0000] {logging_mixin.py:190} INFO - [2025-05-21T23:31:31.347+0000] {dag.py:3239} INFO - Sync 2 DAGs
[2025-05-21T23:31:31.407+0000] {logging_mixin.py:190} INFO - [2025-05-21T23:31:31.406+0000] {dag.py:4180} INFO - Setting next_dagrun for read_dataset_event to 2025-05-20 00:00:00+00:00, run_after=2025-05-21 00:00:00+00:00
[2025-05-21T23:31:31.417+0000] {logging_mixin.py:190} INFO - [2025-05-21T23:31:31.416+0000] {dag.py:4180} INFO - Setting next_dagrun for read_dataset_event_from_classic to 2025-05-20 00:00:00+00:00, run_after=2025-05-21 00:00:00+00:00
[2025-05-21T23:31:31.514+0000] {processor.py:208} INFO - Processing /home/airflow/.local/lib/python3.12/site-packages/airflow/example_dags/example_inlet_event_extra.py took 1.517 seconds
[2025-05-21T23:32:01.656+0000] {processor.py:186} INFO - Started process (PID=2194) to work on /home/airflow/.local/lib/python3.12/site-packages/airflow/example_dags/example_inlet_event_extra.py
[2025-05-21T23:32:01.658+0000] {processor.py:914} INFO - Processing file /home/airflow/.local/lib/python3.12/site-packages/airflow/example_dags/example_inlet_event_extra.py for tasks to queue
[2025-05-21T23:32:01.664+0000] {logging_mixin.py:190} INFO - [2025-05-21T23:32:01.663+0000] {dagbag.py:588} INFO - Filling up the DagBag from /home/airflow/.local/lib/python3.12/site-packages/airflow/example_dags/example_inlet_event_extra.py
[2025-05-21T23:32:03.112+0000] {processor.py:925} INFO - DAG(s) 'read_dataset_event_from_classic', 'read_dataset_event' retrieved from /home/airflow/.local/lib/python3.12/site-packages/airflow/example_dags/example_inlet_event_extra.py
[2025-05-21T23:32:03.156+0000] {logging_mixin.py:190} INFO - [2025-05-21T23:32:03.155+0000] {dag.py:3239} INFO - Sync 2 DAGs
[2025-05-21T23:32:03.230+0000] {logging_mixin.py:190} INFO - [2025-05-21T23:32:03.229+0000] {dag.py:4180} INFO - Setting next_dagrun for read_dataset_event to 2025-05-20 00:00:00+00:00, run_after=2025-05-21 00:00:00+00:00
[2025-05-21T23:32:03.247+0000] {logging_mixin.py:190} INFO - [2025-05-21T23:32:03.246+0000] {dag.py:4180} INFO - Setting next_dagrun for read_dataset_event_from_classic to 2025-05-20 00:00:00+00:00, run_after=2025-05-21 00:00:00+00:00
[2025-05-21T23:32:03.283+0000] {processor.py:208} INFO - Processing /home/airflow/.local/lib/python3.12/site-packages/airflow/example_dags/example_inlet_event_extra.py took 1.639 seconds
[2025-05-21T23:32:33.510+0000] {processor.py:186} INFO - Started process (PID=2263) to work on /home/airflow/.local/lib/python3.12/site-packages/airflow/example_dags/example_inlet_event_extra.py
[2025-05-21T23:32:33.511+0000] {processor.py:914} INFO - Processing file /home/airflow/.local/lib/python3.12/site-packages/airflow/example_dags/example_inlet_event_extra.py for tasks to queue
[2025-05-21T23:32:33.516+0000] {logging_mixin.py:190} INFO - [2025-05-21T23:32:33.516+0000] {dagbag.py:588} INFO - Filling up the DagBag from /home/airflow/.local/lib/python3.12/site-packages/airflow/example_dags/example_inlet_event_extra.py
[2025-05-21T23:32:35.145+0000] {processor.py:925} INFO - DAG(s) 'read_dataset_event_from_classic', 'read_dataset_event' retrieved from /home/airflow/.local/lib/python3.12/site-packages/airflow/example_dags/example_inlet_event_extra.py
[2025-05-21T23:32:35.200+0000] {logging_mixin.py:190} INFO - [2025-05-21T23:32:35.199+0000] {dag.py:3239} INFO - Sync 2 DAGs
[2025-05-21T23:32:35.258+0000] {logging_mixin.py:190} INFO - [2025-05-21T23:32:35.257+0000] {dag.py:4180} INFO - Setting next_dagrun for read_dataset_event to 2025-05-20 00:00:00+00:00, run_after=2025-05-21 00:00:00+00:00
[2025-05-21T23:32:35.270+0000] {logging_mixin.py:190} INFO - [2025-05-21T23:32:35.269+0000] {dag.py:4180} INFO - Setting next_dagrun for read_dataset_event_from_classic to 2025-05-20 00:00:00+00:00, run_after=2025-05-21 00:00:00+00:00
[2025-05-21T23:32:35.301+0000] {processor.py:208} INFO - Processing /home/airflow/.local/lib/python3.12/site-packages/airflow/example_dags/example_inlet_event_extra.py took 1.803 seconds
[2025-05-21T23:33:05.424+0000] {processor.py:186} INFO - Started process (PID=2335) to work on /home/airflow/.local/lib/python3.12/site-packages/airflow/example_dags/example_inlet_event_extra.py
[2025-05-21T23:33:05.426+0000] {processor.py:914} INFO - Processing file /home/airflow/.local/lib/python3.12/site-packages/airflow/example_dags/example_inlet_event_extra.py for tasks to queue
[2025-05-21T23:33:05.430+0000] {logging_mixin.py:190} INFO - [2025-05-21T23:33:05.429+0000] {dagbag.py:588} INFO - Filling up the DagBag from /home/airflow/.local/lib/python3.12/site-packages/airflow/example_dags/example_inlet_event_extra.py
[2025-05-21T23:33:06.531+0000] {processor.py:925} INFO - DAG(s) 'read_dataset_event_from_classic', 'read_dataset_event' retrieved from /home/airflow/.local/lib/python3.12/site-packages/airflow/example_dags/example_inlet_event_extra.py
[2025-05-21T23:33:06.571+0000] {logging_mixin.py:190} INFO - [2025-05-21T23:33:06.571+0000] {dag.py:3239} INFO - Sync 2 DAGs
[2025-05-21T23:33:06.620+0000] {logging_mixin.py:190} INFO - [2025-05-21T23:33:06.620+0000] {dag.py:4180} INFO - Setting next_dagrun for read_dataset_event to 2025-05-20 00:00:00+00:00, run_after=2025-05-21 00:00:00+00:00
[2025-05-21T23:33:06.630+0000] {logging_mixin.py:190} INFO - [2025-05-21T23:33:06.630+0000] {dag.py:4180} INFO - Setting next_dagrun for read_dataset_event_from_classic to 2025-05-20 00:00:00+00:00, run_after=2025-05-21 00:00:00+00:00
[2025-05-21T23:33:06.661+0000] {processor.py:208} INFO - Processing /home/airflow/.local/lib/python3.12/site-packages/airflow/example_dags/example_inlet_event_extra.py took 1.250 seconds
[2025-05-21T23:33:36.855+0000] {processor.py:186} INFO - Started process (PID=2402) to work on /home/airflow/.local/lib/python3.12/site-packages/airflow/example_dags/example_inlet_event_extra.py
[2025-05-21T23:33:36.857+0000] {processor.py:914} INFO - Processing file /home/airflow/.local/lib/python3.12/site-packages/airflow/example_dags/example_inlet_event_extra.py for tasks to queue
[2025-05-21T23:33:36.862+0000] {logging_mixin.py:190} INFO - [2025-05-21T23:33:36.861+0000] {dagbag.py:588} INFO - Filling up the DagBag from /home/airflow/.local/lib/python3.12/site-packages/airflow/example_dags/example_inlet_event_extra.py
[2025-05-21T23:33:38.156+0000] {processor.py:925} INFO - DAG(s) 'read_dataset_event', 'read_dataset_event_from_classic' retrieved from /home/airflow/.local/lib/python3.12/site-packages/airflow/example_dags/example_inlet_event_extra.py
[2025-05-21T23:33:38.200+0000] {logging_mixin.py:190} INFO - [2025-05-21T23:33:38.199+0000] {dag.py:3239} INFO - Sync 2 DAGs
[2025-05-21T23:33:38.269+0000] {logging_mixin.py:190} INFO - [2025-05-21T23:33:38.269+0000] {dag.py:4180} INFO - Setting next_dagrun for read_dataset_event to 2025-05-20 00:00:00+00:00, run_after=2025-05-21 00:00:00+00:00
[2025-05-21T23:33:38.283+0000] {logging_mixin.py:190} INFO - [2025-05-21T23:33:38.283+0000] {dag.py:4180} INFO - Setting next_dagrun for read_dataset_event_from_classic to 2025-05-20 00:00:00+00:00, run_after=2025-05-21 00:00:00+00:00
[2025-05-21T23:33:38.383+0000] {processor.py:208} INFO - Processing /home/airflow/.local/lib/python3.12/site-packages/airflow/example_dags/example_inlet_event_extra.py took 1.542 seconds
[2025-05-21T23:34:08.816+0000] {processor.py:186} INFO - Started process (PID=2470) to work on /home/airflow/.local/lib/python3.12/site-packages/airflow/example_dags/example_inlet_event_extra.py
[2025-05-21T23:34:08.818+0000] {processor.py:914} INFO - Processing file /home/airflow/.local/lib/python3.12/site-packages/airflow/example_dags/example_inlet_event_extra.py for tasks to queue
[2025-05-21T23:34:08.823+0000] {logging_mixin.py:190} INFO - [2025-05-21T23:34:08.822+0000] {dagbag.py:588} INFO - Filling up the DagBag from /home/airflow/.local/lib/python3.12/site-packages/airflow/example_dags/example_inlet_event_extra.py
[2025-05-21T23:34:09.939+0000] {processor.py:925} INFO - DAG(s) 'read_dataset_event', 'read_dataset_event_from_classic' retrieved from /home/airflow/.local/lib/python3.12/site-packages/airflow/example_dags/example_inlet_event_extra.py
[2025-05-21T23:34:09.979+0000] {logging_mixin.py:190} INFO - [2025-05-21T23:34:09.978+0000] {dag.py:3239} INFO - Sync 2 DAGs
[2025-05-21T23:34:10.027+0000] {logging_mixin.py:190} INFO - [2025-05-21T23:34:10.027+0000] {dag.py:4180} INFO - Setting next_dagrun for read_dataset_event to 2025-05-20 00:00:00+00:00, run_after=2025-05-21 00:00:00+00:00
[2025-05-21T23:34:10.037+0000] {logging_mixin.py:190} INFO - [2025-05-21T23:34:10.037+0000] {dag.py:4180} INFO - Setting next_dagrun for read_dataset_event_from_classic to 2025-05-20 00:00:00+00:00, run_after=2025-05-21 00:00:00+00:00
[2025-05-21T23:34:10.072+0000] {processor.py:208} INFO - Processing /home/airflow/.local/lib/python3.12/site-packages/airflow/example_dags/example_inlet_event_extra.py took 1.268 seconds
[2025-05-21T23:34:41.781+0000] {processor.py:186} INFO - Started process (PID=2541) to work on /home/airflow/.local/lib/python3.12/site-packages/airflow/example_dags/example_inlet_event_extra.py
[2025-05-21T23:34:41.783+0000] {processor.py:914} INFO - Processing file /home/airflow/.local/lib/python3.12/site-packages/airflow/example_dags/example_inlet_event_extra.py for tasks to queue
[2025-05-21T23:34:41.788+0000] {logging_mixin.py:190} INFO - [2025-05-21T23:34:41.787+0000] {dagbag.py:588} INFO - Filling up the DagBag from /home/airflow/.local/lib/python3.12/site-packages/airflow/example_dags/example_inlet_event_extra.py
[2025-05-21T23:34:43.107+0000] {processor.py:925} INFO - DAG(s) 'read_dataset_event', 'read_dataset_event_from_classic' retrieved from /home/airflow/.local/lib/python3.12/site-packages/airflow/example_dags/example_inlet_event_extra.py
[2025-05-21T23:34:43.151+0000] {logging_mixin.py:190} INFO - [2025-05-21T23:34:43.151+0000] {dag.py:3239} INFO - Sync 2 DAGs
[2025-05-21T23:34:43.201+0000] {logging_mixin.py:190} INFO - [2025-05-21T23:34:43.201+0000] {dag.py:4180} INFO - Setting next_dagrun for read_dataset_event to 2025-05-20 00:00:00+00:00, run_after=2025-05-21 00:00:00+00:00
[2025-05-21T23:34:43.212+0000] {logging_mixin.py:190} INFO - [2025-05-21T23:34:43.212+0000] {dag.py:4180} INFO - Setting next_dagrun for read_dataset_event_from_classic to 2025-05-20 00:00:00+00:00, run_after=2025-05-21 00:00:00+00:00
[2025-05-21T23:34:43.262+0000] {processor.py:208} INFO - Processing /home/airflow/.local/lib/python3.12/site-packages/airflow/example_dags/example_inlet_event_extra.py took 1.493 seconds
[2025-05-21T23:35:13.400+0000] {processor.py:186} INFO - Started process (PID=2610) to work on /home/airflow/.local/lib/python3.12/site-packages/airflow/example_dags/example_inlet_event_extra.py
[2025-05-21T23:35:13.402+0000] {processor.py:914} INFO - Processing file /home/airflow/.local/lib/python3.12/site-packages/airflow/example_dags/example_inlet_event_extra.py for tasks to queue
[2025-05-21T23:35:13.407+0000] {logging_mixin.py:190} INFO - [2025-05-21T23:35:13.406+0000] {dagbag.py:588} INFO - Filling up the DagBag from /home/airflow/.local/lib/python3.12/site-packages/airflow/example_dags/example_inlet_event_extra.py
[2025-05-21T23:35:14.954+0000] {processor.py:925} INFO - DAG(s) 'read_dataset_event', 'read_dataset_event_from_classic' retrieved from /home/airflow/.local/lib/python3.12/site-packages/airflow/example_dags/example_inlet_event_extra.py
[2025-05-21T23:35:15.011+0000] {logging_mixin.py:190} INFO - [2025-05-21T23:35:15.009+0000] {dag.py:3239} INFO - Sync 2 DAGs
[2025-05-21T23:35:15.071+0000] {logging_mixin.py:190} INFO - [2025-05-21T23:35:15.070+0000] {dag.py:4180} INFO - Setting next_dagrun for read_dataset_event to 2025-05-20 00:00:00+00:00, run_after=2025-05-21 00:00:00+00:00
[2025-05-21T23:35:15.082+0000] {logging_mixin.py:190} INFO - [2025-05-21T23:35:15.081+0000] {dag.py:4180} INFO - Setting next_dagrun for read_dataset_event_from_classic to 2025-05-20 00:00:00+00:00, run_after=2025-05-21 00:00:00+00:00
[2025-05-21T23:35:15.117+0000] {processor.py:208} INFO - Processing /home/airflow/.local/lib/python3.12/site-packages/airflow/example_dags/example_inlet_event_extra.py took 1.728 seconds
[2025-05-21T23:35:45.275+0000] {processor.py:186} INFO - Started process (PID=2680) to work on /home/airflow/.local/lib/python3.12/site-packages/airflow/example_dags/example_inlet_event_extra.py
[2025-05-21T23:35:45.277+0000] {processor.py:914} INFO - Processing file /home/airflow/.local/lib/python3.12/site-packages/airflow/example_dags/example_inlet_event_extra.py for tasks to queue
[2025-05-21T23:35:45.281+0000] {logging_mixin.py:190} INFO - [2025-05-21T23:35:45.281+0000] {dagbag.py:588} INFO - Filling up the DagBag from /home/airflow/.local/lib/python3.12/site-packages/airflow/example_dags/example_inlet_event_extra.py
[2025-05-21T23:35:46.541+0000] {processor.py:925} INFO - DAG(s) 'read_dataset_event', 'read_dataset_event_from_classic' retrieved from /home/airflow/.local/lib/python3.12/site-packages/airflow/example_dags/example_inlet_event_extra.py
[2025-05-21T23:35:46.588+0000] {logging_mixin.py:190} INFO - [2025-05-21T23:35:46.588+0000] {dag.py:3239} INFO - Sync 2 DAGs
[2025-05-21T23:35:46.637+0000] {logging_mixin.py:190} INFO - [2025-05-21T23:35:46.636+0000] {dag.py:4180} INFO - Setting next_dagrun for read_dataset_event to 2025-05-20 00:00:00+00:00, run_after=2025-05-21 00:00:00+00:00
[2025-05-21T23:35:46.650+0000] {logging_mixin.py:190} INFO - [2025-05-21T23:35:46.649+0000] {dag.py:4180} INFO - Setting next_dagrun for read_dataset_event_from_classic to 2025-05-20 00:00:00+00:00, run_after=2025-05-21 00:00:00+00:00
[2025-05-21T23:35:46.748+0000] {processor.py:208} INFO - Processing /home/airflow/.local/lib/python3.12/site-packages/airflow/example_dags/example_inlet_event_extra.py took 1.486 seconds
[2025-05-21T23:36:16.960+0000] {processor.py:186} INFO - Started process (PID=2748) to work on /home/airflow/.local/lib/python3.12/site-packages/airflow/example_dags/example_inlet_event_extra.py
[2025-05-21T23:36:16.962+0000] {processor.py:914} INFO - Processing file /home/airflow/.local/lib/python3.12/site-packages/airflow/example_dags/example_inlet_event_extra.py for tasks to queue
[2025-05-21T23:36:16.967+0000] {logging_mixin.py:190} INFO - [2025-05-21T23:36:16.967+0000] {dagbag.py:588} INFO - Filling up the DagBag from /home/airflow/.local/lib/python3.12/site-packages/airflow/example_dags/example_inlet_event_extra.py
[2025-05-21T23:36:18.362+0000] {processor.py:925} INFO - DAG(s) 'read_dataset_event', 'read_dataset_event_from_classic' retrieved from /home/airflow/.local/lib/python3.12/site-packages/airflow/example_dags/example_inlet_event_extra.py
[2025-05-21T23:36:18.414+0000] {logging_mixin.py:190} INFO - [2025-05-21T23:36:18.414+0000] {dag.py:3239} INFO - Sync 2 DAGs
[2025-05-21T23:36:18.465+0000] {logging_mixin.py:190} INFO - [2025-05-21T23:36:18.465+0000] {dag.py:4180} INFO - Setting next_dagrun for read_dataset_event to 2025-05-20 00:00:00+00:00, run_after=2025-05-21 00:00:00+00:00
[2025-05-21T23:36:18.477+0000] {logging_mixin.py:190} INFO - [2025-05-21T23:36:18.477+0000] {dag.py:4180} INFO - Setting next_dagrun for read_dataset_event_from_classic to 2025-05-20 00:00:00+00:00, run_after=2025-05-21 00:00:00+00:00
[2025-05-21T23:36:18.510+0000] {processor.py:208} INFO - Processing /home/airflow/.local/lib/python3.12/site-packages/airflow/example_dags/example_inlet_event_extra.py took 1.560 seconds
[2025-05-21T23:36:48.919+0000] {processor.py:186} INFO - Started process (PID=2816) to work on /home/airflow/.local/lib/python3.12/site-packages/airflow/example_dags/example_inlet_event_extra.py
[2025-05-21T23:36:48.920+0000] {processor.py:914} INFO - Processing file /home/airflow/.local/lib/python3.12/site-packages/airflow/example_dags/example_inlet_event_extra.py for tasks to queue
[2025-05-21T23:36:48.925+0000] {logging_mixin.py:190} INFO - [2025-05-21T23:36:48.925+0000] {dagbag.py:588} INFO - Filling up the DagBag from /home/airflow/.local/lib/python3.12/site-packages/airflow/example_dags/example_inlet_event_extra.py
[2025-05-21T23:36:50.177+0000] {processor.py:925} INFO - DAG(s) 'read_dataset_event', 'read_dataset_event_from_classic' retrieved from /home/airflow/.local/lib/python3.12/site-packages/airflow/example_dags/example_inlet_event_extra.py
[2025-05-21T23:36:50.215+0000] {logging_mixin.py:190} INFO - [2025-05-21T23:36:50.215+0000] {dag.py:3239} INFO - Sync 2 DAGs
[2025-05-21T23:36:50.261+0000] {logging_mixin.py:190} INFO - [2025-05-21T23:36:50.261+0000] {dag.py:4180} INFO - Setting next_dagrun for read_dataset_event to 2025-05-20 00:00:00+00:00, run_after=2025-05-21 00:00:00+00:00
[2025-05-21T23:36:50.271+0000] {logging_mixin.py:190} INFO - [2025-05-21T23:36:50.271+0000] {dag.py:4180} INFO - Setting next_dagrun for read_dataset_event_from_classic to 2025-05-20 00:00:00+00:00, run_after=2025-05-21 00:00:00+00:00
[2025-05-21T23:36:50.368+0000] {processor.py:208} INFO - Processing /home/airflow/.local/lib/python3.12/site-packages/airflow/example_dags/example_inlet_event_extra.py took 1.460 seconds
[2025-05-21T23:37:20.597+0000] {processor.py:186} INFO - Started process (PID=2891) to work on /home/airflow/.local/lib/python3.12/site-packages/airflow/example_dags/example_inlet_event_extra.py
[2025-05-21T23:37:20.599+0000] {processor.py:914} INFO - Processing file /home/airflow/.local/lib/python3.12/site-packages/airflow/example_dags/example_inlet_event_extra.py for tasks to queue
[2025-05-21T23:37:20.604+0000] {logging_mixin.py:190} INFO - [2025-05-21T23:37:20.603+0000] {dagbag.py:588} INFO - Filling up the DagBag from /home/airflow/.local/lib/python3.12/site-packages/airflow/example_dags/example_inlet_event_extra.py
[2025-05-21T23:37:21.717+0000] {processor.py:925} INFO - DAG(s) 'read_dataset_event', 'read_dataset_event_from_classic' retrieved from /home/airflow/.local/lib/python3.12/site-packages/airflow/example_dags/example_inlet_event_extra.py
[2025-05-21T23:37:21.754+0000] {logging_mixin.py:190} INFO - [2025-05-21T23:37:21.753+0000] {dag.py:3239} INFO - Sync 2 DAGs
[2025-05-21T23:37:21.798+0000] {logging_mixin.py:190} INFO - [2025-05-21T23:37:21.798+0000] {dag.py:4180} INFO - Setting next_dagrun for read_dataset_event to 2025-05-20 00:00:00+00:00, run_after=2025-05-21 00:00:00+00:00
[2025-05-21T23:37:21.808+0000] {logging_mixin.py:190} INFO - [2025-05-21T23:37:21.807+0000] {dag.py:4180} INFO - Setting next_dagrun for read_dataset_event_from_classic to 2025-05-20 00:00:00+00:00, run_after=2025-05-21 00:00:00+00:00
[2025-05-21T23:37:21.900+0000] {processor.py:208} INFO - Processing /home/airflow/.local/lib/python3.12/site-packages/airflow/example_dags/example_inlet_event_extra.py took 1.316 seconds
[2025-05-21T23:41:35.406+0000] {processor.py:186} INFO - Started process (PID=135) to work on /home/airflow/.local/lib/python3.12/site-packages/airflow/example_dags/example_inlet_event_extra.py
[2025-05-21T23:41:35.408+0000] {processor.py:914} INFO - Processing file /home/airflow/.local/lib/python3.12/site-packages/airflow/example_dags/example_inlet_event_extra.py for tasks to queue
[2025-05-21T23:41:35.413+0000] {logging_mixin.py:190} INFO - [2025-05-21T23:41:35.413+0000] {dagbag.py:588} INFO - Filling up the DagBag from /home/airflow/.local/lib/python3.12/site-packages/airflow/example_dags/example_inlet_event_extra.py
[2025-05-21T23:41:36.756+0000] {processor.py:925} INFO - DAG(s) 'read_dataset_event', 'read_dataset_event_from_classic' retrieved from /home/airflow/.local/lib/python3.12/site-packages/airflow/example_dags/example_inlet_event_extra.py
[2025-05-21T23:41:36.946+0000] {logging_mixin.py:190} INFO - [2025-05-21T23:41:36.944+0000] {override.py:1930} INFO - Created Permission View: can read on DAG:read_dataset_event
[2025-05-21T23:41:36.969+0000] {logging_mixin.py:190} INFO - [2025-05-21T23:41:36.968+0000] {override.py:1930} INFO - Created Permission View: can delete on DAG:read_dataset_event
[2025-05-21T23:41:36.985+0000] {logging_mixin.py:190} INFO - [2025-05-21T23:41:36.984+0000] {override.py:1930} INFO - Created Permission View: can edit on DAG:read_dataset_event
[2025-05-21T23:41:37.003+0000] {logging_mixin.py:190} INFO - [2025-05-21T23:41:37.003+0000] {override.py:1930} INFO - Created Permission View: can read on DAG Run:read_dataset_event
[2025-05-21T23:41:37.020+0000] {logging_mixin.py:190} INFO - [2025-05-21T23:41:37.019+0000] {override.py:1930} INFO - Created Permission View: can delete on DAG Run:read_dataset_event
[2025-05-21T23:41:37.035+0000] {logging_mixin.py:190} INFO - [2025-05-21T23:41:37.034+0000] {override.py:1930} INFO - Created Permission View: menu access on DAG Run:read_dataset_event
[2025-05-21T23:41:37.048+0000] {logging_mixin.py:190} INFO - [2025-05-21T23:41:37.047+0000] {override.py:1930} INFO - Created Permission View: can create on DAG Run:read_dataset_event
[2025-05-21T23:41:37.075+0000] {logging_mixin.py:190} INFO - [2025-05-21T23:41:37.075+0000] {override.py:1930} INFO - Created Permission View: can read on DAG:read_dataset_event_from_classic
[2025-05-21T23:41:37.090+0000] {logging_mixin.py:190} INFO - [2025-05-21T23:41:37.090+0000] {override.py:1930} INFO - Created Permission View: can delete on DAG:read_dataset_event_from_classic
[2025-05-21T23:41:37.106+0000] {logging_mixin.py:190} INFO - [2025-05-21T23:41:37.106+0000] {override.py:1930} INFO - Created Permission View: can edit on DAG:read_dataset_event_from_classic
[2025-05-21T23:41:37.124+0000] {logging_mixin.py:190} INFO - [2025-05-21T23:41:37.123+0000] {override.py:1930} INFO - Created Permission View: can read on DAG Run:read_dataset_event_from_classic
[2025-05-21T23:41:37.139+0000] {logging_mixin.py:190} INFO - [2025-05-21T23:41:37.139+0000] {override.py:1930} INFO - Created Permission View: can delete on DAG Run:read_dataset_event_from_classic
[2025-05-21T23:41:37.154+0000] {logging_mixin.py:190} INFO - [2025-05-21T23:41:37.154+0000] {override.py:1930} INFO - Created Permission View: menu access on DAG Run:read_dataset_event_from_classic
[2025-05-21T23:41:37.169+0000] {logging_mixin.py:190} INFO - [2025-05-21T23:41:37.168+0000] {override.py:1930} INFO - Created Permission View: can create on DAG Run:read_dataset_event_from_classic
[2025-05-21T23:41:37.170+0000] {logging_mixin.py:190} INFO - [2025-05-21T23:41:37.170+0000] {dag.py:3239} INFO - Sync 2 DAGs
[2025-05-21T23:41:37.200+0000] {logging_mixin.py:190} INFO - [2025-05-21T23:41:37.199+0000] {dag.py:3262} INFO - Creating ORM DAG for read_dataset_event_from_classic
[2025-05-21T23:41:37.202+0000] {logging_mixin.py:190} INFO - [2025-05-21T23:41:37.202+0000] {dag.py:3262} INFO - Creating ORM DAG for read_dataset_event
[2025-05-21T23:41:37.226+0000] {logging_mixin.py:190} INFO - [2025-05-21T23:41:37.226+0000] {dag.py:4180} INFO - Setting next_dagrun for read_dataset_event to 2025-05-20 00:00:00+00:00, run_after=2025-05-21 00:00:00+00:00
[2025-05-21T23:41:37.241+0000] {logging_mixin.py:190} INFO - [2025-05-21T23:41:37.240+0000] {dag.py:4180} INFO - Setting next_dagrun for read_dataset_event_from_classic to 2025-05-20 00:00:00+00:00, run_after=2025-05-21 00:00:00+00:00
[2025-05-21T23:41:37.293+0000] {processor.py:208} INFO - Processing /home/airflow/.local/lib/python3.12/site-packages/airflow/example_dags/example_inlet_event_extra.py took 1.901 seconds
[2025-05-21T23:42:07.858+0000] {processor.py:186} INFO - Started process (PID=201) to work on /home/airflow/.local/lib/python3.12/site-packages/airflow/example_dags/example_inlet_event_extra.py
[2025-05-21T23:42:07.862+0000] {processor.py:914} INFO - Processing file /home/airflow/.local/lib/python3.12/site-packages/airflow/example_dags/example_inlet_event_extra.py for tasks to queue
[2025-05-21T23:42:07.874+0000] {logging_mixin.py:190} INFO - [2025-05-21T23:42:07.873+0000] {dagbag.py:588} INFO - Filling up the DagBag from /home/airflow/.local/lib/python3.12/site-packages/airflow/example_dags/example_inlet_event_extra.py
[2025-05-21T23:42:09.309+0000] {processor.py:925} INFO - DAG(s) 'read_dataset_event', 'read_dataset_event_from_classic' retrieved from /home/airflow/.local/lib/python3.12/site-packages/airflow/example_dags/example_inlet_event_extra.py
[2025-05-21T23:42:09.356+0000] {logging_mixin.py:190} INFO - [2025-05-21T23:42:09.355+0000] {dag.py:3239} INFO - Sync 2 DAGs
[2025-05-21T23:42:09.422+0000] {logging_mixin.py:190} INFO - [2025-05-21T23:42:09.422+0000] {dag.py:4180} INFO - Setting next_dagrun for read_dataset_event to 2025-05-20 00:00:00+00:00, run_after=2025-05-21 00:00:00+00:00
[2025-05-21T23:42:09.435+0000] {logging_mixin.py:190} INFO - [2025-05-21T23:42:09.434+0000] {dag.py:4180} INFO - Setting next_dagrun for read_dataset_event_from_classic to 2025-05-20 00:00:00+00:00, run_after=2025-05-21 00:00:00+00:00
[2025-05-21T23:42:09.477+0000] {processor.py:208} INFO - Processing /home/airflow/.local/lib/python3.12/site-packages/airflow/example_dags/example_inlet_event_extra.py took 1.656 seconds
[2025-05-21T23:42:39.716+0000] {processor.py:186} INFO - Started process (PID=269) to work on /home/airflow/.local/lib/python3.12/site-packages/airflow/example_dags/example_inlet_event_extra.py
[2025-05-21T23:42:39.718+0000] {processor.py:914} INFO - Processing file /home/airflow/.local/lib/python3.12/site-packages/airflow/example_dags/example_inlet_event_extra.py for tasks to queue
[2025-05-21T23:42:39.726+0000] {logging_mixin.py:190} INFO - [2025-05-21T23:42:39.724+0000] {dagbag.py:588} INFO - Filling up the DagBag from /home/airflow/.local/lib/python3.12/site-packages/airflow/example_dags/example_inlet_event_extra.py
[2025-05-21T23:42:41.237+0000] {processor.py:925} INFO - DAG(s) 'read_dataset_event_from_classic', 'read_dataset_event' retrieved from /home/airflow/.local/lib/python3.12/site-packages/airflow/example_dags/example_inlet_event_extra.py
[2025-05-21T23:42:41.281+0000] {logging_mixin.py:190} INFO - [2025-05-21T23:42:41.280+0000] {dag.py:3239} INFO - Sync 2 DAGs
[2025-05-21T23:42:41.342+0000] {logging_mixin.py:190} INFO - [2025-05-21T23:42:41.342+0000] {dag.py:4180} INFO - Setting next_dagrun for read_dataset_event to 2025-05-20 00:00:00+00:00, run_after=2025-05-21 00:00:00+00:00
[2025-05-21T23:42:41.356+0000] {logging_mixin.py:190} INFO - [2025-05-21T23:42:41.356+0000] {dag.py:4180} INFO - Setting next_dagrun for read_dataset_event_from_classic to 2025-05-20 00:00:00+00:00, run_after=2025-05-21 00:00:00+00:00
[2025-05-21T23:42:41.400+0000] {processor.py:208} INFO - Processing /home/airflow/.local/lib/python3.12/site-packages/airflow/example_dags/example_inlet_event_extra.py took 1.703 seconds
[2025-05-21T23:43:11.745+0000] {processor.py:186} INFO - Started process (PID=337) to work on /home/airflow/.local/lib/python3.12/site-packages/airflow/example_dags/example_inlet_event_extra.py
[2025-05-21T23:43:11.747+0000] {processor.py:914} INFO - Processing file /home/airflow/.local/lib/python3.12/site-packages/airflow/example_dags/example_inlet_event_extra.py for tasks to queue
[2025-05-21T23:43:11.752+0000] {logging_mixin.py:190} INFO - [2025-05-21T23:43:11.752+0000] {dagbag.py:588} INFO - Filling up the DagBag from /home/airflow/.local/lib/python3.12/site-packages/airflow/example_dags/example_inlet_event_extra.py
[2025-05-21T23:43:13.179+0000] {processor.py:925} INFO - DAG(s) 'read_dataset_event_from_classic', 'read_dataset_event' retrieved from /home/airflow/.local/lib/python3.12/site-packages/airflow/example_dags/example_inlet_event_extra.py
[2025-05-21T23:43:13.225+0000] {logging_mixin.py:190} INFO - [2025-05-21T23:43:13.225+0000] {dag.py:3239} INFO - Sync 2 DAGs
[2025-05-21T23:43:13.284+0000] {logging_mixin.py:190} INFO - [2025-05-21T23:43:13.283+0000] {dag.py:4180} INFO - Setting next_dagrun for read_dataset_event to 2025-05-20 00:00:00+00:00, run_after=2025-05-21 00:00:00+00:00
[2025-05-21T23:43:13.297+0000] {logging_mixin.py:190} INFO - [2025-05-21T23:43:13.297+0000] {dag.py:4180} INFO - Setting next_dagrun for read_dataset_event_from_classic to 2025-05-20 00:00:00+00:00, run_after=2025-05-21 00:00:00+00:00
[2025-05-21T23:43:13.332+0000] {processor.py:208} INFO - Processing /home/airflow/.local/lib/python3.12/site-packages/airflow/example_dags/example_inlet_event_extra.py took 1.599 seconds
[2025-05-21T23:43:43.940+0000] {processor.py:186} INFO - Started process (PID=403) to work on /home/airflow/.local/lib/python3.12/site-packages/airflow/example_dags/example_inlet_event_extra.py
[2025-05-21T23:43:43.942+0000] {processor.py:914} INFO - Processing file /home/airflow/.local/lib/python3.12/site-packages/airflow/example_dags/example_inlet_event_extra.py for tasks to queue
[2025-05-21T23:43:43.946+0000] {logging_mixin.py:190} INFO - [2025-05-21T23:43:43.945+0000] {dagbag.py:588} INFO - Filling up the DagBag from /home/airflow/.local/lib/python3.12/site-packages/airflow/example_dags/example_inlet_event_extra.py
[2025-05-21T23:43:45.395+0000] {processor.py:925} INFO - DAG(s) 'read_dataset_event', 'read_dataset_event_from_classic' retrieved from /home/airflow/.local/lib/python3.12/site-packages/airflow/example_dags/example_inlet_event_extra.py
[2025-05-21T23:43:45.445+0000] {logging_mixin.py:190} INFO - [2025-05-21T23:43:45.444+0000] {dag.py:3239} INFO - Sync 2 DAGs
[2025-05-21T23:43:45.505+0000] {logging_mixin.py:190} INFO - [2025-05-21T23:43:45.505+0000] {dag.py:4180} INFO - Setting next_dagrun for read_dataset_event to 2025-05-20 00:00:00+00:00, run_after=2025-05-21 00:00:00+00:00
[2025-05-21T23:43:45.515+0000] {logging_mixin.py:190} INFO - [2025-05-21T23:43:45.515+0000] {dag.py:4180} INFO - Setting next_dagrun for read_dataset_event_from_classic to 2025-05-20 00:00:00+00:00, run_after=2025-05-21 00:00:00+00:00
[2025-05-21T23:43:45.567+0000] {processor.py:208} INFO - Processing /home/airflow/.local/lib/python3.12/site-packages/airflow/example_dags/example_inlet_event_extra.py took 1.642 seconds
[2025-05-21T23:44:15.990+0000] {processor.py:186} INFO - Started process (PID=469) to work on /home/airflow/.local/lib/python3.12/site-packages/airflow/example_dags/example_inlet_event_extra.py
[2025-05-21T23:44:15.993+0000] {processor.py:914} INFO - Processing file /home/airflow/.local/lib/python3.12/site-packages/airflow/example_dags/example_inlet_event_extra.py for tasks to queue
[2025-05-21T23:44:15.997+0000] {logging_mixin.py:190} INFO - [2025-05-21T23:44:15.997+0000] {dagbag.py:588} INFO - Filling up the DagBag from /home/airflow/.local/lib/python3.12/site-packages/airflow/example_dags/example_inlet_event_extra.py
[2025-05-21T23:44:17.390+0000] {processor.py:925} INFO - DAG(s) 'read_dataset_event_from_classic', 'read_dataset_event' retrieved from /home/airflow/.local/lib/python3.12/site-packages/airflow/example_dags/example_inlet_event_extra.py
[2025-05-21T23:44:17.431+0000] {logging_mixin.py:190} INFO - [2025-05-21T23:44:17.430+0000] {dag.py:3239} INFO - Sync 2 DAGs
[2025-05-21T23:44:17.494+0000] {logging_mixin.py:190} INFO - [2025-05-21T23:44:17.494+0000] {dag.py:4180} INFO - Setting next_dagrun for read_dataset_event to 2025-05-20 00:00:00+00:00, run_after=2025-05-21 00:00:00+00:00
[2025-05-21T23:44:17.504+0000] {logging_mixin.py:190} INFO - [2025-05-21T23:44:17.504+0000] {dag.py:4180} INFO - Setting next_dagrun for read_dataset_event_from_classic to 2025-05-20 00:00:00+00:00, run_after=2025-05-21 00:00:00+00:00
[2025-05-21T23:44:17.541+0000] {processor.py:208} INFO - Processing /home/airflow/.local/lib/python3.12/site-packages/airflow/example_dags/example_inlet_event_extra.py took 1.566 seconds
[2025-05-21T23:44:48.505+0000] {processor.py:186} INFO - Started process (PID=535) to work on /home/airflow/.local/lib/python3.12/site-packages/airflow/example_dags/example_inlet_event_extra.py
[2025-05-21T23:44:48.508+0000] {processor.py:914} INFO - Processing file /home/airflow/.local/lib/python3.12/site-packages/airflow/example_dags/example_inlet_event_extra.py for tasks to queue
[2025-05-21T23:44:48.513+0000] {logging_mixin.py:190} INFO - [2025-05-21T23:44:48.512+0000] {dagbag.py:588} INFO - Filling up the DagBag from /home/airflow/.local/lib/python3.12/site-packages/airflow/example_dags/example_inlet_event_extra.py
[2025-05-21T23:44:49.770+0000] {processor.py:925} INFO - DAG(s) 'read_dataset_event_from_classic', 'read_dataset_event' retrieved from /home/airflow/.local/lib/python3.12/site-packages/airflow/example_dags/example_inlet_event_extra.py
[2025-05-21T23:44:49.813+0000] {logging_mixin.py:190} INFO - [2025-05-21T23:44:49.812+0000] {dag.py:3239} INFO - Sync 2 DAGs
[2025-05-21T23:44:49.869+0000] {logging_mixin.py:190} INFO - [2025-05-21T23:44:49.869+0000] {dag.py:4180} INFO - Setting next_dagrun for read_dataset_event to 2025-05-20 00:00:00+00:00, run_after=2025-05-21 00:00:00+00:00
[2025-05-21T23:44:49.881+0000] {logging_mixin.py:190} INFO - [2025-05-21T23:44:49.881+0000] {dag.py:4180} INFO - Setting next_dagrun for read_dataset_event_from_classic to 2025-05-20 00:00:00+00:00, run_after=2025-05-21 00:00:00+00:00
[2025-05-21T23:44:49.916+0000] {processor.py:208} INFO - Processing /home/airflow/.local/lib/python3.12/site-packages/airflow/example_dags/example_inlet_event_extra.py took 1.424 seconds
