[2025-05-21T23:15:48.913+0000] {processor.py:186} INFO - Started process (PID=116) to work on /home/airflow/.local/lib/python3.12/site-packages/airflow/example_dags/example_dag_decorator.py
[2025-05-21T23:15:48.915+0000] {processor.py:914} INFO - Processing file /home/airflow/.local/lib/python3.12/site-packages/airflow/example_dags/example_dag_decorator.py for tasks to queue
[2025-05-21T23:15:48.922+0000] {logging_mixin.py:190} INFO - [2025-05-21T23:15:48.921+0000] {dagbag.py:588} INFO - Filling up the DagBag from /home/airflow/.local/lib/python3.12/site-packages/airflow/example_dags/example_dag_decorator.py
[2025-05-21T23:15:49.879+0000] {processor.py:925} INFO - DAG(s) 'example_dag_decorator' retrieved from /home/airflow/.local/lib/python3.12/site-packages/airflow/example_dags/example_dag_decorator.py
[2025-05-21T23:15:50.159+0000] {logging_mixin.py:190} INFO - [2025-05-21T23:15:50.158+0000] {override.py:1930} INFO - Created Permission View: can delete on DAG:example_dag_decorator
[2025-05-21T23:15:50.185+0000] {logging_mixin.py:190} INFO - [2025-05-21T23:15:50.184+0000] {override.py:1930} INFO - Created Permission View: can read on DAG:example_dag_decorator
[2025-05-21T23:15:50.204+0000] {logging_mixin.py:190} INFO - [2025-05-21T23:15:50.203+0000] {override.py:1930} INFO - Created Permission View: can edit on DAG:example_dag_decorator
[2025-05-21T23:15:50.222+0000] {logging_mixin.py:190} INFO - [2025-05-21T23:15:50.222+0000] {override.py:1930} INFO - Created Permission View: can delete on DAG Run:example_dag_decorator
[2025-05-21T23:15:50.239+0000] {logging_mixin.py:190} INFO - [2025-05-21T23:15:50.238+0000] {override.py:1930} INFO - Created Permission View: can read on DAG Run:example_dag_decorator
[2025-05-21T23:15:50.255+0000] {logging_mixin.py:190} INFO - [2025-05-21T23:15:50.254+0000] {override.py:1930} INFO - Created Permission View: menu access on DAG Run:example_dag_decorator
[2025-05-21T23:15:50.272+0000] {logging_mixin.py:190} INFO - [2025-05-21T23:15:50.271+0000] {override.py:1930} INFO - Created Permission View: can create on DAG Run:example_dag_decorator
[2025-05-21T23:15:50.273+0000] {logging_mixin.py:190} INFO - [2025-05-21T23:15:50.273+0000] {dag.py:3239} INFO - Sync 1 DAGs
[2025-05-21T23:15:50.301+0000] {logging_mixin.py:190} INFO - [2025-05-21T23:15:50.300+0000] {dag.py:3262} INFO - Creating ORM DAG for example_dag_decorator
[2025-05-21T23:15:50.304+0000] {logging_mixin.py:190} INFO - [2025-05-21T23:15:50.303+0000] {dag.py:4180} INFO - Setting next_dagrun for example_dag_decorator to None, run_after=None
[2025-05-21T23:15:50.344+0000] {processor.py:208} INFO - Processing /home/airflow/.local/lib/python3.12/site-packages/airflow/example_dags/example_dag_decorator.py took 1.443 seconds
[2025-05-21T23:16:20.675+0000] {processor.py:186} INFO - Started process (PID=182) to work on /home/airflow/.local/lib/python3.12/site-packages/airflow/example_dags/example_dag_decorator.py
[2025-05-21T23:16:20.677+0000] {processor.py:914} INFO - Processing file /home/airflow/.local/lib/python3.12/site-packages/airflow/example_dags/example_dag_decorator.py for tasks to queue
[2025-05-21T23:16:20.682+0000] {logging_mixin.py:190} INFO - [2025-05-21T23:16:20.681+0000] {dagbag.py:588} INFO - Filling up the DagBag from /home/airflow/.local/lib/python3.12/site-packages/airflow/example_dags/example_dag_decorator.py
[2025-05-21T23:16:20.972+0000] {processor.py:925} INFO - DAG(s) 'example_dag_decorator' retrieved from /home/airflow/.local/lib/python3.12/site-packages/airflow/example_dags/example_dag_decorator.py
[2025-05-21T23:16:21.245+0000] {logging_mixin.py:190} INFO - [2025-05-21T23:16:21.245+0000] {dag.py:3239} INFO - Sync 1 DAGs
[2025-05-21T23:16:21.273+0000] {logging_mixin.py:190} INFO - [2025-05-21T23:16:21.273+0000] {dag.py:4180} INFO - Setting next_dagrun for example_dag_decorator to None, run_after=None
[2025-05-21T23:16:21.317+0000] {processor.py:208} INFO - Processing /home/airflow/.local/lib/python3.12/site-packages/airflow/example_dags/example_dag_decorator.py took 0.654 seconds
[2025-05-21T23:16:51.465+0000] {processor.py:186} INFO - Started process (PID=252) to work on /home/airflow/.local/lib/python3.12/site-packages/airflow/example_dags/example_dag_decorator.py
[2025-05-21T23:16:51.468+0000] {processor.py:914} INFO - Processing file /home/airflow/.local/lib/python3.12/site-packages/airflow/example_dags/example_dag_decorator.py for tasks to queue
[2025-05-21T23:16:51.474+0000] {logging_mixin.py:190} INFO - [2025-05-21T23:16:51.473+0000] {dagbag.py:588} INFO - Filling up the DagBag from /home/airflow/.local/lib/python3.12/site-packages/airflow/example_dags/example_dag_decorator.py
[2025-05-21T23:16:51.698+0000] {processor.py:925} INFO - DAG(s) 'example_dag_decorator' retrieved from /home/airflow/.local/lib/python3.12/site-packages/airflow/example_dags/example_dag_decorator.py
[2025-05-21T23:16:51.965+0000] {logging_mixin.py:190} INFO - [2025-05-21T23:16:51.964+0000] {dag.py:3239} INFO - Sync 1 DAGs
[2025-05-21T23:16:51.998+0000] {logging_mixin.py:190} INFO - [2025-05-21T23:16:51.998+0000] {dag.py:4180} INFO - Setting next_dagrun for example_dag_decorator to None, run_after=None
[2025-05-21T23:16:52.106+0000] {processor.py:208} INFO - Processing /home/airflow/.local/lib/python3.12/site-packages/airflow/example_dags/example_dag_decorator.py took 0.657 seconds
[2025-05-21T23:17:22.246+0000] {processor.py:186} INFO - Started process (PID=317) to work on /home/airflow/.local/lib/python3.12/site-packages/airflow/example_dags/example_dag_decorator.py
[2025-05-21T23:17:22.249+0000] {processor.py:914} INFO - Processing file /home/airflow/.local/lib/python3.12/site-packages/airflow/example_dags/example_dag_decorator.py for tasks to queue
[2025-05-21T23:17:22.256+0000] {logging_mixin.py:190} INFO - [2025-05-21T23:17:22.255+0000] {dagbag.py:588} INFO - Filling up the DagBag from /home/airflow/.local/lib/python3.12/site-packages/airflow/example_dags/example_dag_decorator.py
[2025-05-21T23:17:22.512+0000] {processor.py:925} INFO - DAG(s) 'example_dag_decorator' retrieved from /home/airflow/.local/lib/python3.12/site-packages/airflow/example_dags/example_dag_decorator.py
[2025-05-21T23:17:22.823+0000] {logging_mixin.py:190} INFO - [2025-05-21T23:17:22.823+0000] {dag.py:3239} INFO - Sync 1 DAGs
[2025-05-21T23:17:22.852+0000] {logging_mixin.py:190} INFO - [2025-05-21T23:17:22.852+0000] {dag.py:4180} INFO - Setting next_dagrun for example_dag_decorator to None, run_after=None
[2025-05-21T23:17:22.900+0000] {processor.py:208} INFO - Processing /home/airflow/.local/lib/python3.12/site-packages/airflow/example_dags/example_dag_decorator.py took 0.671 seconds
[2025-05-21T23:17:53.647+0000] {processor.py:186} INFO - Started process (PID=383) to work on /home/airflow/.local/lib/python3.12/site-packages/airflow/example_dags/example_dag_decorator.py
[2025-05-21T23:17:53.649+0000] {processor.py:914} INFO - Processing file /home/airflow/.local/lib/python3.12/site-packages/airflow/example_dags/example_dag_decorator.py for tasks to queue
[2025-05-21T23:17:53.654+0000] {logging_mixin.py:190} INFO - [2025-05-21T23:17:53.654+0000] {dagbag.py:588} INFO - Filling up the DagBag from /home/airflow/.local/lib/python3.12/site-packages/airflow/example_dags/example_dag_decorator.py
[2025-05-21T23:17:53.882+0000] {processor.py:925} INFO - DAG(s) 'example_dag_decorator' retrieved from /home/airflow/.local/lib/python3.12/site-packages/airflow/example_dags/example_dag_decorator.py
[2025-05-21T23:17:54.238+0000] {logging_mixin.py:190} INFO - [2025-05-21T23:17:54.237+0000] {dag.py:3239} INFO - Sync 1 DAGs
[2025-05-21T23:17:54.271+0000] {logging_mixin.py:190} INFO - [2025-05-21T23:17:54.270+0000] {dag.py:4180} INFO - Setting next_dagrun for example_dag_decorator to None, run_after=None
[2025-05-21T23:17:54.319+0000] {processor.py:208} INFO - Processing /home/airflow/.local/lib/python3.12/site-packages/airflow/example_dags/example_dag_decorator.py took 0.684 seconds
[2025-05-21T23:18:24.536+0000] {processor.py:186} INFO - Started process (PID=449) to work on /home/airflow/.local/lib/python3.12/site-packages/airflow/example_dags/example_dag_decorator.py
[2025-05-21T23:18:24.540+0000] {processor.py:914} INFO - Processing file /home/airflow/.local/lib/python3.12/site-packages/airflow/example_dags/example_dag_decorator.py for tasks to queue
[2025-05-21T23:18:24.545+0000] {logging_mixin.py:190} INFO - [2025-05-21T23:18:24.544+0000] {dagbag.py:588} INFO - Filling up the DagBag from /home/airflow/.local/lib/python3.12/site-packages/airflow/example_dags/example_dag_decorator.py
[2025-05-21T23:18:24.765+0000] {processor.py:925} INFO - DAG(s) 'example_dag_decorator' retrieved from /home/airflow/.local/lib/python3.12/site-packages/airflow/example_dags/example_dag_decorator.py
[2025-05-21T23:18:25.050+0000] {logging_mixin.py:190} INFO - [2025-05-21T23:18:25.049+0000] {dag.py:3239} INFO - Sync 1 DAGs
[2025-05-21T23:18:25.096+0000] {logging_mixin.py:190} INFO - [2025-05-21T23:18:25.095+0000] {dag.py:4180} INFO - Setting next_dagrun for example_dag_decorator to None, run_after=None
[2025-05-21T23:18:25.141+0000] {processor.py:208} INFO - Processing /home/airflow/.local/lib/python3.12/site-packages/airflow/example_dags/example_dag_decorator.py took 0.619 seconds
[2025-05-21T23:18:55.403+0000] {processor.py:186} INFO - Started process (PID=516) to work on /home/airflow/.local/lib/python3.12/site-packages/airflow/example_dags/example_dag_decorator.py
[2025-05-21T23:18:55.405+0000] {processor.py:914} INFO - Processing file /home/airflow/.local/lib/python3.12/site-packages/airflow/example_dags/example_dag_decorator.py for tasks to queue
[2025-05-21T23:18:55.409+0000] {logging_mixin.py:190} INFO - [2025-05-21T23:18:55.408+0000] {dagbag.py:588} INFO - Filling up the DagBag from /home/airflow/.local/lib/python3.12/site-packages/airflow/example_dags/example_dag_decorator.py
[2025-05-21T23:18:55.638+0000] {processor.py:925} INFO - DAG(s) 'example_dag_decorator' retrieved from /home/airflow/.local/lib/python3.12/site-packages/airflow/example_dags/example_dag_decorator.py
[2025-05-21T23:18:55.901+0000] {logging_mixin.py:190} INFO - [2025-05-21T23:18:55.900+0000] {dag.py:3239} INFO - Sync 1 DAGs
[2025-05-21T23:18:55.927+0000] {logging_mixin.py:190} INFO - [2025-05-21T23:18:55.926+0000] {dag.py:4180} INFO - Setting next_dagrun for example_dag_decorator to None, run_after=None
[2025-05-21T23:18:56.020+0000] {processor.py:208} INFO - Processing /home/airflow/.local/lib/python3.12/site-packages/airflow/example_dags/example_dag_decorator.py took 0.628 seconds
[2025-05-21T23:19:26.121+0000] {processor.py:186} INFO - Started process (PID=583) to work on /home/airflow/.local/lib/python3.12/site-packages/airflow/example_dags/example_dag_decorator.py
[2025-05-21T23:19:26.123+0000] {processor.py:914} INFO - Processing file /home/airflow/.local/lib/python3.12/site-packages/airflow/example_dags/example_dag_decorator.py for tasks to queue
[2025-05-21T23:19:26.127+0000] {logging_mixin.py:190} INFO - [2025-05-21T23:19:26.127+0000] {dagbag.py:588} INFO - Filling up the DagBag from /home/airflow/.local/lib/python3.12/site-packages/airflow/example_dags/example_dag_decorator.py
[2025-05-21T23:19:26.394+0000] {processor.py:925} INFO - DAG(s) 'example_dag_decorator' retrieved from /home/airflow/.local/lib/python3.12/site-packages/airflow/example_dags/example_dag_decorator.py
[2025-05-21T23:19:26.640+0000] {logging_mixin.py:190} INFO - [2025-05-21T23:19:26.640+0000] {dag.py:3239} INFO - Sync 1 DAGs
[2025-05-21T23:19:26.670+0000] {logging_mixin.py:190} INFO - [2025-05-21T23:19:26.669+0000] {dag.py:4180} INFO - Setting next_dagrun for example_dag_decorator to None, run_after=None
[2025-05-21T23:19:26.711+0000] {processor.py:208} INFO - Processing /home/airflow/.local/lib/python3.12/site-packages/airflow/example_dags/example_dag_decorator.py took 0.601 seconds
[2025-05-21T23:19:56.900+0000] {processor.py:186} INFO - Started process (PID=650) to work on /home/airflow/.local/lib/python3.12/site-packages/airflow/example_dags/example_dag_decorator.py
[2025-05-21T23:19:56.903+0000] {processor.py:914} INFO - Processing file /home/airflow/.local/lib/python3.12/site-packages/airflow/example_dags/example_dag_decorator.py for tasks to queue
[2025-05-21T23:19:56.908+0000] {logging_mixin.py:190} INFO - [2025-05-21T23:19:56.907+0000] {dagbag.py:588} INFO - Filling up the DagBag from /home/airflow/.local/lib/python3.12/site-packages/airflow/example_dags/example_dag_decorator.py
[2025-05-21T23:19:57.164+0000] {processor.py:925} INFO - DAG(s) 'example_dag_decorator' retrieved from /home/airflow/.local/lib/python3.12/site-packages/airflow/example_dags/example_dag_decorator.py
[2025-05-21T23:19:57.415+0000] {logging_mixin.py:190} INFO - [2025-05-21T23:19:57.414+0000] {dag.py:3239} INFO - Sync 1 DAGs
[2025-05-21T23:19:57.442+0000] {logging_mixin.py:190} INFO - [2025-05-21T23:19:57.441+0000] {dag.py:4180} INFO - Setting next_dagrun for example_dag_decorator to None, run_after=None
[2025-05-21T23:19:57.482+0000] {processor.py:208} INFO - Processing /home/airflow/.local/lib/python3.12/site-packages/airflow/example_dags/example_dag_decorator.py took 0.595 seconds
[2025-05-21T23:20:27.595+0000] {processor.py:186} INFO - Started process (PID=717) to work on /home/airflow/.local/lib/python3.12/site-packages/airflow/example_dags/example_dag_decorator.py
[2025-05-21T23:20:27.597+0000] {processor.py:914} INFO - Processing file /home/airflow/.local/lib/python3.12/site-packages/airflow/example_dags/example_dag_decorator.py for tasks to queue
[2025-05-21T23:20:27.601+0000] {logging_mixin.py:190} INFO - [2025-05-21T23:20:27.601+0000] {dagbag.py:588} INFO - Filling up the DagBag from /home/airflow/.local/lib/python3.12/site-packages/airflow/example_dags/example_dag_decorator.py
[2025-05-21T23:20:27.828+0000] {processor.py:925} INFO - DAG(s) 'example_dag_decorator' retrieved from /home/airflow/.local/lib/python3.12/site-packages/airflow/example_dags/example_dag_decorator.py
[2025-05-21T23:20:28.129+0000] {logging_mixin.py:190} INFO - [2025-05-21T23:20:28.128+0000] {dag.py:3239} INFO - Sync 1 DAGs
[2025-05-21T23:20:28.157+0000] {logging_mixin.py:190} INFO - [2025-05-21T23:20:28.156+0000] {dag.py:4180} INFO - Setting next_dagrun for example_dag_decorator to None, run_after=None
[2025-05-21T23:20:28.262+0000] {processor.py:208} INFO - Processing /home/airflow/.local/lib/python3.12/site-packages/airflow/example_dags/example_dag_decorator.py took 0.679 seconds
[2025-05-21T23:20:58.426+0000] {processor.py:186} INFO - Started process (PID=783) to work on /home/airflow/.local/lib/python3.12/site-packages/airflow/example_dags/example_dag_decorator.py
[2025-05-21T23:20:58.428+0000] {processor.py:914} INFO - Processing file /home/airflow/.local/lib/python3.12/site-packages/airflow/example_dags/example_dag_decorator.py for tasks to queue
[2025-05-21T23:20:58.432+0000] {logging_mixin.py:190} INFO - [2025-05-21T23:20:58.432+0000] {dagbag.py:588} INFO - Filling up the DagBag from /home/airflow/.local/lib/python3.12/site-packages/airflow/example_dags/example_dag_decorator.py
[2025-05-21T23:20:58.651+0000] {processor.py:925} INFO - DAG(s) 'example_dag_decorator' retrieved from /home/airflow/.local/lib/python3.12/site-packages/airflow/example_dags/example_dag_decorator.py
[2025-05-21T23:20:58.937+0000] {logging_mixin.py:190} INFO - [2025-05-21T23:20:58.937+0000] {dag.py:3239} INFO - Sync 1 DAGs
[2025-05-21T23:20:58.968+0000] {logging_mixin.py:190} INFO - [2025-05-21T23:20:58.968+0000] {dag.py:4180} INFO - Setting next_dagrun for example_dag_decorator to None, run_after=None
[2025-05-21T23:20:59.079+0000] {processor.py:208} INFO - Processing /home/airflow/.local/lib/python3.12/site-packages/airflow/example_dags/example_dag_decorator.py took 0.665 seconds
[2025-05-21T23:21:29.403+0000] {processor.py:186} INFO - Started process (PID=848) to work on /home/airflow/.local/lib/python3.12/site-packages/airflow/example_dags/example_dag_decorator.py
[2025-05-21T23:21:29.405+0000] {processor.py:914} INFO - Processing file /home/airflow/.local/lib/python3.12/site-packages/airflow/example_dags/example_dag_decorator.py for tasks to queue
[2025-05-21T23:21:29.410+0000] {logging_mixin.py:190} INFO - [2025-05-21T23:21:29.410+0000] {dagbag.py:588} INFO - Filling up the DagBag from /home/airflow/.local/lib/python3.12/site-packages/airflow/example_dags/example_dag_decorator.py
[2025-05-21T23:21:29.661+0000] {processor.py:925} INFO - DAG(s) 'example_dag_decorator' retrieved from /home/airflow/.local/lib/python3.12/site-packages/airflow/example_dags/example_dag_decorator.py
[2025-05-21T23:21:29.955+0000] {logging_mixin.py:190} INFO - [2025-05-21T23:21:29.954+0000] {dag.py:3239} INFO - Sync 1 DAGs
[2025-05-21T23:21:29.984+0000] {logging_mixin.py:190} INFO - [2025-05-21T23:21:29.983+0000] {dag.py:4180} INFO - Setting next_dagrun for example_dag_decorator to None, run_after=None
[2025-05-21T23:21:30.030+0000] {processor.py:208} INFO - Processing /home/airflow/.local/lib/python3.12/site-packages/airflow/example_dags/example_dag_decorator.py took 0.641 seconds
[2025-05-21T23:22:00.460+0000] {processor.py:186} INFO - Started process (PID=915) to work on /home/airflow/.local/lib/python3.12/site-packages/airflow/example_dags/example_dag_decorator.py
[2025-05-21T23:22:00.462+0000] {processor.py:914} INFO - Processing file /home/airflow/.local/lib/python3.12/site-packages/airflow/example_dags/example_dag_decorator.py for tasks to queue
[2025-05-21T23:22:00.468+0000] {logging_mixin.py:190} INFO - [2025-05-21T23:22:00.467+0000] {dagbag.py:588} INFO - Filling up the DagBag from /home/airflow/.local/lib/python3.12/site-packages/airflow/example_dags/example_dag_decorator.py
[2025-05-21T23:22:00.709+0000] {processor.py:925} INFO - DAG(s) 'example_dag_decorator' retrieved from /home/airflow/.local/lib/python3.12/site-packages/airflow/example_dags/example_dag_decorator.py
[2025-05-21T23:22:00.983+0000] {logging_mixin.py:190} INFO - [2025-05-21T23:22:00.983+0000] {dag.py:3239} INFO - Sync 1 DAGs
[2025-05-21T23:22:01.027+0000] {logging_mixin.py:190} INFO - [2025-05-21T23:22:01.027+0000] {dag.py:4180} INFO - Setting next_dagrun for example_dag_decorator to None, run_after=None
[2025-05-21T23:22:01.089+0000] {processor.py:208} INFO - Processing /home/airflow/.local/lib/python3.12/site-packages/airflow/example_dags/example_dag_decorator.py took 0.642 seconds
[2025-05-21T23:22:31.246+0000] {processor.py:186} INFO - Started process (PID=983) to work on /home/airflow/.local/lib/python3.12/site-packages/airflow/example_dags/example_dag_decorator.py
[2025-05-21T23:22:31.248+0000] {processor.py:914} INFO - Processing file /home/airflow/.local/lib/python3.12/site-packages/airflow/example_dags/example_dag_decorator.py for tasks to queue
[2025-05-21T23:22:31.253+0000] {logging_mixin.py:190} INFO - [2025-05-21T23:22:31.253+0000] {dagbag.py:588} INFO - Filling up the DagBag from /home/airflow/.local/lib/python3.12/site-packages/airflow/example_dags/example_dag_decorator.py
[2025-05-21T23:22:31.490+0000] {processor.py:925} INFO - DAG(s) 'example_dag_decorator' retrieved from /home/airflow/.local/lib/python3.12/site-packages/airflow/example_dags/example_dag_decorator.py
[2025-05-21T23:22:31.715+0000] {logging_mixin.py:190} INFO - [2025-05-21T23:22:31.715+0000] {dag.py:3239} INFO - Sync 1 DAGs
[2025-05-21T23:22:31.744+0000] {logging_mixin.py:190} INFO - [2025-05-21T23:22:31.744+0000] {dag.py:4180} INFO - Setting next_dagrun for example_dag_decorator to None, run_after=None
[2025-05-21T23:22:31.840+0000] {processor.py:208} INFO - Processing /home/airflow/.local/lib/python3.12/site-packages/airflow/example_dags/example_dag_decorator.py took 0.605 seconds
[2025-05-21T23:23:02.569+0000] {processor.py:186} INFO - Started process (PID=1049) to work on /home/airflow/.local/lib/python3.12/site-packages/airflow/example_dags/example_dag_decorator.py
[2025-05-21T23:23:02.571+0000] {processor.py:914} INFO - Processing file /home/airflow/.local/lib/python3.12/site-packages/airflow/example_dags/example_dag_decorator.py for tasks to queue
[2025-05-21T23:23:02.577+0000] {logging_mixin.py:190} INFO - [2025-05-21T23:23:02.576+0000] {dagbag.py:588} INFO - Filling up the DagBag from /home/airflow/.local/lib/python3.12/site-packages/airflow/example_dags/example_dag_decorator.py
[2025-05-21T23:23:02.786+0000] {processor.py:925} INFO - DAG(s) 'example_dag_decorator' retrieved from /home/airflow/.local/lib/python3.12/site-packages/airflow/example_dags/example_dag_decorator.py
[2025-05-21T23:23:03.044+0000] {logging_mixin.py:190} INFO - [2025-05-21T23:23:03.044+0000] {dag.py:3239} INFO - Sync 1 DAGs
[2025-05-21T23:23:03.071+0000] {logging_mixin.py:190} INFO - [2025-05-21T23:23:03.070+0000] {dag.py:4180} INFO - Setting next_dagrun for example_dag_decorator to None, run_after=None
[2025-05-21T23:23:03.112+0000] {processor.py:208} INFO - Processing /home/airflow/.local/lib/python3.12/site-packages/airflow/example_dags/example_dag_decorator.py took 0.555 seconds
[2025-05-21T23:23:33.308+0000] {processor.py:186} INFO - Started process (PID=1115) to work on /home/airflow/.local/lib/python3.12/site-packages/airflow/example_dags/example_dag_decorator.py
[2025-05-21T23:23:33.310+0000] {processor.py:914} INFO - Processing file /home/airflow/.local/lib/python3.12/site-packages/airflow/example_dags/example_dag_decorator.py for tasks to queue
[2025-05-21T23:23:33.315+0000] {logging_mixin.py:190} INFO - [2025-05-21T23:23:33.314+0000] {dagbag.py:588} INFO - Filling up the DagBag from /home/airflow/.local/lib/python3.12/site-packages/airflow/example_dags/example_dag_decorator.py
[2025-05-21T23:23:33.537+0000] {processor.py:925} INFO - DAG(s) 'example_dag_decorator' retrieved from /home/airflow/.local/lib/python3.12/site-packages/airflow/example_dags/example_dag_decorator.py
[2025-05-21T23:23:33.796+0000] {logging_mixin.py:190} INFO - [2025-05-21T23:23:33.795+0000] {dag.py:3239} INFO - Sync 1 DAGs
[2025-05-21T23:23:33.829+0000] {logging_mixin.py:190} INFO - [2025-05-21T23:23:33.828+0000] {dag.py:4180} INFO - Setting next_dagrun for example_dag_decorator to None, run_after=None
[2025-05-21T23:23:33.883+0000] {processor.py:208} INFO - Processing /home/airflow/.local/lib/python3.12/site-packages/airflow/example_dags/example_dag_decorator.py took 0.586 seconds
[2025-05-21T23:24:03.984+0000] {processor.py:186} INFO - Started process (PID=1182) to work on /home/airflow/.local/lib/python3.12/site-packages/airflow/example_dags/example_dag_decorator.py
[2025-05-21T23:24:03.986+0000] {processor.py:914} INFO - Processing file /home/airflow/.local/lib/python3.12/site-packages/airflow/example_dags/example_dag_decorator.py for tasks to queue
[2025-05-21T23:24:03.990+0000] {logging_mixin.py:190} INFO - [2025-05-21T23:24:03.990+0000] {dagbag.py:588} INFO - Filling up the DagBag from /home/airflow/.local/lib/python3.12/site-packages/airflow/example_dags/example_dag_decorator.py
[2025-05-21T23:24:04.245+0000] {processor.py:925} INFO - DAG(s) 'example_dag_decorator' retrieved from /home/airflow/.local/lib/python3.12/site-packages/airflow/example_dags/example_dag_decorator.py
[2025-05-21T23:24:04.548+0000] {logging_mixin.py:190} INFO - [2025-05-21T23:24:04.547+0000] {dag.py:3239} INFO - Sync 1 DAGs
[2025-05-21T23:24:04.575+0000] {logging_mixin.py:190} INFO - [2025-05-21T23:24:04.574+0000] {dag.py:4180} INFO - Setting next_dagrun for example_dag_decorator to None, run_after=None
[2025-05-21T23:24:04.615+0000] {processor.py:208} INFO - Processing /home/airflow/.local/lib/python3.12/site-packages/airflow/example_dags/example_dag_decorator.py took 0.643 seconds
[2025-05-21T23:24:35.081+0000] {processor.py:186} INFO - Started process (PID=1249) to work on /home/airflow/.local/lib/python3.12/site-packages/airflow/example_dags/example_dag_decorator.py
[2025-05-21T23:24:35.083+0000] {processor.py:914} INFO - Processing file /home/airflow/.local/lib/python3.12/site-packages/airflow/example_dags/example_dag_decorator.py for tasks to queue
[2025-05-21T23:24:35.087+0000] {logging_mixin.py:190} INFO - [2025-05-21T23:24:35.086+0000] {dagbag.py:588} INFO - Filling up the DagBag from /home/airflow/.local/lib/python3.12/site-packages/airflow/example_dags/example_dag_decorator.py
[2025-05-21T23:24:35.314+0000] {processor.py:925} INFO - DAG(s) 'example_dag_decorator' retrieved from /home/airflow/.local/lib/python3.12/site-packages/airflow/example_dags/example_dag_decorator.py
[2025-05-21T23:24:35.563+0000] {logging_mixin.py:190} INFO - [2025-05-21T23:24:35.562+0000] {dag.py:3239} INFO - Sync 1 DAGs
[2025-05-21T23:24:35.590+0000] {logging_mixin.py:190} INFO - [2025-05-21T23:24:35.590+0000] {dag.py:4180} INFO - Setting next_dagrun for example_dag_decorator to None, run_after=None
[2025-05-21T23:24:35.630+0000] {processor.py:208} INFO - Processing /home/airflow/.local/lib/python3.12/site-packages/airflow/example_dags/example_dag_decorator.py took 0.560 seconds
[2025-05-21T23:25:06.636+0000] {processor.py:186} INFO - Started process (PID=1316) to work on /home/airflow/.local/lib/python3.12/site-packages/airflow/example_dags/example_dag_decorator.py
[2025-05-21T23:25:06.638+0000] {processor.py:914} INFO - Processing file /home/airflow/.local/lib/python3.12/site-packages/airflow/example_dags/example_dag_decorator.py for tasks to queue
[2025-05-21T23:25:06.643+0000] {logging_mixin.py:190} INFO - [2025-05-21T23:25:06.643+0000] {dagbag.py:588} INFO - Filling up the DagBag from /home/airflow/.local/lib/python3.12/site-packages/airflow/example_dags/example_dag_decorator.py
[2025-05-21T23:25:06.895+0000] {processor.py:925} INFO - DAG(s) 'example_dag_decorator' retrieved from /home/airflow/.local/lib/python3.12/site-packages/airflow/example_dags/example_dag_decorator.py
[2025-05-21T23:25:07.200+0000] {logging_mixin.py:190} INFO - [2025-05-21T23:25:07.200+0000] {dag.py:3239} INFO - Sync 1 DAGs
[2025-05-21T23:25:07.246+0000] {logging_mixin.py:190} INFO - [2025-05-21T23:25:07.246+0000] {dag.py:4180} INFO - Setting next_dagrun for example_dag_decorator to None, run_after=None
[2025-05-21T23:25:07.298+0000] {processor.py:208} INFO - Processing /home/airflow/.local/lib/python3.12/site-packages/airflow/example_dags/example_dag_decorator.py took 0.673 seconds
[2025-05-21T23:25:37.680+0000] {processor.py:186} INFO - Started process (PID=1381) to work on /home/airflow/.local/lib/python3.12/site-packages/airflow/example_dags/example_dag_decorator.py
[2025-05-21T23:25:37.682+0000] {processor.py:914} INFO - Processing file /home/airflow/.local/lib/python3.12/site-packages/airflow/example_dags/example_dag_decorator.py for tasks to queue
[2025-05-21T23:25:37.687+0000] {logging_mixin.py:190} INFO - [2025-05-21T23:25:37.687+0000] {dagbag.py:588} INFO - Filling up the DagBag from /home/airflow/.local/lib/python3.12/site-packages/airflow/example_dags/example_dag_decorator.py
[2025-05-21T23:25:37.940+0000] {processor.py:925} INFO - DAG(s) 'example_dag_decorator' retrieved from /home/airflow/.local/lib/python3.12/site-packages/airflow/example_dags/example_dag_decorator.py
[2025-05-21T23:25:38.204+0000] {logging_mixin.py:190} INFO - [2025-05-21T23:25:38.204+0000] {dag.py:3239} INFO - Sync 1 DAGs
[2025-05-21T23:25:38.237+0000] {logging_mixin.py:190} INFO - [2025-05-21T23:25:38.237+0000] {dag.py:4180} INFO - Setting next_dagrun for example_dag_decorator to None, run_after=None
[2025-05-21T23:25:38.345+0000] {processor.py:208} INFO - Processing /home/airflow/.local/lib/python3.12/site-packages/airflow/example_dags/example_dag_decorator.py took 0.681 seconds
[2025-05-21T23:26:08.979+0000] {processor.py:186} INFO - Started process (PID=1448) to work on /home/airflow/.local/lib/python3.12/site-packages/airflow/example_dags/example_dag_decorator.py
[2025-05-21T23:26:08.981+0000] {processor.py:914} INFO - Processing file /home/airflow/.local/lib/python3.12/site-packages/airflow/example_dags/example_dag_decorator.py for tasks to queue
[2025-05-21T23:26:08.987+0000] {logging_mixin.py:190} INFO - [2025-05-21T23:26:08.986+0000] {dagbag.py:588} INFO - Filling up the DagBag from /home/airflow/.local/lib/python3.12/site-packages/airflow/example_dags/example_dag_decorator.py
[2025-05-21T23:26:09.205+0000] {processor.py:925} INFO - DAG(s) 'example_dag_decorator' retrieved from /home/airflow/.local/lib/python3.12/site-packages/airflow/example_dags/example_dag_decorator.py
[2025-05-21T23:26:09.438+0000] {logging_mixin.py:190} INFO - [2025-05-21T23:26:09.437+0000] {dag.py:3239} INFO - Sync 1 DAGs
[2025-05-21T23:26:09.464+0000] {logging_mixin.py:190} INFO - [2025-05-21T23:26:09.464+0000] {dag.py:4180} INFO - Setting next_dagrun for example_dag_decorator to None, run_after=None
[2025-05-21T23:26:09.505+0000] {processor.py:208} INFO - Processing /home/airflow/.local/lib/python3.12/site-packages/airflow/example_dags/example_dag_decorator.py took 0.536 seconds
[2025-05-21T23:26:39.787+0000] {processor.py:186} INFO - Started process (PID=1513) to work on /home/airflow/.local/lib/python3.12/site-packages/airflow/example_dags/example_dag_decorator.py
[2025-05-21T23:26:39.790+0000] {processor.py:914} INFO - Processing file /home/airflow/.local/lib/python3.12/site-packages/airflow/example_dags/example_dag_decorator.py for tasks to queue
[2025-05-21T23:26:39.797+0000] {logging_mixin.py:190} INFO - [2025-05-21T23:26:39.796+0000] {dagbag.py:588} INFO - Filling up the DagBag from /home/airflow/.local/lib/python3.12/site-packages/airflow/example_dags/example_dag_decorator.py
[2025-05-21T23:26:40.021+0000] {processor.py:925} INFO - DAG(s) 'example_dag_decorator' retrieved from /home/airflow/.local/lib/python3.12/site-packages/airflow/example_dags/example_dag_decorator.py
[2025-05-21T23:26:40.288+0000] {logging_mixin.py:190} INFO - [2025-05-21T23:26:40.287+0000] {dag.py:3239} INFO - Sync 1 DAGs
[2025-05-21T23:26:40.317+0000] {logging_mixin.py:190} INFO - [2025-05-21T23:26:40.316+0000] {dag.py:4180} INFO - Setting next_dagrun for example_dag_decorator to None, run_after=None
[2025-05-21T23:26:40.384+0000] {processor.py:208} INFO - Processing /home/airflow/.local/lib/python3.12/site-packages/airflow/example_dags/example_dag_decorator.py took 0.611 seconds
[2025-05-21T23:27:10.539+0000] {processor.py:186} INFO - Started process (PID=1580) to work on /home/airflow/.local/lib/python3.12/site-packages/airflow/example_dags/example_dag_decorator.py
[2025-05-21T23:27:10.542+0000] {processor.py:914} INFO - Processing file /home/airflow/.local/lib/python3.12/site-packages/airflow/example_dags/example_dag_decorator.py for tasks to queue
[2025-05-21T23:27:10.548+0000] {logging_mixin.py:190} INFO - [2025-05-21T23:27:10.548+0000] {dagbag.py:588} INFO - Filling up the DagBag from /home/airflow/.local/lib/python3.12/site-packages/airflow/example_dags/example_dag_decorator.py
[2025-05-21T23:27:10.803+0000] {processor.py:925} INFO - DAG(s) 'example_dag_decorator' retrieved from /home/airflow/.local/lib/python3.12/site-packages/airflow/example_dags/example_dag_decorator.py
[2025-05-21T23:27:11.090+0000] {logging_mixin.py:190} INFO - [2025-05-21T23:27:11.090+0000] {dag.py:3239} INFO - Sync 1 DAGs
[2025-05-21T23:27:11.117+0000] {logging_mixin.py:190} INFO - [2025-05-21T23:27:11.117+0000] {dag.py:4180} INFO - Setting next_dagrun for example_dag_decorator to None, run_after=None
[2025-05-21T23:27:11.170+0000] {processor.py:208} INFO - Processing /home/airflow/.local/lib/python3.12/site-packages/airflow/example_dags/example_dag_decorator.py took 0.642 seconds
[2025-05-21T23:27:41.312+0000] {processor.py:186} INFO - Started process (PID=1647) to work on /home/airflow/.local/lib/python3.12/site-packages/airflow/example_dags/example_dag_decorator.py
[2025-05-21T23:27:41.315+0000] {processor.py:914} INFO - Processing file /home/airflow/.local/lib/python3.12/site-packages/airflow/example_dags/example_dag_decorator.py for tasks to queue
[2025-05-21T23:27:41.320+0000] {logging_mixin.py:190} INFO - [2025-05-21T23:27:41.319+0000] {dagbag.py:588} INFO - Filling up the DagBag from /home/airflow/.local/lib/python3.12/site-packages/airflow/example_dags/example_dag_decorator.py
[2025-05-21T23:27:41.552+0000] {processor.py:925} INFO - DAG(s) 'example_dag_decorator' retrieved from /home/airflow/.local/lib/python3.12/site-packages/airflow/example_dags/example_dag_decorator.py
[2025-05-21T23:27:41.820+0000] {logging_mixin.py:190} INFO - [2025-05-21T23:27:41.819+0000] {dag.py:3239} INFO - Sync 1 DAGs
[2025-05-21T23:27:41.847+0000] {logging_mixin.py:190} INFO - [2025-05-21T23:27:41.846+0000] {dag.py:4180} INFO - Setting next_dagrun for example_dag_decorator to None, run_after=None
[2025-05-21T23:27:41.888+0000] {processor.py:208} INFO - Processing /home/airflow/.local/lib/python3.12/site-packages/airflow/example_dags/example_dag_decorator.py took 0.589 seconds
[2025-05-21T23:28:12.662+0000] {processor.py:186} INFO - Started process (PID=1713) to work on /home/airflow/.local/lib/python3.12/site-packages/airflow/example_dags/example_dag_decorator.py
[2025-05-21T23:28:12.665+0000] {processor.py:914} INFO - Processing file /home/airflow/.local/lib/python3.12/site-packages/airflow/example_dags/example_dag_decorator.py for tasks to queue
[2025-05-21T23:28:12.670+0000] {logging_mixin.py:190} INFO - [2025-05-21T23:28:12.670+0000] {dagbag.py:588} INFO - Filling up the DagBag from /home/airflow/.local/lib/python3.12/site-packages/airflow/example_dags/example_dag_decorator.py
[2025-05-21T23:28:12.913+0000] {processor.py:925} INFO - DAG(s) 'example_dag_decorator' retrieved from /home/airflow/.local/lib/python3.12/site-packages/airflow/example_dags/example_dag_decorator.py
[2025-05-21T23:28:13.188+0000] {logging_mixin.py:190} INFO - [2025-05-21T23:28:13.187+0000] {dag.py:3239} INFO - Sync 1 DAGs
[2025-05-21T23:28:13.222+0000] {logging_mixin.py:190} INFO - [2025-05-21T23:28:13.221+0000] {dag.py:4180} INFO - Setting next_dagrun for example_dag_decorator to None, run_after=None
[2025-05-21T23:28:13.266+0000] {processor.py:208} INFO - Processing /home/airflow/.local/lib/python3.12/site-packages/airflow/example_dags/example_dag_decorator.py took 0.617 seconds
[2025-05-21T23:28:43.488+0000] {processor.py:186} INFO - Started process (PID=1781) to work on /home/airflow/.local/lib/python3.12/site-packages/airflow/example_dags/example_dag_decorator.py
[2025-05-21T23:28:43.490+0000] {processor.py:914} INFO - Processing file /home/airflow/.local/lib/python3.12/site-packages/airflow/example_dags/example_dag_decorator.py for tasks to queue
[2025-05-21T23:28:43.496+0000] {logging_mixin.py:190} INFO - [2025-05-21T23:28:43.495+0000] {dagbag.py:588} INFO - Filling up the DagBag from /home/airflow/.local/lib/python3.12/site-packages/airflow/example_dags/example_dag_decorator.py
[2025-05-21T23:28:43.732+0000] {processor.py:925} INFO - DAG(s) 'example_dag_decorator' retrieved from /home/airflow/.local/lib/python3.12/site-packages/airflow/example_dags/example_dag_decorator.py
[2025-05-21T23:28:43.970+0000] {logging_mixin.py:190} INFO - [2025-05-21T23:28:43.970+0000] {dag.py:3239} INFO - Sync 1 DAGs
[2025-05-21T23:28:44.009+0000] {logging_mixin.py:190} INFO - [2025-05-21T23:28:44.008+0000] {dag.py:4180} INFO - Setting next_dagrun for example_dag_decorator to None, run_after=None
[2025-05-21T23:28:44.113+0000] {processor.py:208} INFO - Processing /home/airflow/.local/lib/python3.12/site-packages/airflow/example_dags/example_dag_decorator.py took 0.638 seconds
[2025-05-21T23:29:14.239+0000] {processor.py:186} INFO - Started process (PID=1848) to work on /home/airflow/.local/lib/python3.12/site-packages/airflow/example_dags/example_dag_decorator.py
[2025-05-21T23:29:14.241+0000] {processor.py:914} INFO - Processing file /home/airflow/.local/lib/python3.12/site-packages/airflow/example_dags/example_dag_decorator.py for tasks to queue
[2025-05-21T23:29:14.246+0000] {logging_mixin.py:190} INFO - [2025-05-21T23:29:14.246+0000] {dagbag.py:588} INFO - Filling up the DagBag from /home/airflow/.local/lib/python3.12/site-packages/airflow/example_dags/example_dag_decorator.py
[2025-05-21T23:29:14.509+0000] {processor.py:925} INFO - DAG(s) 'example_dag_decorator' retrieved from /home/airflow/.local/lib/python3.12/site-packages/airflow/example_dags/example_dag_decorator.py
[2025-05-21T23:29:14.796+0000] {logging_mixin.py:190} INFO - [2025-05-21T23:29:14.796+0000] {dag.py:3239} INFO - Sync 1 DAGs
[2025-05-21T23:29:14.824+0000] {logging_mixin.py:190} INFO - [2025-05-21T23:29:14.824+0000] {dag.py:4180} INFO - Setting next_dagrun for example_dag_decorator to None, run_after=None
[2025-05-21T23:29:14.866+0000] {processor.py:208} INFO - Processing /home/airflow/.local/lib/python3.12/site-packages/airflow/example_dags/example_dag_decorator.py took 0.638 seconds
[2025-05-21T23:29:45.137+0000] {processor.py:186} INFO - Started process (PID=1915) to work on /home/airflow/.local/lib/python3.12/site-packages/airflow/example_dags/example_dag_decorator.py
[2025-05-21T23:29:45.140+0000] {processor.py:914} INFO - Processing file /home/airflow/.local/lib/python3.12/site-packages/airflow/example_dags/example_dag_decorator.py for tasks to queue
[2025-05-21T23:29:45.144+0000] {logging_mixin.py:190} INFO - [2025-05-21T23:29:45.143+0000] {dagbag.py:588} INFO - Filling up the DagBag from /home/airflow/.local/lib/python3.12/site-packages/airflow/example_dags/example_dag_decorator.py
[2025-05-21T23:29:45.348+0000] {processor.py:925} INFO - DAG(s) 'example_dag_decorator' retrieved from /home/airflow/.local/lib/python3.12/site-packages/airflow/example_dags/example_dag_decorator.py
[2025-05-21T23:29:45.643+0000] {logging_mixin.py:190} INFO - [2025-05-21T23:29:45.643+0000] {dag.py:3239} INFO - Sync 1 DAGs
[2025-05-21T23:29:45.672+0000] {logging_mixin.py:190} INFO - [2025-05-21T23:29:45.672+0000] {dag.py:4180} INFO - Setting next_dagrun for example_dag_decorator to None, run_after=None
[2025-05-21T23:29:45.777+0000] {processor.py:208} INFO - Processing /home/airflow/.local/lib/python3.12/site-packages/airflow/example_dags/example_dag_decorator.py took 0.652 seconds
[2025-05-21T23:30:16.281+0000] {processor.py:186} INFO - Started process (PID=1982) to work on /home/airflow/.local/lib/python3.12/site-packages/airflow/example_dags/example_dag_decorator.py
[2025-05-21T23:30:16.283+0000] {processor.py:914} INFO - Processing file /home/airflow/.local/lib/python3.12/site-packages/airflow/example_dags/example_dag_decorator.py for tasks to queue
[2025-05-21T23:30:16.287+0000] {logging_mixin.py:190} INFO - [2025-05-21T23:30:16.287+0000] {dagbag.py:588} INFO - Filling up the DagBag from /home/airflow/.local/lib/python3.12/site-packages/airflow/example_dags/example_dag_decorator.py
[2025-05-21T23:30:16.500+0000] {processor.py:925} INFO - DAG(s) 'example_dag_decorator' retrieved from /home/airflow/.local/lib/python3.12/site-packages/airflow/example_dags/example_dag_decorator.py
[2025-05-21T23:30:16.767+0000] {logging_mixin.py:190} INFO - [2025-05-21T23:30:16.766+0000] {dag.py:3239} INFO - Sync 1 DAGs
[2025-05-21T23:30:16.790+0000] {logging_mixin.py:190} INFO - [2025-05-21T23:30:16.790+0000] {dag.py:4180} INFO - Setting next_dagrun for example_dag_decorator to None, run_after=None
[2025-05-21T23:30:16.892+0000] {processor.py:208} INFO - Processing /home/airflow/.local/lib/python3.12/site-packages/airflow/example_dags/example_dag_decorator.py took 0.620 seconds
[2025-05-21T23:30:47.057+0000] {processor.py:186} INFO - Started process (PID=2048) to work on /home/airflow/.local/lib/python3.12/site-packages/airflow/example_dags/example_dag_decorator.py
[2025-05-21T23:30:47.059+0000] {processor.py:914} INFO - Processing file /home/airflow/.local/lib/python3.12/site-packages/airflow/example_dags/example_dag_decorator.py for tasks to queue
[2025-05-21T23:30:47.065+0000] {logging_mixin.py:190} INFO - [2025-05-21T23:30:47.065+0000] {dagbag.py:588} INFO - Filling up the DagBag from /home/airflow/.local/lib/python3.12/site-packages/airflow/example_dags/example_dag_decorator.py
[2025-05-21T23:30:47.297+0000] {processor.py:925} INFO - DAG(s) 'example_dag_decorator' retrieved from /home/airflow/.local/lib/python3.12/site-packages/airflow/example_dags/example_dag_decorator.py
[2025-05-21T23:30:47.547+0000] {logging_mixin.py:190} INFO - [2025-05-21T23:30:47.547+0000] {dag.py:3239} INFO - Sync 1 DAGs
[2025-05-21T23:30:47.575+0000] {logging_mixin.py:190} INFO - [2025-05-21T23:30:47.574+0000] {dag.py:4180} INFO - Setting next_dagrun for example_dag_decorator to None, run_after=None
[2025-05-21T23:30:47.678+0000] {processor.py:208} INFO - Processing /home/airflow/.local/lib/python3.12/site-packages/airflow/example_dags/example_dag_decorator.py took 0.632 seconds
[2025-05-21T23:31:18.354+0000] {processor.py:186} INFO - Started process (PID=2119) to work on /home/airflow/.local/lib/python3.12/site-packages/airflow/example_dags/example_dag_decorator.py
[2025-05-21T23:31:18.357+0000] {processor.py:914} INFO - Processing file /home/airflow/.local/lib/python3.12/site-packages/airflow/example_dags/example_dag_decorator.py for tasks to queue
[2025-05-21T23:31:18.361+0000] {logging_mixin.py:190} INFO - [2025-05-21T23:31:18.361+0000] {dagbag.py:588} INFO - Filling up the DagBag from /home/airflow/.local/lib/python3.12/site-packages/airflow/example_dags/example_dag_decorator.py
[2025-05-21T23:31:18.570+0000] {processor.py:925} INFO - DAG(s) 'example_dag_decorator' retrieved from /home/airflow/.local/lib/python3.12/site-packages/airflow/example_dags/example_dag_decorator.py
[2025-05-21T23:31:18.857+0000] {logging_mixin.py:190} INFO - [2025-05-21T23:31:18.855+0000] {dag.py:3239} INFO - Sync 1 DAGs
[2025-05-21T23:31:18.919+0000] {logging_mixin.py:190} INFO - [2025-05-21T23:31:18.918+0000] {dag.py:4180} INFO - Setting next_dagrun for example_dag_decorator to None, run_after=None
[2025-05-21T23:31:19.054+0000] {processor.py:208} INFO - Processing /home/airflow/.local/lib/python3.12/site-packages/airflow/example_dags/example_dag_decorator.py took 0.711 seconds
[2025-05-21T23:31:49.397+0000] {processor.py:186} INFO - Started process (PID=2185) to work on /home/airflow/.local/lib/python3.12/site-packages/airflow/example_dags/example_dag_decorator.py
[2025-05-21T23:31:49.400+0000] {processor.py:914} INFO - Processing file /home/airflow/.local/lib/python3.12/site-packages/airflow/example_dags/example_dag_decorator.py for tasks to queue
[2025-05-21T23:31:49.406+0000] {logging_mixin.py:190} INFO - [2025-05-21T23:31:49.405+0000] {dagbag.py:588} INFO - Filling up the DagBag from /home/airflow/.local/lib/python3.12/site-packages/airflow/example_dags/example_dag_decorator.py
[2025-05-21T23:31:49.710+0000] {processor.py:925} INFO - DAG(s) 'example_dag_decorator' retrieved from /home/airflow/.local/lib/python3.12/site-packages/airflow/example_dags/example_dag_decorator.py
[2025-05-21T23:31:49.968+0000] {logging_mixin.py:190} INFO - [2025-05-21T23:31:49.967+0000] {dag.py:3239} INFO - Sync 1 DAGs
[2025-05-21T23:31:49.996+0000] {logging_mixin.py:190} INFO - [2025-05-21T23:31:49.995+0000] {dag.py:4180} INFO - Setting next_dagrun for example_dag_decorator to None, run_after=None
[2025-05-21T23:31:50.101+0000] {processor.py:208} INFO - Processing /home/airflow/.local/lib/python3.12/site-packages/airflow/example_dags/example_dag_decorator.py took 0.718 seconds
[2025-05-21T23:32:20.757+0000] {processor.py:186} INFO - Started process (PID=2251) to work on /home/airflow/.local/lib/python3.12/site-packages/airflow/example_dags/example_dag_decorator.py
[2025-05-21T23:32:20.760+0000] {processor.py:914} INFO - Processing file /home/airflow/.local/lib/python3.12/site-packages/airflow/example_dags/example_dag_decorator.py for tasks to queue
[2025-05-21T23:32:20.766+0000] {logging_mixin.py:190} INFO - [2025-05-21T23:32:20.765+0000] {dagbag.py:588} INFO - Filling up the DagBag from /home/airflow/.local/lib/python3.12/site-packages/airflow/example_dags/example_dag_decorator.py
[2025-05-21T23:32:20.984+0000] {processor.py:925} INFO - DAG(s) 'example_dag_decorator' retrieved from /home/airflow/.local/lib/python3.12/site-packages/airflow/example_dags/example_dag_decorator.py
[2025-05-21T23:32:21.257+0000] {logging_mixin.py:190} INFO - [2025-05-21T23:32:21.256+0000] {dag.py:3239} INFO - Sync 1 DAGs
[2025-05-21T23:32:21.289+0000] {logging_mixin.py:190} INFO - [2025-05-21T23:32:21.288+0000] {dag.py:4180} INFO - Setting next_dagrun for example_dag_decorator to None, run_after=None
[2025-05-21T23:32:21.338+0000] {processor.py:208} INFO - Processing /home/airflow/.local/lib/python3.12/site-packages/airflow/example_dags/example_dag_decorator.py took 0.595 seconds
[2025-05-21T23:32:51.524+0000] {processor.py:186} INFO - Started process (PID=2317) to work on /home/airflow/.local/lib/python3.12/site-packages/airflow/example_dags/example_dag_decorator.py
[2025-05-21T23:32:51.526+0000] {processor.py:914} INFO - Processing file /home/airflow/.local/lib/python3.12/site-packages/airflow/example_dags/example_dag_decorator.py for tasks to queue
[2025-05-21T23:32:51.531+0000] {logging_mixin.py:190} INFO - [2025-05-21T23:32:51.531+0000] {dagbag.py:588} INFO - Filling up the DagBag from /home/airflow/.local/lib/python3.12/site-packages/airflow/example_dags/example_dag_decorator.py
[2025-05-21T23:32:51.749+0000] {processor.py:925} INFO - DAG(s) 'example_dag_decorator' retrieved from /home/airflow/.local/lib/python3.12/site-packages/airflow/example_dags/example_dag_decorator.py
[2025-05-21T23:32:52.004+0000] {logging_mixin.py:190} INFO - [2025-05-21T23:32:52.003+0000] {dag.py:3239} INFO - Sync 1 DAGs
[2025-05-21T23:32:52.032+0000] {logging_mixin.py:190} INFO - [2025-05-21T23:32:52.032+0000] {dag.py:4180} INFO - Setting next_dagrun for example_dag_decorator to None, run_after=None
[2025-05-21T23:32:52.091+0000] {processor.py:208} INFO - Processing /home/airflow/.local/lib/python3.12/site-packages/airflow/example_dags/example_dag_decorator.py took 0.579 seconds
[2025-05-21T23:33:22.881+0000] {processor.py:186} INFO - Started process (PID=2383) to work on /home/airflow/.local/lib/python3.12/site-packages/airflow/example_dags/example_dag_decorator.py
[2025-05-21T23:33:22.883+0000] {processor.py:914} INFO - Processing file /home/airflow/.local/lib/python3.12/site-packages/airflow/example_dags/example_dag_decorator.py for tasks to queue
[2025-05-21T23:33:22.888+0000] {logging_mixin.py:190} INFO - [2025-05-21T23:33:22.887+0000] {dagbag.py:588} INFO - Filling up the DagBag from /home/airflow/.local/lib/python3.12/site-packages/airflow/example_dags/example_dag_decorator.py
[2025-05-21T23:33:23.101+0000] {processor.py:925} INFO - DAG(s) 'example_dag_decorator' retrieved from /home/airflow/.local/lib/python3.12/site-packages/airflow/example_dags/example_dag_decorator.py
[2025-05-21T23:33:23.360+0000] {logging_mixin.py:190} INFO - [2025-05-21T23:33:23.359+0000] {dag.py:3239} INFO - Sync 1 DAGs
[2025-05-21T23:33:23.386+0000] {logging_mixin.py:190} INFO - [2025-05-21T23:33:23.385+0000] {dag.py:4180} INFO - Setting next_dagrun for example_dag_decorator to None, run_after=None
[2025-05-21T23:33:23.489+0000] {processor.py:208} INFO - Processing /home/airflow/.local/lib/python3.12/site-packages/airflow/example_dags/example_dag_decorator.py took 0.619 seconds
[2025-05-21T23:33:53.713+0000] {processor.py:186} INFO - Started process (PID=2449) to work on /home/airflow/.local/lib/python3.12/site-packages/airflow/example_dags/example_dag_decorator.py
[2025-05-21T23:33:53.715+0000] {processor.py:914} INFO - Processing file /home/airflow/.local/lib/python3.12/site-packages/airflow/example_dags/example_dag_decorator.py for tasks to queue
[2025-05-21T23:33:53.720+0000] {logging_mixin.py:190} INFO - [2025-05-21T23:33:53.720+0000] {dagbag.py:588} INFO - Filling up the DagBag from /home/airflow/.local/lib/python3.12/site-packages/airflow/example_dags/example_dag_decorator.py
[2025-05-21T23:33:53.921+0000] {processor.py:925} INFO - DAG(s) 'example_dag_decorator' retrieved from /home/airflow/.local/lib/python3.12/site-packages/airflow/example_dags/example_dag_decorator.py
[2025-05-21T23:33:54.188+0000] {logging_mixin.py:190} INFO - [2025-05-21T23:33:54.187+0000] {dag.py:3239} INFO - Sync 1 DAGs
[2025-05-21T23:33:54.215+0000] {logging_mixin.py:190} INFO - [2025-05-21T23:33:54.214+0000] {dag.py:4180} INFO - Setting next_dagrun for example_dag_decorator to None, run_after=None
[2025-05-21T23:33:54.318+0000] {processor.py:208} INFO - Processing /home/airflow/.local/lib/python3.12/site-packages/airflow/example_dags/example_dag_decorator.py took 0.620 seconds
[2025-05-21T23:34:24.614+0000] {processor.py:186} INFO - Started process (PID=2515) to work on /home/airflow/.local/lib/python3.12/site-packages/airflow/example_dags/example_dag_decorator.py
[2025-05-21T23:34:24.617+0000] {processor.py:914} INFO - Processing file /home/airflow/.local/lib/python3.12/site-packages/airflow/example_dags/example_dag_decorator.py for tasks to queue
[2025-05-21T23:34:24.628+0000] {logging_mixin.py:190} INFO - [2025-05-21T23:34:24.627+0000] {dagbag.py:588} INFO - Filling up the DagBag from /home/airflow/.local/lib/python3.12/site-packages/airflow/example_dags/example_dag_decorator.py
[2025-05-21T23:34:24.932+0000] {processor.py:925} INFO - DAG(s) 'example_dag_decorator' retrieved from /home/airflow/.local/lib/python3.12/site-packages/airflow/example_dags/example_dag_decorator.py
[2025-05-21T23:34:25.163+0000] {logging_mixin.py:190} INFO - [2025-05-21T23:34:25.163+0000] {dag.py:3239} INFO - Sync 1 DAGs
[2025-05-21T23:34:25.189+0000] {logging_mixin.py:190} INFO - [2025-05-21T23:34:25.188+0000] {dag.py:4180} INFO - Setting next_dagrun for example_dag_decorator to None, run_after=None
[2025-05-21T23:34:25.291+0000] {processor.py:208} INFO - Processing /home/airflow/.local/lib/python3.12/site-packages/airflow/example_dags/example_dag_decorator.py took 0.703 seconds
[2025-05-21T23:34:55.722+0000] {processor.py:186} INFO - Started process (PID=2581) to work on /home/airflow/.local/lib/python3.12/site-packages/airflow/example_dags/example_dag_decorator.py
[2025-05-21T23:34:55.724+0000] {processor.py:914} INFO - Processing file /home/airflow/.local/lib/python3.12/site-packages/airflow/example_dags/example_dag_decorator.py for tasks to queue
[2025-05-21T23:34:55.730+0000] {logging_mixin.py:190} INFO - [2025-05-21T23:34:55.729+0000] {dagbag.py:588} INFO - Filling up the DagBag from /home/airflow/.local/lib/python3.12/site-packages/airflow/example_dags/example_dag_decorator.py
[2025-05-21T23:34:55.977+0000] {processor.py:925} INFO - DAG(s) 'example_dag_decorator' retrieved from /home/airflow/.local/lib/python3.12/site-packages/airflow/example_dags/example_dag_decorator.py
[2025-05-21T23:34:56.243+0000] {logging_mixin.py:190} INFO - [2025-05-21T23:34:56.242+0000] {dag.py:3239} INFO - Sync 1 DAGs
[2025-05-21T23:34:56.278+0000] {logging_mixin.py:190} INFO - [2025-05-21T23:34:56.277+0000] {dag.py:4180} INFO - Setting next_dagrun for example_dag_decorator to None, run_after=None
[2025-05-21T23:34:56.396+0000] {processor.py:208} INFO - Processing /home/airflow/.local/lib/python3.12/site-packages/airflow/example_dags/example_dag_decorator.py took 0.685 seconds
[2025-05-21T23:35:27.008+0000] {processor.py:186} INFO - Started process (PID=2646) to work on /home/airflow/.local/lib/python3.12/site-packages/airflow/example_dags/example_dag_decorator.py
[2025-05-21T23:35:27.011+0000] {processor.py:914} INFO - Processing file /home/airflow/.local/lib/python3.12/site-packages/airflow/example_dags/example_dag_decorator.py for tasks to queue
[2025-05-21T23:35:27.018+0000] {logging_mixin.py:190} INFO - [2025-05-21T23:35:27.017+0000] {dagbag.py:588} INFO - Filling up the DagBag from /home/airflow/.local/lib/python3.12/site-packages/airflow/example_dags/example_dag_decorator.py
[2025-05-21T23:35:27.274+0000] {processor.py:925} INFO - DAG(s) 'example_dag_decorator' retrieved from /home/airflow/.local/lib/python3.12/site-packages/airflow/example_dags/example_dag_decorator.py
[2025-05-21T23:35:27.562+0000] {logging_mixin.py:190} INFO - [2025-05-21T23:35:27.562+0000] {dag.py:3239} INFO - Sync 1 DAGs
[2025-05-21T23:35:27.595+0000] {logging_mixin.py:190} INFO - [2025-05-21T23:35:27.594+0000] {dag.py:4180} INFO - Setting next_dagrun for example_dag_decorator to None, run_after=None
[2025-05-21T23:35:27.726+0000] {processor.py:208} INFO - Processing /home/airflow/.local/lib/python3.12/site-packages/airflow/example_dags/example_dag_decorator.py took 0.730 seconds
[2025-05-21T23:35:58.515+0000] {processor.py:186} INFO - Started process (PID=2712) to work on /home/airflow/.local/lib/python3.12/site-packages/airflow/example_dags/example_dag_decorator.py
[2025-05-21T23:35:58.517+0000] {processor.py:914} INFO - Processing file /home/airflow/.local/lib/python3.12/site-packages/airflow/example_dags/example_dag_decorator.py for tasks to queue
[2025-05-21T23:35:58.522+0000] {logging_mixin.py:190} INFO - [2025-05-21T23:35:58.521+0000] {dagbag.py:588} INFO - Filling up the DagBag from /home/airflow/.local/lib/python3.12/site-packages/airflow/example_dags/example_dag_decorator.py
[2025-05-21T23:35:58.736+0000] {processor.py:925} INFO - DAG(s) 'example_dag_decorator' retrieved from /home/airflow/.local/lib/python3.12/site-packages/airflow/example_dags/example_dag_decorator.py
[2025-05-21T23:35:58.961+0000] {logging_mixin.py:190} INFO - [2025-05-21T23:35:58.960+0000] {dag.py:3239} INFO - Sync 1 DAGs
[2025-05-21T23:35:58.987+0000] {logging_mixin.py:190} INFO - [2025-05-21T23:35:58.987+0000] {dag.py:4180} INFO - Setting next_dagrun for example_dag_decorator to None, run_after=None
[2025-05-21T23:35:59.092+0000] {processor.py:208} INFO - Processing /home/airflow/.local/lib/python3.12/site-packages/airflow/example_dags/example_dag_decorator.py took 0.590 seconds
[2025-05-21T23:36:30.048+0000] {processor.py:186} INFO - Started process (PID=2778) to work on /home/airflow/.local/lib/python3.12/site-packages/airflow/example_dags/example_dag_decorator.py
[2025-05-21T23:36:30.050+0000] {processor.py:914} INFO - Processing file /home/airflow/.local/lib/python3.12/site-packages/airflow/example_dags/example_dag_decorator.py for tasks to queue
[2025-05-21T23:36:30.057+0000] {logging_mixin.py:190} INFO - [2025-05-21T23:36:30.056+0000] {dagbag.py:588} INFO - Filling up the DagBag from /home/airflow/.local/lib/python3.12/site-packages/airflow/example_dags/example_dag_decorator.py
[2025-05-21T23:36:30.294+0000] {processor.py:925} INFO - DAG(s) 'example_dag_decorator' retrieved from /home/airflow/.local/lib/python3.12/site-packages/airflow/example_dags/example_dag_decorator.py
[2025-05-21T23:36:30.575+0000] {logging_mixin.py:190} INFO - [2025-05-21T23:36:30.574+0000] {dag.py:3239} INFO - Sync 1 DAGs
[2025-05-21T23:36:30.601+0000] {logging_mixin.py:190} INFO - [2025-05-21T23:36:30.600+0000] {dag.py:4180} INFO - Setting next_dagrun for example_dag_decorator to None, run_after=None
[2025-05-21T23:36:30.641+0000] {processor.py:208} INFO - Processing /home/airflow/.local/lib/python3.12/site-packages/airflow/example_dags/example_dag_decorator.py took 0.605 seconds
[2025-05-21T23:37:00.785+0000] {processor.py:186} INFO - Started process (PID=2844) to work on /home/airflow/.local/lib/python3.12/site-packages/airflow/example_dags/example_dag_decorator.py
[2025-05-21T23:37:00.788+0000] {processor.py:914} INFO - Processing file /home/airflow/.local/lib/python3.12/site-packages/airflow/example_dags/example_dag_decorator.py for tasks to queue
[2025-05-21T23:37:00.795+0000] {logging_mixin.py:190} INFO - [2025-05-21T23:37:00.794+0000] {dagbag.py:588} INFO - Filling up the DagBag from /home/airflow/.local/lib/python3.12/site-packages/airflow/example_dags/example_dag_decorator.py
[2025-05-21T23:37:01.026+0000] {processor.py:925} INFO - DAG(s) 'example_dag_decorator' retrieved from /home/airflow/.local/lib/python3.12/site-packages/airflow/example_dags/example_dag_decorator.py
[2025-05-21T23:37:01.257+0000] {logging_mixin.py:190} INFO - [2025-05-21T23:37:01.256+0000] {dag.py:3239} INFO - Sync 1 DAGs
[2025-05-21T23:37:01.282+0000] {logging_mixin.py:190} INFO - [2025-05-21T23:37:01.282+0000] {dag.py:4180} INFO - Setting next_dagrun for example_dag_decorator to None, run_after=None
[2025-05-21T23:37:01.333+0000] {processor.py:208} INFO - Processing /home/airflow/.local/lib/python3.12/site-packages/airflow/example_dags/example_dag_decorator.py took 0.560 seconds
[2025-05-21T23:37:31.502+0000] {processor.py:186} INFO - Started process (PID=2910) to work on /home/airflow/.local/lib/python3.12/site-packages/airflow/example_dags/example_dag_decorator.py
[2025-05-21T23:37:31.504+0000] {processor.py:914} INFO - Processing file /home/airflow/.local/lib/python3.12/site-packages/airflow/example_dags/example_dag_decorator.py for tasks to queue
[2025-05-21T23:37:31.510+0000] {logging_mixin.py:190} INFO - [2025-05-21T23:37:31.509+0000] {dagbag.py:588} INFO - Filling up the DagBag from /home/airflow/.local/lib/python3.12/site-packages/airflow/example_dags/example_dag_decorator.py
[2025-05-21T23:37:31.847+0000] {processor.py:925} INFO - DAG(s) 'example_dag_decorator' retrieved from /home/airflow/.local/lib/python3.12/site-packages/airflow/example_dags/example_dag_decorator.py
[2025-05-21T23:37:32.162+0000] {logging_mixin.py:190} INFO - [2025-05-21T23:37:32.162+0000] {dag.py:3239} INFO - Sync 1 DAGs
[2025-05-21T23:37:33.723+0000] {logging_mixin.py:190} WARNING - Exception ignored in: <function WeakKeyDictionary.__init__.<locals>.remove at 0x7f252cddb060>
[2025-05-21T23:37:33.725+0000] {logging_mixin.py:190} WARNING - Traceback (most recent call last):
[2025-05-21T23:37:33.726+0000] {logging_mixin.py:190} WARNING -   File "/usr/local/lib/python3.12/weakref.py", line 369, in remove
[2025-05-21T23:37:33.727+0000] {logging_mixin.py:190} WARNING -     def remove(k, selfref=ref(self)):
[2025-05-21T23:37:33.728+0000] {logging_mixin.py:190} WARNING -   File "/home/airflow/.local/lib/python3.12/site-packages/airflow/dag_processing/manager.py", line 466, in _exit_gracefully
[2025-05-21T23:37:33.729+0000] {logging_mixin.py:190} WARNING -     self.log.debug("Current Stacktrace is: %s", "\n".join(map(str, inspect.stack())))
[2025-05-21T23:37:33.731+0000] {logging_mixin.py:190} WARNING -                                                                    ^^^^^^^^^^^^^^^
[2025-05-21T23:37:33.731+0000] {logging_mixin.py:190} WARNING -   File "/usr/local/lib/python3.12/inspect.py", line 1781, in stack
[2025-05-21T23:37:33.733+0000] {logging_mixin.py:190} WARNING -     return getouterframes(sys._getframe(1), context)
[2025-05-21T23:37:33.734+0000] {logging_mixin.py:190} WARNING -            ^^^^^^^^^^^^^^^^^^^^^^^^^^^^^^^^^^^^^^^^^
[2025-05-21T23:37:33.735+0000] {logging_mixin.py:190} WARNING -   File "/usr/local/lib/python3.12/inspect.py", line 1756, in getouterframes
[2025-05-21T23:37:33.737+0000] {logging_mixin.py:190} WARNING -     traceback_info = getframeinfo(frame, context)
[2025-05-21T23:37:33.738+0000] {logging_mixin.py:190} WARNING -                      ^^^^^^^^^^^^^^^^^^^^^^^^^^^^
[2025-05-21T23:37:33.739+0000] {logging_mixin.py:190} WARNING -   File "/usr/local/lib/python3.12/inspect.py", line 1718, in getframeinfo
[2025-05-21T23:37:33.741+0000] {logging_mixin.py:190} WARNING -     lines, lnum = findsource(frame)
[2025-05-21T23:37:33.743+0000] {logging_mixin.py:190} WARNING -                   ^^^^^^^^^^^^^^^^^
[2025-05-21T23:37:33.744+0000] {logging_mixin.py:190} WARNING -   File "/usr/local/lib/python3.12/inspect.py", line 1090, in findsource
[2025-05-21T23:37:33.745+0000] {logging_mixin.py:190} WARNING -     module = getmodule(object, file)
[2025-05-21T23:37:33.746+0000] {logging_mixin.py:190} WARNING -              ^^^^^^^^^^^^^^^^^^^^^^^
[2025-05-21T23:37:33.747+0000] {logging_mixin.py:190} WARNING -   File "/usr/local/lib/python3.12/inspect.py", line 1016, in getmodule
[2025-05-21T23:37:33.748+0000] {logging_mixin.py:190} WARNING -     os.path.realpath(f)] = module.__name__
[2025-05-21T23:37:33.749+0000] {logging_mixin.py:190} WARNING -     ^^^^^^^^^^^^^^^^^^^
[2025-05-21T23:37:33.750+0000] {logging_mixin.py:190} WARNING -   File "<frozen posixpath>", line 427, in realpath
[2025-05-21T23:37:33.751+0000] {logging_mixin.py:190} WARNING -   File "<frozen posixpath>", line 462, in _joinrealpath
[2025-05-21T23:37:33.752+0000] {logging_mixin.py:190} WARNING -   File "/home/airflow/.local/lib/python3.12/site-packages/airflow/dag_processing/manager.py", line 470, in _exit_gracefully
[2025-05-21T23:37:33.753+0000] {logging_mixin.py:190} WARNING -     sys.exit(os.EX_OK)
[2025-05-21T23:37:33.754+0000] {logging_mixin.py:190} WARNING - SystemExit: 0
[2025-05-21T23:37:33.790+0000] {logging_mixin.py:190} INFO - [2025-05-21T23:37:33.790+0000] {dag.py:4180} INFO - Setting next_dagrun for example_dag_decorator to None, run_after=None
[2025-05-21T23:37:33.827+0000] {processor.py:208} INFO - Processing /home/airflow/.local/lib/python3.12/site-packages/airflow/example_dags/example_dag_decorator.py took 2.337 seconds
[2025-05-21T23:41:28.094+0000] {processor.py:186} INFO - Started process (PID=117) to work on /home/airflow/.local/lib/python3.12/site-packages/airflow/example_dags/example_dag_decorator.py
[2025-05-21T23:41:28.096+0000] {processor.py:914} INFO - Processing file /home/airflow/.local/lib/python3.12/site-packages/airflow/example_dags/example_dag_decorator.py for tasks to queue
[2025-05-21T23:41:28.101+0000] {logging_mixin.py:190} INFO - [2025-05-21T23:41:28.101+0000] {dagbag.py:588} INFO - Filling up the DagBag from /home/airflow/.local/lib/python3.12/site-packages/airflow/example_dags/example_dag_decorator.py
[2025-05-21T23:41:28.956+0000] {processor.py:925} INFO - DAG(s) 'example_dag_decorator' retrieved from /home/airflow/.local/lib/python3.12/site-packages/airflow/example_dags/example_dag_decorator.py
[2025-05-21T23:41:29.223+0000] {logging_mixin.py:190} INFO - [2025-05-21T23:41:29.222+0000] {override.py:1930} INFO - Created Permission View: can read on DAG:example_dag_decorator
[2025-05-21T23:41:29.248+0000] {logging_mixin.py:190} INFO - [2025-05-21T23:41:29.247+0000] {override.py:1930} INFO - Created Permission View: can delete on DAG:example_dag_decorator
[2025-05-21T23:41:29.266+0000] {logging_mixin.py:190} INFO - [2025-05-21T23:41:29.265+0000] {override.py:1930} INFO - Created Permission View: can edit on DAG:example_dag_decorator
[2025-05-21T23:41:29.287+0000] {logging_mixin.py:190} INFO - [2025-05-21T23:41:29.286+0000] {override.py:1930} INFO - Created Permission View: can read on DAG Run:example_dag_decorator
[2025-05-21T23:41:29.309+0000] {logging_mixin.py:190} INFO - [2025-05-21T23:41:29.308+0000] {override.py:1930} INFO - Created Permission View: can delete on DAG Run:example_dag_decorator
[2025-05-21T23:41:29.329+0000] {logging_mixin.py:190} INFO - [2025-05-21T23:41:29.328+0000] {override.py:1930} INFO - Created Permission View: menu access on DAG Run:example_dag_decorator
[2025-05-21T23:41:29.346+0000] {logging_mixin.py:190} INFO - [2025-05-21T23:41:29.345+0000] {override.py:1930} INFO - Created Permission View: can create on DAG Run:example_dag_decorator
[2025-05-21T23:41:29.347+0000] {logging_mixin.py:190} INFO - [2025-05-21T23:41:29.347+0000] {dag.py:3239} INFO - Sync 1 DAGs
[2025-05-21T23:41:29.376+0000] {logging_mixin.py:190} INFO - [2025-05-21T23:41:29.375+0000] {dag.py:3262} INFO - Creating ORM DAG for example_dag_decorator
[2025-05-21T23:41:29.378+0000] {logging_mixin.py:190} INFO - [2025-05-21T23:41:29.377+0000] {dag.py:4180} INFO - Setting next_dagrun for example_dag_decorator to None, run_after=None
[2025-05-21T23:41:29.418+0000] {processor.py:208} INFO - Processing /home/airflow/.local/lib/python3.12/site-packages/airflow/example_dags/example_dag_decorator.py took 1.335 seconds
[2025-05-21T23:41:59.534+0000] {processor.py:186} INFO - Started process (PID=184) to work on /home/airflow/.local/lib/python3.12/site-packages/airflow/example_dags/example_dag_decorator.py
[2025-05-21T23:41:59.536+0000] {processor.py:914} INFO - Processing file /home/airflow/.local/lib/python3.12/site-packages/airflow/example_dags/example_dag_decorator.py for tasks to queue
[2025-05-21T23:41:59.541+0000] {logging_mixin.py:190} INFO - [2025-05-21T23:41:59.540+0000] {dagbag.py:588} INFO - Filling up the DagBag from /home/airflow/.local/lib/python3.12/site-packages/airflow/example_dags/example_dag_decorator.py
[2025-05-21T23:41:59.782+0000] {processor.py:925} INFO - DAG(s) 'example_dag_decorator' retrieved from /home/airflow/.local/lib/python3.12/site-packages/airflow/example_dags/example_dag_decorator.py
[2025-05-21T23:42:00.086+0000] {logging_mixin.py:190} INFO - [2025-05-21T23:42:00.085+0000] {dag.py:3239} INFO - Sync 1 DAGs
[2025-05-21T23:42:00.113+0000] {logging_mixin.py:190} INFO - [2025-05-21T23:42:00.112+0000] {dag.py:4180} INFO - Setting next_dagrun for example_dag_decorator to None, run_after=None
[2025-05-21T23:42:00.163+0000] {processor.py:208} INFO - Processing /home/airflow/.local/lib/python3.12/site-packages/airflow/example_dags/example_dag_decorator.py took 0.642 seconds
[2025-05-21T23:42:30.598+0000] {processor.py:186} INFO - Started process (PID=250) to work on /home/airflow/.local/lib/python3.12/site-packages/airflow/example_dags/example_dag_decorator.py
[2025-05-21T23:42:30.600+0000] {processor.py:914} INFO - Processing file /home/airflow/.local/lib/python3.12/site-packages/airflow/example_dags/example_dag_decorator.py for tasks to queue
[2025-05-21T23:42:30.605+0000] {logging_mixin.py:190} INFO - [2025-05-21T23:42:30.604+0000] {dagbag.py:588} INFO - Filling up the DagBag from /home/airflow/.local/lib/python3.12/site-packages/airflow/example_dags/example_dag_decorator.py
[2025-05-21T23:42:30.835+0000] {processor.py:925} INFO - DAG(s) 'example_dag_decorator' retrieved from /home/airflow/.local/lib/python3.12/site-packages/airflow/example_dags/example_dag_decorator.py
[2025-05-21T23:42:31.109+0000] {logging_mixin.py:190} INFO - [2025-05-21T23:42:31.108+0000] {dag.py:3239} INFO - Sync 1 DAGs
[2025-05-21T23:42:31.144+0000] {logging_mixin.py:190} INFO - [2025-05-21T23:42:31.143+0000] {dag.py:4180} INFO - Setting next_dagrun for example_dag_decorator to None, run_after=None
[2025-05-21T23:42:31.192+0000] {processor.py:208} INFO - Processing /home/airflow/.local/lib/python3.12/site-packages/airflow/example_dags/example_dag_decorator.py took 0.605 seconds
[2025-05-21T23:43:01.953+0000] {processor.py:186} INFO - Started process (PID=315) to work on /home/airflow/.local/lib/python3.12/site-packages/airflow/example_dags/example_dag_decorator.py
[2025-05-21T23:43:01.956+0000] {processor.py:914} INFO - Processing file /home/airflow/.local/lib/python3.12/site-packages/airflow/example_dags/example_dag_decorator.py for tasks to queue
[2025-05-21T23:43:01.962+0000] {logging_mixin.py:190} INFO - [2025-05-21T23:43:01.961+0000] {dagbag.py:588} INFO - Filling up the DagBag from /home/airflow/.local/lib/python3.12/site-packages/airflow/example_dags/example_dag_decorator.py
[2025-05-21T23:43:02.216+0000] {processor.py:925} INFO - DAG(s) 'example_dag_decorator' retrieved from /home/airflow/.local/lib/python3.12/site-packages/airflow/example_dags/example_dag_decorator.py
[2025-05-21T23:43:02.505+0000] {logging_mixin.py:190} INFO - [2025-05-21T23:43:02.504+0000] {dag.py:3239} INFO - Sync 1 DAGs
[2025-05-21T23:43:02.538+0000] {logging_mixin.py:190} INFO - [2025-05-21T23:43:02.538+0000] {dag.py:4180} INFO - Setting next_dagrun for example_dag_decorator to None, run_after=None
[2025-05-21T23:43:02.617+0000] {processor.py:208} INFO - Processing /home/airflow/.local/lib/python3.12/site-packages/airflow/example_dags/example_dag_decorator.py took 0.681 seconds
[2025-05-21T23:43:32.834+0000] {processor.py:186} INFO - Started process (PID=383) to work on /home/airflow/.local/lib/python3.12/site-packages/airflow/example_dags/example_dag_decorator.py
[2025-05-21T23:43:32.836+0000] {processor.py:914} INFO - Processing file /home/airflow/.local/lib/python3.12/site-packages/airflow/example_dags/example_dag_decorator.py for tasks to queue
[2025-05-21T23:43:32.840+0000] {logging_mixin.py:190} INFO - [2025-05-21T23:43:32.840+0000] {dagbag.py:588} INFO - Filling up the DagBag from /home/airflow/.local/lib/python3.12/site-packages/airflow/example_dags/example_dag_decorator.py
[2025-05-21T23:43:33.085+0000] {processor.py:925} INFO - DAG(s) 'example_dag_decorator' retrieved from /home/airflow/.local/lib/python3.12/site-packages/airflow/example_dags/example_dag_decorator.py
[2025-05-21T23:43:33.346+0000] {logging_mixin.py:190} INFO - [2025-05-21T23:43:33.345+0000] {dag.py:3239} INFO - Sync 1 DAGs
[2025-05-21T23:43:33.394+0000] {logging_mixin.py:190} INFO - [2025-05-21T23:43:33.393+0000] {dag.py:4180} INFO - Setting next_dagrun for example_dag_decorator to None, run_after=None
[2025-05-21T23:43:33.468+0000] {processor.py:208} INFO - Processing /home/airflow/.local/lib/python3.12/site-packages/airflow/example_dags/example_dag_decorator.py took 0.644 seconds
[2025-05-21T23:44:04.036+0000] {processor.py:186} INFO - Started process (PID=449) to work on /home/airflow/.local/lib/python3.12/site-packages/airflow/example_dags/example_dag_decorator.py
[2025-05-21T23:44:04.038+0000] {processor.py:914} INFO - Processing file /home/airflow/.local/lib/python3.12/site-packages/airflow/example_dags/example_dag_decorator.py for tasks to queue
[2025-05-21T23:44:04.042+0000] {logging_mixin.py:190} INFO - [2025-05-21T23:44:04.042+0000] {dagbag.py:588} INFO - Filling up the DagBag from /home/airflow/.local/lib/python3.12/site-packages/airflow/example_dags/example_dag_decorator.py
[2025-05-21T23:44:04.276+0000] {processor.py:925} INFO - DAG(s) 'example_dag_decorator' retrieved from /home/airflow/.local/lib/python3.12/site-packages/airflow/example_dags/example_dag_decorator.py
[2025-05-21T23:44:04.545+0000] {logging_mixin.py:190} INFO - [2025-05-21T23:44:04.544+0000] {dag.py:3239} INFO - Sync 1 DAGs
[2025-05-21T23:44:04.579+0000] {logging_mixin.py:190} INFO - [2025-05-21T23:44:04.579+0000] {dag.py:4180} INFO - Setting next_dagrun for example_dag_decorator to None, run_after=None
[2025-05-21T23:44:04.623+0000] {processor.py:208} INFO - Processing /home/airflow/.local/lib/python3.12/site-packages/airflow/example_dags/example_dag_decorator.py took 0.597 seconds
[2025-05-21T23:44:35.252+0000] {processor.py:186} INFO - Started process (PID=515) to work on /home/airflow/.local/lib/python3.12/site-packages/airflow/example_dags/example_dag_decorator.py
[2025-05-21T23:44:35.253+0000] {processor.py:914} INFO - Processing file /home/airflow/.local/lib/python3.12/site-packages/airflow/example_dags/example_dag_decorator.py for tasks to queue
[2025-05-21T23:44:35.258+0000] {logging_mixin.py:190} INFO - [2025-05-21T23:44:35.257+0000] {dagbag.py:588} INFO - Filling up the DagBag from /home/airflow/.local/lib/python3.12/site-packages/airflow/example_dags/example_dag_decorator.py
[2025-05-21T23:44:35.484+0000] {processor.py:925} INFO - DAG(s) 'example_dag_decorator' retrieved from /home/airflow/.local/lib/python3.12/site-packages/airflow/example_dags/example_dag_decorator.py
[2025-05-21T23:44:35.742+0000] {logging_mixin.py:190} INFO - [2025-05-21T23:44:35.741+0000] {dag.py:3239} INFO - Sync 1 DAGs
[2025-05-21T23:44:35.779+0000] {logging_mixin.py:190} INFO - [2025-05-21T23:44:35.779+0000] {dag.py:4180} INFO - Setting next_dagrun for example_dag_decorator to None, run_after=None
[2025-05-21T23:44:35.819+0000] {processor.py:208} INFO - Processing /home/airflow/.local/lib/python3.12/site-packages/airflow/example_dags/example_dag_decorator.py took 0.579 seconds
