[2025-05-21T23:15:54.873+0000] {processor.py:186} INFO - Started process (PID=130) to work on /home/airflow/.local/lib/python3.12/site-packages/airflow/example_dags/example_bash_operator.py
[2025-05-21T23:15:54.876+0000] {processor.py:914} INFO - Processing file /home/airflow/.local/lib/python3.12/site-packages/airflow/example_dags/example_bash_operator.py for tasks to queue
[2025-05-21T23:15:54.880+0000] {logging_mixin.py:190} INFO - [2025-05-21T23:15:54.880+0000] {dagbag.py:588} INFO - Filling up the DagBag from /home/airflow/.local/lib/python3.12/site-packages/airflow/example_dags/example_bash_operator.py
[2025-05-21T23:15:54.911+0000] {processor.py:925} INFO - DAG(s) 'example_bash_operator' retrieved from /home/airflow/.local/lib/python3.12/site-packages/airflow/example_dags/example_bash_operator.py
[2025-05-21T23:15:55.217+0000] {logging_mixin.py:190} INFO - [2025-05-21T23:15:55.215+0000] {override.py:1930} INFO - Created Permission View: can delete on DAG:example_bash_operator
[2025-05-21T23:15:55.248+0000] {logging_mixin.py:190} INFO - [2025-05-21T23:15:55.247+0000] {override.py:1930} INFO - Created Permission View: can read on DAG:example_bash_operator
[2025-05-21T23:15:55.267+0000] {logging_mixin.py:190} INFO - [2025-05-21T23:15:55.266+0000] {override.py:1930} INFO - Created Permission View: can edit on DAG:example_bash_operator
[2025-05-21T23:15:55.289+0000] {logging_mixin.py:190} INFO - [2025-05-21T23:15:55.288+0000] {override.py:1930} INFO - Created Permission View: can delete on DAG Run:example_bash_operator
[2025-05-21T23:15:55.306+0000] {logging_mixin.py:190} INFO - [2025-05-21T23:15:55.305+0000] {override.py:1930} INFO - Created Permission View: can read on DAG Run:example_bash_operator
[2025-05-21T23:15:55.323+0000] {logging_mixin.py:190} INFO - [2025-05-21T23:15:55.322+0000] {override.py:1930} INFO - Created Permission View: menu access on DAG Run:example_bash_operator
[2025-05-21T23:15:55.340+0000] {logging_mixin.py:190} INFO - [2025-05-21T23:15:55.339+0000] {override.py:1930} INFO - Created Permission View: can create on DAG Run:example_bash_operator
[2025-05-21T23:15:55.342+0000] {logging_mixin.py:190} INFO - [2025-05-21T23:15:55.341+0000] {dag.py:3239} INFO - Sync 1 DAGs
[2025-05-21T23:15:55.370+0000] {logging_mixin.py:190} INFO - [2025-05-21T23:15:55.370+0000] {dag.py:3262} INFO - Creating ORM DAG for example_bash_operator
[2025-05-21T23:15:55.400+0000] {logging_mixin.py:190} INFO - [2025-05-21T23:15:55.399+0000] {dag.py:4180} INFO - Setting next_dagrun for example_bash_operator to 2025-05-20 00:00:00+00:00, run_after=2025-05-21 00:00:00+00:00
[2025-05-21T23:15:55.439+0000] {processor.py:208} INFO - Processing /home/airflow/.local/lib/python3.12/site-packages/airflow/example_dags/example_bash_operator.py took 0.577 seconds
[2025-05-21T23:16:25.617+0000] {processor.py:186} INFO - Started process (PID=196) to work on /home/airflow/.local/lib/python3.12/site-packages/airflow/example_dags/example_bash_operator.py
[2025-05-21T23:16:25.620+0000] {processor.py:914} INFO - Processing file /home/airflow/.local/lib/python3.12/site-packages/airflow/example_dags/example_bash_operator.py for tasks to queue
[2025-05-21T23:16:25.624+0000] {logging_mixin.py:190} INFO - [2025-05-21T23:16:25.623+0000] {dagbag.py:588} INFO - Filling up the DagBag from /home/airflow/.local/lib/python3.12/site-packages/airflow/example_dags/example_bash_operator.py
[2025-05-21T23:16:25.653+0000] {processor.py:925} INFO - DAG(s) 'example_bash_operator' retrieved from /home/airflow/.local/lib/python3.12/site-packages/airflow/example_dags/example_bash_operator.py
[2025-05-21T23:16:25.720+0000] {logging_mixin.py:190} INFO - [2025-05-21T23:16:25.719+0000] {dag.py:3239} INFO - Sync 1 DAGs
[2025-05-21T23:16:25.776+0000] {logging_mixin.py:190} INFO - [2025-05-21T23:16:25.776+0000] {dag.py:4180} INFO - Setting next_dagrun for example_bash_operator to 2025-05-20 00:00:00+00:00, run_after=2025-05-21 00:00:00+00:00
[2025-05-21T23:16:25.815+0000] {processor.py:208} INFO - Processing /home/airflow/.local/lib/python3.12/site-packages/airflow/example_dags/example_bash_operator.py took 0.211 seconds
[2025-05-21T23:16:56.715+0000] {processor.py:186} INFO - Started process (PID=266) to work on /home/airflow/.local/lib/python3.12/site-packages/airflow/example_dags/example_bash_operator.py
[2025-05-21T23:16:56.717+0000] {processor.py:914} INFO - Processing file /home/airflow/.local/lib/python3.12/site-packages/airflow/example_dags/example_bash_operator.py for tasks to queue
[2025-05-21T23:16:56.721+0000] {logging_mixin.py:190} INFO - [2025-05-21T23:16:56.721+0000] {dagbag.py:588} INFO - Filling up the DagBag from /home/airflow/.local/lib/python3.12/site-packages/airflow/example_dags/example_bash_operator.py
[2025-05-21T23:16:56.761+0000] {processor.py:925} INFO - DAG(s) 'example_bash_operator' retrieved from /home/airflow/.local/lib/python3.12/site-packages/airflow/example_dags/example_bash_operator.py
[2025-05-21T23:16:56.836+0000] {logging_mixin.py:190} INFO - [2025-05-21T23:16:56.835+0000] {dag.py:3239} INFO - Sync 1 DAGs
[2025-05-21T23:16:56.897+0000] {logging_mixin.py:190} INFO - [2025-05-21T23:16:56.896+0000] {dag.py:4180} INFO - Setting next_dagrun for example_bash_operator to 2025-05-20 00:00:00+00:00, run_after=2025-05-21 00:00:00+00:00
[2025-05-21T23:16:56.949+0000] {processor.py:208} INFO - Processing /home/airflow/.local/lib/python3.12/site-packages/airflow/example_dags/example_bash_operator.py took 0.246 seconds
[2025-05-21T23:17:27.052+0000] {processor.py:186} INFO - Started process (PID=331) to work on /home/airflow/.local/lib/python3.12/site-packages/airflow/example_dags/example_bash_operator.py
[2025-05-21T23:17:27.054+0000] {processor.py:914} INFO - Processing file /home/airflow/.local/lib/python3.12/site-packages/airflow/example_dags/example_bash_operator.py for tasks to queue
[2025-05-21T23:17:27.060+0000] {logging_mixin.py:190} INFO - [2025-05-21T23:17:27.059+0000] {dagbag.py:588} INFO - Filling up the DagBag from /home/airflow/.local/lib/python3.12/site-packages/airflow/example_dags/example_bash_operator.py
[2025-05-21T23:17:27.093+0000] {processor.py:925} INFO - DAG(s) 'example_bash_operator' retrieved from /home/airflow/.local/lib/python3.12/site-packages/airflow/example_dags/example_bash_operator.py
[2025-05-21T23:17:27.168+0000] {logging_mixin.py:190} INFO - [2025-05-21T23:17:27.168+0000] {dag.py:3239} INFO - Sync 1 DAGs
[2025-05-21T23:17:27.233+0000] {logging_mixin.py:190} INFO - [2025-05-21T23:17:27.232+0000] {dag.py:4180} INFO - Setting next_dagrun for example_bash_operator to 2025-05-20 00:00:00+00:00, run_after=2025-05-21 00:00:00+00:00
[2025-05-21T23:17:27.276+0000] {processor.py:208} INFO - Processing /home/airflow/.local/lib/python3.12/site-packages/airflow/example_dags/example_bash_operator.py took 0.238 seconds
[2025-05-21T23:17:57.761+0000] {processor.py:186} INFO - Started process (PID=397) to work on /home/airflow/.local/lib/python3.12/site-packages/airflow/example_dags/example_bash_operator.py
[2025-05-21T23:17:57.763+0000] {processor.py:914} INFO - Processing file /home/airflow/.local/lib/python3.12/site-packages/airflow/example_dags/example_bash_operator.py for tasks to queue
[2025-05-21T23:17:57.768+0000] {logging_mixin.py:190} INFO - [2025-05-21T23:17:57.767+0000] {dagbag.py:588} INFO - Filling up the DagBag from /home/airflow/.local/lib/python3.12/site-packages/airflow/example_dags/example_bash_operator.py
[2025-05-21T23:17:57.796+0000] {processor.py:925} INFO - DAG(s) 'example_bash_operator' retrieved from /home/airflow/.local/lib/python3.12/site-packages/airflow/example_dags/example_bash_operator.py
[2025-05-21T23:17:57.855+0000] {logging_mixin.py:190} INFO - [2025-05-21T23:17:57.854+0000] {dag.py:3239} INFO - Sync 1 DAGs
[2025-05-21T23:17:57.912+0000] {logging_mixin.py:190} INFO - [2025-05-21T23:17:57.912+0000] {dag.py:4180} INFO - Setting next_dagrun for example_bash_operator to 2025-05-20 00:00:00+00:00, run_after=2025-05-21 00:00:00+00:00
[2025-05-21T23:17:57.961+0000] {processor.py:208} INFO - Processing /home/airflow/.local/lib/python3.12/site-packages/airflow/example_dags/example_bash_operator.py took 0.212 seconds
[2025-05-21T23:18:28.441+0000] {processor.py:186} INFO - Started process (PID=463) to work on /home/airflow/.local/lib/python3.12/site-packages/airflow/example_dags/example_bash_operator.py
[2025-05-21T23:18:28.444+0000] {processor.py:914} INFO - Processing file /home/airflow/.local/lib/python3.12/site-packages/airflow/example_dags/example_bash_operator.py for tasks to queue
[2025-05-21T23:18:28.448+0000] {logging_mixin.py:190} INFO - [2025-05-21T23:18:28.447+0000] {dagbag.py:588} INFO - Filling up the DagBag from /home/airflow/.local/lib/python3.12/site-packages/airflow/example_dags/example_bash_operator.py
[2025-05-21T23:18:28.483+0000] {processor.py:925} INFO - DAG(s) 'example_bash_operator' retrieved from /home/airflow/.local/lib/python3.12/site-packages/airflow/example_dags/example_bash_operator.py
[2025-05-21T23:18:28.549+0000] {logging_mixin.py:190} INFO - [2025-05-21T23:18:28.549+0000] {dag.py:3239} INFO - Sync 1 DAGs
[2025-05-21T23:18:28.613+0000] {logging_mixin.py:190} INFO - [2025-05-21T23:18:28.612+0000] {dag.py:4180} INFO - Setting next_dagrun for example_bash_operator to 2025-05-20 00:00:00+00:00, run_after=2025-05-21 00:00:00+00:00
[2025-05-21T23:18:28.731+0000] {processor.py:208} INFO - Processing /home/airflow/.local/lib/python3.12/site-packages/airflow/example_dags/example_bash_operator.py took 0.302 seconds
[2025-05-21T23:18:59.539+0000] {processor.py:186} INFO - Started process (PID=528) to work on /home/airflow/.local/lib/python3.12/site-packages/airflow/example_dags/example_bash_operator.py
[2025-05-21T23:18:59.542+0000] {processor.py:914} INFO - Processing file /home/airflow/.local/lib/python3.12/site-packages/airflow/example_dags/example_bash_operator.py for tasks to queue
[2025-05-21T23:18:59.547+0000] {logging_mixin.py:190} INFO - [2025-05-21T23:18:59.546+0000] {dagbag.py:588} INFO - Filling up the DagBag from /home/airflow/.local/lib/python3.12/site-packages/airflow/example_dags/example_bash_operator.py
[2025-05-21T23:18:59.578+0000] {processor.py:925} INFO - DAG(s) 'example_bash_operator' retrieved from /home/airflow/.local/lib/python3.12/site-packages/airflow/example_dags/example_bash_operator.py
[2025-05-21T23:18:59.637+0000] {logging_mixin.py:190} INFO - [2025-05-21T23:18:59.636+0000] {dag.py:3239} INFO - Sync 1 DAGs
[2025-05-21T23:18:59.692+0000] {logging_mixin.py:190} INFO - [2025-05-21T23:18:59.691+0000] {dag.py:4180} INFO - Setting next_dagrun for example_bash_operator to 2025-05-20 00:00:00+00:00, run_after=2025-05-21 00:00:00+00:00
[2025-05-21T23:18:59.736+0000] {processor.py:208} INFO - Processing /home/airflow/.local/lib/python3.12/site-packages/airflow/example_dags/example_bash_operator.py took 0.210 seconds
[2025-05-21T23:19:30.131+0000] {processor.py:186} INFO - Started process (PID=594) to work on /home/airflow/.local/lib/python3.12/site-packages/airflow/example_dags/example_bash_operator.py
[2025-05-21T23:19:30.133+0000] {processor.py:914} INFO - Processing file /home/airflow/.local/lib/python3.12/site-packages/airflow/example_dags/example_bash_operator.py for tasks to queue
[2025-05-21T23:19:30.137+0000] {logging_mixin.py:190} INFO - [2025-05-21T23:19:30.136+0000] {dagbag.py:588} INFO - Filling up the DagBag from /home/airflow/.local/lib/python3.12/site-packages/airflow/example_dags/example_bash_operator.py
[2025-05-21T23:19:30.161+0000] {processor.py:925} INFO - DAG(s) 'example_bash_operator' retrieved from /home/airflow/.local/lib/python3.12/site-packages/airflow/example_dags/example_bash_operator.py
[2025-05-21T23:19:30.223+0000] {logging_mixin.py:190} INFO - [2025-05-21T23:19:30.223+0000] {dag.py:3239} INFO - Sync 1 DAGs
[2025-05-21T23:19:30.289+0000] {logging_mixin.py:190} INFO - [2025-05-21T23:19:30.288+0000] {dag.py:4180} INFO - Setting next_dagrun for example_bash_operator to 2025-05-20 00:00:00+00:00, run_after=2025-05-21 00:00:00+00:00
[2025-05-21T23:19:30.334+0000] {processor.py:208} INFO - Processing /home/airflow/.local/lib/python3.12/site-packages/airflow/example_dags/example_bash_operator.py took 0.216 seconds
[2025-05-21T23:20:00.788+0000] {processor.py:186} INFO - Started process (PID=660) to work on /home/airflow/.local/lib/python3.12/site-packages/airflow/example_dags/example_bash_operator.py
[2025-05-21T23:20:00.790+0000] {processor.py:914} INFO - Processing file /home/airflow/.local/lib/python3.12/site-packages/airflow/example_dags/example_bash_operator.py for tasks to queue
[2025-05-21T23:20:00.795+0000] {logging_mixin.py:190} INFO - [2025-05-21T23:20:00.795+0000] {dagbag.py:588} INFO - Filling up the DagBag from /home/airflow/.local/lib/python3.12/site-packages/airflow/example_dags/example_bash_operator.py
[2025-05-21T23:20:00.824+0000] {processor.py:925} INFO - DAG(s) 'example_bash_operator' retrieved from /home/airflow/.local/lib/python3.12/site-packages/airflow/example_dags/example_bash_operator.py
[2025-05-21T23:20:00.891+0000] {logging_mixin.py:190} INFO - [2025-05-21T23:20:00.890+0000] {dag.py:3239} INFO - Sync 1 DAGs
[2025-05-21T23:20:00.946+0000] {logging_mixin.py:190} INFO - [2025-05-21T23:20:00.946+0000] {dag.py:4180} INFO - Setting next_dagrun for example_bash_operator to 2025-05-20 00:00:00+00:00, run_after=2025-05-21 00:00:00+00:00
[2025-05-21T23:20:01.003+0000] {processor.py:208} INFO - Processing /home/airflow/.local/lib/python3.12/site-packages/airflow/example_dags/example_bash_operator.py took 0.226 seconds
[2025-05-21T23:20:31.495+0000] {processor.py:186} INFO - Started process (PID=726) to work on /home/airflow/.local/lib/python3.12/site-packages/airflow/example_dags/example_bash_operator.py
[2025-05-21T23:20:31.497+0000] {processor.py:914} INFO - Processing file /home/airflow/.local/lib/python3.12/site-packages/airflow/example_dags/example_bash_operator.py for tasks to queue
[2025-05-21T23:20:31.502+0000] {logging_mixin.py:190} INFO - [2025-05-21T23:20:31.502+0000] {dagbag.py:588} INFO - Filling up the DagBag from /home/airflow/.local/lib/python3.12/site-packages/airflow/example_dags/example_bash_operator.py
[2025-05-21T23:20:31.530+0000] {processor.py:925} INFO - DAG(s) 'example_bash_operator' retrieved from /home/airflow/.local/lib/python3.12/site-packages/airflow/example_dags/example_bash_operator.py
[2025-05-21T23:20:31.596+0000] {logging_mixin.py:190} INFO - [2025-05-21T23:20:31.595+0000] {dag.py:3239} INFO - Sync 1 DAGs
[2025-05-21T23:20:31.649+0000] {logging_mixin.py:190} INFO - [2025-05-21T23:20:31.649+0000] {dag.py:4180} INFO - Setting next_dagrun for example_bash_operator to 2025-05-20 00:00:00+00:00, run_after=2025-05-21 00:00:00+00:00
[2025-05-21T23:20:31.705+0000] {processor.py:208} INFO - Processing /home/airflow/.local/lib/python3.12/site-packages/airflow/example_dags/example_bash_operator.py took 0.222 seconds
[2025-05-21T23:21:02.287+0000] {processor.py:186} INFO - Started process (PID=793) to work on /home/airflow/.local/lib/python3.12/site-packages/airflow/example_dags/example_bash_operator.py
[2025-05-21T23:21:02.289+0000] {processor.py:914} INFO - Processing file /home/airflow/.local/lib/python3.12/site-packages/airflow/example_dags/example_bash_operator.py for tasks to queue
[2025-05-21T23:21:02.293+0000] {logging_mixin.py:190} INFO - [2025-05-21T23:21:02.292+0000] {dagbag.py:588} INFO - Filling up the DagBag from /home/airflow/.local/lib/python3.12/site-packages/airflow/example_dags/example_bash_operator.py
[2025-05-21T23:21:02.321+0000] {processor.py:925} INFO - DAG(s) 'example_bash_operator' retrieved from /home/airflow/.local/lib/python3.12/site-packages/airflow/example_dags/example_bash_operator.py
[2025-05-21T23:21:02.386+0000] {logging_mixin.py:190} INFO - [2025-05-21T23:21:02.386+0000] {dag.py:3239} INFO - Sync 1 DAGs
[2025-05-21T23:21:02.445+0000] {logging_mixin.py:190} INFO - [2025-05-21T23:21:02.444+0000] {dag.py:4180} INFO - Setting next_dagrun for example_bash_operator to 2025-05-20 00:00:00+00:00, run_after=2025-05-21 00:00:00+00:00
[2025-05-21T23:21:02.482+0000] {processor.py:208} INFO - Processing /home/airflow/.local/lib/python3.12/site-packages/airflow/example_dags/example_bash_operator.py took 0.207 seconds
[2025-05-21T23:21:32.850+0000] {processor.py:186} INFO - Started process (PID=860) to work on /home/airflow/.local/lib/python3.12/site-packages/airflow/example_dags/example_bash_operator.py
[2025-05-21T23:21:32.852+0000] {processor.py:914} INFO - Processing file /home/airflow/.local/lib/python3.12/site-packages/airflow/example_dags/example_bash_operator.py for tasks to queue
[2025-05-21T23:21:32.858+0000] {logging_mixin.py:190} INFO - [2025-05-21T23:21:32.858+0000] {dagbag.py:588} INFO - Filling up the DagBag from /home/airflow/.local/lib/python3.12/site-packages/airflow/example_dags/example_bash_operator.py
[2025-05-21T23:21:32.890+0000] {processor.py:925} INFO - DAG(s) 'example_bash_operator' retrieved from /home/airflow/.local/lib/python3.12/site-packages/airflow/example_dags/example_bash_operator.py
[2025-05-21T23:21:32.956+0000] {logging_mixin.py:190} INFO - [2025-05-21T23:21:32.956+0000] {dag.py:3239} INFO - Sync 1 DAGs
[2025-05-21T23:21:33.032+0000] {logging_mixin.py:190} INFO - [2025-05-21T23:21:33.031+0000] {dag.py:4180} INFO - Setting next_dagrun for example_bash_operator to 2025-05-20 00:00:00+00:00, run_after=2025-05-21 00:00:00+00:00
[2025-05-21T23:21:33.073+0000] {processor.py:208} INFO - Processing /home/airflow/.local/lib/python3.12/site-packages/airflow/example_dags/example_bash_operator.py took 0.234 seconds
[2025-05-21T23:22:03.631+0000] {processor.py:186} INFO - Started process (PID=925) to work on /home/airflow/.local/lib/python3.12/site-packages/airflow/example_dags/example_bash_operator.py
[2025-05-21T23:22:03.633+0000] {processor.py:914} INFO - Processing file /home/airflow/.local/lib/python3.12/site-packages/airflow/example_dags/example_bash_operator.py for tasks to queue
[2025-05-21T23:22:03.638+0000] {logging_mixin.py:190} INFO - [2025-05-21T23:22:03.637+0000] {dagbag.py:588} INFO - Filling up the DagBag from /home/airflow/.local/lib/python3.12/site-packages/airflow/example_dags/example_bash_operator.py
[2025-05-21T23:22:03.668+0000] {processor.py:925} INFO - DAG(s) 'example_bash_operator' retrieved from /home/airflow/.local/lib/python3.12/site-packages/airflow/example_dags/example_bash_operator.py
[2025-05-21T23:22:03.742+0000] {logging_mixin.py:190} INFO - [2025-05-21T23:22:03.742+0000] {dag.py:3239} INFO - Sync 1 DAGs
[2025-05-21T23:22:03.800+0000] {logging_mixin.py:190} INFO - [2025-05-21T23:22:03.799+0000] {dag.py:4180} INFO - Setting next_dagrun for example_bash_operator to 2025-05-20 00:00:00+00:00, run_after=2025-05-21 00:00:00+00:00
[2025-05-21T23:22:03.911+0000] {processor.py:208} INFO - Processing /home/airflow/.local/lib/python3.12/site-packages/airflow/example_dags/example_bash_operator.py took 0.292 seconds
[2025-05-21T23:22:34.186+0000] {processor.py:186} INFO - Started process (PID=991) to work on /home/airflow/.local/lib/python3.12/site-packages/airflow/example_dags/example_bash_operator.py
[2025-05-21T23:22:34.188+0000] {processor.py:914} INFO - Processing file /home/airflow/.local/lib/python3.12/site-packages/airflow/example_dags/example_bash_operator.py for tasks to queue
[2025-05-21T23:22:34.193+0000] {logging_mixin.py:190} INFO - [2025-05-21T23:22:34.192+0000] {dagbag.py:588} INFO - Filling up the DagBag from /home/airflow/.local/lib/python3.12/site-packages/airflow/example_dags/example_bash_operator.py
[2025-05-21T23:22:34.232+0000] {processor.py:925} INFO - DAG(s) 'example_bash_operator' retrieved from /home/airflow/.local/lib/python3.12/site-packages/airflow/example_dags/example_bash_operator.py
[2025-05-21T23:22:34.315+0000] {logging_mixin.py:190} INFO - [2025-05-21T23:22:34.314+0000] {dag.py:3239} INFO - Sync 1 DAGs
[2025-05-21T23:22:34.386+0000] {logging_mixin.py:190} INFO - [2025-05-21T23:22:34.386+0000] {dag.py:4180} INFO - Setting next_dagrun for example_bash_operator to 2025-05-20 00:00:00+00:00, run_after=2025-05-21 00:00:00+00:00
[2025-05-21T23:22:34.495+0000] {processor.py:208} INFO - Processing /home/airflow/.local/lib/python3.12/site-packages/airflow/example_dags/example_bash_operator.py took 0.321 seconds
[2025-05-21T23:23:04.824+0000] {processor.py:186} INFO - Started process (PID=1056) to work on /home/airflow/.local/lib/python3.12/site-packages/airflow/example_dags/example_bash_operator.py
[2025-05-21T23:23:04.826+0000] {processor.py:914} INFO - Processing file /home/airflow/.local/lib/python3.12/site-packages/airflow/example_dags/example_bash_operator.py for tasks to queue
[2025-05-21T23:23:04.830+0000] {logging_mixin.py:190} INFO - [2025-05-21T23:23:04.830+0000] {dagbag.py:588} INFO - Filling up the DagBag from /home/airflow/.local/lib/python3.12/site-packages/airflow/example_dags/example_bash_operator.py
[2025-05-21T23:23:04.856+0000] {processor.py:925} INFO - DAG(s) 'example_bash_operator' retrieved from /home/airflow/.local/lib/python3.12/site-packages/airflow/example_dags/example_bash_operator.py
[2025-05-21T23:23:04.911+0000] {logging_mixin.py:190} INFO - [2025-05-21T23:23:04.911+0000] {dag.py:3239} INFO - Sync 1 DAGs
[2025-05-21T23:23:04.958+0000] {logging_mixin.py:190} INFO - [2025-05-21T23:23:04.958+0000] {dag.py:4180} INFO - Setting next_dagrun for example_bash_operator to 2025-05-20 00:00:00+00:00, run_after=2025-05-21 00:00:00+00:00
[2025-05-21T23:23:05.063+0000] {processor.py:208} INFO - Processing /home/airflow/.local/lib/python3.12/site-packages/airflow/example_dags/example_bash_operator.py took 0.251 seconds
[2025-05-21T23:23:35.410+0000] {processor.py:186} INFO - Started process (PID=1122) to work on /home/airflow/.local/lib/python3.12/site-packages/airflow/example_dags/example_bash_operator.py
[2025-05-21T23:23:35.413+0000] {processor.py:914} INFO - Processing file /home/airflow/.local/lib/python3.12/site-packages/airflow/example_dags/example_bash_operator.py for tasks to queue
[2025-05-21T23:23:35.419+0000] {logging_mixin.py:190} INFO - [2025-05-21T23:23:35.418+0000] {dagbag.py:588} INFO - Filling up the DagBag from /home/airflow/.local/lib/python3.12/site-packages/airflow/example_dags/example_bash_operator.py
[2025-05-21T23:23:35.455+0000] {processor.py:925} INFO - DAG(s) 'example_bash_operator' retrieved from /home/airflow/.local/lib/python3.12/site-packages/airflow/example_dags/example_bash_operator.py
[2025-05-21T23:23:35.517+0000] {logging_mixin.py:190} INFO - [2025-05-21T23:23:35.516+0000] {dag.py:3239} INFO - Sync 1 DAGs
[2025-05-21T23:23:35.567+0000] {logging_mixin.py:190} INFO - [2025-05-21T23:23:35.566+0000] {dag.py:4180} INFO - Setting next_dagrun for example_bash_operator to 2025-05-20 00:00:00+00:00, run_after=2025-05-21 00:00:00+00:00
[2025-05-21T23:23:35.679+0000] {processor.py:208} INFO - Processing /home/airflow/.local/lib/python3.12/site-packages/airflow/example_dags/example_bash_operator.py took 0.282 seconds
[2025-05-21T23:24:06.008+0000] {processor.py:186} INFO - Started process (PID=1188) to work on /home/airflow/.local/lib/python3.12/site-packages/airflow/example_dags/example_bash_operator.py
[2025-05-21T23:24:06.010+0000] {processor.py:914} INFO - Processing file /home/airflow/.local/lib/python3.12/site-packages/airflow/example_dags/example_bash_operator.py for tasks to queue
[2025-05-21T23:24:06.014+0000] {logging_mixin.py:190} INFO - [2025-05-21T23:24:06.013+0000] {dagbag.py:588} INFO - Filling up the DagBag from /home/airflow/.local/lib/python3.12/site-packages/airflow/example_dags/example_bash_operator.py
[2025-05-21T23:24:06.038+0000] {processor.py:925} INFO - DAG(s) 'example_bash_operator' retrieved from /home/airflow/.local/lib/python3.12/site-packages/airflow/example_dags/example_bash_operator.py
[2025-05-21T23:24:06.106+0000] {logging_mixin.py:190} INFO - [2025-05-21T23:24:06.105+0000] {dag.py:3239} INFO - Sync 1 DAGs
[2025-05-21T23:24:06.153+0000] {logging_mixin.py:190} INFO - [2025-05-21T23:24:06.153+0000] {dag.py:4180} INFO - Setting next_dagrun for example_bash_operator to 2025-05-20 00:00:00+00:00, run_after=2025-05-21 00:00:00+00:00
[2025-05-21T23:24:06.255+0000] {processor.py:208} INFO - Processing /home/airflow/.local/lib/python3.12/site-packages/airflow/example_dags/example_bash_operator.py took 0.258 seconds
[2025-05-21T23:24:37.078+0000] {processor.py:186} INFO - Started process (PID=1254) to work on /home/airflow/.local/lib/python3.12/site-packages/airflow/example_dags/example_bash_operator.py
[2025-05-21T23:24:37.081+0000] {processor.py:914} INFO - Processing file /home/airflow/.local/lib/python3.12/site-packages/airflow/example_dags/example_bash_operator.py for tasks to queue
[2025-05-21T23:24:37.086+0000] {logging_mixin.py:190} INFO - [2025-05-21T23:24:37.085+0000] {dagbag.py:588} INFO - Filling up the DagBag from /home/airflow/.local/lib/python3.12/site-packages/airflow/example_dags/example_bash_operator.py
[2025-05-21T23:24:37.114+0000] {processor.py:925} INFO - DAG(s) 'example_bash_operator' retrieved from /home/airflow/.local/lib/python3.12/site-packages/airflow/example_dags/example_bash_operator.py
[2025-05-21T23:24:37.175+0000] {logging_mixin.py:190} INFO - [2025-05-21T23:24:37.174+0000] {dag.py:3239} INFO - Sync 1 DAGs
[2025-05-21T23:24:37.242+0000] {logging_mixin.py:190} INFO - [2025-05-21T23:24:37.241+0000] {dag.py:4180} INFO - Setting next_dagrun for example_bash_operator to 2025-05-20 00:00:00+00:00, run_after=2025-05-21 00:00:00+00:00
[2025-05-21T23:24:37.302+0000] {processor.py:208} INFO - Processing /home/airflow/.local/lib/python3.12/site-packages/airflow/example_dags/example_bash_operator.py took 0.235 seconds
[2025-05-21T23:25:07.953+0000] {processor.py:186} INFO - Started process (PID=1321) to work on /home/airflow/.local/lib/python3.12/site-packages/airflow/example_dags/example_bash_operator.py
[2025-05-21T23:25:07.955+0000] {processor.py:914} INFO - Processing file /home/airflow/.local/lib/python3.12/site-packages/airflow/example_dags/example_bash_operator.py for tasks to queue
[2025-05-21T23:25:07.960+0000] {logging_mixin.py:190} INFO - [2025-05-21T23:25:07.959+0000] {dagbag.py:588} INFO - Filling up the DagBag from /home/airflow/.local/lib/python3.12/site-packages/airflow/example_dags/example_bash_operator.py
[2025-05-21T23:25:07.990+0000] {processor.py:925} INFO - DAG(s) 'example_bash_operator' retrieved from /home/airflow/.local/lib/python3.12/site-packages/airflow/example_dags/example_bash_operator.py
[2025-05-21T23:25:08.070+0000] {logging_mixin.py:190} INFO - [2025-05-21T23:25:08.069+0000] {dag.py:3239} INFO - Sync 1 DAGs
[2025-05-21T23:25:08.133+0000] {logging_mixin.py:190} INFO - [2025-05-21T23:25:08.133+0000] {dag.py:4180} INFO - Setting next_dagrun for example_bash_operator to 2025-05-20 00:00:00+00:00, run_after=2025-05-21 00:00:00+00:00
[2025-05-21T23:25:08.184+0000] {processor.py:208} INFO - Processing /home/airflow/.local/lib/python3.12/site-packages/airflow/example_dags/example_bash_operator.py took 0.246 seconds
[2025-05-21T23:25:39.355+0000] {processor.py:186} INFO - Started process (PID=1387) to work on /home/airflow/.local/lib/python3.12/site-packages/airflow/example_dags/example_bash_operator.py
[2025-05-21T23:25:39.357+0000] {processor.py:914} INFO - Processing file /home/airflow/.local/lib/python3.12/site-packages/airflow/example_dags/example_bash_operator.py for tasks to queue
[2025-05-21T23:25:39.361+0000] {logging_mixin.py:190} INFO - [2025-05-21T23:25:39.361+0000] {dagbag.py:588} INFO - Filling up the DagBag from /home/airflow/.local/lib/python3.12/site-packages/airflow/example_dags/example_bash_operator.py
[2025-05-21T23:25:39.387+0000] {processor.py:925} INFO - DAG(s) 'example_bash_operator' retrieved from /home/airflow/.local/lib/python3.12/site-packages/airflow/example_dags/example_bash_operator.py
[2025-05-21T23:25:39.446+0000] {logging_mixin.py:190} INFO - [2025-05-21T23:25:39.445+0000] {dag.py:3239} INFO - Sync 1 DAGs
[2025-05-21T23:25:39.496+0000] {logging_mixin.py:190} INFO - [2025-05-21T23:25:39.495+0000] {dag.py:4180} INFO - Setting next_dagrun for example_bash_operator to 2025-05-20 00:00:00+00:00, run_after=2025-05-21 00:00:00+00:00
[2025-05-21T23:25:39.598+0000] {processor.py:208} INFO - Processing /home/airflow/.local/lib/python3.12/site-packages/airflow/example_dags/example_bash_operator.py took 0.255 seconds
[2025-05-21T23:26:09.792+0000] {processor.py:186} INFO - Started process (PID=1453) to work on /home/airflow/.local/lib/python3.12/site-packages/airflow/example_dags/example_bash_operator.py
[2025-05-21T23:26:09.794+0000] {processor.py:914} INFO - Processing file /home/airflow/.local/lib/python3.12/site-packages/airflow/example_dags/example_bash_operator.py for tasks to queue
[2025-05-21T23:26:09.798+0000] {logging_mixin.py:190} INFO - [2025-05-21T23:26:09.798+0000] {dagbag.py:588} INFO - Filling up the DagBag from /home/airflow/.local/lib/python3.12/site-packages/airflow/example_dags/example_bash_operator.py
[2025-05-21T23:26:09.826+0000] {processor.py:925} INFO - DAG(s) 'example_bash_operator' retrieved from /home/airflow/.local/lib/python3.12/site-packages/airflow/example_dags/example_bash_operator.py
[2025-05-21T23:26:09.885+0000] {logging_mixin.py:190} INFO - [2025-05-21T23:26:09.884+0000] {dag.py:3239} INFO - Sync 1 DAGs
[2025-05-21T23:26:09.937+0000] {logging_mixin.py:190} INFO - [2025-05-21T23:26:09.936+0000] {dag.py:4180} INFO - Setting next_dagrun for example_bash_operator to 2025-05-20 00:00:00+00:00, run_after=2025-05-21 00:00:00+00:00
[2025-05-21T23:26:10.038+0000] {processor.py:208} INFO - Processing /home/airflow/.local/lib/python3.12/site-packages/airflow/example_dags/example_bash_operator.py took 0.258 seconds
[2025-05-21T23:26:41.348+0000] {processor.py:186} INFO - Started process (PID=1518) to work on /home/airflow/.local/lib/python3.12/site-packages/airflow/example_dags/example_bash_operator.py
[2025-05-21T23:26:41.350+0000] {processor.py:914} INFO - Processing file /home/airflow/.local/lib/python3.12/site-packages/airflow/example_dags/example_bash_operator.py for tasks to queue
[2025-05-21T23:26:41.356+0000] {logging_mixin.py:190} INFO - [2025-05-21T23:26:41.355+0000] {dagbag.py:588} INFO - Filling up the DagBag from /home/airflow/.local/lib/python3.12/site-packages/airflow/example_dags/example_bash_operator.py
[2025-05-21T23:26:41.382+0000] {processor.py:925} INFO - DAG(s) 'example_bash_operator' retrieved from /home/airflow/.local/lib/python3.12/site-packages/airflow/example_dags/example_bash_operator.py
[2025-05-21T23:26:41.441+0000] {logging_mixin.py:190} INFO - [2025-05-21T23:26:41.441+0000] {dag.py:3239} INFO - Sync 1 DAGs
[2025-05-21T23:26:41.495+0000] {logging_mixin.py:190} INFO - [2025-05-21T23:26:41.495+0000] {dag.py:4180} INFO - Setting next_dagrun for example_bash_operator to 2025-05-20 00:00:00+00:00, run_after=2025-05-21 00:00:00+00:00
[2025-05-21T23:26:41.533+0000] {processor.py:208} INFO - Processing /home/airflow/.local/lib/python3.12/site-packages/airflow/example_dags/example_bash_operator.py took 0.195 seconds
[2025-05-21T23:27:11.987+0000] {processor.py:186} INFO - Started process (PID=1583) to work on /home/airflow/.local/lib/python3.12/site-packages/airflow/example_dags/example_bash_operator.py
[2025-05-21T23:27:11.990+0000] {processor.py:914} INFO - Processing file /home/airflow/.local/lib/python3.12/site-packages/airflow/example_dags/example_bash_operator.py for tasks to queue
[2025-05-21T23:27:11.997+0000] {logging_mixin.py:190} INFO - [2025-05-21T23:27:11.996+0000] {dagbag.py:588} INFO - Filling up the DagBag from /home/airflow/.local/lib/python3.12/site-packages/airflow/example_dags/example_bash_operator.py
[2025-05-21T23:27:12.036+0000] {processor.py:925} INFO - DAG(s) 'example_bash_operator' retrieved from /home/airflow/.local/lib/python3.12/site-packages/airflow/example_dags/example_bash_operator.py
[2025-05-21T23:27:12.117+0000] {logging_mixin.py:190} INFO - [2025-05-21T23:27:12.116+0000] {dag.py:3239} INFO - Sync 1 DAGs
[2025-05-21T23:27:12.194+0000] {logging_mixin.py:190} INFO - [2025-05-21T23:27:12.193+0000] {dag.py:4180} INFO - Setting next_dagrun for example_bash_operator to 2025-05-20 00:00:00+00:00, run_after=2025-05-21 00:00:00+00:00
[2025-05-21T23:27:12.239+0000] {processor.py:208} INFO - Processing /home/airflow/.local/lib/python3.12/site-packages/airflow/example_dags/example_bash_operator.py took 0.271 seconds
[2025-05-21T23:27:42.329+0000] {processor.py:186} INFO - Started process (PID=1649) to work on /home/airflow/.local/lib/python3.12/site-packages/airflow/example_dags/example_bash_operator.py
[2025-05-21T23:27:42.331+0000] {processor.py:914} INFO - Processing file /home/airflow/.local/lib/python3.12/site-packages/airflow/example_dags/example_bash_operator.py for tasks to queue
[2025-05-21T23:27:42.337+0000] {logging_mixin.py:190} INFO - [2025-05-21T23:27:42.336+0000] {dagbag.py:588} INFO - Filling up the DagBag from /home/airflow/.local/lib/python3.12/site-packages/airflow/example_dags/example_bash_operator.py
[2025-05-21T23:27:42.368+0000] {processor.py:925} INFO - DAG(s) 'example_bash_operator' retrieved from /home/airflow/.local/lib/python3.12/site-packages/airflow/example_dags/example_bash_operator.py
[2025-05-21T23:27:42.425+0000] {logging_mixin.py:190} INFO - [2025-05-21T23:27:42.425+0000] {dag.py:3239} INFO - Sync 1 DAGs
[2025-05-21T23:27:42.481+0000] {logging_mixin.py:190} INFO - [2025-05-21T23:27:42.481+0000] {dag.py:4180} INFO - Setting next_dagrun for example_bash_operator to 2025-05-20 00:00:00+00:00, run_after=2025-05-21 00:00:00+00:00
[2025-05-21T23:27:42.540+0000] {processor.py:208} INFO - Processing /home/airflow/.local/lib/python3.12/site-packages/airflow/example_dags/example_bash_operator.py took 0.221 seconds
[2025-05-21T23:28:12.970+0000] {processor.py:186} INFO - Started process (PID=1715) to work on /home/airflow/.local/lib/python3.12/site-packages/airflow/example_dags/example_bash_operator.py
[2025-05-21T23:28:12.973+0000] {processor.py:914} INFO - Processing file /home/airflow/.local/lib/python3.12/site-packages/airflow/example_dags/example_bash_operator.py for tasks to queue
[2025-05-21T23:28:12.980+0000] {logging_mixin.py:190} INFO - [2025-05-21T23:28:12.979+0000] {dagbag.py:588} INFO - Filling up the DagBag from /home/airflow/.local/lib/python3.12/site-packages/airflow/example_dags/example_bash_operator.py
[2025-05-21T23:28:13.011+0000] {processor.py:925} INFO - DAG(s) 'example_bash_operator' retrieved from /home/airflow/.local/lib/python3.12/site-packages/airflow/example_dags/example_bash_operator.py
[2025-05-21T23:28:13.081+0000] {logging_mixin.py:190} INFO - [2025-05-21T23:28:13.081+0000] {dag.py:3239} INFO - Sync 1 DAGs
[2025-05-21T23:28:13.136+0000] {logging_mixin.py:190} INFO - [2025-05-21T23:28:13.135+0000] {dag.py:4180} INFO - Setting next_dagrun for example_bash_operator to 2025-05-20 00:00:00+00:00, run_after=2025-05-21 00:00:00+00:00
[2025-05-21T23:28:13.175+0000] {processor.py:208} INFO - Processing /home/airflow/.local/lib/python3.12/site-packages/airflow/example_dags/example_bash_operator.py took 0.220 seconds
[2025-05-21T23:28:43.305+0000] {processor.py:186} INFO - Started process (PID=1780) to work on /home/airflow/.local/lib/python3.12/site-packages/airflow/example_dags/example_bash_operator.py
[2025-05-21T23:28:43.308+0000] {processor.py:914} INFO - Processing file /home/airflow/.local/lib/python3.12/site-packages/airflow/example_dags/example_bash_operator.py for tasks to queue
[2025-05-21T23:28:43.312+0000] {logging_mixin.py:190} INFO - [2025-05-21T23:28:43.312+0000] {dagbag.py:588} INFO - Filling up the DagBag from /home/airflow/.local/lib/python3.12/site-packages/airflow/example_dags/example_bash_operator.py
[2025-05-21T23:28:43.339+0000] {processor.py:925} INFO - DAG(s) 'example_bash_operator' retrieved from /home/airflow/.local/lib/python3.12/site-packages/airflow/example_dags/example_bash_operator.py
[2025-05-21T23:28:43.403+0000] {logging_mixin.py:190} INFO - [2025-05-21T23:28:43.402+0000] {dag.py:3239} INFO - Sync 1 DAGs
[2025-05-21T23:28:43.470+0000] {logging_mixin.py:190} INFO - [2025-05-21T23:28:43.469+0000] {dag.py:4180} INFO - Setting next_dagrun for example_bash_operator to 2025-05-20 00:00:00+00:00, run_after=2025-05-21 00:00:00+00:00
[2025-05-21T23:28:43.574+0000] {processor.py:208} INFO - Processing /home/airflow/.local/lib/python3.12/site-packages/airflow/example_dags/example_bash_operator.py took 0.283 seconds
[2025-05-21T23:29:13.709+0000] {processor.py:186} INFO - Started process (PID=1846) to work on /home/airflow/.local/lib/python3.12/site-packages/airflow/example_dags/example_bash_operator.py
[2025-05-21T23:29:13.711+0000] {processor.py:914} INFO - Processing file /home/airflow/.local/lib/python3.12/site-packages/airflow/example_dags/example_bash_operator.py for tasks to queue
[2025-05-21T23:29:13.716+0000] {logging_mixin.py:190} INFO - [2025-05-21T23:29:13.716+0000] {dagbag.py:588} INFO - Filling up the DagBag from /home/airflow/.local/lib/python3.12/site-packages/airflow/example_dags/example_bash_operator.py
[2025-05-21T23:29:13.748+0000] {processor.py:925} INFO - DAG(s) 'example_bash_operator' retrieved from /home/airflow/.local/lib/python3.12/site-packages/airflow/example_dags/example_bash_operator.py
[2025-05-21T23:29:13.820+0000] {logging_mixin.py:190} INFO - [2025-05-21T23:29:13.819+0000] {dag.py:3239} INFO - Sync 1 DAGs
[2025-05-21T23:29:13.889+0000] {logging_mixin.py:190} INFO - [2025-05-21T23:29:13.888+0000] {dag.py:4180} INFO - Setting next_dagrun for example_bash_operator to 2025-05-20 00:00:00+00:00, run_after=2025-05-21 00:00:00+00:00
[2025-05-21T23:29:13.938+0000] {processor.py:208} INFO - Processing /home/airflow/.local/lib/python3.12/site-packages/airflow/example_dags/example_bash_operator.py took 0.241 seconds
[2025-05-21T23:29:44.667+0000] {processor.py:186} INFO - Started process (PID=1912) to work on /home/airflow/.local/lib/python3.12/site-packages/airflow/example_dags/example_bash_operator.py
[2025-05-21T23:29:44.670+0000] {processor.py:914} INFO - Processing file /home/airflow/.local/lib/python3.12/site-packages/airflow/example_dags/example_bash_operator.py for tasks to queue
[2025-05-21T23:29:44.677+0000] {logging_mixin.py:190} INFO - [2025-05-21T23:29:44.675+0000] {dagbag.py:588} INFO - Filling up the DagBag from /home/airflow/.local/lib/python3.12/site-packages/airflow/example_dags/example_bash_operator.py
[2025-05-21T23:29:44.716+0000] {processor.py:925} INFO - DAG(s) 'example_bash_operator' retrieved from /home/airflow/.local/lib/python3.12/site-packages/airflow/example_dags/example_bash_operator.py
[2025-05-21T23:29:44.789+0000] {logging_mixin.py:190} INFO - [2025-05-21T23:29:44.788+0000] {dag.py:3239} INFO - Sync 1 DAGs
[2025-05-21T23:29:44.843+0000] {logging_mixin.py:190} INFO - [2025-05-21T23:29:44.843+0000] {dag.py:4180} INFO - Setting next_dagrun for example_bash_operator to 2025-05-20 00:00:00+00:00, run_after=2025-05-21 00:00:00+00:00
[2025-05-21T23:29:44.888+0000] {processor.py:208} INFO - Processing /home/airflow/.local/lib/python3.12/site-packages/airflow/example_dags/example_bash_operator.py took 0.243 seconds
[2025-05-21T23:30:15.300+0000] {processor.py:186} INFO - Started process (PID=1978) to work on /home/airflow/.local/lib/python3.12/site-packages/airflow/example_dags/example_bash_operator.py
[2025-05-21T23:30:15.304+0000] {processor.py:914} INFO - Processing file /home/airflow/.local/lib/python3.12/site-packages/airflow/example_dags/example_bash_operator.py for tasks to queue
[2025-05-21T23:30:15.312+0000] {logging_mixin.py:190} INFO - [2025-05-21T23:30:15.310+0000] {dagbag.py:588} INFO - Filling up the DagBag from /home/airflow/.local/lib/python3.12/site-packages/airflow/example_dags/example_bash_operator.py
[2025-05-21T23:30:15.349+0000] {processor.py:925} INFO - DAG(s) 'example_bash_operator' retrieved from /home/airflow/.local/lib/python3.12/site-packages/airflow/example_dags/example_bash_operator.py
[2025-05-21T23:30:15.427+0000] {logging_mixin.py:190} INFO - [2025-05-21T23:30:15.427+0000] {dag.py:3239} INFO - Sync 1 DAGs
[2025-05-21T23:30:15.486+0000] {logging_mixin.py:190} INFO - [2025-05-21T23:30:15.485+0000] {dag.py:4180} INFO - Setting next_dagrun for example_bash_operator to 2025-05-20 00:00:00+00:00, run_after=2025-05-21 00:00:00+00:00
[2025-05-21T23:30:15.593+0000] {processor.py:208} INFO - Processing /home/airflow/.local/lib/python3.12/site-packages/airflow/example_dags/example_bash_operator.py took 0.310 seconds
[2025-05-21T23:30:45.766+0000] {processor.py:186} INFO - Started process (PID=2043) to work on /home/airflow/.local/lib/python3.12/site-packages/airflow/example_dags/example_bash_operator.py
[2025-05-21T23:30:45.769+0000] {processor.py:914} INFO - Processing file /home/airflow/.local/lib/python3.12/site-packages/airflow/example_dags/example_bash_operator.py for tasks to queue
[2025-05-21T23:30:45.774+0000] {logging_mixin.py:190} INFO - [2025-05-21T23:30:45.774+0000] {dagbag.py:588} INFO - Filling up the DagBag from /home/airflow/.local/lib/python3.12/site-packages/airflow/example_dags/example_bash_operator.py
[2025-05-21T23:30:45.803+0000] {processor.py:925} INFO - DAG(s) 'example_bash_operator' retrieved from /home/airflow/.local/lib/python3.12/site-packages/airflow/example_dags/example_bash_operator.py
[2025-05-21T23:30:45.876+0000] {logging_mixin.py:190} INFO - [2025-05-21T23:30:45.875+0000] {dag.py:3239} INFO - Sync 1 DAGs
[2025-05-21T23:30:45.943+0000] {logging_mixin.py:190} INFO - [2025-05-21T23:30:45.942+0000] {dag.py:4180} INFO - Setting next_dagrun for example_bash_operator to 2025-05-20 00:00:00+00:00, run_after=2025-05-21 00:00:00+00:00
[2025-05-21T23:30:46.053+0000] {processor.py:208} INFO - Processing /home/airflow/.local/lib/python3.12/site-packages/airflow/example_dags/example_bash_operator.py took 0.298 seconds
[2025-05-21T23:31:16.732+0000] {processor.py:186} INFO - Started process (PID=2109) to work on /home/airflow/.local/lib/python3.12/site-packages/airflow/example_dags/example_bash_operator.py
[2025-05-21T23:31:16.734+0000] {processor.py:914} INFO - Processing file /home/airflow/.local/lib/python3.12/site-packages/airflow/example_dags/example_bash_operator.py for tasks to queue
[2025-05-21T23:31:16.739+0000] {logging_mixin.py:190} INFO - [2025-05-21T23:31:16.739+0000] {dagbag.py:588} INFO - Filling up the DagBag from /home/airflow/.local/lib/python3.12/site-packages/airflow/example_dags/example_bash_operator.py
[2025-05-21T23:31:16.769+0000] {processor.py:925} INFO - DAG(s) 'example_bash_operator' retrieved from /home/airflow/.local/lib/python3.12/site-packages/airflow/example_dags/example_bash_operator.py
[2025-05-21T23:31:16.824+0000] {logging_mixin.py:190} INFO - [2025-05-21T23:31:16.824+0000] {dag.py:3239} INFO - Sync 1 DAGs
[2025-05-21T23:31:16.870+0000] {logging_mixin.py:190} INFO - [2025-05-21T23:31:16.869+0000] {dag.py:4180} INFO - Setting next_dagrun for example_bash_operator to 2025-05-20 00:00:00+00:00, run_after=2025-05-21 00:00:00+00:00
[2025-05-21T23:31:16.973+0000] {processor.py:208} INFO - Processing /home/airflow/.local/lib/python3.12/site-packages/airflow/example_dags/example_bash_operator.py took 0.254 seconds
[2025-05-21T23:31:47.353+0000] {processor.py:186} INFO - Started process (PID=2175) to work on /home/airflow/.local/lib/python3.12/site-packages/airflow/example_dags/example_bash_operator.py
[2025-05-21T23:31:47.356+0000] {processor.py:914} INFO - Processing file /home/airflow/.local/lib/python3.12/site-packages/airflow/example_dags/example_bash_operator.py for tasks to queue
[2025-05-21T23:31:47.362+0000] {logging_mixin.py:190} INFO - [2025-05-21T23:31:47.361+0000] {dagbag.py:588} INFO - Filling up the DagBag from /home/airflow/.local/lib/python3.12/site-packages/airflow/example_dags/example_bash_operator.py
[2025-05-21T23:31:47.394+0000] {processor.py:925} INFO - DAG(s) 'example_bash_operator' retrieved from /home/airflow/.local/lib/python3.12/site-packages/airflow/example_dags/example_bash_operator.py
[2025-05-21T23:31:47.459+0000] {logging_mixin.py:190} INFO - [2025-05-21T23:31:47.458+0000] {dag.py:3239} INFO - Sync 1 DAGs
[2025-05-21T23:31:47.525+0000] {logging_mixin.py:190} INFO - [2025-05-21T23:31:47.524+0000] {dag.py:4180} INFO - Setting next_dagrun for example_bash_operator to 2025-05-20 00:00:00+00:00, run_after=2025-05-21 00:00:00+00:00
[2025-05-21T23:31:47.634+0000] {processor.py:208} INFO - Processing /home/airflow/.local/lib/python3.12/site-packages/airflow/example_dags/example_bash_operator.py took 0.305 seconds
[2025-05-21T23:32:18.424+0000] {processor.py:186} INFO - Started process (PID=2247) to work on /home/airflow/.local/lib/python3.12/site-packages/airflow/example_dags/example_bash_operator.py
[2025-05-21T23:32:18.426+0000] {processor.py:914} INFO - Processing file /home/airflow/.local/lib/python3.12/site-packages/airflow/example_dags/example_bash_operator.py for tasks to queue
[2025-05-21T23:32:18.430+0000] {logging_mixin.py:190} INFO - [2025-05-21T23:32:18.429+0000] {dagbag.py:588} INFO - Filling up the DagBag from /home/airflow/.local/lib/python3.12/site-packages/airflow/example_dags/example_bash_operator.py
[2025-05-21T23:32:18.454+0000] {processor.py:925} INFO - DAG(s) 'example_bash_operator' retrieved from /home/airflow/.local/lib/python3.12/site-packages/airflow/example_dags/example_bash_operator.py
[2025-05-21T23:32:18.508+0000] {logging_mixin.py:190} INFO - [2025-05-21T23:32:18.508+0000] {dag.py:3239} INFO - Sync 1 DAGs
[2025-05-21T23:32:18.560+0000] {logging_mixin.py:190} INFO - [2025-05-21T23:32:18.559+0000] {dag.py:4180} INFO - Setting next_dagrun for example_bash_operator to 2025-05-20 00:00:00+00:00, run_after=2025-05-21 00:00:00+00:00
[2025-05-21T23:32:18.599+0000] {processor.py:208} INFO - Processing /home/airflow/.local/lib/python3.12/site-packages/airflow/example_dags/example_bash_operator.py took 0.185 seconds
[2025-05-21T23:32:49.022+0000] {processor.py:186} INFO - Started process (PID=2313) to work on /home/airflow/.local/lib/python3.12/site-packages/airflow/example_dags/example_bash_operator.py
[2025-05-21T23:32:49.024+0000] {processor.py:914} INFO - Processing file /home/airflow/.local/lib/python3.12/site-packages/airflow/example_dags/example_bash_operator.py for tasks to queue
[2025-05-21T23:32:49.028+0000] {logging_mixin.py:190} INFO - [2025-05-21T23:32:49.028+0000] {dagbag.py:588} INFO - Filling up the DagBag from /home/airflow/.local/lib/python3.12/site-packages/airflow/example_dags/example_bash_operator.py
[2025-05-21T23:32:49.054+0000] {processor.py:925} INFO - DAG(s) 'example_bash_operator' retrieved from /home/airflow/.local/lib/python3.12/site-packages/airflow/example_dags/example_bash_operator.py
[2025-05-21T23:32:49.128+0000] {logging_mixin.py:190} INFO - [2025-05-21T23:32:49.128+0000] {dag.py:3239} INFO - Sync 1 DAGs
[2025-05-21T23:32:49.229+0000] {logging_mixin.py:190} INFO - [2025-05-21T23:32:49.228+0000] {dag.py:4180} INFO - Setting next_dagrun for example_bash_operator to 2025-05-20 00:00:00+00:00, run_after=2025-05-21 00:00:00+00:00
[2025-05-21T23:32:49.334+0000] {processor.py:208} INFO - Processing /home/airflow/.local/lib/python3.12/site-packages/airflow/example_dags/example_bash_operator.py took 0.322 seconds
[2025-05-21T23:33:19.677+0000] {processor.py:186} INFO - Started process (PID=2379) to work on /home/airflow/.local/lib/python3.12/site-packages/airflow/example_dags/example_bash_operator.py
[2025-05-21T23:33:19.679+0000] {processor.py:914} INFO - Processing file /home/airflow/.local/lib/python3.12/site-packages/airflow/example_dags/example_bash_operator.py for tasks to queue
[2025-05-21T23:33:19.683+0000] {logging_mixin.py:190} INFO - [2025-05-21T23:33:19.682+0000] {dagbag.py:588} INFO - Filling up the DagBag from /home/airflow/.local/lib/python3.12/site-packages/airflow/example_dags/example_bash_operator.py
[2025-05-21T23:33:19.708+0000] {processor.py:925} INFO - DAG(s) 'example_bash_operator' retrieved from /home/airflow/.local/lib/python3.12/site-packages/airflow/example_dags/example_bash_operator.py
[2025-05-21T23:33:19.783+0000] {logging_mixin.py:190} INFO - [2025-05-21T23:33:19.782+0000] {dag.py:3239} INFO - Sync 1 DAGs
[2025-05-21T23:33:19.853+0000] {logging_mixin.py:190} INFO - [2025-05-21T23:33:19.852+0000] {dag.py:4180} INFO - Setting next_dagrun for example_bash_operator to 2025-05-20 00:00:00+00:00, run_after=2025-05-21 00:00:00+00:00
[2025-05-21T23:33:19.906+0000] {processor.py:208} INFO - Processing /home/airflow/.local/lib/python3.12/site-packages/airflow/example_dags/example_bash_operator.py took 0.240 seconds
[2025-05-21T23:33:50.272+0000] {processor.py:186} INFO - Started process (PID=2444) to work on /home/airflow/.local/lib/python3.12/site-packages/airflow/example_dags/example_bash_operator.py
[2025-05-21T23:33:50.276+0000] {processor.py:914} INFO - Processing file /home/airflow/.local/lib/python3.12/site-packages/airflow/example_dags/example_bash_operator.py for tasks to queue
[2025-05-21T23:33:50.281+0000] {logging_mixin.py:190} INFO - [2025-05-21T23:33:50.280+0000] {dagbag.py:588} INFO - Filling up the DagBag from /home/airflow/.local/lib/python3.12/site-packages/airflow/example_dags/example_bash_operator.py
[2025-05-21T23:33:50.308+0000] {processor.py:925} INFO - DAG(s) 'example_bash_operator' retrieved from /home/airflow/.local/lib/python3.12/site-packages/airflow/example_dags/example_bash_operator.py
[2025-05-21T23:33:50.366+0000] {logging_mixin.py:190} INFO - [2025-05-21T23:33:50.366+0000] {dag.py:3239} INFO - Sync 1 DAGs
[2025-05-21T23:33:50.416+0000] {logging_mixin.py:190} INFO - [2025-05-21T23:33:50.416+0000] {dag.py:4180} INFO - Setting next_dagrun for example_bash_operator to 2025-05-20 00:00:00+00:00, run_after=2025-05-21 00:00:00+00:00
[2025-05-21T23:33:50.526+0000] {processor.py:208} INFO - Processing /home/airflow/.local/lib/python3.12/site-packages/airflow/example_dags/example_bash_operator.py took 0.267 seconds
[2025-05-21T23:34:20.656+0000] {processor.py:186} INFO - Started process (PID=2510) to work on /home/airflow/.local/lib/python3.12/site-packages/airflow/example_dags/example_bash_operator.py
[2025-05-21T23:34:20.659+0000] {processor.py:914} INFO - Processing file /home/airflow/.local/lib/python3.12/site-packages/airflow/example_dags/example_bash_operator.py for tasks to queue
[2025-05-21T23:34:20.663+0000] {logging_mixin.py:190} INFO - [2025-05-21T23:34:20.663+0000] {dagbag.py:588} INFO - Filling up the DagBag from /home/airflow/.local/lib/python3.12/site-packages/airflow/example_dags/example_bash_operator.py
[2025-05-21T23:34:20.692+0000] {processor.py:925} INFO - DAG(s) 'example_bash_operator' retrieved from /home/airflow/.local/lib/python3.12/site-packages/airflow/example_dags/example_bash_operator.py
[2025-05-21T23:34:20.756+0000] {logging_mixin.py:190} INFO - [2025-05-21T23:34:20.756+0000] {dag.py:3239} INFO - Sync 1 DAGs
[2025-05-21T23:34:20.805+0000] {logging_mixin.py:190} INFO - [2025-05-21T23:34:20.805+0000] {dag.py:4180} INFO - Setting next_dagrun for example_bash_operator to 2025-05-20 00:00:00+00:00, run_after=2025-05-21 00:00:00+00:00
[2025-05-21T23:34:20.848+0000] {processor.py:208} INFO - Processing /home/airflow/.local/lib/python3.12/site-packages/airflow/example_dags/example_bash_operator.py took 0.202 seconds
[2025-05-21T23:34:51.091+0000] {processor.py:186} INFO - Started process (PID=2576) to work on /home/airflow/.local/lib/python3.12/site-packages/airflow/example_dags/example_bash_operator.py
[2025-05-21T23:34:51.093+0000] {processor.py:914} INFO - Processing file /home/airflow/.local/lib/python3.12/site-packages/airflow/example_dags/example_bash_operator.py for tasks to queue
[2025-05-21T23:34:51.097+0000] {logging_mixin.py:190} INFO - [2025-05-21T23:34:51.096+0000] {dagbag.py:588} INFO - Filling up the DagBag from /home/airflow/.local/lib/python3.12/site-packages/airflow/example_dags/example_bash_operator.py
[2025-05-21T23:34:51.122+0000] {processor.py:925} INFO - DAG(s) 'example_bash_operator' retrieved from /home/airflow/.local/lib/python3.12/site-packages/airflow/example_dags/example_bash_operator.py
[2025-05-21T23:34:51.177+0000] {logging_mixin.py:190} INFO - [2025-05-21T23:34:51.176+0000] {dag.py:3239} INFO - Sync 1 DAGs
[2025-05-21T23:34:51.221+0000] {logging_mixin.py:190} INFO - [2025-05-21T23:34:51.221+0000] {dag.py:4180} INFO - Setting next_dagrun for example_bash_operator to 2025-05-20 00:00:00+00:00, run_after=2025-05-21 00:00:00+00:00
[2025-05-21T23:34:51.259+0000] {processor.py:208} INFO - Processing /home/airflow/.local/lib/python3.12/site-packages/airflow/example_dags/example_bash_operator.py took 0.182 seconds
[2025-05-21T23:35:22.439+0000] {processor.py:186} INFO - Started process (PID=2642) to work on /home/airflow/.local/lib/python3.12/site-packages/airflow/example_dags/example_bash_operator.py
[2025-05-21T23:35:22.441+0000] {processor.py:914} INFO - Processing file /home/airflow/.local/lib/python3.12/site-packages/airflow/example_dags/example_bash_operator.py for tasks to queue
[2025-05-21T23:35:22.445+0000] {logging_mixin.py:190} INFO - [2025-05-21T23:35:22.445+0000] {dagbag.py:588} INFO - Filling up the DagBag from /home/airflow/.local/lib/python3.12/site-packages/airflow/example_dags/example_bash_operator.py
[2025-05-21T23:35:22.469+0000] {processor.py:925} INFO - DAG(s) 'example_bash_operator' retrieved from /home/airflow/.local/lib/python3.12/site-packages/airflow/example_dags/example_bash_operator.py
[2025-05-21T23:35:22.530+0000] {logging_mixin.py:190} INFO - [2025-05-21T23:35:22.529+0000] {dag.py:3239} INFO - Sync 1 DAGs
[2025-05-21T23:35:22.582+0000] {logging_mixin.py:190} INFO - [2025-05-21T23:35:22.582+0000] {dag.py:4180} INFO - Setting next_dagrun for example_bash_operator to 2025-05-20 00:00:00+00:00, run_after=2025-05-21 00:00:00+00:00
[2025-05-21T23:35:22.623+0000] {processor.py:208} INFO - Processing /home/airflow/.local/lib/python3.12/site-packages/airflow/example_dags/example_bash_operator.py took 0.195 seconds
[2025-05-21T23:35:53.605+0000] {processor.py:186} INFO - Started process (PID=2707) to work on /home/airflow/.local/lib/python3.12/site-packages/airflow/example_dags/example_bash_operator.py
[2025-05-21T23:35:53.607+0000] {processor.py:914} INFO - Processing file /home/airflow/.local/lib/python3.12/site-packages/airflow/example_dags/example_bash_operator.py for tasks to queue
[2025-05-21T23:35:53.611+0000] {logging_mixin.py:190} INFO - [2025-05-21T23:35:53.610+0000] {dagbag.py:588} INFO - Filling up the DagBag from /home/airflow/.local/lib/python3.12/site-packages/airflow/example_dags/example_bash_operator.py
[2025-05-21T23:35:53.635+0000] {processor.py:925} INFO - DAG(s) 'example_bash_operator' retrieved from /home/airflow/.local/lib/python3.12/site-packages/airflow/example_dags/example_bash_operator.py
[2025-05-21T23:35:53.694+0000] {logging_mixin.py:190} INFO - [2025-05-21T23:35:53.693+0000] {dag.py:3239} INFO - Sync 1 DAGs
[2025-05-21T23:35:53.746+0000] {logging_mixin.py:190} INFO - [2025-05-21T23:35:53.745+0000] {dag.py:4180} INFO - Setting next_dagrun for example_bash_operator to 2025-05-20 00:00:00+00:00, run_after=2025-05-21 00:00:00+00:00
[2025-05-21T23:35:53.785+0000] {processor.py:208} INFO - Processing /home/airflow/.local/lib/python3.12/site-packages/airflow/example_dags/example_bash_operator.py took 0.190 seconds
[2025-05-21T23:36:23.929+0000] {processor.py:186} INFO - Started process (PID=2772) to work on /home/airflow/.local/lib/python3.12/site-packages/airflow/example_dags/example_bash_operator.py
[2025-05-21T23:36:23.931+0000] {processor.py:914} INFO - Processing file /home/airflow/.local/lib/python3.12/site-packages/airflow/example_dags/example_bash_operator.py for tasks to queue
[2025-05-21T23:36:23.935+0000] {logging_mixin.py:190} INFO - [2025-05-21T23:36:23.934+0000] {dagbag.py:588} INFO - Filling up the DagBag from /home/airflow/.local/lib/python3.12/site-packages/airflow/example_dags/example_bash_operator.py
[2025-05-21T23:36:23.966+0000] {processor.py:925} INFO - DAG(s) 'example_bash_operator' retrieved from /home/airflow/.local/lib/python3.12/site-packages/airflow/example_dags/example_bash_operator.py
[2025-05-21T23:36:24.025+0000] {logging_mixin.py:190} INFO - [2025-05-21T23:36:24.025+0000] {dag.py:3239} INFO - Sync 1 DAGs
[2025-05-21T23:36:24.078+0000] {logging_mixin.py:190} INFO - [2025-05-21T23:36:24.077+0000] {dag.py:4180} INFO - Setting next_dagrun for example_bash_operator to 2025-05-20 00:00:00+00:00, run_after=2025-05-21 00:00:00+00:00
[2025-05-21T23:36:24.126+0000] {processor.py:208} INFO - Processing /home/airflow/.local/lib/python3.12/site-packages/airflow/example_dags/example_bash_operator.py took 0.212 seconds
[2025-05-21T23:36:55.072+0000] {processor.py:186} INFO - Started process (PID=2838) to work on /home/airflow/.local/lib/python3.12/site-packages/airflow/example_dags/example_bash_operator.py
[2025-05-21T23:36:55.074+0000] {processor.py:914} INFO - Processing file /home/airflow/.local/lib/python3.12/site-packages/airflow/example_dags/example_bash_operator.py for tasks to queue
[2025-05-21T23:36:55.079+0000] {logging_mixin.py:190} INFO - [2025-05-21T23:36:55.078+0000] {dagbag.py:588} INFO - Filling up the DagBag from /home/airflow/.local/lib/python3.12/site-packages/airflow/example_dags/example_bash_operator.py
[2025-05-21T23:36:55.111+0000] {processor.py:925} INFO - DAG(s) 'example_bash_operator' retrieved from /home/airflow/.local/lib/python3.12/site-packages/airflow/example_dags/example_bash_operator.py
[2025-05-21T23:36:55.171+0000] {logging_mixin.py:190} INFO - [2025-05-21T23:36:55.171+0000] {dag.py:3239} INFO - Sync 1 DAGs
[2025-05-21T23:36:55.227+0000] {logging_mixin.py:190} INFO - [2025-05-21T23:36:55.227+0000] {dag.py:4180} INFO - Setting next_dagrun for example_bash_operator to 2025-05-20 00:00:00+00:00, run_after=2025-05-21 00:00:00+00:00
[2025-05-21T23:36:55.274+0000] {processor.py:208} INFO - Processing /home/airflow/.local/lib/python3.12/site-packages/airflow/example_dags/example_bash_operator.py took 0.214 seconds
[2025-05-21T23:37:25.926+0000] {processor.py:186} INFO - Started process (PID=2904) to work on /home/airflow/.local/lib/python3.12/site-packages/airflow/example_dags/example_bash_operator.py
[2025-05-21T23:37:25.929+0000] {processor.py:914} INFO - Processing file /home/airflow/.local/lib/python3.12/site-packages/airflow/example_dags/example_bash_operator.py for tasks to queue
[2025-05-21T23:37:25.933+0000] {logging_mixin.py:190} INFO - [2025-05-21T23:37:25.932+0000] {dagbag.py:588} INFO - Filling up the DagBag from /home/airflow/.local/lib/python3.12/site-packages/airflow/example_dags/example_bash_operator.py
[2025-05-21T23:37:25.957+0000] {processor.py:925} INFO - DAG(s) 'example_bash_operator' retrieved from /home/airflow/.local/lib/python3.12/site-packages/airflow/example_dags/example_bash_operator.py
[2025-05-21T23:37:26.017+0000] {logging_mixin.py:190} INFO - [2025-05-21T23:37:26.017+0000] {dag.py:3239} INFO - Sync 1 DAGs
[2025-05-21T23:37:26.068+0000] {logging_mixin.py:190} INFO - [2025-05-21T23:37:26.068+0000] {dag.py:4180} INFO - Setting next_dagrun for example_bash_operator to 2025-05-20 00:00:00+00:00, run_after=2025-05-21 00:00:00+00:00
[2025-05-21T23:37:26.119+0000] {processor.py:208} INFO - Processing /home/airflow/.local/lib/python3.12/site-packages/airflow/example_dags/example_bash_operator.py took 0.206 seconds
[2025-05-21T23:41:33.551+0000] {processor.py:186} INFO - Started process (PID=131) to work on /home/airflow/.local/lib/python3.12/site-packages/airflow/example_dags/example_bash_operator.py
[2025-05-21T23:41:33.554+0000] {processor.py:914} INFO - Processing file /home/airflow/.local/lib/python3.12/site-packages/airflow/example_dags/example_bash_operator.py for tasks to queue
[2025-05-21T23:41:33.561+0000] {logging_mixin.py:190} INFO - [2025-05-21T23:41:33.560+0000] {dagbag.py:588} INFO - Filling up the DagBag from /home/airflow/.local/lib/python3.12/site-packages/airflow/example_dags/example_bash_operator.py
[2025-05-21T23:41:33.593+0000] {processor.py:925} INFO - DAG(s) 'example_bash_operator' retrieved from /home/airflow/.local/lib/python3.12/site-packages/airflow/example_dags/example_bash_operator.py
[2025-05-21T23:41:33.893+0000] {logging_mixin.py:190} INFO - [2025-05-21T23:41:33.891+0000] {override.py:1930} INFO - Created Permission View: can read on DAG:example_bash_operator
[2025-05-21T23:41:33.921+0000] {logging_mixin.py:190} INFO - [2025-05-21T23:41:33.920+0000] {override.py:1930} INFO - Created Permission View: can delete on DAG:example_bash_operator
[2025-05-21T23:41:33.939+0000] {logging_mixin.py:190} INFO - [2025-05-21T23:41:33.938+0000] {override.py:1930} INFO - Created Permission View: can edit on DAG:example_bash_operator
[2025-05-21T23:41:33.960+0000] {logging_mixin.py:190} INFO - [2025-05-21T23:41:33.959+0000] {override.py:1930} INFO - Created Permission View: can read on DAG Run:example_bash_operator
[2025-05-21T23:41:33.979+0000] {logging_mixin.py:190} INFO - [2025-05-21T23:41:33.978+0000] {override.py:1930} INFO - Created Permission View: can delete on DAG Run:example_bash_operator
[2025-05-21T23:41:33.996+0000] {logging_mixin.py:190} INFO - [2025-05-21T23:41:33.995+0000] {override.py:1930} INFO - Created Permission View: menu access on DAG Run:example_bash_operator
[2025-05-21T23:41:34.013+0000] {logging_mixin.py:190} INFO - [2025-05-21T23:41:34.012+0000] {override.py:1930} INFO - Created Permission View: can create on DAG Run:example_bash_operator
[2025-05-21T23:41:34.015+0000] {logging_mixin.py:190} INFO - [2025-05-21T23:41:34.014+0000] {dag.py:3239} INFO - Sync 1 DAGs
[2025-05-21T23:41:34.041+0000] {logging_mixin.py:190} INFO - [2025-05-21T23:41:34.041+0000] {dag.py:3262} INFO - Creating ORM DAG for example_bash_operator
[2025-05-21T23:41:34.067+0000] {logging_mixin.py:190} INFO - [2025-05-21T23:41:34.066+0000] {dag.py:4180} INFO - Setting next_dagrun for example_bash_operator to 2025-05-20 00:00:00+00:00, run_after=2025-05-21 00:00:00+00:00
[2025-05-21T23:41:34.105+0000] {processor.py:208} INFO - Processing /home/airflow/.local/lib/python3.12/site-packages/airflow/example_dags/example_bash_operator.py took 0.570 seconds
[2025-05-21T23:42:04.303+0000] {processor.py:186} INFO - Started process (PID=197) to work on /home/airflow/.local/lib/python3.12/site-packages/airflow/example_dags/example_bash_operator.py
[2025-05-21T23:42:04.305+0000] {processor.py:914} INFO - Processing file /home/airflow/.local/lib/python3.12/site-packages/airflow/example_dags/example_bash_operator.py for tasks to queue
[2025-05-21T23:42:04.309+0000] {logging_mixin.py:190} INFO - [2025-05-21T23:42:04.309+0000] {dagbag.py:588} INFO - Filling up the DagBag from /home/airflow/.local/lib/python3.12/site-packages/airflow/example_dags/example_bash_operator.py
[2025-05-21T23:42:04.342+0000] {processor.py:925} INFO - DAG(s) 'example_bash_operator' retrieved from /home/airflow/.local/lib/python3.12/site-packages/airflow/example_dags/example_bash_operator.py
[2025-05-21T23:42:04.396+0000] {logging_mixin.py:190} INFO - [2025-05-21T23:42:04.396+0000] {dag.py:3239} INFO - Sync 1 DAGs
[2025-05-21T23:42:04.446+0000] {logging_mixin.py:190} INFO - [2025-05-21T23:42:04.446+0000] {dag.py:4180} INFO - Setting next_dagrun for example_bash_operator to 2025-05-20 00:00:00+00:00, run_after=2025-05-21 00:00:00+00:00
[2025-05-21T23:42:04.489+0000] {processor.py:208} INFO - Processing /home/airflow/.local/lib/python3.12/site-packages/airflow/example_dags/example_bash_operator.py took 0.197 seconds
[2025-05-21T23:42:34.868+0000] {processor.py:186} INFO - Started process (PID=263) to work on /home/airflow/.local/lib/python3.12/site-packages/airflow/example_dags/example_bash_operator.py
[2025-05-21T23:42:34.870+0000] {processor.py:914} INFO - Processing file /home/airflow/.local/lib/python3.12/site-packages/airflow/example_dags/example_bash_operator.py for tasks to queue
[2025-05-21T23:42:34.874+0000] {logging_mixin.py:190} INFO - [2025-05-21T23:42:34.873+0000] {dagbag.py:588} INFO - Filling up the DagBag from /home/airflow/.local/lib/python3.12/site-packages/airflow/example_dags/example_bash_operator.py
[2025-05-21T23:42:34.900+0000] {processor.py:925} INFO - DAG(s) 'example_bash_operator' retrieved from /home/airflow/.local/lib/python3.12/site-packages/airflow/example_dags/example_bash_operator.py
[2025-05-21T23:42:34.955+0000] {logging_mixin.py:190} INFO - [2025-05-21T23:42:34.954+0000] {dag.py:3239} INFO - Sync 1 DAGs
[2025-05-21T23:42:35.009+0000] {logging_mixin.py:190} INFO - [2025-05-21T23:42:35.008+0000] {dag.py:4180} INFO - Setting next_dagrun for example_bash_operator to 2025-05-20 00:00:00+00:00, run_after=2025-05-21 00:00:00+00:00
[2025-05-21T23:42:35.046+0000] {processor.py:208} INFO - Processing /home/airflow/.local/lib/python3.12/site-packages/airflow/example_dags/example_bash_operator.py took 0.188 seconds
[2025-05-21T23:43:05.221+0000] {processor.py:186} INFO - Started process (PID=328) to work on /home/airflow/.local/lib/python3.12/site-packages/airflow/example_dags/example_bash_operator.py
[2025-05-21T23:43:05.223+0000] {processor.py:914} INFO - Processing file /home/airflow/.local/lib/python3.12/site-packages/airflow/example_dags/example_bash_operator.py for tasks to queue
[2025-05-21T23:43:05.229+0000] {logging_mixin.py:190} INFO - [2025-05-21T23:43:05.228+0000] {dagbag.py:588} INFO - Filling up the DagBag from /home/airflow/.local/lib/python3.12/site-packages/airflow/example_dags/example_bash_operator.py
[2025-05-21T23:43:05.263+0000] {processor.py:925} INFO - DAG(s) 'example_bash_operator' retrieved from /home/airflow/.local/lib/python3.12/site-packages/airflow/example_dags/example_bash_operator.py
[2025-05-21T23:43:05.322+0000] {logging_mixin.py:190} INFO - [2025-05-21T23:43:05.321+0000] {dag.py:3239} INFO - Sync 1 DAGs
[2025-05-21T23:43:05.370+0000] {logging_mixin.py:190} INFO - [2025-05-21T23:43:05.370+0000] {dag.py:4180} INFO - Setting next_dagrun for example_bash_operator to 2025-05-20 00:00:00+00:00, run_after=2025-05-21 00:00:00+00:00
[2025-05-21T23:43:05.410+0000] {processor.py:208} INFO - Processing /home/airflow/.local/lib/python3.12/site-packages/airflow/example_dags/example_bash_operator.py took 0.201 seconds
[2025-05-21T23:43:36.824+0000] {processor.py:186} INFO - Started process (PID=394) to work on /home/airflow/.local/lib/python3.12/site-packages/airflow/example_dags/example_bash_operator.py
[2025-05-21T23:43:36.826+0000] {processor.py:914} INFO - Processing file /home/airflow/.local/lib/python3.12/site-packages/airflow/example_dags/example_bash_operator.py for tasks to queue
[2025-05-21T23:43:36.831+0000] {logging_mixin.py:190} INFO - [2025-05-21T23:43:36.830+0000] {dagbag.py:588} INFO - Filling up the DagBag from /home/airflow/.local/lib/python3.12/site-packages/airflow/example_dags/example_bash_operator.py
[2025-05-21T23:43:36.855+0000] {processor.py:925} INFO - DAG(s) 'example_bash_operator' retrieved from /home/airflow/.local/lib/python3.12/site-packages/airflow/example_dags/example_bash_operator.py
[2025-05-21T23:43:36.909+0000] {logging_mixin.py:190} INFO - [2025-05-21T23:43:36.908+0000] {dag.py:3239} INFO - Sync 1 DAGs
[2025-05-21T23:43:36.954+0000] {logging_mixin.py:190} INFO - [2025-05-21T23:43:36.954+0000] {dag.py:4180} INFO - Setting next_dagrun for example_bash_operator to 2025-05-20 00:00:00+00:00, run_after=2025-05-21 00:00:00+00:00
[2025-05-21T23:43:37.030+0000] {processor.py:208} INFO - Processing /home/airflow/.local/lib/python3.12/site-packages/airflow/example_dags/example_bash_operator.py took 0.216 seconds
[2025-05-21T23:44:07.393+0000] {processor.py:186} INFO - Started process (PID=460) to work on /home/airflow/.local/lib/python3.12/site-packages/airflow/example_dags/example_bash_operator.py
[2025-05-21T23:44:07.395+0000] {processor.py:914} INFO - Processing file /home/airflow/.local/lib/python3.12/site-packages/airflow/example_dags/example_bash_operator.py for tasks to queue
[2025-05-21T23:44:07.400+0000] {logging_mixin.py:190} INFO - [2025-05-21T23:44:07.399+0000] {dagbag.py:588} INFO - Filling up the DagBag from /home/airflow/.local/lib/python3.12/site-packages/airflow/example_dags/example_bash_operator.py
[2025-05-21T23:44:07.430+0000] {processor.py:925} INFO - DAG(s) 'example_bash_operator' retrieved from /home/airflow/.local/lib/python3.12/site-packages/airflow/example_dags/example_bash_operator.py
[2025-05-21T23:44:07.493+0000] {logging_mixin.py:190} INFO - [2025-05-21T23:44:07.493+0000] {dag.py:3239} INFO - Sync 1 DAGs
[2025-05-21T23:44:07.547+0000] {logging_mixin.py:190} INFO - [2025-05-21T23:44:07.547+0000] {dag.py:4180} INFO - Setting next_dagrun for example_bash_operator to 2025-05-20 00:00:00+00:00, run_after=2025-05-21 00:00:00+00:00
[2025-05-21T23:44:07.589+0000] {processor.py:208} INFO - Processing /home/airflow/.local/lib/python3.12/site-packages/airflow/example_dags/example_bash_operator.py took 0.206 seconds
[2025-05-21T23:44:38.304+0000] {processor.py:186} INFO - Started process (PID=525) to work on /home/airflow/.local/lib/python3.12/site-packages/airflow/example_dags/example_bash_operator.py
[2025-05-21T23:44:38.306+0000] {processor.py:914} INFO - Processing file /home/airflow/.local/lib/python3.12/site-packages/airflow/example_dags/example_bash_operator.py for tasks to queue
[2025-05-21T23:44:38.310+0000] {logging_mixin.py:190} INFO - [2025-05-21T23:44:38.310+0000] {dagbag.py:588} INFO - Filling up the DagBag from /home/airflow/.local/lib/python3.12/site-packages/airflow/example_dags/example_bash_operator.py
[2025-05-21T23:44:38.334+0000] {processor.py:925} INFO - DAG(s) 'example_bash_operator' retrieved from /home/airflow/.local/lib/python3.12/site-packages/airflow/example_dags/example_bash_operator.py
[2025-05-21T23:44:38.394+0000] {logging_mixin.py:190} INFO - [2025-05-21T23:44:38.393+0000] {dag.py:3239} INFO - Sync 1 DAGs
[2025-05-21T23:44:38.452+0000] {logging_mixin.py:190} INFO - [2025-05-21T23:44:38.451+0000] {dag.py:4180} INFO - Setting next_dagrun for example_bash_operator to 2025-05-20 00:00:00+00:00, run_after=2025-05-21 00:00:00+00:00
[2025-05-21T23:44:38.496+0000] {processor.py:208} INFO - Processing /home/airflow/.local/lib/python3.12/site-packages/airflow/example_dags/example_bash_operator.py took 0.202 seconds
