[2025-05-21T23:15:44.736+0000] {processor.py:186} INFO - Started process (PID=100) to work on /home/airflow/.local/lib/python3.12/site-packages/airflow/example_dags/example_dynamic_task_mapping.py
[2025-05-21T23:15:44.738+0000] {processor.py:914} INFO - Processing file /home/airflow/.local/lib/python3.12/site-packages/airflow/example_dags/example_dynamic_task_mapping.py for tasks to queue
[2025-05-21T23:15:44.744+0000] {logging_mixin.py:190} INFO - [2025-05-21T23:15:44.743+0000] {dagbag.py:588} INFO - Filling up the DagBag from /home/airflow/.local/lib/python3.12/site-packages/airflow/example_dags/example_dynamic_task_mapping.py
[2025-05-21T23:15:44.764+0000] {processor.py:925} INFO - DAG(s) 'example_dynamic_task_mapping' retrieved from /home/airflow/.local/lib/python3.12/site-packages/airflow/example_dags/example_dynamic_task_mapping.py
[2025-05-21T23:15:45.033+0000] {logging_mixin.py:190} INFO - [2025-05-21T23:15:45.031+0000] {override.py:1930} INFO - Created Permission View: can delete on DAG:example_dynamic_task_mapping
[2025-05-21T23:15:45.063+0000] {logging_mixin.py:190} INFO - [2025-05-21T23:15:45.062+0000] {override.py:1930} INFO - Created Permission View: can read on DAG:example_dynamic_task_mapping
[2025-05-21T23:15:45.085+0000] {logging_mixin.py:190} INFO - [2025-05-21T23:15:45.084+0000] {override.py:1930} INFO - Created Permission View: can edit on DAG:example_dynamic_task_mapping
[2025-05-21T23:15:45.107+0000] {logging_mixin.py:190} INFO - [2025-05-21T23:15:45.106+0000] {override.py:1930} INFO - Created Permission View: can delete on DAG Run:example_dynamic_task_mapping
[2025-05-21T23:15:45.129+0000] {logging_mixin.py:190} INFO - [2025-05-21T23:15:45.128+0000] {override.py:1930} INFO - Created Permission View: can read on DAG Run:example_dynamic_task_mapping
[2025-05-21T23:15:45.147+0000] {logging_mixin.py:190} INFO - [2025-05-21T23:15:45.146+0000] {override.py:1930} INFO - Created Permission View: menu access on DAG Run:example_dynamic_task_mapping
[2025-05-21T23:15:45.166+0000] {logging_mixin.py:190} INFO - [2025-05-21T23:15:45.165+0000] {override.py:1930} INFO - Created Permission View: can create on DAG Run:example_dynamic_task_mapping
[2025-05-21T23:15:45.168+0000] {logging_mixin.py:190} INFO - [2025-05-21T23:15:45.167+0000] {dag.py:3239} INFO - Sync 1 DAGs
[2025-05-21T23:15:45.217+0000] {logging_mixin.py:190} INFO - [2025-05-21T23:15:45.216+0000] {dag.py:3262} INFO - Creating ORM DAG for example_dynamic_task_mapping
[2025-05-21T23:15:45.220+0000] {logging_mixin.py:190} INFO - [2025-05-21T23:15:45.219+0000] {dag.py:4180} INFO - Setting next_dagrun for example_dynamic_task_mapping to None, run_after=None
[2025-05-21T23:15:45.264+0000] {processor.py:208} INFO - Processing /home/airflow/.local/lib/python3.12/site-packages/airflow/example_dags/example_dynamic_task_mapping.py took 0.547 seconds
[2025-05-21T23:16:15.448+0000] {processor.py:186} INFO - Started process (PID=172) to work on /home/airflow/.local/lib/python3.12/site-packages/airflow/example_dags/example_dynamic_task_mapping.py
[2025-05-21T23:16:15.451+0000] {processor.py:914} INFO - Processing file /home/airflow/.local/lib/python3.12/site-packages/airflow/example_dags/example_dynamic_task_mapping.py for tasks to queue
[2025-05-21T23:16:15.456+0000] {logging_mixin.py:190} INFO - [2025-05-21T23:16:15.455+0000] {dagbag.py:588} INFO - Filling up the DagBag from /home/airflow/.local/lib/python3.12/site-packages/airflow/example_dags/example_dynamic_task_mapping.py
[2025-05-21T23:16:15.473+0000] {processor.py:925} INFO - DAG(s) 'example_dynamic_task_mapping' retrieved from /home/airflow/.local/lib/python3.12/site-packages/airflow/example_dags/example_dynamic_task_mapping.py
[2025-05-21T23:16:15.518+0000] {logging_mixin.py:190} INFO - [2025-05-21T23:16:15.517+0000] {dag.py:3239} INFO - Sync 1 DAGs
[2025-05-21T23:16:15.553+0000] {logging_mixin.py:190} INFO - [2025-05-21T23:16:15.552+0000] {dag.py:4180} INFO - Setting next_dagrun for example_dynamic_task_mapping to None, run_after=None
[2025-05-21T23:16:15.661+0000] {processor.py:208} INFO - Processing /home/airflow/.local/lib/python3.12/site-packages/airflow/example_dags/example_dynamic_task_mapping.py took 0.226 seconds
[2025-05-21T23:16:46.000+0000] {processor.py:186} INFO - Started process (PID=238) to work on /home/airflow/.local/lib/python3.12/site-packages/airflow/example_dags/example_dynamic_task_mapping.py
[2025-05-21T23:16:46.003+0000] {processor.py:914} INFO - Processing file /home/airflow/.local/lib/python3.12/site-packages/airflow/example_dags/example_dynamic_task_mapping.py for tasks to queue
[2025-05-21T23:16:46.007+0000] {logging_mixin.py:190} INFO - [2025-05-21T23:16:46.006+0000] {dagbag.py:588} INFO - Filling up the DagBag from /home/airflow/.local/lib/python3.12/site-packages/airflow/example_dags/example_dynamic_task_mapping.py
[2025-05-21T23:16:46.026+0000] {processor.py:925} INFO - DAG(s) 'example_dynamic_task_mapping' retrieved from /home/airflow/.local/lib/python3.12/site-packages/airflow/example_dags/example_dynamic_task_mapping.py
[2025-05-21T23:16:46.070+0000] {logging_mixin.py:190} INFO - [2025-05-21T23:16:46.069+0000] {dag.py:3239} INFO - Sync 1 DAGs
[2025-05-21T23:16:46.115+0000] {logging_mixin.py:190} INFO - [2025-05-21T23:16:46.114+0000] {dag.py:4180} INFO - Setting next_dagrun for example_dynamic_task_mapping to None, run_after=None
[2025-05-21T23:16:46.159+0000] {processor.py:208} INFO - Processing /home/airflow/.local/lib/python3.12/site-packages/airflow/example_dags/example_dynamic_task_mapping.py took 0.171 seconds
[2025-05-21T23:17:16.677+0000] {processor.py:186} INFO - Started process (PID=308) to work on /home/airflow/.local/lib/python3.12/site-packages/airflow/example_dags/example_dynamic_task_mapping.py
[2025-05-21T23:17:16.680+0000] {processor.py:914} INFO - Processing file /home/airflow/.local/lib/python3.12/site-packages/airflow/example_dags/example_dynamic_task_mapping.py for tasks to queue
[2025-05-21T23:17:16.684+0000] {logging_mixin.py:190} INFO - [2025-05-21T23:17:16.684+0000] {dagbag.py:588} INFO - Filling up the DagBag from /home/airflow/.local/lib/python3.12/site-packages/airflow/example_dags/example_dynamic_task_mapping.py
[2025-05-21T23:17:16.703+0000] {processor.py:925} INFO - DAG(s) 'example_dynamic_task_mapping' retrieved from /home/airflow/.local/lib/python3.12/site-packages/airflow/example_dags/example_dynamic_task_mapping.py
[2025-05-21T23:17:16.750+0000] {logging_mixin.py:190} INFO - [2025-05-21T23:17:16.749+0000] {dag.py:3239} INFO - Sync 1 DAGs
[2025-05-21T23:17:16.785+0000] {logging_mixin.py:190} INFO - [2025-05-21T23:17:16.784+0000] {dag.py:4180} INFO - Setting next_dagrun for example_dynamic_task_mapping to None, run_after=None
[2025-05-21T23:17:16.894+0000] {processor.py:208} INFO - Processing /home/airflow/.local/lib/python3.12/site-packages/airflow/example_dags/example_dynamic_task_mapping.py took 0.231 seconds
[2025-05-21T23:17:47.129+0000] {processor.py:186} INFO - Started process (PID=374) to work on /home/airflow/.local/lib/python3.12/site-packages/airflow/example_dags/example_dynamic_task_mapping.py
[2025-05-21T23:17:47.131+0000] {processor.py:914} INFO - Processing file /home/airflow/.local/lib/python3.12/site-packages/airflow/example_dags/example_dynamic_task_mapping.py for tasks to queue
[2025-05-21T23:17:47.135+0000] {logging_mixin.py:190} INFO - [2025-05-21T23:17:47.134+0000] {dagbag.py:588} INFO - Filling up the DagBag from /home/airflow/.local/lib/python3.12/site-packages/airflow/example_dags/example_dynamic_task_mapping.py
[2025-05-21T23:17:47.152+0000] {processor.py:925} INFO - DAG(s) 'example_dynamic_task_mapping' retrieved from /home/airflow/.local/lib/python3.12/site-packages/airflow/example_dags/example_dynamic_task_mapping.py
[2025-05-21T23:17:47.194+0000] {logging_mixin.py:190} INFO - [2025-05-21T23:17:47.194+0000] {dag.py:3239} INFO - Sync 1 DAGs
[2025-05-21T23:17:47.227+0000] {logging_mixin.py:190} INFO - [2025-05-21T23:17:47.226+0000] {dag.py:4180} INFO - Setting next_dagrun for example_dynamic_task_mapping to None, run_after=None
[2025-05-21T23:17:47.332+0000] {processor.py:208} INFO - Processing /home/airflow/.local/lib/python3.12/site-packages/airflow/example_dags/example_dynamic_task_mapping.py took 0.217 seconds
[2025-05-21T23:18:17.618+0000] {processor.py:186} INFO - Started process (PID=439) to work on /home/airflow/.local/lib/python3.12/site-packages/airflow/example_dags/example_dynamic_task_mapping.py
[2025-05-21T23:18:17.620+0000] {processor.py:914} INFO - Processing file /home/airflow/.local/lib/python3.12/site-packages/airflow/example_dags/example_dynamic_task_mapping.py for tasks to queue
[2025-05-21T23:18:17.624+0000] {logging_mixin.py:190} INFO - [2025-05-21T23:18:17.624+0000] {dagbag.py:588} INFO - Filling up the DagBag from /home/airflow/.local/lib/python3.12/site-packages/airflow/example_dags/example_dynamic_task_mapping.py
[2025-05-21T23:18:17.643+0000] {processor.py:925} INFO - DAG(s) 'example_dynamic_task_mapping' retrieved from /home/airflow/.local/lib/python3.12/site-packages/airflow/example_dags/example_dynamic_task_mapping.py
[2025-05-21T23:18:17.685+0000] {logging_mixin.py:190} INFO - [2025-05-21T23:18:17.685+0000] {dag.py:3239} INFO - Sync 1 DAGs
[2025-05-21T23:18:17.716+0000] {logging_mixin.py:190} INFO - [2025-05-21T23:18:17.716+0000] {dag.py:4180} INFO - Setting next_dagrun for example_dynamic_task_mapping to None, run_after=None
[2025-05-21T23:18:17.825+0000] {processor.py:208} INFO - Processing /home/airflow/.local/lib/python3.12/site-packages/airflow/example_dags/example_dynamic_task_mapping.py took 0.220 seconds
[2025-05-21T23:18:47.994+0000] {processor.py:186} INFO - Started process (PID=505) to work on /home/airflow/.local/lib/python3.12/site-packages/airflow/example_dags/example_dynamic_task_mapping.py
[2025-05-21T23:18:47.996+0000] {processor.py:914} INFO - Processing file /home/airflow/.local/lib/python3.12/site-packages/airflow/example_dags/example_dynamic_task_mapping.py for tasks to queue
[2025-05-21T23:18:48.002+0000] {logging_mixin.py:190} INFO - [2025-05-21T23:18:48.001+0000] {dagbag.py:588} INFO - Filling up the DagBag from /home/airflow/.local/lib/python3.12/site-packages/airflow/example_dags/example_dynamic_task_mapping.py
[2025-05-21T23:18:48.022+0000] {processor.py:925} INFO - DAG(s) 'example_dynamic_task_mapping' retrieved from /home/airflow/.local/lib/python3.12/site-packages/airflow/example_dags/example_dynamic_task_mapping.py
[2025-05-21T23:18:48.067+0000] {logging_mixin.py:190} INFO - [2025-05-21T23:18:48.066+0000] {dag.py:3239} INFO - Sync 1 DAGs
[2025-05-21T23:18:48.102+0000] {logging_mixin.py:190} INFO - [2025-05-21T23:18:48.101+0000] {dag.py:4180} INFO - Setting next_dagrun for example_dynamic_task_mapping to None, run_after=None
[2025-05-21T23:18:48.166+0000] {processor.py:208} INFO - Processing /home/airflow/.local/lib/python3.12/site-packages/airflow/example_dags/example_dynamic_task_mapping.py took 0.185 seconds
[2025-05-21T23:19:18.971+0000] {processor.py:186} INFO - Started process (PID=571) to work on /home/airflow/.local/lib/python3.12/site-packages/airflow/example_dags/example_dynamic_task_mapping.py
[2025-05-21T23:19:18.973+0000] {processor.py:914} INFO - Processing file /home/airflow/.local/lib/python3.12/site-packages/airflow/example_dags/example_dynamic_task_mapping.py for tasks to queue
[2025-05-21T23:19:18.977+0000] {logging_mixin.py:190} INFO - [2025-05-21T23:19:18.977+0000] {dagbag.py:588} INFO - Filling up the DagBag from /home/airflow/.local/lib/python3.12/site-packages/airflow/example_dags/example_dynamic_task_mapping.py
[2025-05-21T23:19:18.995+0000] {processor.py:925} INFO - DAG(s) 'example_dynamic_task_mapping' retrieved from /home/airflow/.local/lib/python3.12/site-packages/airflow/example_dags/example_dynamic_task_mapping.py
[2025-05-21T23:19:19.041+0000] {logging_mixin.py:190} INFO - [2025-05-21T23:19:19.040+0000] {dag.py:3239} INFO - Sync 1 DAGs
[2025-05-21T23:19:19.068+0000] {logging_mixin.py:190} INFO - [2025-05-21T23:19:19.068+0000] {dag.py:4180} INFO - Setting next_dagrun for example_dynamic_task_mapping to None, run_after=None
[2025-05-21T23:19:19.171+0000] {processor.py:208} INFO - Processing /home/airflow/.local/lib/python3.12/site-packages/airflow/example_dags/example_dynamic_task_mapping.py took 0.211 seconds
[2025-05-21T23:19:49.308+0000] {processor.py:186} INFO - Started process (PID=637) to work on /home/airflow/.local/lib/python3.12/site-packages/airflow/example_dags/example_dynamic_task_mapping.py
[2025-05-21T23:19:49.310+0000] {processor.py:914} INFO - Processing file /home/airflow/.local/lib/python3.12/site-packages/airflow/example_dags/example_dynamic_task_mapping.py for tasks to queue
[2025-05-21T23:19:49.314+0000] {logging_mixin.py:190} INFO - [2025-05-21T23:19:49.314+0000] {dagbag.py:588} INFO - Filling up the DagBag from /home/airflow/.local/lib/python3.12/site-packages/airflow/example_dags/example_dynamic_task_mapping.py
[2025-05-21T23:19:49.332+0000] {processor.py:925} INFO - DAG(s) 'example_dynamic_task_mapping' retrieved from /home/airflow/.local/lib/python3.12/site-packages/airflow/example_dags/example_dynamic_task_mapping.py
[2025-05-21T23:19:49.373+0000] {logging_mixin.py:190} INFO - [2025-05-21T23:19:49.373+0000] {dag.py:3239} INFO - Sync 1 DAGs
[2025-05-21T23:19:49.403+0000] {logging_mixin.py:190} INFO - [2025-05-21T23:19:49.403+0000] {dag.py:4180} INFO - Setting next_dagrun for example_dynamic_task_mapping to None, run_after=None
[2025-05-21T23:19:49.442+0000] {processor.py:208} INFO - Processing /home/airflow/.local/lib/python3.12/site-packages/airflow/example_dags/example_dynamic_task_mapping.py took 0.146 seconds
[2025-05-21T23:20:20.121+0000] {processor.py:186} INFO - Started process (PID=703) to work on /home/airflow/.local/lib/python3.12/site-packages/airflow/example_dags/example_dynamic_task_mapping.py
[2025-05-21T23:20:20.123+0000] {processor.py:914} INFO - Processing file /home/airflow/.local/lib/python3.12/site-packages/airflow/example_dags/example_dynamic_task_mapping.py for tasks to queue
[2025-05-21T23:20:20.128+0000] {logging_mixin.py:190} INFO - [2025-05-21T23:20:20.127+0000] {dagbag.py:588} INFO - Filling up the DagBag from /home/airflow/.local/lib/python3.12/site-packages/airflow/example_dags/example_dynamic_task_mapping.py
[2025-05-21T23:20:20.147+0000] {processor.py:925} INFO - DAG(s) 'example_dynamic_task_mapping' retrieved from /home/airflow/.local/lib/python3.12/site-packages/airflow/example_dags/example_dynamic_task_mapping.py
[2025-05-21T23:20:20.193+0000] {logging_mixin.py:190} INFO - [2025-05-21T23:20:20.193+0000] {dag.py:3239} INFO - Sync 1 DAGs
[2025-05-21T23:20:20.235+0000] {logging_mixin.py:190} INFO - [2025-05-21T23:20:20.234+0000] {dag.py:4180} INFO - Setting next_dagrun for example_dynamic_task_mapping to None, run_after=None
[2025-05-21T23:20:20.342+0000] {processor.py:208} INFO - Processing /home/airflow/.local/lib/python3.12/site-packages/airflow/example_dags/example_dynamic_task_mapping.py took 0.233 seconds
[2025-05-21T23:20:51.102+0000] {processor.py:186} INFO - Started process (PID=770) to work on /home/airflow/.local/lib/python3.12/site-packages/airflow/example_dags/example_dynamic_task_mapping.py
[2025-05-21T23:20:51.104+0000] {processor.py:914} INFO - Processing file /home/airflow/.local/lib/python3.12/site-packages/airflow/example_dags/example_dynamic_task_mapping.py for tasks to queue
[2025-05-21T23:20:51.108+0000] {logging_mixin.py:190} INFO - [2025-05-21T23:20:51.108+0000] {dagbag.py:588} INFO - Filling up the DagBag from /home/airflow/.local/lib/python3.12/site-packages/airflow/example_dags/example_dynamic_task_mapping.py
[2025-05-21T23:20:51.125+0000] {processor.py:925} INFO - DAG(s) 'example_dynamic_task_mapping' retrieved from /home/airflow/.local/lib/python3.12/site-packages/airflow/example_dags/example_dynamic_task_mapping.py
[2025-05-21T23:20:51.162+0000] {logging_mixin.py:190} INFO - [2025-05-21T23:20:51.162+0000] {dag.py:3239} INFO - Sync 1 DAGs
[2025-05-21T23:20:51.190+0000] {logging_mixin.py:190} INFO - [2025-05-21T23:20:51.189+0000] {dag.py:4180} INFO - Setting next_dagrun for example_dynamic_task_mapping to None, run_after=None
[2025-05-21T23:20:51.291+0000] {processor.py:208} INFO - Processing /home/airflow/.local/lib/python3.12/site-packages/airflow/example_dags/example_dynamic_task_mapping.py took 0.200 seconds
[2025-05-21T23:21:22.853+0000] {processor.py:186} INFO - Started process (PID=834) to work on /home/airflow/.local/lib/python3.12/site-packages/airflow/example_dags/example_dynamic_task_mapping.py
[2025-05-21T23:21:22.855+0000] {processor.py:914} INFO - Processing file /home/airflow/.local/lib/python3.12/site-packages/airflow/example_dags/example_dynamic_task_mapping.py for tasks to queue
[2025-05-21T23:21:22.860+0000] {logging_mixin.py:190} INFO - [2025-05-21T23:21:22.859+0000] {dagbag.py:588} INFO - Filling up the DagBag from /home/airflow/.local/lib/python3.12/site-packages/airflow/example_dags/example_dynamic_task_mapping.py
[2025-05-21T23:21:22.876+0000] {processor.py:925} INFO - DAG(s) 'example_dynamic_task_mapping' retrieved from /home/airflow/.local/lib/python3.12/site-packages/airflow/example_dags/example_dynamic_task_mapping.py
[2025-05-21T23:21:22.914+0000] {logging_mixin.py:190} INFO - [2025-05-21T23:21:22.914+0000] {dag.py:3239} INFO - Sync 1 DAGs
[2025-05-21T23:21:22.945+0000] {logging_mixin.py:190} INFO - [2025-05-21T23:21:22.945+0000] {dag.py:4180} INFO - Setting next_dagrun for example_dynamic_task_mapping to None, run_after=None
[2025-05-21T23:21:23.050+0000] {processor.py:208} INFO - Processing /home/airflow/.local/lib/python3.12/site-packages/airflow/example_dags/example_dynamic_task_mapping.py took 0.209 seconds
[2025-05-21T23:21:54.766+0000] {processor.py:186} INFO - Started process (PID=900) to work on /home/airflow/.local/lib/python3.12/site-packages/airflow/example_dags/example_dynamic_task_mapping.py
[2025-05-21T23:21:54.768+0000] {processor.py:914} INFO - Processing file /home/airflow/.local/lib/python3.12/site-packages/airflow/example_dags/example_dynamic_task_mapping.py for tasks to queue
[2025-05-21T23:21:54.772+0000] {logging_mixin.py:190} INFO - [2025-05-21T23:21:54.772+0000] {dagbag.py:588} INFO - Filling up the DagBag from /home/airflow/.local/lib/python3.12/site-packages/airflow/example_dags/example_dynamic_task_mapping.py
[2025-05-21T23:21:54.788+0000] {processor.py:925} INFO - DAG(s) 'example_dynamic_task_mapping' retrieved from /home/airflow/.local/lib/python3.12/site-packages/airflow/example_dags/example_dynamic_task_mapping.py
[2025-05-21T23:21:54.836+0000] {logging_mixin.py:190} INFO - [2025-05-21T23:21:54.836+0000] {dag.py:3239} INFO - Sync 1 DAGs
[2025-05-21T23:21:54.878+0000] {logging_mixin.py:190} INFO - [2025-05-21T23:21:54.877+0000] {dag.py:4180} INFO - Setting next_dagrun for example_dynamic_task_mapping to None, run_after=None
[2025-05-21T23:21:54.920+0000] {processor.py:208} INFO - Processing /home/airflow/.local/lib/python3.12/site-packages/airflow/example_dags/example_dynamic_task_mapping.py took 0.166 seconds
[2025-05-21T23:22:25.300+0000] {processor.py:186} INFO - Started process (PID=965) to work on /home/airflow/.local/lib/python3.12/site-packages/airflow/example_dags/example_dynamic_task_mapping.py
[2025-05-21T23:22:25.302+0000] {processor.py:914} INFO - Processing file /home/airflow/.local/lib/python3.12/site-packages/airflow/example_dags/example_dynamic_task_mapping.py for tasks to queue
[2025-05-21T23:22:25.306+0000] {logging_mixin.py:190} INFO - [2025-05-21T23:22:25.306+0000] {dagbag.py:588} INFO - Filling up the DagBag from /home/airflow/.local/lib/python3.12/site-packages/airflow/example_dags/example_dynamic_task_mapping.py
[2025-05-21T23:22:25.322+0000] {processor.py:925} INFO - DAG(s) 'example_dynamic_task_mapping' retrieved from /home/airflow/.local/lib/python3.12/site-packages/airflow/example_dags/example_dynamic_task_mapping.py
[2025-05-21T23:22:25.361+0000] {logging_mixin.py:190} INFO - [2025-05-21T23:22:25.361+0000] {dag.py:3239} INFO - Sync 1 DAGs
[2025-05-21T23:22:25.391+0000] {logging_mixin.py:190} INFO - [2025-05-21T23:22:25.391+0000] {dag.py:4180} INFO - Setting next_dagrun for example_dynamic_task_mapping to None, run_after=None
[2025-05-21T23:22:25.496+0000] {processor.py:208} INFO - Processing /home/airflow/.local/lib/python3.12/site-packages/airflow/example_dags/example_dynamic_task_mapping.py took 0.206 seconds
[2025-05-21T23:22:56.469+0000] {processor.py:186} INFO - Started process (PID=1031) to work on /home/airflow/.local/lib/python3.12/site-packages/airflow/example_dags/example_dynamic_task_mapping.py
[2025-05-21T23:22:56.471+0000] {processor.py:914} INFO - Processing file /home/airflow/.local/lib/python3.12/site-packages/airflow/example_dags/example_dynamic_task_mapping.py for tasks to queue
[2025-05-21T23:22:56.476+0000] {logging_mixin.py:190} INFO - [2025-05-21T23:22:56.475+0000] {dagbag.py:588} INFO - Filling up the DagBag from /home/airflow/.local/lib/python3.12/site-packages/airflow/example_dags/example_dynamic_task_mapping.py
[2025-05-21T23:22:56.493+0000] {processor.py:925} INFO - DAG(s) 'example_dynamic_task_mapping' retrieved from /home/airflow/.local/lib/python3.12/site-packages/airflow/example_dags/example_dynamic_task_mapping.py
[2025-05-21T23:22:56.534+0000] {logging_mixin.py:190} INFO - [2025-05-21T23:22:56.534+0000] {dag.py:3239} INFO - Sync 1 DAGs
[2025-05-21T23:22:56.562+0000] {logging_mixin.py:190} INFO - [2025-05-21T23:22:56.562+0000] {dag.py:4180} INFO - Setting next_dagrun for example_dynamic_task_mapping to None, run_after=None
[2025-05-21T23:22:56.663+0000] {processor.py:208} INFO - Processing /home/airflow/.local/lib/python3.12/site-packages/airflow/example_dags/example_dynamic_task_mapping.py took 0.205 seconds
[2025-05-21T23:23:27.023+0000] {processor.py:186} INFO - Started process (PID=1096) to work on /home/airflow/.local/lib/python3.12/site-packages/airflow/example_dags/example_dynamic_task_mapping.py
[2025-05-21T23:23:27.025+0000] {processor.py:914} INFO - Processing file /home/airflow/.local/lib/python3.12/site-packages/airflow/example_dags/example_dynamic_task_mapping.py for tasks to queue
[2025-05-21T23:23:27.030+0000] {logging_mixin.py:190} INFO - [2025-05-21T23:23:27.029+0000] {dagbag.py:588} INFO - Filling up the DagBag from /home/airflow/.local/lib/python3.12/site-packages/airflow/example_dags/example_dynamic_task_mapping.py
[2025-05-21T23:23:27.045+0000] {processor.py:925} INFO - DAG(s) 'example_dynamic_task_mapping' retrieved from /home/airflow/.local/lib/python3.12/site-packages/airflow/example_dags/example_dynamic_task_mapping.py
[2025-05-21T23:23:27.084+0000] {logging_mixin.py:190} INFO - [2025-05-21T23:23:27.083+0000] {dag.py:3239} INFO - Sync 1 DAGs
[2025-05-21T23:23:27.115+0000] {logging_mixin.py:190} INFO - [2025-05-21T23:23:27.115+0000] {dag.py:4180} INFO - Setting next_dagrun for example_dynamic_task_mapping to None, run_after=None
[2025-05-21T23:23:27.217+0000] {processor.py:208} INFO - Processing /home/airflow/.local/lib/python3.12/site-packages/airflow/example_dags/example_dynamic_task_mapping.py took 0.207 seconds
[2025-05-21T23:23:57.567+0000] {processor.py:186} INFO - Started process (PID=1162) to work on /home/airflow/.local/lib/python3.12/site-packages/airflow/example_dags/example_dynamic_task_mapping.py
[2025-05-21T23:23:57.569+0000] {processor.py:914} INFO - Processing file /home/airflow/.local/lib/python3.12/site-packages/airflow/example_dags/example_dynamic_task_mapping.py for tasks to queue
[2025-05-21T23:23:57.574+0000] {logging_mixin.py:190} INFO - [2025-05-21T23:23:57.573+0000] {dagbag.py:588} INFO - Filling up the DagBag from /home/airflow/.local/lib/python3.12/site-packages/airflow/example_dags/example_dynamic_task_mapping.py
[2025-05-21T23:23:57.590+0000] {processor.py:925} INFO - DAG(s) 'example_dynamic_task_mapping' retrieved from /home/airflow/.local/lib/python3.12/site-packages/airflow/example_dags/example_dynamic_task_mapping.py
[2025-05-21T23:23:57.628+0000] {logging_mixin.py:190} INFO - [2025-05-21T23:23:57.628+0000] {dag.py:3239} INFO - Sync 1 DAGs
[2025-05-21T23:23:57.657+0000] {logging_mixin.py:190} INFO - [2025-05-21T23:23:57.656+0000] {dag.py:4180} INFO - Setting next_dagrun for example_dynamic_task_mapping to None, run_after=None
[2025-05-21T23:23:57.769+0000] {processor.py:208} INFO - Processing /home/airflow/.local/lib/python3.12/site-packages/airflow/example_dags/example_dynamic_task_mapping.py took 0.212 seconds
[2025-05-21T23:24:28.145+0000] {processor.py:186} INFO - Started process (PID=1228) to work on /home/airflow/.local/lib/python3.12/site-packages/airflow/example_dags/example_dynamic_task_mapping.py
[2025-05-21T23:24:28.148+0000] {processor.py:914} INFO - Processing file /home/airflow/.local/lib/python3.12/site-packages/airflow/example_dags/example_dynamic_task_mapping.py for tasks to queue
[2025-05-21T23:24:28.152+0000] {logging_mixin.py:190} INFO - [2025-05-21T23:24:28.151+0000] {dagbag.py:588} INFO - Filling up the DagBag from /home/airflow/.local/lib/python3.12/site-packages/airflow/example_dags/example_dynamic_task_mapping.py
[2025-05-21T23:24:28.167+0000] {processor.py:925} INFO - DAG(s) 'example_dynamic_task_mapping' retrieved from /home/airflow/.local/lib/python3.12/site-packages/airflow/example_dags/example_dynamic_task_mapping.py
[2025-05-21T23:24:28.207+0000] {logging_mixin.py:190} INFO - [2025-05-21T23:24:28.207+0000] {dag.py:3239} INFO - Sync 1 DAGs
[2025-05-21T23:24:28.237+0000] {logging_mixin.py:190} INFO - [2025-05-21T23:24:28.237+0000] {dag.py:4180} INFO - Setting next_dagrun for example_dynamic_task_mapping to None, run_after=None
[2025-05-21T23:24:28.280+0000] {processor.py:208} INFO - Processing /home/airflow/.local/lib/python3.12/site-packages/airflow/example_dags/example_dynamic_task_mapping.py took 0.145 seconds
[2025-05-21T23:24:58.796+0000] {processor.py:186} INFO - Started process (PID=1295) to work on /home/airflow/.local/lib/python3.12/site-packages/airflow/example_dags/example_dynamic_task_mapping.py
[2025-05-21T23:24:58.798+0000] {processor.py:914} INFO - Processing file /home/airflow/.local/lib/python3.12/site-packages/airflow/example_dags/example_dynamic_task_mapping.py for tasks to queue
[2025-05-21T23:24:58.802+0000] {logging_mixin.py:190} INFO - [2025-05-21T23:24:58.802+0000] {dagbag.py:588} INFO - Filling up the DagBag from /home/airflow/.local/lib/python3.12/site-packages/airflow/example_dags/example_dynamic_task_mapping.py
[2025-05-21T23:24:58.818+0000] {processor.py:925} INFO - DAG(s) 'example_dynamic_task_mapping' retrieved from /home/airflow/.local/lib/python3.12/site-packages/airflow/example_dags/example_dynamic_task_mapping.py
[2025-05-21T23:24:58.856+0000] {logging_mixin.py:190} INFO - [2025-05-21T23:24:58.856+0000] {dag.py:3239} INFO - Sync 1 DAGs
[2025-05-21T23:24:58.890+0000] {logging_mixin.py:190} INFO - [2025-05-21T23:24:58.890+0000] {dag.py:4180} INFO - Setting next_dagrun for example_dynamic_task_mapping to None, run_after=None
[2025-05-21T23:24:58.974+0000] {processor.py:208} INFO - Processing /home/airflow/.local/lib/python3.12/site-packages/airflow/example_dags/example_dynamic_task_mapping.py took 0.188 seconds
[2025-05-21T23:25:29.343+0000] {processor.py:186} INFO - Started process (PID=1361) to work on /home/airflow/.local/lib/python3.12/site-packages/airflow/example_dags/example_dynamic_task_mapping.py
[2025-05-21T23:25:29.346+0000] {processor.py:914} INFO - Processing file /home/airflow/.local/lib/python3.12/site-packages/airflow/example_dags/example_dynamic_task_mapping.py for tasks to queue
[2025-05-21T23:25:29.352+0000] {logging_mixin.py:190} INFO - [2025-05-21T23:25:29.351+0000] {dagbag.py:588} INFO - Filling up the DagBag from /home/airflow/.local/lib/python3.12/site-packages/airflow/example_dags/example_dynamic_task_mapping.py
[2025-05-21T23:25:29.371+0000] {processor.py:925} INFO - DAG(s) 'example_dynamic_task_mapping' retrieved from /home/airflow/.local/lib/python3.12/site-packages/airflow/example_dags/example_dynamic_task_mapping.py
[2025-05-21T23:25:29.419+0000] {logging_mixin.py:190} INFO - [2025-05-21T23:25:29.419+0000] {dag.py:3239} INFO - Sync 1 DAGs
[2025-05-21T23:25:29.455+0000] {logging_mixin.py:190} INFO - [2025-05-21T23:25:29.454+0000] {dag.py:4180} INFO - Setting next_dagrun for example_dynamic_task_mapping to None, run_after=None
[2025-05-21T23:25:29.496+0000] {processor.py:208} INFO - Processing /home/airflow/.local/lib/python3.12/site-packages/airflow/example_dags/example_dynamic_task_mapping.py took 0.166 seconds
[2025-05-21T23:26:00.190+0000] {processor.py:186} INFO - Started process (PID=1427) to work on /home/airflow/.local/lib/python3.12/site-packages/airflow/example_dags/example_dynamic_task_mapping.py
[2025-05-21T23:26:00.192+0000] {processor.py:914} INFO - Processing file /home/airflow/.local/lib/python3.12/site-packages/airflow/example_dags/example_dynamic_task_mapping.py for tasks to queue
[2025-05-21T23:26:00.196+0000] {logging_mixin.py:190} INFO - [2025-05-21T23:26:00.196+0000] {dagbag.py:588} INFO - Filling up the DagBag from /home/airflow/.local/lib/python3.12/site-packages/airflow/example_dags/example_dynamic_task_mapping.py
[2025-05-21T23:26:00.211+0000] {processor.py:925} INFO - DAG(s) 'example_dynamic_task_mapping' retrieved from /home/airflow/.local/lib/python3.12/site-packages/airflow/example_dags/example_dynamic_task_mapping.py
[2025-05-21T23:26:00.249+0000] {logging_mixin.py:190} INFO - [2025-05-21T23:26:00.248+0000] {dag.py:3239} INFO - Sync 1 DAGs
[2025-05-21T23:26:00.277+0000] {logging_mixin.py:190} INFO - [2025-05-21T23:26:00.276+0000] {dag.py:4180} INFO - Setting next_dagrun for example_dynamic_task_mapping to None, run_after=None
[2025-05-21T23:26:00.315+0000] {processor.py:208} INFO - Processing /home/airflow/.local/lib/python3.12/site-packages/airflow/example_dags/example_dynamic_task_mapping.py took 0.136 seconds
[2025-05-21T23:26:31.684+0000] {processor.py:186} INFO - Started process (PID=1492) to work on /home/airflow/.local/lib/python3.12/site-packages/airflow/example_dags/example_dynamic_task_mapping.py
[2025-05-21T23:26:31.686+0000] {processor.py:914} INFO - Processing file /home/airflow/.local/lib/python3.12/site-packages/airflow/example_dags/example_dynamic_task_mapping.py for tasks to queue
[2025-05-21T23:26:31.690+0000] {logging_mixin.py:190} INFO - [2025-05-21T23:26:31.689+0000] {dagbag.py:588} INFO - Filling up the DagBag from /home/airflow/.local/lib/python3.12/site-packages/airflow/example_dags/example_dynamic_task_mapping.py
[2025-05-21T23:26:31.705+0000] {processor.py:925} INFO - DAG(s) 'example_dynamic_task_mapping' retrieved from /home/airflow/.local/lib/python3.12/site-packages/airflow/example_dags/example_dynamic_task_mapping.py
[2025-05-21T23:26:31.750+0000] {logging_mixin.py:190} INFO - [2025-05-21T23:26:31.749+0000] {dag.py:3239} INFO - Sync 1 DAGs
[2025-05-21T23:26:31.786+0000] {logging_mixin.py:190} INFO - [2025-05-21T23:26:31.786+0000] {dag.py:4180} INFO - Setting next_dagrun for example_dynamic_task_mapping to None, run_after=None
[2025-05-21T23:26:31.850+0000] {processor.py:208} INFO - Processing /home/airflow/.local/lib/python3.12/site-packages/airflow/example_dags/example_dynamic_task_mapping.py took 0.177 seconds
[2025-05-21T23:27:02.215+0000] {processor.py:186} INFO - Started process (PID=1557) to work on /home/airflow/.local/lib/python3.12/site-packages/airflow/example_dags/example_dynamic_task_mapping.py
[2025-05-21T23:27:02.217+0000] {processor.py:914} INFO - Processing file /home/airflow/.local/lib/python3.12/site-packages/airflow/example_dags/example_dynamic_task_mapping.py for tasks to queue
[2025-05-21T23:27:02.223+0000] {logging_mixin.py:190} INFO - [2025-05-21T23:27:02.222+0000] {dagbag.py:588} INFO - Filling up the DagBag from /home/airflow/.local/lib/python3.12/site-packages/airflow/example_dags/example_dynamic_task_mapping.py
[2025-05-21T23:27:02.243+0000] {processor.py:925} INFO - DAG(s) 'example_dynamic_task_mapping' retrieved from /home/airflow/.local/lib/python3.12/site-packages/airflow/example_dags/example_dynamic_task_mapping.py
[2025-05-21T23:27:02.289+0000] {logging_mixin.py:190} INFO - [2025-05-21T23:27:02.288+0000] {dag.py:3239} INFO - Sync 1 DAGs
[2025-05-21T23:27:02.326+0000] {logging_mixin.py:190} INFO - [2025-05-21T23:27:02.325+0000] {dag.py:4180} INFO - Setting next_dagrun for example_dynamic_task_mapping to None, run_after=None
[2025-05-21T23:27:02.370+0000] {processor.py:208} INFO - Processing /home/airflow/.local/lib/python3.12/site-packages/airflow/example_dags/example_dynamic_task_mapping.py took 0.170 seconds
[2025-05-21T23:27:32.707+0000] {processor.py:186} INFO - Started process (PID=1623) to work on /home/airflow/.local/lib/python3.12/site-packages/airflow/example_dags/example_dynamic_task_mapping.py
[2025-05-21T23:27:32.710+0000] {processor.py:914} INFO - Processing file /home/airflow/.local/lib/python3.12/site-packages/airflow/example_dags/example_dynamic_task_mapping.py for tasks to queue
[2025-05-21T23:27:32.714+0000] {logging_mixin.py:190} INFO - [2025-05-21T23:27:32.714+0000] {dagbag.py:588} INFO - Filling up the DagBag from /home/airflow/.local/lib/python3.12/site-packages/airflow/example_dags/example_dynamic_task_mapping.py
[2025-05-21T23:27:32.732+0000] {processor.py:925} INFO - DAG(s) 'example_dynamic_task_mapping' retrieved from /home/airflow/.local/lib/python3.12/site-packages/airflow/example_dags/example_dynamic_task_mapping.py
[2025-05-21T23:27:32.774+0000] {logging_mixin.py:190} INFO - [2025-05-21T23:27:32.773+0000] {dag.py:3239} INFO - Sync 1 DAGs
[2025-05-21T23:27:32.805+0000] {logging_mixin.py:190} INFO - [2025-05-21T23:27:32.805+0000] {dag.py:4180} INFO - Setting next_dagrun for example_dynamic_task_mapping to None, run_after=None
[2025-05-21T23:27:32.842+0000] {processor.py:208} INFO - Processing /home/airflow/.local/lib/python3.12/site-packages/airflow/example_dags/example_dynamic_task_mapping.py took 0.145 seconds
[2025-05-21T23:28:03.449+0000] {processor.py:186} INFO - Started process (PID=1689) to work on /home/airflow/.local/lib/python3.12/site-packages/airflow/example_dags/example_dynamic_task_mapping.py
[2025-05-21T23:28:03.451+0000] {processor.py:914} INFO - Processing file /home/airflow/.local/lib/python3.12/site-packages/airflow/example_dags/example_dynamic_task_mapping.py for tasks to queue
[2025-05-21T23:28:03.456+0000] {logging_mixin.py:190} INFO - [2025-05-21T23:28:03.456+0000] {dagbag.py:588} INFO - Filling up the DagBag from /home/airflow/.local/lib/python3.12/site-packages/airflow/example_dags/example_dynamic_task_mapping.py
[2025-05-21T23:28:03.472+0000] {processor.py:925} INFO - DAG(s) 'example_dynamic_task_mapping' retrieved from /home/airflow/.local/lib/python3.12/site-packages/airflow/example_dags/example_dynamic_task_mapping.py
[2025-05-21T23:28:03.517+0000] {logging_mixin.py:190} INFO - [2025-05-21T23:28:03.516+0000] {dag.py:3239} INFO - Sync 1 DAGs
[2025-05-21T23:28:03.550+0000] {logging_mixin.py:190} INFO - [2025-05-21T23:28:03.550+0000] {dag.py:4180} INFO - Setting next_dagrun for example_dynamic_task_mapping to None, run_after=None
[2025-05-21T23:28:03.604+0000] {processor.py:208} INFO - Processing /home/airflow/.local/lib/python3.12/site-packages/airflow/example_dags/example_dynamic_task_mapping.py took 0.167 seconds
[2025-05-21T23:28:33.960+0000] {processor.py:186} INFO - Started process (PID=1755) to work on /home/airflow/.local/lib/python3.12/site-packages/airflow/example_dags/example_dynamic_task_mapping.py
[2025-05-21T23:28:33.962+0000] {processor.py:914} INFO - Processing file /home/airflow/.local/lib/python3.12/site-packages/airflow/example_dags/example_dynamic_task_mapping.py for tasks to queue
[2025-05-21T23:28:33.968+0000] {logging_mixin.py:190} INFO - [2025-05-21T23:28:33.968+0000] {dagbag.py:588} INFO - Filling up the DagBag from /home/airflow/.local/lib/python3.12/site-packages/airflow/example_dags/example_dynamic_task_mapping.py
[2025-05-21T23:28:33.993+0000] {processor.py:925} INFO - DAG(s) 'example_dynamic_task_mapping' retrieved from /home/airflow/.local/lib/python3.12/site-packages/airflow/example_dags/example_dynamic_task_mapping.py
[2025-05-21T23:28:34.036+0000] {logging_mixin.py:190} INFO - [2025-05-21T23:28:34.036+0000] {dag.py:3239} INFO - Sync 1 DAGs
[2025-05-21T23:28:34.077+0000] {logging_mixin.py:190} INFO - [2025-05-21T23:28:34.077+0000] {dag.py:4180} INFO - Setting next_dagrun for example_dynamic_task_mapping to None, run_after=None
[2025-05-21T23:28:34.179+0000] {processor.py:208} INFO - Processing /home/airflow/.local/lib/python3.12/site-packages/airflow/example_dags/example_dynamic_task_mapping.py took 0.232 seconds
[2025-05-21T23:29:05.306+0000] {processor.py:186} INFO - Started process (PID=1821) to work on /home/airflow/.local/lib/python3.12/site-packages/airflow/example_dags/example_dynamic_task_mapping.py
[2025-05-21T23:29:05.308+0000] {processor.py:914} INFO - Processing file /home/airflow/.local/lib/python3.12/site-packages/airflow/example_dags/example_dynamic_task_mapping.py for tasks to queue
[2025-05-21T23:29:05.315+0000] {logging_mixin.py:190} INFO - [2025-05-21T23:29:05.314+0000] {dagbag.py:588} INFO - Filling up the DagBag from /home/airflow/.local/lib/python3.12/site-packages/airflow/example_dags/example_dynamic_task_mapping.py
[2025-05-21T23:29:05.336+0000] {processor.py:925} INFO - DAG(s) 'example_dynamic_task_mapping' retrieved from /home/airflow/.local/lib/python3.12/site-packages/airflow/example_dags/example_dynamic_task_mapping.py
[2025-05-21T23:29:05.391+0000] {logging_mixin.py:190} INFO - [2025-05-21T23:29:05.390+0000] {dag.py:3239} INFO - Sync 1 DAGs
[2025-05-21T23:29:05.440+0000] {logging_mixin.py:190} INFO - [2025-05-21T23:29:05.439+0000] {dag.py:4180} INFO - Setting next_dagrun for example_dynamic_task_mapping to None, run_after=None
[2025-05-21T23:29:05.562+0000] {processor.py:208} INFO - Processing /home/airflow/.local/lib/python3.12/site-packages/airflow/example_dags/example_dynamic_task_mapping.py took 0.270 seconds
[2025-05-21T23:29:35.852+0000] {processor.py:186} INFO - Started process (PID=1886) to work on /home/airflow/.local/lib/python3.12/site-packages/airflow/example_dags/example_dynamic_task_mapping.py
[2025-05-21T23:29:35.854+0000] {processor.py:914} INFO - Processing file /home/airflow/.local/lib/python3.12/site-packages/airflow/example_dags/example_dynamic_task_mapping.py for tasks to queue
[2025-05-21T23:29:35.859+0000] {logging_mixin.py:190} INFO - [2025-05-21T23:29:35.859+0000] {dagbag.py:588} INFO - Filling up the DagBag from /home/airflow/.local/lib/python3.12/site-packages/airflow/example_dags/example_dynamic_task_mapping.py
[2025-05-21T23:29:35.877+0000] {processor.py:925} INFO - DAG(s) 'example_dynamic_task_mapping' retrieved from /home/airflow/.local/lib/python3.12/site-packages/airflow/example_dags/example_dynamic_task_mapping.py
[2025-05-21T23:29:35.917+0000] {logging_mixin.py:190} INFO - [2025-05-21T23:29:35.916+0000] {dag.py:3239} INFO - Sync 1 DAGs
[2025-05-21T23:29:35.952+0000] {logging_mixin.py:190} INFO - [2025-05-21T23:29:35.951+0000] {dag.py:4180} INFO - Setting next_dagrun for example_dynamic_task_mapping to None, run_after=None
[2025-05-21T23:29:36.000+0000] {processor.py:208} INFO - Processing /home/airflow/.local/lib/python3.12/site-packages/airflow/example_dags/example_dynamic_task_mapping.py took 0.160 seconds
[2025-05-21T23:30:06.231+0000] {processor.py:186} INFO - Started process (PID=1952) to work on /home/airflow/.local/lib/python3.12/site-packages/airflow/example_dags/example_dynamic_task_mapping.py
[2025-05-21T23:30:06.233+0000] {processor.py:914} INFO - Processing file /home/airflow/.local/lib/python3.12/site-packages/airflow/example_dags/example_dynamic_task_mapping.py for tasks to queue
[2025-05-21T23:30:06.239+0000] {logging_mixin.py:190} INFO - [2025-05-21T23:30:06.238+0000] {dagbag.py:588} INFO - Filling up the DagBag from /home/airflow/.local/lib/python3.12/site-packages/airflow/example_dags/example_dynamic_task_mapping.py
[2025-05-21T23:30:06.255+0000] {processor.py:925} INFO - DAG(s) 'example_dynamic_task_mapping' retrieved from /home/airflow/.local/lib/python3.12/site-packages/airflow/example_dags/example_dynamic_task_mapping.py
[2025-05-21T23:30:06.298+0000] {logging_mixin.py:190} INFO - [2025-05-21T23:30:06.297+0000] {dag.py:3239} INFO - Sync 1 DAGs
[2025-05-21T23:30:06.329+0000] {logging_mixin.py:190} INFO - [2025-05-21T23:30:06.328+0000] {dag.py:4180} INFO - Setting next_dagrun for example_dynamic_task_mapping to None, run_after=None
[2025-05-21T23:30:06.367+0000] {processor.py:208} INFO - Processing /home/airflow/.local/lib/python3.12/site-packages/airflow/example_dags/example_dynamic_task_mapping.py took 0.147 seconds
[2025-05-21T23:30:37.261+0000] {processor.py:186} INFO - Started process (PID=2018) to work on /home/airflow/.local/lib/python3.12/site-packages/airflow/example_dags/example_dynamic_task_mapping.py
[2025-05-21T23:30:37.264+0000] {processor.py:914} INFO - Processing file /home/airflow/.local/lib/python3.12/site-packages/airflow/example_dags/example_dynamic_task_mapping.py for tasks to queue
[2025-05-21T23:30:37.272+0000] {logging_mixin.py:190} INFO - [2025-05-21T23:30:37.271+0000] {dagbag.py:588} INFO - Filling up the DagBag from /home/airflow/.local/lib/python3.12/site-packages/airflow/example_dags/example_dynamic_task_mapping.py
[2025-05-21T23:30:37.299+0000] {processor.py:925} INFO - DAG(s) 'example_dynamic_task_mapping' retrieved from /home/airflow/.local/lib/python3.12/site-packages/airflow/example_dags/example_dynamic_task_mapping.py
[2025-05-21T23:30:37.348+0000] {logging_mixin.py:190} INFO - [2025-05-21T23:30:37.348+0000] {dag.py:3239} INFO - Sync 1 DAGs
[2025-05-21T23:30:37.380+0000] {logging_mixin.py:190} INFO - [2025-05-21T23:30:37.379+0000] {dag.py:4180} INFO - Setting next_dagrun for example_dynamic_task_mapping to None, run_after=None
[2025-05-21T23:30:37.487+0000] {processor.py:208} INFO - Processing /home/airflow/.local/lib/python3.12/site-packages/airflow/example_dags/example_dynamic_task_mapping.py took 0.238 seconds
[2025-05-21T23:31:07.607+0000] {processor.py:186} INFO - Started process (PID=2084) to work on /home/airflow/.local/lib/python3.12/site-packages/airflow/example_dags/example_dynamic_task_mapping.py
[2025-05-21T23:31:07.609+0000] {processor.py:914} INFO - Processing file /home/airflow/.local/lib/python3.12/site-packages/airflow/example_dags/example_dynamic_task_mapping.py for tasks to queue
[2025-05-21T23:31:07.613+0000] {logging_mixin.py:190} INFO - [2025-05-21T23:31:07.612+0000] {dagbag.py:588} INFO - Filling up the DagBag from /home/airflow/.local/lib/python3.12/site-packages/airflow/example_dags/example_dynamic_task_mapping.py
[2025-05-21T23:31:07.629+0000] {processor.py:925} INFO - DAG(s) 'example_dynamic_task_mapping' retrieved from /home/airflow/.local/lib/python3.12/site-packages/airflow/example_dags/example_dynamic_task_mapping.py
[2025-05-21T23:31:07.668+0000] {logging_mixin.py:190} INFO - [2025-05-21T23:31:07.668+0000] {dag.py:3239} INFO - Sync 1 DAGs
[2025-05-21T23:31:07.697+0000] {logging_mixin.py:190} INFO - [2025-05-21T23:31:07.696+0000] {dag.py:4180} INFO - Setting next_dagrun for example_dynamic_task_mapping to None, run_after=None
[2025-05-21T23:31:07.732+0000] {processor.py:208} INFO - Processing /home/airflow/.local/lib/python3.12/site-packages/airflow/example_dags/example_dynamic_task_mapping.py took 0.137 seconds
[2025-05-21T23:31:38.272+0000] {processor.py:186} INFO - Started process (PID=2150) to work on /home/airflow/.local/lib/python3.12/site-packages/airflow/example_dags/example_dynamic_task_mapping.py
[2025-05-21T23:31:38.274+0000] {processor.py:914} INFO - Processing file /home/airflow/.local/lib/python3.12/site-packages/airflow/example_dags/example_dynamic_task_mapping.py for tasks to queue
[2025-05-21T23:31:38.278+0000] {logging_mixin.py:190} INFO - [2025-05-21T23:31:38.278+0000] {dagbag.py:588} INFO - Filling up the DagBag from /home/airflow/.local/lib/python3.12/site-packages/airflow/example_dags/example_dynamic_task_mapping.py
[2025-05-21T23:31:38.296+0000] {processor.py:925} INFO - DAG(s) 'example_dynamic_task_mapping' retrieved from /home/airflow/.local/lib/python3.12/site-packages/airflow/example_dags/example_dynamic_task_mapping.py
[2025-05-21T23:31:38.336+0000] {logging_mixin.py:190} INFO - [2025-05-21T23:31:38.336+0000] {dag.py:3239} INFO - Sync 1 DAGs
[2025-05-21T23:31:38.365+0000] {logging_mixin.py:190} INFO - [2025-05-21T23:31:38.365+0000] {dag.py:4180} INFO - Setting next_dagrun for example_dynamic_task_mapping to None, run_after=None
[2025-05-21T23:31:38.404+0000] {processor.py:208} INFO - Processing /home/airflow/.local/lib/python3.12/site-packages/airflow/example_dags/example_dynamic_task_mapping.py took 0.143 seconds
[2025-05-21T23:32:08.890+0000] {processor.py:186} INFO - Started process (PID=2216) to work on /home/airflow/.local/lib/python3.12/site-packages/airflow/example_dags/example_dynamic_task_mapping.py
[2025-05-21T23:32:08.893+0000] {processor.py:914} INFO - Processing file /home/airflow/.local/lib/python3.12/site-packages/airflow/example_dags/example_dynamic_task_mapping.py for tasks to queue
[2025-05-21T23:32:08.897+0000] {logging_mixin.py:190} INFO - [2025-05-21T23:32:08.897+0000] {dagbag.py:588} INFO - Filling up the DagBag from /home/airflow/.local/lib/python3.12/site-packages/airflow/example_dags/example_dynamic_task_mapping.py
[2025-05-21T23:32:08.914+0000] {processor.py:925} INFO - DAG(s) 'example_dynamic_task_mapping' retrieved from /home/airflow/.local/lib/python3.12/site-packages/airflow/example_dags/example_dynamic_task_mapping.py
[2025-05-21T23:32:08.955+0000] {logging_mixin.py:190} INFO - [2025-05-21T23:32:08.955+0000] {dag.py:3239} INFO - Sync 1 DAGs
[2025-05-21T23:32:09.004+0000] {logging_mixin.py:190} INFO - [2025-05-21T23:32:09.003+0000] {dag.py:4180} INFO - Setting next_dagrun for example_dynamic_task_mapping to None, run_after=None
[2025-05-21T23:32:09.049+0000] {processor.py:208} INFO - Processing /home/airflow/.local/lib/python3.12/site-packages/airflow/example_dags/example_dynamic_task_mapping.py took 0.169 seconds
[2025-05-21T23:32:39.408+0000] {processor.py:186} INFO - Started process (PID=2281) to work on /home/airflow/.local/lib/python3.12/site-packages/airflow/example_dags/example_dynamic_task_mapping.py
[2025-05-21T23:32:39.410+0000] {processor.py:914} INFO - Processing file /home/airflow/.local/lib/python3.12/site-packages/airflow/example_dags/example_dynamic_task_mapping.py for tasks to queue
[2025-05-21T23:32:39.414+0000] {logging_mixin.py:190} INFO - [2025-05-21T23:32:39.414+0000] {dagbag.py:588} INFO - Filling up the DagBag from /home/airflow/.local/lib/python3.12/site-packages/airflow/example_dags/example_dynamic_task_mapping.py
[2025-05-21T23:32:39.429+0000] {processor.py:925} INFO - DAG(s) 'example_dynamic_task_mapping' retrieved from /home/airflow/.local/lib/python3.12/site-packages/airflow/example_dags/example_dynamic_task_mapping.py
[2025-05-21T23:32:39.467+0000] {logging_mixin.py:190} INFO - [2025-05-21T23:32:39.466+0000] {dag.py:3239} INFO - Sync 1 DAGs
[2025-05-21T23:32:39.496+0000] {logging_mixin.py:190} INFO - [2025-05-21T23:32:39.495+0000] {dag.py:4180} INFO - Setting next_dagrun for example_dynamic_task_mapping to None, run_after=None
[2025-05-21T23:32:39.598+0000] {processor.py:208} INFO - Processing /home/airflow/.local/lib/python3.12/site-packages/airflow/example_dags/example_dynamic_task_mapping.py took 0.201 seconds
[2025-05-21T23:33:09.895+0000] {processor.py:186} INFO - Started process (PID=2347) to work on /home/airflow/.local/lib/python3.12/site-packages/airflow/example_dags/example_dynamic_task_mapping.py
[2025-05-21T23:33:09.898+0000] {processor.py:914} INFO - Processing file /home/airflow/.local/lib/python3.12/site-packages/airflow/example_dags/example_dynamic_task_mapping.py for tasks to queue
[2025-05-21T23:33:09.902+0000] {logging_mixin.py:190} INFO - [2025-05-21T23:33:09.901+0000] {dagbag.py:588} INFO - Filling up the DagBag from /home/airflow/.local/lib/python3.12/site-packages/airflow/example_dags/example_dynamic_task_mapping.py
[2025-05-21T23:33:09.917+0000] {processor.py:925} INFO - DAG(s) 'example_dynamic_task_mapping' retrieved from /home/airflow/.local/lib/python3.12/site-packages/airflow/example_dags/example_dynamic_task_mapping.py
[2025-05-21T23:33:09.961+0000] {logging_mixin.py:190} INFO - [2025-05-21T23:33:09.960+0000] {dag.py:3239} INFO - Sync 1 DAGs
[2025-05-21T23:33:09.992+0000] {logging_mixin.py:190} INFO - [2025-05-21T23:33:09.992+0000] {dag.py:4180} INFO - Setting next_dagrun for example_dynamic_task_mapping to None, run_after=None
[2025-05-21T23:33:10.032+0000] {processor.py:208} INFO - Processing /home/airflow/.local/lib/python3.12/site-packages/airflow/example_dags/example_dynamic_task_mapping.py took 0.148 seconds
[2025-05-21T23:33:40.946+0000] {processor.py:186} INFO - Started process (PID=2413) to work on /home/airflow/.local/lib/python3.12/site-packages/airflow/example_dags/example_dynamic_task_mapping.py
[2025-05-21T23:33:40.947+0000] {processor.py:914} INFO - Processing file /home/airflow/.local/lib/python3.12/site-packages/airflow/example_dags/example_dynamic_task_mapping.py for tasks to queue
[2025-05-21T23:33:40.951+0000] {logging_mixin.py:190} INFO - [2025-05-21T23:33:40.951+0000] {dagbag.py:588} INFO - Filling up the DagBag from /home/airflow/.local/lib/python3.12/site-packages/airflow/example_dags/example_dynamic_task_mapping.py
[2025-05-21T23:33:40.968+0000] {processor.py:925} INFO - DAG(s) 'example_dynamic_task_mapping' retrieved from /home/airflow/.local/lib/python3.12/site-packages/airflow/example_dags/example_dynamic_task_mapping.py
[2025-05-21T23:33:41.007+0000] {logging_mixin.py:190} INFO - [2025-05-21T23:33:41.006+0000] {dag.py:3239} INFO - Sync 1 DAGs
[2025-05-21T23:33:41.040+0000] {logging_mixin.py:190} INFO - [2025-05-21T23:33:41.039+0000] {dag.py:4180} INFO - Setting next_dagrun for example_dynamic_task_mapping to None, run_after=None
[2025-05-21T23:33:41.080+0000] {processor.py:208} INFO - Processing /home/airflow/.local/lib/python3.12/site-packages/airflow/example_dags/example_dynamic_task_mapping.py took 0.146 seconds
[2025-05-21T23:34:11.804+0000] {processor.py:186} INFO - Started process (PID=2478) to work on /home/airflow/.local/lib/python3.12/site-packages/airflow/example_dags/example_dynamic_task_mapping.py
[2025-05-21T23:34:11.807+0000] {processor.py:914} INFO - Processing file /home/airflow/.local/lib/python3.12/site-packages/airflow/example_dags/example_dynamic_task_mapping.py for tasks to queue
[2025-05-21T23:34:11.811+0000] {logging_mixin.py:190} INFO - [2025-05-21T23:34:11.811+0000] {dagbag.py:588} INFO - Filling up the DagBag from /home/airflow/.local/lib/python3.12/site-packages/airflow/example_dags/example_dynamic_task_mapping.py
[2025-05-21T23:34:11.829+0000] {processor.py:925} INFO - DAG(s) 'example_dynamic_task_mapping' retrieved from /home/airflow/.local/lib/python3.12/site-packages/airflow/example_dags/example_dynamic_task_mapping.py
[2025-05-21T23:34:11.871+0000] {logging_mixin.py:190} INFO - [2025-05-21T23:34:11.870+0000] {dag.py:3239} INFO - Sync 1 DAGs
[2025-05-21T23:34:11.902+0000] {logging_mixin.py:190} INFO - [2025-05-21T23:34:11.901+0000] {dag.py:4180} INFO - Setting next_dagrun for example_dynamic_task_mapping to None, run_after=None
[2025-05-21T23:34:12.008+0000] {processor.py:208} INFO - Processing /home/airflow/.local/lib/python3.12/site-packages/airflow/example_dags/example_dynamic_task_mapping.py took 0.215 seconds
[2025-05-21T23:34:43.056+0000] {processor.py:186} INFO - Started process (PID=2544) to work on /home/airflow/.local/lib/python3.12/site-packages/airflow/example_dags/example_dynamic_task_mapping.py
[2025-05-21T23:34:43.059+0000] {processor.py:914} INFO - Processing file /home/airflow/.local/lib/python3.12/site-packages/airflow/example_dags/example_dynamic_task_mapping.py for tasks to queue
[2025-05-21T23:34:43.063+0000] {logging_mixin.py:190} INFO - [2025-05-21T23:34:43.062+0000] {dagbag.py:588} INFO - Filling up the DagBag from /home/airflow/.local/lib/python3.12/site-packages/airflow/example_dags/example_dynamic_task_mapping.py
[2025-05-21T23:34:43.077+0000] {processor.py:925} INFO - DAG(s) 'example_dynamic_task_mapping' retrieved from /home/airflow/.local/lib/python3.12/site-packages/airflow/example_dags/example_dynamic_task_mapping.py
[2025-05-21T23:34:43.118+0000] {logging_mixin.py:190} INFO - [2025-05-21T23:34:43.118+0000] {dag.py:3239} INFO - Sync 1 DAGs
[2025-05-21T23:34:43.154+0000] {logging_mixin.py:190} INFO - [2025-05-21T23:34:43.153+0000] {dag.py:4180} INFO - Setting next_dagrun for example_dynamic_task_mapping to None, run_after=None
[2025-05-21T23:34:43.262+0000] {processor.py:208} INFO - Processing /home/airflow/.local/lib/python3.12/site-packages/airflow/example_dags/example_dynamic_task_mapping.py took 0.219 seconds
[2025-05-21T23:35:13.400+0000] {processor.py:186} INFO - Started process (PID=2609) to work on /home/airflow/.local/lib/python3.12/site-packages/airflow/example_dags/example_dynamic_task_mapping.py
[2025-05-21T23:35:13.402+0000] {processor.py:914} INFO - Processing file /home/airflow/.local/lib/python3.12/site-packages/airflow/example_dags/example_dynamic_task_mapping.py for tasks to queue
[2025-05-21T23:35:13.407+0000] {logging_mixin.py:190} INFO - [2025-05-21T23:35:13.406+0000] {dagbag.py:588} INFO - Filling up the DagBag from /home/airflow/.local/lib/python3.12/site-packages/airflow/example_dags/example_dynamic_task_mapping.py
[2025-05-21T23:35:13.422+0000] {processor.py:925} INFO - DAG(s) 'example_dynamic_task_mapping' retrieved from /home/airflow/.local/lib/python3.12/site-packages/airflow/example_dags/example_dynamic_task_mapping.py
[2025-05-21T23:35:13.465+0000] {logging_mixin.py:190} INFO - [2025-05-21T23:35:13.465+0000] {dag.py:3239} INFO - Sync 1 DAGs
[2025-05-21T23:35:13.506+0000] {logging_mixin.py:190} INFO - [2025-05-21T23:35:13.506+0000] {dag.py:4180} INFO - Setting next_dagrun for example_dynamic_task_mapping to None, run_after=None
[2025-05-21T23:35:13.610+0000] {processor.py:208} INFO - Processing /home/airflow/.local/lib/python3.12/site-packages/airflow/example_dags/example_dynamic_task_mapping.py took 0.222 seconds
[2025-05-21T23:35:44.292+0000] {processor.py:186} INFO - Started process (PID=2675) to work on /home/airflow/.local/lib/python3.12/site-packages/airflow/example_dags/example_dynamic_task_mapping.py
[2025-05-21T23:35:44.295+0000] {processor.py:914} INFO - Processing file /home/airflow/.local/lib/python3.12/site-packages/airflow/example_dags/example_dynamic_task_mapping.py for tasks to queue
[2025-05-21T23:35:44.299+0000] {logging_mixin.py:190} INFO - [2025-05-21T23:35:44.299+0000] {dagbag.py:588} INFO - Filling up the DagBag from /home/airflow/.local/lib/python3.12/site-packages/airflow/example_dags/example_dynamic_task_mapping.py
[2025-05-21T23:35:44.318+0000] {processor.py:925} INFO - DAG(s) 'example_dynamic_task_mapping' retrieved from /home/airflow/.local/lib/python3.12/site-packages/airflow/example_dags/example_dynamic_task_mapping.py
[2025-05-21T23:35:44.368+0000] {logging_mixin.py:190} INFO - [2025-05-21T23:35:44.368+0000] {dag.py:3239} INFO - Sync 1 DAGs
[2025-05-21T23:35:44.405+0000] {logging_mixin.py:190} INFO - [2025-05-21T23:35:44.404+0000] {dag.py:4180} INFO - Setting next_dagrun for example_dynamic_task_mapping to None, run_after=None
[2025-05-21T23:35:44.448+0000] {processor.py:208} INFO - Processing /home/airflow/.local/lib/python3.12/site-packages/airflow/example_dags/example_dynamic_task_mapping.py took 0.169 seconds
[2025-05-21T23:36:14.685+0000] {processor.py:186} INFO - Started process (PID=2741) to work on /home/airflow/.local/lib/python3.12/site-packages/airflow/example_dags/example_dynamic_task_mapping.py
[2025-05-21T23:36:14.691+0000] {processor.py:914} INFO - Processing file /home/airflow/.local/lib/python3.12/site-packages/airflow/example_dags/example_dynamic_task_mapping.py for tasks to queue
[2025-05-21T23:36:14.697+0000] {logging_mixin.py:190} INFO - [2025-05-21T23:36:14.697+0000] {dagbag.py:588} INFO - Filling up the DagBag from /home/airflow/.local/lib/python3.12/site-packages/airflow/example_dags/example_dynamic_task_mapping.py
[2025-05-21T23:36:14.717+0000] {processor.py:925} INFO - DAG(s) 'example_dynamic_task_mapping' retrieved from /home/airflow/.local/lib/python3.12/site-packages/airflow/example_dags/example_dynamic_task_mapping.py
[2025-05-21T23:36:14.759+0000] {logging_mixin.py:190} INFO - [2025-05-21T23:36:14.758+0000] {dag.py:3239} INFO - Sync 1 DAGs
[2025-05-21T23:36:14.793+0000] {logging_mixin.py:190} INFO - [2025-05-21T23:36:14.792+0000] {dag.py:4180} INFO - Setting next_dagrun for example_dynamic_task_mapping to None, run_after=None
[2025-05-21T23:36:14.850+0000] {processor.py:208} INFO - Processing /home/airflow/.local/lib/python3.12/site-packages/airflow/example_dags/example_dynamic_task_mapping.py took 0.177 seconds
[2025-05-21T23:36:45.359+0000] {processor.py:186} INFO - Started process (PID=2807) to work on /home/airflow/.local/lib/python3.12/site-packages/airflow/example_dags/example_dynamic_task_mapping.py
[2025-05-21T23:36:45.362+0000] {processor.py:914} INFO - Processing file /home/airflow/.local/lib/python3.12/site-packages/airflow/example_dags/example_dynamic_task_mapping.py for tasks to queue
[2025-05-21T23:36:45.367+0000] {logging_mixin.py:190} INFO - [2025-05-21T23:36:45.366+0000] {dagbag.py:588} INFO - Filling up the DagBag from /home/airflow/.local/lib/python3.12/site-packages/airflow/example_dags/example_dynamic_task_mapping.py
[2025-05-21T23:36:45.388+0000] {processor.py:925} INFO - DAG(s) 'example_dynamic_task_mapping' retrieved from /home/airflow/.local/lib/python3.12/site-packages/airflow/example_dags/example_dynamic_task_mapping.py
[2025-05-21T23:36:45.433+0000] {logging_mixin.py:190} INFO - [2025-05-21T23:36:45.433+0000] {dag.py:3239} INFO - Sync 1 DAGs
[2025-05-21T23:36:45.466+0000] {logging_mixin.py:190} INFO - [2025-05-21T23:36:45.465+0000] {dag.py:4180} INFO - Setting next_dagrun for example_dynamic_task_mapping to None, run_after=None
[2025-05-21T23:36:45.572+0000] {processor.py:208} INFO - Processing /home/airflow/.local/lib/python3.12/site-packages/airflow/example_dags/example_dynamic_task_mapping.py took 0.225 seconds
[2025-05-21T23:37:15.830+0000] {processor.py:186} INFO - Started process (PID=2873) to work on /home/airflow/.local/lib/python3.12/site-packages/airflow/example_dags/example_dynamic_task_mapping.py
[2025-05-21T23:37:15.832+0000] {processor.py:914} INFO - Processing file /home/airflow/.local/lib/python3.12/site-packages/airflow/example_dags/example_dynamic_task_mapping.py for tasks to queue
[2025-05-21T23:37:15.837+0000] {logging_mixin.py:190} INFO - [2025-05-21T23:37:15.836+0000] {dagbag.py:588} INFO - Filling up the DagBag from /home/airflow/.local/lib/python3.12/site-packages/airflow/example_dags/example_dynamic_task_mapping.py
[2025-05-21T23:37:15.859+0000] {processor.py:925} INFO - DAG(s) 'example_dynamic_task_mapping' retrieved from /home/airflow/.local/lib/python3.12/site-packages/airflow/example_dags/example_dynamic_task_mapping.py
[2025-05-21T23:37:15.906+0000] {logging_mixin.py:190} INFO - [2025-05-21T23:37:15.905+0000] {dag.py:3239} INFO - Sync 1 DAGs
[2025-05-21T23:37:15.938+0000] {logging_mixin.py:190} INFO - [2025-05-21T23:37:15.938+0000] {dag.py:4180} INFO - Setting next_dagrun for example_dynamic_task_mapping to None, run_after=None
[2025-05-21T23:37:16.046+0000] {processor.py:208} INFO - Processing /home/airflow/.local/lib/python3.12/site-packages/airflow/example_dags/example_dynamic_task_mapping.py took 0.228 seconds
[2025-05-21T23:41:24.039+0000] {processor.py:186} INFO - Started process (PID=101) to work on /home/airflow/.local/lib/python3.12/site-packages/airflow/example_dags/example_dynamic_task_mapping.py
[2025-05-21T23:41:24.041+0000] {processor.py:914} INFO - Processing file /home/airflow/.local/lib/python3.12/site-packages/airflow/example_dags/example_dynamic_task_mapping.py for tasks to queue
[2025-05-21T23:41:24.046+0000] {logging_mixin.py:190} INFO - [2025-05-21T23:41:24.045+0000] {dagbag.py:588} INFO - Filling up the DagBag from /home/airflow/.local/lib/python3.12/site-packages/airflow/example_dags/example_dynamic_task_mapping.py
[2025-05-21T23:41:24.062+0000] {processor.py:925} INFO - DAG(s) 'example_dynamic_task_mapping' retrieved from /home/airflow/.local/lib/python3.12/site-packages/airflow/example_dags/example_dynamic_task_mapping.py
[2025-05-21T23:41:24.337+0000] {logging_mixin.py:190} INFO - [2025-05-21T23:41:24.336+0000] {override.py:1930} INFO - Created Permission View: can read on DAG:example_dynamic_task_mapping
[2025-05-21T23:41:24.362+0000] {logging_mixin.py:190} INFO - [2025-05-21T23:41:24.361+0000] {override.py:1930} INFO - Created Permission View: can delete on DAG:example_dynamic_task_mapping
[2025-05-21T23:41:24.379+0000] {logging_mixin.py:190} INFO - [2025-05-21T23:41:24.378+0000] {override.py:1930} INFO - Created Permission View: can edit on DAG:example_dynamic_task_mapping
[2025-05-21T23:41:24.399+0000] {logging_mixin.py:190} INFO - [2025-05-21T23:41:24.398+0000] {override.py:1930} INFO - Created Permission View: can read on DAG Run:example_dynamic_task_mapping
[2025-05-21T23:41:24.416+0000] {logging_mixin.py:190} INFO - [2025-05-21T23:41:24.415+0000] {override.py:1930} INFO - Created Permission View: can delete on DAG Run:example_dynamic_task_mapping
[2025-05-21T23:41:24.433+0000] {logging_mixin.py:190} INFO - [2025-05-21T23:41:24.432+0000] {override.py:1930} INFO - Created Permission View: menu access on DAG Run:example_dynamic_task_mapping
[2025-05-21T23:41:24.449+0000] {logging_mixin.py:190} INFO - [2025-05-21T23:41:24.448+0000] {override.py:1930} INFO - Created Permission View: can create on DAG Run:example_dynamic_task_mapping
[2025-05-21T23:41:24.450+0000] {logging_mixin.py:190} INFO - [2025-05-21T23:41:24.450+0000] {dag.py:3239} INFO - Sync 1 DAGs
[2025-05-21T23:41:24.487+0000] {logging_mixin.py:190} INFO - [2025-05-21T23:41:24.486+0000] {dag.py:3262} INFO - Creating ORM DAG for example_dynamic_task_mapping
[2025-05-21T23:41:24.489+0000] {logging_mixin.py:190} INFO - [2025-05-21T23:41:24.489+0000] {dag.py:4180} INFO - Setting next_dagrun for example_dynamic_task_mapping to None, run_after=None
[2025-05-21T23:41:24.524+0000] {processor.py:208} INFO - Processing /home/airflow/.local/lib/python3.12/site-packages/airflow/example_dags/example_dynamic_task_mapping.py took 0.499 seconds
[2025-05-21T23:41:55.294+0000] {processor.py:186} INFO - Started process (PID=167) to work on /home/airflow/.local/lib/python3.12/site-packages/airflow/example_dags/example_dynamic_task_mapping.py
[2025-05-21T23:41:55.296+0000] {processor.py:914} INFO - Processing file /home/airflow/.local/lib/python3.12/site-packages/airflow/example_dags/example_dynamic_task_mapping.py for tasks to queue
[2025-05-21T23:41:55.302+0000] {logging_mixin.py:190} INFO - [2025-05-21T23:41:55.301+0000] {dagbag.py:588} INFO - Filling up the DagBag from /home/airflow/.local/lib/python3.12/site-packages/airflow/example_dags/example_dynamic_task_mapping.py
[2025-05-21T23:41:55.319+0000] {processor.py:925} INFO - DAG(s) 'example_dynamic_task_mapping' retrieved from /home/airflow/.local/lib/python3.12/site-packages/airflow/example_dags/example_dynamic_task_mapping.py
[2025-05-21T23:41:55.364+0000] {logging_mixin.py:190} INFO - [2025-05-21T23:41:55.364+0000] {dag.py:3239} INFO - Sync 1 DAGs
[2025-05-21T23:41:55.399+0000] {logging_mixin.py:190} INFO - [2025-05-21T23:41:55.399+0000] {dag.py:4180} INFO - Setting next_dagrun for example_dynamic_task_mapping to None, run_after=None
[2025-05-21T23:41:55.479+0000] {processor.py:208} INFO - Processing /home/airflow/.local/lib/python3.12/site-packages/airflow/example_dags/example_dynamic_task_mapping.py took 0.197 seconds
[2025-05-21T23:42:25.762+0000] {processor.py:186} INFO - Started process (PID=233) to work on /home/airflow/.local/lib/python3.12/site-packages/airflow/example_dags/example_dynamic_task_mapping.py
[2025-05-21T23:42:25.764+0000] {processor.py:914} INFO - Processing file /home/airflow/.local/lib/python3.12/site-packages/airflow/example_dags/example_dynamic_task_mapping.py for tasks to queue
[2025-05-21T23:42:25.768+0000] {logging_mixin.py:190} INFO - [2025-05-21T23:42:25.768+0000] {dagbag.py:588} INFO - Filling up the DagBag from /home/airflow/.local/lib/python3.12/site-packages/airflow/example_dags/example_dynamic_task_mapping.py
[2025-05-21T23:42:25.788+0000] {processor.py:925} INFO - DAG(s) 'example_dynamic_task_mapping' retrieved from /home/airflow/.local/lib/python3.12/site-packages/airflow/example_dags/example_dynamic_task_mapping.py
[2025-05-21T23:42:25.825+0000] {logging_mixin.py:190} INFO - [2025-05-21T23:42:25.824+0000] {dag.py:3239} INFO - Sync 1 DAGs
[2025-05-21T23:42:25.854+0000] {logging_mixin.py:190} INFO - [2025-05-21T23:42:25.854+0000] {dag.py:4180} INFO - Setting next_dagrun for example_dynamic_task_mapping to None, run_after=None
[2025-05-21T23:42:25.895+0000] {processor.py:208} INFO - Processing /home/airflow/.local/lib/python3.12/site-packages/airflow/example_dags/example_dynamic_task_mapping.py took 0.146 seconds
[2025-05-21T23:42:56.785+0000] {processor.py:186} INFO - Started process (PID=305) to work on /home/airflow/.local/lib/python3.12/site-packages/airflow/example_dags/example_dynamic_task_mapping.py
[2025-05-21T23:42:56.788+0000] {processor.py:914} INFO - Processing file /home/airflow/.local/lib/python3.12/site-packages/airflow/example_dags/example_dynamic_task_mapping.py for tasks to queue
[2025-05-21T23:42:56.793+0000] {logging_mixin.py:190} INFO - [2025-05-21T23:42:56.792+0000] {dagbag.py:588} INFO - Filling up the DagBag from /home/airflow/.local/lib/python3.12/site-packages/airflow/example_dags/example_dynamic_task_mapping.py
[2025-05-21T23:42:56.810+0000] {processor.py:925} INFO - DAG(s) 'example_dynamic_task_mapping' retrieved from /home/airflow/.local/lib/python3.12/site-packages/airflow/example_dags/example_dynamic_task_mapping.py
[2025-05-21T23:42:56.852+0000] {logging_mixin.py:190} INFO - [2025-05-21T23:42:56.852+0000] {dag.py:3239} INFO - Sync 1 DAGs
[2025-05-21T23:42:56.886+0000] {logging_mixin.py:190} INFO - [2025-05-21T23:42:56.885+0000] {dag.py:4180} INFO - Setting next_dagrun for example_dynamic_task_mapping to None, run_after=None
[2025-05-21T23:42:56.927+0000] {processor.py:208} INFO - Processing /home/airflow/.local/lib/python3.12/site-packages/airflow/example_dags/example_dynamic_task_mapping.py took 0.157 seconds
[2025-05-21T23:43:27.202+0000] {processor.py:186} INFO - Started process (PID=370) to work on /home/airflow/.local/lib/python3.12/site-packages/airflow/example_dags/example_dynamic_task_mapping.py
[2025-05-21T23:43:27.204+0000] {processor.py:914} INFO - Processing file /home/airflow/.local/lib/python3.12/site-packages/airflow/example_dags/example_dynamic_task_mapping.py for tasks to queue
[2025-05-21T23:43:27.209+0000] {logging_mixin.py:190} INFO - [2025-05-21T23:43:27.209+0000] {dagbag.py:588} INFO - Filling up the DagBag from /home/airflow/.local/lib/python3.12/site-packages/airflow/example_dags/example_dynamic_task_mapping.py
[2025-05-21T23:43:27.227+0000] {processor.py:925} INFO - DAG(s) 'example_dynamic_task_mapping' retrieved from /home/airflow/.local/lib/python3.12/site-packages/airflow/example_dags/example_dynamic_task_mapping.py
[2025-05-21T23:43:27.269+0000] {logging_mixin.py:190} INFO - [2025-05-21T23:43:27.268+0000] {dag.py:3239} INFO - Sync 1 DAGs
[2025-05-21T23:43:27.299+0000] {logging_mixin.py:190} INFO - [2025-05-21T23:43:27.298+0000] {dag.py:4180} INFO - Setting next_dagrun for example_dynamic_task_mapping to None, run_after=None
[2025-05-21T23:43:27.381+0000] {processor.py:208} INFO - Processing /home/airflow/.local/lib/python3.12/site-packages/airflow/example_dags/example_dynamic_task_mapping.py took 0.192 seconds
[2025-05-21T23:43:57.596+0000] {processor.py:186} INFO - Started process (PID=436) to work on /home/airflow/.local/lib/python3.12/site-packages/airflow/example_dags/example_dynamic_task_mapping.py
[2025-05-21T23:43:57.599+0000] {processor.py:914} INFO - Processing file /home/airflow/.local/lib/python3.12/site-packages/airflow/example_dags/example_dynamic_task_mapping.py for tasks to queue
[2025-05-21T23:43:57.604+0000] {logging_mixin.py:190} INFO - [2025-05-21T23:43:57.603+0000] {dagbag.py:588} INFO - Filling up the DagBag from /home/airflow/.local/lib/python3.12/site-packages/airflow/example_dags/example_dynamic_task_mapping.py
[2025-05-21T23:43:57.621+0000] {processor.py:925} INFO - DAG(s) 'example_dynamic_task_mapping' retrieved from /home/airflow/.local/lib/python3.12/site-packages/airflow/example_dags/example_dynamic_task_mapping.py
[2025-05-21T23:43:57.663+0000] {logging_mixin.py:190} INFO - [2025-05-21T23:43:57.663+0000] {dag.py:3239} INFO - Sync 1 DAGs
[2025-05-21T23:43:57.700+0000] {logging_mixin.py:190} INFO - [2025-05-21T23:43:57.699+0000] {dag.py:4180} INFO - Setting next_dagrun for example_dynamic_task_mapping to None, run_after=None
[2025-05-21T23:43:57.785+0000] {processor.py:208} INFO - Processing /home/airflow/.local/lib/python3.12/site-packages/airflow/example_dags/example_dynamic_task_mapping.py took 0.202 seconds
[2025-05-21T23:44:28.284+0000] {processor.py:186} INFO - Started process (PID=502) to work on /home/airflow/.local/lib/python3.12/site-packages/airflow/example_dags/example_dynamic_task_mapping.py
[2025-05-21T23:44:28.286+0000] {processor.py:914} INFO - Processing file /home/airflow/.local/lib/python3.12/site-packages/airflow/example_dags/example_dynamic_task_mapping.py for tasks to queue
[2025-05-21T23:44:28.291+0000] {logging_mixin.py:190} INFO - [2025-05-21T23:44:28.291+0000] {dagbag.py:588} INFO - Filling up the DagBag from /home/airflow/.local/lib/python3.12/site-packages/airflow/example_dags/example_dynamic_task_mapping.py
[2025-05-21T23:44:28.308+0000] {processor.py:925} INFO - DAG(s) 'example_dynamic_task_mapping' retrieved from /home/airflow/.local/lib/python3.12/site-packages/airflow/example_dags/example_dynamic_task_mapping.py
[2025-05-21T23:44:28.352+0000] {logging_mixin.py:190} INFO - [2025-05-21T23:44:28.351+0000] {dag.py:3239} INFO - Sync 1 DAGs
[2025-05-21T23:44:28.382+0000] {logging_mixin.py:190} INFO - [2025-05-21T23:44:28.382+0000] {dag.py:4180} INFO - Setting next_dagrun for example_dynamic_task_mapping to None, run_after=None
[2025-05-21T23:44:28.462+0000] {processor.py:208} INFO - Processing /home/airflow/.local/lib/python3.12/site-packages/airflow/example_dags/example_dynamic_task_mapping.py took 0.189 seconds
[2025-05-21T23:44:58.994+0000] {processor.py:186} INFO - Started process (PID=568) to work on /home/airflow/.local/lib/python3.12/site-packages/airflow/example_dags/example_dynamic_task_mapping.py
[2025-05-21T23:44:58.997+0000] {processor.py:914} INFO - Processing file /home/airflow/.local/lib/python3.12/site-packages/airflow/example_dags/example_dynamic_task_mapping.py for tasks to queue
[2025-05-21T23:44:59.001+0000] {logging_mixin.py:190} INFO - [2025-05-21T23:44:59.000+0000] {dagbag.py:588} INFO - Filling up the DagBag from /home/airflow/.local/lib/python3.12/site-packages/airflow/example_dags/example_dynamic_task_mapping.py
[2025-05-21T23:44:59.018+0000] {processor.py:925} INFO - DAG(s) 'example_dynamic_task_mapping' retrieved from /home/airflow/.local/lib/python3.12/site-packages/airflow/example_dags/example_dynamic_task_mapping.py
[2025-05-21T23:44:59.063+0000] {logging_mixin.py:190} INFO - [2025-05-21T23:44:59.063+0000] {dag.py:3239} INFO - Sync 1 DAGs
[2025-05-21T23:44:59.091+0000] {logging_mixin.py:190} INFO - [2025-05-21T23:44:59.091+0000] {dag.py:4180} INFO - Setting next_dagrun for example_dynamic_task_mapping to None, run_after=None
[2025-05-21T23:44:59.130+0000] {processor.py:208} INFO - Processing /home/airflow/.local/lib/python3.12/site-packages/airflow/example_dags/example_dynamic_task_mapping.py took 0.150 seconds
