[2025-05-21T23:15:45.730+0000] {processor.py:186} INFO - Started process (PID=109) to work on /home/airflow/.local/lib/python3.12/site-packages/airflow/example_dags/example_xcom.py
[2025-05-21T23:15:45.733+0000] {processor.py:914} INFO - Processing file /home/airflow/.local/lib/python3.12/site-packages/airflow/example_dags/example_xcom.py for tasks to queue
[2025-05-21T23:15:45.740+0000] {logging_mixin.py:190} INFO - [2025-05-21T23:15:45.739+0000] {dagbag.py:588} INFO - Filling up the DagBag from /home/airflow/.local/lib/python3.12/site-packages/airflow/example_dags/example_xcom.py
[2025-05-21T23:15:45.765+0000] {processor.py:925} INFO - DAG(s) 'example_xcom' retrieved from /home/airflow/.local/lib/python3.12/site-packages/airflow/example_dags/example_xcom.py
[2025-05-21T23:15:46.043+0000] {logging_mixin.py:190} INFO - [2025-05-21T23:15:46.041+0000] {override.py:1930} INFO - Created Permission View: can delete on DAG:example_xcom
[2025-05-21T23:15:46.076+0000] {logging_mixin.py:190} INFO - [2025-05-21T23:15:46.075+0000] {override.py:1930} INFO - Created Permission View: can read on DAG:example_xcom
[2025-05-21T23:15:46.101+0000] {logging_mixin.py:190} INFO - [2025-05-21T23:15:46.100+0000] {override.py:1930} INFO - Created Permission View: can edit on DAG:example_xcom
[2025-05-21T23:15:46.121+0000] {logging_mixin.py:190} INFO - [2025-05-21T23:15:46.120+0000] {override.py:1930} INFO - Created Permission View: can delete on DAG Run:example_xcom
[2025-05-21T23:15:46.140+0000] {logging_mixin.py:190} INFO - [2025-05-21T23:15:46.139+0000] {override.py:1930} INFO - Created Permission View: can read on DAG Run:example_xcom
[2025-05-21T23:15:46.158+0000] {logging_mixin.py:190} INFO - [2025-05-21T23:15:46.157+0000] {override.py:1930} INFO - Created Permission View: menu access on DAG Run:example_xcom
[2025-05-21T23:15:46.176+0000] {logging_mixin.py:190} INFO - [2025-05-21T23:15:46.175+0000] {override.py:1930} INFO - Created Permission View: can create on DAG Run:example_xcom
[2025-05-21T23:15:46.177+0000] {logging_mixin.py:190} INFO - [2025-05-21T23:15:46.177+0000] {dag.py:3239} INFO - Sync 1 DAGs
[2025-05-21T23:15:46.210+0000] {logging_mixin.py:190} INFO - [2025-05-21T23:15:46.209+0000] {dag.py:3262} INFO - Creating ORM DAG for example_xcom
[2025-05-21T23:15:46.232+0000] {logging_mixin.py:190} INFO - [2025-05-21T23:15:46.231+0000] {dag.py:4180} INFO - Setting next_dagrun for example_xcom to 2021-01-01 00:00:00+00:00, run_after=2021-01-01 00:00:00+00:00
[2025-05-21T23:15:46.272+0000] {processor.py:208} INFO - Processing /home/airflow/.local/lib/python3.12/site-packages/airflow/example_dags/example_xcom.py took 0.563 seconds
[2025-05-21T23:16:16.411+0000] {processor.py:186} INFO - Started process (PID=175) to work on /home/airflow/.local/lib/python3.12/site-packages/airflow/example_dags/example_xcom.py
[2025-05-21T23:16:16.414+0000] {processor.py:914} INFO - Processing file /home/airflow/.local/lib/python3.12/site-packages/airflow/example_dags/example_xcom.py for tasks to queue
[2025-05-21T23:16:16.418+0000] {logging_mixin.py:190} INFO - [2025-05-21T23:16:16.418+0000] {dagbag.py:588} INFO - Filling up the DagBag from /home/airflow/.local/lib/python3.12/site-packages/airflow/example_dags/example_xcom.py
[2025-05-21T23:16:16.437+0000] {processor.py:925} INFO - DAG(s) 'example_xcom' retrieved from /home/airflow/.local/lib/python3.12/site-packages/airflow/example_dags/example_xcom.py
[2025-05-21T23:16:16.485+0000] {logging_mixin.py:190} INFO - [2025-05-21T23:16:16.484+0000] {dag.py:3239} INFO - Sync 1 DAGs
[2025-05-21T23:16:16.538+0000] {logging_mixin.py:190} INFO - [2025-05-21T23:16:16.537+0000] {dag.py:4180} INFO - Setting next_dagrun for example_xcom to 2021-01-01 00:00:00+00:00, run_after=2021-01-01 00:00:00+00:00
[2025-05-21T23:16:16.647+0000] {processor.py:208} INFO - Processing /home/airflow/.local/lib/python3.12/site-packages/airflow/example_dags/example_xcom.py took 0.246 seconds
[2025-05-21T23:16:46.785+0000] {processor.py:186} INFO - Started process (PID=241) to work on /home/airflow/.local/lib/python3.12/site-packages/airflow/example_dags/example_xcom.py
[2025-05-21T23:16:46.787+0000] {processor.py:914} INFO - Processing file /home/airflow/.local/lib/python3.12/site-packages/airflow/example_dags/example_xcom.py for tasks to queue
[2025-05-21T23:16:46.791+0000] {logging_mixin.py:190} INFO - [2025-05-21T23:16:46.790+0000] {dagbag.py:588} INFO - Filling up the DagBag from /home/airflow/.local/lib/python3.12/site-packages/airflow/example_dags/example_xcom.py
[2025-05-21T23:16:46.821+0000] {processor.py:925} INFO - DAG(s) 'example_xcom' retrieved from /home/airflow/.local/lib/python3.12/site-packages/airflow/example_dags/example_xcom.py
[2025-05-21T23:16:46.868+0000] {logging_mixin.py:190} INFO - [2025-05-21T23:16:46.867+0000] {dag.py:3239} INFO - Sync 1 DAGs
[2025-05-21T23:16:46.914+0000] {logging_mixin.py:190} INFO - [2025-05-21T23:16:46.913+0000] {dag.py:4180} INFO - Setting next_dagrun for example_xcom to 2021-01-01 00:00:00+00:00, run_after=2021-01-01 00:00:00+00:00
[2025-05-21T23:16:46.953+0000] {processor.py:208} INFO - Processing /home/airflow/.local/lib/python3.12/site-packages/airflow/example_dags/example_xcom.py took 0.182 seconds
[2025-05-21T23:17:17.622+0000] {processor.py:186} INFO - Started process (PID=311) to work on /home/airflow/.local/lib/python3.12/site-packages/airflow/example_dags/example_xcom.py
[2025-05-21T23:17:17.625+0000] {processor.py:914} INFO - Processing file /home/airflow/.local/lib/python3.12/site-packages/airflow/example_dags/example_xcom.py for tasks to queue
[2025-05-21T23:17:17.630+0000] {logging_mixin.py:190} INFO - [2025-05-21T23:17:17.629+0000] {dagbag.py:588} INFO - Filling up the DagBag from /home/airflow/.local/lib/python3.12/site-packages/airflow/example_dags/example_xcom.py
[2025-05-21T23:17:17.650+0000] {processor.py:925} INFO - DAG(s) 'example_xcom' retrieved from /home/airflow/.local/lib/python3.12/site-packages/airflow/example_dags/example_xcom.py
[2025-05-21T23:17:17.699+0000] {logging_mixin.py:190} INFO - [2025-05-21T23:17:17.699+0000] {dag.py:3239} INFO - Sync 1 DAGs
[2025-05-21T23:17:17.753+0000] {logging_mixin.py:190} INFO - [2025-05-21T23:17:17.753+0000] {dag.py:4180} INFO - Setting next_dagrun for example_xcom to 2021-01-01 00:00:00+00:00, run_after=2021-01-01 00:00:00+00:00
[2025-05-21T23:17:17.794+0000] {processor.py:208} INFO - Processing /home/airflow/.local/lib/python3.12/site-packages/airflow/example_dags/example_xcom.py took 0.187 seconds
[2025-05-21T23:17:47.970+0000] {processor.py:186} INFO - Started process (PID=377) to work on /home/airflow/.local/lib/python3.12/site-packages/airflow/example_dags/example_xcom.py
[2025-05-21T23:17:47.972+0000] {processor.py:914} INFO - Processing file /home/airflow/.local/lib/python3.12/site-packages/airflow/example_dags/example_xcom.py for tasks to queue
[2025-05-21T23:17:47.976+0000] {logging_mixin.py:190} INFO - [2025-05-21T23:17:47.976+0000] {dagbag.py:588} INFO - Filling up the DagBag from /home/airflow/.local/lib/python3.12/site-packages/airflow/example_dags/example_xcom.py
[2025-05-21T23:17:47.996+0000] {processor.py:925} INFO - DAG(s) 'example_xcom' retrieved from /home/airflow/.local/lib/python3.12/site-packages/airflow/example_dags/example_xcom.py
[2025-05-21T23:17:48.045+0000] {logging_mixin.py:190} INFO - [2025-05-21T23:17:48.045+0000] {dag.py:3239} INFO - Sync 1 DAGs
[2025-05-21T23:17:48.095+0000] {logging_mixin.py:190} INFO - [2025-05-21T23:17:48.095+0000] {dag.py:4180} INFO - Setting next_dagrun for example_xcom to 2021-01-01 00:00:00+00:00, run_after=2021-01-01 00:00:00+00:00
[2025-05-21T23:17:48.151+0000] {processor.py:208} INFO - Processing /home/airflow/.local/lib/python3.12/site-packages/airflow/example_dags/example_xcom.py took 0.196 seconds
[2025-05-21T23:18:18.573+0000] {processor.py:186} INFO - Started process (PID=442) to work on /home/airflow/.local/lib/python3.12/site-packages/airflow/example_dags/example_xcom.py
[2025-05-21T23:18:18.576+0000] {processor.py:914} INFO - Processing file /home/airflow/.local/lib/python3.12/site-packages/airflow/example_dags/example_xcom.py for tasks to queue
[2025-05-21T23:18:18.580+0000] {logging_mixin.py:190} INFO - [2025-05-21T23:18:18.579+0000] {dagbag.py:588} INFO - Filling up the DagBag from /home/airflow/.local/lib/python3.12/site-packages/airflow/example_dags/example_xcom.py
[2025-05-21T23:18:18.598+0000] {processor.py:925} INFO - DAG(s) 'example_xcom' retrieved from /home/airflow/.local/lib/python3.12/site-packages/airflow/example_dags/example_xcom.py
[2025-05-21T23:18:18.642+0000] {logging_mixin.py:190} INFO - [2025-05-21T23:18:18.642+0000] {dag.py:3239} INFO - Sync 1 DAGs
[2025-05-21T23:18:18.698+0000] {logging_mixin.py:190} INFO - [2025-05-21T23:18:18.697+0000] {dag.py:4180} INFO - Setting next_dagrun for example_xcom to 2021-01-01 00:00:00+00:00, run_after=2021-01-01 00:00:00+00:00
[2025-05-21T23:18:18.778+0000] {processor.py:208} INFO - Processing /home/airflow/.local/lib/python3.12/site-packages/airflow/example_dags/example_xcom.py took 0.216 seconds
[2025-05-21T23:18:48.916+0000] {processor.py:186} INFO - Started process (PID=508) to work on /home/airflow/.local/lib/python3.12/site-packages/airflow/example_dags/example_xcom.py
[2025-05-21T23:18:48.918+0000] {processor.py:914} INFO - Processing file /home/airflow/.local/lib/python3.12/site-packages/airflow/example_dags/example_xcom.py for tasks to queue
[2025-05-21T23:18:48.925+0000] {logging_mixin.py:190} INFO - [2025-05-21T23:18:48.923+0000] {dagbag.py:588} INFO - Filling up the DagBag from /home/airflow/.local/lib/python3.12/site-packages/airflow/example_dags/example_xcom.py
[2025-05-21T23:18:48.946+0000] {processor.py:925} INFO - DAG(s) 'example_xcom' retrieved from /home/airflow/.local/lib/python3.12/site-packages/airflow/example_dags/example_xcom.py
[2025-05-21T23:18:48.992+0000] {logging_mixin.py:190} INFO - [2025-05-21T23:18:48.992+0000] {dag.py:3239} INFO - Sync 1 DAGs
[2025-05-21T23:18:49.043+0000] {logging_mixin.py:190} INFO - [2025-05-21T23:18:49.042+0000] {dag.py:4180} INFO - Setting next_dagrun for example_xcom to 2021-01-01 00:00:00+00:00, run_after=2021-01-01 00:00:00+00:00
[2025-05-21T23:18:49.084+0000] {processor.py:208} INFO - Processing /home/airflow/.local/lib/python3.12/site-packages/airflow/example_dags/example_xcom.py took 0.182 seconds
[2025-05-21T23:19:19.598+0000] {processor.py:186} INFO - Started process (PID=574) to work on /home/airflow/.local/lib/python3.12/site-packages/airflow/example_dags/example_xcom.py
[2025-05-21T23:19:19.600+0000] {processor.py:914} INFO - Processing file /home/airflow/.local/lib/python3.12/site-packages/airflow/example_dags/example_xcom.py for tasks to queue
[2025-05-21T23:19:19.604+0000] {logging_mixin.py:190} INFO - [2025-05-21T23:19:19.604+0000] {dagbag.py:588} INFO - Filling up the DagBag from /home/airflow/.local/lib/python3.12/site-packages/airflow/example_dags/example_xcom.py
[2025-05-21T23:19:19.622+0000] {processor.py:925} INFO - DAG(s) 'example_xcom' retrieved from /home/airflow/.local/lib/python3.12/site-packages/airflow/example_dags/example_xcom.py
[2025-05-21T23:19:19.663+0000] {logging_mixin.py:190} INFO - [2025-05-21T23:19:19.663+0000] {dag.py:3239} INFO - Sync 1 DAGs
[2025-05-21T23:19:19.709+0000] {logging_mixin.py:190} INFO - [2025-05-21T23:19:19.709+0000] {dag.py:4180} INFO - Setting next_dagrun for example_xcom to 2021-01-01 00:00:00+00:00, run_after=2021-01-01 00:00:00+00:00
[2025-05-21T23:19:19.803+0000] {processor.py:208} INFO - Processing /home/airflow/.local/lib/python3.12/site-packages/airflow/example_dags/example_xcom.py took 0.215 seconds
[2025-05-21T23:19:49.989+0000] {processor.py:186} INFO - Started process (PID=640) to work on /home/airflow/.local/lib/python3.12/site-packages/airflow/example_dags/example_xcom.py
[2025-05-21T23:19:49.992+0000] {processor.py:914} INFO - Processing file /home/airflow/.local/lib/python3.12/site-packages/airflow/example_dags/example_xcom.py for tasks to queue
[2025-05-21T23:19:50.000+0000] {logging_mixin.py:190} INFO - [2025-05-21T23:19:49.999+0000] {dagbag.py:588} INFO - Filling up the DagBag from /home/airflow/.local/lib/python3.12/site-packages/airflow/example_dags/example_xcom.py
[2025-05-21T23:19:50.022+0000] {processor.py:925} INFO - DAG(s) 'example_xcom' retrieved from /home/airflow/.local/lib/python3.12/site-packages/airflow/example_dags/example_xcom.py
[2025-05-21T23:19:50.066+0000] {logging_mixin.py:190} INFO - [2025-05-21T23:19:50.066+0000] {dag.py:3239} INFO - Sync 1 DAGs
[2025-05-21T23:19:50.112+0000] {logging_mixin.py:190} INFO - [2025-05-21T23:19:50.112+0000] {dag.py:4180} INFO - Setting next_dagrun for example_xcom to 2021-01-01 00:00:00+00:00, run_after=2021-01-01 00:00:00+00:00
[2025-05-21T23:19:50.210+0000] {processor.py:208} INFO - Processing /home/airflow/.local/lib/python3.12/site-packages/airflow/example_dags/example_xcom.py took 0.233 seconds
[2025-05-21T23:20:20.765+0000] {processor.py:186} INFO - Started process (PID=706) to work on /home/airflow/.local/lib/python3.12/site-packages/airflow/example_dags/example_xcom.py
[2025-05-21T23:20:20.767+0000] {processor.py:914} INFO - Processing file /home/airflow/.local/lib/python3.12/site-packages/airflow/example_dags/example_xcom.py for tasks to queue
[2025-05-21T23:20:20.772+0000] {logging_mixin.py:190} INFO - [2025-05-21T23:20:20.772+0000] {dagbag.py:588} INFO - Filling up the DagBag from /home/airflow/.local/lib/python3.12/site-packages/airflow/example_dags/example_xcom.py
[2025-05-21T23:20:20.792+0000] {processor.py:925} INFO - DAG(s) 'example_xcom' retrieved from /home/airflow/.local/lib/python3.12/site-packages/airflow/example_dags/example_xcom.py
[2025-05-21T23:20:20.842+0000] {logging_mixin.py:190} INFO - [2025-05-21T23:20:20.842+0000] {dag.py:3239} INFO - Sync 1 DAGs
[2025-05-21T23:20:20.901+0000] {logging_mixin.py:190} INFO - [2025-05-21T23:20:20.900+0000] {dag.py:4180} INFO - Setting next_dagrun for example_xcom to 2021-01-01 00:00:00+00:00, run_after=2021-01-01 00:00:00+00:00
[2025-05-21T23:20:20.973+0000] {processor.py:208} INFO - Processing /home/airflow/.local/lib/python3.12/site-packages/airflow/example_dags/example_xcom.py took 0.222 seconds
[2025-05-21T23:20:51.668+0000] {processor.py:186} INFO - Started process (PID=773) to work on /home/airflow/.local/lib/python3.12/site-packages/airflow/example_dags/example_xcom.py
[2025-05-21T23:20:51.669+0000] {processor.py:914} INFO - Processing file /home/airflow/.local/lib/python3.12/site-packages/airflow/example_dags/example_xcom.py for tasks to queue
[2025-05-21T23:20:51.674+0000] {logging_mixin.py:190} INFO - [2025-05-21T23:20:51.673+0000] {dagbag.py:588} INFO - Filling up the DagBag from /home/airflow/.local/lib/python3.12/site-packages/airflow/example_dags/example_xcom.py
[2025-05-21T23:20:51.691+0000] {processor.py:925} INFO - DAG(s) 'example_xcom' retrieved from /home/airflow/.local/lib/python3.12/site-packages/airflow/example_dags/example_xcom.py
[2025-05-21T23:20:51.734+0000] {logging_mixin.py:190} INFO - [2025-05-21T23:20:51.733+0000] {dag.py:3239} INFO - Sync 1 DAGs
[2025-05-21T23:20:51.778+0000] {logging_mixin.py:190} INFO - [2025-05-21T23:20:51.778+0000] {dag.py:4180} INFO - Setting next_dagrun for example_xcom to 2021-01-01 00:00:00+00:00, run_after=2021-01-01 00:00:00+00:00
[2025-05-21T23:20:51.880+0000] {processor.py:208} INFO - Processing /home/airflow/.local/lib/python3.12/site-packages/airflow/example_dags/example_xcom.py took 0.223 seconds
[2025-05-21T23:21:23.413+0000] {processor.py:186} INFO - Started process (PID=837) to work on /home/airflow/.local/lib/python3.12/site-packages/airflow/example_dags/example_xcom.py
[2025-05-21T23:21:23.415+0000] {processor.py:914} INFO - Processing file /home/airflow/.local/lib/python3.12/site-packages/airflow/example_dags/example_xcom.py for tasks to queue
[2025-05-21T23:21:23.419+0000] {logging_mixin.py:190} INFO - [2025-05-21T23:21:23.418+0000] {dagbag.py:588} INFO - Filling up the DagBag from /home/airflow/.local/lib/python3.12/site-packages/airflow/example_dags/example_xcom.py
[2025-05-21T23:21:23.439+0000] {processor.py:925} INFO - DAG(s) 'example_xcom' retrieved from /home/airflow/.local/lib/python3.12/site-packages/airflow/example_dags/example_xcom.py
[2025-05-21T23:21:23.487+0000] {logging_mixin.py:190} INFO - [2025-05-21T23:21:23.487+0000] {dag.py:3239} INFO - Sync 1 DAGs
[2025-05-21T23:21:23.535+0000] {logging_mixin.py:190} INFO - [2025-05-21T23:21:23.535+0000] {dag.py:4180} INFO - Setting next_dagrun for example_xcom to 2021-01-01 00:00:00+00:00, run_after=2021-01-01 00:00:00+00:00
[2025-05-21T23:21:23.579+0000] {processor.py:208} INFO - Processing /home/airflow/.local/lib/python3.12/site-packages/airflow/example_dags/example_xcom.py took 0.179 seconds
[2025-05-21T23:21:55.352+0000] {processor.py:186} INFO - Started process (PID=903) to work on /home/airflow/.local/lib/python3.12/site-packages/airflow/example_dags/example_xcom.py
[2025-05-21T23:21:55.355+0000] {processor.py:914} INFO - Processing file /home/airflow/.local/lib/python3.12/site-packages/airflow/example_dags/example_xcom.py for tasks to queue
[2025-05-21T23:21:55.360+0000] {logging_mixin.py:190} INFO - [2025-05-21T23:21:55.359+0000] {dagbag.py:588} INFO - Filling up the DagBag from /home/airflow/.local/lib/python3.12/site-packages/airflow/example_dags/example_xcom.py
[2025-05-21T23:21:55.403+0000] {processor.py:925} INFO - DAG(s) 'example_xcom' retrieved from /home/airflow/.local/lib/python3.12/site-packages/airflow/example_dags/example_xcom.py
[2025-05-21T23:21:55.464+0000] {logging_mixin.py:190} INFO - [2025-05-21T23:21:55.463+0000] {dag.py:3239} INFO - Sync 1 DAGs
[2025-05-21T23:21:55.514+0000] {logging_mixin.py:190} INFO - [2025-05-21T23:21:55.513+0000] {dag.py:4180} INFO - Setting next_dagrun for example_xcom to 2021-01-01 00:00:00+00:00, run_after=2021-01-01 00:00:00+00:00
[2025-05-21T23:21:55.561+0000] {processor.py:208} INFO - Processing /home/airflow/.local/lib/python3.12/site-packages/airflow/example_dags/example_xcom.py took 0.225 seconds
[2025-05-21T23:22:26.070+0000] {processor.py:186} INFO - Started process (PID=969) to work on /home/airflow/.local/lib/python3.12/site-packages/airflow/example_dags/example_xcom.py
[2025-05-21T23:22:26.072+0000] {processor.py:914} INFO - Processing file /home/airflow/.local/lib/python3.12/site-packages/airflow/example_dags/example_xcom.py for tasks to queue
[2025-05-21T23:22:26.077+0000] {logging_mixin.py:190} INFO - [2025-05-21T23:22:26.076+0000] {dagbag.py:588} INFO - Filling up the DagBag from /home/airflow/.local/lib/python3.12/site-packages/airflow/example_dags/example_xcom.py
[2025-05-21T23:22:26.094+0000] {processor.py:925} INFO - DAG(s) 'example_xcom' retrieved from /home/airflow/.local/lib/python3.12/site-packages/airflow/example_dags/example_xcom.py
[2025-05-21T23:22:26.141+0000] {logging_mixin.py:190} INFO - [2025-05-21T23:22:26.141+0000] {dag.py:3239} INFO - Sync 1 DAGs
[2025-05-21T23:22:26.197+0000] {logging_mixin.py:190} INFO - [2025-05-21T23:22:26.196+0000] {dag.py:4180} INFO - Setting next_dagrun for example_xcom to 2021-01-01 00:00:00+00:00, run_after=2021-01-01 00:00:00+00:00
[2025-05-21T23:22:26.237+0000] {processor.py:208} INFO - Processing /home/airflow/.local/lib/python3.12/site-packages/airflow/example_dags/example_xcom.py took 0.178 seconds
[2025-05-21T23:22:57.011+0000] {processor.py:186} INFO - Started process (PID=1034) to work on /home/airflow/.local/lib/python3.12/site-packages/airflow/example_dags/example_xcom.py
[2025-05-21T23:22:57.013+0000] {processor.py:914} INFO - Processing file /home/airflow/.local/lib/python3.12/site-packages/airflow/example_dags/example_xcom.py for tasks to queue
[2025-05-21T23:22:57.018+0000] {logging_mixin.py:190} INFO - [2025-05-21T23:22:57.017+0000] {dagbag.py:588} INFO - Filling up the DagBag from /home/airflow/.local/lib/python3.12/site-packages/airflow/example_dags/example_xcom.py
[2025-05-21T23:22:57.036+0000] {processor.py:925} INFO - DAG(s) 'example_xcom' retrieved from /home/airflow/.local/lib/python3.12/site-packages/airflow/example_dags/example_xcom.py
[2025-05-21T23:22:57.081+0000] {logging_mixin.py:190} INFO - [2025-05-21T23:22:57.080+0000] {dag.py:3239} INFO - Sync 1 DAGs
[2025-05-21T23:22:57.137+0000] {logging_mixin.py:190} INFO - [2025-05-21T23:22:57.137+0000] {dag.py:4180} INFO - Setting next_dagrun for example_xcom to 2021-01-01 00:00:00+00:00, run_after=2021-01-01 00:00:00+00:00
[2025-05-21T23:22:57.224+0000] {processor.py:208} INFO - Processing /home/airflow/.local/lib/python3.12/site-packages/airflow/example_dags/example_xcom.py took 0.228 seconds
[2025-05-21T23:23:27.596+0000] {processor.py:186} INFO - Started process (PID=1099) to work on /home/airflow/.local/lib/python3.12/site-packages/airflow/example_dags/example_xcom.py
[2025-05-21T23:23:27.598+0000] {processor.py:914} INFO - Processing file /home/airflow/.local/lib/python3.12/site-packages/airflow/example_dags/example_xcom.py for tasks to queue
[2025-05-21T23:23:27.603+0000] {logging_mixin.py:190} INFO - [2025-05-21T23:23:27.602+0000] {dagbag.py:588} INFO - Filling up the DagBag from /home/airflow/.local/lib/python3.12/site-packages/airflow/example_dags/example_xcom.py
[2025-05-21T23:23:27.620+0000] {processor.py:925} INFO - DAG(s) 'example_xcom' retrieved from /home/airflow/.local/lib/python3.12/site-packages/airflow/example_dags/example_xcom.py
[2025-05-21T23:23:27.668+0000] {logging_mixin.py:190} INFO - [2025-05-21T23:23:27.667+0000] {dag.py:3239} INFO - Sync 1 DAGs
[2025-05-21T23:23:27.711+0000] {logging_mixin.py:190} INFO - [2025-05-21T23:23:27.710+0000] {dag.py:4180} INFO - Setting next_dagrun for example_xcom to 2021-01-01 00:00:00+00:00, run_after=2021-01-01 00:00:00+00:00
[2025-05-21T23:23:27.810+0000] {processor.py:208} INFO - Processing /home/airflow/.local/lib/python3.12/site-packages/airflow/example_dags/example_xcom.py took 0.224 seconds
[2025-05-21T23:23:58.154+0000] {processor.py:186} INFO - Started process (PID=1165) to work on /home/airflow/.local/lib/python3.12/site-packages/airflow/example_dags/example_xcom.py
[2025-05-21T23:23:58.156+0000] {processor.py:914} INFO - Processing file /home/airflow/.local/lib/python3.12/site-packages/airflow/example_dags/example_xcom.py for tasks to queue
[2025-05-21T23:23:58.160+0000] {logging_mixin.py:190} INFO - [2025-05-21T23:23:58.160+0000] {dagbag.py:588} INFO - Filling up the DagBag from /home/airflow/.local/lib/python3.12/site-packages/airflow/example_dags/example_xcom.py
[2025-05-21T23:23:58.178+0000] {processor.py:925} INFO - DAG(s) 'example_xcom' retrieved from /home/airflow/.local/lib/python3.12/site-packages/airflow/example_dags/example_xcom.py
[2025-05-21T23:23:58.226+0000] {logging_mixin.py:190} INFO - [2025-05-21T23:23:58.225+0000] {dag.py:3239} INFO - Sync 1 DAGs
[2025-05-21T23:23:58.277+0000] {logging_mixin.py:190} INFO - [2025-05-21T23:23:58.277+0000] {dag.py:4180} INFO - Setting next_dagrun for example_xcom to 2021-01-01 00:00:00+00:00, run_after=2021-01-01 00:00:00+00:00
[2025-05-21T23:23:58.313+0000] {processor.py:208} INFO - Processing /home/airflow/.local/lib/python3.12/site-packages/airflow/example_dags/example_xcom.py took 0.170 seconds
[2025-05-21T23:24:28.665+0000] {processor.py:186} INFO - Started process (PID=1231) to work on /home/airflow/.local/lib/python3.12/site-packages/airflow/example_dags/example_xcom.py
[2025-05-21T23:24:28.667+0000] {processor.py:914} INFO - Processing file /home/airflow/.local/lib/python3.12/site-packages/airflow/example_dags/example_xcom.py for tasks to queue
[2025-05-21T23:24:28.671+0000] {logging_mixin.py:190} INFO - [2025-05-21T23:24:28.671+0000] {dagbag.py:588} INFO - Filling up the DagBag from /home/airflow/.local/lib/python3.12/site-packages/airflow/example_dags/example_xcom.py
[2025-05-21T23:24:28.689+0000] {processor.py:925} INFO - DAG(s) 'example_xcom' retrieved from /home/airflow/.local/lib/python3.12/site-packages/airflow/example_dags/example_xcom.py
[2025-05-21T23:24:28.732+0000] {logging_mixin.py:190} INFO - [2025-05-21T23:24:28.731+0000] {dag.py:3239} INFO - Sync 1 DAGs
[2025-05-21T23:24:28.783+0000] {logging_mixin.py:190} INFO - [2025-05-21T23:24:28.782+0000] {dag.py:4180} INFO - Setting next_dagrun for example_xcom to 2021-01-01 00:00:00+00:00, run_after=2021-01-01 00:00:00+00:00
[2025-05-21T23:24:28.883+0000] {processor.py:208} INFO - Processing /home/airflow/.local/lib/python3.12/site-packages/airflow/example_dags/example_xcom.py took 0.228 seconds
[2025-05-21T23:24:59.389+0000] {processor.py:186} INFO - Started process (PID=1298) to work on /home/airflow/.local/lib/python3.12/site-packages/airflow/example_dags/example_xcom.py
[2025-05-21T23:24:59.392+0000] {processor.py:914} INFO - Processing file /home/airflow/.local/lib/python3.12/site-packages/airflow/example_dags/example_xcom.py for tasks to queue
[2025-05-21T23:24:59.399+0000] {logging_mixin.py:190} INFO - [2025-05-21T23:24:59.398+0000] {dagbag.py:588} INFO - Filling up the DagBag from /home/airflow/.local/lib/python3.12/site-packages/airflow/example_dags/example_xcom.py
[2025-05-21T23:24:59.425+0000] {processor.py:925} INFO - DAG(s) 'example_xcom' retrieved from /home/airflow/.local/lib/python3.12/site-packages/airflow/example_dags/example_xcom.py
[2025-05-21T23:24:59.481+0000] {logging_mixin.py:190} INFO - [2025-05-21T23:24:59.481+0000] {dag.py:3239} INFO - Sync 1 DAGs
[2025-05-21T23:24:59.530+0000] {logging_mixin.py:190} INFO - [2025-05-21T23:24:59.530+0000] {dag.py:4180} INFO - Setting next_dagrun for example_xcom to 2021-01-01 00:00:00+00:00, run_after=2021-01-01 00:00:00+00:00
[2025-05-21T23:24:59.630+0000] {processor.py:208} INFO - Processing /home/airflow/.local/lib/python3.12/site-packages/airflow/example_dags/example_xcom.py took 0.254 seconds
[2025-05-21T23:25:29.924+0000] {processor.py:186} INFO - Started process (PID=1364) to work on /home/airflow/.local/lib/python3.12/site-packages/airflow/example_dags/example_xcom.py
[2025-05-21T23:25:29.926+0000] {processor.py:914} INFO - Processing file /home/airflow/.local/lib/python3.12/site-packages/airflow/example_dags/example_xcom.py for tasks to queue
[2025-05-21T23:25:29.932+0000] {logging_mixin.py:190} INFO - [2025-05-21T23:25:29.931+0000] {dagbag.py:588} INFO - Filling up the DagBag from /home/airflow/.local/lib/python3.12/site-packages/airflow/example_dags/example_xcom.py
[2025-05-21T23:25:29.951+0000] {processor.py:925} INFO - DAG(s) 'example_xcom' retrieved from /home/airflow/.local/lib/python3.12/site-packages/airflow/example_dags/example_xcom.py
[2025-05-21T23:25:30.000+0000] {logging_mixin.py:190} INFO - [2025-05-21T23:25:30.000+0000] {dag.py:3239} INFO - Sync 1 DAGs
[2025-05-21T23:25:30.048+0000] {logging_mixin.py:190} INFO - [2025-05-21T23:25:30.048+0000] {dag.py:4180} INFO - Setting next_dagrun for example_xcom to 2021-01-01 00:00:00+00:00, run_after=2021-01-01 00:00:00+00:00
[2025-05-21T23:25:30.085+0000] {processor.py:208} INFO - Processing /home/airflow/.local/lib/python3.12/site-packages/airflow/example_dags/example_xcom.py took 0.173 seconds
[2025-05-21T23:26:00.679+0000] {processor.py:186} INFO - Started process (PID=1430) to work on /home/airflow/.local/lib/python3.12/site-packages/airflow/example_dags/example_xcom.py
[2025-05-21T23:26:00.681+0000] {processor.py:914} INFO - Processing file /home/airflow/.local/lib/python3.12/site-packages/airflow/example_dags/example_xcom.py for tasks to queue
[2025-05-21T23:26:00.685+0000] {logging_mixin.py:190} INFO - [2025-05-21T23:26:00.684+0000] {dagbag.py:588} INFO - Filling up the DagBag from /home/airflow/.local/lib/python3.12/site-packages/airflow/example_dags/example_xcom.py
[2025-05-21T23:26:00.702+0000] {processor.py:925} INFO - DAG(s) 'example_xcom' retrieved from /home/airflow/.local/lib/python3.12/site-packages/airflow/example_dags/example_xcom.py
[2025-05-21T23:26:00.744+0000] {logging_mixin.py:190} INFO - [2025-05-21T23:26:00.744+0000] {dag.py:3239} INFO - Sync 1 DAGs
[2025-05-21T23:26:00.788+0000] {logging_mixin.py:190} INFO - [2025-05-21T23:26:00.787+0000] {dag.py:4180} INFO - Setting next_dagrun for example_xcom to 2021-01-01 00:00:00+00:00, run_after=2021-01-01 00:00:00+00:00
[2025-05-21T23:26:00.824+0000] {processor.py:208} INFO - Processing /home/airflow/.local/lib/python3.12/site-packages/airflow/example_dags/example_xcom.py took 0.156 seconds
[2025-05-21T23:26:32.226+0000] {processor.py:186} INFO - Started process (PID=1495) to work on /home/airflow/.local/lib/python3.12/site-packages/airflow/example_dags/example_xcom.py
[2025-05-21T23:26:32.228+0000] {processor.py:914} INFO - Processing file /home/airflow/.local/lib/python3.12/site-packages/airflow/example_dags/example_xcom.py for tasks to queue
[2025-05-21T23:26:32.233+0000] {logging_mixin.py:190} INFO - [2025-05-21T23:26:32.232+0000] {dagbag.py:588} INFO - Filling up the DagBag from /home/airflow/.local/lib/python3.12/site-packages/airflow/example_dags/example_xcom.py
[2025-05-21T23:26:32.250+0000] {processor.py:925} INFO - DAG(s) 'example_xcom' retrieved from /home/airflow/.local/lib/python3.12/site-packages/airflow/example_dags/example_xcom.py
[2025-05-21T23:26:32.294+0000] {logging_mixin.py:190} INFO - [2025-05-21T23:26:32.293+0000] {dag.py:3239} INFO - Sync 1 DAGs
[2025-05-21T23:26:32.344+0000] {logging_mixin.py:190} INFO - [2025-05-21T23:26:32.343+0000] {dag.py:4180} INFO - Setting next_dagrun for example_xcom to 2021-01-01 00:00:00+00:00, run_after=2021-01-01 00:00:00+00:00
[2025-05-21T23:26:32.381+0000] {processor.py:208} INFO - Processing /home/airflow/.local/lib/python3.12/site-packages/airflow/example_dags/example_xcom.py took 0.165 seconds
[2025-05-21T23:27:03.032+0000] {processor.py:186} INFO - Started process (PID=1561) to work on /home/airflow/.local/lib/python3.12/site-packages/airflow/example_dags/example_xcom.py
[2025-05-21T23:27:03.035+0000] {processor.py:914} INFO - Processing file /home/airflow/.local/lib/python3.12/site-packages/airflow/example_dags/example_xcom.py for tasks to queue
[2025-05-21T23:27:03.041+0000] {logging_mixin.py:190} INFO - [2025-05-21T23:27:03.040+0000] {dagbag.py:588} INFO - Filling up the DagBag from /home/airflow/.local/lib/python3.12/site-packages/airflow/example_dags/example_xcom.py
[2025-05-21T23:27:03.066+0000] {processor.py:925} INFO - DAG(s) 'example_xcom' retrieved from /home/airflow/.local/lib/python3.12/site-packages/airflow/example_dags/example_xcom.py
[2025-05-21T23:27:03.123+0000] {logging_mixin.py:190} INFO - [2025-05-21T23:27:03.123+0000] {dag.py:3239} INFO - Sync 1 DAGs
[2025-05-21T23:27:03.194+0000] {logging_mixin.py:190} INFO - [2025-05-21T23:27:03.194+0000] {dag.py:4180} INFO - Setting next_dagrun for example_xcom to 2021-01-01 00:00:00+00:00, run_after=2021-01-01 00:00:00+00:00
[2025-05-21T23:27:03.242+0000] {processor.py:208} INFO - Processing /home/airflow/.local/lib/python3.12/site-packages/airflow/example_dags/example_xcom.py took 0.227 seconds
[2025-05-21T23:27:33.559+0000] {processor.py:186} INFO - Started process (PID=1626) to work on /home/airflow/.local/lib/python3.12/site-packages/airflow/example_dags/example_xcom.py
[2025-05-21T23:27:33.561+0000] {processor.py:914} INFO - Processing file /home/airflow/.local/lib/python3.12/site-packages/airflow/example_dags/example_xcom.py for tasks to queue
[2025-05-21T23:27:33.566+0000] {logging_mixin.py:190} INFO - [2025-05-21T23:27:33.565+0000] {dagbag.py:588} INFO - Filling up the DagBag from /home/airflow/.local/lib/python3.12/site-packages/airflow/example_dags/example_xcom.py
[2025-05-21T23:27:33.590+0000] {processor.py:925} INFO - DAG(s) 'example_xcom' retrieved from /home/airflow/.local/lib/python3.12/site-packages/airflow/example_dags/example_xcom.py
[2025-05-21T23:27:33.634+0000] {logging_mixin.py:190} INFO - [2025-05-21T23:27:33.634+0000] {dag.py:3239} INFO - Sync 1 DAGs
[2025-05-21T23:27:33.684+0000] {logging_mixin.py:190} INFO - [2025-05-21T23:27:33.684+0000] {dag.py:4180} INFO - Setting next_dagrun for example_xcom to 2021-01-01 00:00:00+00:00, run_after=2021-01-01 00:00:00+00:00
[2025-05-21T23:27:33.800+0000] {processor.py:208} INFO - Processing /home/airflow/.local/lib/python3.12/site-packages/airflow/example_dags/example_xcom.py took 0.252 seconds
[2025-05-21T23:28:04.031+0000] {processor.py:186} INFO - Started process (PID=1692) to work on /home/airflow/.local/lib/python3.12/site-packages/airflow/example_dags/example_xcom.py
[2025-05-21T23:28:04.033+0000] {processor.py:914} INFO - Processing file /home/airflow/.local/lib/python3.12/site-packages/airflow/example_dags/example_xcom.py for tasks to queue
[2025-05-21T23:28:04.038+0000] {logging_mixin.py:190} INFO - [2025-05-21T23:28:04.037+0000] {dagbag.py:588} INFO - Filling up the DagBag from /home/airflow/.local/lib/python3.12/site-packages/airflow/example_dags/example_xcom.py
[2025-05-21T23:28:04.054+0000] {processor.py:925} INFO - DAG(s) 'example_xcom' retrieved from /home/airflow/.local/lib/python3.12/site-packages/airflow/example_dags/example_xcom.py
[2025-05-21T23:28:04.098+0000] {logging_mixin.py:190} INFO - [2025-05-21T23:28:04.098+0000] {dag.py:3239} INFO - Sync 1 DAGs
[2025-05-21T23:28:04.145+0000] {logging_mixin.py:190} INFO - [2025-05-21T23:28:04.145+0000] {dag.py:4180} INFO - Setting next_dagrun for example_xcom to 2021-01-01 00:00:00+00:00, run_after=2021-01-01 00:00:00+00:00
[2025-05-21T23:28:04.252+0000] {processor.py:208} INFO - Processing /home/airflow/.local/lib/python3.12/site-packages/airflow/example_dags/example_xcom.py took 0.232 seconds
[2025-05-21T23:28:34.559+0000] {processor.py:186} INFO - Started process (PID=1758) to work on /home/airflow/.local/lib/python3.12/site-packages/airflow/example_dags/example_xcom.py
[2025-05-21T23:28:34.561+0000] {processor.py:914} INFO - Processing file /home/airflow/.local/lib/python3.12/site-packages/airflow/example_dags/example_xcom.py for tasks to queue
[2025-05-21T23:28:34.567+0000] {logging_mixin.py:190} INFO - [2025-05-21T23:28:34.566+0000] {dagbag.py:588} INFO - Filling up the DagBag from /home/airflow/.local/lib/python3.12/site-packages/airflow/example_dags/example_xcom.py
[2025-05-21T23:28:34.589+0000] {processor.py:925} INFO - DAG(s) 'example_xcom' retrieved from /home/airflow/.local/lib/python3.12/site-packages/airflow/example_dags/example_xcom.py
[2025-05-21T23:28:34.641+0000] {logging_mixin.py:190} INFO - [2025-05-21T23:28:34.640+0000] {dag.py:3239} INFO - Sync 1 DAGs
[2025-05-21T23:28:34.692+0000] {logging_mixin.py:190} INFO - [2025-05-21T23:28:34.691+0000] {dag.py:4180} INFO - Setting next_dagrun for example_xcom to 2021-01-01 00:00:00+00:00, run_after=2021-01-01 00:00:00+00:00
[2025-05-21T23:28:34.730+0000] {processor.py:208} INFO - Processing /home/airflow/.local/lib/python3.12/site-packages/airflow/example_dags/example_xcom.py took 0.181 seconds
[2025-05-21T23:29:06.013+0000] {processor.py:186} INFO - Started process (PID=1824) to work on /home/airflow/.local/lib/python3.12/site-packages/airflow/example_dags/example_xcom.py
[2025-05-21T23:29:06.015+0000] {processor.py:914} INFO - Processing file /home/airflow/.local/lib/python3.12/site-packages/airflow/example_dags/example_xcom.py for tasks to queue
[2025-05-21T23:29:06.021+0000] {logging_mixin.py:190} INFO - [2025-05-21T23:29:06.021+0000] {dagbag.py:588} INFO - Filling up the DagBag from /home/airflow/.local/lib/python3.12/site-packages/airflow/example_dags/example_xcom.py
[2025-05-21T23:29:06.039+0000] {processor.py:925} INFO - DAG(s) 'example_xcom' retrieved from /home/airflow/.local/lib/python3.12/site-packages/airflow/example_dags/example_xcom.py
[2025-05-21T23:29:06.083+0000] {logging_mixin.py:190} INFO - [2025-05-21T23:29:06.083+0000] {dag.py:3239} INFO - Sync 1 DAGs
[2025-05-21T23:29:06.128+0000] {logging_mixin.py:190} INFO - [2025-05-21T23:29:06.127+0000] {dag.py:4180} INFO - Setting next_dagrun for example_xcom to 2021-01-01 00:00:00+00:00, run_after=2021-01-01 00:00:00+00:00
[2025-05-21T23:29:06.170+0000] {processor.py:208} INFO - Processing /home/airflow/.local/lib/python3.12/site-packages/airflow/example_dags/example_xcom.py took 0.168 seconds
[2025-05-21T23:29:36.582+0000] {processor.py:186} INFO - Started process (PID=1890) to work on /home/airflow/.local/lib/python3.12/site-packages/airflow/example_dags/example_xcom.py
[2025-05-21T23:29:36.583+0000] {processor.py:914} INFO - Processing file /home/airflow/.local/lib/python3.12/site-packages/airflow/example_dags/example_xcom.py for tasks to queue
[2025-05-21T23:29:36.588+0000] {logging_mixin.py:190} INFO - [2025-05-21T23:29:36.588+0000] {dagbag.py:588} INFO - Filling up the DagBag from /home/airflow/.local/lib/python3.12/site-packages/airflow/example_dags/example_xcom.py
[2025-05-21T23:29:36.605+0000] {processor.py:925} INFO - DAG(s) 'example_xcom' retrieved from /home/airflow/.local/lib/python3.12/site-packages/airflow/example_dags/example_xcom.py
[2025-05-21T23:29:36.650+0000] {logging_mixin.py:190} INFO - [2025-05-21T23:29:36.649+0000] {dag.py:3239} INFO - Sync 1 DAGs
[2025-05-21T23:29:36.700+0000] {logging_mixin.py:190} INFO - [2025-05-21T23:29:36.699+0000] {dag.py:4180} INFO - Setting next_dagrun for example_xcom to 2021-01-01 00:00:00+00:00, run_after=2021-01-01 00:00:00+00:00
[2025-05-21T23:29:36.804+0000] {processor.py:208} INFO - Processing /home/airflow/.local/lib/python3.12/site-packages/airflow/example_dags/example_xcom.py took 0.233 seconds
[2025-05-21T23:30:07.149+0000] {processor.py:186} INFO - Started process (PID=1955) to work on /home/airflow/.local/lib/python3.12/site-packages/airflow/example_dags/example_xcom.py
[2025-05-21T23:30:07.152+0000] {processor.py:914} INFO - Processing file /home/airflow/.local/lib/python3.12/site-packages/airflow/example_dags/example_xcom.py for tasks to queue
[2025-05-21T23:30:07.158+0000] {logging_mixin.py:190} INFO - [2025-05-21T23:30:07.157+0000] {dagbag.py:588} INFO - Filling up the DagBag from /home/airflow/.local/lib/python3.12/site-packages/airflow/example_dags/example_xcom.py
[2025-05-21T23:30:07.178+0000] {processor.py:925} INFO - DAG(s) 'example_xcom' retrieved from /home/airflow/.local/lib/python3.12/site-packages/airflow/example_dags/example_xcom.py
[2025-05-21T23:30:07.227+0000] {logging_mixin.py:190} INFO - [2025-05-21T23:30:07.227+0000] {dag.py:3239} INFO - Sync 1 DAGs
[2025-05-21T23:30:07.285+0000] {logging_mixin.py:190} INFO - [2025-05-21T23:30:07.284+0000] {dag.py:4180} INFO - Setting next_dagrun for example_xcom to 2021-01-01 00:00:00+00:00, run_after=2021-01-01 00:00:00+00:00
[2025-05-21T23:30:07.328+0000] {processor.py:208} INFO - Processing /home/airflow/.local/lib/python3.12/site-packages/airflow/example_dags/example_xcom.py took 0.197 seconds
[2025-05-21T23:30:37.829+0000] {processor.py:186} INFO - Started process (PID=2021) to work on /home/airflow/.local/lib/python3.12/site-packages/airflow/example_dags/example_xcom.py
[2025-05-21T23:30:37.831+0000] {processor.py:914} INFO - Processing file /home/airflow/.local/lib/python3.12/site-packages/airflow/example_dags/example_xcom.py for tasks to queue
[2025-05-21T23:30:37.836+0000] {logging_mixin.py:190} INFO - [2025-05-21T23:30:37.835+0000] {dagbag.py:588} INFO - Filling up the DagBag from /home/airflow/.local/lib/python3.12/site-packages/airflow/example_dags/example_xcom.py
[2025-05-21T23:30:37.854+0000] {processor.py:925} INFO - DAG(s) 'example_xcom' retrieved from /home/airflow/.local/lib/python3.12/site-packages/airflow/example_dags/example_xcom.py
[2025-05-21T23:30:37.902+0000] {logging_mixin.py:190} INFO - [2025-05-21T23:30:37.901+0000] {dag.py:3239} INFO - Sync 1 DAGs
[2025-05-21T23:30:37.962+0000] {logging_mixin.py:190} INFO - [2025-05-21T23:30:37.962+0000] {dag.py:4180} INFO - Setting next_dagrun for example_xcom to 2021-01-01 00:00:00+00:00, run_after=2021-01-01 00:00:00+00:00
[2025-05-21T23:30:38.069+0000] {processor.py:208} INFO - Processing /home/airflow/.local/lib/python3.12/site-packages/airflow/example_dags/example_xcom.py took 0.252 seconds
[2025-05-21T23:31:08.878+0000] {processor.py:186} INFO - Started process (PID=2087) to work on /home/airflow/.local/lib/python3.12/site-packages/airflow/example_dags/example_xcom.py
[2025-05-21T23:31:08.881+0000] {processor.py:914} INFO - Processing file /home/airflow/.local/lib/python3.12/site-packages/airflow/example_dags/example_xcom.py for tasks to queue
[2025-05-21T23:31:08.886+0000] {logging_mixin.py:190} INFO - [2025-05-21T23:31:08.885+0000] {dagbag.py:588} INFO - Filling up the DagBag from /home/airflow/.local/lib/python3.12/site-packages/airflow/example_dags/example_xcom.py
[2025-05-21T23:31:08.911+0000] {processor.py:925} INFO - DAG(s) 'example_xcom' retrieved from /home/airflow/.local/lib/python3.12/site-packages/airflow/example_dags/example_xcom.py
[2025-05-21T23:31:08.970+0000] {logging_mixin.py:190} INFO - [2025-05-21T23:31:08.969+0000] {dag.py:3239} INFO - Sync 1 DAGs
[2025-05-21T23:31:09.021+0000] {logging_mixin.py:190} INFO - [2025-05-21T23:31:09.021+0000] {dag.py:4180} INFO - Setting next_dagrun for example_xcom to 2021-01-01 00:00:00+00:00, run_after=2021-01-01 00:00:00+00:00
[2025-05-21T23:31:09.058+0000] {processor.py:208} INFO - Processing /home/airflow/.local/lib/python3.12/site-packages/airflow/example_dags/example_xcom.py took 0.193 seconds
[2025-05-21T23:31:39.538+0000] {processor.py:186} INFO - Started process (PID=2153) to work on /home/airflow/.local/lib/python3.12/site-packages/airflow/example_dags/example_xcom.py
[2025-05-21T23:31:39.541+0000] {processor.py:914} INFO - Processing file /home/airflow/.local/lib/python3.12/site-packages/airflow/example_dags/example_xcom.py for tasks to queue
[2025-05-21T23:31:39.544+0000] {logging_mixin.py:190} INFO - [2025-05-21T23:31:39.544+0000] {dagbag.py:588} INFO - Filling up the DagBag from /home/airflow/.local/lib/python3.12/site-packages/airflow/example_dags/example_xcom.py
[2025-05-21T23:31:39.562+0000] {processor.py:925} INFO - DAG(s) 'example_xcom' retrieved from /home/airflow/.local/lib/python3.12/site-packages/airflow/example_dags/example_xcom.py
[2025-05-21T23:31:39.608+0000] {logging_mixin.py:190} INFO - [2025-05-21T23:31:39.607+0000] {dag.py:3239} INFO - Sync 1 DAGs
[2025-05-21T23:31:39.654+0000] {logging_mixin.py:190} INFO - [2025-05-21T23:31:39.653+0000] {dag.py:4180} INFO - Setting next_dagrun for example_xcom to 2021-01-01 00:00:00+00:00, run_after=2021-01-01 00:00:00+00:00
[2025-05-21T23:31:39.763+0000] {processor.py:208} INFO - Processing /home/airflow/.local/lib/python3.12/site-packages/airflow/example_dags/example_xcom.py took 0.238 seconds
[2025-05-21T23:32:09.890+0000] {processor.py:186} INFO - Started process (PID=2219) to work on /home/airflow/.local/lib/python3.12/site-packages/airflow/example_dags/example_xcom.py
[2025-05-21T23:32:09.893+0000] {processor.py:914} INFO - Processing file /home/airflow/.local/lib/python3.12/site-packages/airflow/example_dags/example_xcom.py for tasks to queue
[2025-05-21T23:32:09.898+0000] {logging_mixin.py:190} INFO - [2025-05-21T23:32:09.897+0000] {dagbag.py:588} INFO - Filling up the DagBag from /home/airflow/.local/lib/python3.12/site-packages/airflow/example_dags/example_xcom.py
[2025-05-21T23:32:09.918+0000] {processor.py:925} INFO - DAG(s) 'example_xcom' retrieved from /home/airflow/.local/lib/python3.12/site-packages/airflow/example_dags/example_xcom.py
[2025-05-21T23:32:09.970+0000] {logging_mixin.py:190} INFO - [2025-05-21T23:32:09.969+0000] {dag.py:3239} INFO - Sync 1 DAGs
[2025-05-21T23:32:10.033+0000] {logging_mixin.py:190} INFO - [2025-05-21T23:32:10.032+0000] {dag.py:4180} INFO - Setting next_dagrun for example_xcom to 2021-01-01 00:00:00+00:00, run_after=2021-01-01 00:00:00+00:00
[2025-05-21T23:32:10.077+0000] {processor.py:208} INFO - Processing /home/airflow/.local/lib/python3.12/site-packages/airflow/example_dags/example_xcom.py took 0.199 seconds
[2025-05-21T23:32:40.726+0000] {processor.py:186} INFO - Started process (PID=2285) to work on /home/airflow/.local/lib/python3.12/site-packages/airflow/example_dags/example_xcom.py
[2025-05-21T23:32:40.728+0000] {processor.py:914} INFO - Processing file /home/airflow/.local/lib/python3.12/site-packages/airflow/example_dags/example_xcom.py for tasks to queue
[2025-05-21T23:32:40.733+0000] {logging_mixin.py:190} INFO - [2025-05-21T23:32:40.732+0000] {dagbag.py:588} INFO - Filling up the DagBag from /home/airflow/.local/lib/python3.12/site-packages/airflow/example_dags/example_xcom.py
[2025-05-21T23:32:40.750+0000] {processor.py:925} INFO - DAG(s) 'example_xcom' retrieved from /home/airflow/.local/lib/python3.12/site-packages/airflow/example_dags/example_xcom.py
[2025-05-21T23:32:40.800+0000] {logging_mixin.py:190} INFO - [2025-05-21T23:32:40.800+0000] {dag.py:3239} INFO - Sync 1 DAGs
[2025-05-21T23:32:40.852+0000] {logging_mixin.py:190} INFO - [2025-05-21T23:32:40.851+0000] {dag.py:4180} INFO - Setting next_dagrun for example_xcom to 2021-01-01 00:00:00+00:00, run_after=2021-01-01 00:00:00+00:00
[2025-05-21T23:32:40.971+0000] {processor.py:208} INFO - Processing /home/airflow/.local/lib/python3.12/site-packages/airflow/example_dags/example_xcom.py took 0.256 seconds
[2025-05-21T23:33:11.182+0000] {processor.py:186} INFO - Started process (PID=2350) to work on /home/airflow/.local/lib/python3.12/site-packages/airflow/example_dags/example_xcom.py
[2025-05-21T23:33:11.185+0000] {processor.py:914} INFO - Processing file /home/airflow/.local/lib/python3.12/site-packages/airflow/example_dags/example_xcom.py for tasks to queue
[2025-05-21T23:33:11.191+0000] {logging_mixin.py:190} INFO - [2025-05-21T23:33:11.191+0000] {dagbag.py:588} INFO - Filling up the DagBag from /home/airflow/.local/lib/python3.12/site-packages/airflow/example_dags/example_xcom.py
[2025-05-21T23:33:11.211+0000] {processor.py:925} INFO - DAG(s) 'example_xcom' retrieved from /home/airflow/.local/lib/python3.12/site-packages/airflow/example_dags/example_xcom.py
[2025-05-21T23:33:11.257+0000] {logging_mixin.py:190} INFO - [2025-05-21T23:33:11.256+0000] {dag.py:3239} INFO - Sync 1 DAGs
[2025-05-21T23:33:11.319+0000] {logging_mixin.py:190} INFO - [2025-05-21T23:33:11.318+0000] {dag.py:4180} INFO - Setting next_dagrun for example_xcom to 2021-01-01 00:00:00+00:00, run_after=2021-01-01 00:00:00+00:00
[2025-05-21T23:33:11.430+0000] {processor.py:208} INFO - Processing /home/airflow/.local/lib/python3.12/site-packages/airflow/example_dags/example_xcom.py took 0.265 seconds
[2025-05-21T23:33:41.674+0000] {processor.py:186} INFO - Started process (PID=2416) to work on /home/airflow/.local/lib/python3.12/site-packages/airflow/example_dags/example_xcom.py
[2025-05-21T23:33:41.676+0000] {processor.py:914} INFO - Processing file /home/airflow/.local/lib/python3.12/site-packages/airflow/example_dags/example_xcom.py for tasks to queue
[2025-05-21T23:33:41.680+0000] {logging_mixin.py:190} INFO - [2025-05-21T23:33:41.680+0000] {dagbag.py:588} INFO - Filling up the DagBag from /home/airflow/.local/lib/python3.12/site-packages/airflow/example_dags/example_xcom.py
[2025-05-21T23:33:41.698+0000] {processor.py:925} INFO - DAG(s) 'example_xcom' retrieved from /home/airflow/.local/lib/python3.12/site-packages/airflow/example_dags/example_xcom.py
[2025-05-21T23:33:41.737+0000] {logging_mixin.py:190} INFO - [2025-05-21T23:33:41.737+0000] {dag.py:3239} INFO - Sync 1 DAGs
[2025-05-21T23:33:41.779+0000] {logging_mixin.py:190} INFO - [2025-05-21T23:33:41.778+0000] {dag.py:4180} INFO - Setting next_dagrun for example_xcom to 2021-01-01 00:00:00+00:00, run_after=2021-01-01 00:00:00+00:00
[2025-05-21T23:33:41.878+0000] {processor.py:208} INFO - Processing /home/airflow/.local/lib/python3.12/site-packages/airflow/example_dags/example_xcom.py took 0.215 seconds
[2025-05-21T23:34:13.128+0000] {processor.py:186} INFO - Started process (PID=2482) to work on /home/airflow/.local/lib/python3.12/site-packages/airflow/example_dags/example_xcom.py
[2025-05-21T23:34:13.130+0000] {processor.py:914} INFO - Processing file /home/airflow/.local/lib/python3.12/site-packages/airflow/example_dags/example_xcom.py for tasks to queue
[2025-05-21T23:34:13.135+0000] {logging_mixin.py:190} INFO - [2025-05-21T23:34:13.134+0000] {dagbag.py:588} INFO - Filling up the DagBag from /home/airflow/.local/lib/python3.12/site-packages/airflow/example_dags/example_xcom.py
[2025-05-21T23:34:13.155+0000] {processor.py:925} INFO - DAG(s) 'example_xcom' retrieved from /home/airflow/.local/lib/python3.12/site-packages/airflow/example_dags/example_xcom.py
[2025-05-21T23:34:13.196+0000] {logging_mixin.py:190} INFO - [2025-05-21T23:34:13.196+0000] {dag.py:3239} INFO - Sync 1 DAGs
[2025-05-21T23:34:13.240+0000] {logging_mixin.py:190} INFO - [2025-05-21T23:34:13.240+0000] {dag.py:4180} INFO - Setting next_dagrun for example_xcom to 2021-01-01 00:00:00+00:00, run_after=2021-01-01 00:00:00+00:00
[2025-05-21T23:34:13.348+0000] {processor.py:208} INFO - Processing /home/airflow/.local/lib/python3.12/site-packages/airflow/example_dags/example_xcom.py took 0.230 seconds
[2025-05-21T23:34:43.659+0000] {processor.py:186} INFO - Started process (PID=2547) to work on /home/airflow/.local/lib/python3.12/site-packages/airflow/example_dags/example_xcom.py
[2025-05-21T23:34:43.661+0000] {processor.py:914} INFO - Processing file /home/airflow/.local/lib/python3.12/site-packages/airflow/example_dags/example_xcom.py for tasks to queue
[2025-05-21T23:34:43.667+0000] {logging_mixin.py:190} INFO - [2025-05-21T23:34:43.666+0000] {dagbag.py:588} INFO - Filling up the DagBag from /home/airflow/.local/lib/python3.12/site-packages/airflow/example_dags/example_xcom.py
[2025-05-21T23:34:43.685+0000] {processor.py:925} INFO - DAG(s) 'example_xcom' retrieved from /home/airflow/.local/lib/python3.12/site-packages/airflow/example_dags/example_xcom.py
[2025-05-21T23:34:43.731+0000] {logging_mixin.py:190} INFO - [2025-05-21T23:34:43.730+0000] {dag.py:3239} INFO - Sync 1 DAGs
[2025-05-21T23:34:43.782+0000] {logging_mixin.py:190} INFO - [2025-05-21T23:34:43.781+0000] {dag.py:4180} INFO - Setting next_dagrun for example_xcom to 2021-01-01 00:00:00+00:00, run_after=2021-01-01 00:00:00+00:00
[2025-05-21T23:34:43.825+0000] {processor.py:208} INFO - Processing /home/airflow/.local/lib/python3.12/site-packages/airflow/example_dags/example_xcom.py took 0.183 seconds
[2025-05-21T23:35:14.361+0000] {processor.py:186} INFO - Started process (PID=2613) to work on /home/airflow/.local/lib/python3.12/site-packages/airflow/example_dags/example_xcom.py
[2025-05-21T23:35:14.364+0000] {processor.py:914} INFO - Processing file /home/airflow/.local/lib/python3.12/site-packages/airflow/example_dags/example_xcom.py for tasks to queue
[2025-05-21T23:35:14.372+0000] {logging_mixin.py:190} INFO - [2025-05-21T23:35:14.371+0000] {dagbag.py:588} INFO - Filling up the DagBag from /home/airflow/.local/lib/python3.12/site-packages/airflow/example_dags/example_xcom.py
[2025-05-21T23:35:14.402+0000] {processor.py:925} INFO - DAG(s) 'example_xcom' retrieved from /home/airflow/.local/lib/python3.12/site-packages/airflow/example_dags/example_xcom.py
[2025-05-21T23:35:14.453+0000] {logging_mixin.py:190} INFO - [2025-05-21T23:35:14.453+0000] {dag.py:3239} INFO - Sync 1 DAGs
[2025-05-21T23:35:14.524+0000] {logging_mixin.py:190} INFO - [2025-05-21T23:35:14.523+0000] {dag.py:4180} INFO - Setting next_dagrun for example_xcom to 2021-01-01 00:00:00+00:00, run_after=2021-01-01 00:00:00+00:00
[2025-05-21T23:35:14.574+0000] {processor.py:208} INFO - Processing /home/airflow/.local/lib/python3.12/site-packages/airflow/example_dags/example_xcom.py took 0.237 seconds
[2025-05-21T23:35:44.910+0000] {processor.py:186} INFO - Started process (PID=2678) to work on /home/airflow/.local/lib/python3.12/site-packages/airflow/example_dags/example_xcom.py
[2025-05-21T23:35:44.913+0000] {processor.py:914} INFO - Processing file /home/airflow/.local/lib/python3.12/site-packages/airflow/example_dags/example_xcom.py for tasks to queue
[2025-05-21T23:35:44.919+0000] {logging_mixin.py:190} INFO - [2025-05-21T23:35:44.918+0000] {dagbag.py:588} INFO - Filling up the DagBag from /home/airflow/.local/lib/python3.12/site-packages/airflow/example_dags/example_xcom.py
[2025-05-21T23:35:44.946+0000] {processor.py:925} INFO - DAG(s) 'example_xcom' retrieved from /home/airflow/.local/lib/python3.12/site-packages/airflow/example_dags/example_xcom.py
[2025-05-21T23:35:45.008+0000] {logging_mixin.py:190} INFO - [2025-05-21T23:35:45.007+0000] {dag.py:3239} INFO - Sync 1 DAGs
[2025-05-21T23:35:45.095+0000] {logging_mixin.py:190} INFO - [2025-05-21T23:35:45.094+0000] {dag.py:4180} INFO - Setting next_dagrun for example_xcom to 2021-01-01 00:00:00+00:00, run_after=2021-01-01 00:00:00+00:00
[2025-05-21T23:35:45.149+0000] {processor.py:208} INFO - Processing /home/airflow/.local/lib/python3.12/site-packages/airflow/example_dags/example_xcom.py took 0.254 seconds
[2025-05-21T23:36:16.227+0000] {processor.py:186} INFO - Started process (PID=2744) to work on /home/airflow/.local/lib/python3.12/site-packages/airflow/example_dags/example_xcom.py
[2025-05-21T23:36:16.228+0000] {processor.py:914} INFO - Processing file /home/airflow/.local/lib/python3.12/site-packages/airflow/example_dags/example_xcom.py for tasks to queue
[2025-05-21T23:36:16.233+0000] {logging_mixin.py:190} INFO - [2025-05-21T23:36:16.232+0000] {dagbag.py:588} INFO - Filling up the DagBag from /home/airflow/.local/lib/python3.12/site-packages/airflow/example_dags/example_xcom.py
[2025-05-21T23:36:16.255+0000] {processor.py:925} INFO - DAG(s) 'example_xcom' retrieved from /home/airflow/.local/lib/python3.12/site-packages/airflow/example_dags/example_xcom.py
[2025-05-21T23:36:16.300+0000] {logging_mixin.py:190} INFO - [2025-05-21T23:36:16.299+0000] {dag.py:3239} INFO - Sync 1 DAGs
[2025-05-21T23:36:16.349+0000] {logging_mixin.py:190} INFO - [2025-05-21T23:36:16.349+0000] {dag.py:4180} INFO - Setting next_dagrun for example_xcom to 2021-01-01 00:00:00+00:00, run_after=2021-01-01 00:00:00+00:00
[2025-05-21T23:36:16.391+0000] {processor.py:208} INFO - Processing /home/airflow/.local/lib/python3.12/site-packages/airflow/example_dags/example_xcom.py took 0.174 seconds
[2025-05-21T23:36:46.970+0000] {processor.py:186} INFO - Started process (PID=2810) to work on /home/airflow/.local/lib/python3.12/site-packages/airflow/example_dags/example_xcom.py
[2025-05-21T23:36:46.972+0000] {processor.py:914} INFO - Processing file /home/airflow/.local/lib/python3.12/site-packages/airflow/example_dags/example_xcom.py for tasks to queue
[2025-05-21T23:36:46.977+0000] {logging_mixin.py:190} INFO - [2025-05-21T23:36:46.976+0000] {dagbag.py:588} INFO - Filling up the DagBag from /home/airflow/.local/lib/python3.12/site-packages/airflow/example_dags/example_xcom.py
[2025-05-21T23:36:46.996+0000] {processor.py:925} INFO - DAG(s) 'example_xcom' retrieved from /home/airflow/.local/lib/python3.12/site-packages/airflow/example_dags/example_xcom.py
[2025-05-21T23:36:47.042+0000] {logging_mixin.py:190} INFO - [2025-05-21T23:36:47.041+0000] {dag.py:3239} INFO - Sync 1 DAGs
[2025-05-21T23:36:47.089+0000] {logging_mixin.py:190} INFO - [2025-05-21T23:36:47.089+0000] {dag.py:4180} INFO - Setting next_dagrun for example_xcom to 2021-01-01 00:00:00+00:00, run_after=2021-01-01 00:00:00+00:00
[2025-05-21T23:36:47.129+0000] {processor.py:208} INFO - Processing /home/airflow/.local/lib/python3.12/site-packages/airflow/example_dags/example_xcom.py took 0.171 seconds
[2025-05-21T23:37:17.443+0000] {processor.py:186} INFO - Started process (PID=2876) to work on /home/airflow/.local/lib/python3.12/site-packages/airflow/example_dags/example_xcom.py
[2025-05-21T23:37:17.446+0000] {processor.py:914} INFO - Processing file /home/airflow/.local/lib/python3.12/site-packages/airflow/example_dags/example_xcom.py for tasks to queue
[2025-05-21T23:37:17.452+0000] {logging_mixin.py:190} INFO - [2025-05-21T23:37:17.451+0000] {dagbag.py:588} INFO - Filling up the DagBag from /home/airflow/.local/lib/python3.12/site-packages/airflow/example_dags/example_xcom.py
[2025-05-21T23:37:17.471+0000] {processor.py:925} INFO - DAG(s) 'example_xcom' retrieved from /home/airflow/.local/lib/python3.12/site-packages/airflow/example_dags/example_xcom.py
[2025-05-21T23:37:17.517+0000] {logging_mixin.py:190} INFO - [2025-05-21T23:37:17.516+0000] {dag.py:3239} INFO - Sync 1 DAGs
[2025-05-21T23:37:17.589+0000] {logging_mixin.py:190} INFO - [2025-05-21T23:37:17.588+0000] {dag.py:4180} INFO - Setting next_dagrun for example_xcom to 2021-01-01 00:00:00+00:00, run_after=2021-01-01 00:00:00+00:00
[2025-05-21T23:37:17.701+0000] {processor.py:208} INFO - Processing /home/airflow/.local/lib/python3.12/site-packages/airflow/example_dags/example_xcom.py took 0.276 seconds
[2025-05-21T23:41:25.082+0000] {processor.py:186} INFO - Started process (PID=104) to work on /home/airflow/.local/lib/python3.12/site-packages/airflow/example_dags/example_xcom.py
[2025-05-21T23:41:25.084+0000] {processor.py:914} INFO - Processing file /home/airflow/.local/lib/python3.12/site-packages/airflow/example_dags/example_xcom.py for tasks to queue
[2025-05-21T23:41:25.088+0000] {logging_mixin.py:190} INFO - [2025-05-21T23:41:25.088+0000] {dagbag.py:588} INFO - Filling up the DagBag from /home/airflow/.local/lib/python3.12/site-packages/airflow/example_dags/example_xcom.py
[2025-05-21T23:41:25.109+0000] {processor.py:925} INFO - DAG(s) 'example_xcom' retrieved from /home/airflow/.local/lib/python3.12/site-packages/airflow/example_dags/example_xcom.py
[2025-05-21T23:41:25.377+0000] {logging_mixin.py:190} INFO - [2025-05-21T23:41:25.376+0000] {override.py:1930} INFO - Created Permission View: can read on DAG:example_xcom
[2025-05-21T23:41:25.400+0000] {logging_mixin.py:190} INFO - [2025-05-21T23:41:25.400+0000] {override.py:1930} INFO - Created Permission View: can delete on DAG:example_xcom
[2025-05-21T23:41:25.417+0000] {logging_mixin.py:190} INFO - [2025-05-21T23:41:25.416+0000] {override.py:1930} INFO - Created Permission View: can edit on DAG:example_xcom
[2025-05-21T23:41:25.437+0000] {logging_mixin.py:190} INFO - [2025-05-21T23:41:25.436+0000] {override.py:1930} INFO - Created Permission View: can read on DAG Run:example_xcom
[2025-05-21T23:41:25.453+0000] {logging_mixin.py:190} INFO - [2025-05-21T23:41:25.452+0000] {override.py:1930} INFO - Created Permission View: can delete on DAG Run:example_xcom
[2025-05-21T23:41:25.470+0000] {logging_mixin.py:190} INFO - [2025-05-21T23:41:25.469+0000] {override.py:1930} INFO - Created Permission View: menu access on DAG Run:example_xcom
[2025-05-21T23:41:25.486+0000] {logging_mixin.py:190} INFO - [2025-05-21T23:41:25.485+0000] {override.py:1930} INFO - Created Permission View: can create on DAG Run:example_xcom
[2025-05-21T23:41:25.487+0000] {logging_mixin.py:190} INFO - [2025-05-21T23:41:25.487+0000] {dag.py:3239} INFO - Sync 1 DAGs
[2025-05-21T23:41:25.517+0000] {logging_mixin.py:190} INFO - [2025-05-21T23:41:25.517+0000] {dag.py:3262} INFO - Creating ORM DAG for example_xcom
[2025-05-21T23:41:25.535+0000] {logging_mixin.py:190} INFO - [2025-05-21T23:41:25.535+0000] {dag.py:4180} INFO - Setting next_dagrun for example_xcom to 2021-01-01 00:00:00+00:00, run_after=2021-01-01 00:00:00+00:00
[2025-05-21T23:41:25.571+0000] {processor.py:208} INFO - Processing /home/airflow/.local/lib/python3.12/site-packages/airflow/example_dags/example_xcom.py took 0.501 seconds
[2025-05-21T23:41:56.169+0000] {processor.py:186} INFO - Started process (PID=170) to work on /home/airflow/.local/lib/python3.12/site-packages/airflow/example_dags/example_xcom.py
[2025-05-21T23:41:56.171+0000] {processor.py:914} INFO - Processing file /home/airflow/.local/lib/python3.12/site-packages/airflow/example_dags/example_xcom.py for tasks to queue
[2025-05-21T23:41:56.175+0000] {logging_mixin.py:190} INFO - [2025-05-21T23:41:56.175+0000] {dagbag.py:588} INFO - Filling up the DagBag from /home/airflow/.local/lib/python3.12/site-packages/airflow/example_dags/example_xcom.py
[2025-05-21T23:41:56.196+0000] {processor.py:925} INFO - DAG(s) 'example_xcom' retrieved from /home/airflow/.local/lib/python3.12/site-packages/airflow/example_dags/example_xcom.py
[2025-05-21T23:41:56.249+0000] {logging_mixin.py:190} INFO - [2025-05-21T23:41:56.248+0000] {dag.py:3239} INFO - Sync 1 DAGs
[2025-05-21T23:41:56.309+0000] {logging_mixin.py:190} INFO - [2025-05-21T23:41:56.308+0000] {dag.py:4180} INFO - Setting next_dagrun for example_xcom to 2021-01-01 00:00:00+00:00, run_after=2021-01-01 00:00:00+00:00
[2025-05-21T23:41:56.363+0000] {processor.py:208} INFO - Processing /home/airflow/.local/lib/python3.12/site-packages/airflow/example_dags/example_xcom.py took 0.207 seconds
[2025-05-21T23:42:26.577+0000] {processor.py:186} INFO - Started process (PID=236) to work on /home/airflow/.local/lib/python3.12/site-packages/airflow/example_dags/example_xcom.py
[2025-05-21T23:42:26.581+0000] {processor.py:914} INFO - Processing file /home/airflow/.local/lib/python3.12/site-packages/airflow/example_dags/example_xcom.py for tasks to queue
[2025-05-21T23:42:26.588+0000] {logging_mixin.py:190} INFO - [2025-05-21T23:42:26.587+0000] {dagbag.py:588} INFO - Filling up the DagBag from /home/airflow/.local/lib/python3.12/site-packages/airflow/example_dags/example_xcom.py
[2025-05-21T23:42:26.617+0000] {processor.py:925} INFO - DAG(s) 'example_xcom' retrieved from /home/airflow/.local/lib/python3.12/site-packages/airflow/example_dags/example_xcom.py
[2025-05-21T23:42:26.670+0000] {logging_mixin.py:190} INFO - [2025-05-21T23:42:26.670+0000] {dag.py:3239} INFO - Sync 1 DAGs
[2025-05-21T23:42:26.717+0000] {logging_mixin.py:190} INFO - [2025-05-21T23:42:26.717+0000] {dag.py:4180} INFO - Setting next_dagrun for example_xcom to 2021-01-01 00:00:00+00:00, run_after=2021-01-01 00:00:00+00:00
[2025-05-21T23:42:26.796+0000] {processor.py:208} INFO - Processing /home/airflow/.local/lib/python3.12/site-packages/airflow/example_dags/example_xcom.py took 0.237 seconds
[2025-05-21T23:42:57.557+0000] {processor.py:186} INFO - Started process (PID=308) to work on /home/airflow/.local/lib/python3.12/site-packages/airflow/example_dags/example_xcom.py
[2025-05-21T23:42:57.560+0000] {processor.py:914} INFO - Processing file /home/airflow/.local/lib/python3.12/site-packages/airflow/example_dags/example_xcom.py for tasks to queue
[2025-05-21T23:42:57.567+0000] {logging_mixin.py:190} INFO - [2025-05-21T23:42:57.566+0000] {dagbag.py:588} INFO - Filling up the DagBag from /home/airflow/.local/lib/python3.12/site-packages/airflow/example_dags/example_xcom.py
[2025-05-21T23:42:57.591+0000] {processor.py:925} INFO - DAG(s) 'example_xcom' retrieved from /home/airflow/.local/lib/python3.12/site-packages/airflow/example_dags/example_xcom.py
[2025-05-21T23:42:57.651+0000] {logging_mixin.py:190} INFO - [2025-05-21T23:42:57.650+0000] {dag.py:3239} INFO - Sync 1 DAGs
[2025-05-21T23:42:57.714+0000] {logging_mixin.py:190} INFO - [2025-05-21T23:42:57.713+0000] {dag.py:4180} INFO - Setting next_dagrun for example_xcom to 2021-01-01 00:00:00+00:00, run_after=2021-01-01 00:00:00+00:00
[2025-05-21T23:42:57.769+0000] {processor.py:208} INFO - Processing /home/airflow/.local/lib/python3.12/site-packages/airflow/example_dags/example_xcom.py took 0.225 seconds
[2025-05-21T23:43:28.081+0000] {processor.py:186} INFO - Started process (PID=373) to work on /home/airflow/.local/lib/python3.12/site-packages/airflow/example_dags/example_xcom.py
[2025-05-21T23:43:28.083+0000] {processor.py:914} INFO - Processing file /home/airflow/.local/lib/python3.12/site-packages/airflow/example_dags/example_xcom.py for tasks to queue
[2025-05-21T23:43:28.088+0000] {logging_mixin.py:190} INFO - [2025-05-21T23:43:28.087+0000] {dagbag.py:588} INFO - Filling up the DagBag from /home/airflow/.local/lib/python3.12/site-packages/airflow/example_dags/example_xcom.py
[2025-05-21T23:43:28.109+0000] {processor.py:925} INFO - DAG(s) 'example_xcom' retrieved from /home/airflow/.local/lib/python3.12/site-packages/airflow/example_dags/example_xcom.py
[2025-05-21T23:43:28.160+0000] {logging_mixin.py:190} INFO - [2025-05-21T23:43:28.160+0000] {dag.py:3239} INFO - Sync 1 DAGs
[2025-05-21T23:43:28.214+0000] {logging_mixin.py:190} INFO - [2025-05-21T23:43:28.213+0000] {dag.py:4180} INFO - Setting next_dagrun for example_xcom to 2021-01-01 00:00:00+00:00, run_after=2021-01-01 00:00:00+00:00
[2025-05-21T23:43:28.294+0000] {processor.py:208} INFO - Processing /home/airflow/.local/lib/python3.12/site-packages/airflow/example_dags/example_xcom.py took 0.227 seconds
[2025-05-21T23:43:58.461+0000] {processor.py:186} INFO - Started process (PID=439) to work on /home/airflow/.local/lib/python3.12/site-packages/airflow/example_dags/example_xcom.py
[2025-05-21T23:43:58.463+0000] {processor.py:914} INFO - Processing file /home/airflow/.local/lib/python3.12/site-packages/airflow/example_dags/example_xcom.py for tasks to queue
[2025-05-21T23:43:58.467+0000] {logging_mixin.py:190} INFO - [2025-05-21T23:43:58.467+0000] {dagbag.py:588} INFO - Filling up the DagBag from /home/airflow/.local/lib/python3.12/site-packages/airflow/example_dags/example_xcom.py
[2025-05-21T23:43:58.484+0000] {processor.py:925} INFO - DAG(s) 'example_xcom' retrieved from /home/airflow/.local/lib/python3.12/site-packages/airflow/example_dags/example_xcom.py
[2025-05-21T23:43:58.531+0000] {logging_mixin.py:190} INFO - [2025-05-21T23:43:58.530+0000] {dag.py:3239} INFO - Sync 1 DAGs
[2025-05-21T23:43:58.584+0000] {logging_mixin.py:190} INFO - [2025-05-21T23:43:58.583+0000] {dag.py:4180} INFO - Setting next_dagrun for example_xcom to 2021-01-01 00:00:00+00:00, run_after=2021-01-01 00:00:00+00:00
[2025-05-21T23:43:58.658+0000] {processor.py:208} INFO - Processing /home/airflow/.local/lib/python3.12/site-packages/airflow/example_dags/example_xcom.py took 0.207 seconds
[2025-05-21T23:44:29.595+0000] {processor.py:186} INFO - Started process (PID=505) to work on /home/airflow/.local/lib/python3.12/site-packages/airflow/example_dags/example_xcom.py
[2025-05-21T23:44:29.598+0000] {processor.py:914} INFO - Processing file /home/airflow/.local/lib/python3.12/site-packages/airflow/example_dags/example_xcom.py for tasks to queue
[2025-05-21T23:44:29.602+0000] {logging_mixin.py:190} INFO - [2025-05-21T23:44:29.602+0000] {dagbag.py:588} INFO - Filling up the DagBag from /home/airflow/.local/lib/python3.12/site-packages/airflow/example_dags/example_xcom.py
[2025-05-21T23:44:29.624+0000] {processor.py:925} INFO - DAG(s) 'example_xcom' retrieved from /home/airflow/.local/lib/python3.12/site-packages/airflow/example_dags/example_xcom.py
[2025-05-21T23:44:29.675+0000] {logging_mixin.py:190} INFO - [2025-05-21T23:44:29.674+0000] {dag.py:3239} INFO - Sync 1 DAGs
[2025-05-21T23:44:29.727+0000] {logging_mixin.py:190} INFO - [2025-05-21T23:44:29.726+0000] {dag.py:4180} INFO - Setting next_dagrun for example_xcom to 2021-01-01 00:00:00+00:00, run_after=2021-01-01 00:00:00+00:00
[2025-05-21T23:44:29.770+0000] {processor.py:208} INFO - Processing /home/airflow/.local/lib/python3.12/site-packages/airflow/example_dags/example_xcom.py took 0.187 seconds
[2025-05-21T23:45:00.388+0000] {processor.py:186} INFO - Started process (PID=571) to work on /home/airflow/.local/lib/python3.12/site-packages/airflow/example_dags/example_xcom.py
[2025-05-21T23:45:00.390+0000] {processor.py:914} INFO - Processing file /home/airflow/.local/lib/python3.12/site-packages/airflow/example_dags/example_xcom.py for tasks to queue
[2025-05-21T23:45:00.396+0000] {logging_mixin.py:190} INFO - [2025-05-21T23:45:00.395+0000] {dagbag.py:588} INFO - Filling up the DagBag from /home/airflow/.local/lib/python3.12/site-packages/airflow/example_dags/example_xcom.py
[2025-05-21T23:45:00.418+0000] {processor.py:925} INFO - DAG(s) 'example_xcom' retrieved from /home/airflow/.local/lib/python3.12/site-packages/airflow/example_dags/example_xcom.py
[2025-05-21T23:45:00.468+0000] {logging_mixin.py:190} INFO - [2025-05-21T23:45:00.468+0000] {dag.py:3239} INFO - Sync 1 DAGs
[2025-05-21T23:45:00.528+0000] {logging_mixin.py:190} INFO - [2025-05-21T23:45:00.527+0000] {dag.py:4180} INFO - Setting next_dagrun for example_xcom to 2021-01-01 00:00:00+00:00, run_after=2021-01-01 00:00:00+00:00
[2025-05-21T23:45:00.602+0000] {processor.py:208} INFO - Processing /home/airflow/.local/lib/python3.12/site-packages/airflow/example_dags/example_xcom.py took 0.227 seconds
