[2025-05-21T23:15:59.015+0000] {processor.py:186} INFO - Started process (PID=136) to work on /home/airflow/.local/lib/python3.12/site-packages/airflow/example_dags/example_branch_operator.py
[2025-05-21T23:15:59.018+0000] {processor.py:914} INFO - Processing file /home/airflow/.local/lib/python3.12/site-packages/airflow/example_dags/example_branch_operator.py for tasks to queue
[2025-05-21T23:15:59.023+0000] {logging_mixin.py:190} INFO - [2025-05-21T23:15:59.022+0000] {dagbag.py:588} INFO - Filling up the DagBag from /home/airflow/.local/lib/python3.12/site-packages/airflow/example_dags/example_branch_operator.py
[2025-05-21T23:15:59.075+0000] {processor.py:925} INFO - DAG(s) 'example_branch_operator' retrieved from /home/airflow/.local/lib/python3.12/site-packages/airflow/example_dags/example_branch_operator.py
[2025-05-21T23:15:59.358+0000] {logging_mixin.py:190} INFO - [2025-05-21T23:15:59.356+0000] {override.py:1930} INFO - Created Permission View: can delete on DAG:example_branch_operator
[2025-05-21T23:15:59.377+0000] {logging_mixin.py:190} INFO - [2025-05-21T23:15:59.377+0000] {override.py:1930} INFO - Created Permission View: can read on DAG:example_branch_operator
[2025-05-21T23:15:59.393+0000] {logging_mixin.py:190} INFO - [2025-05-21T23:15:59.392+0000] {override.py:1930} INFO - Created Permission View: can edit on DAG:example_branch_operator
[2025-05-21T23:15:59.410+0000] {logging_mixin.py:190} INFO - [2025-05-21T23:15:59.409+0000] {override.py:1930} INFO - Created Permission View: can delete on DAG Run:example_branch_operator
[2025-05-21T23:15:59.425+0000] {logging_mixin.py:190} INFO - [2025-05-21T23:15:59.425+0000] {override.py:1930} INFO - Created Permission View: can read on DAG Run:example_branch_operator
[2025-05-21T23:15:59.440+0000] {logging_mixin.py:190} INFO - [2025-05-21T23:15:59.439+0000] {override.py:1930} INFO - Created Permission View: menu access on DAG Run:example_branch_operator
[2025-05-21T23:15:59.453+0000] {logging_mixin.py:190} INFO - [2025-05-21T23:15:59.452+0000] {override.py:1930} INFO - Created Permission View: can create on DAG Run:example_branch_operator
[2025-05-21T23:15:59.454+0000] {logging_mixin.py:190} INFO - [2025-05-21T23:15:59.454+0000] {dag.py:3239} INFO - Sync 1 DAGs
[2025-05-21T23:15:59.486+0000] {logging_mixin.py:190} INFO - [2025-05-21T23:15:59.485+0000] {dag.py:3262} INFO - Creating ORM DAG for example_branch_operator
[2025-05-21T23:15:59.516+0000] {logging_mixin.py:190} INFO - [2025-05-21T23:15:59.515+0000] {dag.py:4180} INFO - Setting next_dagrun for example_branch_operator to 2025-05-20 00:00:00+00:00, run_after=2025-05-21 00:00:00+00:00
[2025-05-21T23:15:59.558+0000] {processor.py:208} INFO - Processing /home/airflow/.local/lib/python3.12/site-packages/airflow/example_dags/example_branch_operator.py took 0.553 seconds
[2025-05-21T23:16:30.972+0000] {processor.py:186} INFO - Started process (PID=202) to work on /home/airflow/.local/lib/python3.12/site-packages/airflow/example_dags/example_branch_operator.py
[2025-05-21T23:16:30.974+0000] {processor.py:914} INFO - Processing file /home/airflow/.local/lib/python3.12/site-packages/airflow/example_dags/example_branch_operator.py for tasks to queue
[2025-05-21T23:16:30.979+0000] {logging_mixin.py:190} INFO - [2025-05-21T23:16:30.978+0000] {dagbag.py:588} INFO - Filling up the DagBag from /home/airflow/.local/lib/python3.12/site-packages/airflow/example_dags/example_branch_operator.py
[2025-05-21T23:16:31.020+0000] {processor.py:925} INFO - DAG(s) 'example_branch_operator' retrieved from /home/airflow/.local/lib/python3.12/site-packages/airflow/example_dags/example_branch_operator.py
[2025-05-21T23:16:31.083+0000] {logging_mixin.py:190} INFO - [2025-05-21T23:16:31.082+0000] {dag.py:3239} INFO - Sync 1 DAGs
[2025-05-21T23:16:31.144+0000] {logging_mixin.py:190} INFO - [2025-05-21T23:16:31.144+0000] {dag.py:4180} INFO - Setting next_dagrun for example_branch_operator to 2025-05-20 00:00:00+00:00, run_after=2025-05-21 00:00:00+00:00
[2025-05-21T23:16:31.184+0000] {processor.py:208} INFO - Processing /home/airflow/.local/lib/python3.12/site-packages/airflow/example_dags/example_branch_operator.py took 0.224 seconds
[2025-05-21T23:17:03.304+0000] {processor.py:186} INFO - Started process (PID=272) to work on /home/airflow/.local/lib/python3.12/site-packages/airflow/example_dags/example_branch_operator.py
[2025-05-21T23:17:03.306+0000] {processor.py:914} INFO - Processing file /home/airflow/.local/lib/python3.12/site-packages/airflow/example_dags/example_branch_operator.py for tasks to queue
[2025-05-21T23:17:03.311+0000] {logging_mixin.py:190} INFO - [2025-05-21T23:17:03.310+0000] {dagbag.py:588} INFO - Filling up the DagBag from /home/airflow/.local/lib/python3.12/site-packages/airflow/example_dags/example_branch_operator.py
[2025-05-21T23:17:03.348+0000] {processor.py:925} INFO - DAG(s) 'example_branch_operator' retrieved from /home/airflow/.local/lib/python3.12/site-packages/airflow/example_dags/example_branch_operator.py
[2025-05-21T23:17:03.419+0000] {logging_mixin.py:190} INFO - [2025-05-21T23:17:03.418+0000] {dag.py:3239} INFO - Sync 1 DAGs
[2025-05-21T23:17:03.494+0000] {logging_mixin.py:190} INFO - [2025-05-21T23:17:03.493+0000] {dag.py:4180} INFO - Setting next_dagrun for example_branch_operator to 2025-05-20 00:00:00+00:00, run_after=2025-05-21 00:00:00+00:00
[2025-05-21T23:17:03.548+0000] {processor.py:208} INFO - Processing /home/airflow/.local/lib/python3.12/site-packages/airflow/example_dags/example_branch_operator.py took 0.255 seconds
[2025-05-21T23:17:35.972+0000] {processor.py:186} INFO - Started process (PID=338) to work on /home/airflow/.local/lib/python3.12/site-packages/airflow/example_dags/example_branch_operator.py
[2025-05-21T23:17:35.975+0000] {processor.py:914} INFO - Processing file /home/airflow/.local/lib/python3.12/site-packages/airflow/example_dags/example_branch_operator.py for tasks to queue
[2025-05-21T23:17:35.981+0000] {logging_mixin.py:190} INFO - [2025-05-21T23:17:35.980+0000] {dagbag.py:588} INFO - Filling up the DagBag from /home/airflow/.local/lib/python3.12/site-packages/airflow/example_dags/example_branch_operator.py
[2025-05-21T23:17:36.024+0000] {processor.py:925} INFO - DAG(s) 'example_branch_operator' retrieved from /home/airflow/.local/lib/python3.12/site-packages/airflow/example_dags/example_branch_operator.py
[2025-05-21T23:17:36.092+0000] {logging_mixin.py:190} INFO - [2025-05-21T23:17:36.092+0000] {dag.py:3239} INFO - Sync 1 DAGs
[2025-05-21T23:17:36.178+0000] {logging_mixin.py:190} INFO - [2025-05-21T23:17:36.178+0000] {dag.py:4180} INFO - Setting next_dagrun for example_branch_operator to 2025-05-20 00:00:00+00:00, run_after=2025-05-21 00:00:00+00:00
[2025-05-21T23:17:36.231+0000] {processor.py:208} INFO - Processing /home/airflow/.local/lib/python3.12/site-packages/airflow/example_dags/example_branch_operator.py took 0.273 seconds
[2025-05-21T23:18:08.395+0000] {processor.py:186} INFO - Started process (PID=404) to work on /home/airflow/.local/lib/python3.12/site-packages/airflow/example_dags/example_branch_operator.py
[2025-05-21T23:18:08.398+0000] {processor.py:914} INFO - Processing file /home/airflow/.local/lib/python3.12/site-packages/airflow/example_dags/example_branch_operator.py for tasks to queue
[2025-05-21T23:18:08.403+0000] {logging_mixin.py:190} INFO - [2025-05-21T23:18:08.402+0000] {dagbag.py:588} INFO - Filling up the DagBag from /home/airflow/.local/lib/python3.12/site-packages/airflow/example_dags/example_branch_operator.py
[2025-05-21T23:18:08.451+0000] {processor.py:925} INFO - DAG(s) 'example_branch_operator' retrieved from /home/airflow/.local/lib/python3.12/site-packages/airflow/example_dags/example_branch_operator.py
[2025-05-21T23:18:08.522+0000] {logging_mixin.py:190} INFO - [2025-05-21T23:18:08.521+0000] {dag.py:3239} INFO - Sync 1 DAGs
[2025-05-21T23:18:08.582+0000] {logging_mixin.py:190} INFO - [2025-05-21T23:18:08.581+0000] {dag.py:4180} INFO - Setting next_dagrun for example_branch_operator to 2025-05-20 00:00:00+00:00, run_after=2025-05-21 00:00:00+00:00
[2025-05-21T23:18:08.629+0000] {processor.py:208} INFO - Processing /home/airflow/.local/lib/python3.12/site-packages/airflow/example_dags/example_branch_operator.py took 0.247 seconds
[2025-05-21T23:18:40.295+0000] {processor.py:186} INFO - Started process (PID=470) to work on /home/airflow/.local/lib/python3.12/site-packages/airflow/example_dags/example_branch_operator.py
[2025-05-21T23:18:40.297+0000] {processor.py:914} INFO - Processing file /home/airflow/.local/lib/python3.12/site-packages/airflow/example_dags/example_branch_operator.py for tasks to queue
[2025-05-21T23:18:40.302+0000] {logging_mixin.py:190} INFO - [2025-05-21T23:18:40.301+0000] {dagbag.py:588} INFO - Filling up the DagBag from /home/airflow/.local/lib/python3.12/site-packages/airflow/example_dags/example_branch_operator.py
[2025-05-21T23:18:40.339+0000] {processor.py:925} INFO - DAG(s) 'example_branch_operator' retrieved from /home/airflow/.local/lib/python3.12/site-packages/airflow/example_dags/example_branch_operator.py
[2025-05-21T23:18:40.401+0000] {logging_mixin.py:190} INFO - [2025-05-21T23:18:40.401+0000] {dag.py:3239} INFO - Sync 1 DAGs
[2025-05-21T23:18:40.447+0000] {logging_mixin.py:190} INFO - [2025-05-21T23:18:40.446+0000] {dag.py:4180} INFO - Setting next_dagrun for example_branch_operator to 2025-05-20 00:00:00+00:00, run_after=2025-05-21 00:00:00+00:00
[2025-05-21T23:18:40.515+0000] {processor.py:208} INFO - Processing /home/airflow/.local/lib/python3.12/site-packages/airflow/example_dags/example_branch_operator.py took 0.230 seconds
[2025-05-21T23:19:12.438+0000] {processor.py:186} INFO - Started process (PID=537) to work on /home/airflow/.local/lib/python3.12/site-packages/airflow/example_dags/example_branch_operator.py
[2025-05-21T23:19:12.440+0000] {processor.py:914} INFO - Processing file /home/airflow/.local/lib/python3.12/site-packages/airflow/example_dags/example_branch_operator.py for tasks to queue
[2025-05-21T23:19:12.446+0000] {logging_mixin.py:190} INFO - [2025-05-21T23:19:12.445+0000] {dagbag.py:588} INFO - Filling up the DagBag from /home/airflow/.local/lib/python3.12/site-packages/airflow/example_dags/example_branch_operator.py
[2025-05-21T23:19:12.485+0000] {processor.py:925} INFO - DAG(s) 'example_branch_operator' retrieved from /home/airflow/.local/lib/python3.12/site-packages/airflow/example_dags/example_branch_operator.py
[2025-05-21T23:19:12.552+0000] {logging_mixin.py:190} INFO - [2025-05-21T23:19:12.552+0000] {dag.py:3239} INFO - Sync 1 DAGs
[2025-05-21T23:19:12.605+0000] {logging_mixin.py:190} INFO - [2025-05-21T23:19:12.604+0000] {dag.py:4180} INFO - Setting next_dagrun for example_branch_operator to 2025-05-20 00:00:00+00:00, run_after=2025-05-21 00:00:00+00:00
[2025-05-21T23:19:12.715+0000] {processor.py:208} INFO - Processing /home/airflow/.local/lib/python3.12/site-packages/airflow/example_dags/example_branch_operator.py took 0.288 seconds
[2025-05-21T23:19:44.326+0000] {processor.py:186} INFO - Started process (PID=606) to work on /home/airflow/.local/lib/python3.12/site-packages/airflow/example_dags/example_branch_operator.py
[2025-05-21T23:19:44.328+0000] {processor.py:914} INFO - Processing file /home/airflow/.local/lib/python3.12/site-packages/airflow/example_dags/example_branch_operator.py for tasks to queue
[2025-05-21T23:19:44.333+0000] {logging_mixin.py:190} INFO - [2025-05-21T23:19:44.332+0000] {dagbag.py:588} INFO - Filling up the DagBag from /home/airflow/.local/lib/python3.12/site-packages/airflow/example_dags/example_branch_operator.py
[2025-05-21T23:19:44.374+0000] {processor.py:925} INFO - DAG(s) 'example_branch_operator' retrieved from /home/airflow/.local/lib/python3.12/site-packages/airflow/example_dags/example_branch_operator.py
[2025-05-21T23:19:44.437+0000] {logging_mixin.py:190} INFO - [2025-05-21T23:19:44.436+0000] {dag.py:3239} INFO - Sync 1 DAGs
[2025-05-21T23:19:44.489+0000] {logging_mixin.py:190} INFO - [2025-05-21T23:19:44.489+0000] {dag.py:4180} INFO - Setting next_dagrun for example_branch_operator to 2025-05-20 00:00:00+00:00, run_after=2025-05-21 00:00:00+00:00
[2025-05-21T23:19:44.558+0000] {processor.py:208} INFO - Processing /home/airflow/.local/lib/python3.12/site-packages/airflow/example_dags/example_branch_operator.py took 0.244 seconds
[2025-05-21T23:20:14.695+0000] {processor.py:186} INFO - Started process (PID=671) to work on /home/airflow/.local/lib/python3.12/site-packages/airflow/example_dags/example_branch_operator.py
[2025-05-21T23:20:14.697+0000] {processor.py:914} INFO - Processing file /home/airflow/.local/lib/python3.12/site-packages/airflow/example_dags/example_branch_operator.py for tasks to queue
[2025-05-21T23:20:14.701+0000] {logging_mixin.py:190} INFO - [2025-05-21T23:20:14.700+0000] {dagbag.py:588} INFO - Filling up the DagBag from /home/airflow/.local/lib/python3.12/site-packages/airflow/example_dags/example_branch_operator.py
[2025-05-21T23:20:14.747+0000] {processor.py:925} INFO - DAG(s) 'example_branch_operator' retrieved from /home/airflow/.local/lib/python3.12/site-packages/airflow/example_dags/example_branch_operator.py
[2025-05-21T23:20:14.814+0000] {logging_mixin.py:190} INFO - [2025-05-21T23:20:14.814+0000] {dag.py:3239} INFO - Sync 1 DAGs
[2025-05-21T23:20:14.865+0000] {logging_mixin.py:190} INFO - [2025-05-21T23:20:14.864+0000] {dag.py:4180} INFO - Setting next_dagrun for example_branch_operator to 2025-05-20 00:00:00+00:00, run_after=2025-05-21 00:00:00+00:00
[2025-05-21T23:20:14.971+0000] {processor.py:208} INFO - Processing /home/airflow/.local/lib/python3.12/site-packages/airflow/example_dags/example_branch_operator.py took 0.290 seconds
[2025-05-21T23:20:45.986+0000] {processor.py:186} INFO - Started process (PID=738) to work on /home/airflow/.local/lib/python3.12/site-packages/airflow/example_dags/example_branch_operator.py
[2025-05-21T23:20:45.988+0000] {processor.py:914} INFO - Processing file /home/airflow/.local/lib/python3.12/site-packages/airflow/example_dags/example_branch_operator.py for tasks to queue
[2025-05-21T23:20:45.992+0000] {logging_mixin.py:190} INFO - [2025-05-21T23:20:45.992+0000] {dagbag.py:588} INFO - Filling up the DagBag from /home/airflow/.local/lib/python3.12/site-packages/airflow/example_dags/example_branch_operator.py
[2025-05-21T23:20:46.031+0000] {processor.py:925} INFO - DAG(s) 'example_branch_operator' retrieved from /home/airflow/.local/lib/python3.12/site-packages/airflow/example_dags/example_branch_operator.py
[2025-05-21T23:20:46.116+0000] {logging_mixin.py:190} INFO - [2025-05-21T23:20:46.114+0000] {dag.py:3239} INFO - Sync 1 DAGs
[2025-05-21T23:20:46.192+0000] {logging_mixin.py:190} INFO - [2025-05-21T23:20:46.192+0000] {dag.py:4180} INFO - Setting next_dagrun for example_branch_operator to 2025-05-20 00:00:00+00:00, run_after=2025-05-21 00:00:00+00:00
[2025-05-21T23:20:46.265+0000] {processor.py:208} INFO - Processing /home/airflow/.local/lib/python3.12/site-packages/airflow/example_dags/example_branch_operator.py took 0.289 seconds
[2025-05-21T23:21:16.933+0000] {processor.py:186} INFO - Started process (PID=812) to work on /home/airflow/.local/lib/python3.12/site-packages/airflow/example_dags/example_branch_operator.py
[2025-05-21T23:21:16.937+0000] {processor.py:914} INFO - Processing file /home/airflow/.local/lib/python3.12/site-packages/airflow/example_dags/example_branch_operator.py for tasks to queue
[2025-05-21T23:21:16.943+0000] {logging_mixin.py:190} INFO - [2025-05-21T23:21:16.942+0000] {dagbag.py:588} INFO - Filling up the DagBag from /home/airflow/.local/lib/python3.12/site-packages/airflow/example_dags/example_branch_operator.py
[2025-05-21T23:21:16.987+0000] {processor.py:925} INFO - DAG(s) 'example_branch_operator' retrieved from /home/airflow/.local/lib/python3.12/site-packages/airflow/example_dags/example_branch_operator.py
[2025-05-21T23:21:17.061+0000] {logging_mixin.py:190} INFO - [2025-05-21T23:21:17.061+0000] {dag.py:3239} INFO - Sync 1 DAGs
[2025-05-21T23:21:17.134+0000] {logging_mixin.py:190} INFO - [2025-05-21T23:21:17.133+0000] {dag.py:4180} INFO - Setting next_dagrun for example_branch_operator to 2025-05-20 00:00:00+00:00, run_after=2025-05-21 00:00:00+00:00
[2025-05-21T23:21:17.220+0000] {processor.py:208} INFO - Processing /home/airflow/.local/lib/python3.12/site-packages/airflow/example_dags/example_branch_operator.py took 0.310 seconds
[2025-05-21T23:21:47.537+0000] {processor.py:186} INFO - Started process (PID=878) to work on /home/airflow/.local/lib/python3.12/site-packages/airflow/example_dags/example_branch_operator.py
[2025-05-21T23:21:47.540+0000] {processor.py:914} INFO - Processing file /home/airflow/.local/lib/python3.12/site-packages/airflow/example_dags/example_branch_operator.py for tasks to queue
[2025-05-21T23:21:47.544+0000] {logging_mixin.py:190} INFO - [2025-05-21T23:21:47.543+0000] {dagbag.py:588} INFO - Filling up the DagBag from /home/airflow/.local/lib/python3.12/site-packages/airflow/example_dags/example_branch_operator.py
[2025-05-21T23:21:47.583+0000] {processor.py:925} INFO - DAG(s) 'example_branch_operator' retrieved from /home/airflow/.local/lib/python3.12/site-packages/airflow/example_dags/example_branch_operator.py
[2025-05-21T23:21:47.649+0000] {logging_mixin.py:190} INFO - [2025-05-21T23:21:47.648+0000] {dag.py:3239} INFO - Sync 1 DAGs
[2025-05-21T23:21:47.701+0000] {logging_mixin.py:190} INFO - [2025-05-21T23:21:47.700+0000] {dag.py:4180} INFO - Setting next_dagrun for example_branch_operator to 2025-05-20 00:00:00+00:00, run_after=2025-05-21 00:00:00+00:00
[2025-05-21T23:21:47.743+0000] {processor.py:208} INFO - Processing /home/airflow/.local/lib/python3.12/site-packages/airflow/example_dags/example_branch_operator.py took 0.217 seconds
[2025-05-21T23:22:18.347+0000] {processor.py:186} INFO - Started process (PID=945) to work on /home/airflow/.local/lib/python3.12/site-packages/airflow/example_dags/example_branch_operator.py
[2025-05-21T23:22:18.350+0000] {processor.py:914} INFO - Processing file /home/airflow/.local/lib/python3.12/site-packages/airflow/example_dags/example_branch_operator.py for tasks to queue
[2025-05-21T23:22:18.354+0000] {logging_mixin.py:190} INFO - [2025-05-21T23:22:18.354+0000] {dagbag.py:588} INFO - Filling up the DagBag from /home/airflow/.local/lib/python3.12/site-packages/airflow/example_dags/example_branch_operator.py
[2025-05-21T23:22:18.400+0000] {processor.py:925} INFO - DAG(s) 'example_branch_operator' retrieved from /home/airflow/.local/lib/python3.12/site-packages/airflow/example_dags/example_branch_operator.py
[2025-05-21T23:22:18.474+0000] {logging_mixin.py:190} INFO - [2025-05-21T23:22:18.473+0000] {dag.py:3239} INFO - Sync 1 DAGs
[2025-05-21T23:22:18.528+0000] {logging_mixin.py:190} INFO - [2025-05-21T23:22:18.527+0000] {dag.py:4180} INFO - Setting next_dagrun for example_branch_operator to 2025-05-20 00:00:00+00:00, run_after=2025-05-21 00:00:00+00:00
[2025-05-21T23:22:18.571+0000] {processor.py:208} INFO - Processing /home/airflow/.local/lib/python3.12/site-packages/airflow/example_dags/example_branch_operator.py took 0.235 seconds
[2025-05-21T23:22:48.883+0000] {processor.py:186} INFO - Started process (PID=1011) to work on /home/airflow/.local/lib/python3.12/site-packages/airflow/example_dags/example_branch_operator.py
[2025-05-21T23:22:48.886+0000] {processor.py:914} INFO - Processing file /home/airflow/.local/lib/python3.12/site-packages/airflow/example_dags/example_branch_operator.py for tasks to queue
[2025-05-21T23:22:48.891+0000] {logging_mixin.py:190} INFO - [2025-05-21T23:22:48.890+0000] {dagbag.py:588} INFO - Filling up the DagBag from /home/airflow/.local/lib/python3.12/site-packages/airflow/example_dags/example_branch_operator.py
[2025-05-21T23:22:48.933+0000] {processor.py:925} INFO - DAG(s) 'example_branch_operator' retrieved from /home/airflow/.local/lib/python3.12/site-packages/airflow/example_dags/example_branch_operator.py
[2025-05-21T23:22:48.997+0000] {logging_mixin.py:190} INFO - [2025-05-21T23:22:48.996+0000] {dag.py:3239} INFO - Sync 1 DAGs
[2025-05-21T23:22:49.053+0000] {logging_mixin.py:190} INFO - [2025-05-21T23:22:49.053+0000] {dag.py:4180} INFO - Setting next_dagrun for example_branch_operator to 2025-05-20 00:00:00+00:00, run_after=2025-05-21 00:00:00+00:00
[2025-05-21T23:22:49.181+0000] {processor.py:208} INFO - Processing /home/airflow/.local/lib/python3.12/site-packages/airflow/example_dags/example_branch_operator.py took 0.308 seconds
[2025-05-21T23:23:19.658+0000] {processor.py:186} INFO - Started process (PID=1077) to work on /home/airflow/.local/lib/python3.12/site-packages/airflow/example_dags/example_branch_operator.py
[2025-05-21T23:23:19.660+0000] {processor.py:914} INFO - Processing file /home/airflow/.local/lib/python3.12/site-packages/airflow/example_dags/example_branch_operator.py for tasks to queue
[2025-05-21T23:23:19.665+0000] {logging_mixin.py:190} INFO - [2025-05-21T23:23:19.664+0000] {dagbag.py:588} INFO - Filling up the DagBag from /home/airflow/.local/lib/python3.12/site-packages/airflow/example_dags/example_branch_operator.py
[2025-05-21T23:23:19.698+0000] {processor.py:925} INFO - DAG(s) 'example_branch_operator' retrieved from /home/airflow/.local/lib/python3.12/site-packages/airflow/example_dags/example_branch_operator.py
[2025-05-21T23:23:19.759+0000] {logging_mixin.py:190} INFO - [2025-05-21T23:23:19.759+0000] {dag.py:3239} INFO - Sync 1 DAGs
[2025-05-21T23:23:19.808+0000] {logging_mixin.py:190} INFO - [2025-05-21T23:23:19.808+0000] {dag.py:4180} INFO - Setting next_dagrun for example_branch_operator to 2025-05-20 00:00:00+00:00, run_after=2025-05-21 00:00:00+00:00
[2025-05-21T23:23:19.912+0000] {processor.py:208} INFO - Processing /home/airflow/.local/lib/python3.12/site-packages/airflow/example_dags/example_branch_operator.py took 0.265 seconds
[2025-05-21T23:23:50.182+0000] {processor.py:186} INFO - Started process (PID=1143) to work on /home/airflow/.local/lib/python3.12/site-packages/airflow/example_dags/example_branch_operator.py
[2025-05-21T23:23:50.184+0000] {processor.py:914} INFO - Processing file /home/airflow/.local/lib/python3.12/site-packages/airflow/example_dags/example_branch_operator.py for tasks to queue
[2025-05-21T23:23:50.188+0000] {logging_mixin.py:190} INFO - [2025-05-21T23:23:50.188+0000] {dagbag.py:588} INFO - Filling up the DagBag from /home/airflow/.local/lib/python3.12/site-packages/airflow/example_dags/example_branch_operator.py
[2025-05-21T23:23:50.232+0000] {processor.py:925} INFO - DAG(s) 'example_branch_operator' retrieved from /home/airflow/.local/lib/python3.12/site-packages/airflow/example_dags/example_branch_operator.py
[2025-05-21T23:23:50.298+0000] {logging_mixin.py:190} INFO - [2025-05-21T23:23:50.297+0000] {dag.py:3239} INFO - Sync 1 DAGs
[2025-05-21T23:23:50.357+0000] {logging_mixin.py:190} INFO - [2025-05-21T23:23:50.357+0000] {dag.py:4180} INFO - Setting next_dagrun for example_branch_operator to 2025-05-20 00:00:00+00:00, run_after=2025-05-21 00:00:00+00:00
[2025-05-21T23:23:50.397+0000] {processor.py:208} INFO - Processing /home/airflow/.local/lib/python3.12/site-packages/airflow/example_dags/example_branch_operator.py took 0.225 seconds
[2025-05-21T23:24:20.540+0000] {processor.py:186} INFO - Started process (PID=1208) to work on /home/airflow/.local/lib/python3.12/site-packages/airflow/example_dags/example_branch_operator.py
[2025-05-21T23:24:20.542+0000] {processor.py:914} INFO - Processing file /home/airflow/.local/lib/python3.12/site-packages/airflow/example_dags/example_branch_operator.py for tasks to queue
[2025-05-21T23:24:20.546+0000] {logging_mixin.py:190} INFO - [2025-05-21T23:24:20.546+0000] {dagbag.py:588} INFO - Filling up the DagBag from /home/airflow/.local/lib/python3.12/site-packages/airflow/example_dags/example_branch_operator.py
[2025-05-21T23:24:20.581+0000] {processor.py:925} INFO - DAG(s) 'example_branch_operator' retrieved from /home/airflow/.local/lib/python3.12/site-packages/airflow/example_dags/example_branch_operator.py
[2025-05-21T23:24:20.645+0000] {logging_mixin.py:190} INFO - [2025-05-21T23:24:20.645+0000] {dag.py:3239} INFO - Sync 1 DAGs
[2025-05-21T23:24:20.708+0000] {logging_mixin.py:190} INFO - [2025-05-21T23:24:20.708+0000] {dag.py:4180} INFO - Setting next_dagrun for example_branch_operator to 2025-05-20 00:00:00+00:00, run_after=2025-05-21 00:00:00+00:00
[2025-05-21T23:24:20.812+0000] {processor.py:208} INFO - Processing /home/airflow/.local/lib/python3.12/site-packages/airflow/example_dags/example_branch_operator.py took 0.282 seconds
[2025-05-21T23:24:51.705+0000] {processor.py:186} INFO - Started process (PID=1275) to work on /home/airflow/.local/lib/python3.12/site-packages/airflow/example_dags/example_branch_operator.py
[2025-05-21T23:24:51.707+0000] {processor.py:914} INFO - Processing file /home/airflow/.local/lib/python3.12/site-packages/airflow/example_dags/example_branch_operator.py for tasks to queue
[2025-05-21T23:24:51.712+0000] {logging_mixin.py:190} INFO - [2025-05-21T23:24:51.711+0000] {dagbag.py:588} INFO - Filling up the DagBag from /home/airflow/.local/lib/python3.12/site-packages/airflow/example_dags/example_branch_operator.py
[2025-05-21T23:24:51.747+0000] {processor.py:925} INFO - DAG(s) 'example_branch_operator' retrieved from /home/airflow/.local/lib/python3.12/site-packages/airflow/example_dags/example_branch_operator.py
[2025-05-21T23:24:51.811+0000] {logging_mixin.py:190} INFO - [2025-05-21T23:24:51.810+0000] {dag.py:3239} INFO - Sync 1 DAGs
[2025-05-21T23:24:51.857+0000] {logging_mixin.py:190} INFO - [2025-05-21T23:24:51.856+0000] {dag.py:4180} INFO - Setting next_dagrun for example_branch_operator to 2025-05-20 00:00:00+00:00, run_after=2025-05-21 00:00:00+00:00
[2025-05-21T23:24:51.918+0000] {processor.py:208} INFO - Processing /home/airflow/.local/lib/python3.12/site-packages/airflow/example_dags/example_branch_operator.py took 0.224 seconds
[2025-05-21T23:25:23.152+0000] {processor.py:186} INFO - Started process (PID=1341) to work on /home/airflow/.local/lib/python3.12/site-packages/airflow/example_dags/example_branch_operator.py
[2025-05-21T23:25:23.154+0000] {processor.py:914} INFO - Processing file /home/airflow/.local/lib/python3.12/site-packages/airflow/example_dags/example_branch_operator.py for tasks to queue
[2025-05-21T23:25:23.158+0000] {logging_mixin.py:190} INFO - [2025-05-21T23:25:23.158+0000] {dagbag.py:588} INFO - Filling up the DagBag from /home/airflow/.local/lib/python3.12/site-packages/airflow/example_dags/example_branch_operator.py
[2025-05-21T23:25:23.192+0000] {processor.py:925} INFO - DAG(s) 'example_branch_operator' retrieved from /home/airflow/.local/lib/python3.12/site-packages/airflow/example_dags/example_branch_operator.py
[2025-05-21T23:25:23.255+0000] {logging_mixin.py:190} INFO - [2025-05-21T23:25:23.255+0000] {dag.py:3239} INFO - Sync 1 DAGs
[2025-05-21T23:25:23.305+0000] {logging_mixin.py:190} INFO - [2025-05-21T23:25:23.304+0000] {dag.py:4180} INFO - Setting next_dagrun for example_branch_operator to 2025-05-20 00:00:00+00:00, run_after=2025-05-21 00:00:00+00:00
[2025-05-21T23:25:23.406+0000] {processor.py:208} INFO - Processing /home/airflow/.local/lib/python3.12/site-packages/airflow/example_dags/example_branch_operator.py took 0.264 seconds
[2025-05-21T23:25:53.641+0000] {processor.py:186} INFO - Started process (PID=1407) to work on /home/airflow/.local/lib/python3.12/site-packages/airflow/example_dags/example_branch_operator.py
[2025-05-21T23:25:53.644+0000] {processor.py:914} INFO - Processing file /home/airflow/.local/lib/python3.12/site-packages/airflow/example_dags/example_branch_operator.py for tasks to queue
[2025-05-21T23:25:53.648+0000] {logging_mixin.py:190} INFO - [2025-05-21T23:25:53.648+0000] {dagbag.py:588} INFO - Filling up the DagBag from /home/airflow/.local/lib/python3.12/site-packages/airflow/example_dags/example_branch_operator.py
[2025-05-21T23:25:53.704+0000] {processor.py:925} INFO - DAG(s) 'example_branch_operator' retrieved from /home/airflow/.local/lib/python3.12/site-packages/airflow/example_dags/example_branch_operator.py
[2025-05-21T23:25:53.787+0000] {logging_mixin.py:190} INFO - [2025-05-21T23:25:53.787+0000] {dag.py:3239} INFO - Sync 1 DAGs
[2025-05-21T23:25:53.836+0000] {logging_mixin.py:190} INFO - [2025-05-21T23:25:53.836+0000] {dag.py:4180} INFO - Setting next_dagrun for example_branch_operator to 2025-05-20 00:00:00+00:00, run_after=2025-05-21 00:00:00+00:00
[2025-05-21T23:25:53.871+0000] {processor.py:208} INFO - Processing /home/airflow/.local/lib/python3.12/site-packages/airflow/example_dags/example_branch_operator.py took 0.242 seconds
[2025-05-21T23:26:24.061+0000] {processor.py:186} INFO - Started process (PID=1472) to work on /home/airflow/.local/lib/python3.12/site-packages/airflow/example_dags/example_branch_operator.py
[2025-05-21T23:26:24.064+0000] {processor.py:914} INFO - Processing file /home/airflow/.local/lib/python3.12/site-packages/airflow/example_dags/example_branch_operator.py for tasks to queue
[2025-05-21T23:26:24.069+0000] {logging_mixin.py:190} INFO - [2025-05-21T23:26:24.068+0000] {dagbag.py:588} INFO - Filling up the DagBag from /home/airflow/.local/lib/python3.12/site-packages/airflow/example_dags/example_branch_operator.py
[2025-05-21T23:26:24.109+0000] {processor.py:925} INFO - DAG(s) 'example_branch_operator' retrieved from /home/airflow/.local/lib/python3.12/site-packages/airflow/example_dags/example_branch_operator.py
[2025-05-21T23:26:24.176+0000] {logging_mixin.py:190} INFO - [2025-05-21T23:26:24.175+0000] {dag.py:3239} INFO - Sync 1 DAGs
[2025-05-21T23:26:24.228+0000] {logging_mixin.py:190} INFO - [2025-05-21T23:26:24.227+0000] {dag.py:4180} INFO - Setting next_dagrun for example_branch_operator to 2025-05-20 00:00:00+00:00, run_after=2025-05-21 00:00:00+00:00
[2025-05-21T23:26:24.341+0000] {processor.py:208} INFO - Processing /home/airflow/.local/lib/python3.12/site-packages/airflow/example_dags/example_branch_operator.py took 0.295 seconds
[2025-05-21T23:26:55.082+0000] {processor.py:186} INFO - Started process (PID=1538) to work on /home/airflow/.local/lib/python3.12/site-packages/airflow/example_dags/example_branch_operator.py
[2025-05-21T23:26:55.085+0000] {processor.py:914} INFO - Processing file /home/airflow/.local/lib/python3.12/site-packages/airflow/example_dags/example_branch_operator.py for tasks to queue
[2025-05-21T23:26:55.089+0000] {logging_mixin.py:190} INFO - [2025-05-21T23:26:55.089+0000] {dagbag.py:588} INFO - Filling up the DagBag from /home/airflow/.local/lib/python3.12/site-packages/airflow/example_dags/example_branch_operator.py
[2025-05-21T23:26:55.133+0000] {processor.py:925} INFO - DAG(s) 'example_branch_operator' retrieved from /home/airflow/.local/lib/python3.12/site-packages/airflow/example_dags/example_branch_operator.py
[2025-05-21T23:26:55.204+0000] {logging_mixin.py:190} INFO - [2025-05-21T23:26:55.203+0000] {dag.py:3239} INFO - Sync 1 DAGs
[2025-05-21T23:26:55.258+0000] {logging_mixin.py:190} INFO - [2025-05-21T23:26:55.258+0000] {dag.py:4180} INFO - Setting next_dagrun for example_branch_operator to 2025-05-20 00:00:00+00:00, run_after=2025-05-21 00:00:00+00:00
[2025-05-21T23:26:55.363+0000] {processor.py:208} INFO - Processing /home/airflow/.local/lib/python3.12/site-packages/airflow/example_dags/example_branch_operator.py took 0.294 seconds
[2025-05-21T23:27:25.626+0000] {processor.py:186} INFO - Started process (PID=1604) to work on /home/airflow/.local/lib/python3.12/site-packages/airflow/example_dags/example_branch_operator.py
[2025-05-21T23:27:25.628+0000] {processor.py:914} INFO - Processing file /home/airflow/.local/lib/python3.12/site-packages/airflow/example_dags/example_branch_operator.py for tasks to queue
[2025-05-21T23:27:25.632+0000] {logging_mixin.py:190} INFO - [2025-05-21T23:27:25.632+0000] {dagbag.py:588} INFO - Filling up the DagBag from /home/airflow/.local/lib/python3.12/site-packages/airflow/example_dags/example_branch_operator.py
[2025-05-21T23:27:25.672+0000] {processor.py:925} INFO - DAG(s) 'example_branch_operator' retrieved from /home/airflow/.local/lib/python3.12/site-packages/airflow/example_dags/example_branch_operator.py
[2025-05-21T23:27:25.738+0000] {logging_mixin.py:190} INFO - [2025-05-21T23:27:25.738+0000] {dag.py:3239} INFO - Sync 1 DAGs
[2025-05-21T23:27:25.793+0000] {logging_mixin.py:190} INFO - [2025-05-21T23:27:25.793+0000] {dag.py:4180} INFO - Setting next_dagrun for example_branch_operator to 2025-05-20 00:00:00+00:00, run_after=2025-05-21 00:00:00+00:00
[2025-05-21T23:27:25.834+0000] {processor.py:208} INFO - Processing /home/airflow/.local/lib/python3.12/site-packages/airflow/example_dags/example_branch_operator.py took 0.222 seconds
[2025-05-21T23:27:56.258+0000] {processor.py:186} INFO - Started process (PID=1670) to work on /home/airflow/.local/lib/python3.12/site-packages/airflow/example_dags/example_branch_operator.py
[2025-05-21T23:27:56.260+0000] {processor.py:914} INFO - Processing file /home/airflow/.local/lib/python3.12/site-packages/airflow/example_dags/example_branch_operator.py for tasks to queue
[2025-05-21T23:27:56.265+0000] {logging_mixin.py:190} INFO - [2025-05-21T23:27:56.265+0000] {dagbag.py:588} INFO - Filling up the DagBag from /home/airflow/.local/lib/python3.12/site-packages/airflow/example_dags/example_branch_operator.py
[2025-05-21T23:27:56.302+0000] {processor.py:925} INFO - DAG(s) 'example_branch_operator' retrieved from /home/airflow/.local/lib/python3.12/site-packages/airflow/example_dags/example_branch_operator.py
[2025-05-21T23:27:56.364+0000] {logging_mixin.py:190} INFO - [2025-05-21T23:27:56.364+0000] {dag.py:3239} INFO - Sync 1 DAGs
[2025-05-21T23:27:56.420+0000] {logging_mixin.py:190} INFO - [2025-05-21T23:27:56.419+0000] {dag.py:4180} INFO - Setting next_dagrun for example_branch_operator to 2025-05-20 00:00:00+00:00, run_after=2025-05-21 00:00:00+00:00
[2025-05-21T23:27:56.514+0000] {processor.py:208} INFO - Processing /home/airflow/.local/lib/python3.12/site-packages/airflow/example_dags/example_branch_operator.py took 0.269 seconds
[2025-05-21T23:28:27.024+0000] {processor.py:186} INFO - Started process (PID=1736) to work on /home/airflow/.local/lib/python3.12/site-packages/airflow/example_dags/example_branch_operator.py
[2025-05-21T23:28:27.027+0000] {processor.py:914} INFO - Processing file /home/airflow/.local/lib/python3.12/site-packages/airflow/example_dags/example_branch_operator.py for tasks to queue
[2025-05-21T23:28:27.033+0000] {logging_mixin.py:190} INFO - [2025-05-21T23:28:27.032+0000] {dagbag.py:588} INFO - Filling up the DagBag from /home/airflow/.local/lib/python3.12/site-packages/airflow/example_dags/example_branch_operator.py
[2025-05-21T23:28:27.082+0000] {processor.py:925} INFO - DAG(s) 'example_branch_operator' retrieved from /home/airflow/.local/lib/python3.12/site-packages/airflow/example_dags/example_branch_operator.py
[2025-05-21T23:28:27.152+0000] {logging_mixin.py:190} INFO - [2025-05-21T23:28:27.152+0000] {dag.py:3239} INFO - Sync 1 DAGs
[2025-05-21T23:28:27.217+0000] {logging_mixin.py:190} INFO - [2025-05-21T23:28:27.216+0000] {dag.py:4180} INFO - Setting next_dagrun for example_branch_operator to 2025-05-20 00:00:00+00:00, run_after=2025-05-21 00:00:00+00:00
[2025-05-21T23:28:27.260+0000] {processor.py:208} INFO - Processing /home/airflow/.local/lib/python3.12/site-packages/airflow/example_dags/example_branch_operator.py took 0.252 seconds
[2025-05-21T23:28:57.607+0000] {processor.py:186} INFO - Started process (PID=1802) to work on /home/airflow/.local/lib/python3.12/site-packages/airflow/example_dags/example_branch_operator.py
[2025-05-21T23:28:57.610+0000] {processor.py:914} INFO - Processing file /home/airflow/.local/lib/python3.12/site-packages/airflow/example_dags/example_branch_operator.py for tasks to queue
[2025-05-21T23:28:57.615+0000] {logging_mixin.py:190} INFO - [2025-05-21T23:28:57.615+0000] {dagbag.py:588} INFO - Filling up the DagBag from /home/airflow/.local/lib/python3.12/site-packages/airflow/example_dags/example_branch_operator.py
[2025-05-21T23:28:57.660+0000] {processor.py:925} INFO - DAG(s) 'example_branch_operator' retrieved from /home/airflow/.local/lib/python3.12/site-packages/airflow/example_dags/example_branch_operator.py
[2025-05-21T23:28:57.724+0000] {logging_mixin.py:190} INFO - [2025-05-21T23:28:57.724+0000] {dag.py:3239} INFO - Sync 1 DAGs
[2025-05-21T23:28:57.774+0000] {logging_mixin.py:190} INFO - [2025-05-21T23:28:57.773+0000] {dag.py:4180} INFO - Setting next_dagrun for example_branch_operator to 2025-05-20 00:00:00+00:00, run_after=2025-05-21 00:00:00+00:00
[2025-05-21T23:28:57.876+0000] {processor.py:208} INFO - Processing /home/airflow/.local/lib/python3.12/site-packages/airflow/example_dags/example_branch_operator.py took 0.282 seconds
[2025-05-21T23:29:28.056+0000] {processor.py:186} INFO - Started process (PID=1868) to work on /home/airflow/.local/lib/python3.12/site-packages/airflow/example_dags/example_branch_operator.py
[2025-05-21T23:29:28.059+0000] {processor.py:914} INFO - Processing file /home/airflow/.local/lib/python3.12/site-packages/airflow/example_dags/example_branch_operator.py for tasks to queue
[2025-05-21T23:29:28.065+0000] {logging_mixin.py:190} INFO - [2025-05-21T23:29:28.064+0000] {dagbag.py:588} INFO - Filling up the DagBag from /home/airflow/.local/lib/python3.12/site-packages/airflow/example_dags/example_branch_operator.py
[2025-05-21T23:29:28.116+0000] {processor.py:925} INFO - DAG(s) 'example_branch_operator' retrieved from /home/airflow/.local/lib/python3.12/site-packages/airflow/example_dags/example_branch_operator.py
[2025-05-21T23:29:28.193+0000] {logging_mixin.py:190} INFO - [2025-05-21T23:29:28.192+0000] {dag.py:3239} INFO - Sync 1 DAGs
[2025-05-21T23:29:28.256+0000] {logging_mixin.py:190} INFO - [2025-05-21T23:29:28.255+0000] {dag.py:4180} INFO - Setting next_dagrun for example_branch_operator to 2025-05-20 00:00:00+00:00, run_after=2025-05-21 00:00:00+00:00
[2025-05-21T23:29:28.365+0000] {processor.py:208} INFO - Processing /home/airflow/.local/lib/python3.12/site-packages/airflow/example_dags/example_branch_operator.py took 0.326 seconds
[2025-05-21T23:29:58.559+0000] {processor.py:186} INFO - Started process (PID=1933) to work on /home/airflow/.local/lib/python3.12/site-packages/airflow/example_dags/example_branch_operator.py
[2025-05-21T23:29:58.561+0000] {processor.py:914} INFO - Processing file /home/airflow/.local/lib/python3.12/site-packages/airflow/example_dags/example_branch_operator.py for tasks to queue
[2025-05-21T23:29:58.567+0000] {logging_mixin.py:190} INFO - [2025-05-21T23:29:58.566+0000] {dagbag.py:588} INFO - Filling up the DagBag from /home/airflow/.local/lib/python3.12/site-packages/airflow/example_dags/example_branch_operator.py
[2025-05-21T23:29:58.614+0000] {processor.py:925} INFO - DAG(s) 'example_branch_operator' retrieved from /home/airflow/.local/lib/python3.12/site-packages/airflow/example_dags/example_branch_operator.py
[2025-05-21T23:29:58.690+0000] {logging_mixin.py:190} INFO - [2025-05-21T23:29:58.689+0000] {dag.py:3239} INFO - Sync 1 DAGs
[2025-05-21T23:29:58.751+0000] {logging_mixin.py:190} INFO - [2025-05-21T23:29:58.750+0000] {dag.py:4180} INFO - Setting next_dagrun for example_branch_operator to 2025-05-20 00:00:00+00:00, run_after=2025-05-21 00:00:00+00:00
[2025-05-21T23:29:58.807+0000] {processor.py:208} INFO - Processing /home/airflow/.local/lib/python3.12/site-packages/airflow/example_dags/example_branch_operator.py took 0.260 seconds
[2025-05-21T23:30:28.991+0000] {processor.py:186} INFO - Started process (PID=1999) to work on /home/airflow/.local/lib/python3.12/site-packages/airflow/example_dags/example_branch_operator.py
[2025-05-21T23:30:28.993+0000] {processor.py:914} INFO - Processing file /home/airflow/.local/lib/python3.12/site-packages/airflow/example_dags/example_branch_operator.py for tasks to queue
[2025-05-21T23:30:28.998+0000] {logging_mixin.py:190} INFO - [2025-05-21T23:30:28.998+0000] {dagbag.py:588} INFO - Filling up the DagBag from /home/airflow/.local/lib/python3.12/site-packages/airflow/example_dags/example_branch_operator.py
[2025-05-21T23:30:29.043+0000] {processor.py:925} INFO - DAG(s) 'example_branch_operator' retrieved from /home/airflow/.local/lib/python3.12/site-packages/airflow/example_dags/example_branch_operator.py
[2025-05-21T23:30:29.116+0000] {logging_mixin.py:190} INFO - [2025-05-21T23:30:29.115+0000] {dag.py:3239} INFO - Sync 1 DAGs
[2025-05-21T23:30:29.174+0000] {logging_mixin.py:190} INFO - [2025-05-21T23:30:29.173+0000] {dag.py:4180} INFO - Setting next_dagrun for example_branch_operator to 2025-05-20 00:00:00+00:00, run_after=2025-05-21 00:00:00+00:00
[2025-05-21T23:30:29.279+0000] {processor.py:208} INFO - Processing /home/airflow/.local/lib/python3.12/site-packages/airflow/example_dags/example_branch_operator.py took 0.303 seconds
[2025-05-21T23:30:59.708+0000] {processor.py:186} INFO - Started process (PID=2065) to work on /home/airflow/.local/lib/python3.12/site-packages/airflow/example_dags/example_branch_operator.py
[2025-05-21T23:30:59.710+0000] {processor.py:914} INFO - Processing file /home/airflow/.local/lib/python3.12/site-packages/airflow/example_dags/example_branch_operator.py for tasks to queue
[2025-05-21T23:30:59.714+0000] {logging_mixin.py:190} INFO - [2025-05-21T23:30:59.714+0000] {dagbag.py:588} INFO - Filling up the DagBag from /home/airflow/.local/lib/python3.12/site-packages/airflow/example_dags/example_branch_operator.py
[2025-05-21T23:30:59.750+0000] {processor.py:925} INFO - DAG(s) 'example_branch_operator' retrieved from /home/airflow/.local/lib/python3.12/site-packages/airflow/example_dags/example_branch_operator.py
[2025-05-21T23:30:59.808+0000] {logging_mixin.py:190} INFO - [2025-05-21T23:30:59.808+0000] {dag.py:3239} INFO - Sync 1 DAGs
[2025-05-21T23:30:59.858+0000] {logging_mixin.py:190} INFO - [2025-05-21T23:30:59.857+0000] {dag.py:4180} INFO - Setting next_dagrun for example_branch_operator to 2025-05-20 00:00:00+00:00, run_after=2025-05-21 00:00:00+00:00
[2025-05-21T23:30:59.898+0000] {processor.py:208} INFO - Processing /home/airflow/.local/lib/python3.12/site-packages/airflow/example_dags/example_branch_operator.py took 0.200 seconds
[2025-05-21T23:31:31.654+0000] {processor.py:186} INFO - Started process (PID=2131) to work on /home/airflow/.local/lib/python3.12/site-packages/airflow/example_dags/example_branch_operator.py
[2025-05-21T23:31:31.656+0000] {processor.py:914} INFO - Processing file /home/airflow/.local/lib/python3.12/site-packages/airflow/example_dags/example_branch_operator.py for tasks to queue
[2025-05-21T23:31:31.660+0000] {logging_mixin.py:190} INFO - [2025-05-21T23:31:31.660+0000] {dagbag.py:588} INFO - Filling up the DagBag from /home/airflow/.local/lib/python3.12/site-packages/airflow/example_dags/example_branch_operator.py
[2025-05-21T23:31:31.697+0000] {processor.py:925} INFO - DAG(s) 'example_branch_operator' retrieved from /home/airflow/.local/lib/python3.12/site-packages/airflow/example_dags/example_branch_operator.py
[2025-05-21T23:31:31.768+0000] {logging_mixin.py:190} INFO - [2025-05-21T23:31:31.768+0000] {dag.py:3239} INFO - Sync 1 DAGs
[2025-05-21T23:31:31.817+0000] {logging_mixin.py:190} INFO - [2025-05-21T23:31:31.817+0000] {dag.py:4180} INFO - Setting next_dagrun for example_branch_operator to 2025-05-20 00:00:00+00:00, run_after=2025-05-21 00:00:00+00:00
[2025-05-21T23:31:31.858+0000] {processor.py:208} INFO - Processing /home/airflow/.local/lib/python3.12/site-packages/airflow/example_dags/example_branch_operator.py took 0.217 seconds
[2025-05-21T23:32:03.376+0000] {processor.py:186} INFO - Started process (PID=2199) to work on /home/airflow/.local/lib/python3.12/site-packages/airflow/example_dags/example_branch_operator.py
[2025-05-21T23:32:03.378+0000] {processor.py:914} INFO - Processing file /home/airflow/.local/lib/python3.12/site-packages/airflow/example_dags/example_branch_operator.py for tasks to queue
[2025-05-21T23:32:03.382+0000] {logging_mixin.py:190} INFO - [2025-05-21T23:32:03.382+0000] {dagbag.py:588} INFO - Filling up the DagBag from /home/airflow/.local/lib/python3.12/site-packages/airflow/example_dags/example_branch_operator.py
[2025-05-21T23:32:03.419+0000] {processor.py:925} INFO - DAG(s) 'example_branch_operator' retrieved from /home/airflow/.local/lib/python3.12/site-packages/airflow/example_dags/example_branch_operator.py
[2025-05-21T23:32:03.491+0000] {logging_mixin.py:190} INFO - [2025-05-21T23:32:03.491+0000] {dag.py:3239} INFO - Sync 1 DAGs
[2025-05-21T23:32:03.557+0000] {logging_mixin.py:190} INFO - [2025-05-21T23:32:03.556+0000] {dag.py:4180} INFO - Setting next_dagrun for example_branch_operator to 2025-05-20 00:00:00+00:00, run_after=2025-05-21 00:00:00+00:00
[2025-05-21T23:32:03.598+0000] {processor.py:208} INFO - Processing /home/airflow/.local/lib/python3.12/site-packages/airflow/example_dags/example_branch_operator.py took 0.234 seconds
[2025-05-21T23:32:33.803+0000] {processor.py:186} INFO - Started process (PID=2264) to work on /home/airflow/.local/lib/python3.12/site-packages/airflow/example_dags/example_branch_operator.py
[2025-05-21T23:32:33.805+0000] {processor.py:914} INFO - Processing file /home/airflow/.local/lib/python3.12/site-packages/airflow/example_dags/example_branch_operator.py for tasks to queue
[2025-05-21T23:32:33.810+0000] {logging_mixin.py:190} INFO - [2025-05-21T23:32:33.809+0000] {dagbag.py:588} INFO - Filling up the DagBag from /home/airflow/.local/lib/python3.12/site-packages/airflow/example_dags/example_branch_operator.py
[2025-05-21T23:32:33.851+0000] {processor.py:925} INFO - DAG(s) 'example_branch_operator' retrieved from /home/airflow/.local/lib/python3.12/site-packages/airflow/example_dags/example_branch_operator.py
[2025-05-21T23:32:33.913+0000] {logging_mixin.py:190} INFO - [2025-05-21T23:32:33.913+0000] {dag.py:3239} INFO - Sync 1 DAGs
[2025-05-21T23:32:33.981+0000] {logging_mixin.py:190} INFO - [2025-05-21T23:32:33.979+0000] {dag.py:4180} INFO - Setting next_dagrun for example_branch_operator to 2025-05-20 00:00:00+00:00, run_after=2025-05-21 00:00:00+00:00
[2025-05-21T23:32:34.132+0000] {processor.py:208} INFO - Processing /home/airflow/.local/lib/python3.12/site-packages/airflow/example_dags/example_branch_operator.py took 0.340 seconds
[2025-05-21T23:33:04.265+0000] {processor.py:186} INFO - Started process (PID=2329) to work on /home/airflow/.local/lib/python3.12/site-packages/airflow/example_dags/example_branch_operator.py
[2025-05-21T23:33:04.267+0000] {processor.py:914} INFO - Processing file /home/airflow/.local/lib/python3.12/site-packages/airflow/example_dags/example_branch_operator.py for tasks to queue
[2025-05-21T23:33:04.273+0000] {logging_mixin.py:190} INFO - [2025-05-21T23:33:04.272+0000] {dagbag.py:588} INFO - Filling up the DagBag from /home/airflow/.local/lib/python3.12/site-packages/airflow/example_dags/example_branch_operator.py
[2025-05-21T23:33:04.311+0000] {processor.py:925} INFO - DAG(s) 'example_branch_operator' retrieved from /home/airflow/.local/lib/python3.12/site-packages/airflow/example_dags/example_branch_operator.py
[2025-05-21T23:33:04.378+0000] {logging_mixin.py:190} INFO - [2025-05-21T23:33:04.377+0000] {dag.py:3239} INFO - Sync 1 DAGs
[2025-05-21T23:33:04.434+0000] {logging_mixin.py:190} INFO - [2025-05-21T23:33:04.434+0000] {dag.py:4180} INFO - Setting next_dagrun for example_branch_operator to 2025-05-20 00:00:00+00:00, run_after=2025-05-21 00:00:00+00:00
[2025-05-21T23:33:04.479+0000] {processor.py:208} INFO - Processing /home/airflow/.local/lib/python3.12/site-packages/airflow/example_dags/example_branch_operator.py took 0.227 seconds
[2025-05-21T23:33:34.728+0000] {processor.py:186} INFO - Started process (PID=2395) to work on /home/airflow/.local/lib/python3.12/site-packages/airflow/example_dags/example_branch_operator.py
[2025-05-21T23:33:34.732+0000] {processor.py:914} INFO - Processing file /home/airflow/.local/lib/python3.12/site-packages/airflow/example_dags/example_branch_operator.py for tasks to queue
[2025-05-21T23:33:34.742+0000] {logging_mixin.py:190} INFO - [2025-05-21T23:33:34.741+0000] {dagbag.py:588} INFO - Filling up the DagBag from /home/airflow/.local/lib/python3.12/site-packages/airflow/example_dags/example_branch_operator.py
[2025-05-21T23:33:34.799+0000] {processor.py:925} INFO - DAG(s) 'example_branch_operator' retrieved from /home/airflow/.local/lib/python3.12/site-packages/airflow/example_dags/example_branch_operator.py
[2025-05-21T23:33:34.885+0000] {logging_mixin.py:190} INFO - [2025-05-21T23:33:34.885+0000] {dag.py:3239} INFO - Sync 1 DAGs
[2025-05-21T23:33:34.940+0000] {logging_mixin.py:190} INFO - [2025-05-21T23:33:34.939+0000] {dag.py:4180} INFO - Setting next_dagrun for example_branch_operator to 2025-05-20 00:00:00+00:00, run_after=2025-05-21 00:00:00+00:00
[2025-05-21T23:33:34.982+0000] {processor.py:208} INFO - Processing /home/airflow/.local/lib/python3.12/site-packages/airflow/example_dags/example_branch_operator.py took 0.273 seconds
[2025-05-21T23:34:05.733+0000] {processor.py:186} INFO - Started process (PID=2461) to work on /home/airflow/.local/lib/python3.12/site-packages/airflow/example_dags/example_branch_operator.py
[2025-05-21T23:34:05.736+0000] {processor.py:914} INFO - Processing file /home/airflow/.local/lib/python3.12/site-packages/airflow/example_dags/example_branch_operator.py for tasks to queue
[2025-05-21T23:34:05.742+0000] {logging_mixin.py:190} INFO - [2025-05-21T23:34:05.741+0000] {dagbag.py:588} INFO - Filling up the DagBag from /home/airflow/.local/lib/python3.12/site-packages/airflow/example_dags/example_branch_operator.py
[2025-05-21T23:34:05.794+0000] {processor.py:925} INFO - DAG(s) 'example_branch_operator' retrieved from /home/airflow/.local/lib/python3.12/site-packages/airflow/example_dags/example_branch_operator.py
[2025-05-21T23:34:05.868+0000] {logging_mixin.py:190} INFO - [2025-05-21T23:34:05.867+0000] {dag.py:3239} INFO - Sync 1 DAGs
[2025-05-21T23:34:05.920+0000] {logging_mixin.py:190} INFO - [2025-05-21T23:34:05.919+0000] {dag.py:4180} INFO - Setting next_dagrun for example_branch_operator to 2025-05-20 00:00:00+00:00, run_after=2025-05-21 00:00:00+00:00
[2025-05-21T23:34:05.975+0000] {processor.py:208} INFO - Processing /home/airflow/.local/lib/python3.12/site-packages/airflow/example_dags/example_branch_operator.py took 0.258 seconds
[2025-05-21T23:34:36.561+0000] {processor.py:186} INFO - Started process (PID=2527) to work on /home/airflow/.local/lib/python3.12/site-packages/airflow/example_dags/example_branch_operator.py
[2025-05-21T23:34:36.563+0000] {processor.py:914} INFO - Processing file /home/airflow/.local/lib/python3.12/site-packages/airflow/example_dags/example_branch_operator.py for tasks to queue
[2025-05-21T23:34:36.567+0000] {logging_mixin.py:190} INFO - [2025-05-21T23:34:36.566+0000] {dagbag.py:588} INFO - Filling up the DagBag from /home/airflow/.local/lib/python3.12/site-packages/airflow/example_dags/example_branch_operator.py
[2025-05-21T23:34:36.603+0000] {processor.py:925} INFO - DAG(s) 'example_branch_operator' retrieved from /home/airflow/.local/lib/python3.12/site-packages/airflow/example_dags/example_branch_operator.py
[2025-05-21T23:34:36.678+0000] {logging_mixin.py:190} INFO - [2025-05-21T23:34:36.677+0000] {dag.py:3239} INFO - Sync 1 DAGs
[2025-05-21T23:34:36.733+0000] {logging_mixin.py:190} INFO - [2025-05-21T23:34:36.732+0000] {dag.py:4180} INFO - Setting next_dagrun for example_branch_operator to 2025-05-20 00:00:00+00:00, run_after=2025-05-21 00:00:00+00:00
[2025-05-21T23:34:36.786+0000] {processor.py:208} INFO - Processing /home/airflow/.local/lib/python3.12/site-packages/airflow/example_dags/example_branch_operator.py took 0.235 seconds
[2025-05-21T23:35:06.921+0000] {processor.py:186} INFO - Started process (PID=2593) to work on /home/airflow/.local/lib/python3.12/site-packages/airflow/example_dags/example_branch_operator.py
[2025-05-21T23:35:06.923+0000] {processor.py:914} INFO - Processing file /home/airflow/.local/lib/python3.12/site-packages/airflow/example_dags/example_branch_operator.py for tasks to queue
[2025-05-21T23:35:06.928+0000] {logging_mixin.py:190} INFO - [2025-05-21T23:35:06.928+0000] {dagbag.py:588} INFO - Filling up the DagBag from /home/airflow/.local/lib/python3.12/site-packages/airflow/example_dags/example_branch_operator.py
[2025-05-21T23:35:06.967+0000] {processor.py:925} INFO - DAG(s) 'example_branch_operator' retrieved from /home/airflow/.local/lib/python3.12/site-packages/airflow/example_dags/example_branch_operator.py
[2025-05-21T23:35:07.032+0000] {logging_mixin.py:190} INFO - [2025-05-21T23:35:07.031+0000] {dag.py:3239} INFO - Sync 1 DAGs
[2025-05-21T23:35:07.087+0000] {logging_mixin.py:190} INFO - [2025-05-21T23:35:07.087+0000] {dag.py:4180} INFO - Setting next_dagrun for example_branch_operator to 2025-05-20 00:00:00+00:00, run_after=2025-05-21 00:00:00+00:00
[2025-05-21T23:35:07.143+0000] {processor.py:208} INFO - Processing /home/airflow/.local/lib/python3.12/site-packages/airflow/example_dags/example_branch_operator.py took 0.233 seconds
[2025-05-21T23:35:38.082+0000] {processor.py:186} INFO - Started process (PID=2659) to work on /home/airflow/.local/lib/python3.12/site-packages/airflow/example_dags/example_branch_operator.py
[2025-05-21T23:35:38.085+0000] {processor.py:914} INFO - Processing file /home/airflow/.local/lib/python3.12/site-packages/airflow/example_dags/example_branch_operator.py for tasks to queue
[2025-05-21T23:35:38.090+0000] {logging_mixin.py:190} INFO - [2025-05-21T23:35:38.090+0000] {dagbag.py:588} INFO - Filling up the DagBag from /home/airflow/.local/lib/python3.12/site-packages/airflow/example_dags/example_branch_operator.py
[2025-05-21T23:35:38.147+0000] {processor.py:925} INFO - DAG(s) 'example_branch_operator' retrieved from /home/airflow/.local/lib/python3.12/site-packages/airflow/example_dags/example_branch_operator.py
[2025-05-21T23:35:38.214+0000] {logging_mixin.py:190} INFO - [2025-05-21T23:35:38.213+0000] {dag.py:3239} INFO - Sync 1 DAGs
[2025-05-21T23:35:38.276+0000] {logging_mixin.py:190} INFO - [2025-05-21T23:35:38.275+0000] {dag.py:4180} INFO - Setting next_dagrun for example_branch_operator to 2025-05-20 00:00:00+00:00, run_after=2025-05-21 00:00:00+00:00
[2025-05-21T23:35:38.328+0000] {processor.py:208} INFO - Processing /home/airflow/.local/lib/python3.12/site-packages/airflow/example_dags/example_branch_operator.py took 0.266 seconds
[2025-05-21T23:36:08.467+0000] {processor.py:186} INFO - Started process (PID=2725) to work on /home/airflow/.local/lib/python3.12/site-packages/airflow/example_dags/example_branch_operator.py
[2025-05-21T23:36:08.469+0000] {processor.py:914} INFO - Processing file /home/airflow/.local/lib/python3.12/site-packages/airflow/example_dags/example_branch_operator.py for tasks to queue
[2025-05-21T23:36:08.474+0000] {logging_mixin.py:190} INFO - [2025-05-21T23:36:08.473+0000] {dagbag.py:588} INFO - Filling up the DagBag from /home/airflow/.local/lib/python3.12/site-packages/airflow/example_dags/example_branch_operator.py
[2025-05-21T23:36:08.511+0000] {processor.py:925} INFO - DAG(s) 'example_branch_operator' retrieved from /home/airflow/.local/lib/python3.12/site-packages/airflow/example_dags/example_branch_operator.py
[2025-05-21T23:36:08.578+0000] {logging_mixin.py:190} INFO - [2025-05-21T23:36:08.577+0000] {dag.py:3239} INFO - Sync 1 DAGs
[2025-05-21T23:36:08.632+0000] {logging_mixin.py:190} INFO - [2025-05-21T23:36:08.631+0000] {dag.py:4180} INFO - Setting next_dagrun for example_branch_operator to 2025-05-20 00:00:00+00:00, run_after=2025-05-21 00:00:00+00:00
[2025-05-21T23:36:08.672+0000] {processor.py:208} INFO - Processing /home/airflow/.local/lib/python3.12/site-packages/airflow/example_dags/example_branch_operator.py took 0.217 seconds
[2025-05-21T23:36:38.993+0000] {processor.py:186} INFO - Started process (PID=2791) to work on /home/airflow/.local/lib/python3.12/site-packages/airflow/example_dags/example_branch_operator.py
[2025-05-21T23:36:38.995+0000] {processor.py:914} INFO - Processing file /home/airflow/.local/lib/python3.12/site-packages/airflow/example_dags/example_branch_operator.py for tasks to queue
[2025-05-21T23:36:38.999+0000] {logging_mixin.py:190} INFO - [2025-05-21T23:36:38.998+0000] {dagbag.py:588} INFO - Filling up the DagBag from /home/airflow/.local/lib/python3.12/site-packages/airflow/example_dags/example_branch_operator.py
[2025-05-21T23:36:39.042+0000] {processor.py:925} INFO - DAG(s) 'example_branch_operator' retrieved from /home/airflow/.local/lib/python3.12/site-packages/airflow/example_dags/example_branch_operator.py
[2025-05-21T23:36:39.115+0000] {logging_mixin.py:190} INFO - [2025-05-21T23:36:39.114+0000] {dag.py:3239} INFO - Sync 1 DAGs
[2025-05-21T23:36:39.171+0000] {logging_mixin.py:190} INFO - [2025-05-21T23:36:39.170+0000] {dag.py:4180} INFO - Setting next_dagrun for example_branch_operator to 2025-05-20 00:00:00+00:00, run_after=2025-05-21 00:00:00+00:00
[2025-05-21T23:36:39.220+0000] {processor.py:208} INFO - Processing /home/airflow/.local/lib/python3.12/site-packages/airflow/example_dags/example_branch_operator.py took 0.238 seconds
[2025-05-21T23:37:09.610+0000] {processor.py:186} INFO - Started process (PID=2857) to work on /home/airflow/.local/lib/python3.12/site-packages/airflow/example_dags/example_branch_operator.py
[2025-05-21T23:37:09.612+0000] {processor.py:914} INFO - Processing file /home/airflow/.local/lib/python3.12/site-packages/airflow/example_dags/example_branch_operator.py for tasks to queue
[2025-05-21T23:37:09.616+0000] {logging_mixin.py:190} INFO - [2025-05-21T23:37:09.615+0000] {dagbag.py:588} INFO - Filling up the DagBag from /home/airflow/.local/lib/python3.12/site-packages/airflow/example_dags/example_branch_operator.py
[2025-05-21T23:37:09.653+0000] {processor.py:925} INFO - DAG(s) 'example_branch_operator' retrieved from /home/airflow/.local/lib/python3.12/site-packages/airflow/example_dags/example_branch_operator.py
[2025-05-21T23:37:09.719+0000] {logging_mixin.py:190} INFO - [2025-05-21T23:37:09.718+0000] {dag.py:3239} INFO - Sync 1 DAGs
[2025-05-21T23:37:09.777+0000] {logging_mixin.py:190} INFO - [2025-05-21T23:37:09.776+0000] {dag.py:4180} INFO - Setting next_dagrun for example_branch_operator to 2025-05-20 00:00:00+00:00, run_after=2025-05-21 00:00:00+00:00
[2025-05-21T23:37:09.826+0000] {processor.py:208} INFO - Processing /home/airflow/.local/lib/python3.12/site-packages/airflow/example_dags/example_branch_operator.py took 0.227 seconds
[2025-05-21T23:41:37.157+0000] {processor.py:186} INFO - Started process (PID=137) to work on /home/airflow/.local/lib/python3.12/site-packages/airflow/example_dags/example_branch_operator.py
[2025-05-21T23:41:37.159+0000] {processor.py:914} INFO - Processing file /home/airflow/.local/lib/python3.12/site-packages/airflow/example_dags/example_branch_operator.py for tasks to queue
[2025-05-21T23:41:37.162+0000] {logging_mixin.py:190} INFO - [2025-05-21T23:41:37.162+0000] {dagbag.py:588} INFO - Filling up the DagBag from /home/airflow/.local/lib/python3.12/site-packages/airflow/example_dags/example_branch_operator.py
[2025-05-21T23:41:37.209+0000] {processor.py:925} INFO - DAG(s) 'example_branch_operator' retrieved from /home/airflow/.local/lib/python3.12/site-packages/airflow/example_dags/example_branch_operator.py
[2025-05-21T23:41:37.503+0000] {logging_mixin.py:190} INFO - [2025-05-21T23:41:37.502+0000] {override.py:1930} INFO - Created Permission View: can read on DAG:example_branch_operator
[2025-05-21T23:41:37.524+0000] {logging_mixin.py:190} INFO - [2025-05-21T23:41:37.523+0000] {override.py:1930} INFO - Created Permission View: can delete on DAG:example_branch_operator
[2025-05-21T23:41:37.538+0000] {logging_mixin.py:190} INFO - [2025-05-21T23:41:37.538+0000] {override.py:1930} INFO - Created Permission View: can edit on DAG:example_branch_operator
[2025-05-21T23:41:37.556+0000] {logging_mixin.py:190} INFO - [2025-05-21T23:41:37.555+0000] {override.py:1930} INFO - Created Permission View: can read on DAG Run:example_branch_operator
[2025-05-21T23:41:37.570+0000] {logging_mixin.py:190} INFO - [2025-05-21T23:41:37.570+0000] {override.py:1930} INFO - Created Permission View: can delete on DAG Run:example_branch_operator
[2025-05-21T23:41:37.586+0000] {logging_mixin.py:190} INFO - [2025-05-21T23:41:37.585+0000] {override.py:1930} INFO - Created Permission View: menu access on DAG Run:example_branch_operator
[2025-05-21T23:41:37.599+0000] {logging_mixin.py:190} INFO - [2025-05-21T23:41:37.598+0000] {override.py:1930} INFO - Created Permission View: can create on DAG Run:example_branch_operator
[2025-05-21T23:41:37.600+0000] {logging_mixin.py:190} INFO - [2025-05-21T23:41:37.600+0000] {dag.py:3239} INFO - Sync 1 DAGs
[2025-05-21T23:41:37.635+0000] {logging_mixin.py:190} INFO - [2025-05-21T23:41:37.634+0000] {dag.py:3262} INFO - Creating ORM DAG for example_branch_operator
[2025-05-21T23:41:37.674+0000] {logging_mixin.py:190} INFO - [2025-05-21T23:41:37.673+0000] {dag.py:4180} INFO - Setting next_dagrun for example_branch_operator to 2025-05-20 00:00:00+00:00, run_after=2025-05-21 00:00:00+00:00
[2025-05-21T23:41:37.741+0000] {processor.py:208} INFO - Processing /home/airflow/.local/lib/python3.12/site-packages/airflow/example_dags/example_branch_operator.py took 0.597 seconds
[2025-05-21T23:42:08.925+0000] {processor.py:186} INFO - Started process (PID=203) to work on /home/airflow/.local/lib/python3.12/site-packages/airflow/example_dags/example_branch_operator.py
[2025-05-21T23:42:08.928+0000] {processor.py:914} INFO - Processing file /home/airflow/.local/lib/python3.12/site-packages/airflow/example_dags/example_branch_operator.py for tasks to queue
[2025-05-21T23:42:08.933+0000] {logging_mixin.py:190} INFO - [2025-05-21T23:42:08.933+0000] {dagbag.py:588} INFO - Filling up the DagBag from /home/airflow/.local/lib/python3.12/site-packages/airflow/example_dags/example_branch_operator.py
[2025-05-21T23:42:08.983+0000] {processor.py:925} INFO - DAG(s) 'example_branch_operator' retrieved from /home/airflow/.local/lib/python3.12/site-packages/airflow/example_dags/example_branch_operator.py
[2025-05-21T23:42:09.059+0000] {logging_mixin.py:190} INFO - [2025-05-21T23:42:09.058+0000] {dag.py:3239} INFO - Sync 1 DAGs
[2025-05-21T23:42:09.116+0000] {logging_mixin.py:190} INFO - [2025-05-21T23:42:09.116+0000] {dag.py:4180} INFO - Setting next_dagrun for example_branch_operator to 2025-05-20 00:00:00+00:00, run_after=2025-05-21 00:00:00+00:00
[2025-05-21T23:42:09.160+0000] {processor.py:208} INFO - Processing /home/airflow/.local/lib/python3.12/site-packages/airflow/example_dags/example_branch_operator.py took 0.252 seconds
[2025-05-21T23:42:39.442+0000] {processor.py:186} INFO - Started process (PID=268) to work on /home/airflow/.local/lib/python3.12/site-packages/airflow/example_dags/example_branch_operator.py
[2025-05-21T23:42:39.444+0000] {processor.py:914} INFO - Processing file /home/airflow/.local/lib/python3.12/site-packages/airflow/example_dags/example_branch_operator.py for tasks to queue
[2025-05-21T23:42:39.448+0000] {logging_mixin.py:190} INFO - [2025-05-21T23:42:39.448+0000] {dagbag.py:588} INFO - Filling up the DagBag from /home/airflow/.local/lib/python3.12/site-packages/airflow/example_dags/example_branch_operator.py
[2025-05-21T23:42:39.484+0000] {processor.py:925} INFO - DAG(s) 'example_branch_operator' retrieved from /home/airflow/.local/lib/python3.12/site-packages/airflow/example_dags/example_branch_operator.py
[2025-05-21T23:42:39.540+0000] {logging_mixin.py:190} INFO - [2025-05-21T23:42:39.540+0000] {dag.py:3239} INFO - Sync 1 DAGs
[2025-05-21T23:42:39.586+0000] {logging_mixin.py:190} INFO - [2025-05-21T23:42:39.586+0000] {dag.py:4180} INFO - Setting next_dagrun for example_branch_operator to 2025-05-20 00:00:00+00:00, run_after=2025-05-21 00:00:00+00:00
[2025-05-21T23:42:39.625+0000] {processor.py:208} INFO - Processing /home/airflow/.local/lib/python3.12/site-packages/airflow/example_dags/example_branch_operator.py took 0.199 seconds
[2025-05-21T23:43:10.049+0000] {processor.py:186} INFO - Started process (PID=333) to work on /home/airflow/.local/lib/python3.12/site-packages/airflow/example_dags/example_branch_operator.py
[2025-05-21T23:43:10.051+0000] {processor.py:914} INFO - Processing file /home/airflow/.local/lib/python3.12/site-packages/airflow/example_dags/example_branch_operator.py for tasks to queue
[2025-05-21T23:43:10.056+0000] {logging_mixin.py:190} INFO - [2025-05-21T23:43:10.055+0000] {dagbag.py:588} INFO - Filling up the DagBag from /home/airflow/.local/lib/python3.12/site-packages/airflow/example_dags/example_branch_operator.py
[2025-05-21T23:43:10.096+0000] {processor.py:925} INFO - DAG(s) 'example_branch_operator' retrieved from /home/airflow/.local/lib/python3.12/site-packages/airflow/example_dags/example_branch_operator.py
[2025-05-21T23:43:10.165+0000] {logging_mixin.py:190} INFO - [2025-05-21T23:43:10.164+0000] {dag.py:3239} INFO - Sync 1 DAGs
[2025-05-21T23:43:10.215+0000] {logging_mixin.py:190} INFO - [2025-05-21T23:43:10.214+0000] {dag.py:4180} INFO - Setting next_dagrun for example_branch_operator to 2025-05-20 00:00:00+00:00, run_after=2025-05-21 00:00:00+00:00
[2025-05-21T23:43:10.262+0000] {processor.py:208} INFO - Processing /home/airflow/.local/lib/python3.12/site-packages/airflow/example_dags/example_branch_operator.py took 0.223 seconds
[2025-05-21T23:43:40.436+0000] {processor.py:186} INFO - Started process (PID=399) to work on /home/airflow/.local/lib/python3.12/site-packages/airflow/example_dags/example_branch_operator.py
[2025-05-21T23:43:40.438+0000] {processor.py:914} INFO - Processing file /home/airflow/.local/lib/python3.12/site-packages/airflow/example_dags/example_branch_operator.py for tasks to queue
[2025-05-21T23:43:40.442+0000] {logging_mixin.py:190} INFO - [2025-05-21T23:43:40.441+0000] {dagbag.py:588} INFO - Filling up the DagBag from /home/airflow/.local/lib/python3.12/site-packages/airflow/example_dags/example_branch_operator.py
[2025-05-21T23:43:40.487+0000] {processor.py:925} INFO - DAG(s) 'example_branch_operator' retrieved from /home/airflow/.local/lib/python3.12/site-packages/airflow/example_dags/example_branch_operator.py
[2025-05-21T23:43:40.561+0000] {logging_mixin.py:190} INFO - [2025-05-21T23:43:40.560+0000] {dag.py:3239} INFO - Sync 1 DAGs
[2025-05-21T23:43:40.622+0000] {logging_mixin.py:190} INFO - [2025-05-21T23:43:40.621+0000] {dag.py:4180} INFO - Setting next_dagrun for example_branch_operator to 2025-05-20 00:00:00+00:00, run_after=2025-05-21 00:00:00+00:00
[2025-05-21T23:43:40.673+0000] {processor.py:208} INFO - Processing /home/airflow/.local/lib/python3.12/site-packages/airflow/example_dags/example_branch_operator.py took 0.249 seconds
[2025-05-21T23:44:11.502+0000] {processor.py:186} INFO - Started process (PID=465) to work on /home/airflow/.local/lib/python3.12/site-packages/airflow/example_dags/example_branch_operator.py
[2025-05-21T23:44:11.504+0000] {processor.py:914} INFO - Processing file /home/airflow/.local/lib/python3.12/site-packages/airflow/example_dags/example_branch_operator.py for tasks to queue
[2025-05-21T23:44:11.509+0000] {logging_mixin.py:190} INFO - [2025-05-21T23:44:11.508+0000] {dagbag.py:588} INFO - Filling up the DagBag from /home/airflow/.local/lib/python3.12/site-packages/airflow/example_dags/example_branch_operator.py
[2025-05-21T23:44:11.544+0000] {processor.py:925} INFO - DAG(s) 'example_branch_operator' retrieved from /home/airflow/.local/lib/python3.12/site-packages/airflow/example_dags/example_branch_operator.py
[2025-05-21T23:44:11.610+0000] {logging_mixin.py:190} INFO - [2025-05-21T23:44:11.610+0000] {dag.py:3239} INFO - Sync 1 DAGs
[2025-05-21T23:44:11.666+0000] {logging_mixin.py:190} INFO - [2025-05-21T23:44:11.665+0000] {dag.py:4180} INFO - Setting next_dagrun for example_branch_operator to 2025-05-20 00:00:00+00:00, run_after=2025-05-21 00:00:00+00:00
[2025-05-21T23:44:11.705+0000] {processor.py:208} INFO - Processing /home/airflow/.local/lib/python3.12/site-packages/airflow/example_dags/example_branch_operator.py took 0.216 seconds
[2025-05-21T23:44:42.108+0000] {processor.py:186} INFO - Started process (PID=531) to work on /home/airflow/.local/lib/python3.12/site-packages/airflow/example_dags/example_branch_operator.py
[2025-05-21T23:44:42.111+0000] {processor.py:914} INFO - Processing file /home/airflow/.local/lib/python3.12/site-packages/airflow/example_dags/example_branch_operator.py for tasks to queue
[2025-05-21T23:44:42.115+0000] {logging_mixin.py:190} INFO - [2025-05-21T23:44:42.115+0000] {dagbag.py:588} INFO - Filling up the DagBag from /home/airflow/.local/lib/python3.12/site-packages/airflow/example_dags/example_branch_operator.py
[2025-05-21T23:44:42.156+0000] {processor.py:925} INFO - DAG(s) 'example_branch_operator' retrieved from /home/airflow/.local/lib/python3.12/site-packages/airflow/example_dags/example_branch_operator.py
[2025-05-21T23:44:42.223+0000] {logging_mixin.py:190} INFO - [2025-05-21T23:44:42.222+0000] {dag.py:3239} INFO - Sync 1 DAGs
[2025-05-21T23:44:42.272+0000] {logging_mixin.py:190} INFO - [2025-05-21T23:44:42.271+0000] {dag.py:4180} INFO - Setting next_dagrun for example_branch_operator to 2025-05-20 00:00:00+00:00, run_after=2025-05-21 00:00:00+00:00
[2025-05-21T23:44:42.345+0000] {processor.py:208} INFO - Processing /home/airflow/.local/lib/python3.12/site-packages/airflow/example_dags/example_branch_operator.py took 0.250 seconds
