[2025-05-21T23:15:52.342+0000] {processor.py:186} INFO - Started process (PID=123) to work on /home/airflow/.local/lib/python3.12/site-packages/airflow/example_dags/example_branch_day_of_week_operator.py
[2025-05-21T23:15:52.344+0000] {processor.py:914} INFO - Processing file /home/airflow/.local/lib/python3.12/site-packages/airflow/example_dags/example_branch_day_of_week_operator.py for tasks to queue
[2025-05-21T23:15:52.349+0000] {logging_mixin.py:190} INFO - [2025-05-21T23:15:52.348+0000] {dagbag.py:588} INFO - Filling up the DagBag from /home/airflow/.local/lib/python3.12/site-packages/airflow/example_dags/example_branch_day_of_week_operator.py
[2025-05-21T23:15:52.373+0000] {processor.py:925} INFO - DAG(s) 'example_weekday_branch_operator' retrieved from /home/airflow/.local/lib/python3.12/site-packages/airflow/example_dags/example_branch_day_of_week_operator.py
[2025-05-21T23:15:52.658+0000] {logging_mixin.py:190} INFO - [2025-05-21T23:15:52.656+0000] {override.py:1930} INFO - Created Permission View: can delete on DAG:example_weekday_branch_operator
[2025-05-21T23:15:52.681+0000] {logging_mixin.py:190} INFO - [2025-05-21T23:15:52.680+0000] {override.py:1930} INFO - Created Permission View: can read on DAG:example_weekday_branch_operator
[2025-05-21T23:15:52.696+0000] {logging_mixin.py:190} INFO - [2025-05-21T23:15:52.696+0000] {override.py:1930} INFO - Created Permission View: can edit on DAG:example_weekday_branch_operator
[2025-05-21T23:15:52.715+0000] {logging_mixin.py:190} INFO - [2025-05-21T23:15:52.714+0000] {override.py:1930} INFO - Created Permission View: can delete on DAG Run:example_weekday_branch_operator
[2025-05-21T23:15:52.731+0000] {logging_mixin.py:190} INFO - [2025-05-21T23:15:52.730+0000] {override.py:1930} INFO - Created Permission View: can read on DAG Run:example_weekday_branch_operator
[2025-05-21T23:15:52.748+0000] {logging_mixin.py:190} INFO - [2025-05-21T23:15:52.747+0000] {override.py:1930} INFO - Created Permission View: menu access on DAG Run:example_weekday_branch_operator
[2025-05-21T23:15:52.764+0000] {logging_mixin.py:190} INFO - [2025-05-21T23:15:52.763+0000] {override.py:1930} INFO - Created Permission View: can create on DAG Run:example_weekday_branch_operator
[2025-05-21T23:15:52.765+0000] {logging_mixin.py:190} INFO - [2025-05-21T23:15:52.765+0000] {dag.py:3239} INFO - Sync 1 DAGs
[2025-05-21T23:15:52.807+0000] {logging_mixin.py:190} INFO - [2025-05-21T23:15:52.807+0000] {dag.py:3262} INFO - Creating ORM DAG for example_weekday_branch_operator
[2025-05-21T23:15:52.836+0000] {logging_mixin.py:190} INFO - [2025-05-21T23:15:52.836+0000] {dag.py:4180} INFO - Setting next_dagrun for example_weekday_branch_operator to 2025-05-20 00:00:00+00:00, run_after=2025-05-21 00:00:00+00:00
[2025-05-21T23:15:52.876+0000] {processor.py:208} INFO - Processing /home/airflow/.local/lib/python3.12/site-packages/airflow/example_dags/example_branch_day_of_week_operator.py took 0.546 seconds
[2025-05-21T23:16:23.450+0000] {processor.py:186} INFO - Started process (PID=189) to work on /home/airflow/.local/lib/python3.12/site-packages/airflow/example_dags/example_branch_day_of_week_operator.py
[2025-05-21T23:16:23.452+0000] {processor.py:914} INFO - Processing file /home/airflow/.local/lib/python3.12/site-packages/airflow/example_dags/example_branch_day_of_week_operator.py for tasks to queue
[2025-05-21T23:16:23.458+0000] {logging_mixin.py:190} INFO - [2025-05-21T23:16:23.458+0000] {dagbag.py:588} INFO - Filling up the DagBag from /home/airflow/.local/lib/python3.12/site-packages/airflow/example_dags/example_branch_day_of_week_operator.py
[2025-05-21T23:16:23.483+0000] {processor.py:925} INFO - DAG(s) 'example_weekday_branch_operator' retrieved from /home/airflow/.local/lib/python3.12/site-packages/airflow/example_dags/example_branch_day_of_week_operator.py
[2025-05-21T23:16:23.534+0000] {logging_mixin.py:190} INFO - [2025-05-21T23:16:23.534+0000] {dag.py:3239} INFO - Sync 1 DAGs
[2025-05-21T23:16:23.597+0000] {logging_mixin.py:190} INFO - [2025-05-21T23:16:23.597+0000] {dag.py:4180} INFO - Setting next_dagrun for example_weekday_branch_operator to 2025-05-20 00:00:00+00:00, run_after=2025-05-21 00:00:00+00:00
[2025-05-21T23:16:23.696+0000] {processor.py:208} INFO - Processing /home/airflow/.local/lib/python3.12/site-packages/airflow/example_dags/example_branch_day_of_week_operator.py took 0.260 seconds
[2025-05-21T23:16:54.493+0000] {processor.py:186} INFO - Started process (PID=258) to work on /home/airflow/.local/lib/python3.12/site-packages/airflow/example_dags/example_branch_day_of_week_operator.py
[2025-05-21T23:16:54.495+0000] {processor.py:914} INFO - Processing file /home/airflow/.local/lib/python3.12/site-packages/airflow/example_dags/example_branch_day_of_week_operator.py for tasks to queue
[2025-05-21T23:16:54.500+0000] {logging_mixin.py:190} INFO - [2025-05-21T23:16:54.499+0000] {dagbag.py:588} INFO - Filling up the DagBag from /home/airflow/.local/lib/python3.12/site-packages/airflow/example_dags/example_branch_day_of_week_operator.py
[2025-05-21T23:16:54.520+0000] {processor.py:925} INFO - DAG(s) 'example_weekday_branch_operator' retrieved from /home/airflow/.local/lib/python3.12/site-packages/airflow/example_dags/example_branch_day_of_week_operator.py
[2025-05-21T23:16:54.571+0000] {logging_mixin.py:190} INFO - [2025-05-21T23:16:54.571+0000] {dag.py:3239} INFO - Sync 1 DAGs
[2025-05-21T23:16:54.694+0000] {logging_mixin.py:190} INFO - [2025-05-21T23:16:54.693+0000] {dag.py:4180} INFO - Setting next_dagrun for example_weekday_branch_operator to 2025-05-20 00:00:00+00:00, run_after=2025-05-21 00:00:00+00:00
[2025-05-21T23:16:54.742+0000] {processor.py:208} INFO - Processing /home/airflow/.local/lib/python3.12/site-packages/airflow/example_dags/example_branch_day_of_week_operator.py took 0.261 seconds
[2025-05-21T23:17:24.999+0000] {processor.py:186} INFO - Started process (PID=324) to work on /home/airflow/.local/lib/python3.12/site-packages/airflow/example_dags/example_branch_day_of_week_operator.py
[2025-05-21T23:17:25.002+0000] {processor.py:914} INFO - Processing file /home/airflow/.local/lib/python3.12/site-packages/airflow/example_dags/example_branch_day_of_week_operator.py for tasks to queue
[2025-05-21T23:17:25.006+0000] {logging_mixin.py:190} INFO - [2025-05-21T23:17:25.006+0000] {dagbag.py:588} INFO - Filling up the DagBag from /home/airflow/.local/lib/python3.12/site-packages/airflow/example_dags/example_branch_day_of_week_operator.py
[2025-05-21T23:17:25.032+0000] {processor.py:925} INFO - DAG(s) 'example_weekday_branch_operator' retrieved from /home/airflow/.local/lib/python3.12/site-packages/airflow/example_dags/example_branch_day_of_week_operator.py
[2025-05-21T23:17:25.081+0000] {logging_mixin.py:190} INFO - [2025-05-21T23:17:25.081+0000] {dag.py:3239} INFO - Sync 1 DAGs
[2025-05-21T23:17:25.149+0000] {logging_mixin.py:190} INFO - [2025-05-21T23:17:25.149+0000] {dag.py:4180} INFO - Setting next_dagrun for example_weekday_branch_operator to 2025-05-20 00:00:00+00:00, run_after=2025-05-21 00:00:00+00:00
[2025-05-21T23:17:25.190+0000] {processor.py:208} INFO - Processing /home/airflow/.local/lib/python3.12/site-packages/airflow/example_dags/example_branch_day_of_week_operator.py took 0.202 seconds
[2025-05-21T23:17:55.815+0000] {processor.py:186} INFO - Started process (PID=390) to work on /home/airflow/.local/lib/python3.12/site-packages/airflow/example_dags/example_branch_day_of_week_operator.py
[2025-05-21T23:17:55.818+0000] {processor.py:914} INFO - Processing file /home/airflow/.local/lib/python3.12/site-packages/airflow/example_dags/example_branch_day_of_week_operator.py for tasks to queue
[2025-05-21T23:17:55.822+0000] {logging_mixin.py:190} INFO - [2025-05-21T23:17:55.821+0000] {dagbag.py:588} INFO - Filling up the DagBag from /home/airflow/.local/lib/python3.12/site-packages/airflow/example_dags/example_branch_day_of_week_operator.py
[2025-05-21T23:17:55.841+0000] {processor.py:925} INFO - DAG(s) 'example_weekday_branch_operator' retrieved from /home/airflow/.local/lib/python3.12/site-packages/airflow/example_dags/example_branch_day_of_week_operator.py
[2025-05-21T23:17:55.893+0000] {logging_mixin.py:190} INFO - [2025-05-21T23:17:55.892+0000] {dag.py:3239} INFO - Sync 1 DAGs
[2025-05-21T23:17:55.951+0000] {logging_mixin.py:190} INFO - [2025-05-21T23:17:55.950+0000] {dag.py:4180} INFO - Setting next_dagrun for example_weekday_branch_operator to 2025-05-20 00:00:00+00:00, run_after=2025-05-21 00:00:00+00:00
[2025-05-21T23:17:56.063+0000] {processor.py:208} INFO - Processing /home/airflow/.local/lib/python3.12/site-packages/airflow/example_dags/example_branch_day_of_week_operator.py took 0.258 seconds
[2025-05-21T23:18:26.542+0000] {processor.py:186} INFO - Started process (PID=455) to work on /home/airflow/.local/lib/python3.12/site-packages/airflow/example_dags/example_branch_day_of_week_operator.py
[2025-05-21T23:18:26.544+0000] {processor.py:914} INFO - Processing file /home/airflow/.local/lib/python3.12/site-packages/airflow/example_dags/example_branch_day_of_week_operator.py for tasks to queue
[2025-05-21T23:18:26.549+0000] {logging_mixin.py:190} INFO - [2025-05-21T23:18:26.548+0000] {dagbag.py:588} INFO - Filling up the DagBag from /home/airflow/.local/lib/python3.12/site-packages/airflow/example_dags/example_branch_day_of_week_operator.py
[2025-05-21T23:18:26.568+0000] {processor.py:925} INFO - DAG(s) 'example_weekday_branch_operator' retrieved from /home/airflow/.local/lib/python3.12/site-packages/airflow/example_dags/example_branch_day_of_week_operator.py
[2025-05-21T23:18:26.614+0000] {logging_mixin.py:190} INFO - [2025-05-21T23:18:26.614+0000] {dag.py:3239} INFO - Sync 1 DAGs
[2025-05-21T23:18:26.688+0000] {logging_mixin.py:190} INFO - [2025-05-21T23:18:26.687+0000] {dag.py:4180} INFO - Setting next_dagrun for example_weekday_branch_operator to 2025-05-20 00:00:00+00:00, run_after=2025-05-21 00:00:00+00:00
[2025-05-21T23:18:26.767+0000] {processor.py:208} INFO - Processing /home/airflow/.local/lib/python3.12/site-packages/airflow/example_dags/example_branch_day_of_week_operator.py took 0.236 seconds
[2025-05-21T23:18:57.307+0000] {processor.py:186} INFO - Started process (PID=521) to work on /home/airflow/.local/lib/python3.12/site-packages/airflow/example_dags/example_branch_day_of_week_operator.py
[2025-05-21T23:18:57.310+0000] {processor.py:914} INFO - Processing file /home/airflow/.local/lib/python3.12/site-packages/airflow/example_dags/example_branch_day_of_week_operator.py for tasks to queue
[2025-05-21T23:18:57.316+0000] {logging_mixin.py:190} INFO - [2025-05-21T23:18:57.315+0000] {dagbag.py:588} INFO - Filling up the DagBag from /home/airflow/.local/lib/python3.12/site-packages/airflow/example_dags/example_branch_day_of_week_operator.py
[2025-05-21T23:18:57.338+0000] {processor.py:925} INFO - DAG(s) 'example_weekday_branch_operator' retrieved from /home/airflow/.local/lib/python3.12/site-packages/airflow/example_dags/example_branch_day_of_week_operator.py
[2025-05-21T23:18:57.383+0000] {logging_mixin.py:190} INFO - [2025-05-21T23:18:57.383+0000] {dag.py:3239} INFO - Sync 1 DAGs
[2025-05-21T23:18:57.438+0000] {logging_mixin.py:190} INFO - [2025-05-21T23:18:57.437+0000] {dag.py:4180} INFO - Setting next_dagrun for example_weekday_branch_operator to 2025-05-20 00:00:00+00:00, run_after=2025-05-21 00:00:00+00:00
[2025-05-21T23:18:57.544+0000] {processor.py:208} INFO - Processing /home/airflow/.local/lib/python3.12/site-packages/airflow/example_dags/example_branch_day_of_week_operator.py took 0.248 seconds
[2025-05-21T23:19:27.819+0000] {processor.py:186} INFO - Started process (PID=587) to work on /home/airflow/.local/lib/python3.12/site-packages/airflow/example_dags/example_branch_day_of_week_operator.py
[2025-05-21T23:19:27.821+0000] {processor.py:914} INFO - Processing file /home/airflow/.local/lib/python3.12/site-packages/airflow/example_dags/example_branch_day_of_week_operator.py for tasks to queue
[2025-05-21T23:19:27.826+0000] {logging_mixin.py:190} INFO - [2025-05-21T23:19:27.825+0000] {dagbag.py:588} INFO - Filling up the DagBag from /home/airflow/.local/lib/python3.12/site-packages/airflow/example_dags/example_branch_day_of_week_operator.py
[2025-05-21T23:19:27.848+0000] {processor.py:925} INFO - DAG(s) 'example_weekday_branch_operator' retrieved from /home/airflow/.local/lib/python3.12/site-packages/airflow/example_dags/example_branch_day_of_week_operator.py
[2025-05-21T23:19:27.900+0000] {logging_mixin.py:190} INFO - [2025-05-21T23:19:27.899+0000] {dag.py:3239} INFO - Sync 1 DAGs
[2025-05-21T23:19:27.978+0000] {logging_mixin.py:190} INFO - [2025-05-21T23:19:27.977+0000] {dag.py:4180} INFO - Setting next_dagrun for example_weekday_branch_operator to 2025-05-20 00:00:00+00:00, run_after=2025-05-21 00:00:00+00:00
[2025-05-21T23:19:28.093+0000] {processor.py:208} INFO - Processing /home/airflow/.local/lib/python3.12/site-packages/airflow/example_dags/example_branch_day_of_week_operator.py took 0.287 seconds
[2025-05-21T23:19:58.586+0000] {processor.py:186} INFO - Started process (PID=653) to work on /home/airflow/.local/lib/python3.12/site-packages/airflow/example_dags/example_branch_day_of_week_operator.py
[2025-05-21T23:19:58.588+0000] {processor.py:914} INFO - Processing file /home/airflow/.local/lib/python3.12/site-packages/airflow/example_dags/example_branch_day_of_week_operator.py for tasks to queue
[2025-05-21T23:19:58.593+0000] {logging_mixin.py:190} INFO - [2025-05-21T23:19:58.592+0000] {dagbag.py:588} INFO - Filling up the DagBag from /home/airflow/.local/lib/python3.12/site-packages/airflow/example_dags/example_branch_day_of_week_operator.py
[2025-05-21T23:19:58.617+0000] {processor.py:925} INFO - DAG(s) 'example_weekday_branch_operator' retrieved from /home/airflow/.local/lib/python3.12/site-packages/airflow/example_dags/example_branch_day_of_week_operator.py
[2025-05-21T23:19:58.671+0000] {logging_mixin.py:190} INFO - [2025-05-21T23:19:58.671+0000] {dag.py:3239} INFO - Sync 1 DAGs
[2025-05-21T23:19:58.743+0000] {logging_mixin.py:190} INFO - [2025-05-21T23:19:58.742+0000] {dag.py:4180} INFO - Setting next_dagrun for example_weekday_branch_operator to 2025-05-20 00:00:00+00:00, run_after=2025-05-21 00:00:00+00:00
[2025-05-21T23:19:58.776+0000] {processor.py:208} INFO - Processing /home/airflow/.local/lib/python3.12/site-packages/airflow/example_dags/example_branch_day_of_week_operator.py took 0.204 seconds
[2025-05-21T23:20:29.169+0000] {processor.py:186} INFO - Started process (PID=719) to work on /home/airflow/.local/lib/python3.12/site-packages/airflow/example_dags/example_branch_day_of_week_operator.py
[2025-05-21T23:20:29.171+0000] {processor.py:914} INFO - Processing file /home/airflow/.local/lib/python3.12/site-packages/airflow/example_dags/example_branch_day_of_week_operator.py for tasks to queue
[2025-05-21T23:20:29.175+0000] {logging_mixin.py:190} INFO - [2025-05-21T23:20:29.175+0000] {dagbag.py:588} INFO - Filling up the DagBag from /home/airflow/.local/lib/python3.12/site-packages/airflow/example_dags/example_branch_day_of_week_operator.py
[2025-05-21T23:20:29.193+0000] {processor.py:925} INFO - DAG(s) 'example_weekday_branch_operator' retrieved from /home/airflow/.local/lib/python3.12/site-packages/airflow/example_dags/example_branch_day_of_week_operator.py
[2025-05-21T23:20:29.235+0000] {logging_mixin.py:190} INFO - [2025-05-21T23:20:29.234+0000] {dag.py:3239} INFO - Sync 1 DAGs
[2025-05-21T23:20:29.288+0000] {logging_mixin.py:190} INFO - [2025-05-21T23:20:29.287+0000] {dag.py:4180} INFO - Setting next_dagrun for example_weekday_branch_operator to 2025-05-20 00:00:00+00:00, run_after=2025-05-21 00:00:00+00:00
[2025-05-21T23:20:29.389+0000] {processor.py:208} INFO - Processing /home/airflow/.local/lib/python3.12/site-packages/airflow/example_dags/example_branch_day_of_week_operator.py took 0.232 seconds
[2025-05-21T23:20:59.799+0000] {processor.py:186} INFO - Started process (PID=786) to work on /home/airflow/.local/lib/python3.12/site-packages/airflow/example_dags/example_branch_day_of_week_operator.py
[2025-05-21T23:20:59.801+0000] {processor.py:914} INFO - Processing file /home/airflow/.local/lib/python3.12/site-packages/airflow/example_dags/example_branch_day_of_week_operator.py for tasks to queue
[2025-05-21T23:20:59.805+0000] {logging_mixin.py:190} INFO - [2025-05-21T23:20:59.805+0000] {dagbag.py:588} INFO - Filling up the DagBag from /home/airflow/.local/lib/python3.12/site-packages/airflow/example_dags/example_branch_day_of_week_operator.py
[2025-05-21T23:20:59.823+0000] {processor.py:925} INFO - DAG(s) 'example_weekday_branch_operator' retrieved from /home/airflow/.local/lib/python3.12/site-packages/airflow/example_dags/example_branch_day_of_week_operator.py
[2025-05-21T23:20:59.870+0000] {logging_mixin.py:190} INFO - [2025-05-21T23:20:59.870+0000] {dag.py:3239} INFO - Sync 1 DAGs
[2025-05-21T23:20:59.930+0000] {logging_mixin.py:190} INFO - [2025-05-21T23:20:59.930+0000] {dag.py:4180} INFO - Setting next_dagrun for example_weekday_branch_operator to 2025-05-20 00:00:00+00:00, run_after=2025-05-21 00:00:00+00:00
[2025-05-21T23:21:00.042+0000] {processor.py:208} INFO - Processing /home/airflow/.local/lib/python3.12/site-packages/airflow/example_dags/example_branch_day_of_week_operator.py took 0.254 seconds
[2025-05-21T23:21:30.117+0000] {processor.py:186} INFO - Started process (PID=851) to work on /home/airflow/.local/lib/python3.12/site-packages/airflow/example_dags/example_branch_day_of_week_operator.py
[2025-05-21T23:21:30.119+0000] {processor.py:914} INFO - Processing file /home/airflow/.local/lib/python3.12/site-packages/airflow/example_dags/example_branch_day_of_week_operator.py for tasks to queue
[2025-05-21T23:21:30.123+0000] {logging_mixin.py:190} INFO - [2025-05-21T23:21:30.123+0000] {dagbag.py:588} INFO - Filling up the DagBag from /home/airflow/.local/lib/python3.12/site-packages/airflow/example_dags/example_branch_day_of_week_operator.py
[2025-05-21T23:21:30.146+0000] {processor.py:925} INFO - DAG(s) 'example_weekday_branch_operator' retrieved from /home/airflow/.local/lib/python3.12/site-packages/airflow/example_dags/example_branch_day_of_week_operator.py
[2025-05-21T23:21:30.190+0000] {logging_mixin.py:190} INFO - [2025-05-21T23:21:30.190+0000] {dag.py:3239} INFO - Sync 1 DAGs
[2025-05-21T23:21:30.249+0000] {logging_mixin.py:190} INFO - [2025-05-21T23:21:30.248+0000] {dag.py:4180} INFO - Setting next_dagrun for example_weekday_branch_operator to 2025-05-20 00:00:00+00:00, run_after=2025-05-21 00:00:00+00:00
[2025-05-21T23:21:30.294+0000] {processor.py:208} INFO - Processing /home/airflow/.local/lib/python3.12/site-packages/airflow/example_dags/example_branch_day_of_week_operator.py took 0.191 seconds
[2025-05-21T23:22:00.751+0000] {processor.py:186} INFO - Started process (PID=917) to work on /home/airflow/.local/lib/python3.12/site-packages/airflow/example_dags/example_branch_day_of_week_operator.py
[2025-05-21T23:22:00.754+0000] {processor.py:914} INFO - Processing file /home/airflow/.local/lib/python3.12/site-packages/airflow/example_dags/example_branch_day_of_week_operator.py for tasks to queue
[2025-05-21T23:22:00.758+0000] {logging_mixin.py:190} INFO - [2025-05-21T23:22:00.758+0000] {dagbag.py:588} INFO - Filling up the DagBag from /home/airflow/.local/lib/python3.12/site-packages/airflow/example_dags/example_branch_day_of_week_operator.py
[2025-05-21T23:22:00.781+0000] {processor.py:925} INFO - DAG(s) 'example_weekday_branch_operator' retrieved from /home/airflow/.local/lib/python3.12/site-packages/airflow/example_dags/example_branch_day_of_week_operator.py
[2025-05-21T23:22:00.837+0000] {logging_mixin.py:190} INFO - [2025-05-21T23:22:00.837+0000] {dag.py:3239} INFO - Sync 1 DAGs
[2025-05-21T23:22:00.900+0000] {logging_mixin.py:190} INFO - [2025-05-21T23:22:00.900+0000] {dag.py:4180} INFO - Setting next_dagrun for example_weekday_branch_operator to 2025-05-20 00:00:00+00:00, run_after=2025-05-21 00:00:00+00:00
[2025-05-21T23:22:01.008+0000] {processor.py:208} INFO - Processing /home/airflow/.local/lib/python3.12/site-packages/airflow/example_dags/example_branch_day_of_week_operator.py took 0.271 seconds
[2025-05-21T23:22:31.165+0000] {processor.py:186} INFO - Started process (PID=982) to work on /home/airflow/.local/lib/python3.12/site-packages/airflow/example_dags/example_branch_day_of_week_operator.py
[2025-05-21T23:22:31.167+0000] {processor.py:914} INFO - Processing file /home/airflow/.local/lib/python3.12/site-packages/airflow/example_dags/example_branch_day_of_week_operator.py for tasks to queue
[2025-05-21T23:22:31.171+0000] {logging_mixin.py:190} INFO - [2025-05-21T23:22:31.171+0000] {dagbag.py:588} INFO - Filling up the DagBag from /home/airflow/.local/lib/python3.12/site-packages/airflow/example_dags/example_branch_day_of_week_operator.py
[2025-05-21T23:22:31.190+0000] {processor.py:925} INFO - DAG(s) 'example_weekday_branch_operator' retrieved from /home/airflow/.local/lib/python3.12/site-packages/airflow/example_dags/example_branch_day_of_week_operator.py
[2025-05-21T23:22:31.234+0000] {logging_mixin.py:190} INFO - [2025-05-21T23:22:31.234+0000] {dag.py:3239} INFO - Sync 1 DAGs
[2025-05-21T23:22:31.292+0000] {logging_mixin.py:190} INFO - [2025-05-21T23:22:31.291+0000] {dag.py:4180} INFO - Setting next_dagrun for example_weekday_branch_operator to 2025-05-20 00:00:00+00:00, run_after=2025-05-21 00:00:00+00:00
[2025-05-21T23:22:31.337+0000] {processor.py:208} INFO - Processing /home/airflow/.local/lib/python3.12/site-packages/airflow/example_dags/example_branch_day_of_week_operator.py took 0.183 seconds
[2025-05-21T23:23:01.511+0000] {processor.py:186} INFO - Started process (PID=1048) to work on /home/airflow/.local/lib/python3.12/site-packages/airflow/example_dags/example_branch_day_of_week_operator.py
[2025-05-21T23:23:01.514+0000] {processor.py:914} INFO - Processing file /home/airflow/.local/lib/python3.12/site-packages/airflow/example_dags/example_branch_day_of_week_operator.py for tasks to queue
[2025-05-21T23:23:01.519+0000] {logging_mixin.py:190} INFO - [2025-05-21T23:23:01.518+0000] {dagbag.py:588} INFO - Filling up the DagBag from /home/airflow/.local/lib/python3.12/site-packages/airflow/example_dags/example_branch_day_of_week_operator.py
[2025-05-21T23:23:01.540+0000] {processor.py:925} INFO - DAG(s) 'example_weekday_branch_operator' retrieved from /home/airflow/.local/lib/python3.12/site-packages/airflow/example_dags/example_branch_day_of_week_operator.py
[2025-05-21T23:23:01.584+0000] {logging_mixin.py:190} INFO - [2025-05-21T23:23:01.583+0000] {dag.py:3239} INFO - Sync 1 DAGs
[2025-05-21T23:23:01.633+0000] {logging_mixin.py:190} INFO - [2025-05-21T23:23:01.633+0000] {dag.py:4180} INFO - Setting next_dagrun for example_weekday_branch_operator to 2025-05-20 00:00:00+00:00, run_after=2025-05-21 00:00:00+00:00
[2025-05-21T23:23:01.740+0000] {processor.py:208} INFO - Processing /home/airflow/.local/lib/python3.12/site-packages/airflow/example_dags/example_branch_day_of_week_operator.py took 0.242 seconds
[2025-05-21T23:23:32.043+0000] {processor.py:186} INFO - Started process (PID=1114) to work on /home/airflow/.local/lib/python3.12/site-packages/airflow/example_dags/example_branch_day_of_week_operator.py
[2025-05-21T23:23:32.045+0000] {processor.py:914} INFO - Processing file /home/airflow/.local/lib/python3.12/site-packages/airflow/example_dags/example_branch_day_of_week_operator.py for tasks to queue
[2025-05-21T23:23:32.050+0000] {logging_mixin.py:190} INFO - [2025-05-21T23:23:32.049+0000] {dagbag.py:588} INFO - Filling up the DagBag from /home/airflow/.local/lib/python3.12/site-packages/airflow/example_dags/example_branch_day_of_week_operator.py
[2025-05-21T23:23:32.068+0000] {processor.py:925} INFO - DAG(s) 'example_weekday_branch_operator' retrieved from /home/airflow/.local/lib/python3.12/site-packages/airflow/example_dags/example_branch_day_of_week_operator.py
[2025-05-21T23:23:32.109+0000] {logging_mixin.py:190} INFO - [2025-05-21T23:23:32.109+0000] {dag.py:3239} INFO - Sync 1 DAGs
[2025-05-21T23:23:32.156+0000] {logging_mixin.py:190} INFO - [2025-05-21T23:23:32.155+0000] {dag.py:4180} INFO - Setting next_dagrun for example_weekday_branch_operator to 2025-05-20 00:00:00+00:00, run_after=2025-05-21 00:00:00+00:00
[2025-05-21T23:23:32.194+0000] {processor.py:208} INFO - Processing /home/airflow/.local/lib/python3.12/site-packages/airflow/example_dags/example_branch_day_of_week_operator.py took 0.162 seconds
[2025-05-21T23:24:02.859+0000] {processor.py:186} INFO - Started process (PID=1180) to work on /home/airflow/.local/lib/python3.12/site-packages/airflow/example_dags/example_branch_day_of_week_operator.py
[2025-05-21T23:24:02.861+0000] {processor.py:914} INFO - Processing file /home/airflow/.local/lib/python3.12/site-packages/airflow/example_dags/example_branch_day_of_week_operator.py for tasks to queue
[2025-05-21T23:24:02.866+0000] {logging_mixin.py:190} INFO - [2025-05-21T23:24:02.865+0000] {dagbag.py:588} INFO - Filling up the DagBag from /home/airflow/.local/lib/python3.12/site-packages/airflow/example_dags/example_branch_day_of_week_operator.py
[2025-05-21T23:24:02.888+0000] {processor.py:925} INFO - DAG(s) 'example_weekday_branch_operator' retrieved from /home/airflow/.local/lib/python3.12/site-packages/airflow/example_dags/example_branch_day_of_week_operator.py
[2025-05-21T23:24:02.957+0000] {logging_mixin.py:190} INFO - [2025-05-21T23:24:02.956+0000] {dag.py:3239} INFO - Sync 1 DAGs
[2025-05-21T23:24:03.015+0000] {logging_mixin.py:190} INFO - [2025-05-21T23:24:03.014+0000] {dag.py:4180} INFO - Setting next_dagrun for example_weekday_branch_operator to 2025-05-20 00:00:00+00:00, run_after=2025-05-21 00:00:00+00:00
[2025-05-21T23:24:03.119+0000] {processor.py:208} INFO - Processing /home/airflow/.local/lib/python3.12/site-packages/airflow/example_dags/example_branch_day_of_week_operator.py took 0.271 seconds
[2025-05-21T23:24:33.562+0000] {processor.py:186} INFO - Started process (PID=1245) to work on /home/airflow/.local/lib/python3.12/site-packages/airflow/example_dags/example_branch_day_of_week_operator.py
[2025-05-21T23:24:33.564+0000] {processor.py:914} INFO - Processing file /home/airflow/.local/lib/python3.12/site-packages/airflow/example_dags/example_branch_day_of_week_operator.py for tasks to queue
[2025-05-21T23:24:33.569+0000] {logging_mixin.py:190} INFO - [2025-05-21T23:24:33.568+0000] {dagbag.py:588} INFO - Filling up the DagBag from /home/airflow/.local/lib/python3.12/site-packages/airflow/example_dags/example_branch_day_of_week_operator.py
[2025-05-21T23:24:33.588+0000] {processor.py:925} INFO - DAG(s) 'example_weekday_branch_operator' retrieved from /home/airflow/.local/lib/python3.12/site-packages/airflow/example_dags/example_branch_day_of_week_operator.py
[2025-05-21T23:24:33.631+0000] {logging_mixin.py:190} INFO - [2025-05-21T23:24:33.630+0000] {dag.py:3239} INFO - Sync 1 DAGs
[2025-05-21T23:24:33.685+0000] {logging_mixin.py:190} INFO - [2025-05-21T23:24:33.684+0000] {dag.py:4180} INFO - Setting next_dagrun for example_weekday_branch_operator to 2025-05-20 00:00:00+00:00, run_after=2025-05-21 00:00:00+00:00
[2025-05-21T23:24:33.737+0000] {processor.py:208} INFO - Processing /home/airflow/.local/lib/python3.12/site-packages/airflow/example_dags/example_branch_day_of_week_operator.py took 0.186 seconds
[2025-05-21T23:25:05.089+0000] {processor.py:186} INFO - Started process (PID=1312) to work on /home/airflow/.local/lib/python3.12/site-packages/airflow/example_dags/example_branch_day_of_week_operator.py
[2025-05-21T23:25:05.091+0000] {processor.py:914} INFO - Processing file /home/airflow/.local/lib/python3.12/site-packages/airflow/example_dags/example_branch_day_of_week_operator.py for tasks to queue
[2025-05-21T23:25:05.095+0000] {logging_mixin.py:190} INFO - [2025-05-21T23:25:05.095+0000] {dagbag.py:588} INFO - Filling up the DagBag from /home/airflow/.local/lib/python3.12/site-packages/airflow/example_dags/example_branch_day_of_week_operator.py
[2025-05-21T23:25:05.115+0000] {processor.py:925} INFO - DAG(s) 'example_weekday_branch_operator' retrieved from /home/airflow/.local/lib/python3.12/site-packages/airflow/example_dags/example_branch_day_of_week_operator.py
[2025-05-21T23:25:05.162+0000] {logging_mixin.py:190} INFO - [2025-05-21T23:25:05.161+0000] {dag.py:3239} INFO - Sync 1 DAGs
[2025-05-21T23:25:05.213+0000] {logging_mixin.py:190} INFO - [2025-05-21T23:25:05.213+0000] {dag.py:4180} INFO - Setting next_dagrun for example_weekday_branch_operator to 2025-05-20 00:00:00+00:00, run_after=2025-05-21 00:00:00+00:00
[2025-05-21T23:25:05.252+0000] {processor.py:208} INFO - Processing /home/airflow/.local/lib/python3.12/site-packages/airflow/example_dags/example_branch_day_of_week_operator.py took 0.175 seconds
[2025-05-21T23:25:35.451+0000] {processor.py:186} INFO - Started process (PID=1377) to work on /home/airflow/.local/lib/python3.12/site-packages/airflow/example_dags/example_branch_day_of_week_operator.py
[2025-05-21T23:25:35.453+0000] {processor.py:914} INFO - Processing file /home/airflow/.local/lib/python3.12/site-packages/airflow/example_dags/example_branch_day_of_week_operator.py for tasks to queue
[2025-05-21T23:25:35.458+0000] {logging_mixin.py:190} INFO - [2025-05-21T23:25:35.457+0000] {dagbag.py:588} INFO - Filling up the DagBag from /home/airflow/.local/lib/python3.12/site-packages/airflow/example_dags/example_branch_day_of_week_operator.py
[2025-05-21T23:25:35.478+0000] {processor.py:925} INFO - DAG(s) 'example_weekday_branch_operator' retrieved from /home/airflow/.local/lib/python3.12/site-packages/airflow/example_dags/example_branch_day_of_week_operator.py
[2025-05-21T23:25:35.519+0000] {logging_mixin.py:190} INFO - [2025-05-21T23:25:35.518+0000] {dag.py:3239} INFO - Sync 1 DAGs
[2025-05-21T23:25:35.564+0000] {logging_mixin.py:190} INFO - [2025-05-21T23:25:35.563+0000] {dag.py:4180} INFO - Setting next_dagrun for example_weekday_branch_operator to 2025-05-20 00:00:00+00:00, run_after=2025-05-21 00:00:00+00:00
[2025-05-21T23:25:35.648+0000] {processor.py:208} INFO - Processing /home/airflow/.local/lib/python3.12/site-packages/airflow/example_dags/example_branch_day_of_week_operator.py took 0.207 seconds
[2025-05-21T23:26:06.279+0000] {processor.py:186} INFO - Started process (PID=1443) to work on /home/airflow/.local/lib/python3.12/site-packages/airflow/example_dags/example_branch_day_of_week_operator.py
[2025-05-21T23:26:06.281+0000] {processor.py:914} INFO - Processing file /home/airflow/.local/lib/python3.12/site-packages/airflow/example_dags/example_branch_day_of_week_operator.py for tasks to queue
[2025-05-21T23:26:06.285+0000] {logging_mixin.py:190} INFO - [2025-05-21T23:26:06.285+0000] {dagbag.py:588} INFO - Filling up the DagBag from /home/airflow/.local/lib/python3.12/site-packages/airflow/example_dags/example_branch_day_of_week_operator.py
[2025-05-21T23:26:06.308+0000] {processor.py:925} INFO - DAG(s) 'example_weekday_branch_operator' retrieved from /home/airflow/.local/lib/python3.12/site-packages/airflow/example_dags/example_branch_day_of_week_operator.py
[2025-05-21T23:26:06.360+0000] {logging_mixin.py:190} INFO - [2025-05-21T23:26:06.360+0000] {dag.py:3239} INFO - Sync 1 DAGs
[2025-05-21T23:26:06.426+0000] {logging_mixin.py:190} INFO - [2025-05-21T23:26:06.426+0000] {dag.py:4180} INFO - Setting next_dagrun for example_weekday_branch_operator to 2025-05-20 00:00:00+00:00, run_after=2025-05-21 00:00:00+00:00
[2025-05-21T23:26:06.546+0000] {processor.py:208} INFO - Processing /home/airflow/.local/lib/python3.12/site-packages/airflow/example_dags/example_branch_day_of_week_operator.py took 0.281 seconds
[2025-05-21T23:26:36.879+0000] {processor.py:186} INFO - Started process (PID=1509) to work on /home/airflow/.local/lib/python3.12/site-packages/airflow/example_dags/example_branch_day_of_week_operator.py
[2025-05-21T23:26:36.882+0000] {processor.py:914} INFO - Processing file /home/airflow/.local/lib/python3.12/site-packages/airflow/example_dags/example_branch_day_of_week_operator.py for tasks to queue
[2025-05-21T23:26:36.887+0000] {logging_mixin.py:190} INFO - [2025-05-21T23:26:36.886+0000] {dagbag.py:588} INFO - Filling up the DagBag from /home/airflow/.local/lib/python3.12/site-packages/airflow/example_dags/example_branch_day_of_week_operator.py
[2025-05-21T23:26:36.908+0000] {processor.py:925} INFO - DAG(s) 'example_weekday_branch_operator' retrieved from /home/airflow/.local/lib/python3.12/site-packages/airflow/example_dags/example_branch_day_of_week_operator.py
[2025-05-21T23:26:36.950+0000] {logging_mixin.py:190} INFO - [2025-05-21T23:26:36.949+0000] {dag.py:3239} INFO - Sync 1 DAGs
[2025-05-21T23:26:37.006+0000] {logging_mixin.py:190} INFO - [2025-05-21T23:26:37.006+0000] {dag.py:4180} INFO - Setting next_dagrun for example_weekday_branch_operator to 2025-05-20 00:00:00+00:00, run_after=2025-05-21 00:00:00+00:00
[2025-05-21T23:26:37.043+0000] {processor.py:208} INFO - Processing /home/airflow/.local/lib/python3.12/site-packages/airflow/example_dags/example_branch_day_of_week_operator.py took 0.180 seconds
[2025-05-21T23:27:07.205+0000] {processor.py:186} INFO - Started process (PID=1575) to work on /home/airflow/.local/lib/python3.12/site-packages/airflow/example_dags/example_branch_day_of_week_operator.py
[2025-05-21T23:27:07.208+0000] {processor.py:914} INFO - Processing file /home/airflow/.local/lib/python3.12/site-packages/airflow/example_dags/example_branch_day_of_week_operator.py for tasks to queue
[2025-05-21T23:27:07.213+0000] {logging_mixin.py:190} INFO - [2025-05-21T23:27:07.212+0000] {dagbag.py:588} INFO - Filling up the DagBag from /home/airflow/.local/lib/python3.12/site-packages/airflow/example_dags/example_branch_day_of_week_operator.py
[2025-05-21T23:27:07.242+0000] {processor.py:925} INFO - DAG(s) 'example_weekday_branch_operator' retrieved from /home/airflow/.local/lib/python3.12/site-packages/airflow/example_dags/example_branch_day_of_week_operator.py
[2025-05-21T23:27:07.312+0000] {logging_mixin.py:190} INFO - [2025-05-21T23:27:07.311+0000] {dag.py:3239} INFO - Sync 1 DAGs
[2025-05-21T23:27:07.391+0000] {logging_mixin.py:190} INFO - [2025-05-21T23:27:07.390+0000] {dag.py:4180} INFO - Setting next_dagrun for example_weekday_branch_operator to 2025-05-20 00:00:00+00:00, run_after=2025-05-21 00:00:00+00:00
[2025-05-21T23:27:07.455+0000] {processor.py:208} INFO - Processing /home/airflow/.local/lib/python3.12/site-packages/airflow/example_dags/example_branch_day_of_week_operator.py took 0.265 seconds
[2025-05-21T23:27:38.268+0000] {processor.py:186} INFO - Started process (PID=1641) to work on /home/airflow/.local/lib/python3.12/site-packages/airflow/example_dags/example_branch_day_of_week_operator.py
[2025-05-21T23:27:38.270+0000] {processor.py:914} INFO - Processing file /home/airflow/.local/lib/python3.12/site-packages/airflow/example_dags/example_branch_day_of_week_operator.py for tasks to queue
[2025-05-21T23:27:38.274+0000] {logging_mixin.py:190} INFO - [2025-05-21T23:27:38.273+0000] {dagbag.py:588} INFO - Filling up the DagBag from /home/airflow/.local/lib/python3.12/site-packages/airflow/example_dags/example_branch_day_of_week_operator.py
[2025-05-21T23:27:38.293+0000] {processor.py:925} INFO - DAG(s) 'example_weekday_branch_operator' retrieved from /home/airflow/.local/lib/python3.12/site-packages/airflow/example_dags/example_branch_day_of_week_operator.py
[2025-05-21T23:27:38.335+0000] {logging_mixin.py:190} INFO - [2025-05-21T23:27:38.335+0000] {dag.py:3239} INFO - Sync 1 DAGs
[2025-05-21T23:27:38.388+0000] {logging_mixin.py:190} INFO - [2025-05-21T23:27:38.387+0000] {dag.py:4180} INFO - Setting next_dagrun for example_weekday_branch_operator to 2025-05-20 00:00:00+00:00, run_after=2025-05-21 00:00:00+00:00
[2025-05-21T23:27:38.468+0000] {processor.py:208} INFO - Processing /home/airflow/.local/lib/python3.12/site-packages/airflow/example_dags/example_branch_day_of_week_operator.py took 0.211 seconds
[2025-05-21T23:28:08.851+0000] {processor.py:186} INFO - Started process (PID=1707) to work on /home/airflow/.local/lib/python3.12/site-packages/airflow/example_dags/example_branch_day_of_week_operator.py
[2025-05-21T23:28:08.853+0000] {processor.py:914} INFO - Processing file /home/airflow/.local/lib/python3.12/site-packages/airflow/example_dags/example_branch_day_of_week_operator.py for tasks to queue
[2025-05-21T23:28:08.858+0000] {logging_mixin.py:190} INFO - [2025-05-21T23:28:08.857+0000] {dagbag.py:588} INFO - Filling up the DagBag from /home/airflow/.local/lib/python3.12/site-packages/airflow/example_dags/example_branch_day_of_week_operator.py
[2025-05-21T23:28:08.880+0000] {processor.py:925} INFO - DAG(s) 'example_weekday_branch_operator' retrieved from /home/airflow/.local/lib/python3.12/site-packages/airflow/example_dags/example_branch_day_of_week_operator.py
[2025-05-21T23:28:08.924+0000] {logging_mixin.py:190} INFO - [2025-05-21T23:28:08.924+0000] {dag.py:3239} INFO - Sync 1 DAGs
[2025-05-21T23:28:08.978+0000] {logging_mixin.py:190} INFO - [2025-05-21T23:28:08.977+0000] {dag.py:4180} INFO - Setting next_dagrun for example_weekday_branch_operator to 2025-05-20 00:00:00+00:00, run_after=2025-05-21 00:00:00+00:00
[2025-05-21T23:28:09.073+0000] {processor.py:208} INFO - Processing /home/airflow/.local/lib/python3.12/site-packages/airflow/example_dags/example_branch_day_of_week_operator.py took 0.234 seconds
[2025-05-21T23:28:40.054+0000] {processor.py:186} INFO - Started process (PID=1772) to work on /home/airflow/.local/lib/python3.12/site-packages/airflow/example_dags/example_branch_day_of_week_operator.py
[2025-05-21T23:28:40.056+0000] {processor.py:914} INFO - Processing file /home/airflow/.local/lib/python3.12/site-packages/airflow/example_dags/example_branch_day_of_week_operator.py for tasks to queue
[2025-05-21T23:28:40.060+0000] {logging_mixin.py:190} INFO - [2025-05-21T23:28:40.059+0000] {dagbag.py:588} INFO - Filling up the DagBag from /home/airflow/.local/lib/python3.12/site-packages/airflow/example_dags/example_branch_day_of_week_operator.py
[2025-05-21T23:28:40.078+0000] {processor.py:925} INFO - DAG(s) 'example_weekday_branch_operator' retrieved from /home/airflow/.local/lib/python3.12/site-packages/airflow/example_dags/example_branch_day_of_week_operator.py
[2025-05-21T23:28:40.121+0000] {logging_mixin.py:190} INFO - [2025-05-21T23:28:40.121+0000] {dag.py:3239} INFO - Sync 1 DAGs
[2025-05-21T23:28:40.184+0000] {logging_mixin.py:190} INFO - [2025-05-21T23:28:40.183+0000] {dag.py:4180} INFO - Setting next_dagrun for example_weekday_branch_operator to 2025-05-20 00:00:00+00:00, run_after=2025-05-21 00:00:00+00:00
[2025-05-21T23:28:40.290+0000] {processor.py:208} INFO - Processing /home/airflow/.local/lib/python3.12/site-packages/airflow/example_dags/example_branch_day_of_week_operator.py took 0.246 seconds
[2025-05-21T23:29:10.595+0000] {processor.py:186} INFO - Started process (PID=1838) to work on /home/airflow/.local/lib/python3.12/site-packages/airflow/example_dags/example_branch_day_of_week_operator.py
[2025-05-21T23:29:10.597+0000] {processor.py:914} INFO - Processing file /home/airflow/.local/lib/python3.12/site-packages/airflow/example_dags/example_branch_day_of_week_operator.py for tasks to queue
[2025-05-21T23:29:10.601+0000] {logging_mixin.py:190} INFO - [2025-05-21T23:29:10.601+0000] {dagbag.py:588} INFO - Filling up the DagBag from /home/airflow/.local/lib/python3.12/site-packages/airflow/example_dags/example_branch_day_of_week_operator.py
[2025-05-21T23:29:10.619+0000] {processor.py:925} INFO - DAG(s) 'example_weekday_branch_operator' retrieved from /home/airflow/.local/lib/python3.12/site-packages/airflow/example_dags/example_branch_day_of_week_operator.py
[2025-05-21T23:29:10.669+0000] {logging_mixin.py:190} INFO - [2025-05-21T23:29:10.668+0000] {dag.py:3239} INFO - Sync 1 DAGs
[2025-05-21T23:29:10.715+0000] {logging_mixin.py:190} INFO - [2025-05-21T23:29:10.715+0000] {dag.py:4180} INFO - Setting next_dagrun for example_weekday_branch_operator to 2025-05-20 00:00:00+00:00, run_after=2025-05-21 00:00:00+00:00
[2025-05-21T23:29:10.818+0000] {processor.py:208} INFO - Processing /home/airflow/.local/lib/python3.12/site-packages/airflow/example_dags/example_branch_day_of_week_operator.py took 0.233 seconds
[2025-05-21T23:29:41.138+0000] {processor.py:186} INFO - Started process (PID=1903) to work on /home/airflow/.local/lib/python3.12/site-packages/airflow/example_dags/example_branch_day_of_week_operator.py
[2025-05-21T23:29:41.148+0000] {processor.py:914} INFO - Processing file /home/airflow/.local/lib/python3.12/site-packages/airflow/example_dags/example_branch_day_of_week_operator.py for tasks to queue
[2025-05-21T23:29:41.154+0000] {logging_mixin.py:190} INFO - [2025-05-21T23:29:41.153+0000] {dagbag.py:588} INFO - Filling up the DagBag from /home/airflow/.local/lib/python3.12/site-packages/airflow/example_dags/example_branch_day_of_week_operator.py
[2025-05-21T23:29:41.179+0000] {processor.py:925} INFO - DAG(s) 'example_weekday_branch_operator' retrieved from /home/airflow/.local/lib/python3.12/site-packages/airflow/example_dags/example_branch_day_of_week_operator.py
[2025-05-21T23:29:41.221+0000] {logging_mixin.py:190} INFO - [2025-05-21T23:29:41.220+0000] {dag.py:3239} INFO - Sync 1 DAGs
[2025-05-21T23:29:41.291+0000] {logging_mixin.py:190} INFO - [2025-05-21T23:29:41.291+0000] {dag.py:4180} INFO - Setting next_dagrun for example_weekday_branch_operator to 2025-05-20 00:00:00+00:00, run_after=2025-05-21 00:00:00+00:00
[2025-05-21T23:29:41.405+0000] {processor.py:208} INFO - Processing /home/airflow/.local/lib/python3.12/site-packages/airflow/example_dags/example_branch_day_of_week_operator.py took 0.282 seconds
[2025-05-21T23:30:11.552+0000] {processor.py:186} INFO - Started process (PID=1969) to work on /home/airflow/.local/lib/python3.12/site-packages/airflow/example_dags/example_branch_day_of_week_operator.py
[2025-05-21T23:30:11.554+0000] {processor.py:914} INFO - Processing file /home/airflow/.local/lib/python3.12/site-packages/airflow/example_dags/example_branch_day_of_week_operator.py for tasks to queue
[2025-05-21T23:30:11.560+0000] {logging_mixin.py:190} INFO - [2025-05-21T23:30:11.559+0000] {dagbag.py:588} INFO - Filling up the DagBag from /home/airflow/.local/lib/python3.12/site-packages/airflow/example_dags/example_branch_day_of_week_operator.py
[2025-05-21T23:30:11.583+0000] {processor.py:925} INFO - DAG(s) 'example_weekday_branch_operator' retrieved from /home/airflow/.local/lib/python3.12/site-packages/airflow/example_dags/example_branch_day_of_week_operator.py
[2025-05-21T23:30:11.635+0000] {logging_mixin.py:190} INFO - [2025-05-21T23:30:11.634+0000] {dag.py:3239} INFO - Sync 1 DAGs
[2025-05-21T23:30:11.689+0000] {logging_mixin.py:190} INFO - [2025-05-21T23:30:11.689+0000] {dag.py:4180} INFO - Setting next_dagrun for example_weekday_branch_operator to 2025-05-20 00:00:00+00:00, run_after=2025-05-21 00:00:00+00:00
[2025-05-21T23:30:11.793+0000] {processor.py:208} INFO - Processing /home/airflow/.local/lib/python3.12/site-packages/airflow/example_dags/example_branch_day_of_week_operator.py took 0.253 seconds
[2025-05-21T23:30:42.719+0000] {processor.py:186} INFO - Started process (PID=2035) to work on /home/airflow/.local/lib/python3.12/site-packages/airflow/example_dags/example_branch_day_of_week_operator.py
[2025-05-21T23:30:42.721+0000] {processor.py:914} INFO - Processing file /home/airflow/.local/lib/python3.12/site-packages/airflow/example_dags/example_branch_day_of_week_operator.py for tasks to queue
[2025-05-21T23:30:42.725+0000] {logging_mixin.py:190} INFO - [2025-05-21T23:30:42.725+0000] {dagbag.py:588} INFO - Filling up the DagBag from /home/airflow/.local/lib/python3.12/site-packages/airflow/example_dags/example_branch_day_of_week_operator.py
[2025-05-21T23:30:42.752+0000] {processor.py:925} INFO - DAG(s) 'example_weekday_branch_operator' retrieved from /home/airflow/.local/lib/python3.12/site-packages/airflow/example_dags/example_branch_day_of_week_operator.py
[2025-05-21T23:30:42.802+0000] {logging_mixin.py:190} INFO - [2025-05-21T23:30:42.801+0000] {dag.py:3239} INFO - Sync 1 DAGs
[2025-05-21T23:30:42.848+0000] {logging_mixin.py:190} INFO - [2025-05-21T23:30:42.848+0000] {dag.py:4180} INFO - Setting next_dagrun for example_weekday_branch_operator to 2025-05-20 00:00:00+00:00, run_after=2025-05-21 00:00:00+00:00
[2025-05-21T23:30:42.956+0000] {processor.py:208} INFO - Processing /home/airflow/.local/lib/python3.12/site-packages/airflow/example_dags/example_branch_day_of_week_operator.py took 0.247 seconds
[2025-05-21T23:31:13.799+0000] {processor.py:186} INFO - Started process (PID=2101) to work on /home/airflow/.local/lib/python3.12/site-packages/airflow/example_dags/example_branch_day_of_week_operator.py
[2025-05-21T23:31:13.801+0000] {processor.py:914} INFO - Processing file /home/airflow/.local/lib/python3.12/site-packages/airflow/example_dags/example_branch_day_of_week_operator.py for tasks to queue
[2025-05-21T23:31:13.806+0000] {logging_mixin.py:190} INFO - [2025-05-21T23:31:13.805+0000] {dagbag.py:588} INFO - Filling up the DagBag from /home/airflow/.local/lib/python3.12/site-packages/airflow/example_dags/example_branch_day_of_week_operator.py
[2025-05-21T23:31:13.824+0000] {processor.py:925} INFO - DAG(s) 'example_weekday_branch_operator' retrieved from /home/airflow/.local/lib/python3.12/site-packages/airflow/example_dags/example_branch_day_of_week_operator.py
[2025-05-21T23:31:13.865+0000] {logging_mixin.py:190} INFO - [2025-05-21T23:31:13.865+0000] {dag.py:3239} INFO - Sync 1 DAGs
[2025-05-21T23:31:13.913+0000] {logging_mixin.py:190} INFO - [2025-05-21T23:31:13.912+0000] {dag.py:4180} INFO - Setting next_dagrun for example_weekday_branch_operator to 2025-05-20 00:00:00+00:00, run_after=2025-05-21 00:00:00+00:00
[2025-05-21T23:31:13.951+0000] {processor.py:208} INFO - Processing /home/airflow/.local/lib/python3.12/site-packages/airflow/example_dags/example_branch_day_of_week_operator.py took 0.163 seconds
[2025-05-21T23:31:44.777+0000] {processor.py:186} INFO - Started process (PID=2166) to work on /home/airflow/.local/lib/python3.12/site-packages/airflow/example_dags/example_branch_day_of_week_operator.py
[2025-05-21T23:31:44.779+0000] {processor.py:914} INFO - Processing file /home/airflow/.local/lib/python3.12/site-packages/airflow/example_dags/example_branch_day_of_week_operator.py for tasks to queue
[2025-05-21T23:31:44.783+0000] {logging_mixin.py:190} INFO - [2025-05-21T23:31:44.783+0000] {dagbag.py:588} INFO - Filling up the DagBag from /home/airflow/.local/lib/python3.12/site-packages/airflow/example_dags/example_branch_day_of_week_operator.py
[2025-05-21T23:31:44.804+0000] {processor.py:925} INFO - DAG(s) 'example_weekday_branch_operator' retrieved from /home/airflow/.local/lib/python3.12/site-packages/airflow/example_dags/example_branch_day_of_week_operator.py
[2025-05-21T23:31:44.847+0000] {logging_mixin.py:190} INFO - [2025-05-21T23:31:44.847+0000] {dag.py:3239} INFO - Sync 1 DAGs
[2025-05-21T23:31:44.896+0000] {logging_mixin.py:190} INFO - [2025-05-21T23:31:44.896+0000] {dag.py:4180} INFO - Setting next_dagrun for example_weekday_branch_operator to 2025-05-20 00:00:00+00:00, run_after=2025-05-21 00:00:00+00:00
[2025-05-21T23:31:44.934+0000] {processor.py:208} INFO - Processing /home/airflow/.local/lib/python3.12/site-packages/airflow/example_dags/example_branch_day_of_week_operator.py took 0.168 seconds
[2025-05-21T23:32:15.118+0000] {processor.py:186} INFO - Started process (PID=2231) to work on /home/airflow/.local/lib/python3.12/site-packages/airflow/example_dags/example_branch_day_of_week_operator.py
[2025-05-21T23:32:15.120+0000] {processor.py:914} INFO - Processing file /home/airflow/.local/lib/python3.12/site-packages/airflow/example_dags/example_branch_day_of_week_operator.py for tasks to queue
[2025-05-21T23:32:15.124+0000] {logging_mixin.py:190} INFO - [2025-05-21T23:32:15.124+0000] {dagbag.py:588} INFO - Filling up the DagBag from /home/airflow/.local/lib/python3.12/site-packages/airflow/example_dags/example_branch_day_of_week_operator.py
[2025-05-21T23:32:15.144+0000] {processor.py:925} INFO - DAG(s) 'example_weekday_branch_operator' retrieved from /home/airflow/.local/lib/python3.12/site-packages/airflow/example_dags/example_branch_day_of_week_operator.py
[2025-05-21T23:32:15.186+0000] {logging_mixin.py:190} INFO - [2025-05-21T23:32:15.185+0000] {dag.py:3239} INFO - Sync 1 DAGs
[2025-05-21T23:32:15.234+0000] {logging_mixin.py:190} INFO - [2025-05-21T23:32:15.233+0000] {dag.py:4180} INFO - Setting next_dagrun for example_weekday_branch_operator to 2025-05-20 00:00:00+00:00, run_after=2025-05-21 00:00:00+00:00
[2025-05-21T23:32:15.310+0000] {processor.py:208} INFO - Processing /home/airflow/.local/lib/python3.12/site-packages/airflow/example_dags/example_branch_day_of_week_operator.py took 0.203 seconds
[2025-05-21T23:32:45.980+0000] {processor.py:186} INFO - Started process (PID=2297) to work on /home/airflow/.local/lib/python3.12/site-packages/airflow/example_dags/example_branch_day_of_week_operator.py
[2025-05-21T23:32:45.983+0000] {processor.py:914} INFO - Processing file /home/airflow/.local/lib/python3.12/site-packages/airflow/example_dags/example_branch_day_of_week_operator.py for tasks to queue
[2025-05-21T23:32:45.987+0000] {logging_mixin.py:190} INFO - [2025-05-21T23:32:45.987+0000] {dagbag.py:588} INFO - Filling up the DagBag from /home/airflow/.local/lib/python3.12/site-packages/airflow/example_dags/example_branch_day_of_week_operator.py
[2025-05-21T23:32:46.006+0000] {processor.py:925} INFO - DAG(s) 'example_weekday_branch_operator' retrieved from /home/airflow/.local/lib/python3.12/site-packages/airflow/example_dags/example_branch_day_of_week_operator.py
[2025-05-21T23:32:46.050+0000] {logging_mixin.py:190} INFO - [2025-05-21T23:32:46.049+0000] {dag.py:3239} INFO - Sync 1 DAGs
[2025-05-21T23:32:46.107+0000] {logging_mixin.py:190} INFO - [2025-05-21T23:32:46.106+0000] {dag.py:4180} INFO - Setting next_dagrun for example_weekday_branch_operator to 2025-05-20 00:00:00+00:00, run_after=2025-05-21 00:00:00+00:00
[2025-05-21T23:32:46.144+0000] {processor.py:208} INFO - Processing /home/airflow/.local/lib/python3.12/site-packages/airflow/example_dags/example_branch_day_of_week_operator.py took 0.175 seconds
[2025-05-21T23:33:16.512+0000] {processor.py:186} INFO - Started process (PID=2363) to work on /home/airflow/.local/lib/python3.12/site-packages/airflow/example_dags/example_branch_day_of_week_operator.py
[2025-05-21T23:33:16.515+0000] {processor.py:914} INFO - Processing file /home/airflow/.local/lib/python3.12/site-packages/airflow/example_dags/example_branch_day_of_week_operator.py for tasks to queue
[2025-05-21T23:33:16.520+0000] {logging_mixin.py:190} INFO - [2025-05-21T23:33:16.519+0000] {dagbag.py:588} INFO - Filling up the DagBag from /home/airflow/.local/lib/python3.12/site-packages/airflow/example_dags/example_branch_day_of_week_operator.py
[2025-05-21T23:33:16.543+0000] {processor.py:925} INFO - DAG(s) 'example_weekday_branch_operator' retrieved from /home/airflow/.local/lib/python3.12/site-packages/airflow/example_dags/example_branch_day_of_week_operator.py
[2025-05-21T23:33:16.585+0000] {logging_mixin.py:190} INFO - [2025-05-21T23:33:16.585+0000] {dag.py:3239} INFO - Sync 1 DAGs
[2025-05-21T23:33:16.634+0000] {logging_mixin.py:190} INFO - [2025-05-21T23:33:16.634+0000] {dag.py:4180} INFO - Setting next_dagrun for example_weekday_branch_operator to 2025-05-20 00:00:00+00:00, run_after=2025-05-21 00:00:00+00:00
[2025-05-21T23:33:16.741+0000] {processor.py:208} INFO - Processing /home/airflow/.local/lib/python3.12/site-packages/airflow/example_dags/example_branch_day_of_week_operator.py took 0.243 seconds
[2025-05-21T23:33:47.593+0000] {processor.py:186} INFO - Started process (PID=2429) to work on /home/airflow/.local/lib/python3.12/site-packages/airflow/example_dags/example_branch_day_of_week_operator.py
[2025-05-21T23:33:47.595+0000] {processor.py:914} INFO - Processing file /home/airflow/.local/lib/python3.12/site-packages/airflow/example_dags/example_branch_day_of_week_operator.py for tasks to queue
[2025-05-21T23:33:47.600+0000] {logging_mixin.py:190} INFO - [2025-05-21T23:33:47.599+0000] {dagbag.py:588} INFO - Filling up the DagBag from /home/airflow/.local/lib/python3.12/site-packages/airflow/example_dags/example_branch_day_of_week_operator.py
[2025-05-21T23:33:47.621+0000] {processor.py:925} INFO - DAG(s) 'example_weekday_branch_operator' retrieved from /home/airflow/.local/lib/python3.12/site-packages/airflow/example_dags/example_branch_day_of_week_operator.py
[2025-05-21T23:33:47.671+0000] {logging_mixin.py:190} INFO - [2025-05-21T23:33:47.669+0000] {dag.py:3239} INFO - Sync 1 DAGs
[2025-05-21T23:33:47.730+0000] {logging_mixin.py:190} INFO - [2025-05-21T23:33:47.730+0000] {dag.py:4180} INFO - Setting next_dagrun for example_weekday_branch_operator to 2025-05-20 00:00:00+00:00, run_after=2025-05-21 00:00:00+00:00
[2025-05-21T23:33:47.772+0000] {processor.py:208} INFO - Processing /home/airflow/.local/lib/python3.12/site-packages/airflow/example_dags/example_branch_day_of_week_operator.py took 0.191 seconds
[2025-05-21T23:34:18.234+0000] {processor.py:186} INFO - Started process (PID=2495) to work on /home/airflow/.local/lib/python3.12/site-packages/airflow/example_dags/example_branch_day_of_week_operator.py
[2025-05-21T23:34:18.237+0000] {processor.py:914} INFO - Processing file /home/airflow/.local/lib/python3.12/site-packages/airflow/example_dags/example_branch_day_of_week_operator.py for tasks to queue
[2025-05-21T23:34:18.242+0000] {logging_mixin.py:190} INFO - [2025-05-21T23:34:18.241+0000] {dagbag.py:588} INFO - Filling up the DagBag from /home/airflow/.local/lib/python3.12/site-packages/airflow/example_dags/example_branch_day_of_week_operator.py
[2025-05-21T23:34:18.264+0000] {processor.py:925} INFO - DAG(s) 'example_weekday_branch_operator' retrieved from /home/airflow/.local/lib/python3.12/site-packages/airflow/example_dags/example_branch_day_of_week_operator.py
[2025-05-21T23:34:18.312+0000] {logging_mixin.py:190} INFO - [2025-05-21T23:34:18.311+0000] {dag.py:3239} INFO - Sync 1 DAGs
[2025-05-21T23:34:18.370+0000] {logging_mixin.py:190} INFO - [2025-05-21T23:34:18.369+0000] {dag.py:4180} INFO - Setting next_dagrun for example_weekday_branch_operator to 2025-05-20 00:00:00+00:00, run_after=2025-05-21 00:00:00+00:00
[2025-05-21T23:34:18.416+0000] {processor.py:208} INFO - Processing /home/airflow/.local/lib/python3.12/site-packages/airflow/example_dags/example_branch_day_of_week_operator.py took 0.194 seconds
[2025-05-21T23:34:49.394+0000] {processor.py:186} INFO - Started process (PID=2567) to work on /home/airflow/.local/lib/python3.12/site-packages/airflow/example_dags/example_branch_day_of_week_operator.py
[2025-05-21T23:34:49.396+0000] {processor.py:914} INFO - Processing file /home/airflow/.local/lib/python3.12/site-packages/airflow/example_dags/example_branch_day_of_week_operator.py for tasks to queue
[2025-05-21T23:34:49.401+0000] {logging_mixin.py:190} INFO - [2025-05-21T23:34:49.400+0000] {dagbag.py:588} INFO - Filling up the DagBag from /home/airflow/.local/lib/python3.12/site-packages/airflow/example_dags/example_branch_day_of_week_operator.py
[2025-05-21T23:34:49.419+0000] {processor.py:925} INFO - DAG(s) 'example_weekday_branch_operator' retrieved from /home/airflow/.local/lib/python3.12/site-packages/airflow/example_dags/example_branch_day_of_week_operator.py
[2025-05-21T23:34:49.459+0000] {logging_mixin.py:190} INFO - [2025-05-21T23:34:49.459+0000] {dag.py:3239} INFO - Sync 1 DAGs
[2025-05-21T23:34:49.505+0000] {logging_mixin.py:190} INFO - [2025-05-21T23:34:49.505+0000] {dag.py:4180} INFO - Setting next_dagrun for example_weekday_branch_operator to 2025-05-20 00:00:00+00:00, run_after=2025-05-21 00:00:00+00:00
[2025-05-21T23:34:49.618+0000] {processor.py:208} INFO - Processing /home/airflow/.local/lib/python3.12/site-packages/airflow/example_dags/example_branch_day_of_week_operator.py took 0.235 seconds
[2025-05-21T23:35:19.975+0000] {processor.py:186} INFO - Started process (PID=2633) to work on /home/airflow/.local/lib/python3.12/site-packages/airflow/example_dags/example_branch_day_of_week_operator.py
[2025-05-21T23:35:19.977+0000] {processor.py:914} INFO - Processing file /home/airflow/.local/lib/python3.12/site-packages/airflow/example_dags/example_branch_day_of_week_operator.py for tasks to queue
[2025-05-21T23:35:19.981+0000] {logging_mixin.py:190} INFO - [2025-05-21T23:35:19.981+0000] {dagbag.py:588} INFO - Filling up the DagBag from /home/airflow/.local/lib/python3.12/site-packages/airflow/example_dags/example_branch_day_of_week_operator.py
[2025-05-21T23:35:19.999+0000] {processor.py:925} INFO - DAG(s) 'example_weekday_branch_operator' retrieved from /home/airflow/.local/lib/python3.12/site-packages/airflow/example_dags/example_branch_day_of_week_operator.py
[2025-05-21T23:35:20.043+0000] {logging_mixin.py:190} INFO - [2025-05-21T23:35:20.042+0000] {dag.py:3239} INFO - Sync 1 DAGs
[2025-05-21T23:35:20.105+0000] {logging_mixin.py:190} INFO - [2025-05-21T23:35:20.105+0000] {dag.py:4180} INFO - Setting next_dagrun for example_weekday_branch_operator to 2025-05-20 00:00:00+00:00, run_after=2025-05-21 00:00:00+00:00
[2025-05-21T23:35:20.236+0000] {processor.py:208} INFO - Processing /home/airflow/.local/lib/python3.12/site-packages/airflow/example_dags/example_branch_day_of_week_operator.py took 0.273 seconds
[2025-05-21T23:35:50.534+0000] {processor.py:186} INFO - Started process (PID=2698) to work on /home/airflow/.local/lib/python3.12/site-packages/airflow/example_dags/example_branch_day_of_week_operator.py
[2025-05-21T23:35:50.536+0000] {processor.py:914} INFO - Processing file /home/airflow/.local/lib/python3.12/site-packages/airflow/example_dags/example_branch_day_of_week_operator.py for tasks to queue
[2025-05-21T23:35:50.542+0000] {logging_mixin.py:190} INFO - [2025-05-21T23:35:50.541+0000] {dagbag.py:588} INFO - Filling up the DagBag from /home/airflow/.local/lib/python3.12/site-packages/airflow/example_dags/example_branch_day_of_week_operator.py
[2025-05-21T23:35:50.563+0000] {processor.py:925} INFO - DAG(s) 'example_weekday_branch_operator' retrieved from /home/airflow/.local/lib/python3.12/site-packages/airflow/example_dags/example_branch_day_of_week_operator.py
[2025-05-21T23:35:50.611+0000] {logging_mixin.py:190} INFO - [2025-05-21T23:35:50.611+0000] {dag.py:3239} INFO - Sync 1 DAGs
[2025-05-21T23:35:50.661+0000] {logging_mixin.py:190} INFO - [2025-05-21T23:35:50.661+0000] {dag.py:4180} INFO - Setting next_dagrun for example_weekday_branch_operator to 2025-05-20 00:00:00+00:00, run_after=2025-05-21 00:00:00+00:00
[2025-05-21T23:35:50.762+0000] {processor.py:208} INFO - Processing /home/airflow/.local/lib/python3.12/site-packages/airflow/example_dags/example_branch_day_of_week_operator.py took 0.244 seconds
[2025-05-21T23:36:21.636+0000] {processor.py:186} INFO - Started process (PID=2764) to work on /home/airflow/.local/lib/python3.12/site-packages/airflow/example_dags/example_branch_day_of_week_operator.py
[2025-05-21T23:36:21.638+0000] {processor.py:914} INFO - Processing file /home/airflow/.local/lib/python3.12/site-packages/airflow/example_dags/example_branch_day_of_week_operator.py for tasks to queue
[2025-05-21T23:36:21.642+0000] {logging_mixin.py:190} INFO - [2025-05-21T23:36:21.642+0000] {dagbag.py:588} INFO - Filling up the DagBag from /home/airflow/.local/lib/python3.12/site-packages/airflow/example_dags/example_branch_day_of_week_operator.py
[2025-05-21T23:36:21.660+0000] {processor.py:925} INFO - DAG(s) 'example_weekday_branch_operator' retrieved from /home/airflow/.local/lib/python3.12/site-packages/airflow/example_dags/example_branch_day_of_week_operator.py
[2025-05-21T23:36:21.718+0000] {logging_mixin.py:190} INFO - [2025-05-21T23:36:21.717+0000] {dag.py:3239} INFO - Sync 1 DAGs
[2025-05-21T23:36:21.773+0000] {logging_mixin.py:190} INFO - [2025-05-21T23:36:21.772+0000] {dag.py:4180} INFO - Setting next_dagrun for example_weekday_branch_operator to 2025-05-20 00:00:00+00:00, run_after=2025-05-21 00:00:00+00:00
[2025-05-21T23:36:21.810+0000] {processor.py:208} INFO - Processing /home/airflow/.local/lib/python3.12/site-packages/airflow/example_dags/example_branch_day_of_week_operator.py took 0.186 seconds
[2025-05-21T23:36:52.161+0000] {processor.py:186} INFO - Started process (PID=2830) to work on /home/airflow/.local/lib/python3.12/site-packages/airflow/example_dags/example_branch_day_of_week_operator.py
[2025-05-21T23:36:52.164+0000] {processor.py:914} INFO - Processing file /home/airflow/.local/lib/python3.12/site-packages/airflow/example_dags/example_branch_day_of_week_operator.py for tasks to queue
[2025-05-21T23:36:52.172+0000] {logging_mixin.py:190} INFO - [2025-05-21T23:36:52.170+0000] {dagbag.py:588} INFO - Filling up the DagBag from /home/airflow/.local/lib/python3.12/site-packages/airflow/example_dags/example_branch_day_of_week_operator.py
[2025-05-21T23:36:52.202+0000] {processor.py:925} INFO - DAG(s) 'example_weekday_branch_operator' retrieved from /home/airflow/.local/lib/python3.12/site-packages/airflow/example_dags/example_branch_day_of_week_operator.py
[2025-05-21T23:36:52.269+0000] {logging_mixin.py:190} INFO - [2025-05-21T23:36:52.268+0000] {dag.py:3239} INFO - Sync 1 DAGs
[2025-05-21T23:36:52.330+0000] {logging_mixin.py:190} INFO - [2025-05-21T23:36:52.329+0000] {dag.py:4180} INFO - Setting next_dagrun for example_weekday_branch_operator to 2025-05-20 00:00:00+00:00, run_after=2025-05-21 00:00:00+00:00
[2025-05-21T23:36:52.443+0000] {processor.py:208} INFO - Processing /home/airflow/.local/lib/python3.12/site-packages/airflow/example_dags/example_branch_day_of_week_operator.py took 0.298 seconds
[2025-05-21T23:37:22.599+0000] {processor.py:186} INFO - Started process (PID=2895) to work on /home/airflow/.local/lib/python3.12/site-packages/airflow/example_dags/example_branch_day_of_week_operator.py
[2025-05-21T23:37:22.601+0000] {processor.py:914} INFO - Processing file /home/airflow/.local/lib/python3.12/site-packages/airflow/example_dags/example_branch_day_of_week_operator.py for tasks to queue
[2025-05-21T23:37:22.605+0000] {logging_mixin.py:190} INFO - [2025-05-21T23:37:22.604+0000] {dagbag.py:588} INFO - Filling up the DagBag from /home/airflow/.local/lib/python3.12/site-packages/airflow/example_dags/example_branch_day_of_week_operator.py
[2025-05-21T23:37:22.622+0000] {processor.py:925} INFO - DAG(s) 'example_weekday_branch_operator' retrieved from /home/airflow/.local/lib/python3.12/site-packages/airflow/example_dags/example_branch_day_of_week_operator.py
[2025-05-21T23:37:22.661+0000] {logging_mixin.py:190} INFO - [2025-05-21T23:37:22.661+0000] {dag.py:3239} INFO - Sync 1 DAGs
[2025-05-21T23:37:22.707+0000] {logging_mixin.py:190} INFO - [2025-05-21T23:37:22.707+0000] {dag.py:4180} INFO - Setting next_dagrun for example_weekday_branch_operator to 2025-05-20 00:00:00+00:00, run_after=2025-05-21 00:00:00+00:00
[2025-05-21T23:37:22.809+0000] {processor.py:208} INFO - Processing /home/airflow/.local/lib/python3.12/site-packages/airflow/example_dags/example_branch_day_of_week_operator.py took 0.220 seconds
[2025-05-21T23:41:31.175+0000] {processor.py:186} INFO - Started process (PID=124) to work on /home/airflow/.local/lib/python3.12/site-packages/airflow/example_dags/example_branch_day_of_week_operator.py
[2025-05-21T23:41:31.177+0000] {processor.py:914} INFO - Processing file /home/airflow/.local/lib/python3.12/site-packages/airflow/example_dags/example_branch_day_of_week_operator.py for tasks to queue
[2025-05-21T23:41:31.180+0000] {logging_mixin.py:190} INFO - [2025-05-21T23:41:31.180+0000] {dagbag.py:588} INFO - Filling up the DagBag from /home/airflow/.local/lib/python3.12/site-packages/airflow/example_dags/example_branch_day_of_week_operator.py
[2025-05-21T23:41:31.200+0000] {processor.py:925} INFO - DAG(s) 'example_weekday_branch_operator' retrieved from /home/airflow/.local/lib/python3.12/site-packages/airflow/example_dags/example_branch_day_of_week_operator.py
[2025-05-21T23:41:31.456+0000] {logging_mixin.py:190} INFO - [2025-05-21T23:41:31.455+0000] {override.py:1930} INFO - Created Permission View: can read on DAG:example_weekday_branch_operator
[2025-05-21T23:41:31.482+0000] {logging_mixin.py:190} INFO - [2025-05-21T23:41:31.481+0000] {override.py:1930} INFO - Created Permission View: can delete on DAG:example_weekday_branch_operator
[2025-05-21T23:41:31.496+0000] {logging_mixin.py:190} INFO - [2025-05-21T23:41:31.496+0000] {override.py:1930} INFO - Created Permission View: can edit on DAG:example_weekday_branch_operator
[2025-05-21T23:41:31.516+0000] {logging_mixin.py:190} INFO - [2025-05-21T23:41:31.515+0000] {override.py:1930} INFO - Created Permission View: can read on DAG Run:example_weekday_branch_operator
[2025-05-21T23:41:31.532+0000] {logging_mixin.py:190} INFO - [2025-05-21T23:41:31.532+0000] {override.py:1930} INFO - Created Permission View: can delete on DAG Run:example_weekday_branch_operator
[2025-05-21T23:41:31.547+0000] {logging_mixin.py:190} INFO - [2025-05-21T23:41:31.547+0000] {override.py:1930} INFO - Created Permission View: menu access on DAG Run:example_weekday_branch_operator
[2025-05-21T23:41:31.563+0000] {logging_mixin.py:190} INFO - [2025-05-21T23:41:31.562+0000] {override.py:1930} INFO - Created Permission View: can create on DAG Run:example_weekday_branch_operator
[2025-05-21T23:41:31.564+0000] {logging_mixin.py:190} INFO - [2025-05-21T23:41:31.564+0000] {dag.py:3239} INFO - Sync 1 DAGs
[2025-05-21T23:41:31.599+0000] {logging_mixin.py:190} INFO - [2025-05-21T23:41:31.599+0000] {dag.py:3262} INFO - Creating ORM DAG for example_weekday_branch_operator
[2025-05-21T23:41:31.626+0000] {logging_mixin.py:190} INFO - [2025-05-21T23:41:31.625+0000] {dag.py:4180} INFO - Setting next_dagrun for example_weekday_branch_operator to 2025-05-20 00:00:00+00:00, run_after=2025-05-21 00:00:00+00:00
[2025-05-21T23:41:31.660+0000] {processor.py:208} INFO - Processing /home/airflow/.local/lib/python3.12/site-packages/airflow/example_dags/example_branch_day_of_week_operator.py took 0.499 seconds
[2025-05-21T23:42:02.555+0000] {processor.py:186} INFO - Started process (PID=190) to work on /home/airflow/.local/lib/python3.12/site-packages/airflow/example_dags/example_branch_day_of_week_operator.py
[2025-05-21T23:42:02.558+0000] {processor.py:914} INFO - Processing file /home/airflow/.local/lib/python3.12/site-packages/airflow/example_dags/example_branch_day_of_week_operator.py for tasks to queue
[2025-05-21T23:42:02.563+0000] {logging_mixin.py:190} INFO - [2025-05-21T23:42:02.562+0000] {dagbag.py:588} INFO - Filling up the DagBag from /home/airflow/.local/lib/python3.12/site-packages/airflow/example_dags/example_branch_day_of_week_operator.py
[2025-05-21T23:42:02.588+0000] {processor.py:925} INFO - DAG(s) 'example_weekday_branch_operator' retrieved from /home/airflow/.local/lib/python3.12/site-packages/airflow/example_dags/example_branch_day_of_week_operator.py
[2025-05-21T23:42:02.642+0000] {logging_mixin.py:190} INFO - [2025-05-21T23:42:02.642+0000] {dag.py:3239} INFO - Sync 1 DAGs
[2025-05-21T23:42:02.704+0000] {logging_mixin.py:190} INFO - [2025-05-21T23:42:02.704+0000] {dag.py:4180} INFO - Setting next_dagrun for example_weekday_branch_operator to 2025-05-20 00:00:00+00:00, run_after=2025-05-21 00:00:00+00:00
[2025-05-21T23:42:02.789+0000] {processor.py:208} INFO - Processing /home/airflow/.local/lib/python3.12/site-packages/airflow/example_dags/example_branch_day_of_week_operator.py took 0.247 seconds
[2025-05-21T23:42:33.168+0000] {processor.py:186} INFO - Started process (PID=255) to work on /home/airflow/.local/lib/python3.12/site-packages/airflow/example_dags/example_branch_day_of_week_operator.py
[2025-05-21T23:42:33.172+0000] {processor.py:914} INFO - Processing file /home/airflow/.local/lib/python3.12/site-packages/airflow/example_dags/example_branch_day_of_week_operator.py for tasks to queue
[2025-05-21T23:42:33.179+0000] {logging_mixin.py:190} INFO - [2025-05-21T23:42:33.178+0000] {dagbag.py:588} INFO - Filling up the DagBag from /home/airflow/.local/lib/python3.12/site-packages/airflow/example_dags/example_branch_day_of_week_operator.py
[2025-05-21T23:42:33.208+0000] {processor.py:925} INFO - DAG(s) 'example_weekday_branch_operator' retrieved from /home/airflow/.local/lib/python3.12/site-packages/airflow/example_dags/example_branch_day_of_week_operator.py
[2025-05-21T23:42:33.259+0000] {logging_mixin.py:190} INFO - [2025-05-21T23:42:33.259+0000] {dag.py:3239} INFO - Sync 1 DAGs
[2025-05-21T23:42:33.322+0000] {logging_mixin.py:190} INFO - [2025-05-21T23:42:33.322+0000] {dag.py:4180} INFO - Setting next_dagrun for example_weekday_branch_operator to 2025-05-20 00:00:00+00:00, run_after=2025-05-21 00:00:00+00:00
[2025-05-21T23:42:33.367+0000] {processor.py:208} INFO - Processing /home/airflow/.local/lib/python3.12/site-packages/airflow/example_dags/example_branch_day_of_week_operator.py took 0.230 seconds
[2025-05-21T23:43:04.037+0000] {processor.py:186} INFO - Started process (PID=321) to work on /home/airflow/.local/lib/python3.12/site-packages/airflow/example_dags/example_branch_day_of_week_operator.py
[2025-05-21T23:43:04.039+0000] {processor.py:914} INFO - Processing file /home/airflow/.local/lib/python3.12/site-packages/airflow/example_dags/example_branch_day_of_week_operator.py for tasks to queue
[2025-05-21T23:43:04.044+0000] {logging_mixin.py:190} INFO - [2025-05-21T23:43:04.043+0000] {dagbag.py:588} INFO - Filling up the DagBag from /home/airflow/.local/lib/python3.12/site-packages/airflow/example_dags/example_branch_day_of_week_operator.py
[2025-05-21T23:43:04.066+0000] {processor.py:925} INFO - DAG(s) 'example_weekday_branch_operator' retrieved from /home/airflow/.local/lib/python3.12/site-packages/airflow/example_dags/example_branch_day_of_week_operator.py
[2025-05-21T23:43:04.112+0000] {logging_mixin.py:190} INFO - [2025-05-21T23:43:04.111+0000] {dag.py:3239} INFO - Sync 1 DAGs
[2025-05-21T23:43:04.170+0000] {logging_mixin.py:190} INFO - [2025-05-21T23:43:04.169+0000] {dag.py:4180} INFO - Setting next_dagrun for example_weekday_branch_operator to 2025-05-20 00:00:00+00:00, run_after=2025-05-21 00:00:00+00:00
[2025-05-21T23:43:04.217+0000] {processor.py:208} INFO - Processing /home/airflow/.local/lib/python3.12/site-packages/airflow/example_dags/example_branch_day_of_week_operator.py took 0.193 seconds
[2025-05-21T23:43:34.889+0000] {processor.py:186} INFO - Started process (PID=387) to work on /home/airflow/.local/lib/python3.12/site-packages/airflow/example_dags/example_branch_day_of_week_operator.py
[2025-05-21T23:43:34.892+0000] {processor.py:914} INFO - Processing file /home/airflow/.local/lib/python3.12/site-packages/airflow/example_dags/example_branch_day_of_week_operator.py for tasks to queue
[2025-05-21T23:43:34.904+0000] {logging_mixin.py:190} INFO - [2025-05-21T23:43:34.903+0000] {dagbag.py:588} INFO - Filling up the DagBag from /home/airflow/.local/lib/python3.12/site-packages/airflow/example_dags/example_branch_day_of_week_operator.py
[2025-05-21T23:43:34.930+0000] {processor.py:925} INFO - DAG(s) 'example_weekday_branch_operator' retrieved from /home/airflow/.local/lib/python3.12/site-packages/airflow/example_dags/example_branch_day_of_week_operator.py
[2025-05-21T23:43:34.979+0000] {logging_mixin.py:190} INFO - [2025-05-21T23:43:34.978+0000] {dag.py:3239} INFO - Sync 1 DAGs
[2025-05-21T23:43:35.044+0000] {logging_mixin.py:190} INFO - [2025-05-21T23:43:35.043+0000] {dag.py:4180} INFO - Setting next_dagrun for example_weekday_branch_operator to 2025-05-20 00:00:00+00:00, run_after=2025-05-21 00:00:00+00:00
[2025-05-21T23:43:35.095+0000] {processor.py:208} INFO - Processing /home/airflow/.local/lib/python3.12/site-packages/airflow/example_dags/example_branch_day_of_week_operator.py took 0.225 seconds
[2025-05-21T23:44:05.624+0000] {processor.py:186} INFO - Started process (PID=452) to work on /home/airflow/.local/lib/python3.12/site-packages/airflow/example_dags/example_branch_day_of_week_operator.py
[2025-05-21T23:44:05.626+0000] {processor.py:914} INFO - Processing file /home/airflow/.local/lib/python3.12/site-packages/airflow/example_dags/example_branch_day_of_week_operator.py for tasks to queue
[2025-05-21T23:44:05.632+0000] {logging_mixin.py:190} INFO - [2025-05-21T23:44:05.631+0000] {dagbag.py:588} INFO - Filling up the DagBag from /home/airflow/.local/lib/python3.12/site-packages/airflow/example_dags/example_branch_day_of_week_operator.py
[2025-05-21T23:44:05.656+0000] {processor.py:925} INFO - DAG(s) 'example_weekday_branch_operator' retrieved from /home/airflow/.local/lib/python3.12/site-packages/airflow/example_dags/example_branch_day_of_week_operator.py
[2025-05-21T23:44:05.706+0000] {logging_mixin.py:190} INFO - [2025-05-21T23:44:05.705+0000] {dag.py:3239} INFO - Sync 1 DAGs
[2025-05-21T23:44:05.763+0000] {logging_mixin.py:190} INFO - [2025-05-21T23:44:05.761+0000] {dag.py:4180} INFO - Setting next_dagrun for example_weekday_branch_operator to 2025-05-20 00:00:00+00:00, run_after=2025-05-21 00:00:00+00:00
[2025-05-21T23:44:05.829+0000] {processor.py:208} INFO - Processing /home/airflow/.local/lib/python3.12/site-packages/airflow/example_dags/example_branch_day_of_week_operator.py took 0.218 seconds
[2025-05-21T23:44:36.860+0000] {processor.py:186} INFO - Started process (PID=518) to work on /home/airflow/.local/lib/python3.12/site-packages/airflow/example_dags/example_branch_day_of_week_operator.py
[2025-05-21T23:44:36.863+0000] {processor.py:914} INFO - Processing file /home/airflow/.local/lib/python3.12/site-packages/airflow/example_dags/example_branch_day_of_week_operator.py for tasks to queue
[2025-05-21T23:44:36.868+0000] {logging_mixin.py:190} INFO - [2025-05-21T23:44:36.867+0000] {dagbag.py:588} INFO - Filling up the DagBag from /home/airflow/.local/lib/python3.12/site-packages/airflow/example_dags/example_branch_day_of_week_operator.py
[2025-05-21T23:44:36.886+0000] {processor.py:925} INFO - DAG(s) 'example_weekday_branch_operator' retrieved from /home/airflow/.local/lib/python3.12/site-packages/airflow/example_dags/example_branch_day_of_week_operator.py
[2025-05-21T23:44:36.931+0000] {logging_mixin.py:190} INFO - [2025-05-21T23:44:36.931+0000] {dag.py:3239} INFO - Sync 1 DAGs
[2025-05-21T23:44:36.977+0000] {logging_mixin.py:190} INFO - [2025-05-21T23:44:36.976+0000] {dag.py:4180} INFO - Setting next_dagrun for example_weekday_branch_operator to 2025-05-20 00:00:00+00:00, run_after=2025-05-21 00:00:00+00:00
[2025-05-21T23:44:37.047+0000] {processor.py:208} INFO - Processing /home/airflow/.local/lib/python3.12/site-packages/airflow/example_dags/example_branch_day_of_week_operator.py took 0.201 seconds
