[2025-05-21T23:15:46.354+0000] {processor.py:186} INFO - Started process (PID=111) to work on /home/airflow/.local/lib/python3.12/site-packages/airflow/example_dags/example_nested_branch_dag.py
[2025-05-21T23:15:46.356+0000] {processor.py:914} INFO - Processing file /home/airflow/.local/lib/python3.12/site-packages/airflow/example_dags/example_nested_branch_dag.py for tasks to queue
[2025-05-21T23:15:46.361+0000] {logging_mixin.py:190} INFO - [2025-05-21T23:15:46.360+0000] {dagbag.py:588} INFO - Filling up the DagBag from /home/airflow/.local/lib/python3.12/site-packages/airflow/example_dags/example_nested_branch_dag.py
[2025-05-21T23:15:46.388+0000] {processor.py:925} INFO - DAG(s) 'example_nested_branch_dag' retrieved from /home/airflow/.local/lib/python3.12/site-packages/airflow/example_dags/example_nested_branch_dag.py
[2025-05-21T23:15:46.643+0000] {logging_mixin.py:190} INFO - [2025-05-21T23:15:46.641+0000] {override.py:1930} INFO - Created Permission View: can delete on DAG:example_nested_branch_dag
[2025-05-21T23:15:46.670+0000] {logging_mixin.py:190} INFO - [2025-05-21T23:15:46.669+0000] {override.py:1930} INFO - Created Permission View: can read on DAG:example_nested_branch_dag
[2025-05-21T23:15:46.687+0000] {logging_mixin.py:190} INFO - [2025-05-21T23:15:46.686+0000] {override.py:1930} INFO - Created Permission View: can edit on DAG:example_nested_branch_dag
[2025-05-21T23:15:46.707+0000] {logging_mixin.py:190} INFO - [2025-05-21T23:15:46.706+0000] {override.py:1930} INFO - Created Permission View: can delete on DAG Run:example_nested_branch_dag
[2025-05-21T23:15:46.728+0000] {logging_mixin.py:190} INFO - [2025-05-21T23:15:46.728+0000] {override.py:1930} INFO - Created Permission View: can read on DAG Run:example_nested_branch_dag
[2025-05-21T23:15:46.747+0000] {logging_mixin.py:190} INFO - [2025-05-21T23:15:46.746+0000] {override.py:1930} INFO - Created Permission View: menu access on DAG Run:example_nested_branch_dag
[2025-05-21T23:15:46.766+0000] {logging_mixin.py:190} INFO - [2025-05-21T23:15:46.766+0000] {override.py:1930} INFO - Created Permission View: can create on DAG Run:example_nested_branch_dag
[2025-05-21T23:15:46.768+0000] {logging_mixin.py:190} INFO - [2025-05-21T23:15:46.768+0000] {dag.py:3239} INFO - Sync 1 DAGs
[2025-05-21T23:15:46.803+0000] {logging_mixin.py:190} INFO - [2025-05-21T23:15:46.802+0000] {dag.py:3262} INFO - Creating ORM DAG for example_nested_branch_dag
[2025-05-21T23:15:46.826+0000] {logging_mixin.py:190} INFO - [2025-05-21T23:15:46.826+0000] {dag.py:4180} INFO - Setting next_dagrun for example_nested_branch_dag to 2025-05-20 00:00:00+00:00, run_after=2025-05-21 00:00:00+00:00
[2025-05-21T23:15:46.869+0000] {processor.py:208} INFO - Processing /home/airflow/.local/lib/python3.12/site-packages/airflow/example_dags/example_nested_branch_dag.py took 0.528 seconds
[2025-05-21T23:16:17.085+0000] {processor.py:186} INFO - Started process (PID=177) to work on /home/airflow/.local/lib/python3.12/site-packages/airflow/example_dags/example_nested_branch_dag.py
[2025-05-21T23:16:17.087+0000] {processor.py:914} INFO - Processing file /home/airflow/.local/lib/python3.12/site-packages/airflow/example_dags/example_nested_branch_dag.py for tasks to queue
[2025-05-21T23:16:17.092+0000] {logging_mixin.py:190} INFO - [2025-05-21T23:16:17.092+0000] {dagbag.py:588} INFO - Filling up the DagBag from /home/airflow/.local/lib/python3.12/site-packages/airflow/example_dags/example_nested_branch_dag.py
[2025-05-21T23:16:17.113+0000] {processor.py:925} INFO - DAG(s) 'example_nested_branch_dag' retrieved from /home/airflow/.local/lib/python3.12/site-packages/airflow/example_dags/example_nested_branch_dag.py
[2025-05-21T23:16:17.157+0000] {logging_mixin.py:190} INFO - [2025-05-21T23:16:17.156+0000] {dag.py:3239} INFO - Sync 1 DAGs
[2025-05-21T23:16:17.206+0000] {logging_mixin.py:190} INFO - [2025-05-21T23:16:17.205+0000] {dag.py:4180} INFO - Setting next_dagrun for example_nested_branch_dag to 2025-05-20 00:00:00+00:00, run_after=2025-05-21 00:00:00+00:00
[2025-05-21T23:16:17.309+0000] {processor.py:208} INFO - Processing /home/airflow/.local/lib/python3.12/site-packages/airflow/example_dags/example_nested_branch_dag.py took 0.236 seconds
[2025-05-21T23:16:47.802+0000] {processor.py:186} INFO - Started process (PID=243) to work on /home/airflow/.local/lib/python3.12/site-packages/airflow/example_dags/example_nested_branch_dag.py
[2025-05-21T23:16:47.804+0000] {processor.py:914} INFO - Processing file /home/airflow/.local/lib/python3.12/site-packages/airflow/example_dags/example_nested_branch_dag.py for tasks to queue
[2025-05-21T23:16:47.808+0000] {logging_mixin.py:190} INFO - [2025-05-21T23:16:47.808+0000] {dagbag.py:588} INFO - Filling up the DagBag from /home/airflow/.local/lib/python3.12/site-packages/airflow/example_dags/example_nested_branch_dag.py
[2025-05-21T23:16:47.831+0000] {processor.py:925} INFO - DAG(s) 'example_nested_branch_dag' retrieved from /home/airflow/.local/lib/python3.12/site-packages/airflow/example_dags/example_nested_branch_dag.py
[2025-05-21T23:16:47.879+0000] {logging_mixin.py:190} INFO - [2025-05-21T23:16:47.878+0000] {dag.py:3239} INFO - Sync 1 DAGs
[2025-05-21T23:16:47.947+0000] {logging_mixin.py:190} INFO - [2025-05-21T23:16:47.947+0000] {dag.py:4180} INFO - Setting next_dagrun for example_nested_branch_dag to 2025-05-20 00:00:00+00:00, run_after=2025-05-21 00:00:00+00:00
[2025-05-21T23:16:48.003+0000] {processor.py:208} INFO - Processing /home/airflow/.local/lib/python3.12/site-packages/airflow/example_dags/example_nested_branch_dag.py took 0.212 seconds
[2025-05-21T23:17:18.642+0000] {processor.py:186} INFO - Started process (PID=313) to work on /home/airflow/.local/lib/python3.12/site-packages/airflow/example_dags/example_nested_branch_dag.py
[2025-05-21T23:17:18.644+0000] {processor.py:914} INFO - Processing file /home/airflow/.local/lib/python3.12/site-packages/airflow/example_dags/example_nested_branch_dag.py for tasks to queue
[2025-05-21T23:17:18.648+0000] {logging_mixin.py:190} INFO - [2025-05-21T23:17:18.648+0000] {dagbag.py:588} INFO - Filling up the DagBag from /home/airflow/.local/lib/python3.12/site-packages/airflow/example_dags/example_nested_branch_dag.py
[2025-05-21T23:17:18.676+0000] {processor.py:925} INFO - DAG(s) 'example_nested_branch_dag' retrieved from /home/airflow/.local/lib/python3.12/site-packages/airflow/example_dags/example_nested_branch_dag.py
[2025-05-21T23:17:18.727+0000] {logging_mixin.py:190} INFO - [2025-05-21T23:17:18.726+0000] {dag.py:3239} INFO - Sync 1 DAGs
[2025-05-21T23:17:18.783+0000] {logging_mixin.py:190} INFO - [2025-05-21T23:17:18.782+0000] {dag.py:4180} INFO - Setting next_dagrun for example_nested_branch_dag to 2025-05-20 00:00:00+00:00, run_after=2025-05-21 00:00:00+00:00
[2025-05-21T23:17:18.884+0000] {processor.py:208} INFO - Processing /home/airflow/.local/lib/python3.12/site-packages/airflow/example_dags/example_nested_branch_dag.py took 0.255 seconds
[2025-05-21T23:17:49.260+0000] {processor.py:186} INFO - Started process (PID=379) to work on /home/airflow/.local/lib/python3.12/site-packages/airflow/example_dags/example_nested_branch_dag.py
[2025-05-21T23:17:49.262+0000] {processor.py:914} INFO - Processing file /home/airflow/.local/lib/python3.12/site-packages/airflow/example_dags/example_nested_branch_dag.py for tasks to queue
[2025-05-21T23:17:49.267+0000] {logging_mixin.py:190} INFO - [2025-05-21T23:17:49.267+0000] {dagbag.py:588} INFO - Filling up the DagBag from /home/airflow/.local/lib/python3.12/site-packages/airflow/example_dags/example_nested_branch_dag.py
[2025-05-21T23:17:49.292+0000] {processor.py:925} INFO - DAG(s) 'example_nested_branch_dag' retrieved from /home/airflow/.local/lib/python3.12/site-packages/airflow/example_dags/example_nested_branch_dag.py
[2025-05-21T23:17:49.339+0000] {logging_mixin.py:190} INFO - [2025-05-21T23:17:49.339+0000] {dag.py:3239} INFO - Sync 1 DAGs
[2025-05-21T23:17:49.396+0000] {logging_mixin.py:190} INFO - [2025-05-21T23:17:49.396+0000] {dag.py:4180} INFO - Setting next_dagrun for example_nested_branch_dag to 2025-05-20 00:00:00+00:00, run_after=2025-05-21 00:00:00+00:00
[2025-05-21T23:17:49.436+0000] {processor.py:208} INFO - Processing /home/airflow/.local/lib/python3.12/site-packages/airflow/example_dags/example_nested_branch_dag.py took 0.187 seconds
[2025-05-21T23:18:19.870+0000] {processor.py:186} INFO - Started process (PID=445) to work on /home/airflow/.local/lib/python3.12/site-packages/airflow/example_dags/example_nested_branch_dag.py
[2025-05-21T23:18:19.872+0000] {processor.py:914} INFO - Processing file /home/airflow/.local/lib/python3.12/site-packages/airflow/example_dags/example_nested_branch_dag.py for tasks to queue
[2025-05-21T23:18:19.880+0000] {logging_mixin.py:190} INFO - [2025-05-21T23:18:19.879+0000] {dagbag.py:588} INFO - Filling up the DagBag from /home/airflow/.local/lib/python3.12/site-packages/airflow/example_dags/example_nested_branch_dag.py
[2025-05-21T23:18:19.912+0000] {processor.py:925} INFO - DAG(s) 'example_nested_branch_dag' retrieved from /home/airflow/.local/lib/python3.12/site-packages/airflow/example_dags/example_nested_branch_dag.py
[2025-05-21T23:18:19.972+0000] {logging_mixin.py:190} INFO - [2025-05-21T23:18:19.972+0000] {dag.py:3239} INFO - Sync 1 DAGs
[2025-05-21T23:18:20.036+0000] {logging_mixin.py:190} INFO - [2025-05-21T23:18:20.035+0000] {dag.py:4180} INFO - Setting next_dagrun for example_nested_branch_dag to 2025-05-20 00:00:00+00:00, run_after=2025-05-21 00:00:00+00:00
[2025-05-21T23:18:20.082+0000] {processor.py:208} INFO - Processing /home/airflow/.local/lib/python3.12/site-packages/airflow/example_dags/example_nested_branch_dag.py took 0.223 seconds
[2025-05-21T23:18:50.211+0000] {processor.py:186} INFO - Started process (PID=510) to work on /home/airflow/.local/lib/python3.12/site-packages/airflow/example_dags/example_nested_branch_dag.py
[2025-05-21T23:18:50.214+0000] {processor.py:914} INFO - Processing file /home/airflow/.local/lib/python3.12/site-packages/airflow/example_dags/example_nested_branch_dag.py for tasks to queue
[2025-05-21T23:18:50.219+0000] {logging_mixin.py:190} INFO - [2025-05-21T23:18:50.219+0000] {dagbag.py:588} INFO - Filling up the DagBag from /home/airflow/.local/lib/python3.12/site-packages/airflow/example_dags/example_nested_branch_dag.py
[2025-05-21T23:18:50.241+0000] {processor.py:925} INFO - DAG(s) 'example_nested_branch_dag' retrieved from /home/airflow/.local/lib/python3.12/site-packages/airflow/example_dags/example_nested_branch_dag.py
[2025-05-21T23:18:50.282+0000] {logging_mixin.py:190} INFO - [2025-05-21T23:18:50.281+0000] {dag.py:3239} INFO - Sync 1 DAGs
[2025-05-21T23:18:50.330+0000] {logging_mixin.py:190} INFO - [2025-05-21T23:18:50.329+0000] {dag.py:4180} INFO - Setting next_dagrun for example_nested_branch_dag to 2025-05-20 00:00:00+00:00, run_after=2025-05-21 00:00:00+00:00
[2025-05-21T23:18:50.433+0000] {processor.py:208} INFO - Processing /home/airflow/.local/lib/python3.12/site-packages/airflow/example_dags/example_nested_branch_dag.py took 0.236 seconds
[2025-05-21T23:19:20.629+0000] {processor.py:186} INFO - Started process (PID=576) to work on /home/airflow/.local/lib/python3.12/site-packages/airflow/example_dags/example_nested_branch_dag.py
[2025-05-21T23:19:20.631+0000] {processor.py:914} INFO - Processing file /home/airflow/.local/lib/python3.12/site-packages/airflow/example_dags/example_nested_branch_dag.py for tasks to queue
[2025-05-21T23:19:20.635+0000] {logging_mixin.py:190} INFO - [2025-05-21T23:19:20.634+0000] {dagbag.py:588} INFO - Filling up the DagBag from /home/airflow/.local/lib/python3.12/site-packages/airflow/example_dags/example_nested_branch_dag.py
[2025-05-21T23:19:20.659+0000] {processor.py:925} INFO - DAG(s) 'example_nested_branch_dag' retrieved from /home/airflow/.local/lib/python3.12/site-packages/airflow/example_dags/example_nested_branch_dag.py
[2025-05-21T23:19:20.704+0000] {logging_mixin.py:190} INFO - [2025-05-21T23:19:20.704+0000] {dag.py:3239} INFO - Sync 1 DAGs
[2025-05-21T23:19:20.788+0000] {logging_mixin.py:190} INFO - [2025-05-21T23:19:20.787+0000] {dag.py:4180} INFO - Setting next_dagrun for example_nested_branch_dag to 2025-05-20 00:00:00+00:00, run_after=2025-05-21 00:00:00+00:00
[2025-05-21T23:19:20.900+0000] {processor.py:208} INFO - Processing /home/airflow/.local/lib/python3.12/site-packages/airflow/example_dags/example_nested_branch_dag.py took 0.283 seconds
[2025-05-21T23:19:51.049+0000] {processor.py:186} INFO - Started process (PID=642) to work on /home/airflow/.local/lib/python3.12/site-packages/airflow/example_dags/example_nested_branch_dag.py
[2025-05-21T23:19:51.054+0000] {processor.py:914} INFO - Processing file /home/airflow/.local/lib/python3.12/site-packages/airflow/example_dags/example_nested_branch_dag.py for tasks to queue
[2025-05-21T23:19:51.061+0000] {logging_mixin.py:190} INFO - [2025-05-21T23:19:51.060+0000] {dagbag.py:588} INFO - Filling up the DagBag from /home/airflow/.local/lib/python3.12/site-packages/airflow/example_dags/example_nested_branch_dag.py
[2025-05-21T23:19:51.102+0000] {processor.py:925} INFO - DAG(s) 'example_nested_branch_dag' retrieved from /home/airflow/.local/lib/python3.12/site-packages/airflow/example_dags/example_nested_branch_dag.py
[2025-05-21T23:19:51.151+0000] {logging_mixin.py:190} INFO - [2025-05-21T23:19:51.151+0000] {dag.py:3239} INFO - Sync 1 DAGs
[2025-05-21T23:19:51.197+0000] {logging_mixin.py:190} INFO - [2025-05-21T23:19:51.196+0000] {dag.py:4180} INFO - Setting next_dagrun for example_nested_branch_dag to 2025-05-20 00:00:00+00:00, run_after=2025-05-21 00:00:00+00:00
[2025-05-21T23:19:51.298+0000] {processor.py:208} INFO - Processing /home/airflow/.local/lib/python3.12/site-packages/airflow/example_dags/example_nested_branch_dag.py took 0.263 seconds
[2025-05-21T23:20:21.783+0000] {processor.py:186} INFO - Started process (PID=708) to work on /home/airflow/.local/lib/python3.12/site-packages/airflow/example_dags/example_nested_branch_dag.py
[2025-05-21T23:20:21.786+0000] {processor.py:914} INFO - Processing file /home/airflow/.local/lib/python3.12/site-packages/airflow/example_dags/example_nested_branch_dag.py for tasks to queue
[2025-05-21T23:20:21.791+0000] {logging_mixin.py:190} INFO - [2025-05-21T23:20:21.790+0000] {dagbag.py:588} INFO - Filling up the DagBag from /home/airflow/.local/lib/python3.12/site-packages/airflow/example_dags/example_nested_branch_dag.py
[2025-05-21T23:20:21.820+0000] {processor.py:925} INFO - DAG(s) 'example_nested_branch_dag' retrieved from /home/airflow/.local/lib/python3.12/site-packages/airflow/example_dags/example_nested_branch_dag.py
[2025-05-21T23:20:21.868+0000] {logging_mixin.py:190} INFO - [2025-05-21T23:20:21.868+0000] {dag.py:3239} INFO - Sync 1 DAGs
[2025-05-21T23:20:21.927+0000] {logging_mixin.py:190} INFO - [2025-05-21T23:20:21.926+0000] {dag.py:4180} INFO - Setting next_dagrun for example_nested_branch_dag to 2025-05-20 00:00:00+00:00, run_after=2025-05-21 00:00:00+00:00
[2025-05-21T23:20:22.027+0000] {processor.py:208} INFO - Processing /home/airflow/.local/lib/python3.12/site-packages/airflow/example_dags/example_nested_branch_dag.py took 0.257 seconds
[2025-05-21T23:20:52.703+0000] {processor.py:186} INFO - Started process (PID=775) to work on /home/airflow/.local/lib/python3.12/site-packages/airflow/example_dags/example_nested_branch_dag.py
[2025-05-21T23:20:52.705+0000] {processor.py:914} INFO - Processing file /home/airflow/.local/lib/python3.12/site-packages/airflow/example_dags/example_nested_branch_dag.py for tasks to queue
[2025-05-21T23:20:52.710+0000] {logging_mixin.py:190} INFO - [2025-05-21T23:20:52.708+0000] {dagbag.py:588} INFO - Filling up the DagBag from /home/airflow/.local/lib/python3.12/site-packages/airflow/example_dags/example_nested_branch_dag.py
[2025-05-21T23:20:52.733+0000] {processor.py:925} INFO - DAG(s) 'example_nested_branch_dag' retrieved from /home/airflow/.local/lib/python3.12/site-packages/airflow/example_dags/example_nested_branch_dag.py
[2025-05-21T23:20:52.781+0000] {logging_mixin.py:190} INFO - [2025-05-21T23:20:52.780+0000] {dag.py:3239} INFO - Sync 1 DAGs
[2025-05-21T23:20:52.831+0000] {logging_mixin.py:190} INFO - [2025-05-21T23:20:52.830+0000] {dag.py:4180} INFO - Setting next_dagrun for example_nested_branch_dag to 2025-05-20 00:00:00+00:00, run_after=2025-05-21 00:00:00+00:00
[2025-05-21T23:20:52.908+0000] {processor.py:208} INFO - Processing /home/airflow/.local/lib/python3.12/site-packages/airflow/example_dags/example_nested_branch_dag.py took 0.216 seconds
[2025-05-21T23:21:24.126+0000] {processor.py:186} INFO - Started process (PID=841) to work on /home/airflow/.local/lib/python3.12/site-packages/airflow/example_dags/example_nested_branch_dag.py
[2025-05-21T23:21:24.128+0000] {processor.py:914} INFO - Processing file /home/airflow/.local/lib/python3.12/site-packages/airflow/example_dags/example_nested_branch_dag.py for tasks to queue
[2025-05-21T23:21:24.133+0000] {logging_mixin.py:190} INFO - [2025-05-21T23:21:24.132+0000] {dagbag.py:588} INFO - Filling up the DagBag from /home/airflow/.local/lib/python3.12/site-packages/airflow/example_dags/example_nested_branch_dag.py
[2025-05-21T23:21:24.158+0000] {processor.py:925} INFO - DAG(s) 'example_nested_branch_dag' retrieved from /home/airflow/.local/lib/python3.12/site-packages/airflow/example_dags/example_nested_branch_dag.py
[2025-05-21T23:21:24.219+0000] {logging_mixin.py:190} INFO - [2025-05-21T23:21:24.218+0000] {dag.py:3239} INFO - Sync 1 DAGs
[2025-05-21T23:21:24.289+0000] {logging_mixin.py:190} INFO - [2025-05-21T23:21:24.289+0000] {dag.py:4180} INFO - Setting next_dagrun for example_nested_branch_dag to 2025-05-20 00:00:00+00:00, run_after=2025-05-21 00:00:00+00:00
[2025-05-21T23:21:24.333+0000] {processor.py:208} INFO - Processing /home/airflow/.local/lib/python3.12/site-packages/airflow/example_dags/example_nested_branch_dag.py took 0.221 seconds
[2025-05-21T23:21:55.635+0000] {processor.py:186} INFO - Started process (PID=905) to work on /home/airflow/.local/lib/python3.12/site-packages/airflow/example_dags/example_nested_branch_dag.py
[2025-05-21T23:21:55.637+0000] {processor.py:914} INFO - Processing file /home/airflow/.local/lib/python3.12/site-packages/airflow/example_dags/example_nested_branch_dag.py for tasks to queue
[2025-05-21T23:21:55.642+0000] {logging_mixin.py:190} INFO - [2025-05-21T23:21:55.641+0000] {dagbag.py:588} INFO - Filling up the DagBag from /home/airflow/.local/lib/python3.12/site-packages/airflow/example_dags/example_nested_branch_dag.py
[2025-05-21T23:21:55.665+0000] {processor.py:925} INFO - DAG(s) 'example_nested_branch_dag' retrieved from /home/airflow/.local/lib/python3.12/site-packages/airflow/example_dags/example_nested_branch_dag.py
[2025-05-21T23:21:55.719+0000] {logging_mixin.py:190} INFO - [2025-05-21T23:21:55.719+0000] {dag.py:3239} INFO - Sync 1 DAGs
[2025-05-21T23:21:55.772+0000] {logging_mixin.py:190} INFO - [2025-05-21T23:21:55.771+0000] {dag.py:4180} INFO - Setting next_dagrun for example_nested_branch_dag to 2025-05-20 00:00:00+00:00, run_after=2025-05-21 00:00:00+00:00
[2025-05-21T23:21:55.843+0000] {processor.py:208} INFO - Processing /home/airflow/.local/lib/python3.12/site-packages/airflow/example_dags/example_nested_branch_dag.py took 0.219 seconds
[2025-05-21T23:22:26.574+0000] {processor.py:186} INFO - Started process (PID=971) to work on /home/airflow/.local/lib/python3.12/site-packages/airflow/example_dags/example_nested_branch_dag.py
[2025-05-21T23:22:26.577+0000] {processor.py:914} INFO - Processing file /home/airflow/.local/lib/python3.12/site-packages/airflow/example_dags/example_nested_branch_dag.py for tasks to queue
[2025-05-21T23:22:26.582+0000] {logging_mixin.py:190} INFO - [2025-05-21T23:22:26.581+0000] {dagbag.py:588} INFO - Filling up the DagBag from /home/airflow/.local/lib/python3.12/site-packages/airflow/example_dags/example_nested_branch_dag.py
[2025-05-21T23:22:26.603+0000] {processor.py:925} INFO - DAG(s) 'example_nested_branch_dag' retrieved from /home/airflow/.local/lib/python3.12/site-packages/airflow/example_dags/example_nested_branch_dag.py
[2025-05-21T23:22:26.647+0000] {logging_mixin.py:190} INFO - [2025-05-21T23:22:26.647+0000] {dag.py:3239} INFO - Sync 1 DAGs
[2025-05-21T23:22:26.694+0000] {logging_mixin.py:190} INFO - [2025-05-21T23:22:26.693+0000] {dag.py:4180} INFO - Setting next_dagrun for example_nested_branch_dag to 2025-05-20 00:00:00+00:00, run_after=2025-05-21 00:00:00+00:00
[2025-05-21T23:22:26.735+0000] {processor.py:208} INFO - Processing /home/airflow/.local/lib/python3.12/site-packages/airflow/example_dags/example_nested_branch_dag.py took 0.173 seconds
[2025-05-21T23:22:57.595+0000] {processor.py:186} INFO - Started process (PID=1036) to work on /home/airflow/.local/lib/python3.12/site-packages/airflow/example_dags/example_nested_branch_dag.py
[2025-05-21T23:22:57.597+0000] {processor.py:914} INFO - Processing file /home/airflow/.local/lib/python3.12/site-packages/airflow/example_dags/example_nested_branch_dag.py for tasks to queue
[2025-05-21T23:22:57.602+0000] {logging_mixin.py:190} INFO - [2025-05-21T23:22:57.601+0000] {dagbag.py:588} INFO - Filling up the DagBag from /home/airflow/.local/lib/python3.12/site-packages/airflow/example_dags/example_nested_branch_dag.py
[2025-05-21T23:22:57.630+0000] {processor.py:925} INFO - DAG(s) 'example_nested_branch_dag' retrieved from /home/airflow/.local/lib/python3.12/site-packages/airflow/example_dags/example_nested_branch_dag.py
[2025-05-21T23:22:57.674+0000] {logging_mixin.py:190} INFO - [2025-05-21T23:22:57.674+0000] {dag.py:3239} INFO - Sync 1 DAGs
[2025-05-21T23:22:57.722+0000] {logging_mixin.py:190} INFO - [2025-05-21T23:22:57.722+0000] {dag.py:4180} INFO - Setting next_dagrun for example_nested_branch_dag to 2025-05-20 00:00:00+00:00, run_after=2025-05-21 00:00:00+00:00
[2025-05-21T23:22:57.759+0000] {processor.py:208} INFO - Processing /home/airflow/.local/lib/python3.12/site-packages/airflow/example_dags/example_nested_branch_dag.py took 0.175 seconds
[2025-05-21T23:23:28.932+0000] {processor.py:186} INFO - Started process (PID=1102) to work on /home/airflow/.local/lib/python3.12/site-packages/airflow/example_dags/example_nested_branch_dag.py
[2025-05-21T23:23:28.934+0000] {processor.py:914} INFO - Processing file /home/airflow/.local/lib/python3.12/site-packages/airflow/example_dags/example_nested_branch_dag.py for tasks to queue
[2025-05-21T23:23:28.939+0000] {logging_mixin.py:190} INFO - [2025-05-21T23:23:28.938+0000] {dagbag.py:588} INFO - Filling up the DagBag from /home/airflow/.local/lib/python3.12/site-packages/airflow/example_dags/example_nested_branch_dag.py
[2025-05-21T23:23:28.961+0000] {processor.py:925} INFO - DAG(s) 'example_nested_branch_dag' retrieved from /home/airflow/.local/lib/python3.12/site-packages/airflow/example_dags/example_nested_branch_dag.py
[2025-05-21T23:23:29.005+0000] {logging_mixin.py:190} INFO - [2025-05-21T23:23:29.005+0000] {dag.py:3239} INFO - Sync 1 DAGs
[2025-05-21T23:23:29.066+0000] {logging_mixin.py:190} INFO - [2025-05-21T23:23:29.065+0000] {dag.py:4180} INFO - Setting next_dagrun for example_nested_branch_dag to 2025-05-20 00:00:00+00:00, run_after=2025-05-21 00:00:00+00:00
[2025-05-21T23:23:29.109+0000] {processor.py:208} INFO - Processing /home/airflow/.local/lib/python3.12/site-packages/airflow/example_dags/example_nested_branch_dag.py took 0.188 seconds
[2025-05-21T23:23:59.415+0000] {processor.py:186} INFO - Started process (PID=1167) to work on /home/airflow/.local/lib/python3.12/site-packages/airflow/example_dags/example_nested_branch_dag.py
[2025-05-21T23:23:59.417+0000] {processor.py:914} INFO - Processing file /home/airflow/.local/lib/python3.12/site-packages/airflow/example_dags/example_nested_branch_dag.py for tasks to queue
[2025-05-21T23:23:59.423+0000] {logging_mixin.py:190} INFO - [2025-05-21T23:23:59.422+0000] {dagbag.py:588} INFO - Filling up the DagBag from /home/airflow/.local/lib/python3.12/site-packages/airflow/example_dags/example_nested_branch_dag.py
[2025-05-21T23:23:59.450+0000] {processor.py:925} INFO - DAG(s) 'example_nested_branch_dag' retrieved from /home/airflow/.local/lib/python3.12/site-packages/airflow/example_dags/example_nested_branch_dag.py
[2025-05-21T23:23:59.503+0000] {logging_mixin.py:190} INFO - [2025-05-21T23:23:59.502+0000] {dag.py:3239} INFO - Sync 1 DAGs
[2025-05-21T23:23:59.560+0000] {logging_mixin.py:190} INFO - [2025-05-21T23:23:59.560+0000] {dag.py:4180} INFO - Setting next_dagrun for example_nested_branch_dag to 2025-05-20 00:00:00+00:00, run_after=2025-05-21 00:00:00+00:00
[2025-05-21T23:23:59.631+0000] {processor.py:208} INFO - Processing /home/airflow/.local/lib/python3.12/site-packages/airflow/example_dags/example_nested_branch_dag.py took 0.227 seconds
[2025-05-21T23:24:29.982+0000] {processor.py:186} INFO - Started process (PID=1233) to work on /home/airflow/.local/lib/python3.12/site-packages/airflow/example_dags/example_nested_branch_dag.py
[2025-05-21T23:24:29.984+0000] {processor.py:914} INFO - Processing file /home/airflow/.local/lib/python3.12/site-packages/airflow/example_dags/example_nested_branch_dag.py for tasks to queue
[2025-05-21T23:24:29.989+0000] {logging_mixin.py:190} INFO - [2025-05-21T23:24:29.988+0000] {dagbag.py:588} INFO - Filling up the DagBag from /home/airflow/.local/lib/python3.12/site-packages/airflow/example_dags/example_nested_branch_dag.py
[2025-05-21T23:24:30.015+0000] {processor.py:925} INFO - DAG(s) 'example_nested_branch_dag' retrieved from /home/airflow/.local/lib/python3.12/site-packages/airflow/example_dags/example_nested_branch_dag.py
[2025-05-21T23:24:30.066+0000] {logging_mixin.py:190} INFO - [2025-05-21T23:24:30.065+0000] {dag.py:3239} INFO - Sync 1 DAGs
[2025-05-21T23:24:30.119+0000] {logging_mixin.py:190} INFO - [2025-05-21T23:24:30.119+0000] {dag.py:4180} INFO - Setting next_dagrun for example_nested_branch_dag to 2025-05-20 00:00:00+00:00, run_after=2025-05-21 00:00:00+00:00
[2025-05-21T23:24:30.226+0000] {processor.py:208} INFO - Processing /home/airflow/.local/lib/python3.12/site-packages/airflow/example_dags/example_nested_branch_dag.py took 0.256 seconds
[2025-05-21T23:25:00.414+0000] {processor.py:186} INFO - Started process (PID=1300) to work on /home/airflow/.local/lib/python3.12/site-packages/airflow/example_dags/example_nested_branch_dag.py
[2025-05-21T23:25:00.417+0000] {processor.py:914} INFO - Processing file /home/airflow/.local/lib/python3.12/site-packages/airflow/example_dags/example_nested_branch_dag.py for tasks to queue
[2025-05-21T23:25:00.421+0000] {logging_mixin.py:190} INFO - [2025-05-21T23:25:00.421+0000] {dagbag.py:588} INFO - Filling up the DagBag from /home/airflow/.local/lib/python3.12/site-packages/airflow/example_dags/example_nested_branch_dag.py
[2025-05-21T23:25:00.447+0000] {processor.py:925} INFO - DAG(s) 'example_nested_branch_dag' retrieved from /home/airflow/.local/lib/python3.12/site-packages/airflow/example_dags/example_nested_branch_dag.py
[2025-05-21T23:25:00.499+0000] {logging_mixin.py:190} INFO - [2025-05-21T23:25:00.499+0000] {dag.py:3239} INFO - Sync 1 DAGs
[2025-05-21T23:25:00.575+0000] {logging_mixin.py:190} INFO - [2025-05-21T23:25:00.574+0000] {dag.py:4180} INFO - Setting next_dagrun for example_nested_branch_dag to 2025-05-20 00:00:00+00:00, run_after=2025-05-21 00:00:00+00:00
[2025-05-21T23:25:00.625+0000] {processor.py:208} INFO - Processing /home/airflow/.local/lib/python3.12/site-packages/airflow/example_dags/example_nested_branch_dag.py took 0.224 seconds
[2025-05-21T23:25:30.951+0000] {processor.py:186} INFO - Started process (PID=1366) to work on /home/airflow/.local/lib/python3.12/site-packages/airflow/example_dags/example_nested_branch_dag.py
[2025-05-21T23:25:30.953+0000] {processor.py:914} INFO - Processing file /home/airflow/.local/lib/python3.12/site-packages/airflow/example_dags/example_nested_branch_dag.py for tasks to queue
[2025-05-21T23:25:30.959+0000] {logging_mixin.py:190} INFO - [2025-05-21T23:25:30.958+0000] {dagbag.py:588} INFO - Filling up the DagBag from /home/airflow/.local/lib/python3.12/site-packages/airflow/example_dags/example_nested_branch_dag.py
[2025-05-21T23:25:30.984+0000] {processor.py:925} INFO - DAG(s) 'example_nested_branch_dag' retrieved from /home/airflow/.local/lib/python3.12/site-packages/airflow/example_dags/example_nested_branch_dag.py
[2025-05-21T23:25:31.033+0000] {logging_mixin.py:190} INFO - [2025-05-21T23:25:31.032+0000] {dag.py:3239} INFO - Sync 1 DAGs
[2025-05-21T23:25:31.090+0000] {logging_mixin.py:190} INFO - [2025-05-21T23:25:31.090+0000] {dag.py:4180} INFO - Setting next_dagrun for example_nested_branch_dag to 2025-05-20 00:00:00+00:00, run_after=2025-05-21 00:00:00+00:00
[2025-05-21T23:25:31.199+0000] {processor.py:208} INFO - Processing /home/airflow/.local/lib/python3.12/site-packages/airflow/example_dags/example_nested_branch_dag.py took 0.260 seconds
[2025-05-21T23:26:01.715+0000] {processor.py:186} INFO - Started process (PID=1432) to work on /home/airflow/.local/lib/python3.12/site-packages/airflow/example_dags/example_nested_branch_dag.py
[2025-05-21T23:26:01.717+0000] {processor.py:914} INFO - Processing file /home/airflow/.local/lib/python3.12/site-packages/airflow/example_dags/example_nested_branch_dag.py for tasks to queue
[2025-05-21T23:26:01.721+0000] {logging_mixin.py:190} INFO - [2025-05-21T23:26:01.721+0000] {dagbag.py:588} INFO - Filling up the DagBag from /home/airflow/.local/lib/python3.12/site-packages/airflow/example_dags/example_nested_branch_dag.py
[2025-05-21T23:26:01.744+0000] {processor.py:925} INFO - DAG(s) 'example_nested_branch_dag' retrieved from /home/airflow/.local/lib/python3.12/site-packages/airflow/example_dags/example_nested_branch_dag.py
[2025-05-21T23:26:01.794+0000] {logging_mixin.py:190} INFO - [2025-05-21T23:26:01.793+0000] {dag.py:3239} INFO - Sync 1 DAGs
[2025-05-21T23:26:01.853+0000] {logging_mixin.py:190} INFO - [2025-05-21T23:26:01.852+0000] {dag.py:4180} INFO - Setting next_dagrun for example_nested_branch_dag to 2025-05-20 00:00:00+00:00, run_after=2025-05-21 00:00:00+00:00
[2025-05-21T23:26:01.943+0000] {processor.py:208} INFO - Processing /home/airflow/.local/lib/python3.12/site-packages/airflow/example_dags/example_nested_branch_dag.py took 0.239 seconds
[2025-05-21T23:26:32.749+0000] {processor.py:186} INFO - Started process (PID=1498) to work on /home/airflow/.local/lib/python3.12/site-packages/airflow/example_dags/example_nested_branch_dag.py
[2025-05-21T23:26:32.752+0000] {processor.py:914} INFO - Processing file /home/airflow/.local/lib/python3.12/site-packages/airflow/example_dags/example_nested_branch_dag.py for tasks to queue
[2025-05-21T23:26:32.756+0000] {logging_mixin.py:190} INFO - [2025-05-21T23:26:32.756+0000] {dagbag.py:588} INFO - Filling up the DagBag from /home/airflow/.local/lib/python3.12/site-packages/airflow/example_dags/example_nested_branch_dag.py
[2025-05-21T23:26:32.782+0000] {processor.py:925} INFO - DAG(s) 'example_nested_branch_dag' retrieved from /home/airflow/.local/lib/python3.12/site-packages/airflow/example_dags/example_nested_branch_dag.py
[2025-05-21T23:26:32.832+0000] {logging_mixin.py:190} INFO - [2025-05-21T23:26:32.832+0000] {dag.py:3239} INFO - Sync 1 DAGs
[2025-05-21T23:26:32.892+0000] {logging_mixin.py:190} INFO - [2025-05-21T23:26:32.891+0000] {dag.py:4180} INFO - Setting next_dagrun for example_nested_branch_dag to 2025-05-20 00:00:00+00:00, run_after=2025-05-21 00:00:00+00:00
[2025-05-21T23:26:32.983+0000] {processor.py:208} INFO - Processing /home/airflow/.local/lib/python3.12/site-packages/airflow/example_dags/example_nested_branch_dag.py took 0.247 seconds
[2025-05-21T23:27:04.126+0000] {processor.py:186} INFO - Started process (PID=1564) to work on /home/airflow/.local/lib/python3.12/site-packages/airflow/example_dags/example_nested_branch_dag.py
[2025-05-21T23:27:04.129+0000] {processor.py:914} INFO - Processing file /home/airflow/.local/lib/python3.12/site-packages/airflow/example_dags/example_nested_branch_dag.py for tasks to queue
[2025-05-21T23:27:04.137+0000] {logging_mixin.py:190} INFO - [2025-05-21T23:27:04.135+0000] {dagbag.py:588} INFO - Filling up the DagBag from /home/airflow/.local/lib/python3.12/site-packages/airflow/example_dags/example_nested_branch_dag.py
[2025-05-21T23:27:04.205+0000] {processor.py:925} INFO - DAG(s) 'example_nested_branch_dag' retrieved from /home/airflow/.local/lib/python3.12/site-packages/airflow/example_dags/example_nested_branch_dag.py
[2025-05-21T23:27:04.313+0000] {logging_mixin.py:190} INFO - [2025-05-21T23:27:04.312+0000] {dag.py:3239} INFO - Sync 1 DAGs
[2025-05-21T23:27:04.438+0000] {logging_mixin.py:190} INFO - [2025-05-21T23:27:04.436+0000] {dag.py:4180} INFO - Setting next_dagrun for example_nested_branch_dag to 2025-05-20 00:00:00+00:00, run_after=2025-05-21 00:00:00+00:00
[2025-05-21T23:27:04.526+0000] {processor.py:208} INFO - Processing /home/airflow/.local/lib/python3.12/site-packages/airflow/example_dags/example_nested_branch_dag.py took 0.418 seconds
[2025-05-21T23:27:35.274+0000] {processor.py:186} INFO - Started process (PID=1630) to work on /home/airflow/.local/lib/python3.12/site-packages/airflow/example_dags/example_nested_branch_dag.py
[2025-05-21T23:27:35.276+0000] {processor.py:914} INFO - Processing file /home/airflow/.local/lib/python3.12/site-packages/airflow/example_dags/example_nested_branch_dag.py for tasks to queue
[2025-05-21T23:27:35.282+0000] {logging_mixin.py:190} INFO - [2025-05-21T23:27:35.281+0000] {dagbag.py:588} INFO - Filling up the DagBag from /home/airflow/.local/lib/python3.12/site-packages/airflow/example_dags/example_nested_branch_dag.py
[2025-05-21T23:27:35.305+0000] {processor.py:925} INFO - DAG(s) 'example_nested_branch_dag' retrieved from /home/airflow/.local/lib/python3.12/site-packages/airflow/example_dags/example_nested_branch_dag.py
[2025-05-21T23:27:35.355+0000] {logging_mixin.py:190} INFO - [2025-05-21T23:27:35.354+0000] {dag.py:3239} INFO - Sync 1 DAGs
[2025-05-21T23:27:35.409+0000] {logging_mixin.py:190} INFO - [2025-05-21T23:27:35.409+0000] {dag.py:4180} INFO - Setting next_dagrun for example_nested_branch_dag to 2025-05-20 00:00:00+00:00, run_after=2025-05-21 00:00:00+00:00
[2025-05-21T23:27:35.511+0000] {processor.py:208} INFO - Processing /home/airflow/.local/lib/python3.12/site-packages/airflow/example_dags/example_nested_branch_dag.py took 0.250 seconds
[2025-05-21T23:28:05.788+0000] {processor.py:186} INFO - Started process (PID=1695) to work on /home/airflow/.local/lib/python3.12/site-packages/airflow/example_dags/example_nested_branch_dag.py
[2025-05-21T23:28:05.790+0000] {processor.py:914} INFO - Processing file /home/airflow/.local/lib/python3.12/site-packages/airflow/example_dags/example_nested_branch_dag.py for tasks to queue
[2025-05-21T23:28:05.796+0000] {logging_mixin.py:190} INFO - [2025-05-21T23:28:05.795+0000] {dagbag.py:588} INFO - Filling up the DagBag from /home/airflow/.local/lib/python3.12/site-packages/airflow/example_dags/example_nested_branch_dag.py
[2025-05-21T23:28:05.824+0000] {processor.py:925} INFO - DAG(s) 'example_nested_branch_dag' retrieved from /home/airflow/.local/lib/python3.12/site-packages/airflow/example_dags/example_nested_branch_dag.py
[2025-05-21T23:28:05.874+0000] {logging_mixin.py:190} INFO - [2025-05-21T23:28:05.873+0000] {dag.py:3239} INFO - Sync 1 DAGs
[2025-05-21T23:28:05.923+0000] {logging_mixin.py:190} INFO - [2025-05-21T23:28:05.923+0000] {dag.py:4180} INFO - Setting next_dagrun for example_nested_branch_dag to 2025-05-20 00:00:00+00:00, run_after=2025-05-21 00:00:00+00:00
[2025-05-21T23:28:06.031+0000] {processor.py:208} INFO - Processing /home/airflow/.local/lib/python3.12/site-packages/airflow/example_dags/example_nested_branch_dag.py took 0.256 seconds
[2025-05-21T23:28:36.190+0000] {processor.py:186} INFO - Started process (PID=1761) to work on /home/airflow/.local/lib/python3.12/site-packages/airflow/example_dags/example_nested_branch_dag.py
[2025-05-21T23:28:36.193+0000] {processor.py:914} INFO - Processing file /home/airflow/.local/lib/python3.12/site-packages/airflow/example_dags/example_nested_branch_dag.py for tasks to queue
[2025-05-21T23:28:36.198+0000] {logging_mixin.py:190} INFO - [2025-05-21T23:28:36.197+0000] {dagbag.py:588} INFO - Filling up the DagBag from /home/airflow/.local/lib/python3.12/site-packages/airflow/example_dags/example_nested_branch_dag.py
[2025-05-21T23:28:36.224+0000] {processor.py:925} INFO - DAG(s) 'example_nested_branch_dag' retrieved from /home/airflow/.local/lib/python3.12/site-packages/airflow/example_dags/example_nested_branch_dag.py
[2025-05-21T23:28:36.275+0000] {logging_mixin.py:190} INFO - [2025-05-21T23:28:36.274+0000] {dag.py:3239} INFO - Sync 1 DAGs
[2025-05-21T23:28:36.327+0000] {logging_mixin.py:190} INFO - [2025-05-21T23:28:36.326+0000] {dag.py:4180} INFO - Setting next_dagrun for example_nested_branch_dag to 2025-05-20 00:00:00+00:00, run_after=2025-05-21 00:00:00+00:00
[2025-05-21T23:28:36.366+0000] {processor.py:208} INFO - Processing /home/airflow/.local/lib/python3.12/site-packages/airflow/example_dags/example_nested_branch_dag.py took 0.192 seconds
[2025-05-21T23:29:06.526+0000] {processor.py:186} INFO - Started process (PID=1827) to work on /home/airflow/.local/lib/python3.12/site-packages/airflow/example_dags/example_nested_branch_dag.py
[2025-05-21T23:29:06.528+0000] {processor.py:914} INFO - Processing file /home/airflow/.local/lib/python3.12/site-packages/airflow/example_dags/example_nested_branch_dag.py for tasks to queue
[2025-05-21T23:29:06.533+0000] {logging_mixin.py:190} INFO - [2025-05-21T23:29:06.533+0000] {dagbag.py:588} INFO - Filling up the DagBag from /home/airflow/.local/lib/python3.12/site-packages/airflow/example_dags/example_nested_branch_dag.py
[2025-05-21T23:29:06.558+0000] {processor.py:925} INFO - DAG(s) 'example_nested_branch_dag' retrieved from /home/airflow/.local/lib/python3.12/site-packages/airflow/example_dags/example_nested_branch_dag.py
[2025-05-21T23:29:06.622+0000] {logging_mixin.py:190} INFO - [2025-05-21T23:29:06.621+0000] {dag.py:3239} INFO - Sync 1 DAGs
[2025-05-21T23:29:06.675+0000] {logging_mixin.py:190} INFO - [2025-05-21T23:29:06.674+0000] {dag.py:4180} INFO - Setting next_dagrun for example_nested_branch_dag to 2025-05-20 00:00:00+00:00, run_after=2025-05-21 00:00:00+00:00
[2025-05-21T23:29:06.715+0000] {processor.py:208} INFO - Processing /home/airflow/.local/lib/python3.12/site-packages/airflow/example_dags/example_nested_branch_dag.py took 0.204 seconds
[2025-05-21T23:29:37.131+0000] {processor.py:186} INFO - Started process (PID=1892) to work on /home/airflow/.local/lib/python3.12/site-packages/airflow/example_dags/example_nested_branch_dag.py
[2025-05-21T23:29:37.133+0000] {processor.py:914} INFO - Processing file /home/airflow/.local/lib/python3.12/site-packages/airflow/example_dags/example_nested_branch_dag.py for tasks to queue
[2025-05-21T23:29:37.138+0000] {logging_mixin.py:190} INFO - [2025-05-21T23:29:37.137+0000] {dagbag.py:588} INFO - Filling up the DagBag from /home/airflow/.local/lib/python3.12/site-packages/airflow/example_dags/example_nested_branch_dag.py
[2025-05-21T23:29:37.168+0000] {processor.py:925} INFO - DAG(s) 'example_nested_branch_dag' retrieved from /home/airflow/.local/lib/python3.12/site-packages/airflow/example_dags/example_nested_branch_dag.py
[2025-05-21T23:29:37.224+0000] {logging_mixin.py:190} INFO - [2025-05-21T23:29:37.223+0000] {dag.py:3239} INFO - Sync 1 DAGs
[2025-05-21T23:29:37.291+0000] {logging_mixin.py:190} INFO - [2025-05-21T23:29:37.291+0000] {dag.py:4180} INFO - Setting next_dagrun for example_nested_branch_dag to 2025-05-20 00:00:00+00:00, run_after=2025-05-21 00:00:00+00:00
[2025-05-21T23:29:37.342+0000] {processor.py:208} INFO - Processing /home/airflow/.local/lib/python3.12/site-packages/airflow/example_dags/example_nested_branch_dag.py took 0.223 seconds
[2025-05-21T23:30:07.691+0000] {processor.py:186} INFO - Started process (PID=1957) to work on /home/airflow/.local/lib/python3.12/site-packages/airflow/example_dags/example_nested_branch_dag.py
[2025-05-21T23:30:07.693+0000] {processor.py:914} INFO - Processing file /home/airflow/.local/lib/python3.12/site-packages/airflow/example_dags/example_nested_branch_dag.py for tasks to queue
[2025-05-21T23:30:07.698+0000] {logging_mixin.py:190} INFO - [2025-05-21T23:30:07.697+0000] {dagbag.py:588} INFO - Filling up the DagBag from /home/airflow/.local/lib/python3.12/site-packages/airflow/example_dags/example_nested_branch_dag.py
[2025-05-21T23:30:07.719+0000] {processor.py:925} INFO - DAG(s) 'example_nested_branch_dag' retrieved from /home/airflow/.local/lib/python3.12/site-packages/airflow/example_dags/example_nested_branch_dag.py
[2025-05-21T23:30:07.763+0000] {logging_mixin.py:190} INFO - [2025-05-21T23:30:07.763+0000] {dag.py:3239} INFO - Sync 1 DAGs
[2025-05-21T23:30:07.810+0000] {logging_mixin.py:190} INFO - [2025-05-21T23:30:07.809+0000] {dag.py:4180} INFO - Setting next_dagrun for example_nested_branch_dag to 2025-05-20 00:00:00+00:00, run_after=2025-05-21 00:00:00+00:00
[2025-05-21T23:30:07.907+0000] {processor.py:208} INFO - Processing /home/airflow/.local/lib/python3.12/site-packages/airflow/example_dags/example_nested_branch_dag.py took 0.226 seconds
[2025-05-21T23:30:38.183+0000] {processor.py:186} INFO - Started process (PID=2023) to work on /home/airflow/.local/lib/python3.12/site-packages/airflow/example_dags/example_nested_branch_dag.py
[2025-05-21T23:30:38.185+0000] {processor.py:914} INFO - Processing file /home/airflow/.local/lib/python3.12/site-packages/airflow/example_dags/example_nested_branch_dag.py for tasks to queue
[2025-05-21T23:30:38.188+0000] {logging_mixin.py:190} INFO - [2025-05-21T23:30:38.187+0000] {dagbag.py:588} INFO - Filling up the DagBag from /home/airflow/.local/lib/python3.12/site-packages/airflow/example_dags/example_nested_branch_dag.py
[2025-05-21T23:30:38.210+0000] {processor.py:925} INFO - DAG(s) 'example_nested_branch_dag' retrieved from /home/airflow/.local/lib/python3.12/site-packages/airflow/example_dags/example_nested_branch_dag.py
[2025-05-21T23:30:38.257+0000] {logging_mixin.py:190} INFO - [2025-05-21T23:30:38.256+0000] {dag.py:3239} INFO - Sync 1 DAGs
[2025-05-21T23:30:38.307+0000] {logging_mixin.py:190} INFO - [2025-05-21T23:30:38.306+0000] {dag.py:4180} INFO - Setting next_dagrun for example_nested_branch_dag to 2025-05-20 00:00:00+00:00, run_after=2025-05-21 00:00:00+00:00
[2025-05-21T23:30:38.363+0000] {processor.py:208} INFO - Processing /home/airflow/.local/lib/python3.12/site-packages/airflow/example_dags/example_nested_branch_dag.py took 0.194 seconds
[2025-05-21T23:31:09.156+0000] {processor.py:186} INFO - Started process (PID=2089) to work on /home/airflow/.local/lib/python3.12/site-packages/airflow/example_dags/example_nested_branch_dag.py
[2025-05-21T23:31:09.159+0000] {processor.py:914} INFO - Processing file /home/airflow/.local/lib/python3.12/site-packages/airflow/example_dags/example_nested_branch_dag.py for tasks to queue
[2025-05-21T23:31:09.164+0000] {logging_mixin.py:190} INFO - [2025-05-21T23:31:09.164+0000] {dagbag.py:588} INFO - Filling up the DagBag from /home/airflow/.local/lib/python3.12/site-packages/airflow/example_dags/example_nested_branch_dag.py
[2025-05-21T23:31:09.186+0000] {processor.py:925} INFO - DAG(s) 'example_nested_branch_dag' retrieved from /home/airflow/.local/lib/python3.12/site-packages/airflow/example_dags/example_nested_branch_dag.py
[2025-05-21T23:31:09.230+0000] {logging_mixin.py:190} INFO - [2025-05-21T23:31:09.230+0000] {dag.py:3239} INFO - Sync 1 DAGs
[2025-05-21T23:31:09.282+0000] {logging_mixin.py:190} INFO - [2025-05-21T23:31:09.282+0000] {dag.py:4180} INFO - Setting next_dagrun for example_nested_branch_dag to 2025-05-20 00:00:00+00:00, run_after=2025-05-21 00:00:00+00:00
[2025-05-21T23:31:09.323+0000] {processor.py:208} INFO - Processing /home/airflow/.local/lib/python3.12/site-packages/airflow/example_dags/example_nested_branch_dag.py took 0.181 seconds
[2025-05-21T23:31:39.848+0000] {processor.py:186} INFO - Started process (PID=2155) to work on /home/airflow/.local/lib/python3.12/site-packages/airflow/example_dags/example_nested_branch_dag.py
[2025-05-21T23:31:39.850+0000] {processor.py:914} INFO - Processing file /home/airflow/.local/lib/python3.12/site-packages/airflow/example_dags/example_nested_branch_dag.py for tasks to queue
[2025-05-21T23:31:39.854+0000] {logging_mixin.py:190} INFO - [2025-05-21T23:31:39.854+0000] {dagbag.py:588} INFO - Filling up the DagBag from /home/airflow/.local/lib/python3.12/site-packages/airflow/example_dags/example_nested_branch_dag.py
[2025-05-21T23:31:39.875+0000] {processor.py:925} INFO - DAG(s) 'example_nested_branch_dag' retrieved from /home/airflow/.local/lib/python3.12/site-packages/airflow/example_dags/example_nested_branch_dag.py
[2025-05-21T23:31:39.918+0000] {logging_mixin.py:190} INFO - [2025-05-21T23:31:39.917+0000] {dag.py:3239} INFO - Sync 1 DAGs
[2025-05-21T23:31:39.963+0000] {logging_mixin.py:190} INFO - [2025-05-21T23:31:39.963+0000] {dag.py:4180} INFO - Setting next_dagrun for example_nested_branch_dag to 2025-05-20 00:00:00+00:00, run_after=2025-05-21 00:00:00+00:00
[2025-05-21T23:31:40.056+0000] {processor.py:208} INFO - Processing /home/airflow/.local/lib/python3.12/site-packages/airflow/example_dags/example_nested_branch_dag.py took 0.217 seconds
[2025-05-21T23:32:10.187+0000] {processor.py:186} INFO - Started process (PID=2221) to work on /home/airflow/.local/lib/python3.12/site-packages/airflow/example_dags/example_nested_branch_dag.py
[2025-05-21T23:32:10.189+0000] {processor.py:914} INFO - Processing file /home/airflow/.local/lib/python3.12/site-packages/airflow/example_dags/example_nested_branch_dag.py for tasks to queue
[2025-05-21T23:32:10.196+0000] {logging_mixin.py:190} INFO - [2025-05-21T23:32:10.195+0000] {dagbag.py:588} INFO - Filling up the DagBag from /home/airflow/.local/lib/python3.12/site-packages/airflow/example_dags/example_nested_branch_dag.py
[2025-05-21T23:32:10.225+0000] {processor.py:925} INFO - DAG(s) 'example_nested_branch_dag' retrieved from /home/airflow/.local/lib/python3.12/site-packages/airflow/example_dags/example_nested_branch_dag.py
[2025-05-21T23:32:10.275+0000] {logging_mixin.py:190} INFO - [2025-05-21T23:32:10.274+0000] {dag.py:3239} INFO - Sync 1 DAGs
[2025-05-21T23:32:10.334+0000] {logging_mixin.py:190} INFO - [2025-05-21T23:32:10.333+0000] {dag.py:4180} INFO - Setting next_dagrun for example_nested_branch_dag to 2025-05-20 00:00:00+00:00, run_after=2025-05-21 00:00:00+00:00
[2025-05-21T23:32:10.378+0000] {processor.py:208} INFO - Processing /home/airflow/.local/lib/python3.12/site-packages/airflow/example_dags/example_nested_branch_dag.py took 0.206 seconds
[2025-05-21T23:32:41.348+0000] {processor.py:186} INFO - Started process (PID=2287) to work on /home/airflow/.local/lib/python3.12/site-packages/airflow/example_dags/example_nested_branch_dag.py
[2025-05-21T23:32:41.349+0000] {processor.py:914} INFO - Processing file /home/airflow/.local/lib/python3.12/site-packages/airflow/example_dags/example_nested_branch_dag.py for tasks to queue
[2025-05-21T23:32:41.354+0000] {logging_mixin.py:190} INFO - [2025-05-21T23:32:41.353+0000] {dagbag.py:588} INFO - Filling up the DagBag from /home/airflow/.local/lib/python3.12/site-packages/airflow/example_dags/example_nested_branch_dag.py
[2025-05-21T23:32:41.375+0000] {processor.py:925} INFO - DAG(s) 'example_nested_branch_dag' retrieved from /home/airflow/.local/lib/python3.12/site-packages/airflow/example_dags/example_nested_branch_dag.py
[2025-05-21T23:32:41.436+0000] {logging_mixin.py:190} INFO - [2025-05-21T23:32:41.436+0000] {dag.py:3239} INFO - Sync 1 DAGs
[2025-05-21T23:32:41.486+0000] {logging_mixin.py:190} INFO - [2025-05-21T23:32:41.486+0000] {dag.py:4180} INFO - Setting next_dagrun for example_nested_branch_dag to 2025-05-20 00:00:00+00:00, run_after=2025-05-21 00:00:00+00:00
[2025-05-21T23:32:41.525+0000] {processor.py:208} INFO - Processing /home/airflow/.local/lib/python3.12/site-packages/airflow/example_dags/example_nested_branch_dag.py took 0.189 seconds
[2025-05-21T23:33:11.770+0000] {processor.py:186} INFO - Started process (PID=2353) to work on /home/airflow/.local/lib/python3.12/site-packages/airflow/example_dags/example_nested_branch_dag.py
[2025-05-21T23:33:11.772+0000] {processor.py:914} INFO - Processing file /home/airflow/.local/lib/python3.12/site-packages/airflow/example_dags/example_nested_branch_dag.py for tasks to queue
[2025-05-21T23:33:11.776+0000] {logging_mixin.py:190} INFO - [2025-05-21T23:33:11.775+0000] {dagbag.py:588} INFO - Filling up the DagBag from /home/airflow/.local/lib/python3.12/site-packages/airflow/example_dags/example_nested_branch_dag.py
[2025-05-21T23:33:11.800+0000] {processor.py:925} INFO - DAG(s) 'example_nested_branch_dag' retrieved from /home/airflow/.local/lib/python3.12/site-packages/airflow/example_dags/example_nested_branch_dag.py
[2025-05-21T23:33:11.846+0000] {logging_mixin.py:190} INFO - [2025-05-21T23:33:11.846+0000] {dag.py:3239} INFO - Sync 1 DAGs
[2025-05-21T23:33:11.894+0000] {logging_mixin.py:190} INFO - [2025-05-21T23:33:11.894+0000] {dag.py:4180} INFO - Setting next_dagrun for example_nested_branch_dag to 2025-05-20 00:00:00+00:00, run_after=2025-05-21 00:00:00+00:00
[2025-05-21T23:33:11.995+0000] {processor.py:208} INFO - Processing /home/airflow/.local/lib/python3.12/site-packages/airflow/example_dags/example_nested_branch_dag.py took 0.237 seconds
[2025-05-21T23:33:42.276+0000] {processor.py:186} INFO - Started process (PID=2418) to work on /home/airflow/.local/lib/python3.12/site-packages/airflow/example_dags/example_nested_branch_dag.py
[2025-05-21T23:33:42.279+0000] {processor.py:914} INFO - Processing file /home/airflow/.local/lib/python3.12/site-packages/airflow/example_dags/example_nested_branch_dag.py for tasks to queue
[2025-05-21T23:33:42.284+0000] {logging_mixin.py:190} INFO - [2025-05-21T23:33:42.283+0000] {dagbag.py:588} INFO - Filling up the DagBag from /home/airflow/.local/lib/python3.12/site-packages/airflow/example_dags/example_nested_branch_dag.py
[2025-05-21T23:33:42.307+0000] {processor.py:925} INFO - DAG(s) 'example_nested_branch_dag' retrieved from /home/airflow/.local/lib/python3.12/site-packages/airflow/example_dags/example_nested_branch_dag.py
[2025-05-21T23:33:42.349+0000] {logging_mixin.py:190} INFO - [2025-05-21T23:33:42.348+0000] {dag.py:3239} INFO - Sync 1 DAGs
[2025-05-21T23:33:42.403+0000] {logging_mixin.py:190} INFO - [2025-05-21T23:33:42.402+0000] {dag.py:4180} INFO - Setting next_dagrun for example_nested_branch_dag to 2025-05-20 00:00:00+00:00, run_after=2025-05-21 00:00:00+00:00
[2025-05-21T23:33:42.440+0000] {processor.py:208} INFO - Processing /home/airflow/.local/lib/python3.12/site-packages/airflow/example_dags/example_nested_branch_dag.py took 0.176 seconds
[2025-05-21T23:34:13.769+0000] {processor.py:186} INFO - Started process (PID=2484) to work on /home/airflow/.local/lib/python3.12/site-packages/airflow/example_dags/example_nested_branch_dag.py
[2025-05-21T23:34:13.771+0000] {processor.py:914} INFO - Processing file /home/airflow/.local/lib/python3.12/site-packages/airflow/example_dags/example_nested_branch_dag.py for tasks to queue
[2025-05-21T23:34:13.776+0000] {logging_mixin.py:190} INFO - [2025-05-21T23:34:13.775+0000] {dagbag.py:588} INFO - Filling up the DagBag from /home/airflow/.local/lib/python3.12/site-packages/airflow/example_dags/example_nested_branch_dag.py
[2025-05-21T23:34:13.797+0000] {processor.py:925} INFO - DAG(s) 'example_nested_branch_dag' retrieved from /home/airflow/.local/lib/python3.12/site-packages/airflow/example_dags/example_nested_branch_dag.py
[2025-05-21T23:34:13.841+0000] {logging_mixin.py:190} INFO - [2025-05-21T23:34:13.841+0000] {dag.py:3239} INFO - Sync 1 DAGs
[2025-05-21T23:34:13.887+0000] {logging_mixin.py:190} INFO - [2025-05-21T23:34:13.887+0000] {dag.py:4180} INFO - Setting next_dagrun for example_nested_branch_dag to 2025-05-20 00:00:00+00:00, run_after=2025-05-21 00:00:00+00:00
[2025-05-21T23:34:13.950+0000] {processor.py:208} INFO - Processing /home/airflow/.local/lib/python3.12/site-packages/airflow/example_dags/example_nested_branch_dag.py took 0.191 seconds
[2025-05-21T23:34:44.919+0000] {processor.py:186} INFO - Started process (PID=2550) to work on /home/airflow/.local/lib/python3.12/site-packages/airflow/example_dags/example_nested_branch_dag.py
[2025-05-21T23:34:44.922+0000] {processor.py:914} INFO - Processing file /home/airflow/.local/lib/python3.12/site-packages/airflow/example_dags/example_nested_branch_dag.py for tasks to queue
[2025-05-21T23:34:44.927+0000] {logging_mixin.py:190} INFO - [2025-05-21T23:34:44.926+0000] {dagbag.py:588} INFO - Filling up the DagBag from /home/airflow/.local/lib/python3.12/site-packages/airflow/example_dags/example_nested_branch_dag.py
[2025-05-21T23:34:44.952+0000] {processor.py:925} INFO - DAG(s) 'example_nested_branch_dag' retrieved from /home/airflow/.local/lib/python3.12/site-packages/airflow/example_dags/example_nested_branch_dag.py
[2025-05-21T23:34:44.995+0000] {logging_mixin.py:190} INFO - [2025-05-21T23:34:44.995+0000] {dag.py:3239} INFO - Sync 1 DAGs
[2025-05-21T23:34:45.042+0000] {logging_mixin.py:190} INFO - [2025-05-21T23:34:45.041+0000] {dag.py:4180} INFO - Setting next_dagrun for example_nested_branch_dag to 2025-05-20 00:00:00+00:00, run_after=2025-05-21 00:00:00+00:00
[2025-05-21T23:34:45.141+0000] {processor.py:208} INFO - Processing /home/airflow/.local/lib/python3.12/site-packages/airflow/example_dags/example_nested_branch_dag.py took 0.235 seconds
[2025-05-21T23:35:15.237+0000] {processor.py:186} INFO - Started process (PID=2615) to work on /home/airflow/.local/lib/python3.12/site-packages/airflow/example_dags/example_nested_branch_dag.py
[2025-05-21T23:35:15.239+0000] {processor.py:914} INFO - Processing file /home/airflow/.local/lib/python3.12/site-packages/airflow/example_dags/example_nested_branch_dag.py for tasks to queue
[2025-05-21T23:35:15.245+0000] {logging_mixin.py:190} INFO - [2025-05-21T23:35:15.244+0000] {dagbag.py:588} INFO - Filling up the DagBag from /home/airflow/.local/lib/python3.12/site-packages/airflow/example_dags/example_nested_branch_dag.py
[2025-05-21T23:35:15.276+0000] {processor.py:925} INFO - DAG(s) 'example_nested_branch_dag' retrieved from /home/airflow/.local/lib/python3.12/site-packages/airflow/example_dags/example_nested_branch_dag.py
[2025-05-21T23:35:15.339+0000] {logging_mixin.py:190} INFO - [2025-05-21T23:35:15.338+0000] {dag.py:3239} INFO - Sync 1 DAGs
[2025-05-21T23:35:15.392+0000] {logging_mixin.py:190} INFO - [2025-05-21T23:35:15.391+0000] {dag.py:4180} INFO - Setting next_dagrun for example_nested_branch_dag to 2025-05-20 00:00:00+00:00, run_after=2025-05-21 00:00:00+00:00
[2025-05-21T23:35:15.464+0000] {processor.py:208} INFO - Processing /home/airflow/.local/lib/python3.12/site-packages/airflow/example_dags/example_nested_branch_dag.py took 0.241 seconds
[2025-05-21T23:35:45.600+0000] {processor.py:186} INFO - Started process (PID=2681) to work on /home/airflow/.local/lib/python3.12/site-packages/airflow/example_dags/example_nested_branch_dag.py
[2025-05-21T23:35:45.603+0000] {processor.py:914} INFO - Processing file /home/airflow/.local/lib/python3.12/site-packages/airflow/example_dags/example_nested_branch_dag.py for tasks to queue
[2025-05-21T23:35:45.609+0000] {logging_mixin.py:190} INFO - [2025-05-21T23:35:45.607+0000] {dagbag.py:588} INFO - Filling up the DagBag from /home/airflow/.local/lib/python3.12/site-packages/airflow/example_dags/example_nested_branch_dag.py
[2025-05-21T23:35:45.635+0000] {processor.py:925} INFO - DAG(s) 'example_nested_branch_dag' retrieved from /home/airflow/.local/lib/python3.12/site-packages/airflow/example_dags/example_nested_branch_dag.py
[2025-05-21T23:35:45.681+0000] {logging_mixin.py:190} INFO - [2025-05-21T23:35:45.681+0000] {dag.py:3239} INFO - Sync 1 DAGs
[2025-05-21T23:35:45.740+0000] {logging_mixin.py:190} INFO - [2025-05-21T23:35:45.740+0000] {dag.py:4180} INFO - Setting next_dagrun for example_nested_branch_dag to 2025-05-20 00:00:00+00:00, run_after=2025-05-21 00:00:00+00:00
[2025-05-21T23:35:45.785+0000] {processor.py:208} INFO - Processing /home/airflow/.local/lib/python3.12/site-packages/airflow/example_dags/example_nested_branch_dag.py took 0.198 seconds
[2025-05-21T23:36:16.474+0000] {processor.py:186} INFO - Started process (PID=2746) to work on /home/airflow/.local/lib/python3.12/site-packages/airflow/example_dags/example_nested_branch_dag.py
[2025-05-21T23:36:16.476+0000] {processor.py:914} INFO - Processing file /home/airflow/.local/lib/python3.12/site-packages/airflow/example_dags/example_nested_branch_dag.py for tasks to queue
[2025-05-21T23:36:16.481+0000] {logging_mixin.py:190} INFO - [2025-05-21T23:36:16.480+0000] {dagbag.py:588} INFO - Filling up the DagBag from /home/airflow/.local/lib/python3.12/site-packages/airflow/example_dags/example_nested_branch_dag.py
[2025-05-21T23:36:16.502+0000] {processor.py:925} INFO - DAG(s) 'example_nested_branch_dag' retrieved from /home/airflow/.local/lib/python3.12/site-packages/airflow/example_dags/example_nested_branch_dag.py
[2025-05-21T23:36:16.548+0000] {logging_mixin.py:190} INFO - [2025-05-21T23:36:16.547+0000] {dag.py:3239} INFO - Sync 1 DAGs
[2025-05-21T23:36:16.596+0000] {logging_mixin.py:190} INFO - [2025-05-21T23:36:16.595+0000] {dag.py:4180} INFO - Setting next_dagrun for example_nested_branch_dag to 2025-05-20 00:00:00+00:00, run_after=2025-05-21 00:00:00+00:00
[2025-05-21T23:36:16.630+0000] {processor.py:208} INFO - Processing /home/airflow/.local/lib/python3.12/site-packages/airflow/example_dags/example_nested_branch_dag.py took 0.166 seconds
[2025-05-21T23:36:47.232+0000] {processor.py:186} INFO - Started process (PID=2812) to work on /home/airflow/.local/lib/python3.12/site-packages/airflow/example_dags/example_nested_branch_dag.py
[2025-05-21T23:36:47.234+0000] {processor.py:914} INFO - Processing file /home/airflow/.local/lib/python3.12/site-packages/airflow/example_dags/example_nested_branch_dag.py for tasks to queue
[2025-05-21T23:36:47.239+0000] {logging_mixin.py:190} INFO - [2025-05-21T23:36:47.239+0000] {dagbag.py:588} INFO - Filling up the DagBag from /home/airflow/.local/lib/python3.12/site-packages/airflow/example_dags/example_nested_branch_dag.py
[2025-05-21T23:36:47.265+0000] {processor.py:925} INFO - DAG(s) 'example_nested_branch_dag' retrieved from /home/airflow/.local/lib/python3.12/site-packages/airflow/example_dags/example_nested_branch_dag.py
[2025-05-21T23:36:47.314+0000] {logging_mixin.py:190} INFO - [2025-05-21T23:36:47.313+0000] {dag.py:3239} INFO - Sync 1 DAGs
[2025-05-21T23:36:47.362+0000] {logging_mixin.py:190} INFO - [2025-05-21T23:36:47.362+0000] {dag.py:4180} INFO - Setting next_dagrun for example_nested_branch_dag to 2025-05-20 00:00:00+00:00, run_after=2025-05-21 00:00:00+00:00
[2025-05-21T23:36:47.404+0000] {processor.py:208} INFO - Processing /home/airflow/.local/lib/python3.12/site-packages/airflow/example_dags/example_nested_branch_dag.py took 0.184 seconds
[2025-05-21T23:37:17.814+0000] {processor.py:186} INFO - Started process (PID=2878) to work on /home/airflow/.local/lib/python3.12/site-packages/airflow/example_dags/example_nested_branch_dag.py
[2025-05-21T23:37:17.817+0000] {processor.py:914} INFO - Processing file /home/airflow/.local/lib/python3.12/site-packages/airflow/example_dags/example_nested_branch_dag.py for tasks to queue
[2025-05-21T23:37:17.825+0000] {logging_mixin.py:190} INFO - [2025-05-21T23:37:17.824+0000] {dagbag.py:588} INFO - Filling up the DagBag from /home/airflow/.local/lib/python3.12/site-packages/airflow/example_dags/example_nested_branch_dag.py
[2025-05-21T23:37:17.858+0000] {processor.py:925} INFO - DAG(s) 'example_nested_branch_dag' retrieved from /home/airflow/.local/lib/python3.12/site-packages/airflow/example_dags/example_nested_branch_dag.py
[2025-05-21T23:37:17.931+0000] {logging_mixin.py:190} INFO - [2025-05-21T23:37:17.930+0000] {dag.py:3239} INFO - Sync 1 DAGs
[2025-05-21T23:37:17.998+0000] {logging_mixin.py:190} INFO - [2025-05-21T23:37:17.997+0000] {dag.py:4180} INFO - Setting next_dagrun for example_nested_branch_dag to 2025-05-20 00:00:00+00:00, run_after=2025-05-21 00:00:00+00:00
[2025-05-21T23:37:18.064+0000] {processor.py:208} INFO - Processing /home/airflow/.local/lib/python3.12/site-packages/airflow/example_dags/example_nested_branch_dag.py took 0.268 seconds
[2025-05-21T23:41:25.640+0000] {processor.py:186} INFO - Started process (PID=106) to work on /home/airflow/.local/lib/python3.12/site-packages/airflow/example_dags/example_nested_branch_dag.py
[2025-05-21T23:41:25.642+0000] {processor.py:914} INFO - Processing file /home/airflow/.local/lib/python3.12/site-packages/airflow/example_dags/example_nested_branch_dag.py for tasks to queue
[2025-05-21T23:41:25.647+0000] {logging_mixin.py:190} INFO - [2025-05-21T23:41:25.646+0000] {dagbag.py:588} INFO - Filling up the DagBag from /home/airflow/.local/lib/python3.12/site-packages/airflow/example_dags/example_nested_branch_dag.py
[2025-05-21T23:41:25.671+0000] {processor.py:925} INFO - DAG(s) 'example_nested_branch_dag' retrieved from /home/airflow/.local/lib/python3.12/site-packages/airflow/example_dags/example_nested_branch_dag.py
[2025-05-21T23:41:25.975+0000] {logging_mixin.py:190} INFO - [2025-05-21T23:41:25.973+0000] {override.py:1930} INFO - Created Permission View: can read on DAG:example_nested_branch_dag
[2025-05-21T23:41:25.996+0000] {logging_mixin.py:190} INFO - [2025-05-21T23:41:25.996+0000] {override.py:1930} INFO - Created Permission View: can delete on DAG:example_nested_branch_dag
[2025-05-21T23:41:26.012+0000] {logging_mixin.py:190} INFO - [2025-05-21T23:41:26.011+0000] {override.py:1930} INFO - Created Permission View: can edit on DAG:example_nested_branch_dag
[2025-05-21T23:41:26.030+0000] {logging_mixin.py:190} INFO - [2025-05-21T23:41:26.030+0000] {override.py:1930} INFO - Created Permission View: can read on DAG Run:example_nested_branch_dag
[2025-05-21T23:41:26.044+0000] {logging_mixin.py:190} INFO - [2025-05-21T23:41:26.044+0000] {override.py:1930} INFO - Created Permission View: can delete on DAG Run:example_nested_branch_dag
[2025-05-21T23:41:26.059+0000] {logging_mixin.py:190} INFO - [2025-05-21T23:41:26.058+0000] {override.py:1930} INFO - Created Permission View: menu access on DAG Run:example_nested_branch_dag
[2025-05-21T23:41:26.073+0000] {logging_mixin.py:190} INFO - [2025-05-21T23:41:26.072+0000] {override.py:1930} INFO - Created Permission View: can create on DAG Run:example_nested_branch_dag
[2025-05-21T23:41:26.075+0000] {logging_mixin.py:190} INFO - [2025-05-21T23:41:26.074+0000] {dag.py:3239} INFO - Sync 1 DAGs
[2025-05-21T23:41:26.108+0000] {logging_mixin.py:190} INFO - [2025-05-21T23:41:26.108+0000] {dag.py:3262} INFO - Creating ORM DAG for example_nested_branch_dag
[2025-05-21T23:41:26.136+0000] {logging_mixin.py:190} INFO - [2025-05-21T23:41:26.135+0000] {dag.py:4180} INFO - Setting next_dagrun for example_nested_branch_dag to 2025-05-20 00:00:00+00:00, run_after=2025-05-21 00:00:00+00:00
[2025-05-21T23:41:26.176+0000] {processor.py:208} INFO - Processing /home/airflow/.local/lib/python3.12/site-packages/airflow/example_dags/example_nested_branch_dag.py took 0.547 seconds
[2025-05-21T23:41:56.479+0000] {processor.py:186} INFO - Started process (PID=172) to work on /home/airflow/.local/lib/python3.12/site-packages/airflow/example_dags/example_nested_branch_dag.py
[2025-05-21T23:41:56.481+0000] {processor.py:914} INFO - Processing file /home/airflow/.local/lib/python3.12/site-packages/airflow/example_dags/example_nested_branch_dag.py for tasks to queue
[2025-05-21T23:41:56.488+0000] {logging_mixin.py:190} INFO - [2025-05-21T23:41:56.486+0000] {dagbag.py:588} INFO - Filling up the DagBag from /home/airflow/.local/lib/python3.12/site-packages/airflow/example_dags/example_nested_branch_dag.py
[2025-05-21T23:41:56.517+0000] {processor.py:925} INFO - DAG(s) 'example_nested_branch_dag' retrieved from /home/airflow/.local/lib/python3.12/site-packages/airflow/example_dags/example_nested_branch_dag.py
[2025-05-21T23:41:56.573+0000] {logging_mixin.py:190} INFO - [2025-05-21T23:41:56.572+0000] {dag.py:3239} INFO - Sync 1 DAGs
[2025-05-21T23:41:56.632+0000] {logging_mixin.py:190} INFO - [2025-05-21T23:41:56.632+0000] {dag.py:4180} INFO - Setting next_dagrun for example_nested_branch_dag to 2025-05-20 00:00:00+00:00, run_after=2025-05-21 00:00:00+00:00
[2025-05-21T23:41:56.716+0000] {processor.py:208} INFO - Processing /home/airflow/.local/lib/python3.12/site-packages/airflow/example_dags/example_nested_branch_dag.py took 0.255 seconds
[2025-05-21T23:42:26.901+0000] {processor.py:186} INFO - Started process (PID=244) to work on /home/airflow/.local/lib/python3.12/site-packages/airflow/example_dags/example_nested_branch_dag.py
[2025-05-21T23:42:26.903+0000] {processor.py:914} INFO - Processing file /home/airflow/.local/lib/python3.12/site-packages/airflow/example_dags/example_nested_branch_dag.py for tasks to queue
[2025-05-21T23:42:26.907+0000] {logging_mixin.py:190} INFO - [2025-05-21T23:42:26.907+0000] {dagbag.py:588} INFO - Filling up the DagBag from /home/airflow/.local/lib/python3.12/site-packages/airflow/example_dags/example_nested_branch_dag.py
[2025-05-21T23:42:26.930+0000] {processor.py:925} INFO - DAG(s) 'example_nested_branch_dag' retrieved from /home/airflow/.local/lib/python3.12/site-packages/airflow/example_dags/example_nested_branch_dag.py
[2025-05-21T23:42:26.976+0000] {logging_mixin.py:190} INFO - [2025-05-21T23:42:26.976+0000] {dag.py:3239} INFO - Sync 1 DAGs
[2025-05-21T23:42:27.026+0000] {logging_mixin.py:190} INFO - [2025-05-21T23:42:27.025+0000] {dag.py:4180} INFO - Setting next_dagrun for example_nested_branch_dag to 2025-05-20 00:00:00+00:00, run_after=2025-05-21 00:00:00+00:00
[2025-05-21T23:42:27.100+0000] {processor.py:208} INFO - Processing /home/airflow/.local/lib/python3.12/site-packages/airflow/example_dags/example_nested_branch_dag.py took 0.211 seconds
[2025-05-21T23:42:58.141+0000] {processor.py:186} INFO - Started process (PID=310) to work on /home/airflow/.local/lib/python3.12/site-packages/airflow/example_dags/example_nested_branch_dag.py
[2025-05-21T23:42:58.144+0000] {processor.py:914} INFO - Processing file /home/airflow/.local/lib/python3.12/site-packages/airflow/example_dags/example_nested_branch_dag.py for tasks to queue
[2025-05-21T23:42:58.152+0000] {logging_mixin.py:190} INFO - [2025-05-21T23:42:58.150+0000] {dagbag.py:588} INFO - Filling up the DagBag from /home/airflow/.local/lib/python3.12/site-packages/airflow/example_dags/example_nested_branch_dag.py
[2025-05-21T23:42:58.185+0000] {processor.py:925} INFO - DAG(s) 'example_nested_branch_dag' retrieved from /home/airflow/.local/lib/python3.12/site-packages/airflow/example_dags/example_nested_branch_dag.py
[2025-05-21T23:42:58.243+0000] {logging_mixin.py:190} INFO - [2025-05-21T23:42:58.243+0000] {dag.py:3239} INFO - Sync 1 DAGs
[2025-05-21T23:42:58.302+0000] {logging_mixin.py:190} INFO - [2025-05-21T23:42:58.302+0000] {dag.py:4180} INFO - Setting next_dagrun for example_nested_branch_dag to 2025-05-20 00:00:00+00:00, run_after=2025-05-21 00:00:00+00:00
[2025-05-21T23:42:58.345+0000] {processor.py:208} INFO - Processing /home/airflow/.local/lib/python3.12/site-packages/airflow/example_dags/example_nested_branch_dag.py took 0.232 seconds
[2025-05-21T23:43:28.672+0000] {processor.py:186} INFO - Started process (PID=376) to work on /home/airflow/.local/lib/python3.12/site-packages/airflow/example_dags/example_nested_branch_dag.py
[2025-05-21T23:43:28.675+0000] {processor.py:914} INFO - Processing file /home/airflow/.local/lib/python3.12/site-packages/airflow/example_dags/example_nested_branch_dag.py for tasks to queue
[2025-05-21T23:43:28.680+0000] {logging_mixin.py:190} INFO - [2025-05-21T23:43:28.680+0000] {dagbag.py:588} INFO - Filling up the DagBag from /home/airflow/.local/lib/python3.12/site-packages/airflow/example_dags/example_nested_branch_dag.py
[2025-05-21T23:43:28.706+0000] {processor.py:925} INFO - DAG(s) 'example_nested_branch_dag' retrieved from /home/airflow/.local/lib/python3.12/site-packages/airflow/example_dags/example_nested_branch_dag.py
[2025-05-21T23:43:28.755+0000] {logging_mixin.py:190} INFO - [2025-05-21T23:43:28.754+0000] {dag.py:3239} INFO - Sync 1 DAGs
[2025-05-21T23:43:28.808+0000] {logging_mixin.py:190} INFO - [2025-05-21T23:43:28.808+0000] {dag.py:4180} INFO - Setting next_dagrun for example_nested_branch_dag to 2025-05-20 00:00:00+00:00, run_after=2025-05-21 00:00:00+00:00
[2025-05-21T23:43:28.847+0000] {processor.py:208} INFO - Processing /home/airflow/.local/lib/python3.12/site-packages/airflow/example_dags/example_nested_branch_dag.py took 0.188 seconds
[2025-05-21T23:43:59.063+0000] {processor.py:186} INFO - Started process (PID=441) to work on /home/airflow/.local/lib/python3.12/site-packages/airflow/example_dags/example_nested_branch_dag.py
[2025-05-21T23:43:59.065+0000] {processor.py:914} INFO - Processing file /home/airflow/.local/lib/python3.12/site-packages/airflow/example_dags/example_nested_branch_dag.py for tasks to queue
[2025-05-21T23:43:59.069+0000] {logging_mixin.py:190} INFO - [2025-05-21T23:43:59.068+0000] {dagbag.py:588} INFO - Filling up the DagBag from /home/airflow/.local/lib/python3.12/site-packages/airflow/example_dags/example_nested_branch_dag.py
[2025-05-21T23:43:59.092+0000] {processor.py:925} INFO - DAG(s) 'example_nested_branch_dag' retrieved from /home/airflow/.local/lib/python3.12/site-packages/airflow/example_dags/example_nested_branch_dag.py
[2025-05-21T23:43:59.137+0000] {logging_mixin.py:190} INFO - [2025-05-21T23:43:59.137+0000] {dag.py:3239} INFO - Sync 1 DAGs
[2025-05-21T23:43:59.199+0000] {logging_mixin.py:190} INFO - [2025-05-21T23:43:59.199+0000] {dag.py:4180} INFO - Setting next_dagrun for example_nested_branch_dag to 2025-05-20 00:00:00+00:00, run_after=2025-05-21 00:00:00+00:00
[2025-05-21T23:43:59.243+0000] {processor.py:208} INFO - Processing /home/airflow/.local/lib/python3.12/site-packages/airflow/example_dags/example_nested_branch_dag.py took 0.191 seconds
[2025-05-21T23:44:29.854+0000] {processor.py:186} INFO - Started process (PID=507) to work on /home/airflow/.local/lib/python3.12/site-packages/airflow/example_dags/example_nested_branch_dag.py
[2025-05-21T23:44:29.857+0000] {processor.py:914} INFO - Processing file /home/airflow/.local/lib/python3.12/site-packages/airflow/example_dags/example_nested_branch_dag.py for tasks to queue
[2025-05-21T23:44:29.863+0000] {logging_mixin.py:190} INFO - [2025-05-21T23:44:29.861+0000] {dagbag.py:588} INFO - Filling up the DagBag from /home/airflow/.local/lib/python3.12/site-packages/airflow/example_dags/example_nested_branch_dag.py
[2025-05-21T23:44:29.886+0000] {processor.py:925} INFO - DAG(s) 'example_nested_branch_dag' retrieved from /home/airflow/.local/lib/python3.12/site-packages/airflow/example_dags/example_nested_branch_dag.py
[2025-05-21T23:44:29.943+0000] {logging_mixin.py:190} INFO - [2025-05-21T23:44:29.940+0000] {dag.py:3239} INFO - Sync 1 DAGs
[2025-05-21T23:44:30.025+0000] {logging_mixin.py:190} INFO - [2025-05-21T23:44:30.024+0000] {dag.py:4180} INFO - Setting next_dagrun for example_nested_branch_dag to 2025-05-20 00:00:00+00:00, run_after=2025-05-21 00:00:00+00:00
[2025-05-21T23:44:30.070+0000] {processor.py:208} INFO - Processing /home/airflow/.local/lib/python3.12/site-packages/airflow/example_dags/example_nested_branch_dag.py took 0.230 seconds
[2025-05-21T23:45:00.718+0000] {processor.py:186} INFO - Started process (PID=573) to work on /home/airflow/.local/lib/python3.12/site-packages/airflow/example_dags/example_nested_branch_dag.py
[2025-05-21T23:45:00.721+0000] {processor.py:914} INFO - Processing file /home/airflow/.local/lib/python3.12/site-packages/airflow/example_dags/example_nested_branch_dag.py for tasks to queue
[2025-05-21T23:45:00.730+0000] {logging_mixin.py:190} INFO - [2025-05-21T23:45:00.728+0000] {dagbag.py:588} INFO - Filling up the DagBag from /home/airflow/.local/lib/python3.12/site-packages/airflow/example_dags/example_nested_branch_dag.py
[2025-05-21T23:45:00.763+0000] {processor.py:925} INFO - DAG(s) 'example_nested_branch_dag' retrieved from /home/airflow/.local/lib/python3.12/site-packages/airflow/example_dags/example_nested_branch_dag.py
[2025-05-21T23:45:00.828+0000] {logging_mixin.py:190} INFO - [2025-05-21T23:45:00.827+0000] {dag.py:3239} INFO - Sync 1 DAGs
[2025-05-21T23:45:00.885+0000] {logging_mixin.py:190} INFO - [2025-05-21T23:45:00.885+0000] {dag.py:4180} INFO - Setting next_dagrun for example_nested_branch_dag to 2025-05-20 00:00:00+00:00, run_after=2025-05-21 00:00:00+00:00
[2025-05-21T23:45:00.967+0000] {processor.py:208} INFO - Processing /home/airflow/.local/lib/python3.12/site-packages/airflow/example_dags/example_nested_branch_dag.py took 0.266 seconds
