[2025-05-21T23:15:58.436+0000] {processor.py:186} INFO - Started process (PID=135) to work on /home/airflow/.local/lib/python3.12/site-packages/airflow/example_dags/example_python_decorator.py
[2025-05-21T23:15:58.438+0000] {processor.py:914} INFO - Processing file /home/airflow/.local/lib/python3.12/site-packages/airflow/example_dags/example_python_decorator.py for tasks to queue
[2025-05-21T23:15:58.443+0000] {logging_mixin.py:190} INFO - [2025-05-21T23:15:58.442+0000] {dagbag.py:588} INFO - Filling up the DagBag from /home/airflow/.local/lib/python3.12/site-packages/airflow/example_dags/example_python_decorator.py
[2025-05-21T23:15:58.478+0000] {processor.py:925} INFO - DAG(s) 'example_python_decorator' retrieved from /home/airflow/.local/lib/python3.12/site-packages/airflow/example_dags/example_python_decorator.py
[2025-05-21T23:15:58.767+0000] {logging_mixin.py:190} INFO - [2025-05-21T23:15:58.766+0000] {override.py:1930} INFO - Created Permission View: can delete on DAG:example_python_decorator
[2025-05-21T23:15:58.789+0000] {logging_mixin.py:190} INFO - [2025-05-21T23:15:58.788+0000] {override.py:1930} INFO - Created Permission View: can read on DAG:example_python_decorator
[2025-05-21T23:15:58.805+0000] {logging_mixin.py:190} INFO - [2025-05-21T23:15:58.804+0000] {override.py:1930} INFO - Created Permission View: can edit on DAG:example_python_decorator
[2025-05-21T23:15:58.824+0000] {logging_mixin.py:190} INFO - [2025-05-21T23:15:58.823+0000] {override.py:1930} INFO - Created Permission View: can delete on DAG Run:example_python_decorator
[2025-05-21T23:15:58.839+0000] {logging_mixin.py:190} INFO - [2025-05-21T23:15:58.839+0000] {override.py:1930} INFO - Created Permission View: can read on DAG Run:example_python_decorator
[2025-05-21T23:15:58.854+0000] {logging_mixin.py:190} INFO - [2025-05-21T23:15:58.854+0000] {override.py:1930} INFO - Created Permission View: menu access on DAG Run:example_python_decorator
[2025-05-21T23:15:58.870+0000] {logging_mixin.py:190} INFO - [2025-05-21T23:15:58.870+0000] {override.py:1930} INFO - Created Permission View: can create on DAG Run:example_python_decorator
[2025-05-21T23:15:58.872+0000] {logging_mixin.py:190} INFO - [2025-05-21T23:15:58.871+0000] {dag.py:3239} INFO - Sync 1 DAGs
[2025-05-21T23:15:58.900+0000] {logging_mixin.py:190} INFO - [2025-05-21T23:15:58.900+0000] {dag.py:3262} INFO - Creating ORM DAG for example_python_decorator
[2025-05-21T23:15:58.903+0000] {logging_mixin.py:190} INFO - [2025-05-21T23:15:58.902+0000] {dag.py:4180} INFO - Setting next_dagrun for example_python_decorator to None, run_after=None
[2025-05-21T23:15:58.939+0000] {processor.py:208} INFO - Processing /home/airflow/.local/lib/python3.12/site-packages/airflow/example_dags/example_python_decorator.py took 0.513 seconds
[2025-05-21T23:16:29.076+0000] {processor.py:186} INFO - Started process (PID=200) to work on /home/airflow/.local/lib/python3.12/site-packages/airflow/example_dags/example_python_decorator.py
[2025-05-21T23:16:29.078+0000] {processor.py:914} INFO - Processing file /home/airflow/.local/lib/python3.12/site-packages/airflow/example_dags/example_python_decorator.py for tasks to queue
[2025-05-21T23:16:29.082+0000] {logging_mixin.py:190} INFO - [2025-05-21T23:16:29.081+0000] {dagbag.py:588} INFO - Filling up the DagBag from /home/airflow/.local/lib/python3.12/site-packages/airflow/example_dags/example_python_decorator.py
[2025-05-21T23:16:29.119+0000] {processor.py:925} INFO - DAG(s) 'example_python_decorator' retrieved from /home/airflow/.local/lib/python3.12/site-packages/airflow/example_dags/example_python_decorator.py
[2025-05-21T23:16:29.174+0000] {logging_mixin.py:190} INFO - [2025-05-21T23:16:29.174+0000] {dag.py:3239} INFO - Sync 1 DAGs
[2025-05-21T23:16:29.215+0000] {logging_mixin.py:190} INFO - [2025-05-21T23:16:29.215+0000] {dag.py:4180} INFO - Setting next_dagrun for example_python_decorator to None, run_after=None
[2025-05-21T23:16:29.261+0000] {processor.py:208} INFO - Processing /home/airflow/.local/lib/python3.12/site-packages/airflow/example_dags/example_python_decorator.py took 0.204 seconds
[2025-05-21T23:16:59.499+0000] {processor.py:186} INFO - Started process (PID=269) to work on /home/airflow/.local/lib/python3.12/site-packages/airflow/example_dags/example_python_decorator.py
[2025-05-21T23:16:59.501+0000] {processor.py:914} INFO - Processing file /home/airflow/.local/lib/python3.12/site-packages/airflow/example_dags/example_python_decorator.py for tasks to queue
[2025-05-21T23:16:59.506+0000] {logging_mixin.py:190} INFO - [2025-05-21T23:16:59.506+0000] {dagbag.py:588} INFO - Filling up the DagBag from /home/airflow/.local/lib/python3.12/site-packages/airflow/example_dags/example_python_decorator.py
[2025-05-21T23:16:59.538+0000] {processor.py:925} INFO - DAG(s) 'example_python_decorator' retrieved from /home/airflow/.local/lib/python3.12/site-packages/airflow/example_dags/example_python_decorator.py
[2025-05-21T23:16:59.595+0000] {logging_mixin.py:190} INFO - [2025-05-21T23:16:59.595+0000] {dag.py:3239} INFO - Sync 1 DAGs
[2025-05-21T23:16:59.630+0000] {logging_mixin.py:190} INFO - [2025-05-21T23:16:59.630+0000] {dag.py:4180} INFO - Setting next_dagrun for example_python_decorator to None, run_after=None
[2025-05-21T23:16:59.757+0000] {processor.py:208} INFO - Processing /home/airflow/.local/lib/python3.12/site-packages/airflow/example_dags/example_python_decorator.py took 0.271 seconds
[2025-05-21T23:17:29.938+0000] {processor.py:186} INFO - Started process (PID=335) to work on /home/airflow/.local/lib/python3.12/site-packages/airflow/example_dags/example_python_decorator.py
[2025-05-21T23:17:29.940+0000] {processor.py:914} INFO - Processing file /home/airflow/.local/lib/python3.12/site-packages/airflow/example_dags/example_python_decorator.py for tasks to queue
[2025-05-21T23:17:29.945+0000] {logging_mixin.py:190} INFO - [2025-05-21T23:17:29.945+0000] {dagbag.py:588} INFO - Filling up the DagBag from /home/airflow/.local/lib/python3.12/site-packages/airflow/example_dags/example_python_decorator.py
[2025-05-21T23:17:29.981+0000] {processor.py:925} INFO - DAG(s) 'example_python_decorator' retrieved from /home/airflow/.local/lib/python3.12/site-packages/airflow/example_dags/example_python_decorator.py
[2025-05-21T23:17:30.029+0000] {logging_mixin.py:190} INFO - [2025-05-21T23:17:30.028+0000] {dag.py:3239} INFO - Sync 1 DAGs
[2025-05-21T23:17:30.058+0000] {logging_mixin.py:190} INFO - [2025-05-21T23:17:30.057+0000] {dag.py:4180} INFO - Setting next_dagrun for example_python_decorator to None, run_after=None
[2025-05-21T23:17:30.163+0000] {processor.py:208} INFO - Processing /home/airflow/.local/lib/python3.12/site-packages/airflow/example_dags/example_python_decorator.py took 0.238 seconds
[2025-05-21T23:18:00.378+0000] {processor.py:186} INFO - Started process (PID=401) to work on /home/airflow/.local/lib/python3.12/site-packages/airflow/example_dags/example_python_decorator.py
[2025-05-21T23:18:00.380+0000] {processor.py:914} INFO - Processing file /home/airflow/.local/lib/python3.12/site-packages/airflow/example_dags/example_python_decorator.py for tasks to queue
[2025-05-21T23:18:00.385+0000] {logging_mixin.py:190} INFO - [2025-05-21T23:18:00.384+0000] {dagbag.py:588} INFO - Filling up the DagBag from /home/airflow/.local/lib/python3.12/site-packages/airflow/example_dags/example_python_decorator.py
[2025-05-21T23:18:00.414+0000] {processor.py:925} INFO - DAG(s) 'example_python_decorator' retrieved from /home/airflow/.local/lib/python3.12/site-packages/airflow/example_dags/example_python_decorator.py
[2025-05-21T23:18:00.465+0000] {logging_mixin.py:190} INFO - [2025-05-21T23:18:00.465+0000] {dag.py:3239} INFO - Sync 1 DAGs
[2025-05-21T23:18:00.498+0000] {logging_mixin.py:190} INFO - [2025-05-21T23:18:00.497+0000] {dag.py:4180} INFO - Setting next_dagrun for example_python_decorator to None, run_after=None
[2025-05-21T23:18:00.605+0000] {processor.py:208} INFO - Processing /home/airflow/.local/lib/python3.12/site-packages/airflow/example_dags/example_python_decorator.py took 0.239 seconds
[2025-05-21T23:18:30.873+0000] {processor.py:186} INFO - Started process (PID=467) to work on /home/airflow/.local/lib/python3.12/site-packages/airflow/example_dags/example_python_decorator.py
[2025-05-21T23:18:30.875+0000] {processor.py:914} INFO - Processing file /home/airflow/.local/lib/python3.12/site-packages/airflow/example_dags/example_python_decorator.py for tasks to queue
[2025-05-21T23:18:30.880+0000] {logging_mixin.py:190} INFO - [2025-05-21T23:18:30.879+0000] {dagbag.py:588} INFO - Filling up the DagBag from /home/airflow/.local/lib/python3.12/site-packages/airflow/example_dags/example_python_decorator.py
[2025-05-21T23:18:30.911+0000] {processor.py:925} INFO - DAG(s) 'example_python_decorator' retrieved from /home/airflow/.local/lib/python3.12/site-packages/airflow/example_dags/example_python_decorator.py
[2025-05-21T23:18:30.963+0000] {logging_mixin.py:190} INFO - [2025-05-21T23:18:30.963+0000] {dag.py:3239} INFO - Sync 1 DAGs
[2025-05-21T23:18:30.993+0000] {logging_mixin.py:190} INFO - [2025-05-21T23:18:30.992+0000] {dag.py:4180} INFO - Setting next_dagrun for example_python_decorator to None, run_after=None
[2025-05-21T23:18:31.098+0000] {processor.py:208} INFO - Processing /home/airflow/.local/lib/python3.12/site-packages/airflow/example_dags/example_python_decorator.py took 0.236 seconds
[2025-05-21T23:19:01.237+0000] {processor.py:186} INFO - Started process (PID=532) to work on /home/airflow/.local/lib/python3.12/site-packages/airflow/example_dags/example_python_decorator.py
[2025-05-21T23:19:01.239+0000] {processor.py:914} INFO - Processing file /home/airflow/.local/lib/python3.12/site-packages/airflow/example_dags/example_python_decorator.py for tasks to queue
[2025-05-21T23:19:01.244+0000] {logging_mixin.py:190} INFO - [2025-05-21T23:19:01.244+0000] {dagbag.py:588} INFO - Filling up the DagBag from /home/airflow/.local/lib/python3.12/site-packages/airflow/example_dags/example_python_decorator.py
[2025-05-21T23:19:01.276+0000] {processor.py:925} INFO - DAG(s) 'example_python_decorator' retrieved from /home/airflow/.local/lib/python3.12/site-packages/airflow/example_dags/example_python_decorator.py
[2025-05-21T23:19:01.325+0000] {logging_mixin.py:190} INFO - [2025-05-21T23:19:01.324+0000] {dag.py:3239} INFO - Sync 1 DAGs
[2025-05-21T23:19:01.357+0000] {logging_mixin.py:190} INFO - [2025-05-21T23:19:01.356+0000] {dag.py:4180} INFO - Setting next_dagrun for example_python_decorator to None, run_after=None
[2025-05-21T23:19:01.396+0000] {processor.py:208} INFO - Processing /home/airflow/.local/lib/python3.12/site-packages/airflow/example_dags/example_python_decorator.py took 0.169 seconds
[2025-05-21T23:19:31.738+0000] {processor.py:186} INFO - Started process (PID=598) to work on /home/airflow/.local/lib/python3.12/site-packages/airflow/example_dags/example_python_decorator.py
[2025-05-21T23:19:31.741+0000] {processor.py:914} INFO - Processing file /home/airflow/.local/lib/python3.12/site-packages/airflow/example_dags/example_python_decorator.py for tasks to queue
[2025-05-21T23:19:31.744+0000] {logging_mixin.py:190} INFO - [2025-05-21T23:19:31.744+0000] {dagbag.py:588} INFO - Filling up the DagBag from /home/airflow/.local/lib/python3.12/site-packages/airflow/example_dags/example_python_decorator.py
[2025-05-21T23:19:31.782+0000] {processor.py:925} INFO - DAG(s) 'example_python_decorator' retrieved from /home/airflow/.local/lib/python3.12/site-packages/airflow/example_dags/example_python_decorator.py
[2025-05-21T23:19:31.842+0000] {logging_mixin.py:190} INFO - [2025-05-21T23:19:31.842+0000] {dag.py:3239} INFO - Sync 1 DAGs
[2025-05-21T23:19:31.884+0000] {logging_mixin.py:190} INFO - [2025-05-21T23:19:31.883+0000] {dag.py:4180} INFO - Setting next_dagrun for example_python_decorator to None, run_after=None
[2025-05-21T23:19:31.930+0000] {processor.py:208} INFO - Processing /home/airflow/.local/lib/python3.12/site-packages/airflow/example_dags/example_python_decorator.py took 0.205 seconds
[2025-05-21T23:20:02.125+0000] {processor.py:186} INFO - Started process (PID=663) to work on /home/airflow/.local/lib/python3.12/site-packages/airflow/example_dags/example_python_decorator.py
[2025-05-21T23:20:02.151+0000] {processor.py:914} INFO - Processing file /home/airflow/.local/lib/python3.12/site-packages/airflow/example_dags/example_python_decorator.py for tasks to queue
[2025-05-21T23:20:02.159+0000] {logging_mixin.py:190} INFO - [2025-05-21T23:20:02.158+0000] {dagbag.py:588} INFO - Filling up the DagBag from /home/airflow/.local/lib/python3.12/site-packages/airflow/example_dags/example_python_decorator.py
[2025-05-21T23:20:02.212+0000] {processor.py:925} INFO - DAG(s) 'example_python_decorator' retrieved from /home/airflow/.local/lib/python3.12/site-packages/airflow/example_dags/example_python_decorator.py
[2025-05-21T23:20:02.274+0000] {logging_mixin.py:190} INFO - [2025-05-21T23:20:02.273+0000] {dag.py:3239} INFO - Sync 1 DAGs
[2025-05-21T23:20:02.307+0000] {logging_mixin.py:190} INFO - [2025-05-21T23:20:02.307+0000] {dag.py:4180} INFO - Setting next_dagrun for example_python_decorator to None, run_after=None
[2025-05-21T23:20:02.404+0000] {processor.py:208} INFO - Processing /home/airflow/.local/lib/python3.12/site-packages/airflow/example_dags/example_python_decorator.py took 0.298 seconds
[2025-05-21T23:20:32.784+0000] {processor.py:186} INFO - Started process (PID=729) to work on /home/airflow/.local/lib/python3.12/site-packages/airflow/example_dags/example_python_decorator.py
[2025-05-21T23:20:32.786+0000] {processor.py:914} INFO - Processing file /home/airflow/.local/lib/python3.12/site-packages/airflow/example_dags/example_python_decorator.py for tasks to queue
[2025-05-21T23:20:32.789+0000] {logging_mixin.py:190} INFO - [2025-05-21T23:20:32.789+0000] {dagbag.py:588} INFO - Filling up the DagBag from /home/airflow/.local/lib/python3.12/site-packages/airflow/example_dags/example_python_decorator.py
[2025-05-21T23:20:32.817+0000] {processor.py:925} INFO - DAG(s) 'example_python_decorator' retrieved from /home/airflow/.local/lib/python3.12/site-packages/airflow/example_dags/example_python_decorator.py
[2025-05-21T23:20:32.865+0000] {logging_mixin.py:190} INFO - [2025-05-21T23:20:32.864+0000] {dag.py:3239} INFO - Sync 1 DAGs
[2025-05-21T23:20:32.897+0000] {logging_mixin.py:190} INFO - [2025-05-21T23:20:32.896+0000] {dag.py:4180} INFO - Setting next_dagrun for example_python_decorator to None, run_after=None
[2025-05-21T23:20:33.000+0000] {processor.py:208} INFO - Processing /home/airflow/.local/lib/python3.12/site-packages/airflow/example_dags/example_python_decorator.py took 0.227 seconds
[2025-05-21T23:21:03.560+0000] {processor.py:186} INFO - Started process (PID=796) to work on /home/airflow/.local/lib/python3.12/site-packages/airflow/example_dags/example_python_decorator.py
[2025-05-21T23:21:03.562+0000] {processor.py:914} INFO - Processing file /home/airflow/.local/lib/python3.12/site-packages/airflow/example_dags/example_python_decorator.py for tasks to queue
[2025-05-21T23:21:03.566+0000] {logging_mixin.py:190} INFO - [2025-05-21T23:21:03.565+0000] {dagbag.py:588} INFO - Filling up the DagBag from /home/airflow/.local/lib/python3.12/site-packages/airflow/example_dags/example_python_decorator.py
[2025-05-21T23:21:03.594+0000] {processor.py:925} INFO - DAG(s) 'example_python_decorator' retrieved from /home/airflow/.local/lib/python3.12/site-packages/airflow/example_dags/example_python_decorator.py
[2025-05-21T23:21:03.638+0000] {logging_mixin.py:190} INFO - [2025-05-21T23:21:03.637+0000] {dag.py:3239} INFO - Sync 1 DAGs
[2025-05-21T23:21:03.668+0000] {logging_mixin.py:190} INFO - [2025-05-21T23:21:03.667+0000] {dag.py:4180} INFO - Setting next_dagrun for example_python_decorator to None, run_after=None
[2025-05-21T23:21:03.773+0000] {processor.py:208} INFO - Processing /home/airflow/.local/lib/python3.12/site-packages/airflow/example_dags/example_python_decorator.py took 0.224 seconds
[2025-05-21T23:21:33.885+0000] {processor.py:186} INFO - Started process (PID=861) to work on /home/airflow/.local/lib/python3.12/site-packages/airflow/example_dags/example_python_decorator.py
[2025-05-21T23:21:33.888+0000] {processor.py:914} INFO - Processing file /home/airflow/.local/lib/python3.12/site-packages/airflow/example_dags/example_python_decorator.py for tasks to queue
[2025-05-21T23:21:33.893+0000] {logging_mixin.py:190} INFO - [2025-05-21T23:21:33.892+0000] {dagbag.py:588} INFO - Filling up the DagBag from /home/airflow/.local/lib/python3.12/site-packages/airflow/example_dags/example_python_decorator.py
[2025-05-21T23:21:33.926+0000] {processor.py:925} INFO - DAG(s) 'example_python_decorator' retrieved from /home/airflow/.local/lib/python3.12/site-packages/airflow/example_dags/example_python_decorator.py
[2025-05-21T23:21:33.978+0000] {logging_mixin.py:190} INFO - [2025-05-21T23:21:33.978+0000] {dag.py:3239} INFO - Sync 1 DAGs
[2025-05-21T23:21:34.015+0000] {logging_mixin.py:190} INFO - [2025-05-21T23:21:34.014+0000] {dag.py:4180} INFO - Setting next_dagrun for example_python_decorator to None, run_after=None
[2025-05-21T23:21:34.098+0000] {processor.py:208} INFO - Processing /home/airflow/.local/lib/python3.12/site-packages/airflow/example_dags/example_python_decorator.py took 0.228 seconds
[2025-05-21T23:22:04.752+0000] {processor.py:186} INFO - Started process (PID=928) to work on /home/airflow/.local/lib/python3.12/site-packages/airflow/example_dags/example_python_decorator.py
[2025-05-21T23:22:04.754+0000] {processor.py:914} INFO - Processing file /home/airflow/.local/lib/python3.12/site-packages/airflow/example_dags/example_python_decorator.py for tasks to queue
[2025-05-21T23:22:04.758+0000] {logging_mixin.py:190} INFO - [2025-05-21T23:22:04.757+0000] {dagbag.py:588} INFO - Filling up the DagBag from /home/airflow/.local/lib/python3.12/site-packages/airflow/example_dags/example_python_decorator.py
[2025-05-21T23:22:04.789+0000] {processor.py:925} INFO - DAG(s) 'example_python_decorator' retrieved from /home/airflow/.local/lib/python3.12/site-packages/airflow/example_dags/example_python_decorator.py
[2025-05-21T23:22:04.841+0000] {logging_mixin.py:190} INFO - [2025-05-21T23:22:04.840+0000] {dag.py:3239} INFO - Sync 1 DAGs
[2025-05-21T23:22:04.875+0000] {logging_mixin.py:190} INFO - [2025-05-21T23:22:04.875+0000] {dag.py:4180} INFO - Setting next_dagrun for example_python_decorator to None, run_after=None
[2025-05-21T23:22:04.911+0000] {processor.py:208} INFO - Processing /home/airflow/.local/lib/python3.12/site-packages/airflow/example_dags/example_python_decorator.py took 0.171 seconds
[2025-05-21T23:22:35.589+0000] {processor.py:186} INFO - Started process (PID=994) to work on /home/airflow/.local/lib/python3.12/site-packages/airflow/example_dags/example_python_decorator.py
[2025-05-21T23:22:35.591+0000] {processor.py:914} INFO - Processing file /home/airflow/.local/lib/python3.12/site-packages/airflow/example_dags/example_python_decorator.py for tasks to queue
[2025-05-21T23:22:35.595+0000] {logging_mixin.py:190} INFO - [2025-05-21T23:22:35.595+0000] {dagbag.py:588} INFO - Filling up the DagBag from /home/airflow/.local/lib/python3.12/site-packages/airflow/example_dags/example_python_decorator.py
[2025-05-21T23:22:35.629+0000] {processor.py:925} INFO - DAG(s) 'example_python_decorator' retrieved from /home/airflow/.local/lib/python3.12/site-packages/airflow/example_dags/example_python_decorator.py
[2025-05-21T23:22:35.690+0000] {logging_mixin.py:190} INFO - [2025-05-21T23:22:35.690+0000] {dag.py:3239} INFO - Sync 1 DAGs
[2025-05-21T23:22:35.731+0000] {logging_mixin.py:190} INFO - [2025-05-21T23:22:35.731+0000] {dag.py:4180} INFO - Setting next_dagrun for example_python_decorator to None, run_after=None
[2025-05-21T23:22:35.837+0000] {processor.py:208} INFO - Processing /home/airflow/.local/lib/python3.12/site-packages/airflow/example_dags/example_python_decorator.py took 0.260 seconds
[2025-05-21T23:23:06.519+0000] {processor.py:186} INFO - Started process (PID=1060) to work on /home/airflow/.local/lib/python3.12/site-packages/airflow/example_dags/example_python_decorator.py
[2025-05-21T23:23:06.521+0000] {processor.py:914} INFO - Processing file /home/airflow/.local/lib/python3.12/site-packages/airflow/example_dags/example_python_decorator.py for tasks to queue
[2025-05-21T23:23:06.526+0000] {logging_mixin.py:190} INFO - [2025-05-21T23:23:06.525+0000] {dagbag.py:588} INFO - Filling up the DagBag from /home/airflow/.local/lib/python3.12/site-packages/airflow/example_dags/example_python_decorator.py
[2025-05-21T23:23:06.559+0000] {processor.py:925} INFO - DAG(s) 'example_python_decorator' retrieved from /home/airflow/.local/lib/python3.12/site-packages/airflow/example_dags/example_python_decorator.py
[2025-05-21T23:23:06.604+0000] {logging_mixin.py:190} INFO - [2025-05-21T23:23:06.604+0000] {dag.py:3239} INFO - Sync 1 DAGs
[2025-05-21T23:23:06.634+0000] {logging_mixin.py:190} INFO - [2025-05-21T23:23:06.633+0000] {dag.py:4180} INFO - Setting next_dagrun for example_python_decorator to None, run_after=None
[2025-05-21T23:23:06.738+0000] {processor.py:208} INFO - Processing /home/airflow/.local/lib/python3.12/site-packages/airflow/example_dags/example_python_decorator.py took 0.229 seconds
[2025-05-21T23:23:36.888+0000] {processor.py:186} INFO - Started process (PID=1125) to work on /home/airflow/.local/lib/python3.12/site-packages/airflow/example_dags/example_python_decorator.py
[2025-05-21T23:23:36.896+0000] {processor.py:914} INFO - Processing file /home/airflow/.local/lib/python3.12/site-packages/airflow/example_dags/example_python_decorator.py for tasks to queue
[2025-05-21T23:23:36.901+0000] {logging_mixin.py:190} INFO - [2025-05-21T23:23:36.900+0000] {dagbag.py:588} INFO - Filling up the DagBag from /home/airflow/.local/lib/python3.12/site-packages/airflow/example_dags/example_python_decorator.py
[2025-05-21T23:23:36.929+0000] {processor.py:925} INFO - DAG(s) 'example_python_decorator' retrieved from /home/airflow/.local/lib/python3.12/site-packages/airflow/example_dags/example_python_decorator.py
[2025-05-21T23:23:36.981+0000] {logging_mixin.py:190} INFO - [2025-05-21T23:23:36.981+0000] {dag.py:3239} INFO - Sync 1 DAGs
[2025-05-21T23:23:37.012+0000] {logging_mixin.py:190} INFO - [2025-05-21T23:23:37.011+0000] {dag.py:4180} INFO - Setting next_dagrun for example_python_decorator to None, run_after=None
[2025-05-21T23:23:37.117+0000] {processor.py:208} INFO - Processing /home/airflow/.local/lib/python3.12/site-packages/airflow/example_dags/example_python_decorator.py took 0.248 seconds
[2025-05-21T23:24:07.362+0000] {processor.py:186} INFO - Started process (PID=1191) to work on /home/airflow/.local/lib/python3.12/site-packages/airflow/example_dags/example_python_decorator.py
[2025-05-21T23:24:07.365+0000] {processor.py:914} INFO - Processing file /home/airflow/.local/lib/python3.12/site-packages/airflow/example_dags/example_python_decorator.py for tasks to queue
[2025-05-21T23:24:07.369+0000] {logging_mixin.py:190} INFO - [2025-05-21T23:24:07.368+0000] {dagbag.py:588} INFO - Filling up the DagBag from /home/airflow/.local/lib/python3.12/site-packages/airflow/example_dags/example_python_decorator.py
[2025-05-21T23:24:07.403+0000] {processor.py:925} INFO - DAG(s) 'example_python_decorator' retrieved from /home/airflow/.local/lib/python3.12/site-packages/airflow/example_dags/example_python_decorator.py
[2025-05-21T23:24:07.449+0000] {logging_mixin.py:190} INFO - [2025-05-21T23:24:07.448+0000] {dag.py:3239} INFO - Sync 1 DAGs
[2025-05-21T23:24:07.477+0000] {logging_mixin.py:190} INFO - [2025-05-21T23:24:07.476+0000] {dag.py:4180} INFO - Setting next_dagrun for example_python_decorator to None, run_after=None
[2025-05-21T23:24:07.569+0000] {processor.py:208} INFO - Processing /home/airflow/.local/lib/python3.12/site-packages/airflow/example_dags/example_python_decorator.py took 0.221 seconds
[2025-05-21T23:24:37.715+0000] {processor.py:186} INFO - Started process (PID=1257) to work on /home/airflow/.local/lib/python3.12/site-packages/airflow/example_dags/example_python_decorator.py
[2025-05-21T23:24:37.717+0000] {processor.py:914} INFO - Processing file /home/airflow/.local/lib/python3.12/site-packages/airflow/example_dags/example_python_decorator.py for tasks to queue
[2025-05-21T23:24:37.721+0000] {logging_mixin.py:190} INFO - [2025-05-21T23:24:37.721+0000] {dagbag.py:588} INFO - Filling up the DagBag from /home/airflow/.local/lib/python3.12/site-packages/airflow/example_dags/example_python_decorator.py
[2025-05-21T23:24:37.752+0000] {processor.py:925} INFO - DAG(s) 'example_python_decorator' retrieved from /home/airflow/.local/lib/python3.12/site-packages/airflow/example_dags/example_python_decorator.py
[2025-05-21T23:24:37.804+0000] {logging_mixin.py:190} INFO - [2025-05-21T23:24:37.804+0000] {dag.py:3239} INFO - Sync 1 DAGs
[2025-05-21T23:24:37.839+0000] {logging_mixin.py:190} INFO - [2025-05-21T23:24:37.839+0000] {dag.py:4180} INFO - Setting next_dagrun for example_python_decorator to None, run_after=None
[2025-05-21T23:24:37.875+0000] {processor.py:208} INFO - Processing /home/airflow/.local/lib/python3.12/site-packages/airflow/example_dags/example_python_decorator.py took 0.171 seconds
[2025-05-21T23:25:08.532+0000] {processor.py:186} INFO - Started process (PID=1324) to work on /home/airflow/.local/lib/python3.12/site-packages/airflow/example_dags/example_python_decorator.py
[2025-05-21T23:25:08.534+0000] {processor.py:914} INFO - Processing file /home/airflow/.local/lib/python3.12/site-packages/airflow/example_dags/example_python_decorator.py for tasks to queue
[2025-05-21T23:25:08.538+0000] {logging_mixin.py:190} INFO - [2025-05-21T23:25:08.537+0000] {dagbag.py:588} INFO - Filling up the DagBag from /home/airflow/.local/lib/python3.12/site-packages/airflow/example_dags/example_python_decorator.py
[2025-05-21T23:25:08.573+0000] {processor.py:925} INFO - DAG(s) 'example_python_decorator' retrieved from /home/airflow/.local/lib/python3.12/site-packages/airflow/example_dags/example_python_decorator.py
[2025-05-21T23:25:08.627+0000] {logging_mixin.py:190} INFO - [2025-05-21T23:25:08.626+0000] {dag.py:3239} INFO - Sync 1 DAGs
[2025-05-21T23:25:08.662+0000] {logging_mixin.py:190} INFO - [2025-05-21T23:25:08.661+0000] {dag.py:4180} INFO - Setting next_dagrun for example_python_decorator to None, run_after=None
[2025-05-21T23:25:08.709+0000] {processor.py:208} INFO - Processing /home/airflow/.local/lib/python3.12/site-packages/airflow/example_dags/example_python_decorator.py took 0.192 seconds
[2025-05-21T23:25:39.922+0000] {processor.py:186} INFO - Started process (PID=1390) to work on /home/airflow/.local/lib/python3.12/site-packages/airflow/example_dags/example_python_decorator.py
[2025-05-21T23:25:39.924+0000] {processor.py:914} INFO - Processing file /home/airflow/.local/lib/python3.12/site-packages/airflow/example_dags/example_python_decorator.py for tasks to queue
[2025-05-21T23:25:39.929+0000] {logging_mixin.py:190} INFO - [2025-05-21T23:25:39.928+0000] {dagbag.py:588} INFO - Filling up the DagBag from /home/airflow/.local/lib/python3.12/site-packages/airflow/example_dags/example_python_decorator.py
[2025-05-21T23:25:39.955+0000] {processor.py:925} INFO - DAG(s) 'example_python_decorator' retrieved from /home/airflow/.local/lib/python3.12/site-packages/airflow/example_dags/example_python_decorator.py
[2025-05-21T23:25:40.001+0000] {logging_mixin.py:190} INFO - [2025-05-21T23:25:40.000+0000] {dag.py:3239} INFO - Sync 1 DAGs
[2025-05-21T23:25:40.029+0000] {logging_mixin.py:190} INFO - [2025-05-21T23:25:40.029+0000] {dag.py:4180} INFO - Setting next_dagrun for example_python_decorator to None, run_after=None
[2025-05-21T23:25:40.072+0000] {processor.py:208} INFO - Processing /home/airflow/.local/lib/python3.12/site-packages/airflow/example_dags/example_python_decorator.py took 0.160 seconds
[2025-05-21T23:26:10.592+0000] {processor.py:186} INFO - Started process (PID=1456) to work on /home/airflow/.local/lib/python3.12/site-packages/airflow/example_dags/example_python_decorator.py
[2025-05-21T23:26:10.594+0000] {processor.py:914} INFO - Processing file /home/airflow/.local/lib/python3.12/site-packages/airflow/example_dags/example_python_decorator.py for tasks to queue
[2025-05-21T23:26:10.598+0000] {logging_mixin.py:190} INFO - [2025-05-21T23:26:10.598+0000] {dagbag.py:588} INFO - Filling up the DagBag from /home/airflow/.local/lib/python3.12/site-packages/airflow/example_dags/example_python_decorator.py
[2025-05-21T23:26:10.625+0000] {processor.py:925} INFO - DAG(s) 'example_python_decorator' retrieved from /home/airflow/.local/lib/python3.12/site-packages/airflow/example_dags/example_python_decorator.py
[2025-05-21T23:26:10.675+0000] {logging_mixin.py:190} INFO - [2025-05-21T23:26:10.674+0000] {dag.py:3239} INFO - Sync 1 DAGs
[2025-05-21T23:26:10.707+0000] {logging_mixin.py:190} INFO - [2025-05-21T23:26:10.707+0000] {dag.py:4180} INFO - Setting next_dagrun for example_python_decorator to None, run_after=None
[2025-05-21T23:26:10.791+0000] {processor.py:208} INFO - Processing /home/airflow/.local/lib/python3.12/site-packages/airflow/example_dags/example_python_decorator.py took 0.209 seconds
[2025-05-21T23:26:42.143+0000] {processor.py:186} INFO - Started process (PID=1521) to work on /home/airflow/.local/lib/python3.12/site-packages/airflow/example_dags/example_python_decorator.py
[2025-05-21T23:26:42.145+0000] {processor.py:914} INFO - Processing file /home/airflow/.local/lib/python3.12/site-packages/airflow/example_dags/example_python_decorator.py for tasks to queue
[2025-05-21T23:26:42.150+0000] {logging_mixin.py:190} INFO - [2025-05-21T23:26:42.149+0000] {dagbag.py:588} INFO - Filling up the DagBag from /home/airflow/.local/lib/python3.12/site-packages/airflow/example_dags/example_python_decorator.py
[2025-05-21T23:26:42.179+0000] {processor.py:925} INFO - DAG(s) 'example_python_decorator' retrieved from /home/airflow/.local/lib/python3.12/site-packages/airflow/example_dags/example_python_decorator.py
[2025-05-21T23:26:42.230+0000] {logging_mixin.py:190} INFO - [2025-05-21T23:26:42.229+0000] {dag.py:3239} INFO - Sync 1 DAGs
[2025-05-21T23:26:42.259+0000] {logging_mixin.py:190} INFO - [2025-05-21T23:26:42.259+0000] {dag.py:4180} INFO - Setting next_dagrun for example_python_decorator to None, run_after=None
[2025-05-21T23:26:42.309+0000] {processor.py:208} INFO - Processing /home/airflow/.local/lib/python3.12/site-packages/airflow/example_dags/example_python_decorator.py took 0.176 seconds
[2025-05-21T23:27:12.766+0000] {processor.py:186} INFO - Started process (PID=1587) to work on /home/airflow/.local/lib/python3.12/site-packages/airflow/example_dags/example_python_decorator.py
[2025-05-21T23:27:12.768+0000] {processor.py:914} INFO - Processing file /home/airflow/.local/lib/python3.12/site-packages/airflow/example_dags/example_python_decorator.py for tasks to queue
[2025-05-21T23:27:12.775+0000] {logging_mixin.py:190} INFO - [2025-05-21T23:27:12.774+0000] {dagbag.py:588} INFO - Filling up the DagBag from /home/airflow/.local/lib/python3.12/site-packages/airflow/example_dags/example_python_decorator.py
[2025-05-21T23:27:12.829+0000] {processor.py:925} INFO - DAG(s) 'example_python_decorator' retrieved from /home/airflow/.local/lib/python3.12/site-packages/airflow/example_dags/example_python_decorator.py
[2025-05-21T23:27:12.895+0000] {logging_mixin.py:190} INFO - [2025-05-21T23:27:12.895+0000] {dag.py:3239} INFO - Sync 1 DAGs
[2025-05-21T23:27:12.938+0000] {logging_mixin.py:190} INFO - [2025-05-21T23:27:12.937+0000] {dag.py:4180} INFO - Setting next_dagrun for example_python_decorator to None, run_after=None
[2025-05-21T23:27:12.985+0000] {processor.py:208} INFO - Processing /home/airflow/.local/lib/python3.12/site-packages/airflow/example_dags/example_python_decorator.py took 0.233 seconds
[2025-05-21T23:27:43.230+0000] {processor.py:186} INFO - Started process (PID=1652) to work on /home/airflow/.local/lib/python3.12/site-packages/airflow/example_dags/example_python_decorator.py
[2025-05-21T23:27:43.232+0000] {processor.py:914} INFO - Processing file /home/airflow/.local/lib/python3.12/site-packages/airflow/example_dags/example_python_decorator.py for tasks to queue
[2025-05-21T23:27:43.236+0000] {logging_mixin.py:190} INFO - [2025-05-21T23:27:43.236+0000] {dagbag.py:588} INFO - Filling up the DagBag from /home/airflow/.local/lib/python3.12/site-packages/airflow/example_dags/example_python_decorator.py
[2025-05-21T23:27:43.280+0000] {processor.py:925} INFO - DAG(s) 'example_python_decorator' retrieved from /home/airflow/.local/lib/python3.12/site-packages/airflow/example_dags/example_python_decorator.py
[2025-05-21T23:27:43.328+0000] {logging_mixin.py:190} INFO - [2025-05-21T23:27:43.328+0000] {dag.py:3239} INFO - Sync 1 DAGs
[2025-05-21T23:27:43.360+0000] {logging_mixin.py:190} INFO - [2025-05-21T23:27:43.359+0000] {dag.py:4180} INFO - Setting next_dagrun for example_python_decorator to None, run_after=None
[2025-05-21T23:27:43.401+0000] {processor.py:208} INFO - Processing /home/airflow/.local/lib/python3.12/site-packages/airflow/example_dags/example_python_decorator.py took 0.183 seconds
[2025-05-21T23:28:13.577+0000] {processor.py:186} INFO - Started process (PID=1718) to work on /home/airflow/.local/lib/python3.12/site-packages/airflow/example_dags/example_python_decorator.py
[2025-05-21T23:28:13.579+0000] {processor.py:914} INFO - Processing file /home/airflow/.local/lib/python3.12/site-packages/airflow/example_dags/example_python_decorator.py for tasks to queue
[2025-05-21T23:28:13.584+0000] {logging_mixin.py:190} INFO - [2025-05-21T23:28:13.583+0000] {dagbag.py:588} INFO - Filling up the DagBag from /home/airflow/.local/lib/python3.12/site-packages/airflow/example_dags/example_python_decorator.py
[2025-05-21T23:28:13.612+0000] {processor.py:925} INFO - DAG(s) 'example_python_decorator' retrieved from /home/airflow/.local/lib/python3.12/site-packages/airflow/example_dags/example_python_decorator.py
[2025-05-21T23:28:13.662+0000] {logging_mixin.py:190} INFO - [2025-05-21T23:28:13.661+0000] {dag.py:3239} INFO - Sync 1 DAGs
[2025-05-21T23:28:13.695+0000] {logging_mixin.py:190} INFO - [2025-05-21T23:28:13.694+0000] {dag.py:4180} INFO - Setting next_dagrun for example_python_decorator to None, run_after=None
[2025-05-21T23:28:13.741+0000] {processor.py:208} INFO - Processing /home/airflow/.local/lib/python3.12/site-packages/airflow/example_dags/example_python_decorator.py took 0.176 seconds
[2025-05-21T23:28:44.219+0000] {processor.py:186} INFO - Started process (PID=1784) to work on /home/airflow/.local/lib/python3.12/site-packages/airflow/example_dags/example_python_decorator.py
[2025-05-21T23:28:44.221+0000] {processor.py:914} INFO - Processing file /home/airflow/.local/lib/python3.12/site-packages/airflow/example_dags/example_python_decorator.py for tasks to queue
[2025-05-21T23:28:44.225+0000] {logging_mixin.py:190} INFO - [2025-05-21T23:28:44.225+0000] {dagbag.py:588} INFO - Filling up the DagBag from /home/airflow/.local/lib/python3.12/site-packages/airflow/example_dags/example_python_decorator.py
[2025-05-21T23:28:44.253+0000] {processor.py:925} INFO - DAG(s) 'example_python_decorator' retrieved from /home/airflow/.local/lib/python3.12/site-packages/airflow/example_dags/example_python_decorator.py
[2025-05-21T23:28:44.299+0000] {logging_mixin.py:190} INFO - [2025-05-21T23:28:44.298+0000] {dag.py:3239} INFO - Sync 1 DAGs
[2025-05-21T23:28:44.328+0000] {logging_mixin.py:190} INFO - [2025-05-21T23:28:44.327+0000] {dag.py:4180} INFO - Setting next_dagrun for example_python_decorator to None, run_after=None
[2025-05-21T23:28:44.382+0000] {processor.py:208} INFO - Processing /home/airflow/.local/lib/python3.12/site-packages/airflow/example_dags/example_python_decorator.py took 0.174 seconds
[2025-05-21T23:29:14.568+0000] {processor.py:186} INFO - Started process (PID=1850) to work on /home/airflow/.local/lib/python3.12/site-packages/airflow/example_dags/example_python_decorator.py
[2025-05-21T23:29:14.570+0000] {processor.py:914} INFO - Processing file /home/airflow/.local/lib/python3.12/site-packages/airflow/example_dags/example_python_decorator.py for tasks to queue
[2025-05-21T23:29:14.575+0000] {logging_mixin.py:190} INFO - [2025-05-21T23:29:14.574+0000] {dagbag.py:588} INFO - Filling up the DagBag from /home/airflow/.local/lib/python3.12/site-packages/airflow/example_dags/example_python_decorator.py
[2025-05-21T23:29:14.607+0000] {processor.py:925} INFO - DAG(s) 'example_python_decorator' retrieved from /home/airflow/.local/lib/python3.12/site-packages/airflow/example_dags/example_python_decorator.py
[2025-05-21T23:29:14.664+0000] {logging_mixin.py:190} INFO - [2025-05-21T23:29:14.664+0000] {dag.py:3239} INFO - Sync 1 DAGs
[2025-05-21T23:29:14.694+0000] {logging_mixin.py:190} INFO - [2025-05-21T23:29:14.694+0000] {dag.py:4180} INFO - Setting next_dagrun for example_python_decorator to None, run_after=None
[2025-05-21T23:29:14.797+0000] {processor.py:208} INFO - Processing /home/airflow/.local/lib/python3.12/site-packages/airflow/example_dags/example_python_decorator.py took 0.241 seconds
[2025-05-21T23:29:45.196+0000] {processor.py:186} INFO - Started process (PID=1916) to work on /home/airflow/.local/lib/python3.12/site-packages/airflow/example_dags/example_python_decorator.py
[2025-05-21T23:29:45.198+0000] {processor.py:914} INFO - Processing file /home/airflow/.local/lib/python3.12/site-packages/airflow/example_dags/example_python_decorator.py for tasks to queue
[2025-05-21T23:29:45.202+0000] {logging_mixin.py:190} INFO - [2025-05-21T23:29:45.201+0000] {dagbag.py:588} INFO - Filling up the DagBag from /home/airflow/.local/lib/python3.12/site-packages/airflow/example_dags/example_python_decorator.py
[2025-05-21T23:29:45.229+0000] {processor.py:925} INFO - DAG(s) 'example_python_decorator' retrieved from /home/airflow/.local/lib/python3.12/site-packages/airflow/example_dags/example_python_decorator.py
[2025-05-21T23:29:45.273+0000] {logging_mixin.py:190} INFO - [2025-05-21T23:29:45.272+0000] {dag.py:3239} INFO - Sync 1 DAGs
[2025-05-21T23:29:45.301+0000] {logging_mixin.py:190} INFO - [2025-05-21T23:29:45.300+0000] {dag.py:4180} INFO - Setting next_dagrun for example_python_decorator to None, run_after=None
[2025-05-21T23:29:45.414+0000] {processor.py:208} INFO - Processing /home/airflow/.local/lib/python3.12/site-packages/airflow/example_dags/example_python_decorator.py took 0.228 seconds
[2025-05-21T23:30:16.182+0000] {processor.py:186} INFO - Started process (PID=1981) to work on /home/airflow/.local/lib/python3.12/site-packages/airflow/example_dags/example_python_decorator.py
[2025-05-21T23:30:16.184+0000] {processor.py:914} INFO - Processing file /home/airflow/.local/lib/python3.12/site-packages/airflow/example_dags/example_python_decorator.py for tasks to queue
[2025-05-21T23:30:16.189+0000] {logging_mixin.py:190} INFO - [2025-05-21T23:30:16.188+0000] {dagbag.py:588} INFO - Filling up the DagBag from /home/airflow/.local/lib/python3.12/site-packages/airflow/example_dags/example_python_decorator.py
[2025-05-21T23:30:16.220+0000] {processor.py:925} INFO - DAG(s) 'example_python_decorator' retrieved from /home/airflow/.local/lib/python3.12/site-packages/airflow/example_dags/example_python_decorator.py
[2025-05-21T23:30:16.271+0000] {logging_mixin.py:190} INFO - [2025-05-21T23:30:16.270+0000] {dag.py:3239} INFO - Sync 1 DAGs
[2025-05-21T23:30:16.299+0000] {logging_mixin.py:190} INFO - [2025-05-21T23:30:16.299+0000] {dag.py:4180} INFO - Setting next_dagrun for example_python_decorator to None, run_after=None
[2025-05-21T23:30:16.335+0000] {processor.py:208} INFO - Processing /home/airflow/.local/lib/python3.12/site-packages/airflow/example_dags/example_python_decorator.py took 0.164 seconds
[2025-05-21T23:30:46.768+0000] {processor.py:186} INFO - Started process (PID=2047) to work on /home/airflow/.local/lib/python3.12/site-packages/airflow/example_dags/example_python_decorator.py
[2025-05-21T23:30:46.770+0000] {processor.py:914} INFO - Processing file /home/airflow/.local/lib/python3.12/site-packages/airflow/example_dags/example_python_decorator.py for tasks to queue
[2025-05-21T23:30:46.774+0000] {logging_mixin.py:190} INFO - [2025-05-21T23:30:46.773+0000] {dagbag.py:588} INFO - Filling up the DagBag from /home/airflow/.local/lib/python3.12/site-packages/airflow/example_dags/example_python_decorator.py
[2025-05-21T23:30:46.799+0000] {processor.py:925} INFO - DAG(s) 'example_python_decorator' retrieved from /home/airflow/.local/lib/python3.12/site-packages/airflow/example_dags/example_python_decorator.py
[2025-05-21T23:30:46.844+0000] {logging_mixin.py:190} INFO - [2025-05-21T23:30:46.844+0000] {dag.py:3239} INFO - Sync 1 DAGs
[2025-05-21T23:30:46.877+0000] {logging_mixin.py:190} INFO - [2025-05-21T23:30:46.877+0000] {dag.py:4180} INFO - Setting next_dagrun for example_python_decorator to None, run_after=None
[2025-05-21T23:30:46.980+0000] {processor.py:208} INFO - Processing /home/airflow/.local/lib/python3.12/site-packages/airflow/example_dags/example_python_decorator.py took 0.223 seconds
[2025-05-21T23:31:17.334+0000] {processor.py:186} INFO - Started process (PID=2112) to work on /home/airflow/.local/lib/python3.12/site-packages/airflow/example_dags/example_python_decorator.py
[2025-05-21T23:31:17.336+0000] {processor.py:914} INFO - Processing file /home/airflow/.local/lib/python3.12/site-packages/airflow/example_dags/example_python_decorator.py for tasks to queue
[2025-05-21T23:31:17.341+0000] {logging_mixin.py:190} INFO - [2025-05-21T23:31:17.340+0000] {dagbag.py:588} INFO - Filling up the DagBag from /home/airflow/.local/lib/python3.12/site-packages/airflow/example_dags/example_python_decorator.py
[2025-05-21T23:31:17.368+0000] {processor.py:925} INFO - DAG(s) 'example_python_decorator' retrieved from /home/airflow/.local/lib/python3.12/site-packages/airflow/example_dags/example_python_decorator.py
[2025-05-21T23:31:17.418+0000] {logging_mixin.py:190} INFO - [2025-05-21T23:31:17.417+0000] {dag.py:3239} INFO - Sync 1 DAGs
[2025-05-21T23:31:17.448+0000] {logging_mixin.py:190} INFO - [2025-05-21T23:31:17.447+0000] {dag.py:4180} INFO - Setting next_dagrun for example_python_decorator to None, run_after=None
[2025-05-21T23:31:17.552+0000] {processor.py:208} INFO - Processing /home/airflow/.local/lib/python3.12/site-packages/airflow/example_dags/example_python_decorator.py took 0.229 seconds
[2025-05-21T23:31:48.032+0000] {processor.py:186} INFO - Started process (PID=2178) to work on /home/airflow/.local/lib/python3.12/site-packages/airflow/example_dags/example_python_decorator.py
[2025-05-21T23:31:48.034+0000] {processor.py:914} INFO - Processing file /home/airflow/.local/lib/python3.12/site-packages/airflow/example_dags/example_python_decorator.py for tasks to queue
[2025-05-21T23:31:48.039+0000] {logging_mixin.py:190} INFO - [2025-05-21T23:31:48.039+0000] {dagbag.py:588} INFO - Filling up the DagBag from /home/airflow/.local/lib/python3.12/site-packages/airflow/example_dags/example_python_decorator.py
[2025-05-21T23:31:48.071+0000] {processor.py:925} INFO - DAG(s) 'example_python_decorator' retrieved from /home/airflow/.local/lib/python3.12/site-packages/airflow/example_dags/example_python_decorator.py
[2025-05-21T23:31:48.117+0000] {logging_mixin.py:190} INFO - [2025-05-21T23:31:48.117+0000] {dag.py:3239} INFO - Sync 1 DAGs
[2025-05-21T23:31:48.147+0000] {logging_mixin.py:190} INFO - [2025-05-21T23:31:48.146+0000] {dag.py:4180} INFO - Setting next_dagrun for example_python_decorator to None, run_after=None
[2025-05-21T23:31:48.251+0000] {processor.py:208} INFO - Processing /home/airflow/.local/lib/python3.12/site-packages/airflow/example_dags/example_python_decorator.py took 0.234 seconds
[2025-05-21T23:32:18.681+0000] {processor.py:186} INFO - Started process (PID=2250) to work on /home/airflow/.local/lib/python3.12/site-packages/airflow/example_dags/example_python_decorator.py
[2025-05-21T23:32:18.683+0000] {processor.py:914} INFO - Processing file /home/airflow/.local/lib/python3.12/site-packages/airflow/example_dags/example_python_decorator.py for tasks to queue
[2025-05-21T23:32:18.688+0000] {logging_mixin.py:190} INFO - [2025-05-21T23:32:18.688+0000] {dagbag.py:588} INFO - Filling up the DagBag from /home/airflow/.local/lib/python3.12/site-packages/airflow/example_dags/example_python_decorator.py
[2025-05-21T23:32:18.718+0000] {processor.py:925} INFO - DAG(s) 'example_python_decorator' retrieved from /home/airflow/.local/lib/python3.12/site-packages/airflow/example_dags/example_python_decorator.py
[2025-05-21T23:32:18.764+0000] {logging_mixin.py:190} INFO - [2025-05-21T23:32:18.763+0000] {dag.py:3239} INFO - Sync 1 DAGs
[2025-05-21T23:32:18.794+0000] {logging_mixin.py:190} INFO - [2025-05-21T23:32:18.794+0000] {dag.py:4180} INFO - Setting next_dagrun for example_python_decorator to None, run_after=None
[2025-05-21T23:32:18.856+0000] {processor.py:208} INFO - Processing /home/airflow/.local/lib/python3.12/site-packages/airflow/example_dags/example_python_decorator.py took 0.187 seconds
[2025-05-21T23:32:49.459+0000] {processor.py:186} INFO - Started process (PID=2316) to work on /home/airflow/.local/lib/python3.12/site-packages/airflow/example_dags/example_python_decorator.py
[2025-05-21T23:32:49.462+0000] {processor.py:914} INFO - Processing file /home/airflow/.local/lib/python3.12/site-packages/airflow/example_dags/example_python_decorator.py for tasks to queue
[2025-05-21T23:32:49.466+0000] {logging_mixin.py:190} INFO - [2025-05-21T23:32:49.465+0000] {dagbag.py:588} INFO - Filling up the DagBag from /home/airflow/.local/lib/python3.12/site-packages/airflow/example_dags/example_python_decorator.py
[2025-05-21T23:32:49.495+0000] {processor.py:925} INFO - DAG(s) 'example_python_decorator' retrieved from /home/airflow/.local/lib/python3.12/site-packages/airflow/example_dags/example_python_decorator.py
[2025-05-21T23:32:49.544+0000] {logging_mixin.py:190} INFO - [2025-05-21T23:32:49.543+0000] {dag.py:3239} INFO - Sync 1 DAGs
[2025-05-21T23:32:49.574+0000] {logging_mixin.py:190} INFO - [2025-05-21T23:32:49.574+0000] {dag.py:4180} INFO - Setting next_dagrun for example_python_decorator to None, run_after=None
[2025-05-21T23:32:49.621+0000] {processor.py:208} INFO - Processing /home/airflow/.local/lib/python3.12/site-packages/airflow/example_dags/example_python_decorator.py took 0.173 seconds
[2025-05-21T23:33:20.521+0000] {processor.py:186} INFO - Started process (PID=2382) to work on /home/airflow/.local/lib/python3.12/site-packages/airflow/example_dags/example_python_decorator.py
[2025-05-21T23:33:20.524+0000] {processor.py:914} INFO - Processing file /home/airflow/.local/lib/python3.12/site-packages/airflow/example_dags/example_python_decorator.py for tasks to queue
[2025-05-21T23:33:20.528+0000] {logging_mixin.py:190} INFO - [2025-05-21T23:33:20.528+0000] {dagbag.py:588} INFO - Filling up the DagBag from /home/airflow/.local/lib/python3.12/site-packages/airflow/example_dags/example_python_decorator.py
[2025-05-21T23:33:20.558+0000] {processor.py:925} INFO - DAG(s) 'example_python_decorator' retrieved from /home/airflow/.local/lib/python3.12/site-packages/airflow/example_dags/example_python_decorator.py
[2025-05-21T23:33:20.610+0000] {logging_mixin.py:190} INFO - [2025-05-21T23:33:20.610+0000] {dag.py:3239} INFO - Sync 1 DAGs
[2025-05-21T23:33:20.647+0000] {logging_mixin.py:190} INFO - [2025-05-21T23:33:20.646+0000] {dag.py:4180} INFO - Setting next_dagrun for example_python_decorator to None, run_after=None
[2025-05-21T23:33:20.750+0000] {processor.py:208} INFO - Processing /home/airflow/.local/lib/python3.12/site-packages/airflow/example_dags/example_python_decorator.py took 0.243 seconds
[2025-05-21T23:33:50.885+0000] {processor.py:186} INFO - Started process (PID=2447) to work on /home/airflow/.local/lib/python3.12/site-packages/airflow/example_dags/example_python_decorator.py
[2025-05-21T23:33:50.887+0000] {processor.py:914} INFO - Processing file /home/airflow/.local/lib/python3.12/site-packages/airflow/example_dags/example_python_decorator.py for tasks to queue
[2025-05-21T23:33:50.892+0000] {logging_mixin.py:190} INFO - [2025-05-21T23:33:50.891+0000] {dagbag.py:588} INFO - Filling up the DagBag from /home/airflow/.local/lib/python3.12/site-packages/airflow/example_dags/example_python_decorator.py
[2025-05-21T23:33:50.922+0000] {processor.py:925} INFO - DAG(s) 'example_python_decorator' retrieved from /home/airflow/.local/lib/python3.12/site-packages/airflow/example_dags/example_python_decorator.py
[2025-05-21T23:33:50.971+0000] {logging_mixin.py:190} INFO - [2025-05-21T23:33:50.970+0000] {dag.py:3239} INFO - Sync 1 DAGs
[2025-05-21T23:33:51.003+0000] {logging_mixin.py:190} INFO - [2025-05-21T23:33:51.002+0000] {dag.py:4180} INFO - Setting next_dagrun for example_python_decorator to None, run_after=None
[2025-05-21T23:33:51.108+0000] {processor.py:208} INFO - Processing /home/airflow/.local/lib/python3.12/site-packages/airflow/example_dags/example_python_decorator.py took 0.235 seconds
[2025-05-21T23:34:21.236+0000] {processor.py:186} INFO - Started process (PID=2513) to work on /home/airflow/.local/lib/python3.12/site-packages/airflow/example_dags/example_python_decorator.py
[2025-05-21T23:34:21.239+0000] {processor.py:914} INFO - Processing file /home/airflow/.local/lib/python3.12/site-packages/airflow/example_dags/example_python_decorator.py for tasks to queue
[2025-05-21T23:34:21.244+0000] {logging_mixin.py:190} INFO - [2025-05-21T23:34:21.243+0000] {dagbag.py:588} INFO - Filling up the DagBag from /home/airflow/.local/lib/python3.12/site-packages/airflow/example_dags/example_python_decorator.py
[2025-05-21T23:34:21.276+0000] {processor.py:925} INFO - DAG(s) 'example_python_decorator' retrieved from /home/airflow/.local/lib/python3.12/site-packages/airflow/example_dags/example_python_decorator.py
[2025-05-21T23:34:21.324+0000] {logging_mixin.py:190} INFO - [2025-05-21T23:34:21.323+0000] {dag.py:3239} INFO - Sync 1 DAGs
[2025-05-21T23:34:21.356+0000] {logging_mixin.py:190} INFO - [2025-05-21T23:34:21.356+0000] {dag.py:4180} INFO - Setting next_dagrun for example_python_decorator to None, run_after=None
[2025-05-21T23:34:21.460+0000] {processor.py:208} INFO - Processing /home/airflow/.local/lib/python3.12/site-packages/airflow/example_dags/example_python_decorator.py took 0.239 seconds
[2025-05-21T23:34:51.647+0000] {processor.py:186} INFO - Started process (PID=2579) to work on /home/airflow/.local/lib/python3.12/site-packages/airflow/example_dags/example_python_decorator.py
[2025-05-21T23:34:51.649+0000] {processor.py:914} INFO - Processing file /home/airflow/.local/lib/python3.12/site-packages/airflow/example_dags/example_python_decorator.py for tasks to queue
[2025-05-21T23:34:51.653+0000] {logging_mixin.py:190} INFO - [2025-05-21T23:34:51.653+0000] {dagbag.py:588} INFO - Filling up the DagBag from /home/airflow/.local/lib/python3.12/site-packages/airflow/example_dags/example_python_decorator.py
[2025-05-21T23:34:51.680+0000] {processor.py:925} INFO - DAG(s) 'example_python_decorator' retrieved from /home/airflow/.local/lib/python3.12/site-packages/airflow/example_dags/example_python_decorator.py
[2025-05-21T23:34:51.724+0000] {logging_mixin.py:190} INFO - [2025-05-21T23:34:51.723+0000] {dag.py:3239} INFO - Sync 1 DAGs
[2025-05-21T23:34:51.751+0000] {logging_mixin.py:190} INFO - [2025-05-21T23:34:51.750+0000] {dag.py:4180} INFO - Setting next_dagrun for example_python_decorator to None, run_after=None
[2025-05-21T23:34:51.809+0000] {processor.py:208} INFO - Processing /home/airflow/.local/lib/python3.12/site-packages/airflow/example_dags/example_python_decorator.py took 0.173 seconds
[2025-05-21T23:35:22.701+0000] {processor.py:186} INFO - Started process (PID=2645) to work on /home/airflow/.local/lib/python3.12/site-packages/airflow/example_dags/example_python_decorator.py
[2025-05-21T23:35:22.703+0000] {processor.py:914} INFO - Processing file /home/airflow/.local/lib/python3.12/site-packages/airflow/example_dags/example_python_decorator.py for tasks to queue
[2025-05-21T23:35:22.709+0000] {logging_mixin.py:190} INFO - [2025-05-21T23:35:22.708+0000] {dagbag.py:588} INFO - Filling up the DagBag from /home/airflow/.local/lib/python3.12/site-packages/airflow/example_dags/example_python_decorator.py
[2025-05-21T23:35:22.741+0000] {processor.py:925} INFO - DAG(s) 'example_python_decorator' retrieved from /home/airflow/.local/lib/python3.12/site-packages/airflow/example_dags/example_python_decorator.py
[2025-05-21T23:35:22.797+0000] {logging_mixin.py:190} INFO - [2025-05-21T23:35:22.796+0000] {dag.py:3239} INFO - Sync 1 DAGs
[2025-05-21T23:35:22.836+0000] {logging_mixin.py:190} INFO - [2025-05-21T23:35:22.835+0000] {dag.py:4180} INFO - Setting next_dagrun for example_python_decorator to None, run_after=None
[2025-05-21T23:35:22.876+0000] {processor.py:208} INFO - Processing /home/airflow/.local/lib/python3.12/site-packages/airflow/example_dags/example_python_decorator.py took 0.188 seconds
[2025-05-21T23:35:54.131+0000] {processor.py:186} INFO - Started process (PID=2710) to work on /home/airflow/.local/lib/python3.12/site-packages/airflow/example_dags/example_python_decorator.py
[2025-05-21T23:35:54.133+0000] {processor.py:914} INFO - Processing file /home/airflow/.local/lib/python3.12/site-packages/airflow/example_dags/example_python_decorator.py for tasks to queue
[2025-05-21T23:35:54.137+0000] {logging_mixin.py:190} INFO - [2025-05-21T23:35:54.136+0000] {dagbag.py:588} INFO - Filling up the DagBag from /home/airflow/.local/lib/python3.12/site-packages/airflow/example_dags/example_python_decorator.py
[2025-05-21T23:35:54.171+0000] {processor.py:925} INFO - DAG(s) 'example_python_decorator' retrieved from /home/airflow/.local/lib/python3.12/site-packages/airflow/example_dags/example_python_decorator.py
[2025-05-21T23:35:54.218+0000] {logging_mixin.py:190} INFO - [2025-05-21T23:35:54.218+0000] {dag.py:3239} INFO - Sync 1 DAGs
[2025-05-21T23:35:54.251+0000] {logging_mixin.py:190} INFO - [2025-05-21T23:35:54.251+0000] {dag.py:4180} INFO - Setting next_dagrun for example_python_decorator to None, run_after=None
[2025-05-21T23:35:54.350+0000] {processor.py:208} INFO - Processing /home/airflow/.local/lib/python3.12/site-packages/airflow/example_dags/example_python_decorator.py took 0.230 seconds
[2025-05-21T23:36:25.463+0000] {processor.py:186} INFO - Started process (PID=2776) to work on /home/airflow/.local/lib/python3.12/site-packages/airflow/example_dags/example_python_decorator.py
[2025-05-21T23:36:25.465+0000] {processor.py:914} INFO - Processing file /home/airflow/.local/lib/python3.12/site-packages/airflow/example_dags/example_python_decorator.py for tasks to queue
[2025-05-21T23:36:25.470+0000] {logging_mixin.py:190} INFO - [2025-05-21T23:36:25.469+0000] {dagbag.py:588} INFO - Filling up the DagBag from /home/airflow/.local/lib/python3.12/site-packages/airflow/example_dags/example_python_decorator.py
[2025-05-21T23:36:25.499+0000] {processor.py:925} INFO - DAG(s) 'example_python_decorator' retrieved from /home/airflow/.local/lib/python3.12/site-packages/airflow/example_dags/example_python_decorator.py
[2025-05-21T23:36:25.547+0000] {logging_mixin.py:190} INFO - [2025-05-21T23:36:25.547+0000] {dag.py:3239} INFO - Sync 1 DAGs
[2025-05-21T23:36:25.578+0000] {logging_mixin.py:190} INFO - [2025-05-21T23:36:25.577+0000] {dag.py:4180} INFO - Setting next_dagrun for example_python_decorator to None, run_after=None
[2025-05-21T23:36:25.684+0000] {processor.py:208} INFO - Processing /home/airflow/.local/lib/python3.12/site-packages/airflow/example_dags/example_python_decorator.py took 0.235 seconds
[2025-05-21T23:36:55.854+0000] {processor.py:186} INFO - Started process (PID=2841) to work on /home/airflow/.local/lib/python3.12/site-packages/airflow/example_dags/example_python_decorator.py
[2025-05-21T23:36:55.856+0000] {processor.py:914} INFO - Processing file /home/airflow/.local/lib/python3.12/site-packages/airflow/example_dags/example_python_decorator.py for tasks to queue
[2025-05-21T23:36:55.868+0000] {logging_mixin.py:190} INFO - [2025-05-21T23:36:55.867+0000] {dagbag.py:588} INFO - Filling up the DagBag from /home/airflow/.local/lib/python3.12/site-packages/airflow/example_dags/example_python_decorator.py
[2025-05-21T23:36:55.906+0000] {processor.py:925} INFO - DAG(s) 'example_python_decorator' retrieved from /home/airflow/.local/lib/python3.12/site-packages/airflow/example_dags/example_python_decorator.py
[2025-05-21T23:36:55.957+0000] {logging_mixin.py:190} INFO - [2025-05-21T23:36:55.956+0000] {dag.py:3239} INFO - Sync 1 DAGs
[2025-05-21T23:36:55.989+0000] {logging_mixin.py:190} INFO - [2025-05-21T23:36:55.988+0000] {dag.py:4180} INFO - Setting next_dagrun for example_python_decorator to None, run_after=None
[2025-05-21T23:36:56.031+0000] {processor.py:208} INFO - Processing /home/airflow/.local/lib/python3.12/site-packages/airflow/example_dags/example_python_decorator.py took 0.198 seconds
[2025-05-21T23:37:26.507+0000] {processor.py:186} INFO - Started process (PID=2907) to work on /home/airflow/.local/lib/python3.12/site-packages/airflow/example_dags/example_python_decorator.py
[2025-05-21T23:37:26.509+0000] {processor.py:914} INFO - Processing file /home/airflow/.local/lib/python3.12/site-packages/airflow/example_dags/example_python_decorator.py for tasks to queue
[2025-05-21T23:37:26.513+0000] {logging_mixin.py:190} INFO - [2025-05-21T23:37:26.513+0000] {dagbag.py:588} INFO - Filling up the DagBag from /home/airflow/.local/lib/python3.12/site-packages/airflow/example_dags/example_python_decorator.py
[2025-05-21T23:37:26.540+0000] {processor.py:925} INFO - DAG(s) 'example_python_decorator' retrieved from /home/airflow/.local/lib/python3.12/site-packages/airflow/example_dags/example_python_decorator.py
[2025-05-21T23:37:26.584+0000] {logging_mixin.py:190} INFO - [2025-05-21T23:37:26.583+0000] {dag.py:3239} INFO - Sync 1 DAGs
[2025-05-21T23:37:26.613+0000] {logging_mixin.py:190} INFO - [2025-05-21T23:37:26.612+0000] {dag.py:4180} INFO - Setting next_dagrun for example_python_decorator to None, run_after=None
[2025-05-21T23:37:26.650+0000] {processor.py:208} INFO - Processing /home/airflow/.local/lib/python3.12/site-packages/airflow/example_dags/example_python_decorator.py took 0.155 seconds
[2025-05-21T23:41:36.649+0000] {processor.py:186} INFO - Started process (PID=136) to work on /home/airflow/.local/lib/python3.12/site-packages/airflow/example_dags/example_python_decorator.py
[2025-05-21T23:41:36.651+0000] {processor.py:914} INFO - Processing file /home/airflow/.local/lib/python3.12/site-packages/airflow/example_dags/example_python_decorator.py for tasks to queue
[2025-05-21T23:41:36.656+0000] {logging_mixin.py:190} INFO - [2025-05-21T23:41:36.655+0000] {dagbag.py:588} INFO - Filling up the DagBag from /home/airflow/.local/lib/python3.12/site-packages/airflow/example_dags/example_python_decorator.py
[2025-05-21T23:41:36.696+0000] {processor.py:925} INFO - DAG(s) 'example_python_decorator' retrieved from /home/airflow/.local/lib/python3.12/site-packages/airflow/example_dags/example_python_decorator.py
[2025-05-21T23:41:36.912+0000] {logging_mixin.py:190} INFO - [2025-05-21T23:41:36.910+0000] {override.py:1930} INFO - Created Permission View: can read on DAG:example_python_decorator
[2025-05-21T23:41:36.932+0000] {logging_mixin.py:190} INFO - [2025-05-21T23:41:36.931+0000] {override.py:1930} INFO - Created Permission View: can delete on DAG:example_python_decorator
[2025-05-21T23:41:36.947+0000] {logging_mixin.py:190} INFO - [2025-05-21T23:41:36.947+0000] {override.py:1930} INFO - Created Permission View: can edit on DAG:example_python_decorator
[2025-05-21T23:41:36.966+0000] {logging_mixin.py:190} INFO - [2025-05-21T23:41:36.965+0000] {override.py:1930} INFO - Created Permission View: can read on DAG Run:example_python_decorator
[2025-05-21T23:41:36.980+0000] {logging_mixin.py:190} INFO - [2025-05-21T23:41:36.979+0000] {override.py:1930} INFO - Created Permission View: can delete on DAG Run:example_python_decorator
[2025-05-21T23:41:36.999+0000] {logging_mixin.py:190} INFO - [2025-05-21T23:41:36.998+0000] {override.py:1930} INFO - Created Permission View: menu access on DAG Run:example_python_decorator
[2025-05-21T23:41:37.017+0000] {logging_mixin.py:190} INFO - [2025-05-21T23:41:37.016+0000] {override.py:1930} INFO - Created Permission View: can create on DAG Run:example_python_decorator
[2025-05-21T23:41:37.018+0000] {logging_mixin.py:190} INFO - [2025-05-21T23:41:37.018+0000] {dag.py:3239} INFO - Sync 1 DAGs
[2025-05-21T23:41:37.051+0000] {logging_mixin.py:190} INFO - [2025-05-21T23:41:37.050+0000] {dag.py:3262} INFO - Creating ORM DAG for example_python_decorator
[2025-05-21T23:41:37.052+0000] {logging_mixin.py:190} INFO - [2025-05-21T23:41:37.052+0000] {dag.py:4180} INFO - Setting next_dagrun for example_python_decorator to None, run_after=None
[2025-05-21T23:41:37.086+0000] {processor.py:208} INFO - Processing /home/airflow/.local/lib/python3.12/site-packages/airflow/example_dags/example_python_decorator.py took 0.448 seconds
[2025-05-21T23:42:08.665+0000] {processor.py:186} INFO - Started process (PID=202) to work on /home/airflow/.local/lib/python3.12/site-packages/airflow/example_dags/example_python_decorator.py
[2025-05-21T23:42:08.667+0000] {processor.py:914} INFO - Processing file /home/airflow/.local/lib/python3.12/site-packages/airflow/example_dags/example_python_decorator.py for tasks to queue
[2025-05-21T23:42:08.671+0000] {logging_mixin.py:190} INFO - [2025-05-21T23:42:08.671+0000] {dagbag.py:588} INFO - Filling up the DagBag from /home/airflow/.local/lib/python3.12/site-packages/airflow/example_dags/example_python_decorator.py
[2025-05-21T23:42:08.703+0000] {processor.py:925} INFO - DAG(s) 'example_python_decorator' retrieved from /home/airflow/.local/lib/python3.12/site-packages/airflow/example_dags/example_python_decorator.py
[2025-05-21T23:42:08.761+0000] {logging_mixin.py:190} INFO - [2025-05-21T23:42:08.761+0000] {dag.py:3239} INFO - Sync 1 DAGs
[2025-05-21T23:42:08.799+0000] {logging_mixin.py:190} INFO - [2025-05-21T23:42:08.798+0000] {dag.py:4180} INFO - Setting next_dagrun for example_python_decorator to None, run_after=None
[2025-05-21T23:42:08.846+0000] {processor.py:208} INFO - Processing /home/airflow/.local/lib/python3.12/site-packages/airflow/example_dags/example_python_decorator.py took 0.195 seconds
[2025-05-21T23:42:39.113+0000] {processor.py:186} INFO - Started process (PID=267) to work on /home/airflow/.local/lib/python3.12/site-packages/airflow/example_dags/example_python_decorator.py
[2025-05-21T23:42:39.116+0000] {processor.py:914} INFO - Processing file /home/airflow/.local/lib/python3.12/site-packages/airflow/example_dags/example_python_decorator.py for tasks to queue
[2025-05-21T23:42:39.121+0000] {logging_mixin.py:190} INFO - [2025-05-21T23:42:39.121+0000] {dagbag.py:588} INFO - Filling up the DagBag from /home/airflow/.local/lib/python3.12/site-packages/airflow/example_dags/example_python_decorator.py
[2025-05-21T23:42:39.162+0000] {processor.py:925} INFO - DAG(s) 'example_python_decorator' retrieved from /home/airflow/.local/lib/python3.12/site-packages/airflow/example_dags/example_python_decorator.py
[2025-05-21T23:42:39.220+0000] {logging_mixin.py:190} INFO - [2025-05-21T23:42:39.220+0000] {dag.py:3239} INFO - Sync 1 DAGs
[2025-05-21T23:42:39.260+0000] {logging_mixin.py:190} INFO - [2025-05-21T23:42:39.259+0000] {dag.py:4180} INFO - Setting next_dagrun for example_python_decorator to None, run_after=None
[2025-05-21T23:42:39.336+0000] {processor.py:208} INFO - Processing /home/airflow/.local/lib/python3.12/site-packages/airflow/example_dags/example_python_decorator.py took 0.238 seconds
[2025-05-21T23:43:10.049+0000] {processor.py:186} INFO - Started process (PID=332) to work on /home/airflow/.local/lib/python3.12/site-packages/airflow/example_dags/example_python_decorator.py
[2025-05-21T23:43:10.051+0000] {processor.py:914} INFO - Processing file /home/airflow/.local/lib/python3.12/site-packages/airflow/example_dags/example_python_decorator.py for tasks to queue
[2025-05-21T23:43:10.056+0000] {logging_mixin.py:190} INFO - [2025-05-21T23:43:10.055+0000] {dagbag.py:588} INFO - Filling up the DagBag from /home/airflow/.local/lib/python3.12/site-packages/airflow/example_dags/example_python_decorator.py
[2025-05-21T23:43:10.088+0000] {processor.py:925} INFO - DAG(s) 'example_python_decorator' retrieved from /home/airflow/.local/lib/python3.12/site-packages/airflow/example_dags/example_python_decorator.py
[2025-05-21T23:43:10.143+0000] {logging_mixin.py:190} INFO - [2025-05-21T23:43:10.142+0000] {dag.py:3239} INFO - Sync 1 DAGs
[2025-05-21T23:43:10.175+0000] {logging_mixin.py:190} INFO - [2025-05-21T23:43:10.174+0000] {dag.py:4180} INFO - Setting next_dagrun for example_python_decorator to None, run_after=None
[2025-05-21T23:43:10.214+0000] {processor.py:208} INFO - Processing /home/airflow/.local/lib/python3.12/site-packages/airflow/example_dags/example_python_decorator.py took 0.176 seconds
[2025-05-21T23:43:40.434+0000] {processor.py:186} INFO - Started process (PID=398) to work on /home/airflow/.local/lib/python3.12/site-packages/airflow/example_dags/example_python_decorator.py
[2025-05-21T23:43:40.436+0000] {processor.py:914} INFO - Processing file /home/airflow/.local/lib/python3.12/site-packages/airflow/example_dags/example_python_decorator.py for tasks to queue
[2025-05-21T23:43:40.441+0000] {logging_mixin.py:190} INFO - [2025-05-21T23:43:40.440+0000] {dagbag.py:588} INFO - Filling up the DagBag from /home/airflow/.local/lib/python3.12/site-packages/airflow/example_dags/example_python_decorator.py
[2025-05-21T23:43:40.480+0000] {processor.py:925} INFO - DAG(s) 'example_python_decorator' retrieved from /home/airflow/.local/lib/python3.12/site-packages/airflow/example_dags/example_python_decorator.py
[2025-05-21T23:43:40.539+0000] {logging_mixin.py:190} INFO - [2025-05-21T23:43:40.538+0000] {dag.py:3239} INFO - Sync 1 DAGs
[2025-05-21T23:43:40.577+0000] {logging_mixin.py:190} INFO - [2025-05-21T23:43:40.576+0000] {dag.py:4180} INFO - Setting next_dagrun for example_python_decorator to None, run_after=None
[2025-05-21T23:43:40.629+0000] {processor.py:208} INFO - Processing /home/airflow/.local/lib/python3.12/site-packages/airflow/example_dags/example_python_decorator.py took 0.208 seconds
[2025-05-21T23:44:11.265+0000] {processor.py:186} INFO - Started process (PID=464) to work on /home/airflow/.local/lib/python3.12/site-packages/airflow/example_dags/example_python_decorator.py
[2025-05-21T23:44:11.267+0000] {processor.py:914} INFO - Processing file /home/airflow/.local/lib/python3.12/site-packages/airflow/example_dags/example_python_decorator.py for tasks to queue
[2025-05-21T23:44:11.272+0000] {logging_mixin.py:190} INFO - [2025-05-21T23:44:11.272+0000] {dagbag.py:588} INFO - Filling up the DagBag from /home/airflow/.local/lib/python3.12/site-packages/airflow/example_dags/example_python_decorator.py
[2025-05-21T23:44:11.301+0000] {processor.py:925} INFO - DAG(s) 'example_python_decorator' retrieved from /home/airflow/.local/lib/python3.12/site-packages/airflow/example_dags/example_python_decorator.py
[2025-05-21T23:44:11.352+0000] {logging_mixin.py:190} INFO - [2025-05-21T23:44:11.351+0000] {dag.py:3239} INFO - Sync 1 DAGs
[2025-05-21T23:44:11.387+0000] {logging_mixin.py:190} INFO - [2025-05-21T23:44:11.387+0000] {dag.py:4180} INFO - Setting next_dagrun for example_python_decorator to None, run_after=None
[2025-05-21T23:44:11.429+0000] {processor.py:208} INFO - Processing /home/airflow/.local/lib/python3.12/site-packages/airflow/example_dags/example_python_decorator.py took 0.175 seconds
[2025-05-21T23:44:41.852+0000] {processor.py:186} INFO - Started process (PID=530) to work on /home/airflow/.local/lib/python3.12/site-packages/airflow/example_dags/example_python_decorator.py
[2025-05-21T23:44:41.854+0000] {processor.py:914} INFO - Processing file /home/airflow/.local/lib/python3.12/site-packages/airflow/example_dags/example_python_decorator.py for tasks to queue
[2025-05-21T23:44:41.860+0000] {logging_mixin.py:190} INFO - [2025-05-21T23:44:41.859+0000] {dagbag.py:588} INFO - Filling up the DagBag from /home/airflow/.local/lib/python3.12/site-packages/airflow/example_dags/example_python_decorator.py
[2025-05-21T23:44:41.898+0000] {processor.py:925} INFO - DAG(s) 'example_python_decorator' retrieved from /home/airflow/.local/lib/python3.12/site-packages/airflow/example_dags/example_python_decorator.py
[2025-05-21T23:44:41.953+0000] {logging_mixin.py:190} INFO - [2025-05-21T23:44:41.952+0000] {dag.py:3239} INFO - Sync 1 DAGs
[2025-05-21T23:44:41.988+0000] {logging_mixin.py:190} INFO - [2025-05-21T23:44:41.987+0000] {dag.py:4180} INFO - Setting next_dagrun for example_python_decorator to None, run_after=None
[2025-05-21T23:44:42.030+0000] {processor.py:208} INFO - Processing /home/airflow/.local/lib/python3.12/site-packages/airflow/example_dags/example_python_decorator.py took 0.189 seconds
