[2025-05-21T23:15:49.859+0000] {processor.py:186} INFO - Started process (PID=118) to work on /home/airflow/.local/lib/python3.12/site-packages/airflow/example_dags/example_time_delta_sensor_async.py
[2025-05-21T23:15:49.861+0000] {processor.py:914} INFO - Processing file /home/airflow/.local/lib/python3.12/site-packages/airflow/example_dags/example_time_delta_sensor_async.py for tasks to queue
[2025-05-21T23:15:49.865+0000] {logging_mixin.py:190} INFO - [2025-05-21T23:15:49.865+0000] {dagbag.py:588} INFO - Filling up the DagBag from /home/airflow/.local/lib/python3.12/site-packages/airflow/example_dags/example_time_delta_sensor_async.py
[2025-05-21T23:15:49.880+0000] {processor.py:925} INFO - DAG(s) 'example_time_delta_sensor_async' retrieved from /home/airflow/.local/lib/python3.12/site-packages/airflow/example_dags/example_time_delta_sensor_async.py
[2025-05-21T23:15:50.153+0000] {logging_mixin.py:190} INFO - [2025-05-21T23:15:50.151+0000] {override.py:1930} INFO - Created Permission View: can delete on DAG:example_time_delta_sensor_async
[2025-05-21T23:15:50.176+0000] {logging_mixin.py:190} INFO - [2025-05-21T23:15:50.175+0000] {override.py:1930} INFO - Created Permission View: can read on DAG:example_time_delta_sensor_async
[2025-05-21T23:15:50.195+0000] {logging_mixin.py:190} INFO - [2025-05-21T23:15:50.195+0000] {override.py:1930} INFO - Created Permission View: can edit on DAG:example_time_delta_sensor_async
[2025-05-21T23:15:50.217+0000] {logging_mixin.py:190} INFO - [2025-05-21T23:15:50.216+0000] {override.py:1930} INFO - Created Permission View: can delete on DAG Run:example_time_delta_sensor_async
[2025-05-21T23:15:50.234+0000] {logging_mixin.py:190} INFO - [2025-05-21T23:15:50.233+0000] {override.py:1930} INFO - Created Permission View: can read on DAG Run:example_time_delta_sensor_async
[2025-05-21T23:15:50.251+0000] {logging_mixin.py:190} INFO - [2025-05-21T23:15:50.250+0000] {override.py:1930} INFO - Created Permission View: menu access on DAG Run:example_time_delta_sensor_async
[2025-05-21T23:15:50.267+0000] {logging_mixin.py:190} INFO - [2025-05-21T23:15:50.267+0000] {override.py:1930} INFO - Created Permission View: can create on DAG Run:example_time_delta_sensor_async
[2025-05-21T23:15:50.269+0000] {logging_mixin.py:190} INFO - [2025-05-21T23:15:50.269+0000] {dag.py:3239} INFO - Sync 1 DAGs
[2025-05-21T23:15:50.302+0000] {logging_mixin.py:190} INFO - [2025-05-21T23:15:50.301+0000] {dag.py:3262} INFO - Creating ORM DAG for example_time_delta_sensor_async
[2025-05-21T23:15:50.304+0000] {logging_mixin.py:190} INFO - [2025-05-21T23:15:50.304+0000] {dag.py:4180} INFO - Setting next_dagrun for example_time_delta_sensor_async to None, run_after=None
[2025-05-21T23:15:50.344+0000] {processor.py:208} INFO - Processing /home/airflow/.local/lib/python3.12/site-packages/airflow/example_dags/example_time_delta_sensor_async.py took 0.499 seconds
[2025-05-21T23:16:21.414+0000] {processor.py:186} INFO - Started process (PID=184) to work on /home/airflow/.local/lib/python3.12/site-packages/airflow/example_dags/example_time_delta_sensor_async.py
[2025-05-21T23:16:21.416+0000] {processor.py:914} INFO - Processing file /home/airflow/.local/lib/python3.12/site-packages/airflow/example_dags/example_time_delta_sensor_async.py for tasks to queue
[2025-05-21T23:16:21.421+0000] {logging_mixin.py:190} INFO - [2025-05-21T23:16:21.420+0000] {dagbag.py:588} INFO - Filling up the DagBag from /home/airflow/.local/lib/python3.12/site-packages/airflow/example_dags/example_time_delta_sensor_async.py
[2025-05-21T23:16:21.435+0000] {processor.py:925} INFO - DAG(s) 'example_time_delta_sensor_async' retrieved from /home/airflow/.local/lib/python3.12/site-packages/airflow/example_dags/example_time_delta_sensor_async.py
[2025-05-21T23:16:21.479+0000] {logging_mixin.py:190} INFO - [2025-05-21T23:16:21.478+0000] {dag.py:3239} INFO - Sync 1 DAGs
[2025-05-21T23:16:21.514+0000] {logging_mixin.py:190} INFO - [2025-05-21T23:16:21.513+0000] {dag.py:4180} INFO - Setting next_dagrun for example_time_delta_sensor_async to None, run_after=None
[2025-05-21T23:16:21.555+0000] {processor.py:208} INFO - Processing /home/airflow/.local/lib/python3.12/site-packages/airflow/example_dags/example_time_delta_sensor_async.py took 0.156 seconds
[2025-05-21T23:16:52.558+0000] {processor.py:186} INFO - Started process (PID=254) to work on /home/airflow/.local/lib/python3.12/site-packages/airflow/example_dags/example_time_delta_sensor_async.py
[2025-05-21T23:16:52.560+0000] {processor.py:914} INFO - Processing file /home/airflow/.local/lib/python3.12/site-packages/airflow/example_dags/example_time_delta_sensor_async.py for tasks to queue
[2025-05-21T23:16:52.564+0000] {logging_mixin.py:190} INFO - [2025-05-21T23:16:52.564+0000] {dagbag.py:588} INFO - Filling up the DagBag from /home/airflow/.local/lib/python3.12/site-packages/airflow/example_dags/example_time_delta_sensor_async.py
[2025-05-21T23:16:52.578+0000] {processor.py:925} INFO - DAG(s) 'example_time_delta_sensor_async' retrieved from /home/airflow/.local/lib/python3.12/site-packages/airflow/example_dags/example_time_delta_sensor_async.py
[2025-05-21T23:16:52.627+0000] {logging_mixin.py:190} INFO - [2025-05-21T23:16:52.626+0000] {dag.py:3239} INFO - Sync 1 DAGs
[2025-05-21T23:16:52.661+0000] {logging_mixin.py:190} INFO - [2025-05-21T23:16:52.660+0000] {dag.py:4180} INFO - Setting next_dagrun for example_time_delta_sensor_async to None, run_after=None
[2025-05-21T23:16:52.767+0000] {processor.py:208} INFO - Processing /home/airflow/.local/lib/python3.12/site-packages/airflow/example_dags/example_time_delta_sensor_async.py took 0.222 seconds
[2025-05-21T23:17:23.003+0000] {processor.py:186} INFO - Started process (PID=319) to work on /home/airflow/.local/lib/python3.12/site-packages/airflow/example_dags/example_time_delta_sensor_async.py
[2025-05-21T23:17:23.005+0000] {processor.py:914} INFO - Processing file /home/airflow/.local/lib/python3.12/site-packages/airflow/example_dags/example_time_delta_sensor_async.py for tasks to queue
[2025-05-21T23:17:23.010+0000] {logging_mixin.py:190} INFO - [2025-05-21T23:17:23.010+0000] {dagbag.py:588} INFO - Filling up the DagBag from /home/airflow/.local/lib/python3.12/site-packages/airflow/example_dags/example_time_delta_sensor_async.py
[2025-05-21T23:17:23.027+0000] {processor.py:925} INFO - DAG(s) 'example_time_delta_sensor_async' retrieved from /home/airflow/.local/lib/python3.12/site-packages/airflow/example_dags/example_time_delta_sensor_async.py
[2025-05-21T23:17:23.077+0000] {logging_mixin.py:190} INFO - [2025-05-21T23:17:23.076+0000] {dag.py:3239} INFO - Sync 1 DAGs
[2025-05-21T23:17:23.116+0000] {logging_mixin.py:190} INFO - [2025-05-21T23:17:23.116+0000] {dag.py:4180} INFO - Setting next_dagrun for example_time_delta_sensor_async to None, run_after=None
[2025-05-21T23:17:23.199+0000] {processor.py:208} INFO - Processing /home/airflow/.local/lib/python3.12/site-packages/airflow/example_dags/example_time_delta_sensor_async.py took 0.209 seconds
[2025-05-21T23:17:54.040+0000] {processor.py:186} INFO - Started process (PID=385) to work on /home/airflow/.local/lib/python3.12/site-packages/airflow/example_dags/example_time_delta_sensor_async.py
[2025-05-21T23:17:54.044+0000] {processor.py:914} INFO - Processing file /home/airflow/.local/lib/python3.12/site-packages/airflow/example_dags/example_time_delta_sensor_async.py for tasks to queue
[2025-05-21T23:17:54.050+0000] {logging_mixin.py:190} INFO - [2025-05-21T23:17:54.049+0000] {dagbag.py:588} INFO - Filling up the DagBag from /home/airflow/.local/lib/python3.12/site-packages/airflow/example_dags/example_time_delta_sensor_async.py
[2025-05-21T23:17:54.078+0000] {processor.py:925} INFO - DAG(s) 'example_time_delta_sensor_async' retrieved from /home/airflow/.local/lib/python3.12/site-packages/airflow/example_dags/example_time_delta_sensor_async.py
[2025-05-21T23:17:54.139+0000] {logging_mixin.py:190} INFO - [2025-05-21T23:17:54.138+0000] {dag.py:3239} INFO - Sync 1 DAGs
[2025-05-21T23:17:54.189+0000] {logging_mixin.py:190} INFO - [2025-05-21T23:17:54.188+0000] {dag.py:4180} INFO - Setting next_dagrun for example_time_delta_sensor_async to None, run_after=None
[2025-05-21T23:17:54.292+0000] {processor.py:208} INFO - Processing /home/airflow/.local/lib/python3.12/site-packages/airflow/example_dags/example_time_delta_sensor_async.py took 0.273 seconds
[2025-05-21T23:18:24.875+0000] {processor.py:186} INFO - Started process (PID=451) to work on /home/airflow/.local/lib/python3.12/site-packages/airflow/example_dags/example_time_delta_sensor_async.py
[2025-05-21T23:18:24.877+0000] {processor.py:914} INFO - Processing file /home/airflow/.local/lib/python3.12/site-packages/airflow/example_dags/example_time_delta_sensor_async.py for tasks to queue
[2025-05-21T23:18:24.881+0000] {logging_mixin.py:190} INFO - [2025-05-21T23:18:24.881+0000] {dagbag.py:588} INFO - Filling up the DagBag from /home/airflow/.local/lib/python3.12/site-packages/airflow/example_dags/example_time_delta_sensor_async.py
[2025-05-21T23:18:24.897+0000] {processor.py:925} INFO - DAG(s) 'example_time_delta_sensor_async' retrieved from /home/airflow/.local/lib/python3.12/site-packages/airflow/example_dags/example_time_delta_sensor_async.py
[2025-05-21T23:18:24.942+0000] {logging_mixin.py:190} INFO - [2025-05-21T23:18:24.942+0000] {dag.py:3239} INFO - Sync 1 DAGs
[2025-05-21T23:18:24.987+0000] {logging_mixin.py:190} INFO - [2025-05-21T23:18:24.986+0000] {dag.py:4180} INFO - Setting next_dagrun for example_time_delta_sensor_async to None, run_after=None
[2025-05-21T23:18:25.069+0000] {processor.py:208} INFO - Processing /home/airflow/.local/lib/python3.12/site-packages/airflow/example_dags/example_time_delta_sensor_async.py took 0.206 seconds
[2025-05-21T23:18:55.405+0000] {processor.py:186} INFO - Started process (PID=517) to work on /home/airflow/.local/lib/python3.12/site-packages/airflow/example_dags/example_time_delta_sensor_async.py
[2025-05-21T23:18:55.407+0000] {processor.py:914} INFO - Processing file /home/airflow/.local/lib/python3.12/site-packages/airflow/example_dags/example_time_delta_sensor_async.py for tasks to queue
[2025-05-21T23:18:55.411+0000] {logging_mixin.py:190} INFO - [2025-05-21T23:18:55.411+0000] {dagbag.py:588} INFO - Filling up the DagBag from /home/airflow/.local/lib/python3.12/site-packages/airflow/example_dags/example_time_delta_sensor_async.py
[2025-05-21T23:18:55.425+0000] {processor.py:925} INFO - DAG(s) 'example_time_delta_sensor_async' retrieved from /home/airflow/.local/lib/python3.12/site-packages/airflow/example_dags/example_time_delta_sensor_async.py
[2025-05-21T23:18:55.476+0000] {logging_mixin.py:190} INFO - [2025-05-21T23:18:55.475+0000] {dag.py:3239} INFO - Sync 1 DAGs
[2025-05-21T23:18:55.507+0000] {logging_mixin.py:190} INFO - [2025-05-21T23:18:55.507+0000] {dag.py:4180} INFO - Setting next_dagrun for example_time_delta_sensor_async to None, run_after=None
[2025-05-21T23:18:55.610+0000] {processor.py:208} INFO - Processing /home/airflow/.local/lib/python3.12/site-packages/airflow/example_dags/example_time_delta_sensor_async.py took 0.217 seconds
[2025-05-21T23:19:25.909+0000] {processor.py:186} INFO - Started process (PID=582) to work on /home/airflow/.local/lib/python3.12/site-packages/airflow/example_dags/example_time_delta_sensor_async.py
[2025-05-21T23:19:25.911+0000] {processor.py:914} INFO - Processing file /home/airflow/.local/lib/python3.12/site-packages/airflow/example_dags/example_time_delta_sensor_async.py for tasks to queue
[2025-05-21T23:19:25.916+0000] {logging_mixin.py:190} INFO - [2025-05-21T23:19:25.915+0000] {dagbag.py:588} INFO - Filling up the DagBag from /home/airflow/.local/lib/python3.12/site-packages/airflow/example_dags/example_time_delta_sensor_async.py
[2025-05-21T23:19:25.928+0000] {processor.py:925} INFO - DAG(s) 'example_time_delta_sensor_async' retrieved from /home/airflow/.local/lib/python3.12/site-packages/airflow/example_dags/example_time_delta_sensor_async.py
[2025-05-21T23:19:25.966+0000] {logging_mixin.py:190} INFO - [2025-05-21T23:19:25.966+0000] {dag.py:3239} INFO - Sync 1 DAGs
[2025-05-21T23:19:25.994+0000] {logging_mixin.py:190} INFO - [2025-05-21T23:19:25.993+0000] {dag.py:4180} INFO - Setting next_dagrun for example_time_delta_sensor_async to None, run_after=None
[2025-05-21T23:19:26.034+0000] {processor.py:208} INFO - Processing /home/airflow/.local/lib/python3.12/site-packages/airflow/example_dags/example_time_delta_sensor_async.py took 0.137 seconds
[2025-05-21T23:19:56.380+0000] {processor.py:186} INFO - Started process (PID=648) to work on /home/airflow/.local/lib/python3.12/site-packages/airflow/example_dags/example_time_delta_sensor_async.py
[2025-05-21T23:19:56.383+0000] {processor.py:914} INFO - Processing file /home/airflow/.local/lib/python3.12/site-packages/airflow/example_dags/example_time_delta_sensor_async.py for tasks to queue
[2025-05-21T23:19:56.388+0000] {logging_mixin.py:190} INFO - [2025-05-21T23:19:56.387+0000] {dagbag.py:588} INFO - Filling up the DagBag from /home/airflow/.local/lib/python3.12/site-packages/airflow/example_dags/example_time_delta_sensor_async.py
[2025-05-21T23:19:56.401+0000] {processor.py:925} INFO - DAG(s) 'example_time_delta_sensor_async' retrieved from /home/airflow/.local/lib/python3.12/site-packages/airflow/example_dags/example_time_delta_sensor_async.py
[2025-05-21T23:19:56.440+0000] {logging_mixin.py:190} INFO - [2025-05-21T23:19:56.439+0000] {dag.py:3239} INFO - Sync 1 DAGs
[2025-05-21T23:19:56.469+0000] {logging_mixin.py:190} INFO - [2025-05-21T23:19:56.469+0000] {dag.py:4180} INFO - Setting next_dagrun for example_time_delta_sensor_async to None, run_after=None
[2025-05-21T23:19:56.508+0000] {processor.py:208} INFO - Processing /home/airflow/.local/lib/python3.12/site-packages/airflow/example_dags/example_time_delta_sensor_async.py took 0.138 seconds
[2025-05-21T23:20:26.797+0000] {processor.py:186} INFO - Started process (PID=714) to work on /home/airflow/.local/lib/python3.12/site-packages/airflow/example_dags/example_time_delta_sensor_async.py
[2025-05-21T23:20:26.799+0000] {processor.py:914} INFO - Processing file /home/airflow/.local/lib/python3.12/site-packages/airflow/example_dags/example_time_delta_sensor_async.py for tasks to queue
[2025-05-21T23:20:26.804+0000] {logging_mixin.py:190} INFO - [2025-05-21T23:20:26.803+0000] {dagbag.py:588} INFO - Filling up the DagBag from /home/airflow/.local/lib/python3.12/site-packages/airflow/example_dags/example_time_delta_sensor_async.py
[2025-05-21T23:20:26.817+0000] {processor.py:925} INFO - DAG(s) 'example_time_delta_sensor_async' retrieved from /home/airflow/.local/lib/python3.12/site-packages/airflow/example_dags/example_time_delta_sensor_async.py
[2025-05-21T23:20:26.858+0000] {logging_mixin.py:190} INFO - [2025-05-21T23:20:26.857+0000] {dag.py:3239} INFO - Sync 1 DAGs
[2025-05-21T23:20:26.888+0000] {logging_mixin.py:190} INFO - [2025-05-21T23:20:26.888+0000] {dag.py:4180} INFO - Setting next_dagrun for example_time_delta_sensor_async to None, run_after=None
[2025-05-21T23:20:26.928+0000] {processor.py:208} INFO - Processing /home/airflow/.local/lib/python3.12/site-packages/airflow/example_dags/example_time_delta_sensor_async.py took 0.142 seconds
[2025-05-21T23:20:57.104+0000] {processor.py:186} INFO - Started process (PID=780) to work on /home/airflow/.local/lib/python3.12/site-packages/airflow/example_dags/example_time_delta_sensor_async.py
[2025-05-21T23:20:57.106+0000] {processor.py:914} INFO - Processing file /home/airflow/.local/lib/python3.12/site-packages/airflow/example_dags/example_time_delta_sensor_async.py for tasks to queue
[2025-05-21T23:20:57.110+0000] {logging_mixin.py:190} INFO - [2025-05-21T23:20:57.110+0000] {dagbag.py:588} INFO - Filling up the DagBag from /home/airflow/.local/lib/python3.12/site-packages/airflow/example_dags/example_time_delta_sensor_async.py
[2025-05-21T23:20:57.123+0000] {processor.py:925} INFO - DAG(s) 'example_time_delta_sensor_async' retrieved from /home/airflow/.local/lib/python3.12/site-packages/airflow/example_dags/example_time_delta_sensor_async.py
[2025-05-21T23:20:57.161+0000] {logging_mixin.py:190} INFO - [2025-05-21T23:20:57.161+0000] {dag.py:3239} INFO - Sync 1 DAGs
[2025-05-21T23:20:57.189+0000] {logging_mixin.py:190} INFO - [2025-05-21T23:20:57.189+0000] {dag.py:4180} INFO - Setting next_dagrun for example_time_delta_sensor_async to None, run_after=None
[2025-05-21T23:20:57.229+0000] {processor.py:208} INFO - Processing /home/airflow/.local/lib/python3.12/site-packages/airflow/example_dags/example_time_delta_sensor_async.py took 0.138 seconds
[2025-05-21T23:21:28.058+0000] {processor.py:186} INFO - Started process (PID=846) to work on /home/airflow/.local/lib/python3.12/site-packages/airflow/example_dags/example_time_delta_sensor_async.py
[2025-05-21T23:21:28.060+0000] {processor.py:914} INFO - Processing file /home/airflow/.local/lib/python3.12/site-packages/airflow/example_dags/example_time_delta_sensor_async.py for tasks to queue
[2025-05-21T23:21:28.064+0000] {logging_mixin.py:190} INFO - [2025-05-21T23:21:28.064+0000] {dagbag.py:588} INFO - Filling up the DagBag from /home/airflow/.local/lib/python3.12/site-packages/airflow/example_dags/example_time_delta_sensor_async.py
[2025-05-21T23:21:28.078+0000] {processor.py:925} INFO - DAG(s) 'example_time_delta_sensor_async' retrieved from /home/airflow/.local/lib/python3.12/site-packages/airflow/example_dags/example_time_delta_sensor_async.py
[2025-05-21T23:21:28.122+0000] {logging_mixin.py:190} INFO - [2025-05-21T23:21:28.121+0000] {dag.py:3239} INFO - Sync 1 DAGs
[2025-05-21T23:21:28.155+0000] {logging_mixin.py:190} INFO - [2025-05-21T23:21:28.154+0000] {dag.py:4180} INFO - Setting next_dagrun for example_time_delta_sensor_async to None, run_after=None
[2025-05-21T23:21:28.266+0000] {processor.py:208} INFO - Processing /home/airflow/.local/lib/python3.12/site-packages/airflow/example_dags/example_time_delta_sensor_async.py took 0.220 seconds
[2025-05-21T23:21:58.548+0000] {processor.py:186} INFO - Started process (PID=912) to work on /home/airflow/.local/lib/python3.12/site-packages/airflow/example_dags/example_time_delta_sensor_async.py
[2025-05-21T23:21:58.550+0000] {processor.py:914} INFO - Processing file /home/airflow/.local/lib/python3.12/site-packages/airflow/example_dags/example_time_delta_sensor_async.py for tasks to queue
[2025-05-21T23:21:58.555+0000] {logging_mixin.py:190} INFO - [2025-05-21T23:21:58.554+0000] {dagbag.py:588} INFO - Filling up the DagBag from /home/airflow/.local/lib/python3.12/site-packages/airflow/example_dags/example_time_delta_sensor_async.py
[2025-05-21T23:21:58.573+0000] {processor.py:925} INFO - DAG(s) 'example_time_delta_sensor_async' retrieved from /home/airflow/.local/lib/python3.12/site-packages/airflow/example_dags/example_time_delta_sensor_async.py
[2025-05-21T23:21:58.623+0000] {logging_mixin.py:190} INFO - [2025-05-21T23:21:58.622+0000] {dag.py:3239} INFO - Sync 1 DAGs
[2025-05-21T23:21:58.654+0000] {logging_mixin.py:190} INFO - [2025-05-21T23:21:58.653+0000] {dag.py:4180} INFO - Setting next_dagrun for example_time_delta_sensor_async to None, run_after=None
[2025-05-21T23:21:58.691+0000] {processor.py:208} INFO - Processing /home/airflow/.local/lib/python3.12/site-packages/airflow/example_dags/example_time_delta_sensor_async.py took 0.154 seconds
[2025-05-21T23:22:29.545+0000] {processor.py:186} INFO - Started process (PID=978) to work on /home/airflow/.local/lib/python3.12/site-packages/airflow/example_dags/example_time_delta_sensor_async.py
[2025-05-21T23:22:29.548+0000] {processor.py:914} INFO - Processing file /home/airflow/.local/lib/python3.12/site-packages/airflow/example_dags/example_time_delta_sensor_async.py for tasks to queue
[2025-05-21T23:22:29.553+0000] {logging_mixin.py:190} INFO - [2025-05-21T23:22:29.552+0000] {dagbag.py:588} INFO - Filling up the DagBag from /home/airflow/.local/lib/python3.12/site-packages/airflow/example_dags/example_time_delta_sensor_async.py
[2025-05-21T23:22:29.567+0000] {processor.py:925} INFO - DAG(s) 'example_time_delta_sensor_async' retrieved from /home/airflow/.local/lib/python3.12/site-packages/airflow/example_dags/example_time_delta_sensor_async.py
[2025-05-21T23:22:29.611+0000] {logging_mixin.py:190} INFO - [2025-05-21T23:22:29.610+0000] {dag.py:3239} INFO - Sync 1 DAGs
[2025-05-21T23:22:29.696+0000] {logging_mixin.py:190} INFO - [2025-05-21T23:22:29.696+0000] {dag.py:4180} INFO - Setting next_dagrun for example_time_delta_sensor_async to None, run_after=None
[2025-05-21T23:22:29.738+0000] {processor.py:208} INFO - Processing /home/airflow/.local/lib/python3.12/site-packages/airflow/example_dags/example_time_delta_sensor_async.py took 0.206 seconds
[2025-05-21T23:22:59.886+0000] {processor.py:186} INFO - Started process (PID=1044) to work on /home/airflow/.local/lib/python3.12/site-packages/airflow/example_dags/example_time_delta_sensor_async.py
[2025-05-21T23:22:59.888+0000] {processor.py:914} INFO - Processing file /home/airflow/.local/lib/python3.12/site-packages/airflow/example_dags/example_time_delta_sensor_async.py for tasks to queue
[2025-05-21T23:22:59.894+0000] {logging_mixin.py:190} INFO - [2025-05-21T23:22:59.893+0000] {dagbag.py:588} INFO - Filling up the DagBag from /home/airflow/.local/lib/python3.12/site-packages/airflow/example_dags/example_time_delta_sensor_async.py
[2025-05-21T23:22:59.907+0000] {processor.py:925} INFO - DAG(s) 'example_time_delta_sensor_async' retrieved from /home/airflow/.local/lib/python3.12/site-packages/airflow/example_dags/example_time_delta_sensor_async.py
[2025-05-21T23:22:59.953+0000] {logging_mixin.py:190} INFO - [2025-05-21T23:22:59.953+0000] {dag.py:3239} INFO - Sync 1 DAGs
[2025-05-21T23:22:59.985+0000] {logging_mixin.py:190} INFO - [2025-05-21T23:22:59.984+0000] {dag.py:4180} INFO - Setting next_dagrun for example_time_delta_sensor_async to None, run_after=None
[2025-05-21T23:23:00.087+0000] {processor.py:208} INFO - Processing /home/airflow/.local/lib/python3.12/site-packages/airflow/example_dags/example_time_delta_sensor_async.py took 0.216 seconds
[2025-05-21T23:23:31.314+0000] {processor.py:186} INFO - Started process (PID=1110) to work on /home/airflow/.local/lib/python3.12/site-packages/airflow/example_dags/example_time_delta_sensor_async.py
[2025-05-21T23:23:31.316+0000] {processor.py:914} INFO - Processing file /home/airflow/.local/lib/python3.12/site-packages/airflow/example_dags/example_time_delta_sensor_async.py for tasks to queue
[2025-05-21T23:23:31.321+0000] {logging_mixin.py:190} INFO - [2025-05-21T23:23:31.320+0000] {dagbag.py:588} INFO - Filling up the DagBag from /home/airflow/.local/lib/python3.12/site-packages/airflow/example_dags/example_time_delta_sensor_async.py
[2025-05-21T23:23:31.334+0000] {processor.py:925} INFO - DAG(s) 'example_time_delta_sensor_async' retrieved from /home/airflow/.local/lib/python3.12/site-packages/airflow/example_dags/example_time_delta_sensor_async.py
[2025-05-21T23:23:31.372+0000] {logging_mixin.py:190} INFO - [2025-05-21T23:23:31.371+0000] {dag.py:3239} INFO - Sync 1 DAGs
[2025-05-21T23:23:31.404+0000] {logging_mixin.py:190} INFO - [2025-05-21T23:23:31.404+0000] {dag.py:4180} INFO - Setting next_dagrun for example_time_delta_sensor_async to None, run_after=None
[2025-05-21T23:23:31.448+0000] {processor.py:208} INFO - Processing /home/airflow/.local/lib/python3.12/site-packages/airflow/example_dags/example_time_delta_sensor_async.py took 0.146 seconds
[2025-05-21T23:24:01.853+0000] {processor.py:186} INFO - Started process (PID=1175) to work on /home/airflow/.local/lib/python3.12/site-packages/airflow/example_dags/example_time_delta_sensor_async.py
[2025-05-21T23:24:01.855+0000] {processor.py:914} INFO - Processing file /home/airflow/.local/lib/python3.12/site-packages/airflow/example_dags/example_time_delta_sensor_async.py for tasks to queue
[2025-05-21T23:24:01.860+0000] {logging_mixin.py:190} INFO - [2025-05-21T23:24:01.860+0000] {dagbag.py:588} INFO - Filling up the DagBag from /home/airflow/.local/lib/python3.12/site-packages/airflow/example_dags/example_time_delta_sensor_async.py
[2025-05-21T23:24:01.875+0000] {processor.py:925} INFO - DAG(s) 'example_time_delta_sensor_async' retrieved from /home/airflow/.local/lib/python3.12/site-packages/airflow/example_dags/example_time_delta_sensor_async.py
[2025-05-21T23:24:01.917+0000] {logging_mixin.py:190} INFO - [2025-05-21T23:24:01.917+0000] {dag.py:3239} INFO - Sync 1 DAGs
[2025-05-21T23:24:01.950+0000] {logging_mixin.py:190} INFO - [2025-05-21T23:24:01.949+0000] {dag.py:4180} INFO - Setting next_dagrun for example_time_delta_sensor_async to None, run_after=None
[2025-05-21T23:24:01.994+0000] {processor.py:208} INFO - Processing /home/airflow/.local/lib/python3.12/site-packages/airflow/example_dags/example_time_delta_sensor_async.py took 0.153 seconds
[2025-05-21T23:24:32.119+0000] {processor.py:186} INFO - Started process (PID=1240) to work on /home/airflow/.local/lib/python3.12/site-packages/airflow/example_dags/example_time_delta_sensor_async.py
[2025-05-21T23:24:32.120+0000] {processor.py:914} INFO - Processing file /home/airflow/.local/lib/python3.12/site-packages/airflow/example_dags/example_time_delta_sensor_async.py for tasks to queue
[2025-05-21T23:24:32.124+0000] {logging_mixin.py:190} INFO - [2025-05-21T23:24:32.124+0000] {dagbag.py:588} INFO - Filling up the DagBag from /home/airflow/.local/lib/python3.12/site-packages/airflow/example_dags/example_time_delta_sensor_async.py
[2025-05-21T23:24:32.137+0000] {processor.py:925} INFO - DAG(s) 'example_time_delta_sensor_async' retrieved from /home/airflow/.local/lib/python3.12/site-packages/airflow/example_dags/example_time_delta_sensor_async.py
[2025-05-21T23:24:32.179+0000] {logging_mixin.py:190} INFO - [2025-05-21T23:24:32.179+0000] {dag.py:3239} INFO - Sync 1 DAGs
[2025-05-21T23:24:32.209+0000] {logging_mixin.py:190} INFO - [2025-05-21T23:24:32.208+0000] {dag.py:4180} INFO - Setting next_dagrun for example_time_delta_sensor_async to None, run_after=None
[2025-05-21T23:24:32.310+0000] {processor.py:208} INFO - Processing /home/airflow/.local/lib/python3.12/site-packages/airflow/example_dags/example_time_delta_sensor_async.py took 0.202 seconds
[2025-05-21T23:25:02.407+0000] {processor.py:186} INFO - Started process (PID=1306) to work on /home/airflow/.local/lib/python3.12/site-packages/airflow/example_dags/example_time_delta_sensor_async.py
[2025-05-21T23:25:02.409+0000] {processor.py:914} INFO - Processing file /home/airflow/.local/lib/python3.12/site-packages/airflow/example_dags/example_time_delta_sensor_async.py for tasks to queue
[2025-05-21T23:25:02.414+0000] {logging_mixin.py:190} INFO - [2025-05-21T23:25:02.413+0000] {dagbag.py:588} INFO - Filling up the DagBag from /home/airflow/.local/lib/python3.12/site-packages/airflow/example_dags/example_time_delta_sensor_async.py
[2025-05-21T23:25:02.427+0000] {processor.py:925} INFO - DAG(s) 'example_time_delta_sensor_async' retrieved from /home/airflow/.local/lib/python3.12/site-packages/airflow/example_dags/example_time_delta_sensor_async.py
[2025-05-21T23:25:02.468+0000] {logging_mixin.py:190} INFO - [2025-05-21T23:25:02.468+0000] {dag.py:3239} INFO - Sync 1 DAGs
[2025-05-21T23:25:02.497+0000] {logging_mixin.py:190} INFO - [2025-05-21T23:25:02.497+0000] {dag.py:4180} INFO - Setting next_dagrun for example_time_delta_sensor_async to None, run_after=None
[2025-05-21T23:25:02.611+0000] {processor.py:208} INFO - Processing /home/airflow/.local/lib/python3.12/site-packages/airflow/example_dags/example_time_delta_sensor_async.py took 0.214 seconds
[2025-05-21T23:25:33.025+0000] {processor.py:186} INFO - Started process (PID=1372) to work on /home/airflow/.local/lib/python3.12/site-packages/airflow/example_dags/example_time_delta_sensor_async.py
[2025-05-21T23:25:33.027+0000] {processor.py:914} INFO - Processing file /home/airflow/.local/lib/python3.12/site-packages/airflow/example_dags/example_time_delta_sensor_async.py for tasks to queue
[2025-05-21T23:25:33.031+0000] {logging_mixin.py:190} INFO - [2025-05-21T23:25:33.030+0000] {dagbag.py:588} INFO - Filling up the DagBag from /home/airflow/.local/lib/python3.12/site-packages/airflow/example_dags/example_time_delta_sensor_async.py
[2025-05-21T23:25:33.044+0000] {processor.py:925} INFO - DAG(s) 'example_time_delta_sensor_async' retrieved from /home/airflow/.local/lib/python3.12/site-packages/airflow/example_dags/example_time_delta_sensor_async.py
[2025-05-21T23:25:33.083+0000] {logging_mixin.py:190} INFO - [2025-05-21T23:25:33.083+0000] {dag.py:3239} INFO - Sync 1 DAGs
[2025-05-21T23:25:33.115+0000] {logging_mixin.py:190} INFO - [2025-05-21T23:25:33.115+0000] {dag.py:4180} INFO - Setting next_dagrun for example_time_delta_sensor_async to None, run_after=None
[2025-05-21T23:25:33.216+0000] {processor.py:208} INFO - Processing /home/airflow/.local/lib/python3.12/site-packages/airflow/example_dags/example_time_delta_sensor_async.py took 0.205 seconds
[2025-05-21T23:26:03.803+0000] {processor.py:186} INFO - Started process (PID=1438) to work on /home/airflow/.local/lib/python3.12/site-packages/airflow/example_dags/example_time_delta_sensor_async.py
[2025-05-21T23:26:03.806+0000] {processor.py:914} INFO - Processing file /home/airflow/.local/lib/python3.12/site-packages/airflow/example_dags/example_time_delta_sensor_async.py for tasks to queue
[2025-05-21T23:26:03.814+0000] {logging_mixin.py:190} INFO - [2025-05-21T23:26:03.813+0000] {dagbag.py:588} INFO - Filling up the DagBag from /home/airflow/.local/lib/python3.12/site-packages/airflow/example_dags/example_time_delta_sensor_async.py
[2025-05-21T23:26:03.834+0000] {processor.py:925} INFO - DAG(s) 'example_time_delta_sensor_async' retrieved from /home/airflow/.local/lib/python3.12/site-packages/airflow/example_dags/example_time_delta_sensor_async.py
[2025-05-21T23:26:03.879+0000] {logging_mixin.py:190} INFO - [2025-05-21T23:26:03.878+0000] {dag.py:3239} INFO - Sync 1 DAGs
[2025-05-21T23:26:03.911+0000] {logging_mixin.py:190} INFO - [2025-05-21T23:26:03.910+0000] {dag.py:4180} INFO - Setting next_dagrun for example_time_delta_sensor_async to None, run_after=None
[2025-05-21T23:26:03.986+0000] {processor.py:208} INFO - Processing /home/airflow/.local/lib/python3.12/site-packages/airflow/example_dags/example_time_delta_sensor_async.py took 0.198 seconds
[2025-05-21T23:26:34.158+0000] {processor.py:186} INFO - Started process (PID=1504) to work on /home/airflow/.local/lib/python3.12/site-packages/airflow/example_dags/example_time_delta_sensor_async.py
[2025-05-21T23:26:34.160+0000] {processor.py:914} INFO - Processing file /home/airflow/.local/lib/python3.12/site-packages/airflow/example_dags/example_time_delta_sensor_async.py for tasks to queue
[2025-05-21T23:26:34.165+0000] {logging_mixin.py:190} INFO - [2025-05-21T23:26:34.164+0000] {dagbag.py:588} INFO - Filling up the DagBag from /home/airflow/.local/lib/python3.12/site-packages/airflow/example_dags/example_time_delta_sensor_async.py
[2025-05-21T23:26:34.177+0000] {processor.py:925} INFO - DAG(s) 'example_time_delta_sensor_async' retrieved from /home/airflow/.local/lib/python3.12/site-packages/airflow/example_dags/example_time_delta_sensor_async.py
[2025-05-21T23:26:34.215+0000] {logging_mixin.py:190} INFO - [2025-05-21T23:26:34.214+0000] {dag.py:3239} INFO - Sync 1 DAGs
[2025-05-21T23:26:34.244+0000] {logging_mixin.py:190} INFO - [2025-05-21T23:26:34.243+0000] {dag.py:4180} INFO - Setting next_dagrun for example_time_delta_sensor_async to None, run_after=None
[2025-05-21T23:26:34.347+0000] {processor.py:208} INFO - Processing /home/airflow/.local/lib/python3.12/site-packages/airflow/example_dags/example_time_delta_sensor_async.py took 0.201 seconds
[2025-05-21T23:27:05.065+0000] {processor.py:186} INFO - Started process (PID=1568) to work on /home/airflow/.local/lib/python3.12/site-packages/airflow/example_dags/example_time_delta_sensor_async.py
[2025-05-21T23:27:05.068+0000] {processor.py:914} INFO - Processing file /home/airflow/.local/lib/python3.12/site-packages/airflow/example_dags/example_time_delta_sensor_async.py for tasks to queue
[2025-05-21T23:27:05.075+0000] {logging_mixin.py:190} INFO - [2025-05-21T23:27:05.074+0000] {dagbag.py:588} INFO - Filling up the DagBag from /home/airflow/.local/lib/python3.12/site-packages/airflow/example_dags/example_time_delta_sensor_async.py
[2025-05-21T23:27:05.092+0000] {processor.py:925} INFO - DAG(s) 'example_time_delta_sensor_async' retrieved from /home/airflow/.local/lib/python3.12/site-packages/airflow/example_dags/example_time_delta_sensor_async.py
[2025-05-21T23:27:05.146+0000] {logging_mixin.py:190} INFO - [2025-05-21T23:27:05.146+0000] {dag.py:3239} INFO - Sync 1 DAGs
[2025-05-21T23:27:05.191+0000] {logging_mixin.py:190} INFO - [2025-05-21T23:27:05.190+0000] {dag.py:4180} INFO - Setting next_dagrun for example_time_delta_sensor_async to None, run_after=None
[2025-05-21T23:27:05.253+0000] {processor.py:208} INFO - Processing /home/airflow/.local/lib/python3.12/site-packages/airflow/example_dags/example_time_delta_sensor_async.py took 0.204 seconds
[2025-05-21T23:27:36.347+0000] {processor.py:186} INFO - Started process (PID=1635) to work on /home/airflow/.local/lib/python3.12/site-packages/airflow/example_dags/example_time_delta_sensor_async.py
[2025-05-21T23:27:36.350+0000] {processor.py:914} INFO - Processing file /home/airflow/.local/lib/python3.12/site-packages/airflow/example_dags/example_time_delta_sensor_async.py for tasks to queue
[2025-05-21T23:27:36.354+0000] {logging_mixin.py:190} INFO - [2025-05-21T23:27:36.354+0000] {dagbag.py:588} INFO - Filling up the DagBag from /home/airflow/.local/lib/python3.12/site-packages/airflow/example_dags/example_time_delta_sensor_async.py
[2025-05-21T23:27:36.367+0000] {processor.py:925} INFO - DAG(s) 'example_time_delta_sensor_async' retrieved from /home/airflow/.local/lib/python3.12/site-packages/airflow/example_dags/example_time_delta_sensor_async.py
[2025-05-21T23:27:36.410+0000] {logging_mixin.py:190} INFO - [2025-05-21T23:27:36.410+0000] {dag.py:3239} INFO - Sync 1 DAGs
[2025-05-21T23:27:36.442+0000] {logging_mixin.py:190} INFO - [2025-05-21T23:27:36.442+0000] {dag.py:4180} INFO - Setting next_dagrun for example_time_delta_sensor_async to None, run_after=None
[2025-05-21T23:27:36.548+0000] {processor.py:208} INFO - Processing /home/airflow/.local/lib/python3.12/site-packages/airflow/example_dags/example_time_delta_sensor_async.py took 0.212 seconds
[2025-05-21T23:28:07.803+0000] {processor.py:186} INFO - Started process (PID=1701) to work on /home/airflow/.local/lib/python3.12/site-packages/airflow/example_dags/example_time_delta_sensor_async.py
[2025-05-21T23:28:07.805+0000] {processor.py:914} INFO - Processing file /home/airflow/.local/lib/python3.12/site-packages/airflow/example_dags/example_time_delta_sensor_async.py for tasks to queue
[2025-05-21T23:28:07.810+0000] {logging_mixin.py:190} INFO - [2025-05-21T23:28:07.809+0000] {dagbag.py:588} INFO - Filling up the DagBag from /home/airflow/.local/lib/python3.12/site-packages/airflow/example_dags/example_time_delta_sensor_async.py
[2025-05-21T23:28:07.826+0000] {processor.py:925} INFO - DAG(s) 'example_time_delta_sensor_async' retrieved from /home/airflow/.local/lib/python3.12/site-packages/airflow/example_dags/example_time_delta_sensor_async.py
[2025-05-21T23:28:07.869+0000] {logging_mixin.py:190} INFO - [2025-05-21T23:28:07.869+0000] {dag.py:3239} INFO - Sync 1 DAGs
[2025-05-21T23:28:07.899+0000] {logging_mixin.py:190} INFO - [2025-05-21T23:28:07.899+0000] {dag.py:4180} INFO - Setting next_dagrun for example_time_delta_sensor_async to None, run_after=None
[2025-05-21T23:28:08.005+0000] {processor.py:208} INFO - Processing /home/airflow/.local/lib/python3.12/site-packages/airflow/example_dags/example_time_delta_sensor_async.py took 0.214 seconds
[2025-05-21T23:28:38.534+0000] {processor.py:186} INFO - Started process (PID=1766) to work on /home/airflow/.local/lib/python3.12/site-packages/airflow/example_dags/example_time_delta_sensor_async.py
[2025-05-21T23:28:38.537+0000] {processor.py:914} INFO - Processing file /home/airflow/.local/lib/python3.12/site-packages/airflow/example_dags/example_time_delta_sensor_async.py for tasks to queue
[2025-05-21T23:28:38.543+0000] {logging_mixin.py:190} INFO - [2025-05-21T23:28:38.542+0000] {dagbag.py:588} INFO - Filling up the DagBag from /home/airflow/.local/lib/python3.12/site-packages/airflow/example_dags/example_time_delta_sensor_async.py
[2025-05-21T23:28:38.557+0000] {processor.py:925} INFO - DAG(s) 'example_time_delta_sensor_async' retrieved from /home/airflow/.local/lib/python3.12/site-packages/airflow/example_dags/example_time_delta_sensor_async.py
[2025-05-21T23:28:38.607+0000] {logging_mixin.py:190} INFO - [2025-05-21T23:28:38.606+0000] {dag.py:3239} INFO - Sync 1 DAGs
[2025-05-21T23:28:38.639+0000] {logging_mixin.py:190} INFO - [2025-05-21T23:28:38.639+0000] {dag.py:4180} INFO - Setting next_dagrun for example_time_delta_sensor_async to None, run_after=None
[2025-05-21T23:28:38.678+0000] {processor.py:208} INFO - Processing /home/airflow/.local/lib/python3.12/site-packages/airflow/example_dags/example_time_delta_sensor_async.py took 0.157 seconds
[2025-05-21T23:29:09.114+0000] {processor.py:186} INFO - Started process (PID=1832) to work on /home/airflow/.local/lib/python3.12/site-packages/airflow/example_dags/example_time_delta_sensor_async.py
[2025-05-21T23:29:09.116+0000] {processor.py:914} INFO - Processing file /home/airflow/.local/lib/python3.12/site-packages/airflow/example_dags/example_time_delta_sensor_async.py for tasks to queue
[2025-05-21T23:29:09.121+0000] {logging_mixin.py:190} INFO - [2025-05-21T23:29:09.121+0000] {dagbag.py:588} INFO - Filling up the DagBag from /home/airflow/.local/lib/python3.12/site-packages/airflow/example_dags/example_time_delta_sensor_async.py
[2025-05-21T23:29:09.139+0000] {processor.py:925} INFO - DAG(s) 'example_time_delta_sensor_async' retrieved from /home/airflow/.local/lib/python3.12/site-packages/airflow/example_dags/example_time_delta_sensor_async.py
[2025-05-21T23:29:09.184+0000] {logging_mixin.py:190} INFO - [2025-05-21T23:29:09.183+0000] {dag.py:3239} INFO - Sync 1 DAGs
[2025-05-21T23:29:09.222+0000] {logging_mixin.py:190} INFO - [2025-05-21T23:29:09.221+0000] {dag.py:4180} INFO - Setting next_dagrun for example_time_delta_sensor_async to None, run_after=None
[2025-05-21T23:29:09.306+0000] {processor.py:208} INFO - Processing /home/airflow/.local/lib/python3.12/site-packages/airflow/example_dags/example_time_delta_sensor_async.py took 0.202 seconds
[2025-05-21T23:29:40.275+0000] {processor.py:186} INFO - Started process (PID=1898) to work on /home/airflow/.local/lib/python3.12/site-packages/airflow/example_dags/example_time_delta_sensor_async.py
[2025-05-21T23:29:40.277+0000] {processor.py:914} INFO - Processing file /home/airflow/.local/lib/python3.12/site-packages/airflow/example_dags/example_time_delta_sensor_async.py for tasks to queue
[2025-05-21T23:29:40.283+0000] {logging_mixin.py:190} INFO - [2025-05-21T23:29:40.282+0000] {dagbag.py:588} INFO - Filling up the DagBag from /home/airflow/.local/lib/python3.12/site-packages/airflow/example_dags/example_time_delta_sensor_async.py
[2025-05-21T23:29:40.295+0000] {processor.py:925} INFO - DAG(s) 'example_time_delta_sensor_async' retrieved from /home/airflow/.local/lib/python3.12/site-packages/airflow/example_dags/example_time_delta_sensor_async.py
[2025-05-21T23:29:40.333+0000] {logging_mixin.py:190} INFO - [2025-05-21T23:29:40.333+0000] {dag.py:3239} INFO - Sync 1 DAGs
[2025-05-21T23:29:40.364+0000] {logging_mixin.py:190} INFO - [2025-05-21T23:29:40.364+0000] {dag.py:4180} INFO - Setting next_dagrun for example_time_delta_sensor_async to None, run_after=None
[2025-05-21T23:29:40.402+0000] {processor.py:208} INFO - Processing /home/airflow/.local/lib/python3.12/site-packages/airflow/example_dags/example_time_delta_sensor_async.py took 0.140 seconds
[2025-05-21T23:30:10.637+0000] {processor.py:186} INFO - Started process (PID=1964) to work on /home/airflow/.local/lib/python3.12/site-packages/airflow/example_dags/example_time_delta_sensor_async.py
[2025-05-21T23:30:10.640+0000] {processor.py:914} INFO - Processing file /home/airflow/.local/lib/python3.12/site-packages/airflow/example_dags/example_time_delta_sensor_async.py for tasks to queue
[2025-05-21T23:30:10.645+0000] {logging_mixin.py:190} INFO - [2025-05-21T23:30:10.644+0000] {dagbag.py:588} INFO - Filling up the DagBag from /home/airflow/.local/lib/python3.12/site-packages/airflow/example_dags/example_time_delta_sensor_async.py
[2025-05-21T23:30:10.662+0000] {processor.py:925} INFO - DAG(s) 'example_time_delta_sensor_async' retrieved from /home/airflow/.local/lib/python3.12/site-packages/airflow/example_dags/example_time_delta_sensor_async.py
[2025-05-21T23:30:10.705+0000] {logging_mixin.py:190} INFO - [2025-05-21T23:30:10.705+0000] {dag.py:3239} INFO - Sync 1 DAGs
[2025-05-21T23:30:10.738+0000] {logging_mixin.py:190} INFO - [2025-05-21T23:30:10.738+0000] {dag.py:4180} INFO - Setting next_dagrun for example_time_delta_sensor_async to None, run_after=None
[2025-05-21T23:30:10.815+0000] {processor.py:208} INFO - Processing /home/airflow/.local/lib/python3.12/site-packages/airflow/example_dags/example_time_delta_sensor_async.py took 0.191 seconds
[2025-05-21T23:30:41.874+0000] {processor.py:186} INFO - Started process (PID=2030) to work on /home/airflow/.local/lib/python3.12/site-packages/airflow/example_dags/example_time_delta_sensor_async.py
[2025-05-21T23:30:41.875+0000] {processor.py:914} INFO - Processing file /home/airflow/.local/lib/python3.12/site-packages/airflow/example_dags/example_time_delta_sensor_async.py for tasks to queue
[2025-05-21T23:30:41.881+0000] {logging_mixin.py:190} INFO - [2025-05-21T23:30:41.880+0000] {dagbag.py:588} INFO - Filling up the DagBag from /home/airflow/.local/lib/python3.12/site-packages/airflow/example_dags/example_time_delta_sensor_async.py
[2025-05-21T23:30:41.895+0000] {processor.py:925} INFO - DAG(s) 'example_time_delta_sensor_async' retrieved from /home/airflow/.local/lib/python3.12/site-packages/airflow/example_dags/example_time_delta_sensor_async.py
[2025-05-21T23:30:41.934+0000] {logging_mixin.py:190} INFO - [2025-05-21T23:30:41.934+0000] {dag.py:3239} INFO - Sync 1 DAGs
[2025-05-21T23:30:41.960+0000] {logging_mixin.py:190} INFO - [2025-05-21T23:30:41.960+0000] {dag.py:4180} INFO - Setting next_dagrun for example_time_delta_sensor_async to None, run_after=None
[2025-05-21T23:30:42.064+0000] {processor.py:208} INFO - Processing /home/airflow/.local/lib/python3.12/site-packages/airflow/example_dags/example_time_delta_sensor_async.py took 0.201 seconds
[2025-05-21T23:31:12.422+0000] {processor.py:186} INFO - Started process (PID=2096) to work on /home/airflow/.local/lib/python3.12/site-packages/airflow/example_dags/example_time_delta_sensor_async.py
[2025-05-21T23:31:12.424+0000] {processor.py:914} INFO - Processing file /home/airflow/.local/lib/python3.12/site-packages/airflow/example_dags/example_time_delta_sensor_async.py for tasks to queue
[2025-05-21T23:31:12.428+0000] {logging_mixin.py:190} INFO - [2025-05-21T23:31:12.427+0000] {dagbag.py:588} INFO - Filling up the DagBag from /home/airflow/.local/lib/python3.12/site-packages/airflow/example_dags/example_time_delta_sensor_async.py
[2025-05-21T23:31:12.442+0000] {processor.py:925} INFO - DAG(s) 'example_time_delta_sensor_async' retrieved from /home/airflow/.local/lib/python3.12/site-packages/airflow/example_dags/example_time_delta_sensor_async.py
[2025-05-21T23:31:12.482+0000] {logging_mixin.py:190} INFO - [2025-05-21T23:31:12.481+0000] {dag.py:3239} INFO - Sync 1 DAGs
[2025-05-21T23:31:12.513+0000] {logging_mixin.py:190} INFO - [2025-05-21T23:31:12.512+0000] {dag.py:4180} INFO - Setting next_dagrun for example_time_delta_sensor_async to None, run_after=None
[2025-05-21T23:31:12.615+0000] {processor.py:208} INFO - Processing /home/airflow/.local/lib/python3.12/site-packages/airflow/example_dags/example_time_delta_sensor_async.py took 0.204 seconds
[2025-05-21T23:31:42.724+0000] {processor.py:186} INFO - Started process (PID=2161) to work on /home/airflow/.local/lib/python3.12/site-packages/airflow/example_dags/example_time_delta_sensor_async.py
[2025-05-21T23:31:42.726+0000] {processor.py:914} INFO - Processing file /home/airflow/.local/lib/python3.12/site-packages/airflow/example_dags/example_time_delta_sensor_async.py for tasks to queue
[2025-05-21T23:31:42.730+0000] {logging_mixin.py:190} INFO - [2025-05-21T23:31:42.730+0000] {dagbag.py:588} INFO - Filling up the DagBag from /home/airflow/.local/lib/python3.12/site-packages/airflow/example_dags/example_time_delta_sensor_async.py
[2025-05-21T23:31:42.744+0000] {processor.py:925} INFO - DAG(s) 'example_time_delta_sensor_async' retrieved from /home/airflow/.local/lib/python3.12/site-packages/airflow/example_dags/example_time_delta_sensor_async.py
[2025-05-21T23:31:42.786+0000] {logging_mixin.py:190} INFO - [2025-05-21T23:31:42.785+0000] {dag.py:3239} INFO - Sync 1 DAGs
[2025-05-21T23:31:42.816+0000] {logging_mixin.py:190} INFO - [2025-05-21T23:31:42.816+0000] {dag.py:4180} INFO - Setting next_dagrun for example_time_delta_sensor_async to None, run_after=None
[2025-05-21T23:31:42.855+0000] {processor.py:208} INFO - Processing /home/airflow/.local/lib/python3.12/site-packages/airflow/example_dags/example_time_delta_sensor_async.py took 0.144 seconds
[2025-05-21T23:32:13.146+0000] {processor.py:186} INFO - Started process (PID=2227) to work on /home/airflow/.local/lib/python3.12/site-packages/airflow/example_dags/example_time_delta_sensor_async.py
[2025-05-21T23:32:13.148+0000] {processor.py:914} INFO - Processing file /home/airflow/.local/lib/python3.12/site-packages/airflow/example_dags/example_time_delta_sensor_async.py for tasks to queue
[2025-05-21T23:32:13.155+0000] {logging_mixin.py:190} INFO - [2025-05-21T23:32:13.154+0000] {dagbag.py:588} INFO - Filling up the DagBag from /home/airflow/.local/lib/python3.12/site-packages/airflow/example_dags/example_time_delta_sensor_async.py
[2025-05-21T23:32:13.171+0000] {processor.py:925} INFO - DAG(s) 'example_time_delta_sensor_async' retrieved from /home/airflow/.local/lib/python3.12/site-packages/airflow/example_dags/example_time_delta_sensor_async.py
[2025-05-21T23:32:13.216+0000] {logging_mixin.py:190} INFO - [2025-05-21T23:32:13.215+0000] {dag.py:3239} INFO - Sync 1 DAGs
[2025-05-21T23:32:13.250+0000] {logging_mixin.py:190} INFO - [2025-05-21T23:32:13.250+0000] {dag.py:4180} INFO - Setting next_dagrun for example_time_delta_sensor_async to None, run_after=None
[2025-05-21T23:32:13.355+0000] {processor.py:208} INFO - Processing /home/airflow/.local/lib/python3.12/site-packages/airflow/example_dags/example_time_delta_sensor_async.py took 0.219 seconds
[2025-05-21T23:32:44.143+0000] {processor.py:186} INFO - Started process (PID=2293) to work on /home/airflow/.local/lib/python3.12/site-packages/airflow/example_dags/example_time_delta_sensor_async.py
[2025-05-21T23:32:44.146+0000] {processor.py:914} INFO - Processing file /home/airflow/.local/lib/python3.12/site-packages/airflow/example_dags/example_time_delta_sensor_async.py for tasks to queue
[2025-05-21T23:32:44.150+0000] {logging_mixin.py:190} INFO - [2025-05-21T23:32:44.150+0000] {dagbag.py:588} INFO - Filling up the DagBag from /home/airflow/.local/lib/python3.12/site-packages/airflow/example_dags/example_time_delta_sensor_async.py
[2025-05-21T23:32:44.163+0000] {processor.py:925} INFO - DAG(s) 'example_time_delta_sensor_async' retrieved from /home/airflow/.local/lib/python3.12/site-packages/airflow/example_dags/example_time_delta_sensor_async.py
[2025-05-21T23:32:44.204+0000] {logging_mixin.py:190} INFO - [2025-05-21T23:32:44.203+0000] {dag.py:3239} INFO - Sync 1 DAGs
[2025-05-21T23:32:44.234+0000] {logging_mixin.py:190} INFO - [2025-05-21T23:32:44.233+0000] {dag.py:4180} INFO - Setting next_dagrun for example_time_delta_sensor_async to None, run_after=None
[2025-05-21T23:32:44.274+0000] {processor.py:208} INFO - Processing /home/airflow/.local/lib/python3.12/site-packages/airflow/example_dags/example_time_delta_sensor_async.py took 0.141 seconds
[2025-05-21T23:33:14.471+0000] {processor.py:186} INFO - Started process (PID=2359) to work on /home/airflow/.local/lib/python3.12/site-packages/airflow/example_dags/example_time_delta_sensor_async.py
[2025-05-21T23:33:14.473+0000] {processor.py:914} INFO - Processing file /home/airflow/.local/lib/python3.12/site-packages/airflow/example_dags/example_time_delta_sensor_async.py for tasks to queue
[2025-05-21T23:33:14.477+0000] {logging_mixin.py:190} INFO - [2025-05-21T23:33:14.476+0000] {dagbag.py:588} INFO - Filling up the DagBag from /home/airflow/.local/lib/python3.12/site-packages/airflow/example_dags/example_time_delta_sensor_async.py
[2025-05-21T23:33:14.492+0000] {processor.py:925} INFO - DAG(s) 'example_time_delta_sensor_async' retrieved from /home/airflow/.local/lib/python3.12/site-packages/airflow/example_dags/example_time_delta_sensor_async.py
[2025-05-21T23:33:14.542+0000] {logging_mixin.py:190} INFO - [2025-05-21T23:33:14.541+0000] {dag.py:3239} INFO - Sync 1 DAGs
[2025-05-21T23:33:14.579+0000] {logging_mixin.py:190} INFO - [2025-05-21T23:33:14.578+0000] {dag.py:4180} INFO - Setting next_dagrun for example_time_delta_sensor_async to None, run_after=None
[2025-05-21T23:33:14.708+0000] {processor.py:208} INFO - Processing /home/airflow/.local/lib/python3.12/site-packages/airflow/example_dags/example_time_delta_sensor_async.py took 0.249 seconds
[2025-05-21T23:33:45.799+0000] {processor.py:186} INFO - Started process (PID=2425) to work on /home/airflow/.local/lib/python3.12/site-packages/airflow/example_dags/example_time_delta_sensor_async.py
[2025-05-21T23:33:45.802+0000] {processor.py:914} INFO - Processing file /home/airflow/.local/lib/python3.12/site-packages/airflow/example_dags/example_time_delta_sensor_async.py for tasks to queue
[2025-05-21T23:33:45.806+0000] {logging_mixin.py:190} INFO - [2025-05-21T23:33:45.806+0000] {dagbag.py:588} INFO - Filling up the DagBag from /home/airflow/.local/lib/python3.12/site-packages/airflow/example_dags/example_time_delta_sensor_async.py
[2025-05-21T23:33:45.823+0000] {processor.py:925} INFO - DAG(s) 'example_time_delta_sensor_async' retrieved from /home/airflow/.local/lib/python3.12/site-packages/airflow/example_dags/example_time_delta_sensor_async.py
[2025-05-21T23:33:45.861+0000] {logging_mixin.py:190} INFO - [2025-05-21T23:33:45.860+0000] {dag.py:3239} INFO - Sync 1 DAGs
[2025-05-21T23:33:45.891+0000] {logging_mixin.py:190} INFO - [2025-05-21T23:33:45.891+0000] {dag.py:4180} INFO - Setting next_dagrun for example_time_delta_sensor_async to None, run_after=None
[2025-05-21T23:33:45.992+0000] {processor.py:208} INFO - Processing /home/airflow/.local/lib/python3.12/site-packages/airflow/example_dags/example_time_delta_sensor_async.py took 0.206 seconds
[2025-05-21T23:34:16.308+0000] {processor.py:186} INFO - Started process (PID=2491) to work on /home/airflow/.local/lib/python3.12/site-packages/airflow/example_dags/example_time_delta_sensor_async.py
[2025-05-21T23:34:16.310+0000] {processor.py:914} INFO - Processing file /home/airflow/.local/lib/python3.12/site-packages/airflow/example_dags/example_time_delta_sensor_async.py for tasks to queue
[2025-05-21T23:34:16.315+0000] {logging_mixin.py:190} INFO - [2025-05-21T23:34:16.314+0000] {dagbag.py:588} INFO - Filling up the DagBag from /home/airflow/.local/lib/python3.12/site-packages/airflow/example_dags/example_time_delta_sensor_async.py
[2025-05-21T23:34:16.328+0000] {processor.py:925} INFO - DAG(s) 'example_time_delta_sensor_async' retrieved from /home/airflow/.local/lib/python3.12/site-packages/airflow/example_dags/example_time_delta_sensor_async.py
[2025-05-21T23:34:16.376+0000] {logging_mixin.py:190} INFO - [2025-05-21T23:34:16.375+0000] {dag.py:3239} INFO - Sync 1 DAGs
[2025-05-21T23:34:16.414+0000] {logging_mixin.py:190} INFO - [2025-05-21T23:34:16.414+0000] {dag.py:4180} INFO - Setting next_dagrun for example_time_delta_sensor_async to None, run_after=None
[2025-05-21T23:34:16.516+0000] {processor.py:208} INFO - Processing /home/airflow/.local/lib/python3.12/site-packages/airflow/example_dags/example_time_delta_sensor_async.py took 0.219 seconds
[2025-05-21T23:34:46.746+0000] {processor.py:186} INFO - Started process (PID=2556) to work on /home/airflow/.local/lib/python3.12/site-packages/airflow/example_dags/example_time_delta_sensor_async.py
[2025-05-21T23:34:46.749+0000] {processor.py:914} INFO - Processing file /home/airflow/.local/lib/python3.12/site-packages/airflow/example_dags/example_time_delta_sensor_async.py for tasks to queue
[2025-05-21T23:34:46.781+0000] {logging_mixin.py:190} INFO - [2025-05-21T23:34:46.781+0000] {dagbag.py:588} INFO - Filling up the DagBag from /home/airflow/.local/lib/python3.12/site-packages/airflow/example_dags/example_time_delta_sensor_async.py
[2025-05-21T23:34:46.806+0000] {processor.py:925} INFO - DAG(s) 'example_time_delta_sensor_async' retrieved from /home/airflow/.local/lib/python3.12/site-packages/airflow/example_dags/example_time_delta_sensor_async.py
[2025-05-21T23:34:46.843+0000] {logging_mixin.py:190} INFO - [2025-05-21T23:34:46.843+0000] {dag.py:3239} INFO - Sync 1 DAGs
[2025-05-21T23:34:46.873+0000] {logging_mixin.py:190} INFO - [2025-05-21T23:34:46.873+0000] {dag.py:4180} INFO - Setting next_dagrun for example_time_delta_sensor_async to None, run_after=None
[2025-05-21T23:34:46.974+0000] {processor.py:208} INFO - Processing /home/airflow/.local/lib/python3.12/site-packages/airflow/example_dags/example_time_delta_sensor_async.py took 0.240 seconds
[2025-05-21T23:35:17.132+0000] {processor.py:186} INFO - Started process (PID=2622) to work on /home/airflow/.local/lib/python3.12/site-packages/airflow/example_dags/example_time_delta_sensor_async.py
[2025-05-21T23:35:17.134+0000] {processor.py:914} INFO - Processing file /home/airflow/.local/lib/python3.12/site-packages/airflow/example_dags/example_time_delta_sensor_async.py for tasks to queue
[2025-05-21T23:35:17.139+0000] {logging_mixin.py:190} INFO - [2025-05-21T23:35:17.138+0000] {dagbag.py:588} INFO - Filling up the DagBag from /home/airflow/.local/lib/python3.12/site-packages/airflow/example_dags/example_time_delta_sensor_async.py
[2025-05-21T23:35:17.151+0000] {processor.py:925} INFO - DAG(s) 'example_time_delta_sensor_async' retrieved from /home/airflow/.local/lib/python3.12/site-packages/airflow/example_dags/example_time_delta_sensor_async.py
[2025-05-21T23:35:17.192+0000] {logging_mixin.py:190} INFO - [2025-05-21T23:35:17.192+0000] {dag.py:3239} INFO - Sync 1 DAGs
[2025-05-21T23:35:17.222+0000] {logging_mixin.py:190} INFO - [2025-05-21T23:35:17.222+0000] {dag.py:4180} INFO - Setting next_dagrun for example_time_delta_sensor_async to None, run_after=None
[2025-05-21T23:35:17.262+0000] {processor.py:208} INFO - Processing /home/airflow/.local/lib/python3.12/site-packages/airflow/example_dags/example_time_delta_sensor_async.py took 0.141 seconds
[2025-05-21T23:35:47.574+0000] {processor.py:186} INFO - Started process (PID=2687) to work on /home/airflow/.local/lib/python3.12/site-packages/airflow/example_dags/example_time_delta_sensor_async.py
[2025-05-21T23:35:47.576+0000] {processor.py:914} INFO - Processing file /home/airflow/.local/lib/python3.12/site-packages/airflow/example_dags/example_time_delta_sensor_async.py for tasks to queue
[2025-05-21T23:35:47.583+0000] {logging_mixin.py:190} INFO - [2025-05-21T23:35:47.582+0000] {dagbag.py:588} INFO - Filling up the DagBag from /home/airflow/.local/lib/python3.12/site-packages/airflow/example_dags/example_time_delta_sensor_async.py
[2025-05-21T23:35:47.596+0000] {processor.py:925} INFO - DAG(s) 'example_time_delta_sensor_async' retrieved from /home/airflow/.local/lib/python3.12/site-packages/airflow/example_dags/example_time_delta_sensor_async.py
[2025-05-21T23:35:47.638+0000] {logging_mixin.py:190} INFO - [2025-05-21T23:35:47.638+0000] {dag.py:3239} INFO - Sync 1 DAGs
[2025-05-21T23:35:47.667+0000] {logging_mixin.py:190} INFO - [2025-05-21T23:35:47.667+0000] {dag.py:4180} INFO - Setting next_dagrun for example_time_delta_sensor_async to None, run_after=None
[2025-05-21T23:35:47.778+0000] {processor.py:208} INFO - Processing /home/airflow/.local/lib/python3.12/site-packages/airflow/example_dags/example_time_delta_sensor_async.py took 0.218 seconds
[2025-05-21T23:36:18.733+0000] {processor.py:186} INFO - Started process (PID=2753) to work on /home/airflow/.local/lib/python3.12/site-packages/airflow/example_dags/example_time_delta_sensor_async.py
[2025-05-21T23:36:18.735+0000] {processor.py:914} INFO - Processing file /home/airflow/.local/lib/python3.12/site-packages/airflow/example_dags/example_time_delta_sensor_async.py for tasks to queue
[2025-05-21T23:36:18.739+0000] {logging_mixin.py:190} INFO - [2025-05-21T23:36:18.738+0000] {dagbag.py:588} INFO - Filling up the DagBag from /home/airflow/.local/lib/python3.12/site-packages/airflow/example_dags/example_time_delta_sensor_async.py
[2025-05-21T23:36:18.750+0000] {processor.py:925} INFO - DAG(s) 'example_time_delta_sensor_async' retrieved from /home/airflow/.local/lib/python3.12/site-packages/airflow/example_dags/example_time_delta_sensor_async.py
[2025-05-21T23:36:18.788+0000] {logging_mixin.py:190} INFO - [2025-05-21T23:36:18.788+0000] {dag.py:3239} INFO - Sync 1 DAGs
[2025-05-21T23:36:18.823+0000] {logging_mixin.py:190} INFO - [2025-05-21T23:36:18.822+0000] {dag.py:4180} INFO - Setting next_dagrun for example_time_delta_sensor_async to None, run_after=None
[2025-05-21T23:36:18.916+0000] {processor.py:208} INFO - Processing /home/airflow/.local/lib/python3.12/site-packages/airflow/example_dags/example_time_delta_sensor_async.py took 0.194 seconds
[2025-05-21T23:36:49.607+0000] {processor.py:186} INFO - Started process (PID=2825) to work on /home/airflow/.local/lib/python3.12/site-packages/airflow/example_dags/example_time_delta_sensor_async.py
[2025-05-21T23:36:49.609+0000] {processor.py:914} INFO - Processing file /home/airflow/.local/lib/python3.12/site-packages/airflow/example_dags/example_time_delta_sensor_async.py for tasks to queue
[2025-05-21T23:36:49.614+0000] {logging_mixin.py:190} INFO - [2025-05-21T23:36:49.613+0000] {dagbag.py:588} INFO - Filling up the DagBag from /home/airflow/.local/lib/python3.12/site-packages/airflow/example_dags/example_time_delta_sensor_async.py
[2025-05-21T23:36:49.628+0000] {processor.py:925} INFO - DAG(s) 'example_time_delta_sensor_async' retrieved from /home/airflow/.local/lib/python3.12/site-packages/airflow/example_dags/example_time_delta_sensor_async.py
[2025-05-21T23:36:49.672+0000] {logging_mixin.py:190} INFO - [2025-05-21T23:36:49.671+0000] {dag.py:3239} INFO - Sync 1 DAGs
[2025-05-21T23:36:49.707+0000] {logging_mixin.py:190} INFO - [2025-05-21T23:36:49.706+0000] {dag.py:4180} INFO - Setting next_dagrun for example_time_delta_sensor_async to None, run_after=None
[2025-05-21T23:36:49.819+0000] {processor.py:208} INFO - Processing /home/airflow/.local/lib/python3.12/site-packages/airflow/example_dags/example_time_delta_sensor_async.py took 0.226 seconds
[2025-05-21T23:37:20.294+0000] {processor.py:186} INFO - Started process (PID=2890) to work on /home/airflow/.local/lib/python3.12/site-packages/airflow/example_dags/example_time_delta_sensor_async.py
[2025-05-21T23:37:20.296+0000] {processor.py:914} INFO - Processing file /home/airflow/.local/lib/python3.12/site-packages/airflow/example_dags/example_time_delta_sensor_async.py for tasks to queue
[2025-05-21T23:37:20.302+0000] {logging_mixin.py:190} INFO - [2025-05-21T23:37:20.301+0000] {dagbag.py:588} INFO - Filling up the DagBag from /home/airflow/.local/lib/python3.12/site-packages/airflow/example_dags/example_time_delta_sensor_async.py
[2025-05-21T23:37:20.318+0000] {processor.py:925} INFO - DAG(s) 'example_time_delta_sensor_async' retrieved from /home/airflow/.local/lib/python3.12/site-packages/airflow/example_dags/example_time_delta_sensor_async.py
[2025-05-21T23:37:20.363+0000] {logging_mixin.py:190} INFO - [2025-05-21T23:37:20.363+0000] {dag.py:3239} INFO - Sync 1 DAGs
[2025-05-21T23:37:20.396+0000] {logging_mixin.py:190} INFO - [2025-05-21T23:37:20.395+0000] {dag.py:4180} INFO - Setting next_dagrun for example_time_delta_sensor_async to None, run_after=None
[2025-05-21T23:37:20.490+0000] {processor.py:208} INFO - Processing /home/airflow/.local/lib/python3.12/site-packages/airflow/example_dags/example_time_delta_sensor_async.py took 0.211 seconds
[2025-05-21T23:41:28.805+0000] {processor.py:186} INFO - Started process (PID=119) to work on /home/airflow/.local/lib/python3.12/site-packages/airflow/example_dags/example_time_delta_sensor_async.py
[2025-05-21T23:41:28.807+0000] {processor.py:914} INFO - Processing file /home/airflow/.local/lib/python3.12/site-packages/airflow/example_dags/example_time_delta_sensor_async.py for tasks to queue
[2025-05-21T23:41:28.811+0000] {logging_mixin.py:190} INFO - [2025-05-21T23:41:28.811+0000] {dagbag.py:588} INFO - Filling up the DagBag from /home/airflow/.local/lib/python3.12/site-packages/airflow/example_dags/example_time_delta_sensor_async.py
[2025-05-21T23:41:28.826+0000] {processor.py:925} INFO - DAG(s) 'example_time_delta_sensor_async' retrieved from /home/airflow/.local/lib/python3.12/site-packages/airflow/example_dags/example_time_delta_sensor_async.py
[2025-05-21T23:41:29.067+0000] {logging_mixin.py:190} INFO - [2025-05-21T23:41:29.066+0000] {override.py:1930} INFO - Created Permission View: can read on DAG:example_time_delta_sensor_async
[2025-05-21T23:41:29.090+0000] {logging_mixin.py:190} INFO - [2025-05-21T23:41:29.089+0000] {override.py:1930} INFO - Created Permission View: can delete on DAG:example_time_delta_sensor_async
[2025-05-21T23:41:29.107+0000] {logging_mixin.py:190} INFO - [2025-05-21T23:41:29.107+0000] {override.py:1930} INFO - Created Permission View: can edit on DAG:example_time_delta_sensor_async
[2025-05-21T23:41:29.128+0000] {logging_mixin.py:190} INFO - [2025-05-21T23:41:29.127+0000] {override.py:1930} INFO - Created Permission View: can read on DAG Run:example_time_delta_sensor_async
[2025-05-21T23:41:29.143+0000] {logging_mixin.py:190} INFO - [2025-05-21T23:41:29.143+0000] {override.py:1930} INFO - Created Permission View: can delete on DAG Run:example_time_delta_sensor_async
[2025-05-21T23:41:29.160+0000] {logging_mixin.py:190} INFO - [2025-05-21T23:41:29.159+0000] {override.py:1930} INFO - Created Permission View: menu access on DAG Run:example_time_delta_sensor_async
[2025-05-21T23:41:29.175+0000] {logging_mixin.py:190} INFO - [2025-05-21T23:41:29.174+0000] {override.py:1930} INFO - Created Permission View: can create on DAG Run:example_time_delta_sensor_async
[2025-05-21T23:41:29.176+0000] {logging_mixin.py:190} INFO - [2025-05-21T23:41:29.176+0000] {dag.py:3239} INFO - Sync 1 DAGs
[2025-05-21T23:41:29.210+0000] {logging_mixin.py:190} INFO - [2025-05-21T23:41:29.210+0000] {dag.py:3262} INFO - Creating ORM DAG for example_time_delta_sensor_async
[2025-05-21T23:41:29.213+0000] {logging_mixin.py:190} INFO - [2025-05-21T23:41:29.212+0000] {dag.py:4180} INFO - Setting next_dagrun for example_time_delta_sensor_async to None, run_after=None
[2025-05-21T23:41:29.251+0000] {processor.py:208} INFO - Processing /home/airflow/.local/lib/python3.12/site-packages/airflow/example_dags/example_time_delta_sensor_async.py took 0.465 seconds
[2025-05-21T23:42:00.018+0000] {processor.py:186} INFO - Started process (PID=185) to work on /home/airflow/.local/lib/python3.12/site-packages/airflow/example_dags/example_time_delta_sensor_async.py
[2025-05-21T23:42:00.021+0000] {processor.py:914} INFO - Processing file /home/airflow/.local/lib/python3.12/site-packages/airflow/example_dags/example_time_delta_sensor_async.py for tasks to queue
[2025-05-21T23:42:00.026+0000] {logging_mixin.py:190} INFO - [2025-05-21T23:42:00.025+0000] {dagbag.py:588} INFO - Filling up the DagBag from /home/airflow/.local/lib/python3.12/site-packages/airflow/example_dags/example_time_delta_sensor_async.py
[2025-05-21T23:42:00.042+0000] {processor.py:925} INFO - DAG(s) 'example_time_delta_sensor_async' retrieved from /home/airflow/.local/lib/python3.12/site-packages/airflow/example_dags/example_time_delta_sensor_async.py
[2025-05-21T23:42:00.084+0000] {logging_mixin.py:190} INFO - [2025-05-21T23:42:00.084+0000] {dag.py:3239} INFO - Sync 1 DAGs
[2025-05-21T23:42:00.113+0000] {logging_mixin.py:190} INFO - [2025-05-21T23:42:00.113+0000] {dag.py:4180} INFO - Setting next_dagrun for example_time_delta_sensor_async to None, run_after=None
[2025-05-21T23:42:00.157+0000] {processor.py:208} INFO - Processing /home/airflow/.local/lib/python3.12/site-packages/airflow/example_dags/example_time_delta_sensor_async.py took 0.154 seconds
[2025-05-21T23:42:31.280+0000] {processor.py:186} INFO - Started process (PID=251) to work on /home/airflow/.local/lib/python3.12/site-packages/airflow/example_dags/example_time_delta_sensor_async.py
[2025-05-21T23:42:31.283+0000] {processor.py:914} INFO - Processing file /home/airflow/.local/lib/python3.12/site-packages/airflow/example_dags/example_time_delta_sensor_async.py for tasks to queue
[2025-05-21T23:42:31.289+0000] {logging_mixin.py:190} INFO - [2025-05-21T23:42:31.288+0000] {dagbag.py:588} INFO - Filling up the DagBag from /home/airflow/.local/lib/python3.12/site-packages/airflow/example_dags/example_time_delta_sensor_async.py
[2025-05-21T23:42:31.306+0000] {processor.py:925} INFO - DAG(s) 'example_time_delta_sensor_async' retrieved from /home/airflow/.local/lib/python3.12/site-packages/airflow/example_dags/example_time_delta_sensor_async.py
[2025-05-21T23:42:31.354+0000] {logging_mixin.py:190} INFO - [2025-05-21T23:42:31.353+0000] {dag.py:3239} INFO - Sync 1 DAGs
[2025-05-21T23:42:31.387+0000] {logging_mixin.py:190} INFO - [2025-05-21T23:42:31.387+0000] {dag.py:4180} INFO - Setting next_dagrun for example_time_delta_sensor_async to None, run_after=None
[2025-05-21T23:42:31.429+0000] {processor.py:208} INFO - Processing /home/airflow/.local/lib/python3.12/site-packages/airflow/example_dags/example_time_delta_sensor_async.py took 0.163 seconds
[2025-05-21T23:43:01.957+0000] {processor.py:186} INFO - Started process (PID=316) to work on /home/airflow/.local/lib/python3.12/site-packages/airflow/example_dags/example_time_delta_sensor_async.py
[2025-05-21T23:43:01.960+0000] {processor.py:914} INFO - Processing file /home/airflow/.local/lib/python3.12/site-packages/airflow/example_dags/example_time_delta_sensor_async.py for tasks to queue
[2025-05-21T23:43:01.965+0000] {logging_mixin.py:190} INFO - [2025-05-21T23:43:01.964+0000] {dagbag.py:588} INFO - Filling up the DagBag from /home/airflow/.local/lib/python3.12/site-packages/airflow/example_dags/example_time_delta_sensor_async.py
[2025-05-21T23:43:01.982+0000] {processor.py:925} INFO - DAG(s) 'example_time_delta_sensor_async' retrieved from /home/airflow/.local/lib/python3.12/site-packages/airflow/example_dags/example_time_delta_sensor_async.py
[2025-05-21T23:43:02.028+0000] {logging_mixin.py:190} INFO - [2025-05-21T23:43:02.028+0000] {dag.py:3239} INFO - Sync 1 DAGs
[2025-05-21T23:43:02.063+0000] {logging_mixin.py:190} INFO - [2025-05-21T23:43:02.062+0000] {dag.py:4180} INFO - Setting next_dagrun for example_time_delta_sensor_async to None, run_after=None
[2025-05-21T23:43:02.105+0000] {processor.py:208} INFO - Processing /home/airflow/.local/lib/python3.12/site-packages/airflow/example_dags/example_time_delta_sensor_async.py took 0.164 seconds
[2025-05-21T23:43:32.314+0000] {processor.py:186} INFO - Started process (PID=381) to work on /home/airflow/.local/lib/python3.12/site-packages/airflow/example_dags/example_time_delta_sensor_async.py
[2025-05-21T23:43:32.316+0000] {processor.py:914} INFO - Processing file /home/airflow/.local/lib/python3.12/site-packages/airflow/example_dags/example_time_delta_sensor_async.py for tasks to queue
[2025-05-21T23:43:32.322+0000] {logging_mixin.py:190} INFO - [2025-05-21T23:43:32.321+0000] {dagbag.py:588} INFO - Filling up the DagBag from /home/airflow/.local/lib/python3.12/site-packages/airflow/example_dags/example_time_delta_sensor_async.py
[2025-05-21T23:43:32.338+0000] {processor.py:925} INFO - DAG(s) 'example_time_delta_sensor_async' retrieved from /home/airflow/.local/lib/python3.12/site-packages/airflow/example_dags/example_time_delta_sensor_async.py
[2025-05-21T23:43:32.382+0000] {logging_mixin.py:190} INFO - [2025-05-21T23:43:32.381+0000] {dag.py:3239} INFO - Sync 1 DAGs
[2025-05-21T23:43:32.415+0000] {logging_mixin.py:190} INFO - [2025-05-21T23:43:32.415+0000] {dag.py:4180} INFO - Setting next_dagrun for example_time_delta_sensor_async to None, run_after=None
[2025-05-21T23:43:32.488+0000] {processor.py:208} INFO - Processing /home/airflow/.local/lib/python3.12/site-packages/airflow/example_dags/example_time_delta_sensor_async.py took 0.185 seconds
[2025-05-21T23:44:03.002+0000] {processor.py:186} INFO - Started process (PID=447) to work on /home/airflow/.local/lib/python3.12/site-packages/airflow/example_dags/example_time_delta_sensor_async.py
[2025-05-21T23:44:03.004+0000] {processor.py:914} INFO - Processing file /home/airflow/.local/lib/python3.12/site-packages/airflow/example_dags/example_time_delta_sensor_async.py for tasks to queue
[2025-05-21T23:44:03.009+0000] {logging_mixin.py:190} INFO - [2025-05-21T23:44:03.008+0000] {dagbag.py:588} INFO - Filling up the DagBag from /home/airflow/.local/lib/python3.12/site-packages/airflow/example_dags/example_time_delta_sensor_async.py
[2025-05-21T23:44:03.022+0000] {processor.py:925} INFO - DAG(s) 'example_time_delta_sensor_async' retrieved from /home/airflow/.local/lib/python3.12/site-packages/airflow/example_dags/example_time_delta_sensor_async.py
[2025-05-21T23:44:03.060+0000] {logging_mixin.py:190} INFO - [2025-05-21T23:44:03.059+0000] {dag.py:3239} INFO - Sync 1 DAGs
[2025-05-21T23:44:03.094+0000] {logging_mixin.py:190} INFO - [2025-05-21T23:44:03.094+0000] {dag.py:4180} INFO - Setting next_dagrun for example_time_delta_sensor_async to None, run_after=None
[2025-05-21T23:44:03.176+0000] {processor.py:208} INFO - Processing /home/airflow/.local/lib/python3.12/site-packages/airflow/example_dags/example_time_delta_sensor_async.py took 0.185 seconds
[2025-05-21T23:44:33.748+0000] {processor.py:186} INFO - Started process (PID=513) to work on /home/airflow/.local/lib/python3.12/site-packages/airflow/example_dags/example_time_delta_sensor_async.py
[2025-05-21T23:44:33.751+0000] {processor.py:914} INFO - Processing file /home/airflow/.local/lib/python3.12/site-packages/airflow/example_dags/example_time_delta_sensor_async.py for tasks to queue
[2025-05-21T23:44:33.755+0000] {logging_mixin.py:190} INFO - [2025-05-21T23:44:33.754+0000] {dagbag.py:588} INFO - Filling up the DagBag from /home/airflow/.local/lib/python3.12/site-packages/airflow/example_dags/example_time_delta_sensor_async.py
[2025-05-21T23:44:33.770+0000] {processor.py:925} INFO - DAG(s) 'example_time_delta_sensor_async' retrieved from /home/airflow/.local/lib/python3.12/site-packages/airflow/example_dags/example_time_delta_sensor_async.py
[2025-05-21T23:44:33.810+0000] {logging_mixin.py:190} INFO - [2025-05-21T23:44:33.809+0000] {dag.py:3239} INFO - Sync 1 DAGs
[2025-05-21T23:44:33.845+0000] {logging_mixin.py:190} INFO - [2025-05-21T23:44:33.844+0000] {dag.py:4180} INFO - Setting next_dagrun for example_time_delta_sensor_async to None, run_after=None
[2025-05-21T23:44:33.889+0000] {processor.py:208} INFO - Processing /home/airflow/.local/lib/python3.12/site-packages/airflow/example_dags/example_time_delta_sensor_async.py took 0.152 seconds
