[2025-05-21T23:15:42.300+0000] {processor.py:186} INFO - Started process (PID=94) to work on /home/airflow/.local/lib/python3.12/site-packages/airflow/example_dags/example_workday_timetable.py
[2025-05-21T23:15:42.302+0000] {processor.py:914} INFO - Processing file /home/airflow/.local/lib/python3.12/site-packages/airflow/example_dags/example_workday_timetable.py for tasks to queue
[2025-05-21T23:15:42.306+0000] {logging_mixin.py:190} INFO - [2025-05-21T23:15:42.305+0000] {dagbag.py:588} INFO - Filling up the DagBag from /home/airflow/.local/lib/python3.12/site-packages/airflow/example_dags/example_workday_timetable.py
[2025-05-21T23:15:42.321+0000] {processor.py:925} INFO - DAG(s) 'example_workday_timetable' retrieved from /home/airflow/.local/lib/python3.12/site-packages/airflow/example_dags/example_workday_timetable.py
[2025-05-21T23:15:42.655+0000] {logging_mixin.py:190} INFO - [2025-05-21T23:15:42.654+0000] {override.py:1930} INFO - Created Permission View: can delete on DAG:example_workday_timetable
[2025-05-21T23:15:42.681+0000] {logging_mixin.py:190} INFO - [2025-05-21T23:15:42.680+0000] {override.py:1930} INFO - Created Permission View: can read on DAG:example_workday_timetable
[2025-05-21T23:15:42.702+0000] {logging_mixin.py:190} INFO - [2025-05-21T23:15:42.700+0000] {override.py:1930} INFO - Created Permission View: can edit on DAG:example_workday_timetable
[2025-05-21T23:15:42.725+0000] {logging_mixin.py:190} INFO - [2025-05-21T23:15:42.724+0000] {override.py:1930} INFO - Created Permission View: can delete on DAG Run:example_workday_timetable
[2025-05-21T23:15:42.742+0000] {logging_mixin.py:190} INFO - [2025-05-21T23:15:42.742+0000] {override.py:1930} INFO - Created Permission View: can read on DAG Run:example_workday_timetable
[2025-05-21T23:15:42.759+0000] {logging_mixin.py:190} INFO - [2025-05-21T23:15:42.758+0000] {override.py:1930} INFO - Created Permission View: menu access on DAG Run:example_workday_timetable
[2025-05-21T23:15:42.777+0000] {logging_mixin.py:190} INFO - [2025-05-21T23:15:42.776+0000] {override.py:1930} INFO - Created Permission View: can create on DAG Run:example_workday_timetable
[2025-05-21T23:15:42.779+0000] {logging_mixin.py:190} INFO - [2025-05-21T23:15:42.778+0000] {dag.py:3239} INFO - Sync 1 DAGs
[2025-05-21T23:15:42.811+0000] {logging_mixin.py:190} INFO - [2025-05-21T23:15:42.810+0000] {dag.py:3262} INFO - Creating ORM DAG for example_workday_timetable
[2025-05-21T23:15:42.956+0000] {logging_mixin.py:190} INFO - [2025-05-21T23:15:42.955+0000] {dag.py:4180} INFO - Setting next_dagrun for example_workday_timetable to 2021-01-04 00:00:00+00:00, run_after=2021-01-05 00:00:00+00:00
[2025-05-21T23:15:43.005+0000] {processor.py:208} INFO - Processing /home/airflow/.local/lib/python3.12/site-packages/airflow/example_dags/example_workday_timetable.py took 0.719 seconds
[2025-05-21T23:16:13.188+0000] {processor.py:186} INFO - Started process (PID=160) to work on /home/airflow/.local/lib/python3.12/site-packages/airflow/example_dags/example_workday_timetable.py
[2025-05-21T23:16:13.190+0000] {processor.py:914} INFO - Processing file /home/airflow/.local/lib/python3.12/site-packages/airflow/example_dags/example_workday_timetable.py for tasks to queue
[2025-05-21T23:16:13.195+0000] {logging_mixin.py:190} INFO - [2025-05-21T23:16:13.194+0000] {dagbag.py:588} INFO - Filling up the DagBag from /home/airflow/.local/lib/python3.12/site-packages/airflow/example_dags/example_workday_timetable.py
[2025-05-21T23:16:13.209+0000] {processor.py:925} INFO - DAG(s) 'example_workday_timetable' retrieved from /home/airflow/.local/lib/python3.12/site-packages/airflow/example_dags/example_workday_timetable.py
[2025-05-21T23:16:13.255+0000] {logging_mixin.py:190} INFO - [2025-05-21T23:16:13.254+0000] {dag.py:3239} INFO - Sync 1 DAGs
[2025-05-21T23:16:13.434+0000] {logging_mixin.py:190} INFO - [2025-05-21T23:16:13.434+0000] {dag.py:4180} INFO - Setting next_dagrun for example_workday_timetable to 2021-01-04 00:00:00+00:00, run_after=2021-01-05 00:00:00+00:00
[2025-05-21T23:16:13.492+0000] {processor.py:208} INFO - Processing /home/airflow/.local/lib/python3.12/site-packages/airflow/example_dags/example_workday_timetable.py took 0.315 seconds
[2025-05-21T23:16:43.777+0000] {processor.py:186} INFO - Started process (PID=226) to work on /home/airflow/.local/lib/python3.12/site-packages/airflow/example_dags/example_workday_timetable.py
[2025-05-21T23:16:43.779+0000] {processor.py:914} INFO - Processing file /home/airflow/.local/lib/python3.12/site-packages/airflow/example_dags/example_workday_timetable.py for tasks to queue
[2025-05-21T23:16:43.784+0000] {logging_mixin.py:190} INFO - [2025-05-21T23:16:43.783+0000] {dagbag.py:588} INFO - Filling up the DagBag from /home/airflow/.local/lib/python3.12/site-packages/airflow/example_dags/example_workday_timetable.py
[2025-05-21T23:16:43.795+0000] {processor.py:925} INFO - DAG(s) 'example_workday_timetable' retrieved from /home/airflow/.local/lib/python3.12/site-packages/airflow/example_dags/example_workday_timetable.py
[2025-05-21T23:16:43.838+0000] {logging_mixin.py:190} INFO - [2025-05-21T23:16:43.838+0000] {dag.py:3239} INFO - Sync 1 DAGs
[2025-05-21T23:16:43.995+0000] {logging_mixin.py:190} INFO - [2025-05-21T23:16:43.994+0000] {dag.py:4180} INFO - Setting next_dagrun for example_workday_timetable to 2021-01-04 00:00:00+00:00, run_after=2021-01-05 00:00:00+00:00
[2025-05-21T23:16:44.049+0000] {processor.py:208} INFO - Processing /home/airflow/.local/lib/python3.12/site-packages/airflow/example_dags/example_workday_timetable.py took 0.282 seconds
[2025-05-21T23:17:14.201+0000] {processor.py:186} INFO - Started process (PID=295) to work on /home/airflow/.local/lib/python3.12/site-packages/airflow/example_dags/example_workday_timetable.py
[2025-05-21T23:17:14.205+0000] {processor.py:914} INFO - Processing file /home/airflow/.local/lib/python3.12/site-packages/airflow/example_dags/example_workday_timetable.py for tasks to queue
[2025-05-21T23:17:14.210+0000] {logging_mixin.py:190} INFO - [2025-05-21T23:17:14.209+0000] {dagbag.py:588} INFO - Filling up the DagBag from /home/airflow/.local/lib/python3.12/site-packages/airflow/example_dags/example_workday_timetable.py
[2025-05-21T23:17:14.222+0000] {processor.py:925} INFO - DAG(s) 'example_workday_timetable' retrieved from /home/airflow/.local/lib/python3.12/site-packages/airflow/example_dags/example_workday_timetable.py
[2025-05-21T23:17:14.265+0000] {logging_mixin.py:190} INFO - [2025-05-21T23:17:14.265+0000] {dag.py:3239} INFO - Sync 1 DAGs
[2025-05-21T23:17:14.412+0000] {logging_mixin.py:190} INFO - [2025-05-21T23:17:14.411+0000] {dag.py:4180} INFO - Setting next_dagrun for example_workday_timetable to 2021-01-04 00:00:00+00:00, run_after=2021-01-05 00:00:00+00:00
[2025-05-21T23:17:14.517+0000] {processor.py:208} INFO - Processing /home/airflow/.local/lib/python3.12/site-packages/airflow/example_dags/example_workday_timetable.py took 0.330 seconds
[2025-05-21T23:17:44.746+0000] {processor.py:186} INFO - Started process (PID=361) to work on /home/airflow/.local/lib/python3.12/site-packages/airflow/example_dags/example_workday_timetable.py
[2025-05-21T23:17:44.748+0000] {processor.py:914} INFO - Processing file /home/airflow/.local/lib/python3.12/site-packages/airflow/example_dags/example_workday_timetable.py for tasks to queue
[2025-05-21T23:17:44.753+0000] {logging_mixin.py:190} INFO - [2025-05-21T23:17:44.753+0000] {dagbag.py:588} INFO - Filling up the DagBag from /home/airflow/.local/lib/python3.12/site-packages/airflow/example_dags/example_workday_timetable.py
[2025-05-21T23:17:44.765+0000] {processor.py:925} INFO - DAG(s) 'example_workday_timetable' retrieved from /home/airflow/.local/lib/python3.12/site-packages/airflow/example_dags/example_workday_timetable.py
[2025-05-21T23:17:44.805+0000] {logging_mixin.py:190} INFO - [2025-05-21T23:17:44.804+0000] {dag.py:3239} INFO - Sync 1 DAGs
[2025-05-21T23:17:44.960+0000] {logging_mixin.py:190} INFO - [2025-05-21T23:17:44.960+0000] {dag.py:4180} INFO - Setting next_dagrun for example_workday_timetable to 2021-01-04 00:00:00+00:00, run_after=2021-01-05 00:00:00+00:00
[2025-05-21T23:17:45.007+0000] {processor.py:208} INFO - Processing /home/airflow/.local/lib/python3.12/site-packages/airflow/example_dags/example_workday_timetable.py took 0.275 seconds
[2025-05-21T23:18:15.110+0000] {processor.py:186} INFO - Started process (PID=427) to work on /home/airflow/.local/lib/python3.12/site-packages/airflow/example_dags/example_workday_timetable.py
[2025-05-21T23:18:15.112+0000] {processor.py:914} INFO - Processing file /home/airflow/.local/lib/python3.12/site-packages/airflow/example_dags/example_workday_timetable.py for tasks to queue
[2025-05-21T23:18:15.117+0000] {logging_mixin.py:190} INFO - [2025-05-21T23:18:15.116+0000] {dagbag.py:588} INFO - Filling up the DagBag from /home/airflow/.local/lib/python3.12/site-packages/airflow/example_dags/example_workday_timetable.py
[2025-05-21T23:18:15.131+0000] {processor.py:925} INFO - DAG(s) 'example_workday_timetable' retrieved from /home/airflow/.local/lib/python3.12/site-packages/airflow/example_dags/example_workday_timetable.py
[2025-05-21T23:18:15.176+0000] {logging_mixin.py:190} INFO - [2025-05-21T23:18:15.176+0000] {dag.py:3239} INFO - Sync 1 DAGs
[2025-05-21T23:18:15.321+0000] {logging_mixin.py:190} INFO - [2025-05-21T23:18:15.321+0000] {dag.py:4180} INFO - Setting next_dagrun for example_workday_timetable to 2021-01-04 00:00:00+00:00, run_after=2021-01-05 00:00:00+00:00
[2025-05-21T23:18:15.365+0000] {processor.py:208} INFO - Processing /home/airflow/.local/lib/python3.12/site-packages/airflow/example_dags/example_workday_timetable.py took 0.272 seconds
[2025-05-21T23:18:46.026+0000] {processor.py:186} INFO - Started process (PID=499) to work on /home/airflow/.local/lib/python3.12/site-packages/airflow/example_dags/example_workday_timetable.py
[2025-05-21T23:18:46.029+0000] {processor.py:914} INFO - Processing file /home/airflow/.local/lib/python3.12/site-packages/airflow/example_dags/example_workday_timetable.py for tasks to queue
[2025-05-21T23:18:46.034+0000] {logging_mixin.py:190} INFO - [2025-05-21T23:18:46.033+0000] {dagbag.py:588} INFO - Filling up the DagBag from /home/airflow/.local/lib/python3.12/site-packages/airflow/example_dags/example_workday_timetable.py
[2025-05-21T23:18:46.046+0000] {processor.py:925} INFO - DAG(s) 'example_workday_timetable' retrieved from /home/airflow/.local/lib/python3.12/site-packages/airflow/example_dags/example_workday_timetable.py
[2025-05-21T23:18:46.100+0000] {logging_mixin.py:190} INFO - [2025-05-21T23:18:46.099+0000] {dag.py:3239} INFO - Sync 1 DAGs
[2025-05-21T23:18:46.259+0000] {logging_mixin.py:190} INFO - [2025-05-21T23:18:46.258+0000] {dag.py:4180} INFO - Setting next_dagrun for example_workday_timetable to 2021-01-04 00:00:00+00:00, run_after=2021-01-05 00:00:00+00:00
[2025-05-21T23:18:46.352+0000] {processor.py:208} INFO - Processing /home/airflow/.local/lib/python3.12/site-packages/airflow/example_dags/example_workday_timetable.py took 0.340 seconds
[2025-05-21T23:19:16.868+0000] {processor.py:186} INFO - Started process (PID=565) to work on /home/airflow/.local/lib/python3.12/site-packages/airflow/example_dags/example_workday_timetable.py
[2025-05-21T23:19:16.870+0000] {processor.py:914} INFO - Processing file /home/airflow/.local/lib/python3.12/site-packages/airflow/example_dags/example_workday_timetable.py for tasks to queue
[2025-05-21T23:19:16.874+0000] {logging_mixin.py:190} INFO - [2025-05-21T23:19:16.874+0000] {dagbag.py:588} INFO - Filling up the DagBag from /home/airflow/.local/lib/python3.12/site-packages/airflow/example_dags/example_workday_timetable.py
[2025-05-21T23:19:16.885+0000] {processor.py:925} INFO - DAG(s) 'example_workday_timetable' retrieved from /home/airflow/.local/lib/python3.12/site-packages/airflow/example_dags/example_workday_timetable.py
[2025-05-21T23:19:16.926+0000] {logging_mixin.py:190} INFO - [2025-05-21T23:19:16.925+0000] {dag.py:3239} INFO - Sync 1 DAGs
[2025-05-21T23:19:17.071+0000] {logging_mixin.py:190} INFO - [2025-05-21T23:19:17.070+0000] {dag.py:4180} INFO - Setting next_dagrun for example_workday_timetable to 2021-01-04 00:00:00+00:00, run_after=2021-01-05 00:00:00+00:00
[2025-05-21T23:19:17.111+0000] {processor.py:208} INFO - Processing /home/airflow/.local/lib/python3.12/site-packages/airflow/example_dags/example_workday_timetable.py took 0.255 seconds
[2025-05-21T23:19:47.447+0000] {processor.py:186} INFO - Started process (PID=631) to work on /home/airflow/.local/lib/python3.12/site-packages/airflow/example_dags/example_workday_timetable.py
[2025-05-21T23:19:47.449+0000] {processor.py:914} INFO - Processing file /home/airflow/.local/lib/python3.12/site-packages/airflow/example_dags/example_workday_timetable.py for tasks to queue
[2025-05-21T23:19:47.454+0000] {logging_mixin.py:190} INFO - [2025-05-21T23:19:47.453+0000] {dagbag.py:588} INFO - Filling up the DagBag from /home/airflow/.local/lib/python3.12/site-packages/airflow/example_dags/example_workday_timetable.py
[2025-05-21T23:19:47.465+0000] {processor.py:925} INFO - DAG(s) 'example_workday_timetable' retrieved from /home/airflow/.local/lib/python3.12/site-packages/airflow/example_dags/example_workday_timetable.py
[2025-05-21T23:19:47.507+0000] {logging_mixin.py:190} INFO - [2025-05-21T23:19:47.507+0000] {dag.py:3239} INFO - Sync 1 DAGs
[2025-05-21T23:19:47.670+0000] {logging_mixin.py:190} INFO - [2025-05-21T23:19:47.670+0000] {dag.py:4180} INFO - Setting next_dagrun for example_workday_timetable to 2021-01-04 00:00:00+00:00, run_after=2021-01-05 00:00:00+00:00
[2025-05-21T23:19:47.712+0000] {processor.py:208} INFO - Processing /home/airflow/.local/lib/python3.12/site-packages/airflow/example_dags/example_workday_timetable.py took 0.279 seconds
[2025-05-21T23:20:18.658+0000] {processor.py:186} INFO - Started process (PID=695) to work on /home/airflow/.local/lib/python3.12/site-packages/airflow/example_dags/example_workday_timetable.py
[2025-05-21T23:20:18.661+0000] {processor.py:914} INFO - Processing file /home/airflow/.local/lib/python3.12/site-packages/airflow/example_dags/example_workday_timetable.py for tasks to queue
[2025-05-21T23:20:18.667+0000] {logging_mixin.py:190} INFO - [2025-05-21T23:20:18.667+0000] {dagbag.py:588} INFO - Filling up the DagBag from /home/airflow/.local/lib/python3.12/site-packages/airflow/example_dags/example_workday_timetable.py
[2025-05-21T23:20:18.681+0000] {processor.py:925} INFO - DAG(s) 'example_workday_timetable' retrieved from /home/airflow/.local/lib/python3.12/site-packages/airflow/example_dags/example_workday_timetable.py
[2025-05-21T23:20:18.728+0000] {logging_mixin.py:190} INFO - [2025-05-21T23:20:18.727+0000] {dag.py:3239} INFO - Sync 1 DAGs
[2025-05-21T23:20:18.912+0000] {logging_mixin.py:190} INFO - [2025-05-21T23:20:18.911+0000] {dag.py:4180} INFO - Setting next_dagrun for example_workday_timetable to 2021-01-04 00:00:00+00:00, run_after=2021-01-05 00:00:00+00:00
[2025-05-21T23:20:18.958+0000] {processor.py:208} INFO - Processing /home/airflow/.local/lib/python3.12/site-packages/airflow/example_dags/example_workday_timetable.py took 0.315 seconds
[2025-05-21T23:20:49.931+0000] {processor.py:186} INFO - Started process (PID=762) to work on /home/airflow/.local/lib/python3.12/site-packages/airflow/example_dags/example_workday_timetable.py
[2025-05-21T23:20:49.933+0000] {processor.py:914} INFO - Processing file /home/airflow/.local/lib/python3.12/site-packages/airflow/example_dags/example_workday_timetable.py for tasks to queue
[2025-05-21T23:20:49.937+0000] {logging_mixin.py:190} INFO - [2025-05-21T23:20:49.936+0000] {dagbag.py:588} INFO - Filling up the DagBag from /home/airflow/.local/lib/python3.12/site-packages/airflow/example_dags/example_workday_timetable.py
[2025-05-21T23:20:49.952+0000] {processor.py:925} INFO - DAG(s) 'example_workday_timetable' retrieved from /home/airflow/.local/lib/python3.12/site-packages/airflow/example_dags/example_workday_timetable.py
[2025-05-21T23:20:49.997+0000] {logging_mixin.py:190} INFO - [2025-05-21T23:20:49.996+0000] {dag.py:3239} INFO - Sync 1 DAGs
[2025-05-21T23:20:50.144+0000] {logging_mixin.py:190} INFO - [2025-05-21T23:20:50.144+0000] {dag.py:4180} INFO - Setting next_dagrun for example_workday_timetable to 2021-01-04 00:00:00+00:00, run_after=2021-01-05 00:00:00+00:00
[2025-05-21T23:20:50.185+0000] {processor.py:208} INFO - Processing /home/airflow/.local/lib/python3.12/site-packages/airflow/example_dags/example_workday_timetable.py took 0.265 seconds
[2025-05-21T23:21:21.527+0000] {processor.py:186} INFO - Started process (PID=828) to work on /home/airflow/.local/lib/python3.12/site-packages/airflow/example_dags/example_workday_timetable.py
[2025-05-21T23:21:21.529+0000] {processor.py:914} INFO - Processing file /home/airflow/.local/lib/python3.12/site-packages/airflow/example_dags/example_workday_timetable.py for tasks to queue
[2025-05-21T23:21:21.533+0000] {logging_mixin.py:190} INFO - [2025-05-21T23:21:21.532+0000] {dagbag.py:588} INFO - Filling up the DagBag from /home/airflow/.local/lib/python3.12/site-packages/airflow/example_dags/example_workday_timetable.py
[2025-05-21T23:21:21.543+0000] {processor.py:925} INFO - DAG(s) 'example_workday_timetable' retrieved from /home/airflow/.local/lib/python3.12/site-packages/airflow/example_dags/example_workday_timetable.py
[2025-05-21T23:21:21.587+0000] {logging_mixin.py:190} INFO - [2025-05-21T23:21:21.586+0000] {dag.py:3239} INFO - Sync 1 DAGs
[2025-05-21T23:21:21.775+0000] {logging_mixin.py:190} INFO - [2025-05-21T23:21:21.774+0000] {dag.py:4180} INFO - Setting next_dagrun for example_workday_timetable to 2021-01-04 00:00:00+00:00, run_after=2021-01-05 00:00:00+00:00
[2025-05-21T23:21:21.820+0000] {processor.py:208} INFO - Processing /home/airflow/.local/lib/python3.12/site-packages/airflow/example_dags/example_workday_timetable.py took 0.303 seconds
[2025-05-21T23:21:52.918+0000] {processor.py:186} INFO - Started process (PID=893) to work on /home/airflow/.local/lib/python3.12/site-packages/airflow/example_dags/example_workday_timetable.py
[2025-05-21T23:21:52.920+0000] {processor.py:914} INFO - Processing file /home/airflow/.local/lib/python3.12/site-packages/airflow/example_dags/example_workday_timetable.py for tasks to queue
[2025-05-21T23:21:52.925+0000] {logging_mixin.py:190} INFO - [2025-05-21T23:21:52.924+0000] {dagbag.py:588} INFO - Filling up the DagBag from /home/airflow/.local/lib/python3.12/site-packages/airflow/example_dags/example_workday_timetable.py
[2025-05-21T23:21:52.938+0000] {processor.py:925} INFO - DAG(s) 'example_workday_timetable' retrieved from /home/airflow/.local/lib/python3.12/site-packages/airflow/example_dags/example_workday_timetable.py
[2025-05-21T23:21:52.981+0000] {logging_mixin.py:190} INFO - [2025-05-21T23:21:52.981+0000] {dag.py:3239} INFO - Sync 1 DAGs
[2025-05-21T23:21:53.156+0000] {logging_mixin.py:190} INFO - [2025-05-21T23:21:53.155+0000] {dag.py:4180} INFO - Setting next_dagrun for example_workday_timetable to 2021-01-04 00:00:00+00:00, run_after=2021-01-05 00:00:00+00:00
[2025-05-21T23:21:53.193+0000] {processor.py:208} INFO - Processing /home/airflow/.local/lib/python3.12/site-packages/airflow/example_dags/example_workday_timetable.py took 0.287 seconds
[2025-05-21T23:22:23.393+0000] {processor.py:186} INFO - Started process (PID=959) to work on /home/airflow/.local/lib/python3.12/site-packages/airflow/example_dags/example_workday_timetable.py
[2025-05-21T23:22:23.395+0000] {processor.py:914} INFO - Processing file /home/airflow/.local/lib/python3.12/site-packages/airflow/example_dags/example_workday_timetable.py for tasks to queue
[2025-05-21T23:22:23.399+0000] {logging_mixin.py:190} INFO - [2025-05-21T23:22:23.399+0000] {dagbag.py:588} INFO - Filling up the DagBag from /home/airflow/.local/lib/python3.12/site-packages/airflow/example_dags/example_workday_timetable.py
[2025-05-21T23:22:23.410+0000] {processor.py:925} INFO - DAG(s) 'example_workday_timetable' retrieved from /home/airflow/.local/lib/python3.12/site-packages/airflow/example_dags/example_workday_timetable.py
[2025-05-21T23:22:23.450+0000] {logging_mixin.py:190} INFO - [2025-05-21T23:22:23.449+0000] {dag.py:3239} INFO - Sync 1 DAGs
[2025-05-21T23:22:23.590+0000] {logging_mixin.py:190} INFO - [2025-05-21T23:22:23.590+0000] {dag.py:4180} INFO - Setting next_dagrun for example_workday_timetable to 2021-01-04 00:00:00+00:00, run_after=2021-01-05 00:00:00+00:00
[2025-05-21T23:22:23.702+0000] {processor.py:208} INFO - Processing /home/airflow/.local/lib/python3.12/site-packages/airflow/example_dags/example_workday_timetable.py took 0.322 seconds
[2025-05-21T23:22:54.090+0000] {processor.py:186} INFO - Started process (PID=1023) to work on /home/airflow/.local/lib/python3.12/site-packages/airflow/example_dags/example_workday_timetable.py
[2025-05-21T23:22:54.092+0000] {processor.py:914} INFO - Processing file /home/airflow/.local/lib/python3.12/site-packages/airflow/example_dags/example_workday_timetable.py for tasks to queue
[2025-05-21T23:22:54.098+0000] {logging_mixin.py:190} INFO - [2025-05-21T23:22:54.097+0000] {dagbag.py:588} INFO - Filling up the DagBag from /home/airflow/.local/lib/python3.12/site-packages/airflow/example_dags/example_workday_timetable.py
[2025-05-21T23:22:54.113+0000] {processor.py:925} INFO - DAG(s) 'example_workday_timetable' retrieved from /home/airflow/.local/lib/python3.12/site-packages/airflow/example_dags/example_workday_timetable.py
[2025-05-21T23:22:54.167+0000] {logging_mixin.py:190} INFO - [2025-05-21T23:22:54.167+0000] {dag.py:3239} INFO - Sync 1 DAGs
[2025-05-21T23:22:54.363+0000] {logging_mixin.py:190} INFO - [2025-05-21T23:22:54.363+0000] {dag.py:4180} INFO - Setting next_dagrun for example_workday_timetable to 2021-01-04 00:00:00+00:00, run_after=2021-01-05 00:00:00+00:00
[2025-05-21T23:22:54.426+0000] {processor.py:208} INFO - Processing /home/airflow/.local/lib/python3.12/site-packages/airflow/example_dags/example_workday_timetable.py took 0.348 seconds
[2025-05-21T23:23:25.081+0000] {processor.py:186} INFO - Started process (PID=1089) to work on /home/airflow/.local/lib/python3.12/site-packages/airflow/example_dags/example_workday_timetable.py
[2025-05-21T23:23:25.083+0000] {processor.py:914} INFO - Processing file /home/airflow/.local/lib/python3.12/site-packages/airflow/example_dags/example_workday_timetable.py for tasks to queue
[2025-05-21T23:23:25.087+0000] {logging_mixin.py:190} INFO - [2025-05-21T23:23:25.086+0000] {dagbag.py:588} INFO - Filling up the DagBag from /home/airflow/.local/lib/python3.12/site-packages/airflow/example_dags/example_workday_timetable.py
[2025-05-21T23:23:25.097+0000] {processor.py:925} INFO - DAG(s) 'example_workday_timetable' retrieved from /home/airflow/.local/lib/python3.12/site-packages/airflow/example_dags/example_workday_timetable.py
[2025-05-21T23:23:25.139+0000] {logging_mixin.py:190} INFO - [2025-05-21T23:23:25.138+0000] {dag.py:3239} INFO - Sync 1 DAGs
[2025-05-21T23:23:25.285+0000] {logging_mixin.py:190} INFO - [2025-05-21T23:23:25.284+0000] {dag.py:4180} INFO - Setting next_dagrun for example_workday_timetable to 2021-01-04 00:00:00+00:00, run_after=2021-01-05 00:00:00+00:00
[2025-05-21T23:23:25.346+0000] {processor.py:208} INFO - Processing /home/airflow/.local/lib/python3.12/site-packages/airflow/example_dags/example_workday_timetable.py took 0.275 seconds
[2025-05-21T23:23:55.590+0000] {processor.py:186} INFO - Started process (PID=1155) to work on /home/airflow/.local/lib/python3.12/site-packages/airflow/example_dags/example_workday_timetable.py
[2025-05-21T23:23:55.593+0000] {processor.py:914} INFO - Processing file /home/airflow/.local/lib/python3.12/site-packages/airflow/example_dags/example_workday_timetable.py for tasks to queue
[2025-05-21T23:23:55.597+0000] {logging_mixin.py:190} INFO - [2025-05-21T23:23:55.597+0000] {dagbag.py:588} INFO - Filling up the DagBag from /home/airflow/.local/lib/python3.12/site-packages/airflow/example_dags/example_workday_timetable.py
[2025-05-21T23:23:55.610+0000] {processor.py:925} INFO - DAG(s) 'example_workday_timetable' retrieved from /home/airflow/.local/lib/python3.12/site-packages/airflow/example_dags/example_workday_timetable.py
[2025-05-21T23:23:55.655+0000] {logging_mixin.py:190} INFO - [2025-05-21T23:23:55.654+0000] {dag.py:3239} INFO - Sync 1 DAGs
[2025-05-21T23:23:55.788+0000] {logging_mixin.py:190} INFO - [2025-05-21T23:23:55.787+0000] {dag.py:4180} INFO - Setting next_dagrun for example_workday_timetable to 2021-01-04 00:00:00+00:00, run_after=2021-01-05 00:00:00+00:00
[2025-05-21T23:23:55.854+0000] {processor.py:208} INFO - Processing /home/airflow/.local/lib/python3.12/site-packages/airflow/example_dags/example_workday_timetable.py took 0.278 seconds
[2025-05-21T23:24:26.153+0000] {processor.py:186} INFO - Started process (PID=1221) to work on /home/airflow/.local/lib/python3.12/site-packages/airflow/example_dags/example_workday_timetable.py
[2025-05-21T23:24:26.155+0000] {processor.py:914} INFO - Processing file /home/airflow/.local/lib/python3.12/site-packages/airflow/example_dags/example_workday_timetable.py for tasks to queue
[2025-05-21T23:24:26.159+0000] {logging_mixin.py:190} INFO - [2025-05-21T23:24:26.159+0000] {dagbag.py:588} INFO - Filling up the DagBag from /home/airflow/.local/lib/python3.12/site-packages/airflow/example_dags/example_workday_timetable.py
[2025-05-21T23:24:26.170+0000] {processor.py:925} INFO - DAG(s) 'example_workday_timetable' retrieved from /home/airflow/.local/lib/python3.12/site-packages/airflow/example_dags/example_workday_timetable.py
[2025-05-21T23:24:26.209+0000] {logging_mixin.py:190} INFO - [2025-05-21T23:24:26.209+0000] {dag.py:3239} INFO - Sync 1 DAGs
[2025-05-21T23:24:26.336+0000] {logging_mixin.py:190} INFO - [2025-05-21T23:24:26.335+0000] {dag.py:4180} INFO - Setting next_dagrun for example_workday_timetable to 2021-01-04 00:00:00+00:00, run_after=2021-01-05 00:00:00+00:00
[2025-05-21T23:24:26.421+0000] {processor.py:208} INFO - Processing /home/airflow/.local/lib/python3.12/site-packages/airflow/example_dags/example_workday_timetable.py took 0.279 seconds
[2025-05-21T23:24:56.809+0000] {processor.py:186} INFO - Started process (PID=1288) to work on /home/airflow/.local/lib/python3.12/site-packages/airflow/example_dags/example_workday_timetable.py
[2025-05-21T23:24:56.811+0000] {processor.py:914} INFO - Processing file /home/airflow/.local/lib/python3.12/site-packages/airflow/example_dags/example_workday_timetable.py for tasks to queue
[2025-05-21T23:24:56.817+0000] {logging_mixin.py:190} INFO - [2025-05-21T23:24:56.816+0000] {dagbag.py:588} INFO - Filling up the DagBag from /home/airflow/.local/lib/python3.12/site-packages/airflow/example_dags/example_workday_timetable.py
[2025-05-21T23:24:56.829+0000] {processor.py:925} INFO - DAG(s) 'example_workday_timetable' retrieved from /home/airflow/.local/lib/python3.12/site-packages/airflow/example_dags/example_workday_timetable.py
[2025-05-21T23:24:56.867+0000] {logging_mixin.py:190} INFO - [2025-05-21T23:24:56.867+0000] {dag.py:3239} INFO - Sync 1 DAGs
[2025-05-21T23:24:57.013+0000] {logging_mixin.py:190} INFO - [2025-05-21T23:24:57.013+0000] {dag.py:4180} INFO - Setting next_dagrun for example_workday_timetable to 2021-01-04 00:00:00+00:00, run_after=2021-01-05 00:00:00+00:00
[2025-05-21T23:24:57.053+0000] {processor.py:208} INFO - Processing /home/airflow/.local/lib/python3.12/site-packages/airflow/example_dags/example_workday_timetable.py took 0.259 seconds
[2025-05-21T23:25:27.388+0000] {processor.py:186} INFO - Started process (PID=1354) to work on /home/airflow/.local/lib/python3.12/site-packages/airflow/example_dags/example_workday_timetable.py
[2025-05-21T23:25:27.390+0000] {processor.py:914} INFO - Processing file /home/airflow/.local/lib/python3.12/site-packages/airflow/example_dags/example_workday_timetable.py for tasks to queue
[2025-05-21T23:25:27.395+0000] {logging_mixin.py:190} INFO - [2025-05-21T23:25:27.394+0000] {dagbag.py:588} INFO - Filling up the DagBag from /home/airflow/.local/lib/python3.12/site-packages/airflow/example_dags/example_workday_timetable.py
[2025-05-21T23:25:27.405+0000] {processor.py:925} INFO - DAG(s) 'example_workday_timetable' retrieved from /home/airflow/.local/lib/python3.12/site-packages/airflow/example_dags/example_workday_timetable.py
[2025-05-21T23:25:27.446+0000] {logging_mixin.py:190} INFO - [2025-05-21T23:25:27.445+0000] {dag.py:3239} INFO - Sync 1 DAGs
[2025-05-21T23:25:27.568+0000] {logging_mixin.py:190} INFO - [2025-05-21T23:25:27.568+0000] {dag.py:4180} INFO - Setting next_dagrun for example_workday_timetable to 2021-01-04 00:00:00+00:00, run_after=2021-01-05 00:00:00+00:00
[2025-05-21T23:25:27.606+0000] {processor.py:208} INFO - Processing /home/airflow/.local/lib/python3.12/site-packages/airflow/example_dags/example_workday_timetable.py took 0.229 seconds
[2025-05-21T23:25:58.889+0000] {processor.py:186} INFO - Started process (PID=1420) to work on /home/airflow/.local/lib/python3.12/site-packages/airflow/example_dags/example_workday_timetable.py
[2025-05-21T23:25:58.891+0000] {processor.py:914} INFO - Processing file /home/airflow/.local/lib/python3.12/site-packages/airflow/example_dags/example_workday_timetable.py for tasks to queue
[2025-05-21T23:25:58.897+0000] {logging_mixin.py:190} INFO - [2025-05-21T23:25:58.897+0000] {dagbag.py:588} INFO - Filling up the DagBag from /home/airflow/.local/lib/python3.12/site-packages/airflow/example_dags/example_workday_timetable.py
[2025-05-21T23:25:58.914+0000] {processor.py:925} INFO - DAG(s) 'example_workday_timetable' retrieved from /home/airflow/.local/lib/python3.12/site-packages/airflow/example_dags/example_workday_timetable.py
[2025-05-21T23:25:58.962+0000] {logging_mixin.py:190} INFO - [2025-05-21T23:25:58.961+0000] {dag.py:3239} INFO - Sync 1 DAGs
[2025-05-21T23:25:59.132+0000] {logging_mixin.py:190} INFO - [2025-05-21T23:25:59.131+0000] {dag.py:4180} INFO - Setting next_dagrun for example_workday_timetable to 2021-01-04 00:00:00+00:00, run_after=2021-01-05 00:00:00+00:00
[2025-05-21T23:25:59.238+0000] {processor.py:208} INFO - Processing /home/airflow/.local/lib/python3.12/site-packages/airflow/example_dags/example_workday_timetable.py took 0.361 seconds
[2025-05-21T23:26:29.380+0000] {processor.py:186} INFO - Started process (PID=1485) to work on /home/airflow/.local/lib/python3.12/site-packages/airflow/example_dags/example_workday_timetable.py
[2025-05-21T23:26:29.382+0000] {processor.py:914} INFO - Processing file /home/airflow/.local/lib/python3.12/site-packages/airflow/example_dags/example_workday_timetable.py for tasks to queue
[2025-05-21T23:26:29.387+0000] {logging_mixin.py:190} INFO - [2025-05-21T23:26:29.386+0000] {dagbag.py:588} INFO - Filling up the DagBag from /home/airflow/.local/lib/python3.12/site-packages/airflow/example_dags/example_workday_timetable.py
[2025-05-21T23:26:29.397+0000] {processor.py:925} INFO - DAG(s) 'example_workday_timetable' retrieved from /home/airflow/.local/lib/python3.12/site-packages/airflow/example_dags/example_workday_timetable.py
[2025-05-21T23:26:29.437+0000] {logging_mixin.py:190} INFO - [2025-05-21T23:26:29.436+0000] {dag.py:3239} INFO - Sync 1 DAGs
[2025-05-21T23:26:29.586+0000] {logging_mixin.py:190} INFO - [2025-05-21T23:26:29.585+0000] {dag.py:4180} INFO - Setting next_dagrun for example_workday_timetable to 2021-01-04 00:00:00+00:00, run_after=2021-01-05 00:00:00+00:00
[2025-05-21T23:26:29.624+0000] {processor.py:208} INFO - Processing /home/airflow/.local/lib/python3.12/site-packages/airflow/example_dags/example_workday_timetable.py took 0.254 seconds
[2025-05-21T23:26:59.816+0000] {processor.py:186} INFO - Started process (PID=1551) to work on /home/airflow/.local/lib/python3.12/site-packages/airflow/example_dags/example_workday_timetable.py
[2025-05-21T23:26:59.818+0000] {processor.py:914} INFO - Processing file /home/airflow/.local/lib/python3.12/site-packages/airflow/example_dags/example_workday_timetable.py for tasks to queue
[2025-05-21T23:26:59.823+0000] {logging_mixin.py:190} INFO - [2025-05-21T23:26:59.822+0000] {dagbag.py:588} INFO - Filling up the DagBag from /home/airflow/.local/lib/python3.12/site-packages/airflow/example_dags/example_workday_timetable.py
[2025-05-21T23:26:59.835+0000] {processor.py:925} INFO - DAG(s) 'example_workday_timetable' retrieved from /home/airflow/.local/lib/python3.12/site-packages/airflow/example_dags/example_workday_timetable.py
[2025-05-21T23:26:59.880+0000] {logging_mixin.py:190} INFO - [2025-05-21T23:26:59.879+0000] {dag.py:3239} INFO - Sync 1 DAGs
[2025-05-21T23:27:00.056+0000] {logging_mixin.py:190} INFO - [2025-05-21T23:27:00.056+0000] {dag.py:4180} INFO - Setting next_dagrun for example_workday_timetable to 2021-01-04 00:00:00+00:00, run_after=2021-01-05 00:00:00+00:00
[2025-05-21T23:27:00.099+0000] {processor.py:208} INFO - Processing /home/airflow/.local/lib/python3.12/site-packages/airflow/example_dags/example_workday_timetable.py took 0.295 seconds
[2025-05-21T23:27:30.199+0000] {processor.py:186} INFO - Started process (PID=1617) to work on /home/airflow/.local/lib/python3.12/site-packages/airflow/example_dags/example_workday_timetable.py
[2025-05-21T23:27:30.201+0000] {processor.py:914} INFO - Processing file /home/airflow/.local/lib/python3.12/site-packages/airflow/example_dags/example_workday_timetable.py for tasks to queue
[2025-05-21T23:27:30.205+0000] {logging_mixin.py:190} INFO - [2025-05-21T23:27:30.205+0000] {dagbag.py:588} INFO - Filling up the DagBag from /home/airflow/.local/lib/python3.12/site-packages/airflow/example_dags/example_workday_timetable.py
[2025-05-21T23:27:30.217+0000] {processor.py:925} INFO - DAG(s) 'example_workday_timetable' retrieved from /home/airflow/.local/lib/python3.12/site-packages/airflow/example_dags/example_workday_timetable.py
[2025-05-21T23:27:30.258+0000] {logging_mixin.py:190} INFO - [2025-05-21T23:27:30.257+0000] {dag.py:3239} INFO - Sync 1 DAGs
[2025-05-21T23:27:30.383+0000] {logging_mixin.py:190} INFO - [2025-05-21T23:27:30.382+0000] {dag.py:4180} INFO - Setting next_dagrun for example_workday_timetable to 2021-01-04 00:00:00+00:00, run_after=2021-01-05 00:00:00+00:00
[2025-05-21T23:27:30.420+0000] {processor.py:208} INFO - Processing /home/airflow/.local/lib/python3.12/site-packages/airflow/example_dags/example_workday_timetable.py took 0.233 seconds
[2025-05-21T23:28:00.859+0000] {processor.py:186} INFO - Started process (PID=1683) to work on /home/airflow/.local/lib/python3.12/site-packages/airflow/example_dags/example_workday_timetable.py
[2025-05-21T23:28:00.861+0000] {processor.py:914} INFO - Processing file /home/airflow/.local/lib/python3.12/site-packages/airflow/example_dags/example_workday_timetable.py for tasks to queue
[2025-05-21T23:28:00.865+0000] {logging_mixin.py:190} INFO - [2025-05-21T23:28:00.865+0000] {dagbag.py:588} INFO - Filling up the DagBag from /home/airflow/.local/lib/python3.12/site-packages/airflow/example_dags/example_workday_timetable.py
[2025-05-21T23:28:00.876+0000] {processor.py:925} INFO - DAG(s) 'example_workday_timetable' retrieved from /home/airflow/.local/lib/python3.12/site-packages/airflow/example_dags/example_workday_timetable.py
[2025-05-21T23:28:00.916+0000] {logging_mixin.py:190} INFO - [2025-05-21T23:28:00.915+0000] {dag.py:3239} INFO - Sync 1 DAGs
[2025-05-21T23:28:01.059+0000] {logging_mixin.py:190} INFO - [2025-05-21T23:28:01.059+0000] {dag.py:4180} INFO - Setting next_dagrun for example_workday_timetable to 2021-01-04 00:00:00+00:00, run_after=2021-01-05 00:00:00+00:00
[2025-05-21T23:28:01.102+0000] {processor.py:208} INFO - Processing /home/airflow/.local/lib/python3.12/site-packages/airflow/example_dags/example_workday_timetable.py took 0.253 seconds
[2025-05-21T23:28:31.287+0000] {processor.py:186} INFO - Started process (PID=1748) to work on /home/airflow/.local/lib/python3.12/site-packages/airflow/example_dags/example_workday_timetable.py
[2025-05-21T23:28:31.290+0000] {processor.py:914} INFO - Processing file /home/airflow/.local/lib/python3.12/site-packages/airflow/example_dags/example_workday_timetable.py for tasks to queue
[2025-05-21T23:28:31.295+0000] {logging_mixin.py:190} INFO - [2025-05-21T23:28:31.294+0000] {dagbag.py:588} INFO - Filling up the DagBag from /home/airflow/.local/lib/python3.12/site-packages/airflow/example_dags/example_workday_timetable.py
[2025-05-21T23:28:31.307+0000] {processor.py:925} INFO - DAG(s) 'example_workday_timetable' retrieved from /home/airflow/.local/lib/python3.12/site-packages/airflow/example_dags/example_workday_timetable.py
[2025-05-21T23:28:31.349+0000] {logging_mixin.py:190} INFO - [2025-05-21T23:28:31.348+0000] {dag.py:3239} INFO - Sync 1 DAGs
[2025-05-21T23:28:31.493+0000] {logging_mixin.py:190} INFO - [2025-05-21T23:28:31.493+0000] {dag.py:4180} INFO - Setting next_dagrun for example_workday_timetable to 2021-01-04 00:00:00+00:00, run_after=2021-01-05 00:00:00+00:00
[2025-05-21T23:28:31.554+0000] {processor.py:208} INFO - Processing /home/airflow/.local/lib/python3.12/site-packages/airflow/example_dags/example_workday_timetable.py took 0.281 seconds
[2025-05-21T23:29:02.326+0000] {processor.py:186} INFO - Started process (PID=1814) to work on /home/airflow/.local/lib/python3.12/site-packages/airflow/example_dags/example_workday_timetable.py
[2025-05-21T23:29:02.328+0000] {processor.py:914} INFO - Processing file /home/airflow/.local/lib/python3.12/site-packages/airflow/example_dags/example_workday_timetable.py for tasks to queue
[2025-05-21T23:29:02.333+0000] {logging_mixin.py:190} INFO - [2025-05-21T23:29:02.332+0000] {dagbag.py:588} INFO - Filling up the DagBag from /home/airflow/.local/lib/python3.12/site-packages/airflow/example_dags/example_workday_timetable.py
[2025-05-21T23:29:02.343+0000] {processor.py:925} INFO - DAG(s) 'example_workday_timetable' retrieved from /home/airflow/.local/lib/python3.12/site-packages/airflow/example_dags/example_workday_timetable.py
[2025-05-21T23:29:02.382+0000] {logging_mixin.py:190} INFO - [2025-05-21T23:29:02.382+0000] {dag.py:3239} INFO - Sync 1 DAGs
[2025-05-21T23:29:02.507+0000] {logging_mixin.py:190} INFO - [2025-05-21T23:29:02.507+0000] {dag.py:4180} INFO - Setting next_dagrun for example_workday_timetable to 2021-01-04 00:00:00+00:00, run_after=2021-01-05 00:00:00+00:00
[2025-05-21T23:29:02.612+0000] {processor.py:208} INFO - Processing /home/airflow/.local/lib/python3.12/site-packages/airflow/example_dags/example_workday_timetable.py took 0.296 seconds
[2025-05-21T23:29:32.853+0000] {processor.py:186} INFO - Started process (PID=1880) to work on /home/airflow/.local/lib/python3.12/site-packages/airflow/example_dags/example_workday_timetable.py
[2025-05-21T23:29:32.856+0000] {processor.py:914} INFO - Processing file /home/airflow/.local/lib/python3.12/site-packages/airflow/example_dags/example_workday_timetable.py for tasks to queue
[2025-05-21T23:29:32.861+0000] {logging_mixin.py:190} INFO - [2025-05-21T23:29:32.861+0000] {dagbag.py:588} INFO - Filling up the DagBag from /home/airflow/.local/lib/python3.12/site-packages/airflow/example_dags/example_workday_timetable.py
[2025-05-21T23:29:32.873+0000] {processor.py:925} INFO - DAG(s) 'example_workday_timetable' retrieved from /home/airflow/.local/lib/python3.12/site-packages/airflow/example_dags/example_workday_timetable.py
[2025-05-21T23:29:32.918+0000] {logging_mixin.py:190} INFO - [2025-05-21T23:29:32.918+0000] {dag.py:3239} INFO - Sync 1 DAGs
[2025-05-21T23:29:33.053+0000] {logging_mixin.py:190} INFO - [2025-05-21T23:29:33.052+0000] {dag.py:4180} INFO - Setting next_dagrun for example_workday_timetable to 2021-01-04 00:00:00+00:00, run_after=2021-01-05 00:00:00+00:00
[2025-05-21T23:29:33.160+0000] {processor.py:208} INFO - Processing /home/airflow/.local/lib/python3.12/site-packages/airflow/example_dags/example_workday_timetable.py took 0.324 seconds
[2025-05-21T23:30:03.405+0000] {processor.py:186} INFO - Started process (PID=1946) to work on /home/airflow/.local/lib/python3.12/site-packages/airflow/example_dags/example_workday_timetable.py
[2025-05-21T23:30:03.407+0000] {processor.py:914} INFO - Processing file /home/airflow/.local/lib/python3.12/site-packages/airflow/example_dags/example_workday_timetable.py for tasks to queue
[2025-05-21T23:30:03.412+0000] {logging_mixin.py:190} INFO - [2025-05-21T23:30:03.411+0000] {dagbag.py:588} INFO - Filling up the DagBag from /home/airflow/.local/lib/python3.12/site-packages/airflow/example_dags/example_workday_timetable.py
[2025-05-21T23:30:03.423+0000] {processor.py:925} INFO - DAG(s) 'example_workday_timetable' retrieved from /home/airflow/.local/lib/python3.12/site-packages/airflow/example_dags/example_workday_timetable.py
[2025-05-21T23:30:03.476+0000] {logging_mixin.py:190} INFO - [2025-05-21T23:30:03.475+0000] {dag.py:3239} INFO - Sync 1 DAGs
[2025-05-21T23:30:03.602+0000] {logging_mixin.py:190} INFO - [2025-05-21T23:30:03.602+0000] {dag.py:4180} INFO - Setting next_dagrun for example_workday_timetable to 2021-01-04 00:00:00+00:00, run_after=2021-01-05 00:00:00+00:00
[2025-05-21T23:30:03.640+0000] {processor.py:208} INFO - Processing /home/airflow/.local/lib/python3.12/site-packages/airflow/example_dags/example_workday_timetable.py took 0.246 seconds
[2025-05-21T23:30:34.141+0000] {processor.py:186} INFO - Started process (PID=2012) to work on /home/airflow/.local/lib/python3.12/site-packages/airflow/example_dags/example_workday_timetable.py
[2025-05-21T23:30:34.145+0000] {processor.py:914} INFO - Processing file /home/airflow/.local/lib/python3.12/site-packages/airflow/example_dags/example_workday_timetable.py for tasks to queue
[2025-05-21T23:30:34.150+0000] {logging_mixin.py:190} INFO - [2025-05-21T23:30:34.150+0000] {dagbag.py:588} INFO - Filling up the DagBag from /home/airflow/.local/lib/python3.12/site-packages/airflow/example_dags/example_workday_timetable.py
[2025-05-21T23:30:34.161+0000] {processor.py:925} INFO - DAG(s) 'example_workday_timetable' retrieved from /home/airflow/.local/lib/python3.12/site-packages/airflow/example_dags/example_workday_timetable.py
[2025-05-21T23:30:34.198+0000] {logging_mixin.py:190} INFO - [2025-05-21T23:30:34.198+0000] {dag.py:3239} INFO - Sync 1 DAGs
[2025-05-21T23:30:34.315+0000] {logging_mixin.py:190} INFO - [2025-05-21T23:30:34.314+0000] {dag.py:4180} INFO - Setting next_dagrun for example_workday_timetable to 2021-01-04 00:00:00+00:00, run_after=2021-01-05 00:00:00+00:00
[2025-05-21T23:30:34.350+0000] {processor.py:208} INFO - Processing /home/airflow/.local/lib/python3.12/site-packages/airflow/example_dags/example_workday_timetable.py took 0.220 seconds
[2025-05-21T23:31:05.480+0000] {processor.py:186} INFO - Started process (PID=2078) to work on /home/airflow/.local/lib/python3.12/site-packages/airflow/example_dags/example_workday_timetable.py
[2025-05-21T23:31:05.482+0000] {processor.py:914} INFO - Processing file /home/airflow/.local/lib/python3.12/site-packages/airflow/example_dags/example_workday_timetable.py for tasks to queue
[2025-05-21T23:31:05.486+0000] {logging_mixin.py:190} INFO - [2025-05-21T23:31:05.485+0000] {dagbag.py:588} INFO - Filling up the DagBag from /home/airflow/.local/lib/python3.12/site-packages/airflow/example_dags/example_workday_timetable.py
[2025-05-21T23:31:05.496+0000] {processor.py:925} INFO - DAG(s) 'example_workday_timetable' retrieved from /home/airflow/.local/lib/python3.12/site-packages/airflow/example_dags/example_workday_timetable.py
[2025-05-21T23:31:05.532+0000] {logging_mixin.py:190} INFO - [2025-05-21T23:31:05.532+0000] {dag.py:3239} INFO - Sync 1 DAGs
[2025-05-21T23:31:05.696+0000] {logging_mixin.py:190} INFO - [2025-05-21T23:31:05.695+0000] {dag.py:4180} INFO - Setting next_dagrun for example_workday_timetable to 2021-01-04 00:00:00+00:00, run_after=2021-01-05 00:00:00+00:00
[2025-05-21T23:31:05.797+0000] {processor.py:208} INFO - Processing /home/airflow/.local/lib/python3.12/site-packages/airflow/example_dags/example_workday_timetable.py took 0.328 seconds
[2025-05-21T23:31:36.522+0000] {processor.py:186} INFO - Started process (PID=2144) to work on /home/airflow/.local/lib/python3.12/site-packages/airflow/example_dags/example_workday_timetable.py
[2025-05-21T23:31:36.525+0000] {processor.py:914} INFO - Processing file /home/airflow/.local/lib/python3.12/site-packages/airflow/example_dags/example_workday_timetable.py for tasks to queue
[2025-05-21T23:31:36.530+0000] {logging_mixin.py:190} INFO - [2025-05-21T23:31:36.530+0000] {dagbag.py:588} INFO - Filling up the DagBag from /home/airflow/.local/lib/python3.12/site-packages/airflow/example_dags/example_workday_timetable.py
[2025-05-21T23:31:36.543+0000] {processor.py:925} INFO - DAG(s) 'example_workday_timetable' retrieved from /home/airflow/.local/lib/python3.12/site-packages/airflow/example_dags/example_workday_timetable.py
[2025-05-21T23:31:36.591+0000] {logging_mixin.py:190} INFO - [2025-05-21T23:31:36.590+0000] {dag.py:3239} INFO - Sync 1 DAGs
[2025-05-21T23:31:36.785+0000] {logging_mixin.py:190} INFO - [2025-05-21T23:31:36.784+0000] {dag.py:4180} INFO - Setting next_dagrun for example_workday_timetable to 2021-01-04 00:00:00+00:00, run_after=2021-01-05 00:00:00+00:00
[2025-05-21T23:31:36.832+0000] {processor.py:208} INFO - Processing /home/airflow/.local/lib/python3.12/site-packages/airflow/example_dags/example_workday_timetable.py took 0.321 seconds
[2025-05-21T23:32:06.980+0000] {processor.py:186} INFO - Started process (PID=2209) to work on /home/airflow/.local/lib/python3.12/site-packages/airflow/example_dags/example_workday_timetable.py
[2025-05-21T23:32:06.982+0000] {processor.py:914} INFO - Processing file /home/airflow/.local/lib/python3.12/site-packages/airflow/example_dags/example_workday_timetable.py for tasks to queue
[2025-05-21T23:32:06.986+0000] {logging_mixin.py:190} INFO - [2025-05-21T23:32:06.985+0000] {dagbag.py:588} INFO - Filling up the DagBag from /home/airflow/.local/lib/python3.12/site-packages/airflow/example_dags/example_workday_timetable.py
[2025-05-21T23:32:06.997+0000] {processor.py:925} INFO - DAG(s) 'example_workday_timetable' retrieved from /home/airflow/.local/lib/python3.12/site-packages/airflow/example_dags/example_workday_timetable.py
[2025-05-21T23:32:07.036+0000] {logging_mixin.py:190} INFO - [2025-05-21T23:32:07.035+0000] {dag.py:3239} INFO - Sync 1 DAGs
[2025-05-21T23:32:07.185+0000] {logging_mixin.py:190} INFO - [2025-05-21T23:32:07.184+0000] {dag.py:4180} INFO - Setting next_dagrun for example_workday_timetable to 2021-01-04 00:00:00+00:00, run_after=2021-01-05 00:00:00+00:00
[2025-05-21T23:32:07.232+0000] {processor.py:208} INFO - Processing /home/airflow/.local/lib/python3.12/site-packages/airflow/example_dags/example_workday_timetable.py took 0.263 seconds
[2025-05-21T23:32:37.870+0000] {processor.py:186} INFO - Started process (PID=2275) to work on /home/airflow/.local/lib/python3.12/site-packages/airflow/example_dags/example_workday_timetable.py
[2025-05-21T23:32:37.872+0000] {processor.py:914} INFO - Processing file /home/airflow/.local/lib/python3.12/site-packages/airflow/example_dags/example_workday_timetable.py for tasks to queue
[2025-05-21T23:32:37.877+0000] {logging_mixin.py:190} INFO - [2025-05-21T23:32:37.877+0000] {dagbag.py:588} INFO - Filling up the DagBag from /home/airflow/.local/lib/python3.12/site-packages/airflow/example_dags/example_workday_timetable.py
[2025-05-21T23:32:37.889+0000] {processor.py:925} INFO - DAG(s) 'example_workday_timetable' retrieved from /home/airflow/.local/lib/python3.12/site-packages/airflow/example_dags/example_workday_timetable.py
[2025-05-21T23:32:37.933+0000] {logging_mixin.py:190} INFO - [2025-05-21T23:32:37.932+0000] {dag.py:3239} INFO - Sync 1 DAGs
[2025-05-21T23:32:38.070+0000] {logging_mixin.py:190} INFO - [2025-05-21T23:32:38.069+0000] {dag.py:4180} INFO - Setting next_dagrun for example_workday_timetable to 2021-01-04 00:00:00+00:00, run_after=2021-01-05 00:00:00+00:00
[2025-05-21T23:32:38.160+0000] {processor.py:208} INFO - Processing /home/airflow/.local/lib/python3.12/site-packages/airflow/example_dags/example_workday_timetable.py took 0.301 seconds
[2025-05-21T23:33:08.712+0000] {processor.py:186} INFO - Started process (PID=2341) to work on /home/airflow/.local/lib/python3.12/site-packages/airflow/example_dags/example_workday_timetable.py
[2025-05-21T23:33:08.714+0000] {processor.py:914} INFO - Processing file /home/airflow/.local/lib/python3.12/site-packages/airflow/example_dags/example_workday_timetable.py for tasks to queue
[2025-05-21T23:33:08.719+0000] {logging_mixin.py:190} INFO - [2025-05-21T23:33:08.718+0000] {dagbag.py:588} INFO - Filling up the DagBag from /home/airflow/.local/lib/python3.12/site-packages/airflow/example_dags/example_workday_timetable.py
[2025-05-21T23:33:08.730+0000] {processor.py:925} INFO - DAG(s) 'example_workday_timetable' retrieved from /home/airflow/.local/lib/python3.12/site-packages/airflow/example_dags/example_workday_timetable.py
[2025-05-21T23:33:08.773+0000] {logging_mixin.py:190} INFO - [2025-05-21T23:33:08.773+0000] {dag.py:3239} INFO - Sync 1 DAGs
[2025-05-21T23:33:08.902+0000] {logging_mixin.py:190} INFO - [2025-05-21T23:33:08.901+0000] {dag.py:4180} INFO - Setting next_dagrun for example_workday_timetable to 2021-01-04 00:00:00+00:00, run_after=2021-01-05 00:00:00+00:00
[2025-05-21T23:33:08.943+0000] {processor.py:208} INFO - Processing /home/airflow/.local/lib/python3.12/site-packages/airflow/example_dags/example_workday_timetable.py took 0.244 seconds
[2025-05-21T23:33:39.233+0000] {processor.py:186} INFO - Started process (PID=2406) to work on /home/airflow/.local/lib/python3.12/site-packages/airflow/example_dags/example_workday_timetable.py
[2025-05-21T23:33:39.235+0000] {processor.py:914} INFO - Processing file /home/airflow/.local/lib/python3.12/site-packages/airflow/example_dags/example_workday_timetable.py for tasks to queue
[2025-05-21T23:33:39.240+0000] {logging_mixin.py:190} INFO - [2025-05-21T23:33:39.240+0000] {dagbag.py:588} INFO - Filling up the DagBag from /home/airflow/.local/lib/python3.12/site-packages/airflow/example_dags/example_workday_timetable.py
[2025-05-21T23:33:39.262+0000] {processor.py:925} INFO - DAG(s) 'example_workday_timetable' retrieved from /home/airflow/.local/lib/python3.12/site-packages/airflow/example_dags/example_workday_timetable.py
[2025-05-21T23:33:39.323+0000] {logging_mixin.py:190} INFO - [2025-05-21T23:33:39.323+0000] {dag.py:3239} INFO - Sync 1 DAGs
[2025-05-21T23:33:39.472+0000] {logging_mixin.py:190} INFO - [2025-05-21T23:33:39.472+0000] {dag.py:4180} INFO - Setting next_dagrun for example_workday_timetable to 2021-01-04 00:00:00+00:00, run_after=2021-01-05 00:00:00+00:00
[2025-05-21T23:33:39.518+0000] {processor.py:208} INFO - Processing /home/airflow/.local/lib/python3.12/site-packages/airflow/example_dags/example_workday_timetable.py took 0.294 seconds
[2025-05-21T23:34:09.979+0000] {processor.py:186} INFO - Started process (PID=2472) to work on /home/airflow/.local/lib/python3.12/site-packages/airflow/example_dags/example_workday_timetable.py
[2025-05-21T23:34:09.981+0000] {processor.py:914} INFO - Processing file /home/airflow/.local/lib/python3.12/site-packages/airflow/example_dags/example_workday_timetable.py for tasks to queue
[2025-05-21T23:34:09.985+0000] {logging_mixin.py:190} INFO - [2025-05-21T23:34:09.984+0000] {dagbag.py:588} INFO - Filling up the DagBag from /home/airflow/.local/lib/python3.12/site-packages/airflow/example_dags/example_workday_timetable.py
[2025-05-21T23:34:09.997+0000] {processor.py:925} INFO - DAG(s) 'example_workday_timetable' retrieved from /home/airflow/.local/lib/python3.12/site-packages/airflow/example_dags/example_workday_timetable.py
[2025-05-21T23:34:10.035+0000] {logging_mixin.py:190} INFO - [2025-05-21T23:34:10.034+0000] {dag.py:3239} INFO - Sync 1 DAGs
[2025-05-21T23:34:10.171+0000] {logging_mixin.py:190} INFO - [2025-05-21T23:34:10.170+0000] {dag.py:4180} INFO - Setting next_dagrun for example_workday_timetable to 2021-01-04 00:00:00+00:00, run_after=2021-01-05 00:00:00+00:00
[2025-05-21T23:34:10.283+0000] {processor.py:208} INFO - Processing /home/airflow/.local/lib/python3.12/site-packages/airflow/example_dags/example_workday_timetable.py took 0.313 seconds
[2025-05-21T23:34:40.853+0000] {processor.py:186} INFO - Started process (PID=2537) to work on /home/airflow/.local/lib/python3.12/site-packages/airflow/example_dags/example_workday_timetable.py
[2025-05-21T23:34:40.855+0000] {processor.py:914} INFO - Processing file /home/airflow/.local/lib/python3.12/site-packages/airflow/example_dags/example_workday_timetable.py for tasks to queue
[2025-05-21T23:34:40.860+0000] {logging_mixin.py:190} INFO - [2025-05-21T23:34:40.859+0000] {dagbag.py:588} INFO - Filling up the DagBag from /home/airflow/.local/lib/python3.12/site-packages/airflow/example_dags/example_workday_timetable.py
[2025-05-21T23:34:40.871+0000] {processor.py:925} INFO - DAG(s) 'example_workday_timetable' retrieved from /home/airflow/.local/lib/python3.12/site-packages/airflow/example_dags/example_workday_timetable.py
[2025-05-21T23:34:40.909+0000] {logging_mixin.py:190} INFO - [2025-05-21T23:34:40.909+0000] {dag.py:3239} INFO - Sync 1 DAGs
[2025-05-21T23:34:41.043+0000] {logging_mixin.py:190} INFO - [2025-05-21T23:34:41.042+0000] {dag.py:4180} INFO - Setting next_dagrun for example_workday_timetable to 2021-01-04 00:00:00+00:00, run_after=2021-01-05 00:00:00+00:00
[2025-05-21T23:34:41.116+0000] {processor.py:208} INFO - Processing /home/airflow/.local/lib/python3.12/site-packages/airflow/example_dags/example_workday_timetable.py took 0.272 seconds
[2025-05-21T23:35:11.440+0000] {processor.py:186} INFO - Started process (PID=2603) to work on /home/airflow/.local/lib/python3.12/site-packages/airflow/example_dags/example_workday_timetable.py
[2025-05-21T23:35:11.442+0000] {processor.py:914} INFO - Processing file /home/airflow/.local/lib/python3.12/site-packages/airflow/example_dags/example_workday_timetable.py for tasks to queue
[2025-05-21T23:35:11.447+0000] {logging_mixin.py:190} INFO - [2025-05-21T23:35:11.446+0000] {dagbag.py:588} INFO - Filling up the DagBag from /home/airflow/.local/lib/python3.12/site-packages/airflow/example_dags/example_workday_timetable.py
[2025-05-21T23:35:11.462+0000] {processor.py:925} INFO - DAG(s) 'example_workday_timetable' retrieved from /home/airflow/.local/lib/python3.12/site-packages/airflow/example_dags/example_workday_timetable.py
[2025-05-21T23:35:11.510+0000] {logging_mixin.py:190} INFO - [2025-05-21T23:35:11.510+0000] {dag.py:3239} INFO - Sync 1 DAGs
[2025-05-21T23:35:11.669+0000] {logging_mixin.py:190} INFO - [2025-05-21T23:35:11.668+0000] {dag.py:4180} INFO - Setting next_dagrun for example_workday_timetable to 2021-01-04 00:00:00+00:00, run_after=2021-01-05 00:00:00+00:00
[2025-05-21T23:35:11.706+0000] {processor.py:208} INFO - Processing /home/airflow/.local/lib/python3.12/site-packages/airflow/example_dags/example_workday_timetable.py took 0.278 seconds
[2025-05-21T23:35:42.282+0000] {processor.py:186} INFO - Started process (PID=2669) to work on /home/airflow/.local/lib/python3.12/site-packages/airflow/example_dags/example_workday_timetable.py
[2025-05-21T23:35:42.285+0000] {processor.py:914} INFO - Processing file /home/airflow/.local/lib/python3.12/site-packages/airflow/example_dags/example_workday_timetable.py for tasks to queue
[2025-05-21T23:35:42.289+0000] {logging_mixin.py:190} INFO - [2025-05-21T23:35:42.288+0000] {dagbag.py:588} INFO - Filling up the DagBag from /home/airflow/.local/lib/python3.12/site-packages/airflow/example_dags/example_workday_timetable.py
[2025-05-21T23:35:42.304+0000] {processor.py:925} INFO - DAG(s) 'example_workday_timetable' retrieved from /home/airflow/.local/lib/python3.12/site-packages/airflow/example_dags/example_workday_timetable.py
[2025-05-21T23:35:42.352+0000] {logging_mixin.py:190} INFO - [2025-05-21T23:35:42.351+0000] {dag.py:3239} INFO - Sync 1 DAGs
[2025-05-21T23:35:42.483+0000] {logging_mixin.py:190} INFO - [2025-05-21T23:35:42.482+0000] {dag.py:4180} INFO - Setting next_dagrun for example_workday_timetable to 2021-01-04 00:00:00+00:00, run_after=2021-01-05 00:00:00+00:00
[2025-05-21T23:35:42.569+0000] {processor.py:208} INFO - Processing /home/airflow/.local/lib/python3.12/site-packages/airflow/example_dags/example_workday_timetable.py took 0.302 seconds
[2025-05-21T23:36:12.814+0000] {processor.py:186} INFO - Started process (PID=2735) to work on /home/airflow/.local/lib/python3.12/site-packages/airflow/example_dags/example_workday_timetable.py
[2025-05-21T23:36:12.816+0000] {processor.py:914} INFO - Processing file /home/airflow/.local/lib/python3.12/site-packages/airflow/example_dags/example_workday_timetable.py for tasks to queue
[2025-05-21T23:36:12.820+0000] {logging_mixin.py:190} INFO - [2025-05-21T23:36:12.820+0000] {dagbag.py:588} INFO - Filling up the DagBag from /home/airflow/.local/lib/python3.12/site-packages/airflow/example_dags/example_workday_timetable.py
[2025-05-21T23:36:12.830+0000] {processor.py:925} INFO - DAG(s) 'example_workday_timetable' retrieved from /home/airflow/.local/lib/python3.12/site-packages/airflow/example_dags/example_workday_timetable.py
[2025-05-21T23:36:12.867+0000] {logging_mixin.py:190} INFO - [2025-05-21T23:36:12.866+0000] {dag.py:3239} INFO - Sync 1 DAGs
[2025-05-21T23:36:13.022+0000] {logging_mixin.py:190} INFO - [2025-05-21T23:36:13.021+0000] {dag.py:4180} INFO - Setting next_dagrun for example_workday_timetable to 2021-01-04 00:00:00+00:00, run_after=2021-01-05 00:00:00+00:00
[2025-05-21T23:36:13.064+0000] {processor.py:208} INFO - Processing /home/airflow/.local/lib/python3.12/site-packages/airflow/example_dags/example_workday_timetable.py took 0.263 seconds
[2025-05-21T23:36:43.212+0000] {processor.py:186} INFO - Started process (PID=2801) to work on /home/airflow/.local/lib/python3.12/site-packages/airflow/example_dags/example_workday_timetable.py
[2025-05-21T23:36:43.216+0000] {processor.py:914} INFO - Processing file /home/airflow/.local/lib/python3.12/site-packages/airflow/example_dags/example_workday_timetable.py for tasks to queue
[2025-05-21T23:36:43.223+0000] {logging_mixin.py:190} INFO - [2025-05-21T23:36:43.221+0000] {dagbag.py:588} INFO - Filling up the DagBag from /home/airflow/.local/lib/python3.12/site-packages/airflow/example_dags/example_workday_timetable.py
[2025-05-21T23:36:43.243+0000] {processor.py:925} INFO - DAG(s) 'example_workday_timetable' retrieved from /home/airflow/.local/lib/python3.12/site-packages/airflow/example_dags/example_workday_timetable.py
[2025-05-21T23:36:43.304+0000] {logging_mixin.py:190} INFO - [2025-05-21T23:36:43.304+0000] {dag.py:3239} INFO - Sync 1 DAGs
[2025-05-21T23:36:43.464+0000] {logging_mixin.py:190} INFO - [2025-05-21T23:36:43.463+0000] {dag.py:4180} INFO - Setting next_dagrun for example_workday_timetable to 2021-01-04 00:00:00+00:00, run_after=2021-01-05 00:00:00+00:00
[2025-05-21T23:36:43.549+0000] {processor.py:208} INFO - Processing /home/airflow/.local/lib/python3.12/site-packages/airflow/example_dags/example_workday_timetable.py took 0.353 seconds
[2025-05-21T23:37:13.839+0000] {processor.py:186} INFO - Started process (PID=2867) to work on /home/airflow/.local/lib/python3.12/site-packages/airflow/example_dags/example_workday_timetable.py
[2025-05-21T23:37:13.842+0000] {processor.py:914} INFO - Processing file /home/airflow/.local/lib/python3.12/site-packages/airflow/example_dags/example_workday_timetable.py for tasks to queue
[2025-05-21T23:37:13.847+0000] {logging_mixin.py:190} INFO - [2025-05-21T23:37:13.846+0000] {dagbag.py:588} INFO - Filling up the DagBag from /home/airflow/.local/lib/python3.12/site-packages/airflow/example_dags/example_workday_timetable.py
[2025-05-21T23:37:13.861+0000] {processor.py:925} INFO - DAG(s) 'example_workday_timetable' retrieved from /home/airflow/.local/lib/python3.12/site-packages/airflow/example_dags/example_workday_timetable.py
[2025-05-21T23:37:13.907+0000] {logging_mixin.py:190} INFO - [2025-05-21T23:37:13.906+0000] {dag.py:3239} INFO - Sync 1 DAGs
[2025-05-21T23:37:14.042+0000] {logging_mixin.py:190} INFO - [2025-05-21T23:37:14.042+0000] {dag.py:4180} INFO - Setting next_dagrun for example_workday_timetable to 2021-01-04 00:00:00+00:00, run_after=2021-01-05 00:00:00+00:00
[2025-05-21T23:37:14.082+0000] {processor.py:208} INFO - Processing /home/airflow/.local/lib/python3.12/site-packages/airflow/example_dags/example_workday_timetable.py took 0.253 seconds
[2025-05-21T23:41:22.134+0000] {processor.py:186} INFO - Started process (PID=95) to work on /home/airflow/.local/lib/python3.12/site-packages/airflow/example_dags/example_workday_timetable.py
[2025-05-21T23:41:22.137+0000] {processor.py:914} INFO - Processing file /home/airflow/.local/lib/python3.12/site-packages/airflow/example_dags/example_workday_timetable.py for tasks to queue
[2025-05-21T23:41:22.142+0000] {logging_mixin.py:190} INFO - [2025-05-21T23:41:22.141+0000] {dagbag.py:588} INFO - Filling up the DagBag from /home/airflow/.local/lib/python3.12/site-packages/airflow/example_dags/example_workday_timetable.py
[2025-05-21T23:41:22.158+0000] {processor.py:925} INFO - DAG(s) 'example_workday_timetable' retrieved from /home/airflow/.local/lib/python3.12/site-packages/airflow/example_dags/example_workday_timetable.py
[2025-05-21T23:41:22.433+0000] {logging_mixin.py:190} INFO - [2025-05-21T23:41:22.432+0000] {override.py:1930} INFO - Created Permission View: can read on DAG:example_workday_timetable
[2025-05-21T23:41:22.456+0000] {logging_mixin.py:190} INFO - [2025-05-21T23:41:22.456+0000] {override.py:1930} INFO - Created Permission View: can delete on DAG:example_workday_timetable
[2025-05-21T23:41:22.473+0000] {logging_mixin.py:190} INFO - [2025-05-21T23:41:22.472+0000] {override.py:1930} INFO - Created Permission View: can edit on DAG:example_workday_timetable
[2025-05-21T23:41:22.492+0000] {logging_mixin.py:190} INFO - [2025-05-21T23:41:22.492+0000] {override.py:1930} INFO - Created Permission View: can read on DAG Run:example_workday_timetable
[2025-05-21T23:41:22.508+0000] {logging_mixin.py:190} INFO - [2025-05-21T23:41:22.508+0000] {override.py:1930} INFO - Created Permission View: can delete on DAG Run:example_workday_timetable
[2025-05-21T23:41:22.524+0000] {logging_mixin.py:190} INFO - [2025-05-21T23:41:22.523+0000] {override.py:1930} INFO - Created Permission View: menu access on DAG Run:example_workday_timetable
[2025-05-21T23:41:22.540+0000] {logging_mixin.py:190} INFO - [2025-05-21T23:41:22.539+0000] {override.py:1930} INFO - Created Permission View: can create on DAG Run:example_workday_timetable
[2025-05-21T23:41:22.543+0000] {logging_mixin.py:190} INFO - [2025-05-21T23:41:22.542+0000] {dag.py:3239} INFO - Sync 1 DAGs
[2025-05-21T23:41:22.591+0000] {logging_mixin.py:190} INFO - [2025-05-21T23:41:22.590+0000] {dag.py:3262} INFO - Creating ORM DAG for example_workday_timetable
[2025-05-21T23:41:22.724+0000] {logging_mixin.py:190} INFO - [2025-05-21T23:41:22.723+0000] {dag.py:4180} INFO - Setting next_dagrun for example_workday_timetable to 2021-01-04 00:00:00+00:00, run_after=2021-01-05 00:00:00+00:00
[2025-05-21T23:41:22.758+0000] {processor.py:208} INFO - Processing /home/airflow/.local/lib/python3.12/site-packages/airflow/example_dags/example_workday_timetable.py took 0.639 seconds
[2025-05-21T23:41:53.282+0000] {processor.py:186} INFO - Started process (PID=161) to work on /home/airflow/.local/lib/python3.12/site-packages/airflow/example_dags/example_workday_timetable.py
[2025-05-21T23:41:53.284+0000] {processor.py:914} INFO - Processing file /home/airflow/.local/lib/python3.12/site-packages/airflow/example_dags/example_workday_timetable.py for tasks to queue
[2025-05-21T23:41:53.288+0000] {logging_mixin.py:190} INFO - [2025-05-21T23:41:53.288+0000] {dagbag.py:588} INFO - Filling up the DagBag from /home/airflow/.local/lib/python3.12/site-packages/airflow/example_dags/example_workday_timetable.py
[2025-05-21T23:41:53.298+0000] {processor.py:925} INFO - DAG(s) 'example_workday_timetable' retrieved from /home/airflow/.local/lib/python3.12/site-packages/airflow/example_dags/example_workday_timetable.py
[2025-05-21T23:41:53.345+0000] {logging_mixin.py:190} INFO - [2025-05-21T23:41:53.345+0000] {dag.py:3239} INFO - Sync 1 DAGs
[2025-05-21T23:41:53.479+0000] {logging_mixin.py:190} INFO - [2025-05-21T23:41:53.479+0000] {dag.py:4180} INFO - Setting next_dagrun for example_workday_timetable to 2021-01-04 00:00:00+00:00, run_after=2021-01-05 00:00:00+00:00
[2025-05-21T23:41:53.560+0000] {processor.py:208} INFO - Processing /home/airflow/.local/lib/python3.12/site-packages/airflow/example_dags/example_workday_timetable.py took 0.288 seconds
[2025-05-21T23:42:23.722+0000] {processor.py:186} INFO - Started process (PID=226) to work on /home/airflow/.local/lib/python3.12/site-packages/airflow/example_dags/example_workday_timetable.py
[2025-05-21T23:42:23.725+0000] {processor.py:914} INFO - Processing file /home/airflow/.local/lib/python3.12/site-packages/airflow/example_dags/example_workday_timetable.py for tasks to queue
[2025-05-21T23:42:23.729+0000] {logging_mixin.py:190} INFO - [2025-05-21T23:42:23.728+0000] {dagbag.py:588} INFO - Filling up the DagBag from /home/airflow/.local/lib/python3.12/site-packages/airflow/example_dags/example_workday_timetable.py
[2025-05-21T23:42:23.740+0000] {processor.py:925} INFO - DAG(s) 'example_workday_timetable' retrieved from /home/airflow/.local/lib/python3.12/site-packages/airflow/example_dags/example_workday_timetable.py
[2025-05-21T23:42:23.780+0000] {logging_mixin.py:190} INFO - [2025-05-21T23:42:23.780+0000] {dag.py:3239} INFO - Sync 1 DAGs
[2025-05-21T23:42:23.905+0000] {logging_mixin.py:190} INFO - [2025-05-21T23:42:23.905+0000] {dag.py:4180} INFO - Setting next_dagrun for example_workday_timetable to 2021-01-04 00:00:00+00:00, run_after=2021-01-05 00:00:00+00:00
[2025-05-21T23:42:23.943+0000] {processor.py:208} INFO - Processing /home/airflow/.local/lib/python3.12/site-packages/airflow/example_dags/example_workday_timetable.py took 0.232 seconds
[2025-05-21T23:42:54.912+0000] {processor.py:186} INFO - Started process (PID=292) to work on /home/airflow/.local/lib/python3.12/site-packages/airflow/example_dags/example_workday_timetable.py
[2025-05-21T23:42:54.914+0000] {processor.py:914} INFO - Processing file /home/airflow/.local/lib/python3.12/site-packages/airflow/example_dags/example_workday_timetable.py for tasks to queue
[2025-05-21T23:42:54.918+0000] {logging_mixin.py:190} INFO - [2025-05-21T23:42:54.918+0000] {dagbag.py:588} INFO - Filling up the DagBag from /home/airflow/.local/lib/python3.12/site-packages/airflow/example_dags/example_workday_timetable.py
[2025-05-21T23:42:54.931+0000] {processor.py:925} INFO - DAG(s) 'example_workday_timetable' retrieved from /home/airflow/.local/lib/python3.12/site-packages/airflow/example_dags/example_workday_timetable.py
[2025-05-21T23:42:54.978+0000] {logging_mixin.py:190} INFO - [2025-05-21T23:42:54.978+0000] {dag.py:3239} INFO - Sync 1 DAGs
[2025-05-21T23:42:55.126+0000] {logging_mixin.py:190} INFO - [2025-05-21T23:42:55.126+0000] {dag.py:4180} INFO - Setting next_dagrun for example_workday_timetable to 2021-01-04 00:00:00+00:00, run_after=2021-01-05 00:00:00+00:00
[2025-05-21T23:42:55.168+0000] {processor.py:208} INFO - Processing /home/airflow/.local/lib/python3.12/site-packages/airflow/example_dags/example_workday_timetable.py took 0.267 seconds
[2025-05-21T23:43:25.297+0000] {processor.py:186} INFO - Started process (PID=358) to work on /home/airflow/.local/lib/python3.12/site-packages/airflow/example_dags/example_workday_timetable.py
[2025-05-21T23:43:25.300+0000] {processor.py:914} INFO - Processing file /home/airflow/.local/lib/python3.12/site-packages/airflow/example_dags/example_workday_timetable.py for tasks to queue
[2025-05-21T23:43:25.305+0000] {logging_mixin.py:190} INFO - [2025-05-21T23:43:25.304+0000] {dagbag.py:588} INFO - Filling up the DagBag from /home/airflow/.local/lib/python3.12/site-packages/airflow/example_dags/example_workday_timetable.py
[2025-05-21T23:43:25.316+0000] {processor.py:925} INFO - DAG(s) 'example_workday_timetable' retrieved from /home/airflow/.local/lib/python3.12/site-packages/airflow/example_dags/example_workday_timetable.py
[2025-05-21T23:43:25.359+0000] {logging_mixin.py:190} INFO - [2025-05-21T23:43:25.358+0000] {dag.py:3239} INFO - Sync 1 DAGs
[2025-05-21T23:43:25.498+0000] {logging_mixin.py:190} INFO - [2025-05-21T23:43:25.497+0000] {dag.py:4180} INFO - Setting next_dagrun for example_workday_timetable to 2021-01-04 00:00:00+00:00, run_after=2021-01-05 00:00:00+00:00
[2025-05-21T23:43:25.550+0000] {processor.py:208} INFO - Processing /home/airflow/.local/lib/python3.12/site-packages/airflow/example_dags/example_workday_timetable.py took 0.267 seconds
[2025-05-21T23:43:55.718+0000] {processor.py:186} INFO - Started process (PID=424) to work on /home/airflow/.local/lib/python3.12/site-packages/airflow/example_dags/example_workday_timetable.py
[2025-05-21T23:43:55.720+0000] {processor.py:914} INFO - Processing file /home/airflow/.local/lib/python3.12/site-packages/airflow/example_dags/example_workday_timetable.py for tasks to queue
[2025-05-21T23:43:55.724+0000] {logging_mixin.py:190} INFO - [2025-05-21T23:43:55.723+0000] {dagbag.py:588} INFO - Filling up the DagBag from /home/airflow/.local/lib/python3.12/site-packages/airflow/example_dags/example_workday_timetable.py
[2025-05-21T23:43:55.735+0000] {processor.py:925} INFO - DAG(s) 'example_workday_timetable' retrieved from /home/airflow/.local/lib/python3.12/site-packages/airflow/example_dags/example_workday_timetable.py
[2025-05-21T23:43:55.785+0000] {logging_mixin.py:190} INFO - [2025-05-21T23:43:55.784+0000] {dag.py:3239} INFO - Sync 1 DAGs
[2025-05-21T23:43:55.912+0000] {logging_mixin.py:190} INFO - [2025-05-21T23:43:55.912+0000] {dag.py:4180} INFO - Setting next_dagrun for example_workday_timetable to 2021-01-04 00:00:00+00:00, run_after=2021-01-05 00:00:00+00:00
[2025-05-21T23:43:55.967+0000] {processor.py:208} INFO - Processing /home/airflow/.local/lib/python3.12/site-packages/airflow/example_dags/example_workday_timetable.py took 0.261 seconds
[2025-05-21T23:44:26.578+0000] {processor.py:186} INFO - Started process (PID=490) to work on /home/airflow/.local/lib/python3.12/site-packages/airflow/example_dags/example_workday_timetable.py
[2025-05-21T23:44:26.580+0000] {processor.py:914} INFO - Processing file /home/airflow/.local/lib/python3.12/site-packages/airflow/example_dags/example_workday_timetable.py for tasks to queue
[2025-05-21T23:44:26.585+0000] {logging_mixin.py:190} INFO - [2025-05-21T23:44:26.584+0000] {dagbag.py:588} INFO - Filling up the DagBag from /home/airflow/.local/lib/python3.12/site-packages/airflow/example_dags/example_workday_timetable.py
[2025-05-21T23:44:26.597+0000] {processor.py:925} INFO - DAG(s) 'example_workday_timetable' retrieved from /home/airflow/.local/lib/python3.12/site-packages/airflow/example_dags/example_workday_timetable.py
[2025-05-21T23:44:26.639+0000] {logging_mixin.py:190} INFO - [2025-05-21T23:44:26.639+0000] {dag.py:3239} INFO - Sync 1 DAGs
[2025-05-21T23:44:26.765+0000] {logging_mixin.py:190} INFO - [2025-05-21T23:44:26.764+0000] {dag.py:4180} INFO - Setting next_dagrun for example_workday_timetable to 2021-01-04 00:00:00+00:00, run_after=2021-01-05 00:00:00+00:00
[2025-05-21T23:44:26.806+0000] {processor.py:208} INFO - Processing /home/airflow/.local/lib/python3.12/site-packages/airflow/example_dags/example_workday_timetable.py took 0.245 seconds
[2025-05-21T23:44:56.953+0000] {processor.py:186} INFO - Started process (PID=556) to work on /home/airflow/.local/lib/python3.12/site-packages/airflow/example_dags/example_workday_timetable.py
[2025-05-21T23:44:56.955+0000] {processor.py:914} INFO - Processing file /home/airflow/.local/lib/python3.12/site-packages/airflow/example_dags/example_workday_timetable.py for tasks to queue
[2025-05-21T23:44:56.960+0000] {logging_mixin.py:190} INFO - [2025-05-21T23:44:56.959+0000] {dagbag.py:588} INFO - Filling up the DagBag from /home/airflow/.local/lib/python3.12/site-packages/airflow/example_dags/example_workday_timetable.py
[2025-05-21T23:44:56.975+0000] {processor.py:925} INFO - DAG(s) 'example_workday_timetable' retrieved from /home/airflow/.local/lib/python3.12/site-packages/airflow/example_dags/example_workday_timetable.py
[2025-05-21T23:44:57.016+0000] {logging_mixin.py:190} INFO - [2025-05-21T23:44:57.015+0000] {dag.py:3239} INFO - Sync 1 DAGs
[2025-05-21T23:44:57.179+0000] {logging_mixin.py:190} INFO - [2025-05-21T23:44:57.179+0000] {dag.py:4180} INFO - Setting next_dagrun for example_workday_timetable to 2021-01-04 00:00:00+00:00, run_after=2021-01-05 00:00:00+00:00
[2025-05-21T23:44:57.258+0000] {processor.py:208} INFO - Processing /home/airflow/.local/lib/python3.12/site-packages/airflow/example_dags/example_workday_timetable.py took 0.320 seconds
