[2025-05-21T23:15:35.438+0000] {processor.py:186} INFO - Started process (PID=82) to work on /home/airflow/.local/lib/python3.12/site-packages/airflow/example_dags/example_kubernetes_executor.py
[2025-05-21T23:15:35.440+0000] {processor.py:914} INFO - Processing file /home/airflow/.local/lib/python3.12/site-packages/airflow/example_dags/example_kubernetes_executor.py for tasks to queue
[2025-05-21T23:15:35.446+0000] {logging_mixin.py:190} INFO - [2025-05-21T23:15:35.446+0000] {dagbag.py:588} INFO - Filling up the DagBag from /home/airflow/.local/lib/python3.12/site-packages/airflow/example_dags/example_kubernetes_executor.py
[2025-05-21T23:15:35.494+0000] {processor.py:925} INFO - DAG(s) 'example_kubernetes_executor' retrieved from /home/airflow/.local/lib/python3.12/site-packages/airflow/example_dags/example_kubernetes_executor.py
[2025-05-21T23:15:35.845+0000] {logging_mixin.py:190} INFO - [2025-05-21T23:15:35.843+0000] {override.py:1930} INFO - Created Permission View: can delete on DAG:example_kubernetes_executor
[2025-05-21T23:15:35.871+0000] {logging_mixin.py:190} INFO - [2025-05-21T23:15:35.870+0000] {override.py:1930} INFO - Created Permission View: can read on DAG:example_kubernetes_executor
[2025-05-21T23:15:35.890+0000] {logging_mixin.py:190} INFO - [2025-05-21T23:15:35.889+0000] {override.py:1930} INFO - Created Permission View: can edit on DAG:example_kubernetes_executor
[2025-05-21T23:15:35.910+0000] {logging_mixin.py:190} INFO - [2025-05-21T23:15:35.909+0000] {override.py:1930} INFO - Created Permission View: can delete on DAG Run:example_kubernetes_executor
[2025-05-21T23:15:35.927+0000] {logging_mixin.py:190} INFO - [2025-05-21T23:15:35.926+0000] {override.py:1930} INFO - Created Permission View: can read on DAG Run:example_kubernetes_executor
[2025-05-21T23:15:35.944+0000] {logging_mixin.py:190} INFO - [2025-05-21T23:15:35.943+0000] {override.py:1930} INFO - Created Permission View: menu access on DAG Run:example_kubernetes_executor
[2025-05-21T23:15:35.964+0000] {logging_mixin.py:190} INFO - [2025-05-21T23:15:35.963+0000] {override.py:1930} INFO - Created Permission View: can create on DAG Run:example_kubernetes_executor
[2025-05-21T23:15:35.966+0000] {logging_mixin.py:190} INFO - [2025-05-21T23:15:35.965+0000] {dag.py:3239} INFO - Sync 1 DAGs
[2025-05-21T23:15:36.015+0000] {logging_mixin.py:190} INFO - [2025-05-21T23:15:36.014+0000] {dag.py:3262} INFO - Creating ORM DAG for example_kubernetes_executor
[2025-05-21T23:15:36.018+0000] {logging_mixin.py:190} INFO - [2025-05-21T23:15:36.017+0000] {dag.py:4180} INFO - Setting next_dagrun for example_kubernetes_executor to None, run_after=None
[2025-05-21T23:15:36.070+0000] {processor.py:208} INFO - Processing /home/airflow/.local/lib/python3.12/site-packages/airflow/example_dags/example_kubernetes_executor.py took 0.646 seconds
[2025-05-21T23:16:06.484+0000] {processor.py:186} INFO - Started process (PID=148) to work on /home/airflow/.local/lib/python3.12/site-packages/airflow/example_dags/example_kubernetes_executor.py
[2025-05-21T23:16:06.487+0000] {processor.py:914} INFO - Processing file /home/airflow/.local/lib/python3.12/site-packages/airflow/example_dags/example_kubernetes_executor.py for tasks to queue
[2025-05-21T23:16:06.493+0000] {logging_mixin.py:190} INFO - [2025-05-21T23:16:06.492+0000] {dagbag.py:588} INFO - Filling up the DagBag from /home/airflow/.local/lib/python3.12/site-packages/airflow/example_dags/example_kubernetes_executor.py
[2025-05-21T23:16:06.530+0000] {processor.py:925} INFO - DAG(s) 'example_kubernetes_executor' retrieved from /home/airflow/.local/lib/python3.12/site-packages/airflow/example_dags/example_kubernetes_executor.py
[2025-05-21T23:16:06.583+0000] {logging_mixin.py:190} INFO - [2025-05-21T23:16:06.583+0000] {dag.py:3239} INFO - Sync 1 DAGs
[2025-05-21T23:16:06.616+0000] {logging_mixin.py:190} INFO - [2025-05-21T23:16:06.616+0000] {dag.py:4180} INFO - Setting next_dagrun for example_kubernetes_executor to None, run_after=None
[2025-05-21T23:16:06.658+0000] {processor.py:208} INFO - Processing /home/airflow/.local/lib/python3.12/site-packages/airflow/example_dags/example_kubernetes_executor.py took 0.188 seconds
[2025-05-21T23:16:37.651+0000] {processor.py:186} INFO - Started process (PID=214) to work on /home/airflow/.local/lib/python3.12/site-packages/airflow/example_dags/example_kubernetes_executor.py
[2025-05-21T23:16:37.653+0000] {processor.py:914} INFO - Processing file /home/airflow/.local/lib/python3.12/site-packages/airflow/example_dags/example_kubernetes_executor.py for tasks to queue
[2025-05-21T23:16:37.658+0000] {logging_mixin.py:190} INFO - [2025-05-21T23:16:37.657+0000] {dagbag.py:588} INFO - Filling up the DagBag from /home/airflow/.local/lib/python3.12/site-packages/airflow/example_dags/example_kubernetes_executor.py
[2025-05-21T23:16:37.688+0000] {processor.py:925} INFO - DAG(s) 'example_kubernetes_executor' retrieved from /home/airflow/.local/lib/python3.12/site-packages/airflow/example_dags/example_kubernetes_executor.py
[2025-05-21T23:16:37.744+0000] {logging_mixin.py:190} INFO - [2025-05-21T23:16:37.743+0000] {dag.py:3239} INFO - Sync 1 DAGs
[2025-05-21T23:16:37.773+0000] {logging_mixin.py:190} INFO - [2025-05-21T23:16:37.772+0000] {dag.py:4180} INFO - Setting next_dagrun for example_kubernetes_executor to None, run_after=None
[2025-05-21T23:16:37.828+0000] {processor.py:208} INFO - Processing /home/airflow/.local/lib/python3.12/site-packages/airflow/example_dags/example_kubernetes_executor.py took 0.189 seconds
[2025-05-21T23:17:08.908+0000] {processor.py:186} INFO - Started process (PID=284) to work on /home/airflow/.local/lib/python3.12/site-packages/airflow/example_dags/example_kubernetes_executor.py
[2025-05-21T23:17:08.911+0000] {processor.py:914} INFO - Processing file /home/airflow/.local/lib/python3.12/site-packages/airflow/example_dags/example_kubernetes_executor.py for tasks to queue
[2025-05-21T23:17:08.916+0000] {logging_mixin.py:190} INFO - [2025-05-21T23:17:08.915+0000] {dagbag.py:588} INFO - Filling up the DagBag from /home/airflow/.local/lib/python3.12/site-packages/airflow/example_dags/example_kubernetes_executor.py
[2025-05-21T23:17:08.953+0000] {processor.py:925} INFO - DAG(s) 'example_kubernetes_executor' retrieved from /home/airflow/.local/lib/python3.12/site-packages/airflow/example_dags/example_kubernetes_executor.py
[2025-05-21T23:17:09.012+0000] {logging_mixin.py:190} INFO - [2025-05-21T23:17:09.011+0000] {dag.py:3239} INFO - Sync 1 DAGs
[2025-05-21T23:17:09.049+0000] {logging_mixin.py:190} INFO - [2025-05-21T23:17:09.049+0000] {dag.py:4180} INFO - Setting next_dagrun for example_kubernetes_executor to None, run_after=None
[2025-05-21T23:17:09.096+0000] {processor.py:208} INFO - Processing /home/airflow/.local/lib/python3.12/site-packages/airflow/example_dags/example_kubernetes_executor.py took 0.199 seconds
[2025-05-21T23:17:39.473+0000] {processor.py:186} INFO - Started process (PID=350) to work on /home/airflow/.local/lib/python3.12/site-packages/airflow/example_dags/example_kubernetes_executor.py
[2025-05-21T23:17:39.475+0000] {processor.py:914} INFO - Processing file /home/airflow/.local/lib/python3.12/site-packages/airflow/example_dags/example_kubernetes_executor.py for tasks to queue
[2025-05-21T23:17:39.480+0000] {logging_mixin.py:190} INFO - [2025-05-21T23:17:39.479+0000] {dagbag.py:588} INFO - Filling up the DagBag from /home/airflow/.local/lib/python3.12/site-packages/airflow/example_dags/example_kubernetes_executor.py
[2025-05-21T23:17:39.513+0000] {processor.py:925} INFO - DAG(s) 'example_kubernetes_executor' retrieved from /home/airflow/.local/lib/python3.12/site-packages/airflow/example_dags/example_kubernetes_executor.py
[2025-05-21T23:17:39.570+0000] {logging_mixin.py:190} INFO - [2025-05-21T23:17:39.569+0000] {dag.py:3239} INFO - Sync 1 DAGs
[2025-05-21T23:17:39.602+0000] {logging_mixin.py:190} INFO - [2025-05-21T23:17:39.601+0000] {dag.py:4180} INFO - Setting next_dagrun for example_kubernetes_executor to None, run_after=None
[2025-05-21T23:17:39.710+0000] {processor.py:208} INFO - Processing /home/airflow/.local/lib/python3.12/site-packages/airflow/example_dags/example_kubernetes_executor.py took 0.248 seconds
[2025-05-21T23:18:09.858+0000] {processor.py:186} INFO - Started process (PID=416) to work on /home/airflow/.local/lib/python3.12/site-packages/airflow/example_dags/example_kubernetes_executor.py
[2025-05-21T23:18:09.861+0000] {processor.py:914} INFO - Processing file /home/airflow/.local/lib/python3.12/site-packages/airflow/example_dags/example_kubernetes_executor.py for tasks to queue
[2025-05-21T23:18:09.865+0000] {logging_mixin.py:190} INFO - [2025-05-21T23:18:09.865+0000] {dagbag.py:588} INFO - Filling up the DagBag from /home/airflow/.local/lib/python3.12/site-packages/airflow/example_dags/example_kubernetes_executor.py
[2025-05-21T23:18:09.899+0000] {processor.py:925} INFO - DAG(s) 'example_kubernetes_executor' retrieved from /home/airflow/.local/lib/python3.12/site-packages/airflow/example_dags/example_kubernetes_executor.py
[2025-05-21T23:18:09.961+0000] {logging_mixin.py:190} INFO - [2025-05-21T23:18:09.960+0000] {dag.py:3239} INFO - Sync 1 DAGs
[2025-05-21T23:18:09.995+0000] {logging_mixin.py:190} INFO - [2025-05-21T23:18:09.995+0000] {dag.py:4180} INFO - Setting next_dagrun for example_kubernetes_executor to None, run_after=None
[2025-05-21T23:18:10.042+0000] {processor.py:208} INFO - Processing /home/airflow/.local/lib/python3.12/site-packages/airflow/example_dags/example_kubernetes_executor.py took 0.196 seconds
[2025-05-21T23:18:40.847+0000] {processor.py:186} INFO - Started process (PID=473) to work on /home/airflow/.local/lib/python3.12/site-packages/airflow/example_dags/example_kubernetes_executor.py
[2025-05-21T23:18:40.849+0000] {processor.py:914} INFO - Processing file /home/airflow/.local/lib/python3.12/site-packages/airflow/example_dags/example_kubernetes_executor.py for tasks to queue
[2025-05-21T23:18:40.854+0000] {logging_mixin.py:190} INFO - [2025-05-21T23:18:40.854+0000] {dagbag.py:588} INFO - Filling up the DagBag from /home/airflow/.local/lib/python3.12/site-packages/airflow/example_dags/example_kubernetes_executor.py
[2025-05-21T23:18:40.883+0000] {processor.py:925} INFO - DAG(s) 'example_kubernetes_executor' retrieved from /home/airflow/.local/lib/python3.12/site-packages/airflow/example_dags/example_kubernetes_executor.py
[2025-05-21T23:18:40.932+0000] {logging_mixin.py:190} INFO - [2025-05-21T23:18:40.931+0000] {dag.py:3239} INFO - Sync 1 DAGs
[2025-05-21T23:18:40.960+0000] {logging_mixin.py:190} INFO - [2025-05-21T23:18:40.959+0000] {dag.py:4180} INFO - Setting next_dagrun for example_kubernetes_executor to None, run_after=None
[2025-05-21T23:18:40.997+0000] {processor.py:208} INFO - Processing /home/airflow/.local/lib/python3.12/site-packages/airflow/example_dags/example_kubernetes_executor.py took 0.165 seconds
[2025-05-21T23:19:12.794+0000] {processor.py:186} INFO - Started process (PID=539) to work on /home/airflow/.local/lib/python3.12/site-packages/airflow/example_dags/example_kubernetes_executor.py
[2025-05-21T23:19:12.796+0000] {processor.py:914} INFO - Processing file /home/airflow/.local/lib/python3.12/site-packages/airflow/example_dags/example_kubernetes_executor.py for tasks to queue
[2025-05-21T23:19:12.800+0000] {logging_mixin.py:190} INFO - [2025-05-21T23:19:12.800+0000] {dagbag.py:588} INFO - Filling up the DagBag from /home/airflow/.local/lib/python3.12/site-packages/airflow/example_dags/example_kubernetes_executor.py
[2025-05-21T23:19:12.832+0000] {processor.py:925} INFO - DAG(s) 'example_kubernetes_executor' retrieved from /home/airflow/.local/lib/python3.12/site-packages/airflow/example_dags/example_kubernetes_executor.py
[2025-05-21T23:19:12.883+0000] {logging_mixin.py:190} INFO - [2025-05-21T23:19:12.882+0000] {dag.py:3239} INFO - Sync 1 DAGs
[2025-05-21T23:19:12.913+0000] {logging_mixin.py:190} INFO - [2025-05-21T23:19:12.912+0000] {dag.py:4180} INFO - Setting next_dagrun for example_kubernetes_executor to None, run_after=None
[2025-05-21T23:19:12.956+0000] {processor.py:208} INFO - Processing /home/airflow/.local/lib/python3.12/site-packages/airflow/example_dags/example_kubernetes_executor.py took 0.173 seconds
[2025-05-21T23:19:43.575+0000] {processor.py:186} INFO - Started process (PID=603) to work on /home/airflow/.local/lib/python3.12/site-packages/airflow/example_dags/example_kubernetes_executor.py
[2025-05-21T23:19:43.578+0000] {processor.py:914} INFO - Processing file /home/airflow/.local/lib/python3.12/site-packages/airflow/example_dags/example_kubernetes_executor.py for tasks to queue
[2025-05-21T23:19:43.584+0000] {logging_mixin.py:190} INFO - [2025-05-21T23:19:43.583+0000] {dagbag.py:588} INFO - Filling up the DagBag from /home/airflow/.local/lib/python3.12/site-packages/airflow/example_dags/example_kubernetes_executor.py
[2025-05-21T23:19:43.618+0000] {processor.py:925} INFO - DAG(s) 'example_kubernetes_executor' retrieved from /home/airflow/.local/lib/python3.12/site-packages/airflow/example_dags/example_kubernetes_executor.py
[2025-05-21T23:19:43.675+0000] {logging_mixin.py:190} INFO - [2025-05-21T23:19:43.674+0000] {dag.py:3239} INFO - Sync 1 DAGs
[2025-05-21T23:19:43.708+0000] {logging_mixin.py:190} INFO - [2025-05-21T23:19:43.708+0000] {dag.py:4180} INFO - Setting next_dagrun for example_kubernetes_executor to None, run_after=None
[2025-05-21T23:19:43.816+0000] {processor.py:208} INFO - Processing /home/airflow/.local/lib/python3.12/site-packages/airflow/example_dags/example_kubernetes_executor.py took 0.256 seconds
[2025-05-21T23:20:13.976+0000] {processor.py:186} INFO - Started process (PID=668) to work on /home/airflow/.local/lib/python3.12/site-packages/airflow/example_dags/example_kubernetes_executor.py
[2025-05-21T23:20:13.978+0000] {processor.py:914} INFO - Processing file /home/airflow/.local/lib/python3.12/site-packages/airflow/example_dags/example_kubernetes_executor.py for tasks to queue
[2025-05-21T23:20:13.984+0000] {logging_mixin.py:190} INFO - [2025-05-21T23:20:13.983+0000] {dagbag.py:588} INFO - Filling up the DagBag from /home/airflow/.local/lib/python3.12/site-packages/airflow/example_dags/example_kubernetes_executor.py
[2025-05-21T23:20:14.029+0000] {processor.py:925} INFO - DAG(s) 'example_kubernetes_executor' retrieved from /home/airflow/.local/lib/python3.12/site-packages/airflow/example_dags/example_kubernetes_executor.py
[2025-05-21T23:20:14.098+0000] {logging_mixin.py:190} INFO - [2025-05-21T23:20:14.098+0000] {dag.py:3239} INFO - Sync 1 DAGs
[2025-05-21T23:20:14.145+0000] {logging_mixin.py:190} INFO - [2025-05-21T23:20:14.144+0000] {dag.py:4180} INFO - Setting next_dagrun for example_kubernetes_executor to None, run_after=None
[2025-05-21T23:20:14.199+0000] {processor.py:208} INFO - Processing /home/airflow/.local/lib/python3.12/site-packages/airflow/example_dags/example_kubernetes_executor.py took 0.238 seconds
[2025-05-21T23:20:44.432+0000] {processor.py:186} INFO - Started process (PID=734) to work on /home/airflow/.local/lib/python3.12/site-packages/airflow/example_dags/example_kubernetes_executor.py
[2025-05-21T23:20:44.458+0000] {processor.py:914} INFO - Processing file /home/airflow/.local/lib/python3.12/site-packages/airflow/example_dags/example_kubernetes_executor.py for tasks to queue
[2025-05-21T23:20:44.470+0000] {logging_mixin.py:190} INFO - [2025-05-21T23:20:44.469+0000] {dagbag.py:588} INFO - Filling up the DagBag from /home/airflow/.local/lib/python3.12/site-packages/airflow/example_dags/example_kubernetes_executor.py
[2025-05-21T23:20:44.501+0000] {processor.py:925} INFO - DAG(s) 'example_kubernetes_executor' retrieved from /home/airflow/.local/lib/python3.12/site-packages/airflow/example_dags/example_kubernetes_executor.py
[2025-05-21T23:20:44.556+0000] {logging_mixin.py:190} INFO - [2025-05-21T23:20:44.555+0000] {dag.py:3239} INFO - Sync 1 DAGs
[2025-05-21T23:20:44.590+0000] {logging_mixin.py:190} INFO - [2025-05-21T23:20:44.589+0000] {dag.py:4180} INFO - Setting next_dagrun for example_kubernetes_executor to None, run_after=None
[2025-05-21T23:20:44.632+0000] {processor.py:208} INFO - Processing /home/airflow/.local/lib/python3.12/site-packages/airflow/example_dags/example_kubernetes_executor.py took 0.216 seconds
[2025-05-21T23:21:14.765+0000] {processor.py:186} INFO - Started process (PID=801) to work on /home/airflow/.local/lib/python3.12/site-packages/airflow/example_dags/example_kubernetes_executor.py
[2025-05-21T23:21:14.767+0000] {processor.py:914} INFO - Processing file /home/airflow/.local/lib/python3.12/site-packages/airflow/example_dags/example_kubernetes_executor.py for tasks to queue
[2025-05-21T23:21:14.772+0000] {logging_mixin.py:190} INFO - [2025-05-21T23:21:14.771+0000] {dagbag.py:588} INFO - Filling up the DagBag from /home/airflow/.local/lib/python3.12/site-packages/airflow/example_dags/example_kubernetes_executor.py
[2025-05-21T23:21:14.807+0000] {processor.py:925} INFO - DAG(s) 'example_kubernetes_executor' retrieved from /home/airflow/.local/lib/python3.12/site-packages/airflow/example_dags/example_kubernetes_executor.py
[2025-05-21T23:21:14.890+0000] {logging_mixin.py:190} INFO - [2025-05-21T23:21:14.889+0000] {dag.py:3239} INFO - Sync 1 DAGs
[2025-05-21T23:21:14.923+0000] {logging_mixin.py:190} INFO - [2025-05-21T23:21:14.922+0000] {dag.py:4180} INFO - Setting next_dagrun for example_kubernetes_executor to None, run_after=None
[2025-05-21T23:21:15.014+0000] {processor.py:208} INFO - Processing /home/airflow/.local/lib/python3.12/site-packages/airflow/example_dags/example_kubernetes_executor.py took 0.264 seconds
[2025-05-21T23:21:45.591+0000] {processor.py:186} INFO - Started process (PID=867) to work on /home/airflow/.local/lib/python3.12/site-packages/airflow/example_dags/example_kubernetes_executor.py
[2025-05-21T23:21:45.593+0000] {processor.py:914} INFO - Processing file /home/airflow/.local/lib/python3.12/site-packages/airflow/example_dags/example_kubernetes_executor.py for tasks to queue
[2025-05-21T23:21:45.597+0000] {logging_mixin.py:190} INFO - [2025-05-21T23:21:45.597+0000] {dagbag.py:588} INFO - Filling up the DagBag from /home/airflow/.local/lib/python3.12/site-packages/airflow/example_dags/example_kubernetes_executor.py
[2025-05-21T23:21:45.628+0000] {processor.py:925} INFO - DAG(s) 'example_kubernetes_executor' retrieved from /home/airflow/.local/lib/python3.12/site-packages/airflow/example_dags/example_kubernetes_executor.py
[2025-05-21T23:21:45.681+0000] {logging_mixin.py:190} INFO - [2025-05-21T23:21:45.680+0000] {dag.py:3239} INFO - Sync 1 DAGs
[2025-05-21T23:21:45.711+0000] {logging_mixin.py:190} INFO - [2025-05-21T23:21:45.710+0000] {dag.py:4180} INFO - Setting next_dagrun for example_kubernetes_executor to None, run_after=None
[2025-05-21T23:21:45.793+0000] {processor.py:208} INFO - Processing /home/airflow/.local/lib/python3.12/site-packages/airflow/example_dags/example_kubernetes_executor.py took 0.213 seconds
[2025-05-21T23:22:16.250+0000] {processor.py:186} INFO - Started process (PID=933) to work on /home/airflow/.local/lib/python3.12/site-packages/airflow/example_dags/example_kubernetes_executor.py
[2025-05-21T23:22:16.252+0000] {processor.py:914} INFO - Processing file /home/airflow/.local/lib/python3.12/site-packages/airflow/example_dags/example_kubernetes_executor.py for tasks to queue
[2025-05-21T23:22:16.256+0000] {logging_mixin.py:190} INFO - [2025-05-21T23:22:16.256+0000] {dagbag.py:588} INFO - Filling up the DagBag from /home/airflow/.local/lib/python3.12/site-packages/airflow/example_dags/example_kubernetes_executor.py
[2025-05-21T23:22:16.306+0000] {processor.py:925} INFO - DAG(s) 'example_kubernetes_executor' retrieved from /home/airflow/.local/lib/python3.12/site-packages/airflow/example_dags/example_kubernetes_executor.py
[2025-05-21T23:22:16.376+0000] {logging_mixin.py:190} INFO - [2025-05-21T23:22:16.375+0000] {dag.py:3239} INFO - Sync 1 DAGs
[2025-05-21T23:22:16.437+0000] {logging_mixin.py:190} INFO - [2025-05-21T23:22:16.436+0000] {dag.py:4180} INFO - Setting next_dagrun for example_kubernetes_executor to None, run_after=None
[2025-05-21T23:22:16.483+0000] {processor.py:208} INFO - Processing /home/airflow/.local/lib/python3.12/site-packages/airflow/example_dags/example_kubernetes_executor.py took 0.244 seconds
[2025-05-21T23:22:46.743+0000] {processor.py:186} INFO - Started process (PID=1004) to work on /home/airflow/.local/lib/python3.12/site-packages/airflow/example_dags/example_kubernetes_executor.py
[2025-05-21T23:22:46.745+0000] {processor.py:914} INFO - Processing file /home/airflow/.local/lib/python3.12/site-packages/airflow/example_dags/example_kubernetes_executor.py for tasks to queue
[2025-05-21T23:22:46.749+0000] {logging_mixin.py:190} INFO - [2025-05-21T23:22:46.749+0000] {dagbag.py:588} INFO - Filling up the DagBag from /home/airflow/.local/lib/python3.12/site-packages/airflow/example_dags/example_kubernetes_executor.py
[2025-05-21T23:22:46.780+0000] {processor.py:925} INFO - DAG(s) 'example_kubernetes_executor' retrieved from /home/airflow/.local/lib/python3.12/site-packages/airflow/example_dags/example_kubernetes_executor.py
[2025-05-21T23:22:46.843+0000] {logging_mixin.py:190} INFO - [2025-05-21T23:22:46.842+0000] {dag.py:3239} INFO - Sync 1 DAGs
[2025-05-21T23:22:46.878+0000] {logging_mixin.py:190} INFO - [2025-05-21T23:22:46.878+0000] {dag.py:4180} INFO - Setting next_dagrun for example_kubernetes_executor to None, run_after=None
[2025-05-21T23:22:46.950+0000] {processor.py:208} INFO - Processing /home/airflow/.local/lib/python3.12/site-packages/airflow/example_dags/example_kubernetes_executor.py took 0.218 seconds
[2025-05-21T23:23:17.312+0000] {processor.py:186} INFO - Started process (PID=1070) to work on /home/airflow/.local/lib/python3.12/site-packages/airflow/example_dags/example_kubernetes_executor.py
[2025-05-21T23:23:17.314+0000] {processor.py:914} INFO - Processing file /home/airflow/.local/lib/python3.12/site-packages/airflow/example_dags/example_kubernetes_executor.py for tasks to queue
[2025-05-21T23:23:17.321+0000] {logging_mixin.py:190} INFO - [2025-05-21T23:23:17.320+0000] {dagbag.py:588} INFO - Filling up the DagBag from /home/airflow/.local/lib/python3.12/site-packages/airflow/example_dags/example_kubernetes_executor.py
[2025-05-21T23:23:17.354+0000] {processor.py:925} INFO - DAG(s) 'example_kubernetes_executor' retrieved from /home/airflow/.local/lib/python3.12/site-packages/airflow/example_dags/example_kubernetes_executor.py
[2025-05-21T23:23:17.405+0000] {logging_mixin.py:190} INFO - [2025-05-21T23:23:17.404+0000] {dag.py:3239} INFO - Sync 1 DAGs
[2025-05-21T23:23:17.436+0000] {logging_mixin.py:190} INFO - [2025-05-21T23:23:17.435+0000] {dag.py:4180} INFO - Setting next_dagrun for example_kubernetes_executor to None, run_after=None
[2025-05-21T23:23:17.523+0000] {processor.py:208} INFO - Processing /home/airflow/.local/lib/python3.12/site-packages/airflow/example_dags/example_kubernetes_executor.py took 0.229 seconds
[2025-05-21T23:23:47.965+0000] {processor.py:186} INFO - Started process (PID=1136) to work on /home/airflow/.local/lib/python3.12/site-packages/airflow/example_dags/example_kubernetes_executor.py
[2025-05-21T23:23:47.968+0000] {processor.py:914} INFO - Processing file /home/airflow/.local/lib/python3.12/site-packages/airflow/example_dags/example_kubernetes_executor.py for tasks to queue
[2025-05-21T23:23:47.972+0000] {logging_mixin.py:190} INFO - [2025-05-21T23:23:47.972+0000] {dagbag.py:588} INFO - Filling up the DagBag from /home/airflow/.local/lib/python3.12/site-packages/airflow/example_dags/example_kubernetes_executor.py
[2025-05-21T23:23:48.006+0000] {processor.py:925} INFO - DAG(s) 'example_kubernetes_executor' retrieved from /home/airflow/.local/lib/python3.12/site-packages/airflow/example_dags/example_kubernetes_executor.py
[2025-05-21T23:23:48.064+0000] {logging_mixin.py:190} INFO - [2025-05-21T23:23:48.063+0000] {dag.py:3239} INFO - Sync 1 DAGs
[2025-05-21T23:23:48.091+0000] {logging_mixin.py:190} INFO - [2025-05-21T23:23:48.091+0000] {dag.py:4180} INFO - Setting next_dagrun for example_kubernetes_executor to None, run_after=None
[2025-05-21T23:23:48.135+0000] {processor.py:208} INFO - Processing /home/airflow/.local/lib/python3.12/site-packages/airflow/example_dags/example_kubernetes_executor.py took 0.183 seconds
[2025-05-21T23:24:18.434+0000] {processor.py:186} INFO - Started process (PID=1202) to work on /home/airflow/.local/lib/python3.12/site-packages/airflow/example_dags/example_kubernetes_executor.py
[2025-05-21T23:24:18.436+0000] {processor.py:914} INFO - Processing file /home/airflow/.local/lib/python3.12/site-packages/airflow/example_dags/example_kubernetes_executor.py for tasks to queue
[2025-05-21T23:24:18.440+0000] {logging_mixin.py:190} INFO - [2025-05-21T23:24:18.440+0000] {dagbag.py:588} INFO - Filling up the DagBag from /home/airflow/.local/lib/python3.12/site-packages/airflow/example_dags/example_kubernetes_executor.py
[2025-05-21T23:24:18.471+0000] {processor.py:925} INFO - DAG(s) 'example_kubernetes_executor' retrieved from /home/airflow/.local/lib/python3.12/site-packages/airflow/example_dags/example_kubernetes_executor.py
[2025-05-21T23:24:18.523+0000] {logging_mixin.py:190} INFO - [2025-05-21T23:24:18.523+0000] {dag.py:3239} INFO - Sync 1 DAGs
[2025-05-21T23:24:18.553+0000] {logging_mixin.py:190} INFO - [2025-05-21T23:24:18.553+0000] {dag.py:4180} INFO - Setting next_dagrun for example_kubernetes_executor to None, run_after=None
[2025-05-21T23:24:18.658+0000] {processor.py:208} INFO - Processing /home/airflow/.local/lib/python3.12/site-packages/airflow/example_dags/example_kubernetes_executor.py took 0.236 seconds
[2025-05-21T23:24:48.847+0000] {processor.py:186} INFO - Started process (PID=1268) to work on /home/airflow/.local/lib/python3.12/site-packages/airflow/example_dags/example_kubernetes_executor.py
[2025-05-21T23:24:48.849+0000] {processor.py:914} INFO - Processing file /home/airflow/.local/lib/python3.12/site-packages/airflow/example_dags/example_kubernetes_executor.py for tasks to queue
[2025-05-21T23:24:48.854+0000] {logging_mixin.py:190} INFO - [2025-05-21T23:24:48.853+0000] {dagbag.py:588} INFO - Filling up the DagBag from /home/airflow/.local/lib/python3.12/site-packages/airflow/example_dags/example_kubernetes_executor.py
[2025-05-21T23:24:48.885+0000] {processor.py:925} INFO - DAG(s) 'example_kubernetes_executor' retrieved from /home/airflow/.local/lib/python3.12/site-packages/airflow/example_dags/example_kubernetes_executor.py
[2025-05-21T23:24:48.936+0000] {logging_mixin.py:190} INFO - [2025-05-21T23:24:48.936+0000] {dag.py:3239} INFO - Sync 1 DAGs
[2025-05-21T23:24:48.967+0000] {logging_mixin.py:190} INFO - [2025-05-21T23:24:48.967+0000] {dag.py:4180} INFO - Setting next_dagrun for example_kubernetes_executor to None, run_after=None
[2025-05-21T23:24:49.071+0000] {processor.py:208} INFO - Processing /home/airflow/.local/lib/python3.12/site-packages/airflow/example_dags/example_kubernetes_executor.py took 0.236 seconds
[2025-05-21T23:25:19.223+0000] {processor.py:186} INFO - Started process (PID=1334) to work on /home/airflow/.local/lib/python3.12/site-packages/airflow/example_dags/example_kubernetes_executor.py
[2025-05-21T23:25:19.225+0000] {processor.py:914} INFO - Processing file /home/airflow/.local/lib/python3.12/site-packages/airflow/example_dags/example_kubernetes_executor.py for tasks to queue
[2025-05-21T23:25:19.229+0000] {logging_mixin.py:190} INFO - [2025-05-21T23:25:19.228+0000] {dagbag.py:588} INFO - Filling up the DagBag from /home/airflow/.local/lib/python3.12/site-packages/airflow/example_dags/example_kubernetes_executor.py
[2025-05-21T23:25:19.262+0000] {processor.py:925} INFO - DAG(s) 'example_kubernetes_executor' retrieved from /home/airflow/.local/lib/python3.12/site-packages/airflow/example_dags/example_kubernetes_executor.py
[2025-05-21T23:25:19.312+0000] {logging_mixin.py:190} INFO - [2025-05-21T23:25:19.312+0000] {dag.py:3239} INFO - Sync 1 DAGs
[2025-05-21T23:25:19.345+0000] {logging_mixin.py:190} INFO - [2025-05-21T23:25:19.344+0000] {dag.py:4180} INFO - Setting next_dagrun for example_kubernetes_executor to None, run_after=None
[2025-05-21T23:25:19.394+0000] {processor.py:208} INFO - Processing /home/airflow/.local/lib/python3.12/site-packages/airflow/example_dags/example_kubernetes_executor.py took 0.183 seconds
[2025-05-21T23:25:49.589+0000] {processor.py:186} INFO - Started process (PID=1400) to work on /home/airflow/.local/lib/python3.12/site-packages/airflow/example_dags/example_kubernetes_executor.py
[2025-05-21T23:25:49.592+0000] {processor.py:914} INFO - Processing file /home/airflow/.local/lib/python3.12/site-packages/airflow/example_dags/example_kubernetes_executor.py for tasks to queue
[2025-05-21T23:25:49.599+0000] {logging_mixin.py:190} INFO - [2025-05-21T23:25:49.598+0000] {dagbag.py:588} INFO - Filling up the DagBag from /home/airflow/.local/lib/python3.12/site-packages/airflow/example_dags/example_kubernetes_executor.py
[2025-05-21T23:25:49.636+0000] {processor.py:925} INFO - DAG(s) 'example_kubernetes_executor' retrieved from /home/airflow/.local/lib/python3.12/site-packages/airflow/example_dags/example_kubernetes_executor.py
[2025-05-21T23:25:49.688+0000] {logging_mixin.py:190} INFO - [2025-05-21T23:25:49.687+0000] {dag.py:3239} INFO - Sync 1 DAGs
[2025-05-21T23:25:49.723+0000] {logging_mixin.py:190} INFO - [2025-05-21T23:25:49.722+0000] {dag.py:4180} INFO - Setting next_dagrun for example_kubernetes_executor to None, run_after=None
[2025-05-21T23:25:49.831+0000] {processor.py:208} INFO - Processing /home/airflow/.local/lib/python3.12/site-packages/airflow/example_dags/example_kubernetes_executor.py took 0.257 seconds
[2025-05-21T23:26:19.986+0000] {processor.py:186} INFO - Started process (PID=1466) to work on /home/airflow/.local/lib/python3.12/site-packages/airflow/example_dags/example_kubernetes_executor.py
[2025-05-21T23:26:19.989+0000] {processor.py:914} INFO - Processing file /home/airflow/.local/lib/python3.12/site-packages/airflow/example_dags/example_kubernetes_executor.py for tasks to queue
[2025-05-21T23:26:19.995+0000] {logging_mixin.py:190} INFO - [2025-05-21T23:26:19.994+0000] {dagbag.py:588} INFO - Filling up the DagBag from /home/airflow/.local/lib/python3.12/site-packages/airflow/example_dags/example_kubernetes_executor.py
[2025-05-21T23:26:20.028+0000] {processor.py:925} INFO - DAG(s) 'example_kubernetes_executor' retrieved from /home/airflow/.local/lib/python3.12/site-packages/airflow/example_dags/example_kubernetes_executor.py
[2025-05-21T23:26:20.082+0000] {logging_mixin.py:190} INFO - [2025-05-21T23:26:20.082+0000] {dag.py:3239} INFO - Sync 1 DAGs
[2025-05-21T23:26:20.112+0000] {logging_mixin.py:190} INFO - [2025-05-21T23:26:20.112+0000] {dag.py:4180} INFO - Setting next_dagrun for example_kubernetes_executor to None, run_after=None
[2025-05-21T23:26:20.219+0000] {processor.py:208} INFO - Processing /home/airflow/.local/lib/python3.12/site-packages/airflow/example_dags/example_kubernetes_executor.py took 0.249 seconds
[2025-05-21T23:26:50.414+0000] {processor.py:186} INFO - Started process (PID=1532) to work on /home/airflow/.local/lib/python3.12/site-packages/airflow/example_dags/example_kubernetes_executor.py
[2025-05-21T23:26:50.416+0000] {processor.py:914} INFO - Processing file /home/airflow/.local/lib/python3.12/site-packages/airflow/example_dags/example_kubernetes_executor.py for tasks to queue
[2025-05-21T23:26:50.420+0000] {logging_mixin.py:190} INFO - [2025-05-21T23:26:50.419+0000] {dagbag.py:588} INFO - Filling up the DagBag from /home/airflow/.local/lib/python3.12/site-packages/airflow/example_dags/example_kubernetes_executor.py
[2025-05-21T23:26:50.451+0000] {processor.py:925} INFO - DAG(s) 'example_kubernetes_executor' retrieved from /home/airflow/.local/lib/python3.12/site-packages/airflow/example_dags/example_kubernetes_executor.py
[2025-05-21T23:26:50.507+0000] {logging_mixin.py:190} INFO - [2025-05-21T23:26:50.506+0000] {dag.py:3239} INFO - Sync 1 DAGs
[2025-05-21T23:26:50.541+0000] {logging_mixin.py:190} INFO - [2025-05-21T23:26:50.541+0000] {dag.py:4180} INFO - Setting next_dagrun for example_kubernetes_executor to None, run_after=None
[2025-05-21T23:26:50.585+0000] {processor.py:208} INFO - Processing /home/airflow/.local/lib/python3.12/site-packages/airflow/example_dags/example_kubernetes_executor.py took 0.184 seconds
[2025-05-21T23:27:20.987+0000] {processor.py:186} INFO - Started process (PID=1598) to work on /home/airflow/.local/lib/python3.12/site-packages/airflow/example_dags/example_kubernetes_executor.py
[2025-05-21T23:27:20.989+0000] {processor.py:914} INFO - Processing file /home/airflow/.local/lib/python3.12/site-packages/airflow/example_dags/example_kubernetes_executor.py for tasks to queue
[2025-05-21T23:27:20.995+0000] {logging_mixin.py:190} INFO - [2025-05-21T23:27:20.995+0000] {dagbag.py:588} INFO - Filling up the DagBag from /home/airflow/.local/lib/python3.12/site-packages/airflow/example_dags/example_kubernetes_executor.py
[2025-05-21T23:27:21.032+0000] {processor.py:925} INFO - DAG(s) 'example_kubernetes_executor' retrieved from /home/airflow/.local/lib/python3.12/site-packages/airflow/example_dags/example_kubernetes_executor.py
[2025-05-21T23:27:21.089+0000] {logging_mixin.py:190} INFO - [2025-05-21T23:27:21.088+0000] {dag.py:3239} INFO - Sync 1 DAGs
[2025-05-21T23:27:21.120+0000] {logging_mixin.py:190} INFO - [2025-05-21T23:27:21.120+0000] {dag.py:4180} INFO - Setting next_dagrun for example_kubernetes_executor to None, run_after=None
[2025-05-21T23:27:21.222+0000] {processor.py:208} INFO - Processing /home/airflow/.local/lib/python3.12/site-packages/airflow/example_dags/example_kubernetes_executor.py took 0.250 seconds
[2025-05-21T23:27:51.501+0000] {processor.py:186} INFO - Started process (PID=1663) to work on /home/airflow/.local/lib/python3.12/site-packages/airflow/example_dags/example_kubernetes_executor.py
[2025-05-21T23:27:51.503+0000] {processor.py:914} INFO - Processing file /home/airflow/.local/lib/python3.12/site-packages/airflow/example_dags/example_kubernetes_executor.py for tasks to queue
[2025-05-21T23:27:51.508+0000] {logging_mixin.py:190} INFO - [2025-05-21T23:27:51.507+0000] {dagbag.py:588} INFO - Filling up the DagBag from /home/airflow/.local/lib/python3.12/site-packages/airflow/example_dags/example_kubernetes_executor.py
[2025-05-21T23:27:51.535+0000] {processor.py:925} INFO - DAG(s) 'example_kubernetes_executor' retrieved from /home/airflow/.local/lib/python3.12/site-packages/airflow/example_dags/example_kubernetes_executor.py
[2025-05-21T23:27:51.589+0000] {logging_mixin.py:190} INFO - [2025-05-21T23:27:51.588+0000] {dag.py:3239} INFO - Sync 1 DAGs
[2025-05-21T23:27:51.617+0000] {logging_mixin.py:190} INFO - [2025-05-21T23:27:51.617+0000] {dag.py:4180} INFO - Setting next_dagrun for example_kubernetes_executor to None, run_after=None
[2025-05-21T23:27:51.736+0000] {processor.py:208} INFO - Processing /home/airflow/.local/lib/python3.12/site-packages/airflow/example_dags/example_kubernetes_executor.py took 0.245 seconds
[2025-05-21T23:28:22.307+0000] {processor.py:186} INFO - Started process (PID=1729) to work on /home/airflow/.local/lib/python3.12/site-packages/airflow/example_dags/example_kubernetes_executor.py
[2025-05-21T23:28:22.310+0000] {processor.py:914} INFO - Processing file /home/airflow/.local/lib/python3.12/site-packages/airflow/example_dags/example_kubernetes_executor.py for tasks to queue
[2025-05-21T23:28:22.314+0000] {logging_mixin.py:190} INFO - [2025-05-21T23:28:22.314+0000] {dagbag.py:588} INFO - Filling up the DagBag from /home/airflow/.local/lib/python3.12/site-packages/airflow/example_dags/example_kubernetes_executor.py
[2025-05-21T23:28:22.343+0000] {processor.py:925} INFO - DAG(s) 'example_kubernetes_executor' retrieved from /home/airflow/.local/lib/python3.12/site-packages/airflow/example_dags/example_kubernetes_executor.py
[2025-05-21T23:28:22.396+0000] {logging_mixin.py:190} INFO - [2025-05-21T23:28:22.395+0000] {dag.py:3239} INFO - Sync 1 DAGs
[2025-05-21T23:28:22.427+0000] {logging_mixin.py:190} INFO - [2025-05-21T23:28:22.427+0000] {dag.py:4180} INFO - Setting next_dagrun for example_kubernetes_executor to None, run_after=None
[2025-05-21T23:28:22.530+0000] {processor.py:208} INFO - Processing /home/airflow/.local/lib/python3.12/site-packages/airflow/example_dags/example_kubernetes_executor.py took 0.235 seconds
[2025-05-21T23:28:52.932+0000] {processor.py:186} INFO - Started process (PID=1795) to work on /home/airflow/.local/lib/python3.12/site-packages/airflow/example_dags/example_kubernetes_executor.py
[2025-05-21T23:28:52.935+0000] {processor.py:914} INFO - Processing file /home/airflow/.local/lib/python3.12/site-packages/airflow/example_dags/example_kubernetes_executor.py for tasks to queue
[2025-05-21T23:28:52.939+0000] {logging_mixin.py:190} INFO - [2025-05-21T23:28:52.939+0000] {dagbag.py:588} INFO - Filling up the DagBag from /home/airflow/.local/lib/python3.12/site-packages/airflow/example_dags/example_kubernetes_executor.py
[2025-05-21T23:28:52.971+0000] {processor.py:925} INFO - DAG(s) 'example_kubernetes_executor' retrieved from /home/airflow/.local/lib/python3.12/site-packages/airflow/example_dags/example_kubernetes_executor.py
[2025-05-21T23:28:53.024+0000] {logging_mixin.py:190} INFO - [2025-05-21T23:28:53.024+0000] {dag.py:3239} INFO - Sync 1 DAGs
[2025-05-21T23:28:53.054+0000] {logging_mixin.py:190} INFO - [2025-05-21T23:28:53.054+0000] {dag.py:4180} INFO - Setting next_dagrun for example_kubernetes_executor to None, run_after=None
[2025-05-21T23:28:53.162+0000] {processor.py:208} INFO - Processing /home/airflow/.local/lib/python3.12/site-packages/airflow/example_dags/example_kubernetes_executor.py took 0.243 seconds
[2025-05-21T23:29:24.008+0000] {processor.py:186} INFO - Started process (PID=1861) to work on /home/airflow/.local/lib/python3.12/site-packages/airflow/example_dags/example_kubernetes_executor.py
[2025-05-21T23:29:24.011+0000] {processor.py:914} INFO - Processing file /home/airflow/.local/lib/python3.12/site-packages/airflow/example_dags/example_kubernetes_executor.py for tasks to queue
[2025-05-21T23:29:24.016+0000] {logging_mixin.py:190} INFO - [2025-05-21T23:29:24.015+0000] {dagbag.py:588} INFO - Filling up the DagBag from /home/airflow/.local/lib/python3.12/site-packages/airflow/example_dags/example_kubernetes_executor.py
[2025-05-21T23:29:24.051+0000] {processor.py:925} INFO - DAG(s) 'example_kubernetes_executor' retrieved from /home/airflow/.local/lib/python3.12/site-packages/airflow/example_dags/example_kubernetes_executor.py
[2025-05-21T23:29:24.108+0000] {logging_mixin.py:190} INFO - [2025-05-21T23:29:24.108+0000] {dag.py:3239} INFO - Sync 1 DAGs
[2025-05-21T23:29:24.139+0000] {logging_mixin.py:190} INFO - [2025-05-21T23:29:24.139+0000] {dag.py:4180} INFO - Setting next_dagrun for example_kubernetes_executor to None, run_after=None
[2025-05-21T23:29:24.248+0000] {processor.py:208} INFO - Processing /home/airflow/.local/lib/python3.12/site-packages/airflow/example_dags/example_kubernetes_executor.py took 0.254 seconds
[2025-05-21T23:29:54.825+0000] {processor.py:186} INFO - Started process (PID=1927) to work on /home/airflow/.local/lib/python3.12/site-packages/airflow/example_dags/example_kubernetes_executor.py
[2025-05-21T23:29:54.827+0000] {processor.py:914} INFO - Processing file /home/airflow/.local/lib/python3.12/site-packages/airflow/example_dags/example_kubernetes_executor.py for tasks to queue
[2025-05-21T23:29:54.831+0000] {logging_mixin.py:190} INFO - [2025-05-21T23:29:54.830+0000] {dagbag.py:588} INFO - Filling up the DagBag from /home/airflow/.local/lib/python3.12/site-packages/airflow/example_dags/example_kubernetes_executor.py
[2025-05-21T23:29:54.862+0000] {processor.py:925} INFO - DAG(s) 'example_kubernetes_executor' retrieved from /home/airflow/.local/lib/python3.12/site-packages/airflow/example_dags/example_kubernetes_executor.py
[2025-05-21T23:29:54.912+0000] {logging_mixin.py:190} INFO - [2025-05-21T23:29:54.911+0000] {dag.py:3239} INFO - Sync 1 DAGs
[2025-05-21T23:29:54.940+0000] {logging_mixin.py:190} INFO - [2025-05-21T23:29:54.940+0000] {dag.py:4180} INFO - Setting next_dagrun for example_kubernetes_executor to None, run_after=None
[2025-05-21T23:29:55.044+0000] {processor.py:208} INFO - Processing /home/airflow/.local/lib/python3.12/site-packages/airflow/example_dags/example_kubernetes_executor.py took 0.230 seconds
[2025-05-21T23:30:25.379+0000] {processor.py:186} INFO - Started process (PID=1991) to work on /home/airflow/.local/lib/python3.12/site-packages/airflow/example_dags/example_kubernetes_executor.py
[2025-05-21T23:30:25.381+0000] {processor.py:914} INFO - Processing file /home/airflow/.local/lib/python3.12/site-packages/airflow/example_dags/example_kubernetes_executor.py for tasks to queue
[2025-05-21T23:30:25.386+0000] {logging_mixin.py:190} INFO - [2025-05-21T23:30:25.385+0000] {dagbag.py:588} INFO - Filling up the DagBag from /home/airflow/.local/lib/python3.12/site-packages/airflow/example_dags/example_kubernetes_executor.py
[2025-05-21T23:30:25.415+0000] {processor.py:925} INFO - DAG(s) 'example_kubernetes_executor' retrieved from /home/airflow/.local/lib/python3.12/site-packages/airflow/example_dags/example_kubernetes_executor.py
[2025-05-21T23:30:25.463+0000] {logging_mixin.py:190} INFO - [2025-05-21T23:30:25.463+0000] {dag.py:3239} INFO - Sync 1 DAGs
[2025-05-21T23:30:25.490+0000] {logging_mixin.py:190} INFO - [2025-05-21T23:30:25.490+0000] {dag.py:4180} INFO - Setting next_dagrun for example_kubernetes_executor to None, run_after=None
[2025-05-21T23:30:25.593+0000] {processor.py:208} INFO - Processing /home/airflow/.local/lib/python3.12/site-packages/airflow/example_dags/example_kubernetes_executor.py took 0.225 seconds
[2025-05-21T23:30:56.241+0000] {processor.py:186} INFO - Started process (PID=2057) to work on /home/airflow/.local/lib/python3.12/site-packages/airflow/example_dags/example_kubernetes_executor.py
[2025-05-21T23:30:56.243+0000] {processor.py:914} INFO - Processing file /home/airflow/.local/lib/python3.12/site-packages/airflow/example_dags/example_kubernetes_executor.py for tasks to queue
[2025-05-21T23:30:56.247+0000] {logging_mixin.py:190} INFO - [2025-05-21T23:30:56.247+0000] {dagbag.py:588} INFO - Filling up the DagBag from /home/airflow/.local/lib/python3.12/site-packages/airflow/example_dags/example_kubernetes_executor.py
[2025-05-21T23:30:56.276+0000] {processor.py:925} INFO - DAG(s) 'example_kubernetes_executor' retrieved from /home/airflow/.local/lib/python3.12/site-packages/airflow/example_dags/example_kubernetes_executor.py
[2025-05-21T23:30:56.326+0000] {logging_mixin.py:190} INFO - [2025-05-21T23:30:56.326+0000] {dag.py:3239} INFO - Sync 1 DAGs
[2025-05-21T23:30:56.357+0000] {logging_mixin.py:190} INFO - [2025-05-21T23:30:56.356+0000] {dag.py:4180} INFO - Setting next_dagrun for example_kubernetes_executor to None, run_after=None
[2025-05-21T23:30:56.460+0000] {processor.py:208} INFO - Processing /home/airflow/.local/lib/python3.12/site-packages/airflow/example_dags/example_kubernetes_executor.py took 0.230 seconds
[2025-05-21T23:31:27.099+0000] {processor.py:186} INFO - Started process (PID=2123) to work on /home/airflow/.local/lib/python3.12/site-packages/airflow/example_dags/example_kubernetes_executor.py
[2025-05-21T23:31:27.101+0000] {processor.py:914} INFO - Processing file /home/airflow/.local/lib/python3.12/site-packages/airflow/example_dags/example_kubernetes_executor.py for tasks to queue
[2025-05-21T23:31:27.106+0000] {logging_mixin.py:190} INFO - [2025-05-21T23:31:27.105+0000] {dagbag.py:588} INFO - Filling up the DagBag from /home/airflow/.local/lib/python3.12/site-packages/airflow/example_dags/example_kubernetes_executor.py
[2025-05-21T23:31:27.134+0000] {processor.py:925} INFO - DAG(s) 'example_kubernetes_executor' retrieved from /home/airflow/.local/lib/python3.12/site-packages/airflow/example_dags/example_kubernetes_executor.py
[2025-05-21T23:31:27.196+0000] {logging_mixin.py:190} INFO - [2025-05-21T23:31:27.196+0000] {dag.py:3239} INFO - Sync 1 DAGs
[2025-05-21T23:31:27.227+0000] {logging_mixin.py:190} INFO - [2025-05-21T23:31:27.227+0000] {dag.py:4180} INFO - Setting next_dagrun for example_kubernetes_executor to None, run_after=None
[2025-05-21T23:31:27.336+0000] {processor.py:208} INFO - Processing /home/airflow/.local/lib/python3.12/site-packages/airflow/example_dags/example_kubernetes_executor.py took 0.249 seconds
[2025-05-21T23:31:57.677+0000] {processor.py:186} INFO - Started process (PID=2189) to work on /home/airflow/.local/lib/python3.12/site-packages/airflow/example_dags/example_kubernetes_executor.py
[2025-05-21T23:31:57.680+0000] {processor.py:914} INFO - Processing file /home/airflow/.local/lib/python3.12/site-packages/airflow/example_dags/example_kubernetes_executor.py for tasks to queue
[2025-05-21T23:31:57.685+0000] {logging_mixin.py:190} INFO - [2025-05-21T23:31:57.684+0000] {dagbag.py:588} INFO - Filling up the DagBag from /home/airflow/.local/lib/python3.12/site-packages/airflow/example_dags/example_kubernetes_executor.py
[2025-05-21T23:31:57.718+0000] {processor.py:925} INFO - DAG(s) 'example_kubernetes_executor' retrieved from /home/airflow/.local/lib/python3.12/site-packages/airflow/example_dags/example_kubernetes_executor.py
[2025-05-21T23:31:57.771+0000] {logging_mixin.py:190} INFO - [2025-05-21T23:31:57.770+0000] {dag.py:3239} INFO - Sync 1 DAGs
[2025-05-21T23:31:57.801+0000] {logging_mixin.py:190} INFO - [2025-05-21T23:31:57.801+0000] {dag.py:4180} INFO - Setting next_dagrun for example_kubernetes_executor to None, run_after=None
[2025-05-21T23:31:57.904+0000] {processor.py:208} INFO - Processing /home/airflow/.local/lib/python3.12/site-packages/airflow/example_dags/example_kubernetes_executor.py took 0.241 seconds
[2025-05-21T23:32:28.439+0000] {processor.py:186} INFO - Started process (PID=2255) to work on /home/airflow/.local/lib/python3.12/site-packages/airflow/example_dags/example_kubernetes_executor.py
[2025-05-21T23:32:28.441+0000] {processor.py:914} INFO - Processing file /home/airflow/.local/lib/python3.12/site-packages/airflow/example_dags/example_kubernetes_executor.py for tasks to queue
[2025-05-21T23:32:28.446+0000] {logging_mixin.py:190} INFO - [2025-05-21T23:32:28.446+0000] {dagbag.py:588} INFO - Filling up the DagBag from /home/airflow/.local/lib/python3.12/site-packages/airflow/example_dags/example_kubernetes_executor.py
[2025-05-21T23:32:28.480+0000] {processor.py:925} INFO - DAG(s) 'example_kubernetes_executor' retrieved from /home/airflow/.local/lib/python3.12/site-packages/airflow/example_dags/example_kubernetes_executor.py
[2025-05-21T23:32:28.531+0000] {logging_mixin.py:190} INFO - [2025-05-21T23:32:28.531+0000] {dag.py:3239} INFO - Sync 1 DAGs
[2025-05-21T23:32:28.564+0000] {logging_mixin.py:190} INFO - [2025-05-21T23:32:28.563+0000] {dag.py:4180} INFO - Setting next_dagrun for example_kubernetes_executor to None, run_after=None
[2025-05-21T23:32:28.668+0000] {processor.py:208} INFO - Processing /home/airflow/.local/lib/python3.12/site-packages/airflow/example_dags/example_kubernetes_executor.py took 0.240 seconds
[2025-05-21T23:32:58.817+0000] {processor.py:186} INFO - Started process (PID=2321) to work on /home/airflow/.local/lib/python3.12/site-packages/airflow/example_dags/example_kubernetes_executor.py
[2025-05-21T23:32:58.820+0000] {processor.py:914} INFO - Processing file /home/airflow/.local/lib/python3.12/site-packages/airflow/example_dags/example_kubernetes_executor.py for tasks to queue
[2025-05-21T23:32:58.825+0000] {logging_mixin.py:190} INFO - [2025-05-21T23:32:58.824+0000] {dagbag.py:588} INFO - Filling up the DagBag from /home/airflow/.local/lib/python3.12/site-packages/airflow/example_dags/example_kubernetes_executor.py
[2025-05-21T23:32:58.858+0000] {processor.py:925} INFO - DAG(s) 'example_kubernetes_executor' retrieved from /home/airflow/.local/lib/python3.12/site-packages/airflow/example_dags/example_kubernetes_executor.py
[2025-05-21T23:32:58.910+0000] {logging_mixin.py:190} INFO - [2025-05-21T23:32:58.909+0000] {dag.py:3239} INFO - Sync 1 DAGs
[2025-05-21T23:32:58.947+0000] {logging_mixin.py:190} INFO - [2025-05-21T23:32:58.946+0000] {dag.py:4180} INFO - Setting next_dagrun for example_kubernetes_executor to None, run_after=None
[2025-05-21T23:32:59.053+0000] {processor.py:208} INFO - Processing /home/airflow/.local/lib/python3.12/site-packages/airflow/example_dags/example_kubernetes_executor.py took 0.250 seconds
[2025-05-21T23:33:29.316+0000] {processor.py:186} INFO - Started process (PID=2387) to work on /home/airflow/.local/lib/python3.12/site-packages/airflow/example_dags/example_kubernetes_executor.py
[2025-05-21T23:33:29.318+0000] {processor.py:914} INFO - Processing file /home/airflow/.local/lib/python3.12/site-packages/airflow/example_dags/example_kubernetes_executor.py for tasks to queue
[2025-05-21T23:33:29.322+0000] {logging_mixin.py:190} INFO - [2025-05-21T23:33:29.322+0000] {dagbag.py:588} INFO - Filling up the DagBag from /home/airflow/.local/lib/python3.12/site-packages/airflow/example_dags/example_kubernetes_executor.py
[2025-05-21T23:33:29.352+0000] {processor.py:925} INFO - DAG(s) 'example_kubernetes_executor' retrieved from /home/airflow/.local/lib/python3.12/site-packages/airflow/example_dags/example_kubernetes_executor.py
[2025-05-21T23:33:29.406+0000] {logging_mixin.py:190} INFO - [2025-05-21T23:33:29.406+0000] {dag.py:3239} INFO - Sync 1 DAGs
[2025-05-21T23:33:29.435+0000] {logging_mixin.py:190} INFO - [2025-05-21T23:33:29.435+0000] {dag.py:4180} INFO - Setting next_dagrun for example_kubernetes_executor to None, run_after=None
[2025-05-21T23:33:29.471+0000] {processor.py:208} INFO - Processing /home/airflow/.local/lib/python3.12/site-packages/airflow/example_dags/example_kubernetes_executor.py took 0.166 seconds
[2025-05-21T23:33:59.798+0000] {processor.py:186} INFO - Started process (PID=2453) to work on /home/airflow/.local/lib/python3.12/site-packages/airflow/example_dags/example_kubernetes_executor.py
[2025-05-21T23:33:59.800+0000] {processor.py:914} INFO - Processing file /home/airflow/.local/lib/python3.12/site-packages/airflow/example_dags/example_kubernetes_executor.py for tasks to queue
[2025-05-21T23:33:59.804+0000] {logging_mixin.py:190} INFO - [2025-05-21T23:33:59.803+0000] {dagbag.py:588} INFO - Filling up the DagBag from /home/airflow/.local/lib/python3.12/site-packages/airflow/example_dags/example_kubernetes_executor.py
[2025-05-21T23:33:59.830+0000] {processor.py:925} INFO - DAG(s) 'example_kubernetes_executor' retrieved from /home/airflow/.local/lib/python3.12/site-packages/airflow/example_dags/example_kubernetes_executor.py
[2025-05-21T23:33:59.880+0000] {logging_mixin.py:190} INFO - [2025-05-21T23:33:59.879+0000] {dag.py:3239} INFO - Sync 1 DAGs
[2025-05-21T23:33:59.916+0000] {logging_mixin.py:190} INFO - [2025-05-21T23:33:59.915+0000] {dag.py:4180} INFO - Setting next_dagrun for example_kubernetes_executor to None, run_after=None
[2025-05-21T23:33:59.969+0000] {processor.py:208} INFO - Processing /home/airflow/.local/lib/python3.12/site-packages/airflow/example_dags/example_kubernetes_executor.py took 0.182 seconds
[2025-05-21T23:34:30.713+0000] {processor.py:186} INFO - Started process (PID=2519) to work on /home/airflow/.local/lib/python3.12/site-packages/airflow/example_dags/example_kubernetes_executor.py
[2025-05-21T23:34:30.715+0000] {processor.py:914} INFO - Processing file /home/airflow/.local/lib/python3.12/site-packages/airflow/example_dags/example_kubernetes_executor.py for tasks to queue
[2025-05-21T23:34:30.720+0000] {logging_mixin.py:190} INFO - [2025-05-21T23:34:30.719+0000] {dagbag.py:588} INFO - Filling up the DagBag from /home/airflow/.local/lib/python3.12/site-packages/airflow/example_dags/example_kubernetes_executor.py
[2025-05-21T23:34:30.749+0000] {processor.py:925} INFO - DAG(s) 'example_kubernetes_executor' retrieved from /home/airflow/.local/lib/python3.12/site-packages/airflow/example_dags/example_kubernetes_executor.py
[2025-05-21T23:34:30.801+0000] {logging_mixin.py:190} INFO - [2025-05-21T23:34:30.801+0000] {dag.py:3239} INFO - Sync 1 DAGs
[2025-05-21T23:34:30.829+0000] {logging_mixin.py:190} INFO - [2025-05-21T23:34:30.829+0000] {dag.py:4180} INFO - Setting next_dagrun for example_kubernetes_executor to None, run_after=None
[2025-05-21T23:34:30.867+0000] {processor.py:208} INFO - Processing /home/airflow/.local/lib/python3.12/site-packages/airflow/example_dags/example_kubernetes_executor.py took 0.166 seconds
[2025-05-21T23:35:01.149+0000] {processor.py:186} INFO - Started process (PID=2585) to work on /home/airflow/.local/lib/python3.12/site-packages/airflow/example_dags/example_kubernetes_executor.py
[2025-05-21T23:35:01.151+0000] {processor.py:914} INFO - Processing file /home/airflow/.local/lib/python3.12/site-packages/airflow/example_dags/example_kubernetes_executor.py for tasks to queue
[2025-05-21T23:35:01.156+0000] {logging_mixin.py:190} INFO - [2025-05-21T23:35:01.155+0000] {dagbag.py:588} INFO - Filling up the DagBag from /home/airflow/.local/lib/python3.12/site-packages/airflow/example_dags/example_kubernetes_executor.py
[2025-05-21T23:35:01.184+0000] {processor.py:925} INFO - DAG(s) 'example_kubernetes_executor' retrieved from /home/airflow/.local/lib/python3.12/site-packages/airflow/example_dags/example_kubernetes_executor.py
[2025-05-21T23:35:01.238+0000] {logging_mixin.py:190} INFO - [2025-05-21T23:35:01.237+0000] {dag.py:3239} INFO - Sync 1 DAGs
[2025-05-21T23:35:01.274+0000] {logging_mixin.py:190} INFO - [2025-05-21T23:35:01.273+0000] {dag.py:4180} INFO - Setting next_dagrun for example_kubernetes_executor to None, run_after=None
[2025-05-21T23:35:01.352+0000] {processor.py:208} INFO - Processing /home/airflow/.local/lib/python3.12/site-packages/airflow/example_dags/example_kubernetes_executor.py took 0.214 seconds
[2025-05-21T23:35:31.678+0000] {processor.py:186} INFO - Started process (PID=2650) to work on /home/airflow/.local/lib/python3.12/site-packages/airflow/example_dags/example_kubernetes_executor.py
[2025-05-21T23:35:31.680+0000] {processor.py:914} INFO - Processing file /home/airflow/.local/lib/python3.12/site-packages/airflow/example_dags/example_kubernetes_executor.py for tasks to queue
[2025-05-21T23:35:31.685+0000] {logging_mixin.py:190} INFO - [2025-05-21T23:35:31.685+0000] {dagbag.py:588} INFO - Filling up the DagBag from /home/airflow/.local/lib/python3.12/site-packages/airflow/example_dags/example_kubernetes_executor.py
[2025-05-21T23:35:31.714+0000] {processor.py:925} INFO - DAG(s) 'example_kubernetes_executor' retrieved from /home/airflow/.local/lib/python3.12/site-packages/airflow/example_dags/example_kubernetes_executor.py
[2025-05-21T23:35:31.769+0000] {logging_mixin.py:190} INFO - [2025-05-21T23:35:31.768+0000] {dag.py:3239} INFO - Sync 1 DAGs
[2025-05-21T23:35:31.798+0000] {logging_mixin.py:190} INFO - [2025-05-21T23:35:31.797+0000] {dag.py:4180} INFO - Setting next_dagrun for example_kubernetes_executor to None, run_after=None
[2025-05-21T23:35:31.899+0000] {processor.py:208} INFO - Processing /home/airflow/.local/lib/python3.12/site-packages/airflow/example_dags/example_kubernetes_executor.py took 0.233 seconds
[2025-05-21T23:36:02.239+0000] {processor.py:186} INFO - Started process (PID=2716) to work on /home/airflow/.local/lib/python3.12/site-packages/airflow/example_dags/example_kubernetes_executor.py
[2025-05-21T23:36:02.241+0000] {processor.py:914} INFO - Processing file /home/airflow/.local/lib/python3.12/site-packages/airflow/example_dags/example_kubernetes_executor.py for tasks to queue
[2025-05-21T23:36:02.246+0000] {logging_mixin.py:190} INFO - [2025-05-21T23:36:02.245+0000] {dagbag.py:588} INFO - Filling up the DagBag from /home/airflow/.local/lib/python3.12/site-packages/airflow/example_dags/example_kubernetes_executor.py
[2025-05-21T23:36:02.275+0000] {processor.py:925} INFO - DAG(s) 'example_kubernetes_executor' retrieved from /home/airflow/.local/lib/python3.12/site-packages/airflow/example_dags/example_kubernetes_executor.py
[2025-05-21T23:36:02.327+0000] {logging_mixin.py:190} INFO - [2025-05-21T23:36:02.326+0000] {dag.py:3239} INFO - Sync 1 DAGs
[2025-05-21T23:36:02.357+0000] {logging_mixin.py:190} INFO - [2025-05-21T23:36:02.357+0000] {dag.py:4180} INFO - Setting next_dagrun for example_kubernetes_executor to None, run_after=None
[2025-05-21T23:36:02.406+0000] {processor.py:208} INFO - Processing /home/airflow/.local/lib/python3.12/site-packages/airflow/example_dags/example_kubernetes_executor.py took 0.178 seconds
[2025-05-21T23:36:32.771+0000] {processor.py:186} INFO - Started process (PID=2782) to work on /home/airflow/.local/lib/python3.12/site-packages/airflow/example_dags/example_kubernetes_executor.py
[2025-05-21T23:36:32.773+0000] {processor.py:914} INFO - Processing file /home/airflow/.local/lib/python3.12/site-packages/airflow/example_dags/example_kubernetes_executor.py for tasks to queue
[2025-05-21T23:36:32.777+0000] {logging_mixin.py:190} INFO - [2025-05-21T23:36:32.776+0000] {dagbag.py:588} INFO - Filling up the DagBag from /home/airflow/.local/lib/python3.12/site-packages/airflow/example_dags/example_kubernetes_executor.py
[2025-05-21T23:36:32.809+0000] {processor.py:925} INFO - DAG(s) 'example_kubernetes_executor' retrieved from /home/airflow/.local/lib/python3.12/site-packages/airflow/example_dags/example_kubernetes_executor.py
[2025-05-21T23:36:32.868+0000] {logging_mixin.py:190} INFO - [2025-05-21T23:36:32.867+0000] {dag.py:3239} INFO - Sync 1 DAGs
[2025-05-21T23:36:32.905+0000] {logging_mixin.py:190} INFO - [2025-05-21T23:36:32.904+0000] {dag.py:4180} INFO - Setting next_dagrun for example_kubernetes_executor to None, run_after=None
[2025-05-21T23:36:32.950+0000] {processor.py:208} INFO - Processing /home/airflow/.local/lib/python3.12/site-packages/airflow/example_dags/example_kubernetes_executor.py took 0.190 seconds
[2025-05-21T23:37:03.123+0000] {processor.py:186} INFO - Started process (PID=2847) to work on /home/airflow/.local/lib/python3.12/site-packages/airflow/example_dags/example_kubernetes_executor.py
[2025-05-21T23:37:03.125+0000] {processor.py:914} INFO - Processing file /home/airflow/.local/lib/python3.12/site-packages/airflow/example_dags/example_kubernetes_executor.py for tasks to queue
[2025-05-21T23:37:03.129+0000] {logging_mixin.py:190} INFO - [2025-05-21T23:37:03.128+0000] {dagbag.py:588} INFO - Filling up the DagBag from /home/airflow/.local/lib/python3.12/site-packages/airflow/example_dags/example_kubernetes_executor.py
[2025-05-21T23:37:03.158+0000] {processor.py:925} INFO - DAG(s) 'example_kubernetes_executor' retrieved from /home/airflow/.local/lib/python3.12/site-packages/airflow/example_dags/example_kubernetes_executor.py
[2025-05-21T23:37:03.209+0000] {logging_mixin.py:190} INFO - [2025-05-21T23:37:03.209+0000] {dag.py:3239} INFO - Sync 1 DAGs
[2025-05-21T23:37:03.239+0000] {logging_mixin.py:190} INFO - [2025-05-21T23:37:03.239+0000] {dag.py:4180} INFO - Setting next_dagrun for example_kubernetes_executor to None, run_after=None
[2025-05-21T23:37:03.283+0000] {processor.py:208} INFO - Processing /home/airflow/.local/lib/python3.12/site-packages/airflow/example_dags/example_kubernetes_executor.py took 0.170 seconds
[2025-05-21T23:41:16.432+0000] {processor.py:186} INFO - Started process (PID=83) to work on /home/airflow/.local/lib/python3.12/site-packages/airflow/example_dags/example_kubernetes_executor.py
[2025-05-21T23:41:16.435+0000] {processor.py:914} INFO - Processing file /home/airflow/.local/lib/python3.12/site-packages/airflow/example_dags/example_kubernetes_executor.py for tasks to queue
[2025-05-21T23:41:16.443+0000] {logging_mixin.py:190} INFO - [2025-05-21T23:41:16.441+0000] {dagbag.py:588} INFO - Filling up the DagBag from /home/airflow/.local/lib/python3.12/site-packages/airflow/example_dags/example_kubernetes_executor.py
[2025-05-21T23:41:16.501+0000] {processor.py:925} INFO - DAG(s) 'example_kubernetes_executor' retrieved from /home/airflow/.local/lib/python3.12/site-packages/airflow/example_dags/example_kubernetes_executor.py
[2025-05-21T23:41:16.874+0000] {logging_mixin.py:190} INFO - [2025-05-21T23:41:16.873+0000] {override.py:1930} INFO - Created Permission View: can read on DAG:example_kubernetes_executor
[2025-05-21T23:41:16.900+0000] {logging_mixin.py:190} INFO - [2025-05-21T23:41:16.900+0000] {override.py:1930} INFO - Created Permission View: can delete on DAG:example_kubernetes_executor
[2025-05-21T23:41:16.918+0000] {logging_mixin.py:190} INFO - [2025-05-21T23:41:16.917+0000] {override.py:1930} INFO - Created Permission View: can edit on DAG:example_kubernetes_executor
[2025-05-21T23:41:16.939+0000] {logging_mixin.py:190} INFO - [2025-05-21T23:41:16.939+0000] {override.py:1930} INFO - Created Permission View: can read on DAG Run:example_kubernetes_executor
[2025-05-21T23:41:16.956+0000] {logging_mixin.py:190} INFO - [2025-05-21T23:41:16.955+0000] {override.py:1930} INFO - Created Permission View: can delete on DAG Run:example_kubernetes_executor
[2025-05-21T23:41:16.972+0000] {logging_mixin.py:190} INFO - [2025-05-21T23:41:16.972+0000] {override.py:1930} INFO - Created Permission View: menu access on DAG Run:example_kubernetes_executor
[2025-05-21T23:41:16.988+0000] {logging_mixin.py:190} INFO - [2025-05-21T23:41:16.987+0000] {override.py:1930} INFO - Created Permission View: can create on DAG Run:example_kubernetes_executor
[2025-05-21T23:41:16.989+0000] {logging_mixin.py:190} INFO - [2025-05-21T23:41:16.989+0000] {dag.py:3239} INFO - Sync 1 DAGs
[2025-05-21T23:41:17.028+0000] {logging_mixin.py:190} INFO - [2025-05-21T23:41:17.027+0000] {dag.py:3262} INFO - Creating ORM DAG for example_kubernetes_executor
[2025-05-21T23:41:17.030+0000] {logging_mixin.py:190} INFO - [2025-05-21T23:41:17.030+0000] {dag.py:4180} INFO - Setting next_dagrun for example_kubernetes_executor to None, run_after=None
[2025-05-21T23:41:17.074+0000] {processor.py:208} INFO - Processing /home/airflow/.local/lib/python3.12/site-packages/airflow/example_dags/example_kubernetes_executor.py took 0.661 seconds
[2025-05-21T23:41:47.205+0000] {processor.py:186} INFO - Started process (PID=149) to work on /home/airflow/.local/lib/python3.12/site-packages/airflow/example_dags/example_kubernetes_executor.py
[2025-05-21T23:41:47.207+0000] {processor.py:914} INFO - Processing file /home/airflow/.local/lib/python3.12/site-packages/airflow/example_dags/example_kubernetes_executor.py for tasks to queue
[2025-05-21T23:41:47.211+0000] {logging_mixin.py:190} INFO - [2025-05-21T23:41:47.210+0000] {dagbag.py:588} INFO - Filling up the DagBag from /home/airflow/.local/lib/python3.12/site-packages/airflow/example_dags/example_kubernetes_executor.py
[2025-05-21T23:41:47.237+0000] {processor.py:925} INFO - DAG(s) 'example_kubernetes_executor' retrieved from /home/airflow/.local/lib/python3.12/site-packages/airflow/example_dags/example_kubernetes_executor.py
[2025-05-21T23:41:47.286+0000] {logging_mixin.py:190} INFO - [2025-05-21T23:41:47.286+0000] {dag.py:3239} INFO - Sync 1 DAGs
[2025-05-21T23:41:47.315+0000] {logging_mixin.py:190} INFO - [2025-05-21T23:41:47.315+0000] {dag.py:4180} INFO - Setting next_dagrun for example_kubernetes_executor to None, run_after=None
[2025-05-21T23:41:47.388+0000] {processor.py:208} INFO - Processing /home/airflow/.local/lib/python3.12/site-packages/airflow/example_dags/example_kubernetes_executor.py took 0.194 seconds
[2025-05-21T23:42:18.013+0000] {processor.py:186} INFO - Started process (PID=215) to work on /home/airflow/.local/lib/python3.12/site-packages/airflow/example_dags/example_kubernetes_executor.py
[2025-05-21T23:42:18.015+0000] {processor.py:914} INFO - Processing file /home/airflow/.local/lib/python3.12/site-packages/airflow/example_dags/example_kubernetes_executor.py for tasks to queue
[2025-05-21T23:42:18.019+0000] {logging_mixin.py:190} INFO - [2025-05-21T23:42:18.018+0000] {dagbag.py:588} INFO - Filling up the DagBag from /home/airflow/.local/lib/python3.12/site-packages/airflow/example_dags/example_kubernetes_executor.py
[2025-05-21T23:42:18.048+0000] {processor.py:925} INFO - DAG(s) 'example_kubernetes_executor' retrieved from /home/airflow/.local/lib/python3.12/site-packages/airflow/example_dags/example_kubernetes_executor.py
[2025-05-21T23:42:18.100+0000] {logging_mixin.py:190} INFO - [2025-05-21T23:42:18.099+0000] {dag.py:3239} INFO - Sync 1 DAGs
[2025-05-21T23:42:18.129+0000] {logging_mixin.py:190} INFO - [2025-05-21T23:42:18.129+0000] {dag.py:4180} INFO - Setting next_dagrun for example_kubernetes_executor to None, run_after=None
[2025-05-21T23:42:18.184+0000] {processor.py:208} INFO - Processing /home/airflow/.local/lib/python3.12/site-packages/airflow/example_dags/example_kubernetes_executor.py took 0.184 seconds
[2025-05-21T23:42:48.460+0000] {processor.py:186} INFO - Started process (PID=281) to work on /home/airflow/.local/lib/python3.12/site-packages/airflow/example_dags/example_kubernetes_executor.py
[2025-05-21T23:42:48.462+0000] {processor.py:914} INFO - Processing file /home/airflow/.local/lib/python3.12/site-packages/airflow/example_dags/example_kubernetes_executor.py for tasks to queue
[2025-05-21T23:42:48.468+0000] {logging_mixin.py:190} INFO - [2025-05-21T23:42:48.468+0000] {dagbag.py:588} INFO - Filling up the DagBag from /home/airflow/.local/lib/python3.12/site-packages/airflow/example_dags/example_kubernetes_executor.py
[2025-05-21T23:42:48.539+0000] {processor.py:925} INFO - DAG(s) 'example_kubernetes_executor' retrieved from /home/airflow/.local/lib/python3.12/site-packages/airflow/example_dags/example_kubernetes_executor.py
[2025-05-21T23:42:48.594+0000] {logging_mixin.py:190} INFO - [2025-05-21T23:42:48.593+0000] {dag.py:3239} INFO - Sync 1 DAGs
[2025-05-21T23:42:48.624+0000] {logging_mixin.py:190} INFO - [2025-05-21T23:42:48.623+0000] {dag.py:4180} INFO - Setting next_dagrun for example_kubernetes_executor to None, run_after=None
[2025-05-21T23:42:48.664+0000] {processor.py:208} INFO - Processing /home/airflow/.local/lib/python3.12/site-packages/airflow/example_dags/example_kubernetes_executor.py took 0.217 seconds
[2025-05-21T23:43:19.546+0000] {processor.py:186} INFO - Started process (PID=347) to work on /home/airflow/.local/lib/python3.12/site-packages/airflow/example_dags/example_kubernetes_executor.py
[2025-05-21T23:43:19.548+0000] {processor.py:914} INFO - Processing file /home/airflow/.local/lib/python3.12/site-packages/airflow/example_dags/example_kubernetes_executor.py for tasks to queue
[2025-05-21T23:43:19.553+0000] {logging_mixin.py:190} INFO - [2025-05-21T23:43:19.552+0000] {dagbag.py:588} INFO - Filling up the DagBag from /home/airflow/.local/lib/python3.12/site-packages/airflow/example_dags/example_kubernetes_executor.py
[2025-05-21T23:43:19.583+0000] {processor.py:925} INFO - DAG(s) 'example_kubernetes_executor' retrieved from /home/airflow/.local/lib/python3.12/site-packages/airflow/example_dags/example_kubernetes_executor.py
[2025-05-21T23:43:19.633+0000] {logging_mixin.py:190} INFO - [2025-05-21T23:43:19.632+0000] {dag.py:3239} INFO - Sync 1 DAGs
[2025-05-21T23:43:19.663+0000] {logging_mixin.py:190} INFO - [2025-05-21T23:43:19.663+0000] {dag.py:4180} INFO - Setting next_dagrun for example_kubernetes_executor to None, run_after=None
[2025-05-21T23:43:19.702+0000] {processor.py:208} INFO - Processing /home/airflow/.local/lib/python3.12/site-packages/airflow/example_dags/example_kubernetes_executor.py took 0.167 seconds
[2025-05-21T23:43:49.855+0000] {processor.py:186} INFO - Started process (PID=413) to work on /home/airflow/.local/lib/python3.12/site-packages/airflow/example_dags/example_kubernetes_executor.py
[2025-05-21T23:43:49.857+0000] {processor.py:914} INFO - Processing file /home/airflow/.local/lib/python3.12/site-packages/airflow/example_dags/example_kubernetes_executor.py for tasks to queue
[2025-05-21T23:43:49.862+0000] {logging_mixin.py:190} INFO - [2025-05-21T23:43:49.861+0000] {dagbag.py:588} INFO - Filling up the DagBag from /home/airflow/.local/lib/python3.12/site-packages/airflow/example_dags/example_kubernetes_executor.py
[2025-05-21T23:43:49.901+0000] {processor.py:925} INFO - DAG(s) 'example_kubernetes_executor' retrieved from /home/airflow/.local/lib/python3.12/site-packages/airflow/example_dags/example_kubernetes_executor.py
[2025-05-21T23:43:49.963+0000] {logging_mixin.py:190} INFO - [2025-05-21T23:43:49.962+0000] {dag.py:3239} INFO - Sync 1 DAGs
[2025-05-21T23:43:49.993+0000] {logging_mixin.py:190} INFO - [2025-05-21T23:43:49.992+0000] {dag.py:4180} INFO - Setting next_dagrun for example_kubernetes_executor to None, run_after=None
[2025-05-21T23:43:50.036+0000] {processor.py:208} INFO - Processing /home/airflow/.local/lib/python3.12/site-packages/airflow/example_dags/example_kubernetes_executor.py took 0.191 seconds
[2025-05-21T23:44:20.758+0000] {processor.py:186} INFO - Started process (PID=479) to work on /home/airflow/.local/lib/python3.12/site-packages/airflow/example_dags/example_kubernetes_executor.py
[2025-05-21T23:44:20.761+0000] {processor.py:914} INFO - Processing file /home/airflow/.local/lib/python3.12/site-packages/airflow/example_dags/example_kubernetes_executor.py for tasks to queue
[2025-05-21T23:44:20.766+0000] {logging_mixin.py:190} INFO - [2025-05-21T23:44:20.765+0000] {dagbag.py:588} INFO - Filling up the DagBag from /home/airflow/.local/lib/python3.12/site-packages/airflow/example_dags/example_kubernetes_executor.py
[2025-05-21T23:44:20.798+0000] {processor.py:925} INFO - DAG(s) 'example_kubernetes_executor' retrieved from /home/airflow/.local/lib/python3.12/site-packages/airflow/example_dags/example_kubernetes_executor.py
[2025-05-21T23:44:20.865+0000] {logging_mixin.py:190} INFO - [2025-05-21T23:44:20.865+0000] {dag.py:3239} INFO - Sync 1 DAGs
[2025-05-21T23:44:20.902+0000] {logging_mixin.py:190} INFO - [2025-05-21T23:44:20.901+0000] {dag.py:4180} INFO - Setting next_dagrun for example_kubernetes_executor to None, run_after=None
[2025-05-21T23:44:20.984+0000] {processor.py:208} INFO - Processing /home/airflow/.local/lib/python3.12/site-packages/airflow/example_dags/example_kubernetes_executor.py took 0.238 seconds
[2025-05-21T23:44:51.930+0000] {processor.py:186} INFO - Started process (PID=545) to work on /home/airflow/.local/lib/python3.12/site-packages/airflow/example_dags/example_kubernetes_executor.py
[2025-05-21T23:44:51.932+0000] {processor.py:914} INFO - Processing file /home/airflow/.local/lib/python3.12/site-packages/airflow/example_dags/example_kubernetes_executor.py for tasks to queue
[2025-05-21T23:44:51.937+0000] {logging_mixin.py:190} INFO - [2025-05-21T23:44:51.936+0000] {dagbag.py:588} INFO - Filling up the DagBag from /home/airflow/.local/lib/python3.12/site-packages/airflow/example_dags/example_kubernetes_executor.py
[2025-05-21T23:44:51.968+0000] {processor.py:925} INFO - DAG(s) 'example_kubernetes_executor' retrieved from /home/airflow/.local/lib/python3.12/site-packages/airflow/example_dags/example_kubernetes_executor.py
[2025-05-21T23:44:52.026+0000] {logging_mixin.py:190} INFO - [2025-05-21T23:44:52.026+0000] {dag.py:3239} INFO - Sync 1 DAGs
[2025-05-21T23:44:52.058+0000] {logging_mixin.py:190} INFO - [2025-05-21T23:44:52.058+0000] {dag.py:4180} INFO - Setting next_dagrun for example_kubernetes_executor to None, run_after=None
[2025-05-21T23:44:52.098+0000] {processor.py:208} INFO - Processing /home/airflow/.local/lib/python3.12/site-packages/airflow/example_dags/example_kubernetes_executor.py took 0.181 seconds
