[2025-05-21T23:15:54.651+0000] {processor.py:186} INFO - Started process (PID=129) to work on /home/airflow/.local/lib/python3.12/site-packages/airflow/example_dags/tutorial_dag.py
[2025-05-21T23:15:54.653+0000] {processor.py:914} INFO - Processing file /home/airflow/.local/lib/python3.12/site-packages/airflow/example_dags/tutorial_dag.py for tasks to queue
[2025-05-21T23:15:54.658+0000] {logging_mixin.py:190} INFO - [2025-05-21T23:15:54.657+0000] {dagbag.py:588} INFO - Filling up the DagBag from /home/airflow/.local/lib/python3.12/site-packages/airflow/example_dags/tutorial_dag.py
[2025-05-21T23:15:54.678+0000] {processor.py:925} INFO - DAG(s) 'tutorial_dag' retrieved from /home/airflow/.local/lib/python3.12/site-packages/airflow/example_dags/tutorial_dag.py
[2025-05-21T23:15:54.930+0000] {logging_mixin.py:190} INFO - [2025-05-21T23:15:54.929+0000] {override.py:1930} INFO - Created Permission View: can delete on DAG:tutorial_dag
[2025-05-21T23:15:54.958+0000] {logging_mixin.py:190} INFO - [2025-05-21T23:15:54.957+0000] {override.py:1930} INFO - Created Permission View: can read on DAG:tutorial_dag
[2025-05-21T23:15:54.974+0000] {logging_mixin.py:190} INFO - [2025-05-21T23:15:54.973+0000] {override.py:1930} INFO - Created Permission View: can edit on DAG:tutorial_dag
[2025-05-21T23:15:54.994+0000] {logging_mixin.py:190} INFO - [2025-05-21T23:15:54.993+0000] {override.py:1930} INFO - Created Permission View: can delete on DAG Run:tutorial_dag
[2025-05-21T23:15:55.010+0000] {logging_mixin.py:190} INFO - [2025-05-21T23:15:55.009+0000] {override.py:1930} INFO - Created Permission View: can read on DAG Run:tutorial_dag
[2025-05-21T23:15:55.026+0000] {logging_mixin.py:190} INFO - [2025-05-21T23:15:55.026+0000] {override.py:1930} INFO - Created Permission View: menu access on DAG Run:tutorial_dag
[2025-05-21T23:15:55.044+0000] {logging_mixin.py:190} INFO - [2025-05-21T23:15:55.043+0000] {override.py:1930} INFO - Created Permission View: can create on DAG Run:tutorial_dag
[2025-05-21T23:15:55.045+0000] {logging_mixin.py:190} INFO - [2025-05-21T23:15:55.045+0000] {dag.py:3239} INFO - Sync 1 DAGs
[2025-05-21T23:15:55.086+0000] {logging_mixin.py:190} INFO - [2025-05-21T23:15:55.086+0000] {dag.py:3262} INFO - Creating ORM DAG for tutorial_dag
[2025-05-21T23:15:55.088+0000] {logging_mixin.py:190} INFO - [2025-05-21T23:15:55.088+0000] {dag.py:4180} INFO - Setting next_dagrun for tutorial_dag to None, run_after=None
[2025-05-21T23:15:55.127+0000] {processor.py:208} INFO - Processing /home/airflow/.local/lib/python3.12/site-packages/airflow/example_dags/tutorial_dag.py took 0.490 seconds
[2025-05-21T23:16:25.386+0000] {processor.py:186} INFO - Started process (PID=195) to work on /home/airflow/.local/lib/python3.12/site-packages/airflow/example_dags/tutorial_dag.py
[2025-05-21T23:16:25.388+0000] {processor.py:914} INFO - Processing file /home/airflow/.local/lib/python3.12/site-packages/airflow/example_dags/tutorial_dag.py for tasks to queue
[2025-05-21T23:16:25.393+0000] {logging_mixin.py:190} INFO - [2025-05-21T23:16:25.392+0000] {dagbag.py:588} INFO - Filling up the DagBag from /home/airflow/.local/lib/python3.12/site-packages/airflow/example_dags/tutorial_dag.py
[2025-05-21T23:16:25.407+0000] {processor.py:925} INFO - DAG(s) 'tutorial_dag' retrieved from /home/airflow/.local/lib/python3.12/site-packages/airflow/example_dags/tutorial_dag.py
[2025-05-21T23:16:25.447+0000] {logging_mixin.py:190} INFO - [2025-05-21T23:16:25.446+0000] {dag.py:3239} INFO - Sync 1 DAGs
[2025-05-21T23:16:25.476+0000] {logging_mixin.py:190} INFO - [2025-05-21T23:16:25.475+0000] {dag.py:4180} INFO - Setting next_dagrun for tutorial_dag to None, run_after=None
[2025-05-21T23:16:25.518+0000] {processor.py:208} INFO - Processing /home/airflow/.local/lib/python3.12/site-packages/airflow/example_dags/tutorial_dag.py took 0.144 seconds
[2025-05-21T23:16:56.491+0000] {processor.py:186} INFO - Started process (PID=265) to work on /home/airflow/.local/lib/python3.12/site-packages/airflow/example_dags/tutorial_dag.py
[2025-05-21T23:16:56.493+0000] {processor.py:914} INFO - Processing file /home/airflow/.local/lib/python3.12/site-packages/airflow/example_dags/tutorial_dag.py for tasks to queue
[2025-05-21T23:16:56.498+0000] {logging_mixin.py:190} INFO - [2025-05-21T23:16:56.497+0000] {dagbag.py:588} INFO - Filling up the DagBag from /home/airflow/.local/lib/python3.12/site-packages/airflow/example_dags/tutorial_dag.py
[2025-05-21T23:16:56.514+0000] {processor.py:925} INFO - DAG(s) 'tutorial_dag' retrieved from /home/airflow/.local/lib/python3.12/site-packages/airflow/example_dags/tutorial_dag.py
[2025-05-21T23:16:56.559+0000] {logging_mixin.py:190} INFO - [2025-05-21T23:16:56.558+0000] {dag.py:3239} INFO - Sync 1 DAGs
[2025-05-21T23:16:56.598+0000] {logging_mixin.py:190} INFO - [2025-05-21T23:16:56.597+0000] {dag.py:4180} INFO - Setting next_dagrun for tutorial_dag to None, run_after=None
[2025-05-21T23:16:56.641+0000] {processor.py:208} INFO - Processing /home/airflow/.local/lib/python3.12/site-packages/airflow/example_dags/tutorial_dag.py took 0.164 seconds
[2025-05-21T23:17:26.790+0000] {processor.py:186} INFO - Started process (PID=330) to work on /home/airflow/.local/lib/python3.12/site-packages/airflow/example_dags/tutorial_dag.py
[2025-05-21T23:17:26.792+0000] {processor.py:914} INFO - Processing file /home/airflow/.local/lib/python3.12/site-packages/airflow/example_dags/tutorial_dag.py for tasks to queue
[2025-05-21T23:17:26.797+0000] {logging_mixin.py:190} INFO - [2025-05-21T23:17:26.796+0000] {dagbag.py:588} INFO - Filling up the DagBag from /home/airflow/.local/lib/python3.12/site-packages/airflow/example_dags/tutorial_dag.py
[2025-05-21T23:17:26.812+0000] {processor.py:925} INFO - DAG(s) 'tutorial_dag' retrieved from /home/airflow/.local/lib/python3.12/site-packages/airflow/example_dags/tutorial_dag.py
[2025-05-21T23:17:26.859+0000] {logging_mixin.py:190} INFO - [2025-05-21T23:17:26.858+0000] {dag.py:3239} INFO - Sync 1 DAGs
[2025-05-21T23:17:26.894+0000] {logging_mixin.py:190} INFO - [2025-05-21T23:17:26.894+0000] {dag.py:4180} INFO - Setting next_dagrun for tutorial_dag to None, run_after=None
[2025-05-21T23:17:26.950+0000] {processor.py:208} INFO - Processing /home/airflow/.local/lib/python3.12/site-packages/airflow/example_dags/tutorial_dag.py took 0.174 seconds
[2025-05-21T23:17:57.528+0000] {processor.py:186} INFO - Started process (PID=396) to work on /home/airflow/.local/lib/python3.12/site-packages/airflow/example_dags/tutorial_dag.py
[2025-05-21T23:17:57.531+0000] {processor.py:914} INFO - Processing file /home/airflow/.local/lib/python3.12/site-packages/airflow/example_dags/tutorial_dag.py for tasks to queue
[2025-05-21T23:17:57.535+0000] {logging_mixin.py:190} INFO - [2025-05-21T23:17:57.534+0000] {dagbag.py:588} INFO - Filling up the DagBag from /home/airflow/.local/lib/python3.12/site-packages/airflow/example_dags/tutorial_dag.py
[2025-05-21T23:17:57.549+0000] {processor.py:925} INFO - DAG(s) 'tutorial_dag' retrieved from /home/airflow/.local/lib/python3.12/site-packages/airflow/example_dags/tutorial_dag.py
[2025-05-21T23:17:57.591+0000] {logging_mixin.py:190} INFO - [2025-05-21T23:17:57.590+0000] {dag.py:3239} INFO - Sync 1 DAGs
[2025-05-21T23:17:57.621+0000] {logging_mixin.py:190} INFO - [2025-05-21T23:17:57.620+0000] {dag.py:4180} INFO - Setting next_dagrun for tutorial_dag to None, run_after=None
[2025-05-21T23:17:57.667+0000] {processor.py:208} INFO - Processing /home/airflow/.local/lib/python3.12/site-packages/airflow/example_dags/tutorial_dag.py took 0.149 seconds
[2025-05-21T23:18:28.155+0000] {processor.py:186} INFO - Started process (PID=462) to work on /home/airflow/.local/lib/python3.12/site-packages/airflow/example_dags/tutorial_dag.py
[2025-05-21T23:18:28.157+0000] {processor.py:914} INFO - Processing file /home/airflow/.local/lib/python3.12/site-packages/airflow/example_dags/tutorial_dag.py for tasks to queue
[2025-05-21T23:18:28.161+0000] {logging_mixin.py:190} INFO - [2025-05-21T23:18:28.160+0000] {dagbag.py:588} INFO - Filling up the DagBag from /home/airflow/.local/lib/python3.12/site-packages/airflow/example_dags/tutorial_dag.py
[2025-05-21T23:18:28.175+0000] {processor.py:925} INFO - DAG(s) 'tutorial_dag' retrieved from /home/airflow/.local/lib/python3.12/site-packages/airflow/example_dags/tutorial_dag.py
[2025-05-21T23:18:28.222+0000] {logging_mixin.py:190} INFO - [2025-05-21T23:18:28.221+0000] {dag.py:3239} INFO - Sync 1 DAGs
[2025-05-21T23:18:28.254+0000] {logging_mixin.py:190} INFO - [2025-05-21T23:18:28.253+0000] {dag.py:4180} INFO - Setting next_dagrun for tutorial_dag to None, run_after=None
[2025-05-21T23:18:28.364+0000] {processor.py:208} INFO - Processing /home/airflow/.local/lib/python3.12/site-packages/airflow/example_dags/tutorial_dag.py took 0.220 seconds
[2025-05-21T23:18:58.518+0000] {processor.py:186} INFO - Started process (PID=527) to work on /home/airflow/.local/lib/python3.12/site-packages/airflow/example_dags/tutorial_dag.py
[2025-05-21T23:18:58.520+0000] {processor.py:914} INFO - Processing file /home/airflow/.local/lib/python3.12/site-packages/airflow/example_dags/tutorial_dag.py for tasks to queue
[2025-05-21T23:18:58.525+0000] {logging_mixin.py:190} INFO - [2025-05-21T23:18:58.524+0000] {dagbag.py:588} INFO - Filling up the DagBag from /home/airflow/.local/lib/python3.12/site-packages/airflow/example_dags/tutorial_dag.py
[2025-05-21T23:18:58.538+0000] {processor.py:925} INFO - DAG(s) 'tutorial_dag' retrieved from /home/airflow/.local/lib/python3.12/site-packages/airflow/example_dags/tutorial_dag.py
[2025-05-21T23:18:58.577+0000] {logging_mixin.py:190} INFO - [2025-05-21T23:18:58.577+0000] {dag.py:3239} INFO - Sync 1 DAGs
[2025-05-21T23:18:58.607+0000] {logging_mixin.py:190} INFO - [2025-05-21T23:18:58.607+0000] {dag.py:4180} INFO - Setting next_dagrun for tutorial_dag to None, run_after=None
[2025-05-21T23:18:58.708+0000] {processor.py:208} INFO - Processing /home/airflow/.local/lib/python3.12/site-packages/airflow/example_dags/tutorial_dag.py took 0.200 seconds
[2025-05-21T23:19:29.087+0000] {processor.py:186} INFO - Started process (PID=593) to work on /home/airflow/.local/lib/python3.12/site-packages/airflow/example_dags/tutorial_dag.py
[2025-05-21T23:19:29.089+0000] {processor.py:914} INFO - Processing file /home/airflow/.local/lib/python3.12/site-packages/airflow/example_dags/tutorial_dag.py for tasks to queue
[2025-05-21T23:19:29.093+0000] {logging_mixin.py:190} INFO - [2025-05-21T23:19:29.093+0000] {dagbag.py:588} INFO - Filling up the DagBag from /home/airflow/.local/lib/python3.12/site-packages/airflow/example_dags/tutorial_dag.py
[2025-05-21T23:19:29.107+0000] {processor.py:925} INFO - DAG(s) 'tutorial_dag' retrieved from /home/airflow/.local/lib/python3.12/site-packages/airflow/example_dags/tutorial_dag.py
[2025-05-21T23:19:29.148+0000] {logging_mixin.py:190} INFO - [2025-05-21T23:19:29.148+0000] {dag.py:3239} INFO - Sync 1 DAGs
[2025-05-21T23:19:29.181+0000] {logging_mixin.py:190} INFO - [2025-05-21T23:19:29.180+0000] {dag.py:4180} INFO - Setting next_dagrun for tutorial_dag to None, run_after=None
[2025-05-21T23:19:29.271+0000] {processor.py:208} INFO - Processing /home/airflow/.local/lib/python3.12/site-packages/airflow/example_dags/tutorial_dag.py took 0.194 seconds
[2025-05-21T23:19:59.766+0000] {processor.py:186} INFO - Started process (PID=659) to work on /home/airflow/.local/lib/python3.12/site-packages/airflow/example_dags/tutorial_dag.py
[2025-05-21T23:19:59.768+0000] {processor.py:914} INFO - Processing file /home/airflow/.local/lib/python3.12/site-packages/airflow/example_dags/tutorial_dag.py for tasks to queue
[2025-05-21T23:19:59.773+0000] {logging_mixin.py:190} INFO - [2025-05-21T23:19:59.772+0000] {dagbag.py:588} INFO - Filling up the DagBag from /home/airflow/.local/lib/python3.12/site-packages/airflow/example_dags/tutorial_dag.py
[2025-05-21T23:19:59.787+0000] {processor.py:925} INFO - DAG(s) 'tutorial_dag' retrieved from /home/airflow/.local/lib/python3.12/site-packages/airflow/example_dags/tutorial_dag.py
[2025-05-21T23:19:59.827+0000] {logging_mixin.py:190} INFO - [2025-05-21T23:19:59.826+0000] {dag.py:3239} INFO - Sync 1 DAGs
[2025-05-21T23:19:59.859+0000] {logging_mixin.py:190} INFO - [2025-05-21T23:19:59.858+0000] {dag.py:4180} INFO - Setting next_dagrun for tutorial_dag to None, run_after=None
[2025-05-21T23:19:59.961+0000] {processor.py:208} INFO - Processing /home/airflow/.local/lib/python3.12/site-packages/airflow/example_dags/tutorial_dag.py took 0.206 seconds
[2025-05-21T23:20:30.468+0000] {processor.py:186} INFO - Started process (PID=725) to work on /home/airflow/.local/lib/python3.12/site-packages/airflow/example_dags/tutorial_dag.py
[2025-05-21T23:20:30.470+0000] {processor.py:914} INFO - Processing file /home/airflow/.local/lib/python3.12/site-packages/airflow/example_dags/tutorial_dag.py for tasks to queue
[2025-05-21T23:20:30.474+0000] {logging_mixin.py:190} INFO - [2025-05-21T23:20:30.473+0000] {dagbag.py:588} INFO - Filling up the DagBag from /home/airflow/.local/lib/python3.12/site-packages/airflow/example_dags/tutorial_dag.py
[2025-05-21T23:20:30.487+0000] {processor.py:925} INFO - DAG(s) 'tutorial_dag' retrieved from /home/airflow/.local/lib/python3.12/site-packages/airflow/example_dags/tutorial_dag.py
[2025-05-21T23:20:30.527+0000] {logging_mixin.py:190} INFO - [2025-05-21T23:20:30.526+0000] {dag.py:3239} INFO - Sync 1 DAGs
[2025-05-21T23:20:30.556+0000] {logging_mixin.py:190} INFO - [2025-05-21T23:20:30.555+0000] {dag.py:4180} INFO - Setting next_dagrun for tutorial_dag to None, run_after=None
[2025-05-21T23:20:30.655+0000] {processor.py:208} INFO - Processing /home/airflow/.local/lib/python3.12/site-packages/airflow/example_dags/tutorial_dag.py took 0.199 seconds
[2025-05-21T23:21:01.017+0000] {processor.py:186} INFO - Started process (PID=792) to work on /home/airflow/.local/lib/python3.12/site-packages/airflow/example_dags/tutorial_dag.py
[2025-05-21T23:21:01.019+0000] {processor.py:914} INFO - Processing file /home/airflow/.local/lib/python3.12/site-packages/airflow/example_dags/tutorial_dag.py for tasks to queue
[2025-05-21T23:21:01.025+0000] {logging_mixin.py:190} INFO - [2025-05-21T23:21:01.024+0000] {dagbag.py:588} INFO - Filling up the DagBag from /home/airflow/.local/lib/python3.12/site-packages/airflow/example_dags/tutorial_dag.py
[2025-05-21T23:21:01.040+0000] {processor.py:925} INFO - DAG(s) 'tutorial_dag' retrieved from /home/airflow/.local/lib/python3.12/site-packages/airflow/example_dags/tutorial_dag.py
[2025-05-21T23:21:01.089+0000] {logging_mixin.py:190} INFO - [2025-05-21T23:21:01.088+0000] {dag.py:3239} INFO - Sync 1 DAGs
[2025-05-21T23:21:01.129+0000] {logging_mixin.py:190} INFO - [2025-05-21T23:21:01.128+0000] {dag.py:4180} INFO - Setting next_dagrun for tutorial_dag to None, run_after=None
[2025-05-21T23:21:01.180+0000] {processor.py:208} INFO - Processing /home/airflow/.local/lib/python3.12/site-packages/airflow/example_dags/tutorial_dag.py took 0.178 seconds
[2025-05-21T23:21:32.186+0000] {processor.py:186} INFO - Started process (PID=857) to work on /home/airflow/.local/lib/python3.12/site-packages/airflow/example_dags/tutorial_dag.py
[2025-05-21T23:21:32.188+0000] {processor.py:914} INFO - Processing file /home/airflow/.local/lib/python3.12/site-packages/airflow/example_dags/tutorial_dag.py for tasks to queue
[2025-05-21T23:21:32.193+0000] {logging_mixin.py:190} INFO - [2025-05-21T23:21:32.192+0000] {dagbag.py:588} INFO - Filling up the DagBag from /home/airflow/.local/lib/python3.12/site-packages/airflow/example_dags/tutorial_dag.py
[2025-05-21T23:21:32.207+0000] {processor.py:925} INFO - DAG(s) 'tutorial_dag' retrieved from /home/airflow/.local/lib/python3.12/site-packages/airflow/example_dags/tutorial_dag.py
[2025-05-21T23:21:32.248+0000] {logging_mixin.py:190} INFO - [2025-05-21T23:21:32.248+0000] {dag.py:3239} INFO - Sync 1 DAGs
[2025-05-21T23:21:32.280+0000] {logging_mixin.py:190} INFO - [2025-05-21T23:21:32.279+0000] {dag.py:4180} INFO - Setting next_dagrun for tutorial_dag to None, run_after=None
[2025-05-21T23:21:32.382+0000] {processor.py:208} INFO - Processing /home/airflow/.local/lib/python3.12/site-packages/airflow/example_dags/tutorial_dag.py took 0.209 seconds
[2025-05-21T23:22:03.485+0000] {processor.py:186} INFO - Started process (PID=924) to work on /home/airflow/.local/lib/python3.12/site-packages/airflow/example_dags/tutorial_dag.py
[2025-05-21T23:22:03.487+0000] {processor.py:914} INFO - Processing file /home/airflow/.local/lib/python3.12/site-packages/airflow/example_dags/tutorial_dag.py for tasks to queue
[2025-05-21T23:22:03.491+0000] {logging_mixin.py:190} INFO - [2025-05-21T23:22:03.490+0000] {dagbag.py:588} INFO - Filling up the DagBag from /home/airflow/.local/lib/python3.12/site-packages/airflow/example_dags/tutorial_dag.py
[2025-05-21T23:22:03.507+0000] {processor.py:925} INFO - DAG(s) 'tutorial_dag' retrieved from /home/airflow/.local/lib/python3.12/site-packages/airflow/example_dags/tutorial_dag.py
[2025-05-21T23:22:03.550+0000] {logging_mixin.py:190} INFO - [2025-05-21T23:22:03.549+0000] {dag.py:3239} INFO - Sync 1 DAGs
[2025-05-21T23:22:03.586+0000] {logging_mixin.py:190} INFO - [2025-05-21T23:22:03.585+0000] {dag.py:4180} INFO - Setting next_dagrun for tutorial_dag to None, run_after=None
[2025-05-21T23:22:03.633+0000] {processor.py:208} INFO - Processing /home/airflow/.local/lib/python3.12/site-packages/airflow/example_dags/tutorial_dag.py took 0.158 seconds
[2025-05-21T23:22:33.891+0000] {processor.py:186} INFO - Started process (PID=990) to work on /home/airflow/.local/lib/python3.12/site-packages/airflow/example_dags/tutorial_dag.py
[2025-05-21T23:22:33.893+0000] {processor.py:914} INFO - Processing file /home/airflow/.local/lib/python3.12/site-packages/airflow/example_dags/tutorial_dag.py for tasks to queue
[2025-05-21T23:22:33.898+0000] {logging_mixin.py:190} INFO - [2025-05-21T23:22:33.897+0000] {dagbag.py:588} INFO - Filling up the DagBag from /home/airflow/.local/lib/python3.12/site-packages/airflow/example_dags/tutorial_dag.py
[2025-05-21T23:22:33.912+0000] {processor.py:925} INFO - DAG(s) 'tutorial_dag' retrieved from /home/airflow/.local/lib/python3.12/site-packages/airflow/example_dags/tutorial_dag.py
[2025-05-21T23:22:33.955+0000] {logging_mixin.py:190} INFO - [2025-05-21T23:22:33.954+0000] {dag.py:3239} INFO - Sync 1 DAGs
[2025-05-21T23:22:33.986+0000] {logging_mixin.py:190} INFO - [2025-05-21T23:22:33.985+0000] {dag.py:4180} INFO - Setting next_dagrun for tutorial_dag to None, run_after=None
[2025-05-21T23:22:34.094+0000] {processor.py:208} INFO - Processing /home/airflow/.local/lib/python3.12/site-packages/airflow/example_dags/tutorial_dag.py took 0.214 seconds
[2025-05-21T23:23:04.524+0000] {processor.py:186} INFO - Started process (PID=1055) to work on /home/airflow/.local/lib/python3.12/site-packages/airflow/example_dags/tutorial_dag.py
[2025-05-21T23:23:04.527+0000] {processor.py:914} INFO - Processing file /home/airflow/.local/lib/python3.12/site-packages/airflow/example_dags/tutorial_dag.py for tasks to queue
[2025-05-21T23:23:04.531+0000] {logging_mixin.py:190} INFO - [2025-05-21T23:23:04.530+0000] {dagbag.py:588} INFO - Filling up the DagBag from /home/airflow/.local/lib/python3.12/site-packages/airflow/example_dags/tutorial_dag.py
[2025-05-21T23:23:04.545+0000] {processor.py:925} INFO - DAG(s) 'tutorial_dag' retrieved from /home/airflow/.local/lib/python3.12/site-packages/airflow/example_dags/tutorial_dag.py
[2025-05-21T23:23:04.587+0000] {logging_mixin.py:190} INFO - [2025-05-21T23:23:04.587+0000] {dag.py:3239} INFO - Sync 1 DAGs
[2025-05-21T23:23:04.619+0000] {logging_mixin.py:190} INFO - [2025-05-21T23:23:04.619+0000] {dag.py:4180} INFO - Setting next_dagrun for tutorial_dag to None, run_after=None
[2025-05-21T23:23:04.727+0000] {processor.py:208} INFO - Processing /home/airflow/.local/lib/python3.12/site-packages/airflow/example_dags/tutorial_dag.py took 0.213 seconds
[2025-05-21T23:23:35.178+0000] {processor.py:186} INFO - Started process (PID=1121) to work on /home/airflow/.local/lib/python3.12/site-packages/airflow/example_dags/tutorial_dag.py
[2025-05-21T23:23:35.180+0000] {processor.py:914} INFO - Processing file /home/airflow/.local/lib/python3.12/site-packages/airflow/example_dags/tutorial_dag.py for tasks to queue
[2025-05-21T23:23:35.185+0000] {logging_mixin.py:190} INFO - [2025-05-21T23:23:35.185+0000] {dagbag.py:588} INFO - Filling up the DagBag from /home/airflow/.local/lib/python3.12/site-packages/airflow/example_dags/tutorial_dag.py
[2025-05-21T23:23:35.202+0000] {processor.py:925} INFO - DAG(s) 'tutorial_dag' retrieved from /home/airflow/.local/lib/python3.12/site-packages/airflow/example_dags/tutorial_dag.py
[2025-05-21T23:23:35.251+0000] {logging_mixin.py:190} INFO - [2025-05-21T23:23:35.251+0000] {dag.py:3239} INFO - Sync 1 DAGs
[2025-05-21T23:23:35.283+0000] {logging_mixin.py:190} INFO - [2025-05-21T23:23:35.283+0000] {dag.py:4180} INFO - Setting next_dagrun for tutorial_dag to None, run_after=None
[2025-05-21T23:23:35.333+0000] {processor.py:208} INFO - Processing /home/airflow/.local/lib/python3.12/site-packages/airflow/example_dags/tutorial_dag.py took 0.168 seconds
[2025-05-21T23:24:05.727+0000] {processor.py:186} INFO - Started process (PID=1187) to work on /home/airflow/.local/lib/python3.12/site-packages/airflow/example_dags/tutorial_dag.py
[2025-05-21T23:24:05.729+0000] {processor.py:914} INFO - Processing file /home/airflow/.local/lib/python3.12/site-packages/airflow/example_dags/tutorial_dag.py for tasks to queue
[2025-05-21T23:24:05.733+0000] {logging_mixin.py:190} INFO - [2025-05-21T23:24:05.733+0000] {dagbag.py:588} INFO - Filling up the DagBag from /home/airflow/.local/lib/python3.12/site-packages/airflow/example_dags/tutorial_dag.py
[2025-05-21T23:24:05.746+0000] {processor.py:925} INFO - DAG(s) 'tutorial_dag' retrieved from /home/airflow/.local/lib/python3.12/site-packages/airflow/example_dags/tutorial_dag.py
[2025-05-21T23:24:05.787+0000] {logging_mixin.py:190} INFO - [2025-05-21T23:24:05.787+0000] {dag.py:3239} INFO - Sync 1 DAGs
[2025-05-21T23:24:05.821+0000] {logging_mixin.py:190} INFO - [2025-05-21T23:24:05.820+0000] {dag.py:4180} INFO - Setting next_dagrun for tutorial_dag to None, run_after=None
[2025-05-21T23:24:05.921+0000] {processor.py:208} INFO - Processing /home/airflow/.local/lib/python3.12/site-packages/airflow/example_dags/tutorial_dag.py took 0.204 seconds
[2025-05-21T23:24:36.753+0000] {processor.py:186} INFO - Started process (PID=1253) to work on /home/airflow/.local/lib/python3.12/site-packages/airflow/example_dags/tutorial_dag.py
[2025-05-21T23:24:36.756+0000] {processor.py:914} INFO - Processing file /home/airflow/.local/lib/python3.12/site-packages/airflow/example_dags/tutorial_dag.py for tasks to queue
[2025-05-21T23:24:36.761+0000] {logging_mixin.py:190} INFO - [2025-05-21T23:24:36.761+0000] {dagbag.py:588} INFO - Filling up the DagBag from /home/airflow/.local/lib/python3.12/site-packages/airflow/example_dags/tutorial_dag.py
[2025-05-21T23:24:36.780+0000] {processor.py:925} INFO - DAG(s) 'tutorial_dag' retrieved from /home/airflow/.local/lib/python3.12/site-packages/airflow/example_dags/tutorial_dag.py
[2025-05-21T23:24:36.828+0000] {logging_mixin.py:190} INFO - [2025-05-21T23:24:36.828+0000] {dag.py:3239} INFO - Sync 1 DAGs
[2025-05-21T23:24:36.862+0000] {logging_mixin.py:190} INFO - [2025-05-21T23:24:36.862+0000] {dag.py:4180} INFO - Setting next_dagrun for tutorial_dag to None, run_after=None
[2025-05-21T23:24:36.968+0000] {processor.py:208} INFO - Processing /home/airflow/.local/lib/python3.12/site-packages/airflow/example_dags/tutorial_dag.py took 0.228 seconds
[2025-05-21T23:25:07.893+0000] {processor.py:186} INFO - Started process (PID=1320) to work on /home/airflow/.local/lib/python3.12/site-packages/airflow/example_dags/tutorial_dag.py
[2025-05-21T23:25:07.896+0000] {processor.py:914} INFO - Processing file /home/airflow/.local/lib/python3.12/site-packages/airflow/example_dags/tutorial_dag.py for tasks to queue
[2025-05-21T23:25:07.901+0000] {logging_mixin.py:190} INFO - [2025-05-21T23:25:07.900+0000] {dagbag.py:588} INFO - Filling up the DagBag from /home/airflow/.local/lib/python3.12/site-packages/airflow/example_dags/tutorial_dag.py
[2025-05-21T23:25:07.918+0000] {processor.py:925} INFO - DAG(s) 'tutorial_dag' retrieved from /home/airflow/.local/lib/python3.12/site-packages/airflow/example_dags/tutorial_dag.py
[2025-05-21T23:25:07.962+0000] {logging_mixin.py:190} INFO - [2025-05-21T23:25:07.962+0000] {dag.py:3239} INFO - Sync 1 DAGs
[2025-05-21T23:25:08.000+0000] {logging_mixin.py:190} INFO - [2025-05-21T23:25:08.000+0000] {dag.py:4180} INFO - Setting next_dagrun for tutorial_dag to None, run_after=None
[2025-05-21T23:25:08.119+0000] {processor.py:208} INFO - Processing /home/airflow/.local/lib/python3.12/site-packages/airflow/example_dags/tutorial_dag.py took 0.240 seconds
[2025-05-21T23:25:39.080+0000] {processor.py:186} INFO - Started process (PID=1386) to work on /home/airflow/.local/lib/python3.12/site-packages/airflow/example_dags/tutorial_dag.py
[2025-05-21T23:25:39.083+0000] {processor.py:914} INFO - Processing file /home/airflow/.local/lib/python3.12/site-packages/airflow/example_dags/tutorial_dag.py for tasks to queue
[2025-05-21T23:25:39.087+0000] {logging_mixin.py:190} INFO - [2025-05-21T23:25:39.086+0000] {dagbag.py:588} INFO - Filling up the DagBag from /home/airflow/.local/lib/python3.12/site-packages/airflow/example_dags/tutorial_dag.py
[2025-05-21T23:25:39.101+0000] {processor.py:925} INFO - DAG(s) 'tutorial_dag' retrieved from /home/airflow/.local/lib/python3.12/site-packages/airflow/example_dags/tutorial_dag.py
[2025-05-21T23:25:39.142+0000] {logging_mixin.py:190} INFO - [2025-05-21T23:25:39.141+0000] {dag.py:3239} INFO - Sync 1 DAGs
[2025-05-21T23:25:39.174+0000] {logging_mixin.py:190} INFO - [2025-05-21T23:25:39.174+0000] {dag.py:4180} INFO - Setting next_dagrun for tutorial_dag to None, run_after=None
[2025-05-21T23:25:39.286+0000] {processor.py:208} INFO - Processing /home/airflow/.local/lib/python3.12/site-packages/airflow/example_dags/tutorial_dag.py took 0.216 seconds
[2025-05-21T23:26:09.577+0000] {processor.py:186} INFO - Started process (PID=1451) to work on /home/airflow/.local/lib/python3.12/site-packages/airflow/example_dags/tutorial_dag.py
[2025-05-21T23:26:09.579+0000] {processor.py:914} INFO - Processing file /home/airflow/.local/lib/python3.12/site-packages/airflow/example_dags/tutorial_dag.py for tasks to queue
[2025-05-21T23:26:09.583+0000] {logging_mixin.py:190} INFO - [2025-05-21T23:26:09.582+0000] {dagbag.py:588} INFO - Filling up the DagBag from /home/airflow/.local/lib/python3.12/site-packages/airflow/example_dags/tutorial_dag.py
[2025-05-21T23:26:09.599+0000] {processor.py:925} INFO - DAG(s) 'tutorial_dag' retrieved from /home/airflow/.local/lib/python3.12/site-packages/airflow/example_dags/tutorial_dag.py
[2025-05-21T23:26:09.640+0000] {logging_mixin.py:190} INFO - [2025-05-21T23:26:09.639+0000] {dag.py:3239} INFO - Sync 1 DAGs
[2025-05-21T23:26:09.674+0000] {logging_mixin.py:190} INFO - [2025-05-21T23:26:09.673+0000] {dag.py:4180} INFO - Setting next_dagrun for tutorial_dag to None, run_after=None
[2025-05-21T23:26:09.715+0000] {processor.py:208} INFO - Processing /home/airflow/.local/lib/python3.12/site-packages/airflow/example_dags/tutorial_dag.py took 0.149 seconds
[2025-05-21T23:26:41.138+0000] {processor.py:186} INFO - Started process (PID=1517) to work on /home/airflow/.local/lib/python3.12/site-packages/airflow/example_dags/tutorial_dag.py
[2025-05-21T23:26:41.140+0000] {processor.py:914} INFO - Processing file /home/airflow/.local/lib/python3.12/site-packages/airflow/example_dags/tutorial_dag.py for tasks to queue
[2025-05-21T23:26:41.144+0000] {logging_mixin.py:190} INFO - [2025-05-21T23:26:41.143+0000] {dagbag.py:588} INFO - Filling up the DagBag from /home/airflow/.local/lib/python3.12/site-packages/airflow/example_dags/tutorial_dag.py
[2025-05-21T23:26:41.159+0000] {processor.py:925} INFO - DAG(s) 'tutorial_dag' retrieved from /home/airflow/.local/lib/python3.12/site-packages/airflow/example_dags/tutorial_dag.py
[2025-05-21T23:26:41.205+0000] {logging_mixin.py:190} INFO - [2025-05-21T23:26:41.205+0000] {dag.py:3239} INFO - Sync 1 DAGs
[2025-05-21T23:26:41.237+0000] {logging_mixin.py:190} INFO - [2025-05-21T23:26:41.237+0000] {dag.py:4180} INFO - Setting next_dagrun for tutorial_dag to None, run_after=None
[2025-05-21T23:26:41.276+0000] {processor.py:208} INFO - Processing /home/airflow/.local/lib/python3.12/site-packages/airflow/example_dags/tutorial_dag.py took 0.152 seconds
[2025-05-21T23:27:11.980+0000] {processor.py:186} INFO - Started process (PID=1582) to work on /home/airflow/.local/lib/python3.12/site-packages/airflow/example_dags/tutorial_dag.py
[2025-05-21T23:27:11.983+0000] {processor.py:914} INFO - Processing file /home/airflow/.local/lib/python3.12/site-packages/airflow/example_dags/tutorial_dag.py for tasks to queue
[2025-05-21T23:27:11.988+0000] {logging_mixin.py:190} INFO - [2025-05-21T23:27:11.988+0000] {dagbag.py:588} INFO - Filling up the DagBag from /home/airflow/.local/lib/python3.12/site-packages/airflow/example_dags/tutorial_dag.py
[2025-05-21T23:27:12.008+0000] {processor.py:925} INFO - DAG(s) 'tutorial_dag' retrieved from /home/airflow/.local/lib/python3.12/site-packages/airflow/example_dags/tutorial_dag.py
[2025-05-21T23:27:12.059+0000] {logging_mixin.py:190} INFO - [2025-05-21T23:27:12.058+0000] {dag.py:3239} INFO - Sync 1 DAGs
[2025-05-21T23:27:12.107+0000] {logging_mixin.py:190} INFO - [2025-05-21T23:27:12.106+0000] {dag.py:4180} INFO - Setting next_dagrun for tutorial_dag to None, run_after=None
[2025-05-21T23:27:12.168+0000] {processor.py:208} INFO - Processing /home/airflow/.local/lib/python3.12/site-packages/airflow/example_dags/tutorial_dag.py took 0.203 seconds
[2025-05-21T23:27:42.329+0000] {processor.py:186} INFO - Started process (PID=1648) to work on /home/airflow/.local/lib/python3.12/site-packages/airflow/example_dags/tutorial_dag.py
[2025-05-21T23:27:42.331+0000] {processor.py:914} INFO - Processing file /home/airflow/.local/lib/python3.12/site-packages/airflow/example_dags/tutorial_dag.py for tasks to queue
[2025-05-21T23:27:42.337+0000] {logging_mixin.py:190} INFO - [2025-05-21T23:27:42.336+0000] {dagbag.py:588} INFO - Filling up the DagBag from /home/airflow/.local/lib/python3.12/site-packages/airflow/example_dags/tutorial_dag.py
[2025-05-21T23:27:42.353+0000] {processor.py:925} INFO - DAG(s) 'tutorial_dag' retrieved from /home/airflow/.local/lib/python3.12/site-packages/airflow/example_dags/tutorial_dag.py
[2025-05-21T23:27:42.397+0000] {logging_mixin.py:190} INFO - [2025-05-21T23:27:42.397+0000] {dag.py:3239} INFO - Sync 1 DAGs
[2025-05-21T23:27:42.427+0000] {logging_mixin.py:190} INFO - [2025-05-21T23:27:42.427+0000] {dag.py:4180} INFO - Setting next_dagrun for tutorial_dag to None, run_after=None
[2025-05-21T23:27:42.538+0000] {processor.py:208} INFO - Processing /home/airflow/.local/lib/python3.12/site-packages/airflow/example_dags/tutorial_dag.py took 0.219 seconds
[2025-05-21T23:28:12.668+0000] {processor.py:186} INFO - Started process (PID=1714) to work on /home/airflow/.local/lib/python3.12/site-packages/airflow/example_dags/tutorial_dag.py
[2025-05-21T23:28:12.669+0000] {processor.py:914} INFO - Processing file /home/airflow/.local/lib/python3.12/site-packages/airflow/example_dags/tutorial_dag.py for tasks to queue
[2025-05-21T23:28:12.674+0000] {logging_mixin.py:190} INFO - [2025-05-21T23:28:12.673+0000] {dagbag.py:588} INFO - Filling up the DagBag from /home/airflow/.local/lib/python3.12/site-packages/airflow/example_dags/tutorial_dag.py
[2025-05-21T23:28:12.690+0000] {processor.py:925} INFO - DAG(s) 'tutorial_dag' retrieved from /home/airflow/.local/lib/python3.12/site-packages/airflow/example_dags/tutorial_dag.py
[2025-05-21T23:28:12.735+0000] {logging_mixin.py:190} INFO - [2025-05-21T23:28:12.735+0000] {dag.py:3239} INFO - Sync 1 DAGs
[2025-05-21T23:28:12.776+0000] {logging_mixin.py:190} INFO - [2025-05-21T23:28:12.775+0000] {dag.py:4180} INFO - Setting next_dagrun for tutorial_dag to None, run_after=None
[2025-05-21T23:28:12.884+0000] {processor.py:208} INFO - Processing /home/airflow/.local/lib/python3.12/site-packages/airflow/example_dags/tutorial_dag.py took 0.229 seconds
[2025-05-21T23:28:43.253+0000] {processor.py:186} INFO - Started process (PID=1779) to work on /home/airflow/.local/lib/python3.12/site-packages/airflow/example_dags/tutorial_dag.py
[2025-05-21T23:28:43.255+0000] {processor.py:914} INFO - Processing file /home/airflow/.local/lib/python3.12/site-packages/airflow/example_dags/tutorial_dag.py for tasks to queue
[2025-05-21T23:28:43.260+0000] {logging_mixin.py:190} INFO - [2025-05-21T23:28:43.259+0000] {dagbag.py:588} INFO - Filling up the DagBag from /home/airflow/.local/lib/python3.12/site-packages/airflow/example_dags/tutorial_dag.py
[2025-05-21T23:28:43.277+0000] {processor.py:925} INFO - DAG(s) 'tutorial_dag' retrieved from /home/airflow/.local/lib/python3.12/site-packages/airflow/example_dags/tutorial_dag.py
[2025-05-21T23:28:43.323+0000] {logging_mixin.py:190} INFO - [2025-05-21T23:28:43.323+0000] {dag.py:3239} INFO - Sync 1 DAGs
[2025-05-21T23:28:43.355+0000] {logging_mixin.py:190} INFO - [2025-05-21T23:28:43.355+0000] {dag.py:4180} INFO - Setting next_dagrun for tutorial_dag to None, run_after=None
[2025-05-21T23:28:43.394+0000] {processor.py:208} INFO - Processing /home/airflow/.local/lib/python3.12/site-packages/airflow/example_dags/tutorial_dag.py took 0.155 seconds
[2025-05-21T23:29:13.710+0000] {processor.py:186} INFO - Started process (PID=1845) to work on /home/airflow/.local/lib/python3.12/site-packages/airflow/example_dags/tutorial_dag.py
[2025-05-21T23:29:13.711+0000] {processor.py:914} INFO - Processing file /home/airflow/.local/lib/python3.12/site-packages/airflow/example_dags/tutorial_dag.py for tasks to queue
[2025-05-21T23:29:13.716+0000] {logging_mixin.py:190} INFO - [2025-05-21T23:29:13.716+0000] {dagbag.py:588} INFO - Filling up the DagBag from /home/airflow/.local/lib/python3.12/site-packages/airflow/example_dags/tutorial_dag.py
[2025-05-21T23:29:13.733+0000] {processor.py:925} INFO - DAG(s) 'tutorial_dag' retrieved from /home/airflow/.local/lib/python3.12/site-packages/airflow/example_dags/tutorial_dag.py
[2025-05-21T23:29:13.779+0000] {logging_mixin.py:190} INFO - [2025-05-21T23:29:13.779+0000] {dag.py:3239} INFO - Sync 1 DAGs
[2025-05-21T23:29:13.809+0000] {logging_mixin.py:190} INFO - [2025-05-21T23:29:13.809+0000] {dag.py:4180} INFO - Setting next_dagrun for tutorial_dag to None, run_after=None
[2025-05-21T23:29:13.918+0000] {processor.py:208} INFO - Processing /home/airflow/.local/lib/python3.12/site-packages/airflow/example_dags/tutorial_dag.py took 0.222 seconds
[2025-05-21T23:29:44.668+0000] {processor.py:186} INFO - Started process (PID=1911) to work on /home/airflow/.local/lib/python3.12/site-packages/airflow/example_dags/tutorial_dag.py
[2025-05-21T23:29:44.671+0000] {processor.py:914} INFO - Processing file /home/airflow/.local/lib/python3.12/site-packages/airflow/example_dags/tutorial_dag.py for tasks to queue
[2025-05-21T23:29:44.678+0000] {logging_mixin.py:190} INFO - [2025-05-21T23:29:44.677+0000] {dagbag.py:588} INFO - Filling up the DagBag from /home/airflow/.local/lib/python3.12/site-packages/airflow/example_dags/tutorial_dag.py
[2025-05-21T23:29:44.706+0000] {processor.py:925} INFO - DAG(s) 'tutorial_dag' retrieved from /home/airflow/.local/lib/python3.12/site-packages/airflow/example_dags/tutorial_dag.py
[2025-05-21T23:29:44.759+0000] {logging_mixin.py:190} INFO - [2025-05-21T23:29:44.759+0000] {dag.py:3239} INFO - Sync 1 DAGs
[2025-05-21T23:29:44.794+0000] {logging_mixin.py:190} INFO - [2025-05-21T23:29:44.793+0000] {dag.py:4180} INFO - Setting next_dagrun for tutorial_dag to None, run_after=None
[2025-05-21T23:29:44.833+0000] {processor.py:208} INFO - Processing /home/airflow/.local/lib/python3.12/site-packages/airflow/example_dags/tutorial_dag.py took 0.191 seconds
[2025-05-21T23:30:15.013+0000] {processor.py:186} INFO - Started process (PID=1977) to work on /home/airflow/.local/lib/python3.12/site-packages/airflow/example_dags/tutorial_dag.py
[2025-05-21T23:30:15.015+0000] {processor.py:914} INFO - Processing file /home/airflow/.local/lib/python3.12/site-packages/airflow/example_dags/tutorial_dag.py for tasks to queue
[2025-05-21T23:30:15.021+0000] {logging_mixin.py:190} INFO - [2025-05-21T23:30:15.020+0000] {dagbag.py:588} INFO - Filling up the DagBag from /home/airflow/.local/lib/python3.12/site-packages/airflow/example_dags/tutorial_dag.py
[2025-05-21T23:30:15.037+0000] {processor.py:925} INFO - DAG(s) 'tutorial_dag' retrieved from /home/airflow/.local/lib/python3.12/site-packages/airflow/example_dags/tutorial_dag.py
[2025-05-21T23:30:15.084+0000] {logging_mixin.py:190} INFO - [2025-05-21T23:30:15.083+0000] {dag.py:3239} INFO - Sync 1 DAGs
[2025-05-21T23:30:15.119+0000] {logging_mixin.py:190} INFO - [2025-05-21T23:30:15.118+0000] {dag.py:4180} INFO - Setting next_dagrun for tutorial_dag to None, run_after=None
[2025-05-21T23:30:15.228+0000] {processor.py:208} INFO - Processing /home/airflow/.local/lib/python3.12/site-packages/airflow/example_dags/tutorial_dag.py took 0.227 seconds
[2025-05-21T23:30:45.512+0000] {processor.py:186} INFO - Started process (PID=2042) to work on /home/airflow/.local/lib/python3.12/site-packages/airflow/example_dags/tutorial_dag.py
[2025-05-21T23:30:45.514+0000] {processor.py:914} INFO - Processing file /home/airflow/.local/lib/python3.12/site-packages/airflow/example_dags/tutorial_dag.py for tasks to queue
[2025-05-21T23:30:45.519+0000] {logging_mixin.py:190} INFO - [2025-05-21T23:30:45.518+0000] {dagbag.py:588} INFO - Filling up the DagBag from /home/airflow/.local/lib/python3.12/site-packages/airflow/example_dags/tutorial_dag.py
[2025-05-21T23:30:45.537+0000] {processor.py:925} INFO - DAG(s) 'tutorial_dag' retrieved from /home/airflow/.local/lib/python3.12/site-packages/airflow/example_dags/tutorial_dag.py
[2025-05-21T23:30:45.591+0000] {logging_mixin.py:190} INFO - [2025-05-21T23:30:45.590+0000] {dag.py:3239} INFO - Sync 1 DAGs
[2025-05-21T23:30:45.634+0000] {logging_mixin.py:190} INFO - [2025-05-21T23:30:45.634+0000] {dag.py:4180} INFO - Setting next_dagrun for tutorial_dag to None, run_after=None
[2025-05-21T23:30:45.681+0000] {processor.py:208} INFO - Processing /home/airflow/.local/lib/python3.12/site-packages/airflow/example_dags/tutorial_dag.py took 0.186 seconds
[2025-05-21T23:31:16.411+0000] {processor.py:186} INFO - Started process (PID=2108) to work on /home/airflow/.local/lib/python3.12/site-packages/airflow/example_dags/tutorial_dag.py
[2025-05-21T23:31:16.413+0000] {processor.py:914} INFO - Processing file /home/airflow/.local/lib/python3.12/site-packages/airflow/example_dags/tutorial_dag.py for tasks to queue
[2025-05-21T23:31:16.418+0000] {logging_mixin.py:190} INFO - [2025-05-21T23:31:16.417+0000] {dagbag.py:588} INFO - Filling up the DagBag from /home/airflow/.local/lib/python3.12/site-packages/airflow/example_dags/tutorial_dag.py
[2025-05-21T23:31:16.435+0000] {processor.py:925} INFO - DAG(s) 'tutorial_dag' retrieved from /home/airflow/.local/lib/python3.12/site-packages/airflow/example_dags/tutorial_dag.py
[2025-05-21T23:31:16.487+0000] {logging_mixin.py:190} INFO - [2025-05-21T23:31:16.486+0000] {dag.py:3239} INFO - Sync 1 DAGs
[2025-05-21T23:31:16.520+0000] {logging_mixin.py:190} INFO - [2025-05-21T23:31:16.520+0000] {dag.py:4180} INFO - Setting next_dagrun for tutorial_dag to None, run_after=None
[2025-05-21T23:31:16.626+0000] {processor.py:208} INFO - Processing /home/airflow/.local/lib/python3.12/site-packages/airflow/example_dags/tutorial_dag.py took 0.228 seconds
[2025-05-21T23:31:47.094+0000] {processor.py:186} INFO - Started process (PID=2174) to work on /home/airflow/.local/lib/python3.12/site-packages/airflow/example_dags/tutorial_dag.py
[2025-05-21T23:31:47.096+0000] {processor.py:914} INFO - Processing file /home/airflow/.local/lib/python3.12/site-packages/airflow/example_dags/tutorial_dag.py for tasks to queue
[2025-05-21T23:31:47.100+0000] {logging_mixin.py:190} INFO - [2025-05-21T23:31:47.099+0000] {dagbag.py:588} INFO - Filling up the DagBag from /home/airflow/.local/lib/python3.12/site-packages/airflow/example_dags/tutorial_dag.py
[2025-05-21T23:31:47.118+0000] {processor.py:925} INFO - DAG(s) 'tutorial_dag' retrieved from /home/airflow/.local/lib/python3.12/site-packages/airflow/example_dags/tutorial_dag.py
[2025-05-21T23:31:47.163+0000] {logging_mixin.py:190} INFO - [2025-05-21T23:31:47.162+0000] {dag.py:3239} INFO - Sync 1 DAGs
[2025-05-21T23:31:47.192+0000] {logging_mixin.py:190} INFO - [2025-05-21T23:31:47.192+0000] {dag.py:4180} INFO - Setting next_dagrun for tutorial_dag to None, run_after=None
[2025-05-21T23:31:47.255+0000] {processor.py:208} INFO - Processing /home/airflow/.local/lib/python3.12/site-packages/airflow/example_dags/tutorial_dag.py took 0.172 seconds
[2025-05-21T23:32:18.157+0000] {processor.py:186} INFO - Started process (PID=2240) to work on /home/airflow/.local/lib/python3.12/site-packages/airflow/example_dags/tutorial_dag.py
[2025-05-21T23:32:18.159+0000] {processor.py:914} INFO - Processing file /home/airflow/.local/lib/python3.12/site-packages/airflow/example_dags/tutorial_dag.py for tasks to queue
[2025-05-21T23:32:18.164+0000] {logging_mixin.py:190} INFO - [2025-05-21T23:32:18.163+0000] {dagbag.py:588} INFO - Filling up the DagBag from /home/airflow/.local/lib/python3.12/site-packages/airflow/example_dags/tutorial_dag.py
[2025-05-21T23:32:18.180+0000] {processor.py:925} INFO - DAG(s) 'tutorial_dag' retrieved from /home/airflow/.local/lib/python3.12/site-packages/airflow/example_dags/tutorial_dag.py
[2025-05-21T23:32:18.224+0000] {logging_mixin.py:190} INFO - [2025-05-21T23:32:18.224+0000] {dag.py:3239} INFO - Sync 1 DAGs
[2025-05-21T23:32:18.252+0000] {logging_mixin.py:190} INFO - [2025-05-21T23:32:18.252+0000] {dag.py:4180} INFO - Setting next_dagrun for tutorial_dag to None, run_after=None
[2025-05-21T23:32:18.344+0000] {processor.py:208} INFO - Processing /home/airflow/.local/lib/python3.12/site-packages/airflow/example_dags/tutorial_dag.py took 0.201 seconds
[2025-05-21T23:32:48.928+0000] {processor.py:186} INFO - Started process (PID=2312) to work on /home/airflow/.local/lib/python3.12/site-packages/airflow/example_dags/tutorial_dag.py
[2025-05-21T23:32:48.930+0000] {processor.py:914} INFO - Processing file /home/airflow/.local/lib/python3.12/site-packages/airflow/example_dags/tutorial_dag.py for tasks to queue
[2025-05-21T23:32:48.935+0000] {logging_mixin.py:190} INFO - [2025-05-21T23:32:48.934+0000] {dagbag.py:588} INFO - Filling up the DagBag from /home/airflow/.local/lib/python3.12/site-packages/airflow/example_dags/tutorial_dag.py
[2025-05-21T23:32:48.950+0000] {processor.py:925} INFO - DAG(s) 'tutorial_dag' retrieved from /home/airflow/.local/lib/python3.12/site-packages/airflow/example_dags/tutorial_dag.py
[2025-05-21T23:32:48.993+0000] {logging_mixin.py:190} INFO - [2025-05-21T23:32:48.993+0000] {dag.py:3239} INFO - Sync 1 DAGs
[2025-05-21T23:32:49.024+0000] {logging_mixin.py:190} INFO - [2025-05-21T23:32:49.023+0000] {dag.py:4180} INFO - Setting next_dagrun for tutorial_dag to None, run_after=None
[2025-05-21T23:32:49.126+0000] {processor.py:208} INFO - Processing /home/airflow/.local/lib/python3.12/site-packages/airflow/example_dags/tutorial_dag.py took 0.209 seconds
[2025-05-21T23:33:19.395+0000] {processor.py:186} INFO - Started process (PID=2378) to work on /home/airflow/.local/lib/python3.12/site-packages/airflow/example_dags/tutorial_dag.py
[2025-05-21T23:33:19.397+0000] {processor.py:914} INFO - Processing file /home/airflow/.local/lib/python3.12/site-packages/airflow/example_dags/tutorial_dag.py for tasks to queue
[2025-05-21T23:33:19.401+0000] {logging_mixin.py:190} INFO - [2025-05-21T23:33:19.401+0000] {dagbag.py:588} INFO - Filling up the DagBag from /home/airflow/.local/lib/python3.12/site-packages/airflow/example_dags/tutorial_dag.py
[2025-05-21T23:33:19.415+0000] {processor.py:925} INFO - DAG(s) 'tutorial_dag' retrieved from /home/airflow/.local/lib/python3.12/site-packages/airflow/example_dags/tutorial_dag.py
[2025-05-21T23:33:19.457+0000] {logging_mixin.py:190} INFO - [2025-05-21T23:33:19.457+0000] {dag.py:3239} INFO - Sync 1 DAGs
[2025-05-21T23:33:19.490+0000] {logging_mixin.py:190} INFO - [2025-05-21T23:33:19.489+0000] {dag.py:4180} INFO - Setting next_dagrun for tutorial_dag to None, run_after=None
[2025-05-21T23:33:19.601+0000] {processor.py:208} INFO - Processing /home/airflow/.local/lib/python3.12/site-packages/airflow/example_dags/tutorial_dag.py took 0.216 seconds
[2025-05-21T23:33:49.957+0000] {processor.py:186} INFO - Started process (PID=2443) to work on /home/airflow/.local/lib/python3.12/site-packages/airflow/example_dags/tutorial_dag.py
[2025-05-21T23:33:49.960+0000] {processor.py:914} INFO - Processing file /home/airflow/.local/lib/python3.12/site-packages/airflow/example_dags/tutorial_dag.py for tasks to queue
[2025-05-21T23:33:49.964+0000] {logging_mixin.py:190} INFO - [2025-05-21T23:33:49.963+0000] {dagbag.py:588} INFO - Filling up the DagBag from /home/airflow/.local/lib/python3.12/site-packages/airflow/example_dags/tutorial_dag.py
[2025-05-21T23:33:49.980+0000] {processor.py:925} INFO - DAG(s) 'tutorial_dag' retrieved from /home/airflow/.local/lib/python3.12/site-packages/airflow/example_dags/tutorial_dag.py
[2025-05-21T23:33:50.026+0000] {logging_mixin.py:190} INFO - [2025-05-21T23:33:50.025+0000] {dag.py:3239} INFO - Sync 1 DAGs
[2025-05-21T23:33:50.058+0000] {logging_mixin.py:190} INFO - [2025-05-21T23:33:50.057+0000] {dag.py:4180} INFO - Setting next_dagrun for tutorial_dag to None, run_after=None
[2025-05-21T23:33:50.164+0000] {processor.py:208} INFO - Processing /home/airflow/.local/lib/python3.12/site-packages/airflow/example_dags/tutorial_dag.py took 0.218 seconds
[2025-05-21T23:34:20.361+0000] {processor.py:186} INFO - Started process (PID=2509) to work on /home/airflow/.local/lib/python3.12/site-packages/airflow/example_dags/tutorial_dag.py
[2025-05-21T23:34:20.364+0000] {processor.py:914} INFO - Processing file /home/airflow/.local/lib/python3.12/site-packages/airflow/example_dags/tutorial_dag.py for tasks to queue
[2025-05-21T23:34:20.368+0000] {logging_mixin.py:190} INFO - [2025-05-21T23:34:20.368+0000] {dagbag.py:588} INFO - Filling up the DagBag from /home/airflow/.local/lib/python3.12/site-packages/airflow/example_dags/tutorial_dag.py
[2025-05-21T23:34:20.386+0000] {processor.py:925} INFO - DAG(s) 'tutorial_dag' retrieved from /home/airflow/.local/lib/python3.12/site-packages/airflow/example_dags/tutorial_dag.py
[2025-05-21T23:34:20.428+0000] {logging_mixin.py:190} INFO - [2025-05-21T23:34:20.428+0000] {dag.py:3239} INFO - Sync 1 DAGs
[2025-05-21T23:34:20.460+0000] {logging_mixin.py:190} INFO - [2025-05-21T23:34:20.459+0000] {dag.py:4180} INFO - Setting next_dagrun for tutorial_dag to None, run_after=None
[2025-05-21T23:34:20.564+0000] {processor.py:208} INFO - Processing /home/airflow/.local/lib/python3.12/site-packages/airflow/example_dags/tutorial_dag.py took 0.216 seconds
[2025-05-21T23:34:50.888+0000] {processor.py:186} INFO - Started process (PID=2575) to work on /home/airflow/.local/lib/python3.12/site-packages/airflow/example_dags/tutorial_dag.py
[2025-05-21T23:34:50.890+0000] {processor.py:914} INFO - Processing file /home/airflow/.local/lib/python3.12/site-packages/airflow/example_dags/tutorial_dag.py for tasks to queue
[2025-05-21T23:34:50.894+0000] {logging_mixin.py:190} INFO - [2025-05-21T23:34:50.893+0000] {dagbag.py:588} INFO - Filling up the DagBag from /home/airflow/.local/lib/python3.12/site-packages/airflow/example_dags/tutorial_dag.py
[2025-05-21T23:34:50.907+0000] {processor.py:925} INFO - DAG(s) 'tutorial_dag' retrieved from /home/airflow/.local/lib/python3.12/site-packages/airflow/example_dags/tutorial_dag.py
[2025-05-21T23:34:50.948+0000] {logging_mixin.py:190} INFO - [2025-05-21T23:34:50.947+0000] {dag.py:3239} INFO - Sync 1 DAGs
[2025-05-21T23:34:50.978+0000] {logging_mixin.py:190} INFO - [2025-05-21T23:34:50.977+0000] {dag.py:4180} INFO - Setting next_dagrun for tutorial_dag to None, run_after=None
[2025-05-21T23:34:51.015+0000] {processor.py:208} INFO - Processing /home/airflow/.local/lib/python3.12/site-packages/airflow/example_dags/tutorial_dag.py took 0.137 seconds
[2025-05-21T23:35:21.803+0000] {processor.py:186} INFO - Started process (PID=2640) to work on /home/airflow/.local/lib/python3.12/site-packages/airflow/example_dags/tutorial_dag.py
[2025-05-21T23:35:21.805+0000] {processor.py:914} INFO - Processing file /home/airflow/.local/lib/python3.12/site-packages/airflow/example_dags/tutorial_dag.py for tasks to queue
[2025-05-21T23:35:21.809+0000] {logging_mixin.py:190} INFO - [2025-05-21T23:35:21.808+0000] {dagbag.py:588} INFO - Filling up the DagBag from /home/airflow/.local/lib/python3.12/site-packages/airflow/example_dags/tutorial_dag.py
[2025-05-21T23:35:21.825+0000] {processor.py:925} INFO - DAG(s) 'tutorial_dag' retrieved from /home/airflow/.local/lib/python3.12/site-packages/airflow/example_dags/tutorial_dag.py
[2025-05-21T23:35:21.868+0000] {logging_mixin.py:190} INFO - [2025-05-21T23:35:21.868+0000] {dag.py:3239} INFO - Sync 1 DAGs
[2025-05-21T23:35:21.903+0000] {logging_mixin.py:190} INFO - [2025-05-21T23:35:21.903+0000] {dag.py:4180} INFO - Setting next_dagrun for tutorial_dag to None, run_after=None
[2025-05-21T23:35:22.004+0000] {processor.py:208} INFO - Processing /home/airflow/.local/lib/python3.12/site-packages/airflow/example_dags/tutorial_dag.py took 0.211 seconds
[2025-05-21T23:35:53.299+0000] {processor.py:186} INFO - Started process (PID=2706) to work on /home/airflow/.local/lib/python3.12/site-packages/airflow/example_dags/tutorial_dag.py
[2025-05-21T23:35:53.301+0000] {processor.py:914} INFO - Processing file /home/airflow/.local/lib/python3.12/site-packages/airflow/example_dags/tutorial_dag.py for tasks to queue
[2025-05-21T23:35:53.306+0000] {logging_mixin.py:190} INFO - [2025-05-21T23:35:53.305+0000] {dagbag.py:588} INFO - Filling up the DagBag from /home/airflow/.local/lib/python3.12/site-packages/airflow/example_dags/tutorial_dag.py
[2025-05-21T23:35:53.319+0000] {processor.py:925} INFO - DAG(s) 'tutorial_dag' retrieved from /home/airflow/.local/lib/python3.12/site-packages/airflow/example_dags/tutorial_dag.py
[2025-05-21T23:35:53.368+0000] {logging_mixin.py:190} INFO - [2025-05-21T23:35:53.367+0000] {dag.py:3239} INFO - Sync 1 DAGs
[2025-05-21T23:35:53.424+0000] {logging_mixin.py:190} INFO - [2025-05-21T23:35:53.423+0000] {dag.py:4180} INFO - Setting next_dagrun for tutorial_dag to None, run_after=None
[2025-05-21T23:35:53.534+0000] {processor.py:208} INFO - Processing /home/airflow/.local/lib/python3.12/site-packages/airflow/example_dags/tutorial_dag.py took 0.245 seconds
[2025-05-21T23:36:23.925+0000] {processor.py:186} INFO - Started process (PID=2771) to work on /home/airflow/.local/lib/python3.12/site-packages/airflow/example_dags/tutorial_dag.py
[2025-05-21T23:36:23.927+0000] {processor.py:914} INFO - Processing file /home/airflow/.local/lib/python3.12/site-packages/airflow/example_dags/tutorial_dag.py for tasks to queue
[2025-05-21T23:36:23.932+0000] {logging_mixin.py:190} INFO - [2025-05-21T23:36:23.931+0000] {dagbag.py:588} INFO - Filling up the DagBag from /home/airflow/.local/lib/python3.12/site-packages/airflow/example_dags/tutorial_dag.py
[2025-05-21T23:36:23.948+0000] {processor.py:925} INFO - DAG(s) 'tutorial_dag' retrieved from /home/airflow/.local/lib/python3.12/site-packages/airflow/example_dags/tutorial_dag.py
[2025-05-21T23:36:23.988+0000] {logging_mixin.py:190} INFO - [2025-05-21T23:36:23.987+0000] {dag.py:3239} INFO - Sync 1 DAGs
[2025-05-21T23:36:24.019+0000] {logging_mixin.py:190} INFO - [2025-05-21T23:36:24.018+0000] {dag.py:4180} INFO - Setting next_dagrun for tutorial_dag to None, run_after=None
[2025-05-21T23:36:24.126+0000] {processor.py:208} INFO - Processing /home/airflow/.local/lib/python3.12/site-packages/airflow/example_dags/tutorial_dag.py took 0.214 seconds
[2025-05-21T23:36:55.072+0000] {processor.py:186} INFO - Started process (PID=2837) to work on /home/airflow/.local/lib/python3.12/site-packages/airflow/example_dags/tutorial_dag.py
[2025-05-21T23:36:55.074+0000] {processor.py:914} INFO - Processing file /home/airflow/.local/lib/python3.12/site-packages/airflow/example_dags/tutorial_dag.py for tasks to queue
[2025-05-21T23:36:55.079+0000] {logging_mixin.py:190} INFO - [2025-05-21T23:36:55.078+0000] {dagbag.py:588} INFO - Filling up the DagBag from /home/airflow/.local/lib/python3.12/site-packages/airflow/example_dags/tutorial_dag.py
[2025-05-21T23:36:55.095+0000] {processor.py:925} INFO - DAG(s) 'tutorial_dag' retrieved from /home/airflow/.local/lib/python3.12/site-packages/airflow/example_dags/tutorial_dag.py
[2025-05-21T23:36:55.140+0000] {logging_mixin.py:190} INFO - [2025-05-21T23:36:55.139+0000] {dag.py:3239} INFO - Sync 1 DAGs
[2025-05-21T23:36:55.169+0000] {logging_mixin.py:190} INFO - [2025-05-21T23:36:55.169+0000] {dag.py:4180} INFO - Setting next_dagrun for tutorial_dag to None, run_after=None
[2025-05-21T23:36:55.211+0000] {processor.py:208} INFO - Processing /home/airflow/.local/lib/python3.12/site-packages/airflow/example_dags/tutorial_dag.py took 0.151 seconds
[2025-05-21T23:37:25.633+0000] {processor.py:186} INFO - Started process (PID=2903) to work on /home/airflow/.local/lib/python3.12/site-packages/airflow/example_dags/tutorial_dag.py
[2025-05-21T23:37:25.635+0000] {processor.py:914} INFO - Processing file /home/airflow/.local/lib/python3.12/site-packages/airflow/example_dags/tutorial_dag.py for tasks to queue
[2025-05-21T23:37:25.640+0000] {logging_mixin.py:190} INFO - [2025-05-21T23:37:25.639+0000] {dagbag.py:588} INFO - Filling up the DagBag from /home/airflow/.local/lib/python3.12/site-packages/airflow/example_dags/tutorial_dag.py
[2025-05-21T23:37:25.655+0000] {processor.py:925} INFO - DAG(s) 'tutorial_dag' retrieved from /home/airflow/.local/lib/python3.12/site-packages/airflow/example_dags/tutorial_dag.py
[2025-05-21T23:37:25.697+0000] {logging_mixin.py:190} INFO - [2025-05-21T23:37:25.696+0000] {dag.py:3239} INFO - Sync 1 DAGs
[2025-05-21T23:37:25.726+0000] {logging_mixin.py:190} INFO - [2025-05-21T23:37:25.726+0000] {dag.py:4180} INFO - Setting next_dagrun for tutorial_dag to None, run_after=None
[2025-05-21T23:37:25.829+0000] {processor.py:208} INFO - Processing /home/airflow/.local/lib/python3.12/site-packages/airflow/example_dags/tutorial_dag.py took 0.206 seconds
[2025-05-21T23:41:32.983+0000] {processor.py:186} INFO - Started process (PID=130) to work on /home/airflow/.local/lib/python3.12/site-packages/airflow/example_dags/tutorial_dag.py
[2025-05-21T23:41:32.985+0000] {processor.py:914} INFO - Processing file /home/airflow/.local/lib/python3.12/site-packages/airflow/example_dags/tutorial_dag.py for tasks to queue
[2025-05-21T23:41:32.989+0000] {logging_mixin.py:190} INFO - [2025-05-21T23:41:32.989+0000] {dagbag.py:588} INFO - Filling up the DagBag from /home/airflow/.local/lib/python3.12/site-packages/airflow/example_dags/tutorial_dag.py
[2025-05-21T23:41:33.004+0000] {processor.py:925} INFO - DAG(s) 'tutorial_dag' retrieved from /home/airflow/.local/lib/python3.12/site-packages/airflow/example_dags/tutorial_dag.py
[2025-05-21T23:41:33.274+0000] {logging_mixin.py:190} INFO - [2025-05-21T23:41:33.272+0000] {override.py:1930} INFO - Created Permission View: can read on DAG:tutorial_dag
[2025-05-21T23:41:33.307+0000] {logging_mixin.py:190} INFO - [2025-05-21T23:41:33.306+0000] {override.py:1930} INFO - Created Permission View: can delete on DAG:tutorial_dag
[2025-05-21T23:41:33.325+0000] {logging_mixin.py:190} INFO - [2025-05-21T23:41:33.325+0000] {override.py:1930} INFO - Created Permission View: can edit on DAG:tutorial_dag
[2025-05-21T23:41:33.346+0000] {logging_mixin.py:190} INFO - [2025-05-21T23:41:33.345+0000] {override.py:1930} INFO - Created Permission View: can read on DAG Run:tutorial_dag
[2025-05-21T23:41:33.364+0000] {logging_mixin.py:190} INFO - [2025-05-21T23:41:33.364+0000] {override.py:1930} INFO - Created Permission View: can delete on DAG Run:tutorial_dag
[2025-05-21T23:41:33.380+0000] {logging_mixin.py:190} INFO - [2025-05-21T23:41:33.380+0000] {override.py:1930} INFO - Created Permission View: menu access on DAG Run:tutorial_dag
[2025-05-21T23:41:33.399+0000] {logging_mixin.py:190} INFO - [2025-05-21T23:41:33.398+0000] {override.py:1930} INFO - Created Permission View: can create on DAG Run:tutorial_dag
[2025-05-21T23:41:33.401+0000] {logging_mixin.py:190} INFO - [2025-05-21T23:41:33.400+0000] {dag.py:3239} INFO - Sync 1 DAGs
[2025-05-21T23:41:33.439+0000] {logging_mixin.py:190} INFO - [2025-05-21T23:41:33.439+0000] {dag.py:3262} INFO - Creating ORM DAG for tutorial_dag
[2025-05-21T23:41:33.442+0000] {logging_mixin.py:190} INFO - [2025-05-21T23:41:33.441+0000] {dag.py:4180} INFO - Setting next_dagrun for tutorial_dag to None, run_after=None
[2025-05-21T23:41:33.501+0000] {processor.py:208} INFO - Processing /home/airflow/.local/lib/python3.12/site-packages/airflow/example_dags/tutorial_dag.py took 0.528 seconds
[2025-05-21T23:42:04.264+0000] {processor.py:186} INFO - Started process (PID=196) to work on /home/airflow/.local/lib/python3.12/site-packages/airflow/example_dags/tutorial_dag.py
[2025-05-21T23:42:04.266+0000] {processor.py:914} INFO - Processing file /home/airflow/.local/lib/python3.12/site-packages/airflow/example_dags/tutorial_dag.py for tasks to queue
[2025-05-21T23:42:04.270+0000] {logging_mixin.py:190} INFO - [2025-05-21T23:42:04.270+0000] {dagbag.py:588} INFO - Filling up the DagBag from /home/airflow/.local/lib/python3.12/site-packages/airflow/example_dags/tutorial_dag.py
[2025-05-21T23:42:04.285+0000] {processor.py:925} INFO - DAG(s) 'tutorial_dag' retrieved from /home/airflow/.local/lib/python3.12/site-packages/airflow/example_dags/tutorial_dag.py
[2025-05-21T23:42:04.324+0000] {logging_mixin.py:190} INFO - [2025-05-21T23:42:04.323+0000] {dag.py:3239} INFO - Sync 1 DAGs
[2025-05-21T23:42:04.352+0000] {logging_mixin.py:190} INFO - [2025-05-21T23:42:04.352+0000] {dag.py:4180} INFO - Setting next_dagrun for tutorial_dag to None, run_after=None
[2025-05-21T23:42:04.425+0000] {processor.py:208} INFO - Processing /home/airflow/.local/lib/python3.12/site-packages/airflow/example_dags/tutorial_dag.py took 0.172 seconds
[2025-05-21T23:42:34.675+0000] {processor.py:186} INFO - Started process (PID=262) to work on /home/airflow/.local/lib/python3.12/site-packages/airflow/example_dags/tutorial_dag.py
[2025-05-21T23:42:34.677+0000] {processor.py:914} INFO - Processing file /home/airflow/.local/lib/python3.12/site-packages/airflow/example_dags/tutorial_dag.py for tasks to queue
[2025-05-21T23:42:34.682+0000] {logging_mixin.py:190} INFO - [2025-05-21T23:42:34.681+0000] {dagbag.py:588} INFO - Filling up the DagBag from /home/airflow/.local/lib/python3.12/site-packages/airflow/example_dags/tutorial_dag.py
[2025-05-21T23:42:34.696+0000] {processor.py:925} INFO - DAG(s) 'tutorial_dag' retrieved from /home/airflow/.local/lib/python3.12/site-packages/airflow/example_dags/tutorial_dag.py
[2025-05-21T23:42:34.735+0000] {logging_mixin.py:190} INFO - [2025-05-21T23:42:34.735+0000] {dag.py:3239} INFO - Sync 1 DAGs
[2025-05-21T23:42:34.766+0000] {logging_mixin.py:190} INFO - [2025-05-21T23:42:34.765+0000] {dag.py:4180} INFO - Setting next_dagrun for tutorial_dag to None, run_after=None
[2025-05-21T23:42:34.803+0000] {processor.py:208} INFO - Processing /home/airflow/.local/lib/python3.12/site-packages/airflow/example_dags/tutorial_dag.py took 0.139 seconds
[2025-05-21T23:43:05.221+0000] {processor.py:186} INFO - Started process (PID=327) to work on /home/airflow/.local/lib/python3.12/site-packages/airflow/example_dags/tutorial_dag.py
[2025-05-21T23:43:05.223+0000] {processor.py:914} INFO - Processing file /home/airflow/.local/lib/python3.12/site-packages/airflow/example_dags/tutorial_dag.py for tasks to queue
[2025-05-21T23:43:05.229+0000] {logging_mixin.py:190} INFO - [2025-05-21T23:43:05.228+0000] {dagbag.py:588} INFO - Filling up the DagBag from /home/airflow/.local/lib/python3.12/site-packages/airflow/example_dags/tutorial_dag.py
[2025-05-21T23:43:05.247+0000] {processor.py:925} INFO - DAG(s) 'tutorial_dag' retrieved from /home/airflow/.local/lib/python3.12/site-packages/airflow/example_dags/tutorial_dag.py
[2025-05-21T23:43:05.290+0000] {logging_mixin.py:190} INFO - [2025-05-21T23:43:05.289+0000] {dag.py:3239} INFO - Sync 1 DAGs
[2025-05-21T23:43:05.319+0000] {logging_mixin.py:190} INFO - [2025-05-21T23:43:05.319+0000] {dag.py:4180} INFO - Setting next_dagrun for tutorial_dag to None, run_after=None
[2025-05-21T23:43:05.364+0000] {processor.py:208} INFO - Processing /home/airflow/.local/lib/python3.12/site-packages/airflow/example_dags/tutorial_dag.py took 0.155 seconds
[2025-05-21T23:43:36.564+0000] {processor.py:186} INFO - Started process (PID=393) to work on /home/airflow/.local/lib/python3.12/site-packages/airflow/example_dags/tutorial_dag.py
[2025-05-21T23:43:36.566+0000] {processor.py:914} INFO - Processing file /home/airflow/.local/lib/python3.12/site-packages/airflow/example_dags/tutorial_dag.py for tasks to queue
[2025-05-21T23:43:36.570+0000] {logging_mixin.py:190} INFO - [2025-05-21T23:43:36.569+0000] {dagbag.py:588} INFO - Filling up the DagBag from /home/airflow/.local/lib/python3.12/site-packages/airflow/example_dags/tutorial_dag.py
[2025-05-21T23:43:36.591+0000] {processor.py:925} INFO - DAG(s) 'tutorial_dag' retrieved from /home/airflow/.local/lib/python3.12/site-packages/airflow/example_dags/tutorial_dag.py
[2025-05-21T23:43:36.630+0000] {logging_mixin.py:190} INFO - [2025-05-21T23:43:36.630+0000] {dag.py:3239} INFO - Sync 1 DAGs
[2025-05-21T23:43:36.659+0000] {logging_mixin.py:190} INFO - [2025-05-21T23:43:36.658+0000] {dag.py:4180} INFO - Setting next_dagrun for tutorial_dag to None, run_after=None
[2025-05-21T23:43:36.733+0000] {processor.py:208} INFO - Processing /home/airflow/.local/lib/python3.12/site-packages/airflow/example_dags/tutorial_dag.py took 0.180 seconds
[2025-05-21T23:44:07.159+0000] {processor.py:186} INFO - Started process (PID=459) to work on /home/airflow/.local/lib/python3.12/site-packages/airflow/example_dags/tutorial_dag.py
[2025-05-21T23:44:07.162+0000] {processor.py:914} INFO - Processing file /home/airflow/.local/lib/python3.12/site-packages/airflow/example_dags/tutorial_dag.py for tasks to queue
[2025-05-21T23:44:07.167+0000] {logging_mixin.py:190} INFO - [2025-05-21T23:44:07.166+0000] {dagbag.py:588} INFO - Filling up the DagBag from /home/airflow/.local/lib/python3.12/site-packages/airflow/example_dags/tutorial_dag.py
[2025-05-21T23:44:07.180+0000] {processor.py:925} INFO - DAG(s) 'tutorial_dag' retrieved from /home/airflow/.local/lib/python3.12/site-packages/airflow/example_dags/tutorial_dag.py
[2025-05-21T23:44:07.219+0000] {logging_mixin.py:190} INFO - [2025-05-21T23:44:07.219+0000] {dag.py:3239} INFO - Sync 1 DAGs
[2025-05-21T23:44:07.248+0000] {logging_mixin.py:190} INFO - [2025-05-21T23:44:07.248+0000] {dag.py:4180} INFO - Setting next_dagrun for tutorial_dag to None, run_after=None
[2025-05-21T23:44:07.323+0000] {processor.py:208} INFO - Processing /home/airflow/.local/lib/python3.12/site-packages/airflow/example_dags/tutorial_dag.py took 0.174 seconds
[2025-05-21T23:44:38.053+0000] {processor.py:186} INFO - Started process (PID=524) to work on /home/airflow/.local/lib/python3.12/site-packages/airflow/example_dags/tutorial_dag.py
[2025-05-21T23:44:38.056+0000] {processor.py:914} INFO - Processing file /home/airflow/.local/lib/python3.12/site-packages/airflow/example_dags/tutorial_dag.py for tasks to queue
[2025-05-21T23:44:38.061+0000] {logging_mixin.py:190} INFO - [2025-05-21T23:44:38.060+0000] {dagbag.py:588} INFO - Filling up the DagBag from /home/airflow/.local/lib/python3.12/site-packages/airflow/example_dags/tutorial_dag.py
[2025-05-21T23:44:38.074+0000] {processor.py:925} INFO - DAG(s) 'tutorial_dag' retrieved from /home/airflow/.local/lib/python3.12/site-packages/airflow/example_dags/tutorial_dag.py
[2025-05-21T23:44:38.115+0000] {logging_mixin.py:190} INFO - [2025-05-21T23:44:38.115+0000] {dag.py:3239} INFO - Sync 1 DAGs
[2025-05-21T23:44:38.144+0000] {logging_mixin.py:190} INFO - [2025-05-21T23:44:38.144+0000] {dag.py:4180} INFO - Setting next_dagrun for tutorial_dag to None, run_after=None
[2025-05-21T23:44:38.218+0000] {processor.py:208} INFO - Processing /home/airflow/.local/lib/python3.12/site-packages/airflow/example_dags/tutorial_dag.py took 0.179 seconds
