[2025-05-21T23:15:38.020+0000] {processor.py:186} INFO - Started process (PID=86) to work on /home/airflow/.local/lib/python3.12/site-packages/airflow/example_dags/tutorial.py
[2025-05-21T23:15:38.022+0000] {processor.py:914} INFO - Processing file /home/airflow/.local/lib/python3.12/site-packages/airflow/example_dags/tutorial.py for tasks to queue
[2025-05-21T23:15:38.029+0000] {logging_mixin.py:190} INFO - [2025-05-21T23:15:38.028+0000] {dagbag.py:588} INFO - Filling up the DagBag from /home/airflow/.local/lib/python3.12/site-packages/airflow/example_dags/tutorial.py
[2025-05-21T23:15:38.051+0000] {processor.py:925} INFO - DAG(s) 'tutorial' retrieved from /home/airflow/.local/lib/python3.12/site-packages/airflow/example_dags/tutorial.py
[2025-05-21T23:15:38.358+0000] {logging_mixin.py:190} INFO - [2025-05-21T23:15:38.356+0000] {override.py:1930} INFO - Created Permission View: can delete on DAG:tutorial
[2025-05-21T23:15:38.387+0000] {logging_mixin.py:190} INFO - [2025-05-21T23:15:38.386+0000] {override.py:1930} INFO - Created Permission View: can read on DAG:tutorial
[2025-05-21T23:15:38.408+0000] {logging_mixin.py:190} INFO - [2025-05-21T23:15:38.408+0000] {override.py:1930} INFO - Created Permission View: can edit on DAG:tutorial
[2025-05-21T23:15:38.429+0000] {logging_mixin.py:190} INFO - [2025-05-21T23:15:38.428+0000] {override.py:1930} INFO - Created Permission View: can delete on DAG Run:tutorial
[2025-05-21T23:15:38.451+0000] {logging_mixin.py:190} INFO - [2025-05-21T23:15:38.450+0000] {override.py:1930} INFO - Created Permission View: can read on DAG Run:tutorial
[2025-05-21T23:15:38.470+0000] {logging_mixin.py:190} INFO - [2025-05-21T23:15:38.468+0000] {override.py:1930} INFO - Created Permission View: menu access on DAG Run:tutorial
[2025-05-21T23:15:38.492+0000] {logging_mixin.py:190} INFO - [2025-05-21T23:15:38.492+0000] {override.py:1930} INFO - Created Permission View: can create on DAG Run:tutorial
[2025-05-21T23:15:38.495+0000] {logging_mixin.py:190} INFO - [2025-05-21T23:15:38.494+0000] {dag.py:3239} INFO - Sync 1 DAGs
[2025-05-21T23:15:38.547+0000] {logging_mixin.py:190} INFO - [2025-05-21T23:15:38.546+0000] {dag.py:3262} INFO - Creating ORM DAG for tutorial
[2025-05-21T23:15:38.579+0000] {logging_mixin.py:190} INFO - [2025-05-21T23:15:38.579+0000] {dag.py:4180} INFO - Setting next_dagrun for tutorial to 2025-05-20 00:00:00+00:00, run_after=2025-05-21 00:00:00+00:00
[2025-05-21T23:15:38.630+0000] {processor.py:208} INFO - Processing /home/airflow/.local/lib/python3.12/site-packages/airflow/example_dags/tutorial.py took 0.634 seconds
[2025-05-21T23:16:08.796+0000] {processor.py:186} INFO - Started process (PID=151) to work on /home/airflow/.local/lib/python3.12/site-packages/airflow/example_dags/tutorial.py
[2025-05-21T23:16:08.798+0000] {processor.py:914} INFO - Processing file /home/airflow/.local/lib/python3.12/site-packages/airflow/example_dags/tutorial.py for tasks to queue
[2025-05-21T23:16:08.804+0000] {logging_mixin.py:190} INFO - [2025-05-21T23:16:08.803+0000] {dagbag.py:588} INFO - Filling up the DagBag from /home/airflow/.local/lib/python3.12/site-packages/airflow/example_dags/tutorial.py
[2025-05-21T23:16:08.829+0000] {processor.py:925} INFO - DAG(s) 'tutorial' retrieved from /home/airflow/.local/lib/python3.12/site-packages/airflow/example_dags/tutorial.py
[2025-05-21T23:16:08.880+0000] {logging_mixin.py:190} INFO - [2025-05-21T23:16:08.880+0000] {dag.py:3239} INFO - Sync 1 DAGs
[2025-05-21T23:16:08.956+0000] {logging_mixin.py:190} INFO - [2025-05-21T23:16:08.955+0000] {dag.py:4180} INFO - Setting next_dagrun for tutorial to 2025-05-20 00:00:00+00:00, run_after=2025-05-21 00:00:00+00:00
[2025-05-21T23:16:09.008+0000] {processor.py:208} INFO - Processing /home/airflow/.local/lib/python3.12/site-packages/airflow/example_dags/tutorial.py took 0.222 seconds
[2025-05-21T23:16:39.264+0000] {processor.py:186} INFO - Started process (PID=217) to work on /home/airflow/.local/lib/python3.12/site-packages/airflow/example_dags/tutorial.py
[2025-05-21T23:16:39.266+0000] {processor.py:914} INFO - Processing file /home/airflow/.local/lib/python3.12/site-packages/airflow/example_dags/tutorial.py for tasks to queue
[2025-05-21T23:16:39.274+0000] {logging_mixin.py:190} INFO - [2025-05-21T23:16:39.273+0000] {dagbag.py:588} INFO - Filling up the DagBag from /home/airflow/.local/lib/python3.12/site-packages/airflow/example_dags/tutorial.py
[2025-05-21T23:16:39.302+0000] {processor.py:925} INFO - DAG(s) 'tutorial' retrieved from /home/airflow/.local/lib/python3.12/site-packages/airflow/example_dags/tutorial.py
[2025-05-21T23:16:39.362+0000] {logging_mixin.py:190} INFO - [2025-05-21T23:16:39.361+0000] {dag.py:3239} INFO - Sync 1 DAGs
[2025-05-21T23:16:39.416+0000] {logging_mixin.py:190} INFO - [2025-05-21T23:16:39.416+0000] {dag.py:4180} INFO - Setting next_dagrun for tutorial to 2025-05-20 00:00:00+00:00, run_after=2025-05-21 00:00:00+00:00
[2025-05-21T23:16:39.458+0000] {processor.py:208} INFO - Processing /home/airflow/.local/lib/python3.12/site-packages/airflow/example_dags/tutorial.py took 0.214 seconds
[2025-05-21T23:17:09.978+0000] {processor.py:186} INFO - Started process (PID=287) to work on /home/airflow/.local/lib/python3.12/site-packages/airflow/example_dags/tutorial.py
[2025-05-21T23:17:09.980+0000] {processor.py:914} INFO - Processing file /home/airflow/.local/lib/python3.12/site-packages/airflow/example_dags/tutorial.py for tasks to queue
[2025-05-21T23:17:09.987+0000] {logging_mixin.py:190} INFO - [2025-05-21T23:17:09.986+0000] {dagbag.py:588} INFO - Filling up the DagBag from /home/airflow/.local/lib/python3.12/site-packages/airflow/example_dags/tutorial.py
[2025-05-21T23:17:10.006+0000] {processor.py:925} INFO - DAG(s) 'tutorial' retrieved from /home/airflow/.local/lib/python3.12/site-packages/airflow/example_dags/tutorial.py
[2025-05-21T23:17:10.056+0000] {logging_mixin.py:190} INFO - [2025-05-21T23:17:10.055+0000] {dag.py:3239} INFO - Sync 1 DAGs
[2025-05-21T23:17:10.121+0000] {logging_mixin.py:190} INFO - [2025-05-21T23:17:10.120+0000] {dag.py:4180} INFO - Setting next_dagrun for tutorial to 2025-05-20 00:00:00+00:00, run_after=2025-05-21 00:00:00+00:00
[2025-05-21T23:17:10.200+0000] {processor.py:208} INFO - Processing /home/airflow/.local/lib/python3.12/site-packages/airflow/example_dags/tutorial.py took 0.239 seconds
[2025-05-21T23:17:40.827+0000] {processor.py:186} INFO - Started process (PID=353) to work on /home/airflow/.local/lib/python3.12/site-packages/airflow/example_dags/tutorial.py
[2025-05-21T23:17:40.830+0000] {processor.py:914} INFO - Processing file /home/airflow/.local/lib/python3.12/site-packages/airflow/example_dags/tutorial.py for tasks to queue
[2025-05-21T23:17:40.834+0000] {logging_mixin.py:190} INFO - [2025-05-21T23:17:40.833+0000] {dagbag.py:588} INFO - Filling up the DagBag from /home/airflow/.local/lib/python3.12/site-packages/airflow/example_dags/tutorial.py
[2025-05-21T23:17:40.851+0000] {processor.py:925} INFO - DAG(s) 'tutorial' retrieved from /home/airflow/.local/lib/python3.12/site-packages/airflow/example_dags/tutorial.py
[2025-05-21T23:17:40.896+0000] {logging_mixin.py:190} INFO - [2025-05-21T23:17:40.895+0000] {dag.py:3239} INFO - Sync 1 DAGs
[2025-05-21T23:17:40.972+0000] {logging_mixin.py:190} INFO - [2025-05-21T23:17:40.971+0000] {dag.py:4180} INFO - Setting next_dagrun for tutorial to 2025-05-20 00:00:00+00:00, run_after=2025-05-21 00:00:00+00:00
[2025-05-21T23:17:41.021+0000] {processor.py:208} INFO - Processing /home/airflow/.local/lib/python3.12/site-packages/airflow/example_dags/tutorial.py took 0.205 seconds
[2025-05-21T23:18:11.170+0000] {processor.py:186} INFO - Started process (PID=419) to work on /home/airflow/.local/lib/python3.12/site-packages/airflow/example_dags/tutorial.py
[2025-05-21T23:18:11.172+0000] {processor.py:914} INFO - Processing file /home/airflow/.local/lib/python3.12/site-packages/airflow/example_dags/tutorial.py for tasks to queue
[2025-05-21T23:18:11.177+0000] {logging_mixin.py:190} INFO - [2025-05-21T23:18:11.177+0000] {dagbag.py:588} INFO - Filling up the DagBag from /home/airflow/.local/lib/python3.12/site-packages/airflow/example_dags/tutorial.py
[2025-05-21T23:18:11.194+0000] {processor.py:925} INFO - DAG(s) 'tutorial' retrieved from /home/airflow/.local/lib/python3.12/site-packages/airflow/example_dags/tutorial.py
[2025-05-21T23:18:11.236+0000] {logging_mixin.py:190} INFO - [2025-05-21T23:18:11.235+0000] {dag.py:3239} INFO - Sync 1 DAGs
[2025-05-21T23:18:11.285+0000] {logging_mixin.py:190} INFO - [2025-05-21T23:18:11.284+0000] {dag.py:4180} INFO - Setting next_dagrun for tutorial to 2025-05-20 00:00:00+00:00, run_after=2025-05-21 00:00:00+00:00
[2025-05-21T23:18:11.335+0000] {processor.py:208} INFO - Processing /home/airflow/.local/lib/python3.12/site-packages/airflow/example_dags/tutorial.py took 0.177 seconds
[2025-05-21T23:18:42.124+0000] {processor.py:186} INFO - Started process (PID=485) to work on /home/airflow/.local/lib/python3.12/site-packages/airflow/example_dags/tutorial.py
[2025-05-21T23:18:42.126+0000] {processor.py:914} INFO - Processing file /home/airflow/.local/lib/python3.12/site-packages/airflow/example_dags/tutorial.py for tasks to queue
[2025-05-21T23:18:42.131+0000] {logging_mixin.py:190} INFO - [2025-05-21T23:18:42.130+0000] {dagbag.py:588} INFO - Filling up the DagBag from /home/airflow/.local/lib/python3.12/site-packages/airflow/example_dags/tutorial.py
[2025-05-21T23:18:42.147+0000] {processor.py:925} INFO - DAG(s) 'tutorial' retrieved from /home/airflow/.local/lib/python3.12/site-packages/airflow/example_dags/tutorial.py
[2025-05-21T23:18:42.191+0000] {logging_mixin.py:190} INFO - [2025-05-21T23:18:42.191+0000] {dag.py:3239} INFO - Sync 1 DAGs
[2025-05-21T23:18:42.242+0000] {logging_mixin.py:190} INFO - [2025-05-21T23:18:42.241+0000] {dag.py:4180} INFO - Setting next_dagrun for tutorial to 2025-05-20 00:00:00+00:00, run_after=2025-05-21 00:00:00+00:00
[2025-05-21T23:18:42.281+0000] {processor.py:208} INFO - Processing /home/airflow/.local/lib/python3.12/site-packages/airflow/example_dags/tutorial.py took 0.168 seconds
[2025-05-21T23:19:13.063+0000] {processor.py:186} INFO - Started process (PID=542) to work on /home/airflow/.local/lib/python3.12/site-packages/airflow/example_dags/tutorial.py
[2025-05-21T23:19:13.065+0000] {processor.py:914} INFO - Processing file /home/airflow/.local/lib/python3.12/site-packages/airflow/example_dags/tutorial.py for tasks to queue
[2025-05-21T23:19:13.070+0000] {logging_mixin.py:190} INFO - [2025-05-21T23:19:13.069+0000] {dagbag.py:588} INFO - Filling up the DagBag from /home/airflow/.local/lib/python3.12/site-packages/airflow/example_dags/tutorial.py
[2025-05-21T23:19:13.088+0000] {processor.py:925} INFO - DAG(s) 'tutorial' retrieved from /home/airflow/.local/lib/python3.12/site-packages/airflow/example_dags/tutorial.py
[2025-05-21T23:19:13.131+0000] {logging_mixin.py:190} INFO - [2025-05-21T23:19:13.130+0000] {dag.py:3239} INFO - Sync 1 DAGs
[2025-05-21T23:19:13.177+0000] {logging_mixin.py:190} INFO - [2025-05-21T23:19:13.177+0000] {dag.py:4180} INFO - Setting next_dagrun for tutorial to 2025-05-20 00:00:00+00:00, run_after=2025-05-21 00:00:00+00:00
[2025-05-21T23:19:13.271+0000] {processor.py:208} INFO - Processing /home/airflow/.local/lib/python3.12/site-packages/airflow/example_dags/tutorial.py took 0.219 seconds
[2025-05-21T23:19:44.879+0000] {processor.py:186} INFO - Started process (PID=608) to work on /home/airflow/.local/lib/python3.12/site-packages/airflow/example_dags/tutorial.py
[2025-05-21T23:19:44.881+0000] {processor.py:914} INFO - Processing file /home/airflow/.local/lib/python3.12/site-packages/airflow/example_dags/tutorial.py for tasks to queue
[2025-05-21T23:19:44.885+0000] {logging_mixin.py:190} INFO - [2025-05-21T23:19:44.884+0000] {dagbag.py:588} INFO - Filling up the DagBag from /home/airflow/.local/lib/python3.12/site-packages/airflow/example_dags/tutorial.py
[2025-05-21T23:19:44.899+0000] {processor.py:925} INFO - DAG(s) 'tutorial' retrieved from /home/airflow/.local/lib/python3.12/site-packages/airflow/example_dags/tutorial.py
[2025-05-21T23:19:44.940+0000] {logging_mixin.py:190} INFO - [2025-05-21T23:19:44.939+0000] {dag.py:3239} INFO - Sync 1 DAGs
[2025-05-21T23:19:44.986+0000] {logging_mixin.py:190} INFO - [2025-05-21T23:19:44.985+0000] {dag.py:4180} INFO - Setting next_dagrun for tutorial to 2025-05-20 00:00:00+00:00, run_after=2025-05-21 00:00:00+00:00
[2025-05-21T23:19:45.025+0000] {processor.py:208} INFO - Processing /home/airflow/.local/lib/python3.12/site-packages/airflow/example_dags/tutorial.py took 0.158 seconds
[2025-05-21T23:20:15.314+0000] {processor.py:186} INFO - Started process (PID=673) to work on /home/airflow/.local/lib/python3.12/site-packages/airflow/example_dags/tutorial.py
[2025-05-21T23:20:15.316+0000] {processor.py:914} INFO - Processing file /home/airflow/.local/lib/python3.12/site-packages/airflow/example_dags/tutorial.py for tasks to queue
[2025-05-21T23:20:15.321+0000] {logging_mixin.py:190} INFO - [2025-05-21T23:20:15.320+0000] {dagbag.py:588} INFO - Filling up the DagBag from /home/airflow/.local/lib/python3.12/site-packages/airflow/example_dags/tutorial.py
[2025-05-21T23:20:15.336+0000] {processor.py:925} INFO - DAG(s) 'tutorial' retrieved from /home/airflow/.local/lib/python3.12/site-packages/airflow/example_dags/tutorial.py
[2025-05-21T23:20:15.377+0000] {logging_mixin.py:190} INFO - [2025-05-21T23:20:15.376+0000] {dag.py:3239} INFO - Sync 1 DAGs
[2025-05-21T23:20:15.435+0000] {logging_mixin.py:190} INFO - [2025-05-21T23:20:15.435+0000] {dag.py:4180} INFO - Setting next_dagrun for tutorial to 2025-05-20 00:00:00+00:00, run_after=2025-05-21 00:00:00+00:00
[2025-05-21T23:20:15.537+0000] {processor.py:208} INFO - Processing /home/airflow/.local/lib/python3.12/site-packages/airflow/example_dags/tutorial.py took 0.233 seconds
[2025-05-21T23:20:45.741+0000] {processor.py:186} INFO - Started process (PID=737) to work on /home/airflow/.local/lib/python3.12/site-packages/airflow/example_dags/tutorial.py
[2025-05-21T23:20:45.743+0000] {processor.py:914} INFO - Processing file /home/airflow/.local/lib/python3.12/site-packages/airflow/example_dags/tutorial.py for tasks to queue
[2025-05-21T23:20:45.747+0000] {logging_mixin.py:190} INFO - [2025-05-21T23:20:45.747+0000] {dagbag.py:588} INFO - Filling up the DagBag from /home/airflow/.local/lib/python3.12/site-packages/airflow/example_dags/tutorial.py
[2025-05-21T23:20:45.762+0000] {processor.py:925} INFO - DAG(s) 'tutorial' retrieved from /home/airflow/.local/lib/python3.12/site-packages/airflow/example_dags/tutorial.py
[2025-05-21T23:20:45.810+0000] {logging_mixin.py:190} INFO - [2025-05-21T23:20:45.810+0000] {dag.py:3239} INFO - Sync 1 DAGs
[2025-05-21T23:20:45.875+0000] {logging_mixin.py:190} INFO - [2025-05-21T23:20:45.875+0000] {dag.py:4180} INFO - Setting next_dagrun for tutorial to 2025-05-20 00:00:00+00:00, run_after=2025-05-21 00:00:00+00:00
[2025-05-21T23:20:45.917+0000] {processor.py:208} INFO - Processing /home/airflow/.local/lib/python3.12/site-packages/airflow/example_dags/tutorial.py took 0.186 seconds
[2025-05-21T23:21:16.133+0000] {processor.py:186} INFO - Started process (PID=804) to work on /home/airflow/.local/lib/python3.12/site-packages/airflow/example_dags/tutorial.py
[2025-05-21T23:21:16.135+0000] {processor.py:914} INFO - Processing file /home/airflow/.local/lib/python3.12/site-packages/airflow/example_dags/tutorial.py for tasks to queue
[2025-05-21T23:21:16.139+0000] {logging_mixin.py:190} INFO - [2025-05-21T23:21:16.139+0000] {dagbag.py:588} INFO - Filling up the DagBag from /home/airflow/.local/lib/python3.12/site-packages/airflow/example_dags/tutorial.py
[2025-05-21T23:21:16.158+0000] {processor.py:925} INFO - DAG(s) 'tutorial' retrieved from /home/airflow/.local/lib/python3.12/site-packages/airflow/example_dags/tutorial.py
[2025-05-21T23:21:16.257+0000] {logging_mixin.py:190} INFO - [2025-05-21T23:21:16.256+0000] {dag.py:3239} INFO - Sync 1 DAGs
[2025-05-21T23:21:16.345+0000] {logging_mixin.py:190} INFO - [2025-05-21T23:21:16.345+0000] {dag.py:4180} INFO - Setting next_dagrun for tutorial to 2025-05-20 00:00:00+00:00, run_after=2025-05-21 00:00:00+00:00
[2025-05-21T23:21:16.455+0000] {processor.py:208} INFO - Processing /home/airflow/.local/lib/python3.12/site-packages/airflow/example_dags/tutorial.py took 0.332 seconds
[2025-05-21T23:21:46.946+0000] {processor.py:186} INFO - Started process (PID=876) to work on /home/airflow/.local/lib/python3.12/site-packages/airflow/example_dags/tutorial.py
[2025-05-21T23:21:46.948+0000] {processor.py:914} INFO - Processing file /home/airflow/.local/lib/python3.12/site-packages/airflow/example_dags/tutorial.py for tasks to queue
[2025-05-21T23:21:46.954+0000] {logging_mixin.py:190} INFO - [2025-05-21T23:21:46.954+0000] {dagbag.py:588} INFO - Filling up the DagBag from /home/airflow/.local/lib/python3.12/site-packages/airflow/example_dags/tutorial.py
[2025-05-21T23:21:46.975+0000] {processor.py:925} INFO - DAG(s) 'tutorial' retrieved from /home/airflow/.local/lib/python3.12/site-packages/airflow/example_dags/tutorial.py
[2025-05-21T23:21:47.033+0000] {logging_mixin.py:190} INFO - [2025-05-21T23:21:47.032+0000] {dag.py:3239} INFO - Sync 1 DAGs
[2025-05-21T23:21:47.085+0000] {logging_mixin.py:190} INFO - [2025-05-21T23:21:47.084+0000] {dag.py:4180} INFO - Setting next_dagrun for tutorial to 2025-05-20 00:00:00+00:00, run_after=2025-05-21 00:00:00+00:00
[2025-05-21T23:21:47.194+0000] {processor.py:208} INFO - Processing /home/airflow/.local/lib/python3.12/site-packages/airflow/example_dags/tutorial.py took 0.266 seconds
[2025-05-21T23:22:17.695+0000] {processor.py:186} INFO - Started process (PID=942) to work on /home/airflow/.local/lib/python3.12/site-packages/airflow/example_dags/tutorial.py
[2025-05-21T23:22:17.698+0000] {processor.py:914} INFO - Processing file /home/airflow/.local/lib/python3.12/site-packages/airflow/example_dags/tutorial.py for tasks to queue
[2025-05-21T23:22:17.703+0000] {logging_mixin.py:190} INFO - [2025-05-21T23:22:17.702+0000] {dagbag.py:588} INFO - Filling up the DagBag from /home/airflow/.local/lib/python3.12/site-packages/airflow/example_dags/tutorial.py
[2025-05-21T23:22:17.721+0000] {processor.py:925} INFO - DAG(s) 'tutorial' retrieved from /home/airflow/.local/lib/python3.12/site-packages/airflow/example_dags/tutorial.py
[2025-05-21T23:22:17.766+0000] {logging_mixin.py:190} INFO - [2025-05-21T23:22:17.766+0000] {dag.py:3239} INFO - Sync 1 DAGs
[2025-05-21T23:22:17.823+0000] {logging_mixin.py:190} INFO - [2025-05-21T23:22:17.822+0000] {dag.py:4180} INFO - Setting next_dagrun for tutorial to 2025-05-20 00:00:00+00:00, run_after=2025-05-21 00:00:00+00:00
[2025-05-21T23:22:17.935+0000] {processor.py:208} INFO - Processing /home/airflow/.local/lib/python3.12/site-packages/airflow/example_dags/tutorial.py took 0.254 seconds
[2025-05-21T23:22:48.246+0000] {processor.py:186} INFO - Started process (PID=1007) to work on /home/airflow/.local/lib/python3.12/site-packages/airflow/example_dags/tutorial.py
[2025-05-21T23:22:48.248+0000] {processor.py:914} INFO - Processing file /home/airflow/.local/lib/python3.12/site-packages/airflow/example_dags/tutorial.py for tasks to queue
[2025-05-21T23:22:48.252+0000] {logging_mixin.py:190} INFO - [2025-05-21T23:22:48.252+0000] {dagbag.py:588} INFO - Filling up the DagBag from /home/airflow/.local/lib/python3.12/site-packages/airflow/example_dags/tutorial.py
[2025-05-21T23:22:48.267+0000] {processor.py:925} INFO - DAG(s) 'tutorial' retrieved from /home/airflow/.local/lib/python3.12/site-packages/airflow/example_dags/tutorial.py
[2025-05-21T23:22:48.314+0000] {logging_mixin.py:190} INFO - [2025-05-21T23:22:48.313+0000] {dag.py:3239} INFO - Sync 1 DAGs
[2025-05-21T23:22:48.367+0000] {logging_mixin.py:190} INFO - [2025-05-21T23:22:48.367+0000] {dag.py:4180} INFO - Setting next_dagrun for tutorial to 2025-05-20 00:00:00+00:00, run_after=2025-05-21 00:00:00+00:00
[2025-05-21T23:22:48.472+0000] {processor.py:208} INFO - Processing /home/airflow/.local/lib/python3.12/site-packages/airflow/example_dags/tutorial.py took 0.240 seconds
[2025-05-21T23:23:18.626+0000] {processor.py:186} INFO - Started process (PID=1072) to work on /home/airflow/.local/lib/python3.12/site-packages/airflow/example_dags/tutorial.py
[2025-05-21T23:23:18.628+0000] {processor.py:914} INFO - Processing file /home/airflow/.local/lib/python3.12/site-packages/airflow/example_dags/tutorial.py for tasks to queue
[2025-05-21T23:23:18.633+0000] {logging_mixin.py:190} INFO - [2025-05-21T23:23:18.632+0000] {dagbag.py:588} INFO - Filling up the DagBag from /home/airflow/.local/lib/python3.12/site-packages/airflow/example_dags/tutorial.py
[2025-05-21T23:23:18.650+0000] {processor.py:925} INFO - DAG(s) 'tutorial' retrieved from /home/airflow/.local/lib/python3.12/site-packages/airflow/example_dags/tutorial.py
[2025-05-21T23:23:18.695+0000] {logging_mixin.py:190} INFO - [2025-05-21T23:23:18.694+0000] {dag.py:3239} INFO - Sync 1 DAGs
[2025-05-21T23:23:18.749+0000] {logging_mixin.py:190} INFO - [2025-05-21T23:23:18.748+0000] {dag.py:4180} INFO - Setting next_dagrun for tutorial to 2025-05-20 00:00:00+00:00, run_after=2025-05-21 00:00:00+00:00
[2025-05-21T23:23:18.787+0000] {processor.py:208} INFO - Processing /home/airflow/.local/lib/python3.12/site-packages/airflow/example_dags/tutorial.py took 0.174 seconds
[2025-05-21T23:23:49.066+0000] {processor.py:186} INFO - Started process (PID=1138) to work on /home/airflow/.local/lib/python3.12/site-packages/airflow/example_dags/tutorial.py
[2025-05-21T23:23:49.068+0000] {processor.py:914} INFO - Processing file /home/airflow/.local/lib/python3.12/site-packages/airflow/example_dags/tutorial.py for tasks to queue
[2025-05-21T23:23:49.073+0000] {logging_mixin.py:190} INFO - [2025-05-21T23:23:49.072+0000] {dagbag.py:588} INFO - Filling up the DagBag from /home/airflow/.local/lib/python3.12/site-packages/airflow/example_dags/tutorial.py
[2025-05-21T23:23:49.087+0000] {processor.py:925} INFO - DAG(s) 'tutorial' retrieved from /home/airflow/.local/lib/python3.12/site-packages/airflow/example_dags/tutorial.py
[2025-05-21T23:23:49.127+0000] {logging_mixin.py:190} INFO - [2025-05-21T23:23:49.127+0000] {dag.py:3239} INFO - Sync 1 DAGs
[2025-05-21T23:23:49.183+0000] {logging_mixin.py:190} INFO - [2025-05-21T23:23:49.182+0000] {dag.py:4180} INFO - Setting next_dagrun for tutorial to 2025-05-20 00:00:00+00:00, run_after=2025-05-21 00:00:00+00:00
[2025-05-21T23:23:49.220+0000] {processor.py:208} INFO - Processing /home/airflow/.local/lib/python3.12/site-packages/airflow/example_dags/tutorial.py took 0.167 seconds
[2025-05-21T23:24:19.764+0000] {processor.py:186} INFO - Started process (PID=1204) to work on /home/airflow/.local/lib/python3.12/site-packages/airflow/example_dags/tutorial.py
[2025-05-21T23:24:19.766+0000] {processor.py:914} INFO - Processing file /home/airflow/.local/lib/python3.12/site-packages/airflow/example_dags/tutorial.py for tasks to queue
[2025-05-21T23:24:19.770+0000] {logging_mixin.py:190} INFO - [2025-05-21T23:24:19.770+0000] {dagbag.py:588} INFO - Filling up the DagBag from /home/airflow/.local/lib/python3.12/site-packages/airflow/example_dags/tutorial.py
[2025-05-21T23:24:19.787+0000] {processor.py:925} INFO - DAG(s) 'tutorial' retrieved from /home/airflow/.local/lib/python3.12/site-packages/airflow/example_dags/tutorial.py
[2025-05-21T23:24:19.828+0000] {logging_mixin.py:190} INFO - [2025-05-21T23:24:19.828+0000] {dag.py:3239} INFO - Sync 1 DAGs
[2025-05-21T23:24:19.876+0000] {logging_mixin.py:190} INFO - [2025-05-21T23:24:19.875+0000] {dag.py:4180} INFO - Setting next_dagrun for tutorial to 2025-05-20 00:00:00+00:00, run_after=2025-05-21 00:00:00+00:00
[2025-05-21T23:24:19.914+0000] {processor.py:208} INFO - Processing /home/airflow/.local/lib/python3.12/site-packages/airflow/example_dags/tutorial.py took 0.162 seconds
[2025-05-21T23:24:50.890+0000] {processor.py:186} INFO - Started process (PID=1271) to work on /home/airflow/.local/lib/python3.12/site-packages/airflow/example_dags/tutorial.py
[2025-05-21T23:24:50.893+0000] {processor.py:914} INFO - Processing file /home/airflow/.local/lib/python3.12/site-packages/airflow/example_dags/tutorial.py for tasks to queue
[2025-05-21T23:24:50.898+0000] {logging_mixin.py:190} INFO - [2025-05-21T23:24:50.897+0000] {dagbag.py:588} INFO - Filling up the DagBag from /home/airflow/.local/lib/python3.12/site-packages/airflow/example_dags/tutorial.py
[2025-05-21T23:24:50.914+0000] {processor.py:925} INFO - DAG(s) 'tutorial' retrieved from /home/airflow/.local/lib/python3.12/site-packages/airflow/example_dags/tutorial.py
[2025-05-21T23:24:50.953+0000] {logging_mixin.py:190} INFO - [2025-05-21T23:24:50.953+0000] {dag.py:3239} INFO - Sync 1 DAGs
[2025-05-21T23:24:51.003+0000] {logging_mixin.py:190} INFO - [2025-05-21T23:24:51.002+0000] {dag.py:4180} INFO - Setting next_dagrun for tutorial to 2025-05-20 00:00:00+00:00, run_after=2025-05-21 00:00:00+00:00
[2025-05-21T23:24:51.104+0000] {processor.py:208} INFO - Processing /home/airflow/.local/lib/python3.12/site-packages/airflow/example_dags/tutorial.py took 0.226 seconds
[2025-05-21T23:25:21.550+0000] {processor.py:186} INFO - Started process (PID=1337) to work on /home/airflow/.local/lib/python3.12/site-packages/airflow/example_dags/tutorial.py
[2025-05-21T23:25:21.552+0000] {processor.py:914} INFO - Processing file /home/airflow/.local/lib/python3.12/site-packages/airflow/example_dags/tutorial.py for tasks to queue
[2025-05-21T23:25:21.556+0000] {logging_mixin.py:190} INFO - [2025-05-21T23:25:21.555+0000] {dagbag.py:588} INFO - Filling up the DagBag from /home/airflow/.local/lib/python3.12/site-packages/airflow/example_dags/tutorial.py
[2025-05-21T23:25:21.582+0000] {processor.py:925} INFO - DAG(s) 'tutorial' retrieved from /home/airflow/.local/lib/python3.12/site-packages/airflow/example_dags/tutorial.py
[2025-05-21T23:25:21.637+0000] {logging_mixin.py:190} INFO - [2025-05-21T23:25:21.637+0000] {dag.py:3239} INFO - Sync 1 DAGs
[2025-05-21T23:25:21.691+0000] {logging_mixin.py:190} INFO - [2025-05-21T23:25:21.691+0000] {dag.py:4180} INFO - Setting next_dagrun for tutorial to 2025-05-20 00:00:00+00:00, run_after=2025-05-21 00:00:00+00:00
[2025-05-21T23:25:21.800+0000] {processor.py:208} INFO - Processing /home/airflow/.local/lib/python3.12/site-packages/airflow/example_dags/tutorial.py took 0.265 seconds
[2025-05-21T23:25:51.964+0000] {processor.py:186} INFO - Started process (PID=1403) to work on /home/airflow/.local/lib/python3.12/site-packages/airflow/example_dags/tutorial.py
[2025-05-21T23:25:51.967+0000] {processor.py:914} INFO - Processing file /home/airflow/.local/lib/python3.12/site-packages/airflow/example_dags/tutorial.py for tasks to queue
[2025-05-21T23:25:51.972+0000] {logging_mixin.py:190} INFO - [2025-05-21T23:25:51.972+0000] {dagbag.py:588} INFO - Filling up the DagBag from /home/airflow/.local/lib/python3.12/site-packages/airflow/example_dags/tutorial.py
[2025-05-21T23:25:51.989+0000] {processor.py:925} INFO - DAG(s) 'tutorial' retrieved from /home/airflow/.local/lib/python3.12/site-packages/airflow/example_dags/tutorial.py
[2025-05-21T23:25:52.064+0000] {logging_mixin.py:190} INFO - [2025-05-21T23:25:52.063+0000] {dag.py:3239} INFO - Sync 1 DAGs
[2025-05-21T23:25:52.131+0000] {logging_mixin.py:190} INFO - [2025-05-21T23:25:52.131+0000] {dag.py:4180} INFO - Setting next_dagrun for tutorial to 2025-05-20 00:00:00+00:00, run_after=2025-05-21 00:00:00+00:00
[2025-05-21T23:25:52.237+0000] {processor.py:208} INFO - Processing /home/airflow/.local/lib/python3.12/site-packages/airflow/example_dags/tutorial.py took 0.286 seconds
[2025-05-21T23:26:22.355+0000] {processor.py:186} INFO - Started process (PID=1469) to work on /home/airflow/.local/lib/python3.12/site-packages/airflow/example_dags/tutorial.py
[2025-05-21T23:26:22.358+0000] {processor.py:914} INFO - Processing file /home/airflow/.local/lib/python3.12/site-packages/airflow/example_dags/tutorial.py for tasks to queue
[2025-05-21T23:26:22.362+0000] {logging_mixin.py:190} INFO - [2025-05-21T23:26:22.361+0000] {dagbag.py:588} INFO - Filling up the DagBag from /home/airflow/.local/lib/python3.12/site-packages/airflow/example_dags/tutorial.py
[2025-05-21T23:26:22.380+0000] {processor.py:925} INFO - DAG(s) 'tutorial' retrieved from /home/airflow/.local/lib/python3.12/site-packages/airflow/example_dags/tutorial.py
[2025-05-21T23:26:22.424+0000] {logging_mixin.py:190} INFO - [2025-05-21T23:26:22.424+0000] {dag.py:3239} INFO - Sync 1 DAGs
[2025-05-21T23:26:22.472+0000] {logging_mixin.py:190} INFO - [2025-05-21T23:26:22.472+0000] {dag.py:4180} INFO - Setting next_dagrun for tutorial to 2025-05-20 00:00:00+00:00, run_after=2025-05-21 00:00:00+00:00
[2025-05-21T23:26:22.580+0000] {processor.py:208} INFO - Processing /home/airflow/.local/lib/python3.12/site-packages/airflow/example_dags/tutorial.py took 0.239 seconds
[2025-05-21T23:26:52.723+0000] {processor.py:186} INFO - Started process (PID=1535) to work on /home/airflow/.local/lib/python3.12/site-packages/airflow/example_dags/tutorial.py
[2025-05-21T23:26:52.725+0000] {processor.py:914} INFO - Processing file /home/airflow/.local/lib/python3.12/site-packages/airflow/example_dags/tutorial.py for tasks to queue
[2025-05-21T23:26:52.730+0000] {logging_mixin.py:190} INFO - [2025-05-21T23:26:52.730+0000] {dagbag.py:588} INFO - Filling up the DagBag from /home/airflow/.local/lib/python3.12/site-packages/airflow/example_dags/tutorial.py
[2025-05-21T23:26:52.747+0000] {processor.py:925} INFO - DAG(s) 'tutorial' retrieved from /home/airflow/.local/lib/python3.12/site-packages/airflow/example_dags/tutorial.py
[2025-05-21T23:26:52.792+0000] {logging_mixin.py:190} INFO - [2025-05-21T23:26:52.791+0000] {dag.py:3239} INFO - Sync 1 DAGs
[2025-05-21T23:26:52.839+0000] {logging_mixin.py:190} INFO - [2025-05-21T23:26:52.838+0000] {dag.py:4180} INFO - Setting next_dagrun for tutorial to 2025-05-20 00:00:00+00:00, run_after=2025-05-21 00:00:00+00:00
[2025-05-21T23:26:52.946+0000] {processor.py:208} INFO - Processing /home/airflow/.local/lib/python3.12/site-packages/airflow/example_dags/tutorial.py took 0.235 seconds
[2025-05-21T23:27:23.247+0000] {processor.py:186} INFO - Started process (PID=1601) to work on /home/airflow/.local/lib/python3.12/site-packages/airflow/example_dags/tutorial.py
[2025-05-21T23:27:23.249+0000] {processor.py:914} INFO - Processing file /home/airflow/.local/lib/python3.12/site-packages/airflow/example_dags/tutorial.py for tasks to queue
[2025-05-21T23:27:23.254+0000] {logging_mixin.py:190} INFO - [2025-05-21T23:27:23.253+0000] {dagbag.py:588} INFO - Filling up the DagBag from /home/airflow/.local/lib/python3.12/site-packages/airflow/example_dags/tutorial.py
[2025-05-21T23:27:23.270+0000] {processor.py:925} INFO - DAG(s) 'tutorial' retrieved from /home/airflow/.local/lib/python3.12/site-packages/airflow/example_dags/tutorial.py
[2025-05-21T23:27:23.313+0000] {logging_mixin.py:190} INFO - [2025-05-21T23:27:23.313+0000] {dag.py:3239} INFO - Sync 1 DAGs
[2025-05-21T23:27:23.362+0000] {logging_mixin.py:190} INFO - [2025-05-21T23:27:23.362+0000] {dag.py:4180} INFO - Setting next_dagrun for tutorial to 2025-05-20 00:00:00+00:00, run_after=2025-05-21 00:00:00+00:00
[2025-05-21T23:27:23.401+0000] {processor.py:208} INFO - Processing /home/airflow/.local/lib/python3.12/site-packages/airflow/example_dags/tutorial.py took 0.167 seconds
[2025-05-21T23:27:53.861+0000] {processor.py:186} INFO - Started process (PID=1667) to work on /home/airflow/.local/lib/python3.12/site-packages/airflow/example_dags/tutorial.py
[2025-05-21T23:27:53.863+0000] {processor.py:914} INFO - Processing file /home/airflow/.local/lib/python3.12/site-packages/airflow/example_dags/tutorial.py for tasks to queue
[2025-05-21T23:27:53.867+0000] {logging_mixin.py:190} INFO - [2025-05-21T23:27:53.867+0000] {dagbag.py:588} INFO - Filling up the DagBag from /home/airflow/.local/lib/python3.12/site-packages/airflow/example_dags/tutorial.py
[2025-05-21T23:27:53.882+0000] {processor.py:925} INFO - DAG(s) 'tutorial' retrieved from /home/airflow/.local/lib/python3.12/site-packages/airflow/example_dags/tutorial.py
[2025-05-21T23:27:53.924+0000] {logging_mixin.py:190} INFO - [2025-05-21T23:27:53.924+0000] {dag.py:3239} INFO - Sync 1 DAGs
[2025-05-21T23:27:53.969+0000] {logging_mixin.py:190} INFO - [2025-05-21T23:27:53.969+0000] {dag.py:4180} INFO - Setting next_dagrun for tutorial to 2025-05-20 00:00:00+00:00, run_after=2025-05-21 00:00:00+00:00
[2025-05-21T23:27:54.004+0000] {processor.py:208} INFO - Processing /home/airflow/.local/lib/python3.12/site-packages/airflow/example_dags/tutorial.py took 0.153 seconds
[2025-05-21T23:28:24.695+0000] {processor.py:186} INFO - Started process (PID=1733) to work on /home/airflow/.local/lib/python3.12/site-packages/airflow/example_dags/tutorial.py
[2025-05-21T23:28:24.697+0000] {processor.py:914} INFO - Processing file /home/airflow/.local/lib/python3.12/site-packages/airflow/example_dags/tutorial.py for tasks to queue
[2025-05-21T23:28:24.702+0000] {logging_mixin.py:190} INFO - [2025-05-21T23:28:24.701+0000] {dagbag.py:588} INFO - Filling up the DagBag from /home/airflow/.local/lib/python3.12/site-packages/airflow/example_dags/tutorial.py
[2025-05-21T23:28:24.718+0000] {processor.py:925} INFO - DAG(s) 'tutorial' retrieved from /home/airflow/.local/lib/python3.12/site-packages/airflow/example_dags/tutorial.py
[2025-05-21T23:28:24.760+0000] {logging_mixin.py:190} INFO - [2025-05-21T23:28:24.760+0000] {dag.py:3239} INFO - Sync 1 DAGs
[2025-05-21T23:28:24.813+0000] {logging_mixin.py:190} INFO - [2025-05-21T23:28:24.812+0000] {dag.py:4180} INFO - Setting next_dagrun for tutorial to 2025-05-20 00:00:00+00:00, run_after=2025-05-21 00:00:00+00:00
[2025-05-21T23:28:24.920+0000] {processor.py:208} INFO - Processing /home/airflow/.local/lib/python3.12/site-packages/airflow/example_dags/tutorial.py took 0.237 seconds
[2025-05-21T23:28:55.233+0000] {processor.py:186} INFO - Started process (PID=1798) to work on /home/airflow/.local/lib/python3.12/site-packages/airflow/example_dags/tutorial.py
[2025-05-21T23:28:55.236+0000] {processor.py:914} INFO - Processing file /home/airflow/.local/lib/python3.12/site-packages/airflow/example_dags/tutorial.py for tasks to queue
[2025-05-21T23:28:55.241+0000] {logging_mixin.py:190} INFO - [2025-05-21T23:28:55.240+0000] {dagbag.py:588} INFO - Filling up the DagBag from /home/airflow/.local/lib/python3.12/site-packages/airflow/example_dags/tutorial.py
[2025-05-21T23:28:55.259+0000] {processor.py:925} INFO - DAG(s) 'tutorial' retrieved from /home/airflow/.local/lib/python3.12/site-packages/airflow/example_dags/tutorial.py
[2025-05-21T23:28:55.302+0000] {logging_mixin.py:190} INFO - [2025-05-21T23:28:55.302+0000] {dag.py:3239} INFO - Sync 1 DAGs
[2025-05-21T23:28:55.352+0000] {logging_mixin.py:190} INFO - [2025-05-21T23:28:55.352+0000] {dag.py:4180} INFO - Setting next_dagrun for tutorial to 2025-05-20 00:00:00+00:00, run_after=2025-05-21 00:00:00+00:00
[2025-05-21T23:28:55.460+0000] {processor.py:208} INFO - Processing /home/airflow/.local/lib/python3.12/site-packages/airflow/example_dags/tutorial.py took 0.240 seconds
[2025-05-21T23:29:25.662+0000] {processor.py:186} INFO - Started process (PID=1864) to work on /home/airflow/.local/lib/python3.12/site-packages/airflow/example_dags/tutorial.py
[2025-05-21T23:29:25.664+0000] {processor.py:914} INFO - Processing file /home/airflow/.local/lib/python3.12/site-packages/airflow/example_dags/tutorial.py for tasks to queue
[2025-05-21T23:29:25.669+0000] {logging_mixin.py:190} INFO - [2025-05-21T23:29:25.668+0000] {dagbag.py:588} INFO - Filling up the DagBag from /home/airflow/.local/lib/python3.12/site-packages/airflow/example_dags/tutorial.py
[2025-05-21T23:29:25.686+0000] {processor.py:925} INFO - DAG(s) 'tutorial' retrieved from /home/airflow/.local/lib/python3.12/site-packages/airflow/example_dags/tutorial.py
[2025-05-21T23:29:25.729+0000] {logging_mixin.py:190} INFO - [2025-05-21T23:29:25.728+0000] {dag.py:3239} INFO - Sync 1 DAGs
[2025-05-21T23:29:25.779+0000] {logging_mixin.py:190} INFO - [2025-05-21T23:29:25.779+0000] {dag.py:4180} INFO - Setting next_dagrun for tutorial to 2025-05-20 00:00:00+00:00, run_after=2025-05-21 00:00:00+00:00
[2025-05-21T23:29:25.836+0000] {processor.py:208} INFO - Processing /home/airflow/.local/lib/python3.12/site-packages/airflow/example_dags/tutorial.py took 0.186 seconds
[2025-05-21T23:29:56.151+0000] {processor.py:186} INFO - Started process (PID=1930) to work on /home/airflow/.local/lib/python3.12/site-packages/airflow/example_dags/tutorial.py
[2025-05-21T23:29:56.154+0000] {processor.py:914} INFO - Processing file /home/airflow/.local/lib/python3.12/site-packages/airflow/example_dags/tutorial.py for tasks to queue
[2025-05-21T23:29:56.161+0000] {logging_mixin.py:190} INFO - [2025-05-21T23:29:56.160+0000] {dagbag.py:588} INFO - Filling up the DagBag from /home/airflow/.local/lib/python3.12/site-packages/airflow/example_dags/tutorial.py
[2025-05-21T23:29:56.183+0000] {processor.py:925} INFO - DAG(s) 'tutorial' retrieved from /home/airflow/.local/lib/python3.12/site-packages/airflow/example_dags/tutorial.py
[2025-05-21T23:29:56.239+0000] {logging_mixin.py:190} INFO - [2025-05-21T23:29:56.238+0000] {dag.py:3239} INFO - Sync 1 DAGs
[2025-05-21T23:29:56.298+0000] {logging_mixin.py:190} INFO - [2025-05-21T23:29:56.298+0000] {dag.py:4180} INFO - Setting next_dagrun for tutorial to 2025-05-20 00:00:00+00:00, run_after=2025-05-21 00:00:00+00:00
[2025-05-21T23:29:56.409+0000] {processor.py:208} INFO - Processing /home/airflow/.local/lib/python3.12/site-packages/airflow/example_dags/tutorial.py took 0.273 seconds
[2025-05-21T23:30:27.644+0000] {processor.py:186} INFO - Started process (PID=1996) to work on /home/airflow/.local/lib/python3.12/site-packages/airflow/example_dags/tutorial.py
[2025-05-21T23:30:27.646+0000] {processor.py:914} INFO - Processing file /home/airflow/.local/lib/python3.12/site-packages/airflow/example_dags/tutorial.py for tasks to queue
[2025-05-21T23:30:27.650+0000] {logging_mixin.py:190} INFO - [2025-05-21T23:30:27.649+0000] {dagbag.py:588} INFO - Filling up the DagBag from /home/airflow/.local/lib/python3.12/site-packages/airflow/example_dags/tutorial.py
[2025-05-21T23:30:27.664+0000] {processor.py:925} INFO - DAG(s) 'tutorial' retrieved from /home/airflow/.local/lib/python3.12/site-packages/airflow/example_dags/tutorial.py
[2025-05-21T23:30:27.703+0000] {logging_mixin.py:190} INFO - [2025-05-21T23:30:27.703+0000] {dag.py:3239} INFO - Sync 1 DAGs
[2025-05-21T23:30:27.749+0000] {logging_mixin.py:190} INFO - [2025-05-21T23:30:27.749+0000] {dag.py:4180} INFO - Setting next_dagrun for tutorial to 2025-05-20 00:00:00+00:00, run_after=2025-05-21 00:00:00+00:00
[2025-05-21T23:30:27.848+0000] {processor.py:208} INFO - Processing /home/airflow/.local/lib/python3.12/site-packages/airflow/example_dags/tutorial.py took 0.215 seconds
[2025-05-21T23:30:59.272+0000] {processor.py:186} INFO - Started process (PID=2062) to work on /home/airflow/.local/lib/python3.12/site-packages/airflow/example_dags/tutorial.py
[2025-05-21T23:30:59.274+0000] {processor.py:914} INFO - Processing file /home/airflow/.local/lib/python3.12/site-packages/airflow/example_dags/tutorial.py for tasks to queue
[2025-05-21T23:30:59.278+0000] {logging_mixin.py:190} INFO - [2025-05-21T23:30:59.278+0000] {dagbag.py:588} INFO - Filling up the DagBag from /home/airflow/.local/lib/python3.12/site-packages/airflow/example_dags/tutorial.py
[2025-05-21T23:30:59.293+0000] {processor.py:925} INFO - DAG(s) 'tutorial' retrieved from /home/airflow/.local/lib/python3.12/site-packages/airflow/example_dags/tutorial.py
[2025-05-21T23:30:59.334+0000] {logging_mixin.py:190} INFO - [2025-05-21T23:30:59.333+0000] {dag.py:3239} INFO - Sync 1 DAGs
[2025-05-21T23:30:59.385+0000] {logging_mixin.py:190} INFO - [2025-05-21T23:30:59.384+0000] {dag.py:4180} INFO - Setting next_dagrun for tutorial to 2025-05-20 00:00:00+00:00, run_after=2025-05-21 00:00:00+00:00
[2025-05-21T23:30:59.424+0000] {processor.py:208} INFO - Processing /home/airflow/.local/lib/python3.12/site-packages/airflow/example_dags/tutorial.py took 0.163 seconds
[2025-05-21T23:31:29.755+0000] {processor.py:186} INFO - Started process (PID=2126) to work on /home/airflow/.local/lib/python3.12/site-packages/airflow/example_dags/tutorial.py
[2025-05-21T23:31:29.757+0000] {processor.py:914} INFO - Processing file /home/airflow/.local/lib/python3.12/site-packages/airflow/example_dags/tutorial.py for tasks to queue
[2025-05-21T23:31:29.762+0000] {logging_mixin.py:190} INFO - [2025-05-21T23:31:29.761+0000] {dagbag.py:588} INFO - Filling up the DagBag from /home/airflow/.local/lib/python3.12/site-packages/airflow/example_dags/tutorial.py
[2025-05-21T23:31:29.778+0000] {processor.py:925} INFO - DAG(s) 'tutorial' retrieved from /home/airflow/.local/lib/python3.12/site-packages/airflow/example_dags/tutorial.py
[2025-05-21T23:31:29.831+0000] {logging_mixin.py:190} INFO - [2025-05-21T23:31:29.830+0000] {dag.py:3239} INFO - Sync 1 DAGs
[2025-05-21T23:31:29.890+0000] {logging_mixin.py:190} INFO - [2025-05-21T23:31:29.889+0000] {dag.py:4180} INFO - Setting next_dagrun for tutorial to 2025-05-20 00:00:00+00:00, run_after=2025-05-21 00:00:00+00:00
[2025-05-21T23:31:29.932+0000] {processor.py:208} INFO - Processing /home/airflow/.local/lib/python3.12/site-packages/airflow/example_dags/tutorial.py took 0.189 seconds
[2025-05-21T23:32:00.327+0000] {processor.py:186} INFO - Started process (PID=2192) to work on /home/airflow/.local/lib/python3.12/site-packages/airflow/example_dags/tutorial.py
[2025-05-21T23:32:00.329+0000] {processor.py:914} INFO - Processing file /home/airflow/.local/lib/python3.12/site-packages/airflow/example_dags/tutorial.py for tasks to queue
[2025-05-21T23:32:00.333+0000] {logging_mixin.py:190} INFO - [2025-05-21T23:32:00.333+0000] {dagbag.py:588} INFO - Filling up the DagBag from /home/airflow/.local/lib/python3.12/site-packages/airflow/example_dags/tutorial.py
[2025-05-21T23:32:00.349+0000] {processor.py:925} INFO - DAG(s) 'tutorial' retrieved from /home/airflow/.local/lib/python3.12/site-packages/airflow/example_dags/tutorial.py
[2025-05-21T23:32:00.394+0000] {logging_mixin.py:190} INFO - [2025-05-21T23:32:00.393+0000] {dag.py:3239} INFO - Sync 1 DAGs
[2025-05-21T23:32:00.445+0000] {logging_mixin.py:190} INFO - [2025-05-21T23:32:00.445+0000] {dag.py:4180} INFO - Setting next_dagrun for tutorial to 2025-05-20 00:00:00+00:00, run_after=2025-05-21 00:00:00+00:00
[2025-05-21T23:32:00.536+0000] {processor.py:208} INFO - Processing /home/airflow/.local/lib/python3.12/site-packages/airflow/example_dags/tutorial.py took 0.226 seconds
[2025-05-21T23:32:31.138+0000] {processor.py:186} INFO - Started process (PID=2258) to work on /home/airflow/.local/lib/python3.12/site-packages/airflow/example_dags/tutorial.py
[2025-05-21T23:32:31.140+0000] {processor.py:914} INFO - Processing file /home/airflow/.local/lib/python3.12/site-packages/airflow/example_dags/tutorial.py for tasks to queue
[2025-05-21T23:32:31.145+0000] {logging_mixin.py:190} INFO - [2025-05-21T23:32:31.145+0000] {dagbag.py:588} INFO - Filling up the DagBag from /home/airflow/.local/lib/python3.12/site-packages/airflow/example_dags/tutorial.py
[2025-05-21T23:32:31.161+0000] {processor.py:925} INFO - DAG(s) 'tutorial' retrieved from /home/airflow/.local/lib/python3.12/site-packages/airflow/example_dags/tutorial.py
[2025-05-21T23:32:31.210+0000] {logging_mixin.py:190} INFO - [2025-05-21T23:32:31.210+0000] {dag.py:3239} INFO - Sync 1 DAGs
[2025-05-21T23:32:31.261+0000] {logging_mixin.py:190} INFO - [2025-05-21T23:32:31.261+0000] {dag.py:4180} INFO - Setting next_dagrun for tutorial to 2025-05-20 00:00:00+00:00, run_after=2025-05-21 00:00:00+00:00
[2025-05-21T23:32:31.347+0000] {processor.py:208} INFO - Processing /home/airflow/.local/lib/python3.12/site-packages/airflow/example_dags/tutorial.py took 0.220 seconds
[2025-05-21T23:33:01.535+0000] {processor.py:186} INFO - Started process (PID=2324) to work on /home/airflow/.local/lib/python3.12/site-packages/airflow/example_dags/tutorial.py
[2025-05-21T23:33:01.537+0000] {processor.py:914} INFO - Processing file /home/airflow/.local/lib/python3.12/site-packages/airflow/example_dags/tutorial.py for tasks to queue
[2025-05-21T23:33:01.542+0000] {logging_mixin.py:190} INFO - [2025-05-21T23:33:01.541+0000] {dagbag.py:588} INFO - Filling up the DagBag from /home/airflow/.local/lib/python3.12/site-packages/airflow/example_dags/tutorial.py
[2025-05-21T23:33:01.568+0000] {processor.py:925} INFO - DAG(s) 'tutorial' retrieved from /home/airflow/.local/lib/python3.12/site-packages/airflow/example_dags/tutorial.py
[2025-05-21T23:33:01.615+0000] {logging_mixin.py:190} INFO - [2025-05-21T23:33:01.614+0000] {dag.py:3239} INFO - Sync 1 DAGs
[2025-05-21T23:33:01.662+0000] {logging_mixin.py:190} INFO - [2025-05-21T23:33:01.662+0000] {dag.py:4180} INFO - Setting next_dagrun for tutorial to 2025-05-20 00:00:00+00:00, run_after=2025-05-21 00:00:00+00:00
[2025-05-21T23:33:01.751+0000] {processor.py:208} INFO - Processing /home/airflow/.local/lib/python3.12/site-packages/airflow/example_dags/tutorial.py took 0.228 seconds
[2025-05-21T23:33:31.889+0000] {processor.py:186} INFO - Started process (PID=2390) to work on /home/airflow/.local/lib/python3.12/site-packages/airflow/example_dags/tutorial.py
[2025-05-21T23:33:31.891+0000] {processor.py:914} INFO - Processing file /home/airflow/.local/lib/python3.12/site-packages/airflow/example_dags/tutorial.py for tasks to queue
[2025-05-21T23:33:31.896+0000] {logging_mixin.py:190} INFO - [2025-05-21T23:33:31.895+0000] {dagbag.py:588} INFO - Filling up the DagBag from /home/airflow/.local/lib/python3.12/site-packages/airflow/example_dags/tutorial.py
[2025-05-21T23:33:31.917+0000] {processor.py:925} INFO - DAG(s) 'tutorial' retrieved from /home/airflow/.local/lib/python3.12/site-packages/airflow/example_dags/tutorial.py
[2025-05-21T23:33:31.969+0000] {logging_mixin.py:190} INFO - [2025-05-21T23:33:31.969+0000] {dag.py:3239} INFO - Sync 1 DAGs
[2025-05-21T23:33:32.029+0000] {logging_mixin.py:190} INFO - [2025-05-21T23:33:32.028+0000] {dag.py:4180} INFO - Setting next_dagrun for tutorial to 2025-05-20 00:00:00+00:00, run_after=2025-05-21 00:00:00+00:00
[2025-05-21T23:33:32.116+0000] {processor.py:208} INFO - Processing /home/airflow/.local/lib/python3.12/site-packages/airflow/example_dags/tutorial.py took 0.242 seconds
[2025-05-21T23:34:02.402+0000] {processor.py:186} INFO - Started process (PID=2456) to work on /home/airflow/.local/lib/python3.12/site-packages/airflow/example_dags/tutorial.py
[2025-05-21T23:34:02.404+0000] {processor.py:914} INFO - Processing file /home/airflow/.local/lib/python3.12/site-packages/airflow/example_dags/tutorial.py for tasks to queue
[2025-05-21T23:34:02.408+0000] {logging_mixin.py:190} INFO - [2025-05-21T23:34:02.408+0000] {dagbag.py:588} INFO - Filling up the DagBag from /home/airflow/.local/lib/python3.12/site-packages/airflow/example_dags/tutorial.py
[2025-05-21T23:34:02.425+0000] {processor.py:925} INFO - DAG(s) 'tutorial' retrieved from /home/airflow/.local/lib/python3.12/site-packages/airflow/example_dags/tutorial.py
[2025-05-21T23:34:02.474+0000] {logging_mixin.py:190} INFO - [2025-05-21T23:34:02.473+0000] {dag.py:3239} INFO - Sync 1 DAGs
[2025-05-21T23:34:02.526+0000] {logging_mixin.py:190} INFO - [2025-05-21T23:34:02.526+0000] {dag.py:4180} INFO - Setting next_dagrun for tutorial to 2025-05-20 00:00:00+00:00, run_after=2025-05-21 00:00:00+00:00
[2025-05-21T23:34:02.566+0000] {processor.py:208} INFO - Processing /home/airflow/.local/lib/python3.12/site-packages/airflow/example_dags/tutorial.py took 0.175 seconds
[2025-05-21T23:34:33.009+0000] {processor.py:186} INFO - Started process (PID=2522) to work on /home/airflow/.local/lib/python3.12/site-packages/airflow/example_dags/tutorial.py
[2025-05-21T23:34:33.011+0000] {processor.py:914} INFO - Processing file /home/airflow/.local/lib/python3.12/site-packages/airflow/example_dags/tutorial.py for tasks to queue
[2025-05-21T23:34:33.016+0000] {logging_mixin.py:190} INFO - [2025-05-21T23:34:33.015+0000] {dagbag.py:588} INFO - Filling up the DagBag from /home/airflow/.local/lib/python3.12/site-packages/airflow/example_dags/tutorial.py
[2025-05-21T23:34:33.031+0000] {processor.py:925} INFO - DAG(s) 'tutorial' retrieved from /home/airflow/.local/lib/python3.12/site-packages/airflow/example_dags/tutorial.py
[2025-05-21T23:34:33.076+0000] {logging_mixin.py:190} INFO - [2025-05-21T23:34:33.076+0000] {dag.py:3239} INFO - Sync 1 DAGs
[2025-05-21T23:34:33.124+0000] {logging_mixin.py:190} INFO - [2025-05-21T23:34:33.124+0000] {dag.py:4180} INFO - Setting next_dagrun for tutorial to 2025-05-20 00:00:00+00:00, run_after=2025-05-21 00:00:00+00:00
[2025-05-21T23:34:33.219+0000] {processor.py:208} INFO - Processing /home/airflow/.local/lib/python3.12/site-packages/airflow/example_dags/tutorial.py took 0.220 seconds
[2025-05-21T23:35:03.541+0000] {processor.py:186} INFO - Started process (PID=2588) to work on /home/airflow/.local/lib/python3.12/site-packages/airflow/example_dags/tutorial.py
[2025-05-21T23:35:03.544+0000] {processor.py:914} INFO - Processing file /home/airflow/.local/lib/python3.12/site-packages/airflow/example_dags/tutorial.py for tasks to queue
[2025-05-21T23:35:03.549+0000] {logging_mixin.py:190} INFO - [2025-05-21T23:35:03.548+0000] {dagbag.py:588} INFO - Filling up the DagBag from /home/airflow/.local/lib/python3.12/site-packages/airflow/example_dags/tutorial.py
[2025-05-21T23:35:03.564+0000] {processor.py:925} INFO - DAG(s) 'tutorial' retrieved from /home/airflow/.local/lib/python3.12/site-packages/airflow/example_dags/tutorial.py
[2025-05-21T23:35:03.606+0000] {logging_mixin.py:190} INFO - [2025-05-21T23:35:03.605+0000] {dag.py:3239} INFO - Sync 1 DAGs
[2025-05-21T23:35:03.650+0000] {logging_mixin.py:190} INFO - [2025-05-21T23:35:03.650+0000] {dag.py:4180} INFO - Setting next_dagrun for tutorial to 2025-05-20 00:00:00+00:00, run_after=2025-05-21 00:00:00+00:00
[2025-05-21T23:35:03.738+0000] {processor.py:208} INFO - Processing /home/airflow/.local/lib/python3.12/site-packages/airflow/example_dags/tutorial.py took 0.210 seconds
[2025-05-21T23:35:34.280+0000] {processor.py:186} INFO - Started process (PID=2654) to work on /home/airflow/.local/lib/python3.12/site-packages/airflow/example_dags/tutorial.py
[2025-05-21T23:35:34.282+0000] {processor.py:914} INFO - Processing file /home/airflow/.local/lib/python3.12/site-packages/airflow/example_dags/tutorial.py for tasks to queue
[2025-05-21T23:35:34.286+0000] {logging_mixin.py:190} INFO - [2025-05-21T23:35:34.286+0000] {dagbag.py:588} INFO - Filling up the DagBag from /home/airflow/.local/lib/python3.12/site-packages/airflow/example_dags/tutorial.py
[2025-05-21T23:35:34.303+0000] {processor.py:925} INFO - DAG(s) 'tutorial' retrieved from /home/airflow/.local/lib/python3.12/site-packages/airflow/example_dags/tutorial.py
[2025-05-21T23:35:34.347+0000] {logging_mixin.py:190} INFO - [2025-05-21T23:35:34.346+0000] {dag.py:3239} INFO - Sync 1 DAGs
[2025-05-21T23:35:34.394+0000] {logging_mixin.py:190} INFO - [2025-05-21T23:35:34.394+0000] {dag.py:4180} INFO - Setting next_dagrun for tutorial to 2025-05-20 00:00:00+00:00, run_after=2025-05-21 00:00:00+00:00
[2025-05-21T23:35:34.498+0000] {processor.py:208} INFO - Processing /home/airflow/.local/lib/python3.12/site-packages/airflow/example_dags/tutorial.py took 0.228 seconds
[2025-05-21T23:36:04.839+0000] {processor.py:186} INFO - Started process (PID=2719) to work on /home/airflow/.local/lib/python3.12/site-packages/airflow/example_dags/tutorial.py
[2025-05-21T23:36:04.842+0000] {processor.py:914} INFO - Processing file /home/airflow/.local/lib/python3.12/site-packages/airflow/example_dags/tutorial.py for tasks to queue
[2025-05-21T23:36:04.855+0000] {logging_mixin.py:190} INFO - [2025-05-21T23:36:04.854+0000] {dagbag.py:588} INFO - Filling up the DagBag from /home/airflow/.local/lib/python3.12/site-packages/airflow/example_dags/tutorial.py
[2025-05-21T23:36:04.880+0000] {processor.py:925} INFO - DAG(s) 'tutorial' retrieved from /home/airflow/.local/lib/python3.12/site-packages/airflow/example_dags/tutorial.py
[2025-05-21T23:36:04.933+0000] {logging_mixin.py:190} INFO - [2025-05-21T23:36:04.932+0000] {dag.py:3239} INFO - Sync 1 DAGs
[2025-05-21T23:36:05.001+0000] {logging_mixin.py:190} INFO - [2025-05-21T23:36:05.000+0000] {dag.py:4180} INFO - Setting next_dagrun for tutorial to 2025-05-20 00:00:00+00:00, run_after=2025-05-21 00:00:00+00:00
[2025-05-21T23:36:05.112+0000] {processor.py:208} INFO - Processing /home/airflow/.local/lib/python3.12/site-packages/airflow/example_dags/tutorial.py took 0.289 seconds
[2025-05-21T23:36:35.339+0000] {processor.py:186} INFO - Started process (PID=2785) to work on /home/airflow/.local/lib/python3.12/site-packages/airflow/example_dags/tutorial.py
[2025-05-21T23:36:35.341+0000] {processor.py:914} INFO - Processing file /home/airflow/.local/lib/python3.12/site-packages/airflow/example_dags/tutorial.py for tasks to queue
[2025-05-21T23:36:35.345+0000] {logging_mixin.py:190} INFO - [2025-05-21T23:36:35.344+0000] {dagbag.py:588} INFO - Filling up the DagBag from /home/airflow/.local/lib/python3.12/site-packages/airflow/example_dags/tutorial.py
[2025-05-21T23:36:35.362+0000] {processor.py:925} INFO - DAG(s) 'tutorial' retrieved from /home/airflow/.local/lib/python3.12/site-packages/airflow/example_dags/tutorial.py
[2025-05-21T23:36:35.403+0000] {logging_mixin.py:190} INFO - [2025-05-21T23:36:35.402+0000] {dag.py:3239} INFO - Sync 1 DAGs
[2025-05-21T23:36:35.459+0000] {logging_mixin.py:190} INFO - [2025-05-21T23:36:35.458+0000] {dag.py:4180} INFO - Setting next_dagrun for tutorial to 2025-05-20 00:00:00+00:00, run_after=2025-05-21 00:00:00+00:00
[2025-05-21T23:36:35.578+0000] {processor.py:208} INFO - Processing /home/airflow/.local/lib/python3.12/site-packages/airflow/example_dags/tutorial.py took 0.251 seconds
[2025-05-21T23:37:05.713+0000] {processor.py:186} INFO - Started process (PID=2851) to work on /home/airflow/.local/lib/python3.12/site-packages/airflow/example_dags/tutorial.py
[2025-05-21T23:37:05.716+0000] {processor.py:914} INFO - Processing file /home/airflow/.local/lib/python3.12/site-packages/airflow/example_dags/tutorial.py for tasks to queue
[2025-05-21T23:37:05.723+0000] {logging_mixin.py:190} INFO - [2025-05-21T23:37:05.722+0000] {dagbag.py:588} INFO - Filling up the DagBag from /home/airflow/.local/lib/python3.12/site-packages/airflow/example_dags/tutorial.py
[2025-05-21T23:37:05.739+0000] {processor.py:925} INFO - DAG(s) 'tutorial' retrieved from /home/airflow/.local/lib/python3.12/site-packages/airflow/example_dags/tutorial.py
[2025-05-21T23:37:05.777+0000] {logging_mixin.py:190} INFO - [2025-05-21T23:37:05.777+0000] {dag.py:3239} INFO - Sync 1 DAGs
[2025-05-21T23:37:05.830+0000] {logging_mixin.py:190} INFO - [2025-05-21T23:37:05.830+0000] {dag.py:4180} INFO - Setting next_dagrun for tutorial to 2025-05-20 00:00:00+00:00, run_after=2025-05-21 00:00:00+00:00
[2025-05-21T23:37:05.940+0000] {processor.py:208} INFO - Processing /home/airflow/.local/lib/python3.12/site-packages/airflow/example_dags/tutorial.py took 0.239 seconds
[2025-05-21T23:41:18.593+0000] {processor.py:186} INFO - Started process (PID=87) to work on /home/airflow/.local/lib/python3.12/site-packages/airflow/example_dags/tutorial.py
[2025-05-21T23:41:18.595+0000] {processor.py:914} INFO - Processing file /home/airflow/.local/lib/python3.12/site-packages/airflow/example_dags/tutorial.py for tasks to queue
[2025-05-21T23:41:18.599+0000] {logging_mixin.py:190} INFO - [2025-05-21T23:41:18.599+0000] {dagbag.py:588} INFO - Filling up the DagBag from /home/airflow/.local/lib/python3.12/site-packages/airflow/example_dags/tutorial.py
[2025-05-21T23:41:18.619+0000] {processor.py:925} INFO - DAG(s) 'tutorial' retrieved from /home/airflow/.local/lib/python3.12/site-packages/airflow/example_dags/tutorial.py
[2025-05-21T23:41:18.954+0000] {logging_mixin.py:190} INFO - [2025-05-21T23:41:18.953+0000] {override.py:1930} INFO - Created Permission View: can read on DAG:tutorial
[2025-05-21T23:41:18.979+0000] {logging_mixin.py:190} INFO - [2025-05-21T23:41:18.978+0000] {override.py:1930} INFO - Created Permission View: can delete on DAG:tutorial
[2025-05-21T23:41:18.996+0000] {logging_mixin.py:190} INFO - [2025-05-21T23:41:18.995+0000] {override.py:1930} INFO - Created Permission View: can edit on DAG:tutorial
[2025-05-21T23:41:19.017+0000] {logging_mixin.py:190} INFO - [2025-05-21T23:41:19.017+0000] {override.py:1930} INFO - Created Permission View: can read on DAG Run:tutorial
[2025-05-21T23:41:19.043+0000] {logging_mixin.py:190} INFO - [2025-05-21T23:41:19.042+0000] {override.py:1930} INFO - Created Permission View: can delete on DAG Run:tutorial
[2025-05-21T23:41:19.060+0000] {logging_mixin.py:190} INFO - [2025-05-21T23:41:19.059+0000] {override.py:1930} INFO - Created Permission View: menu access on DAG Run:tutorial
[2025-05-21T23:41:19.077+0000] {logging_mixin.py:190} INFO - [2025-05-21T23:41:19.076+0000] {override.py:1930} INFO - Created Permission View: can create on DAG Run:tutorial
[2025-05-21T23:41:19.079+0000] {logging_mixin.py:190} INFO - [2025-05-21T23:41:19.078+0000] {dag.py:3239} INFO - Sync 1 DAGs
[2025-05-21T23:41:19.110+0000] {logging_mixin.py:190} INFO - [2025-05-21T23:41:19.109+0000] {dag.py:3262} INFO - Creating ORM DAG for tutorial
[2025-05-21T23:41:19.133+0000] {logging_mixin.py:190} INFO - [2025-05-21T23:41:19.132+0000] {dag.py:4180} INFO - Setting next_dagrun for tutorial to 2025-05-20 00:00:00+00:00, run_after=2025-05-21 00:00:00+00:00
[2025-05-21T23:41:19.175+0000] {processor.py:208} INFO - Processing /home/airflow/.local/lib/python3.12/site-packages/airflow/example_dags/tutorial.py took 0.595 seconds
[2025-05-21T23:41:49.521+0000] {processor.py:186} INFO - Started process (PID=152) to work on /home/airflow/.local/lib/python3.12/site-packages/airflow/example_dags/tutorial.py
[2025-05-21T23:41:49.524+0000] {processor.py:914} INFO - Processing file /home/airflow/.local/lib/python3.12/site-packages/airflow/example_dags/tutorial.py for tasks to queue
[2025-05-21T23:41:49.529+0000] {logging_mixin.py:190} INFO - [2025-05-21T23:41:49.528+0000] {dagbag.py:588} INFO - Filling up the DagBag from /home/airflow/.local/lib/python3.12/site-packages/airflow/example_dags/tutorial.py
[2025-05-21T23:41:49.545+0000] {processor.py:925} INFO - DAG(s) 'tutorial' retrieved from /home/airflow/.local/lib/python3.12/site-packages/airflow/example_dags/tutorial.py
[2025-05-21T23:41:49.590+0000] {logging_mixin.py:190} INFO - [2025-05-21T23:41:49.589+0000] {dag.py:3239} INFO - Sync 1 DAGs
[2025-05-21T23:41:49.640+0000] {logging_mixin.py:190} INFO - [2025-05-21T23:41:49.639+0000] {dag.py:4180} INFO - Setting next_dagrun for tutorial to 2025-05-20 00:00:00+00:00, run_after=2025-05-21 00:00:00+00:00
[2025-05-21T23:41:49.684+0000] {processor.py:208} INFO - Processing /home/airflow/.local/lib/python3.12/site-packages/airflow/example_dags/tutorial.py took 0.176 seconds
[2025-05-21T23:42:20.329+0000] {processor.py:186} INFO - Started process (PID=218) to work on /home/airflow/.local/lib/python3.12/site-packages/airflow/example_dags/tutorial.py
[2025-05-21T23:42:20.332+0000] {processor.py:914} INFO - Processing file /home/airflow/.local/lib/python3.12/site-packages/airflow/example_dags/tutorial.py for tasks to queue
[2025-05-21T23:42:20.342+0000] {logging_mixin.py:190} INFO - [2025-05-21T23:42:20.341+0000] {dagbag.py:588} INFO - Filling up the DagBag from /home/airflow/.local/lib/python3.12/site-packages/airflow/example_dags/tutorial.py
[2025-05-21T23:42:20.409+0000] {processor.py:925} INFO - DAG(s) 'tutorial' retrieved from /home/airflow/.local/lib/python3.12/site-packages/airflow/example_dags/tutorial.py
[2025-05-21T23:42:20.511+0000] {logging_mixin.py:190} INFO - [2025-05-21T23:42:20.510+0000] {dag.py:3239} INFO - Sync 1 DAGs
[2025-05-21T23:42:20.602+0000] {logging_mixin.py:190} INFO - [2025-05-21T23:42:20.601+0000] {dag.py:4180} INFO - Setting next_dagrun for tutorial to 2025-05-20 00:00:00+00:00, run_after=2025-05-21 00:00:00+00:00
[2025-05-21T23:42:20.648+0000] {processor.py:208} INFO - Processing /home/airflow/.local/lib/python3.12/site-packages/airflow/example_dags/tutorial.py took 0.335 seconds
[2025-05-21T23:42:50.801+0000] {processor.py:186} INFO - Started process (PID=284) to work on /home/airflow/.local/lib/python3.12/site-packages/airflow/example_dags/tutorial.py
[2025-05-21T23:42:50.803+0000] {processor.py:914} INFO - Processing file /home/airflow/.local/lib/python3.12/site-packages/airflow/example_dags/tutorial.py for tasks to queue
[2025-05-21T23:42:50.808+0000] {logging_mixin.py:190} INFO - [2025-05-21T23:42:50.807+0000] {dagbag.py:588} INFO - Filling up the DagBag from /home/airflow/.local/lib/python3.12/site-packages/airflow/example_dags/tutorial.py
[2025-05-21T23:42:50.823+0000] {processor.py:925} INFO - DAG(s) 'tutorial' retrieved from /home/airflow/.local/lib/python3.12/site-packages/airflow/example_dags/tutorial.py
[2025-05-21T23:42:50.870+0000] {logging_mixin.py:190} INFO - [2025-05-21T23:42:50.870+0000] {dag.py:3239} INFO - Sync 1 DAGs
[2025-05-21T23:42:50.920+0000] {logging_mixin.py:190} INFO - [2025-05-21T23:42:50.919+0000] {dag.py:4180} INFO - Setting next_dagrun for tutorial to 2025-05-20 00:00:00+00:00, run_after=2025-05-21 00:00:00+00:00
[2025-05-21T23:42:50.998+0000] {processor.py:208} INFO - Processing /home/airflow/.local/lib/python3.12/site-packages/airflow/example_dags/tutorial.py took 0.208 seconds
[2025-05-21T23:43:21.121+0000] {processor.py:186} INFO - Started process (PID=350) to work on /home/airflow/.local/lib/python3.12/site-packages/airflow/example_dags/tutorial.py
[2025-05-21T23:43:21.123+0000] {processor.py:914} INFO - Processing file /home/airflow/.local/lib/python3.12/site-packages/airflow/example_dags/tutorial.py for tasks to queue
[2025-05-21T23:43:21.128+0000] {logging_mixin.py:190} INFO - [2025-05-21T23:43:21.127+0000] {dagbag.py:588} INFO - Filling up the DagBag from /home/airflow/.local/lib/python3.12/site-packages/airflow/example_dags/tutorial.py
[2025-05-21T23:43:21.145+0000] {processor.py:925} INFO - DAG(s) 'tutorial' retrieved from /home/airflow/.local/lib/python3.12/site-packages/airflow/example_dags/tutorial.py
[2025-05-21T23:43:21.185+0000] {logging_mixin.py:190} INFO - [2025-05-21T23:43:21.185+0000] {dag.py:3239} INFO - Sync 1 DAGs
[2025-05-21T23:43:21.236+0000] {logging_mixin.py:190} INFO - [2025-05-21T23:43:21.235+0000] {dag.py:4180} INFO - Setting next_dagrun for tutorial to 2025-05-20 00:00:00+00:00, run_after=2025-05-21 00:00:00+00:00
[2025-05-21T23:43:21.311+0000] {processor.py:208} INFO - Processing /home/airflow/.local/lib/python3.12/site-packages/airflow/example_dags/tutorial.py took 0.200 seconds
[2025-05-21T23:43:52.189+0000] {processor.py:186} INFO - Started process (PID=416) to work on /home/airflow/.local/lib/python3.12/site-packages/airflow/example_dags/tutorial.py
[2025-05-21T23:43:52.191+0000] {processor.py:914} INFO - Processing file /home/airflow/.local/lib/python3.12/site-packages/airflow/example_dags/tutorial.py for tasks to queue
[2025-05-21T23:43:52.197+0000] {logging_mixin.py:190} INFO - [2025-05-21T23:43:52.196+0000] {dagbag.py:588} INFO - Filling up the DagBag from /home/airflow/.local/lib/python3.12/site-packages/airflow/example_dags/tutorial.py
[2025-05-21T23:43:52.216+0000] {processor.py:925} INFO - DAG(s) 'tutorial' retrieved from /home/airflow/.local/lib/python3.12/site-packages/airflow/example_dags/tutorial.py
[2025-05-21T23:43:52.269+0000] {logging_mixin.py:190} INFO - [2025-05-21T23:43:52.269+0000] {dag.py:3239} INFO - Sync 1 DAGs
[2025-05-21T23:43:52.327+0000] {logging_mixin.py:190} INFO - [2025-05-21T23:43:52.327+0000] {dag.py:4180} INFO - Setting next_dagrun for tutorial to 2025-05-20 00:00:00+00:00, run_after=2025-05-21 00:00:00+00:00
[2025-05-21T23:43:52.372+0000] {processor.py:208} INFO - Processing /home/airflow/.local/lib/python3.12/site-packages/airflow/example_dags/tutorial.py took 0.195 seconds
[2025-05-21T23:44:23.125+0000] {processor.py:186} INFO - Started process (PID=482) to work on /home/airflow/.local/lib/python3.12/site-packages/airflow/example_dags/tutorial.py
[2025-05-21T23:44:23.127+0000] {processor.py:914} INFO - Processing file /home/airflow/.local/lib/python3.12/site-packages/airflow/example_dags/tutorial.py for tasks to queue
[2025-05-21T23:44:23.131+0000] {logging_mixin.py:190} INFO - [2025-05-21T23:44:23.131+0000] {dagbag.py:588} INFO - Filling up the DagBag from /home/airflow/.local/lib/python3.12/site-packages/airflow/example_dags/tutorial.py
[2025-05-21T23:44:23.150+0000] {processor.py:925} INFO - DAG(s) 'tutorial' retrieved from /home/airflow/.local/lib/python3.12/site-packages/airflow/example_dags/tutorial.py
[2025-05-21T23:44:23.199+0000] {logging_mixin.py:190} INFO - [2025-05-21T23:44:23.198+0000] {dag.py:3239} INFO - Sync 1 DAGs
[2025-05-21T23:44:23.256+0000] {logging_mixin.py:190} INFO - [2025-05-21T23:44:23.256+0000] {dag.py:4180} INFO - Setting next_dagrun for tutorial to 2025-05-20 00:00:00+00:00, run_after=2025-05-21 00:00:00+00:00
[2025-05-21T23:44:23.337+0000] {processor.py:208} INFO - Processing /home/airflow/.local/lib/python3.12/site-packages/airflow/example_dags/tutorial.py took 0.225 seconds
[2025-05-21T23:44:54.000+0000] {processor.py:186} INFO - Started process (PID=548) to work on /home/airflow/.local/lib/python3.12/site-packages/airflow/example_dags/tutorial.py
[2025-05-21T23:44:54.002+0000] {processor.py:914} INFO - Processing file /home/airflow/.local/lib/python3.12/site-packages/airflow/example_dags/tutorial.py for tasks to queue
[2025-05-21T23:44:54.006+0000] {logging_mixin.py:190} INFO - [2025-05-21T23:44:54.005+0000] {dagbag.py:588} INFO - Filling up the DagBag from /home/airflow/.local/lib/python3.12/site-packages/airflow/example_dags/tutorial.py
[2025-05-21T23:44:54.026+0000] {processor.py:925} INFO - DAG(s) 'tutorial' retrieved from /home/airflow/.local/lib/python3.12/site-packages/airflow/example_dags/tutorial.py
[2025-05-21T23:44:54.070+0000] {logging_mixin.py:190} INFO - [2025-05-21T23:44:54.069+0000] {dag.py:3239} INFO - Sync 1 DAGs
[2025-05-21T23:44:54.119+0000] {logging_mixin.py:190} INFO - [2025-05-21T23:44:54.119+0000] {dag.py:4180} INFO - Setting next_dagrun for tutorial to 2025-05-20 00:00:00+00:00, run_after=2025-05-21 00:00:00+00:00
[2025-05-21T23:44:54.195+0000] {processor.py:208} INFO - Processing /home/airflow/.local/lib/python3.12/site-packages/airflow/example_dags/tutorial.py took 0.208 seconds
