[2025-05-20T17:25:26.884+0000] {processor.py:186} INFO - Started process (PID=2983) to work on /opt/airflow/dags/eod_data_pipeline.py
[2025-05-20T17:25:26.886+0000] {processor.py:914} INFO - Processing file /opt/airflow/dags/eod_data_pipeline.py for tasks to queue
[2025-05-20T17:25:26.892+0000] {logging_mixin.py:190} INFO - [2025-05-20T17:25:26.891+0000] {dagbag.py:588} INFO - Filling up the DagBag from /opt/airflow/dags/eod_data_pipeline.py
[2025-05-20T17:25:26.988+0000] {processor.py:925} INFO - DAG(s) 'fetch_eod_data' retrieved from /opt/airflow/dags/eod_data_pipeline.py
[2025-05-20T17:25:27.303+0000] {logging_mixin.py:190} INFO - [2025-05-20T17:25:27.302+0000] {override.py:1930} INFO - Created Permission View: can read on DAG:fetch_eod_data
[2025-05-20T17:25:27.327+0000] {logging_mixin.py:190} INFO - [2025-05-20T17:25:27.326+0000] {override.py:1930} INFO - Created Permission View: can edit on DAG:fetch_eod_data
[2025-05-20T17:25:27.342+0000] {logging_mixin.py:190} INFO - [2025-05-20T17:25:27.342+0000] {override.py:1930} INFO - Created Permission View: can delete on DAG:fetch_eod_data
[2025-05-20T17:25:27.361+0000] {logging_mixin.py:190} INFO - [2025-05-20T17:25:27.361+0000] {override.py:1930} INFO - Created Permission View: can create on DAG Run:fetch_eod_data
[2025-05-20T17:25:27.377+0000] {logging_mixin.py:190} INFO - [2025-05-20T17:25:27.376+0000] {override.py:1930} INFO - Created Permission View: can read on DAG Run:fetch_eod_data
[2025-05-20T17:25:27.393+0000] {logging_mixin.py:190} INFO - [2025-05-20T17:25:27.392+0000] {override.py:1930} INFO - Created Permission View: can delete on DAG Run:fetch_eod_data
[2025-05-20T17:25:27.407+0000] {logging_mixin.py:190} INFO - [2025-05-20T17:25:27.407+0000] {override.py:1930} INFO - Created Permission View: menu access on DAG Run:fetch_eod_data
[2025-05-20T17:25:27.409+0000] {logging_mixin.py:190} INFO - [2025-05-20T17:25:27.408+0000] {dag.py:3239} INFO - Sync 1 DAGs
[2025-05-20T17:25:27.438+0000] {logging_mixin.py:190} INFO - [2025-05-20T17:25:27.438+0000] {dag.py:3262} INFO - Creating ORM DAG for fetch_eod_data
[2025-05-20T17:25:27.468+0000] {logging_mixin.py:190} INFO - [2025-05-20T17:25:27.468+0000] {dag.py:4180} INFO - Setting next_dagrun for fetch_eod_data to 2025-05-20 00:00:00+00:00, run_after=2025-05-21 00:00:00+00:00
[2025-05-20T17:25:27.513+0000] {processor.py:208} INFO - Processing /opt/airflow/dags/eod_data_pipeline.py took 0.639 seconds
[2025-05-20T17:25:58.787+0000] {processor.py:186} INFO - Started process (PID=3049) to work on /opt/airflow/dags/eod_data_pipeline.py
[2025-05-20T17:25:58.789+0000] {processor.py:914} INFO - Processing file /opt/airflow/dags/eod_data_pipeline.py for tasks to queue
[2025-05-20T17:25:58.795+0000] {logging_mixin.py:190} INFO - [2025-05-20T17:25:58.794+0000] {dagbag.py:588} INFO - Filling up the DagBag from /opt/airflow/dags/eod_data_pipeline.py
[2025-05-20T17:25:58.856+0000] {processor.py:925} INFO - DAG(s) 'fetch_eod_data' retrieved from /opt/airflow/dags/eod_data_pipeline.py
[2025-05-20T17:25:58.899+0000] {logging_mixin.py:190} INFO - [2025-05-20T17:25:58.899+0000] {dag.py:3239} INFO - Sync 1 DAGs
[2025-05-20T17:25:58.949+0000] {logging_mixin.py:190} INFO - [2025-05-20T17:25:58.948+0000] {dag.py:4180} INFO - Setting next_dagrun for fetch_eod_data to 2025-05-20 00:00:00+00:00, run_after=2025-05-21 00:00:00+00:00
[2025-05-20T17:25:59.052+0000] {processor.py:208} INFO - Processing /opt/airflow/dags/eod_data_pipeline.py took 0.276 seconds
[2025-05-20T17:26:31.194+0000] {processor.py:186} INFO - Started process (PID=3115) to work on /opt/airflow/dags/eod_data_pipeline.py
[2025-05-20T17:26:31.196+0000] {processor.py:914} INFO - Processing file /opt/airflow/dags/eod_data_pipeline.py for tasks to queue
[2025-05-20T17:26:31.201+0000] {logging_mixin.py:190} INFO - [2025-05-20T17:26:31.200+0000] {dagbag.py:588} INFO - Filling up the DagBag from /opt/airflow/dags/eod_data_pipeline.py
[2025-05-20T17:26:31.267+0000] {processor.py:925} INFO - DAG(s) 'fetch_eod_data' retrieved from /opt/airflow/dags/eod_data_pipeline.py
[2025-05-20T17:26:31.305+0000] {logging_mixin.py:190} INFO - [2025-05-20T17:26:31.305+0000] {dag.py:3239} INFO - Sync 1 DAGs
[2025-05-20T17:26:31.355+0000] {logging_mixin.py:190} INFO - [2025-05-20T17:26:31.354+0000] {dag.py:4180} INFO - Setting next_dagrun for fetch_eod_data to 2025-05-20 00:00:00+00:00, run_after=2025-05-21 00:00:00+00:00
[2025-05-20T17:26:31.457+0000] {processor.py:208} INFO - Processing /opt/airflow/dags/eod_data_pipeline.py took 0.273 seconds
[2025-05-20T17:28:59.279+0000] {processor.py:186} INFO - Started process (PID=83) to work on /opt/airflow/dags/eod_data_pipeline.py
[2025-05-20T17:28:59.281+0000] {processor.py:914} INFO - Processing file /opt/airflow/dags/eod_data_pipeline.py for tasks to queue
[2025-05-20T17:28:59.288+0000] {logging_mixin.py:190} INFO - [2025-05-20T17:28:59.287+0000] {dagbag.py:588} INFO - Filling up the DagBag from /opt/airflow/dags/eod_data_pipeline.py
[2025-05-20T17:28:59.356+0000] {processor.py:925} INFO - DAG(s) 'fetch_eod_data' retrieved from /opt/airflow/dags/eod_data_pipeline.py
[2025-05-20T17:28:59.425+0000] {logging_mixin.py:190} INFO - [2025-05-20T17:28:59.424+0000] {dag.py:3239} INFO - Sync 1 DAGs
[2025-05-20T17:28:59.490+0000] {logging_mixin.py:190} INFO - [2025-05-20T17:28:59.490+0000] {dag.py:4180} INFO - Setting next_dagrun for fetch_eod_data to 2025-05-20 00:00:00+00:00, run_after=2025-05-21 00:00:00+00:00
[2025-05-20T17:28:59.537+0000] {processor.py:208} INFO - Processing /opt/airflow/dags/eod_data_pipeline.py took 0.274 seconds
[2025-05-20T17:29:30.567+0000] {processor.py:186} INFO - Started process (PID=149) to work on /opt/airflow/dags/eod_data_pipeline.py
[2025-05-20T17:29:30.570+0000] {processor.py:914} INFO - Processing file /opt/airflow/dags/eod_data_pipeline.py for tasks to queue
[2025-05-20T17:29:30.577+0000] {logging_mixin.py:190} INFO - [2025-05-20T17:29:30.576+0000] {dagbag.py:588} INFO - Filling up the DagBag from /opt/airflow/dags/eod_data_pipeline.py
[2025-05-20T17:29:30.647+0000] {processor.py:925} INFO - DAG(s) 'fetch_eod_data' retrieved from /opt/airflow/dags/eod_data_pipeline.py
[2025-05-20T17:29:30.714+0000] {logging_mixin.py:190} INFO - [2025-05-20T17:29:30.713+0000] {dag.py:3239} INFO - Sync 1 DAGs
[2025-05-20T17:29:30.799+0000] {logging_mixin.py:190} INFO - [2025-05-20T17:29:30.798+0000] {dag.py:4180} INFO - Setting next_dagrun for fetch_eod_data to 2025-05-20 00:00:00+00:00, run_after=2025-05-21 00:00:00+00:00
[2025-05-20T17:29:30.913+0000] {processor.py:208} INFO - Processing /opt/airflow/dags/eod_data_pipeline.py took 0.364 seconds
[2025-05-20T17:30:01.062+0000] {processor.py:186} INFO - Started process (PID=215) to work on /opt/airflow/dags/eod_data_pipeline.py
[2025-05-20T17:30:01.064+0000] {processor.py:914} INFO - Processing file /opt/airflow/dags/eod_data_pipeline.py for tasks to queue
[2025-05-20T17:30:01.072+0000] {logging_mixin.py:190} INFO - [2025-05-20T17:30:01.071+0000] {dagbag.py:588} INFO - Filling up the DagBag from /opt/airflow/dags/eod_data_pipeline.py
[2025-05-20T17:30:01.139+0000] {processor.py:925} INFO - DAG(s) 'fetch_eod_data' retrieved from /opt/airflow/dags/eod_data_pipeline.py
[2025-05-20T17:30:01.195+0000] {logging_mixin.py:190} INFO - [2025-05-20T17:30:01.194+0000] {dag.py:3239} INFO - Sync 1 DAGs
[2025-05-20T17:30:01.260+0000] {logging_mixin.py:190} INFO - [2025-05-20T17:30:01.259+0000] {dag.py:4180} INFO - Setting next_dagrun for fetch_eod_data to 2025-05-20 00:00:00+00:00, run_after=2025-05-21 00:00:00+00:00
[2025-05-20T17:30:01.373+0000] {processor.py:208} INFO - Processing /opt/airflow/dags/eod_data_pipeline.py took 0.330 seconds
[2025-05-20T17:30:31.653+0000] {processor.py:186} INFO - Started process (PID=281) to work on /opt/airflow/dags/eod_data_pipeline.py
[2025-05-20T17:30:31.656+0000] {processor.py:914} INFO - Processing file /opt/airflow/dags/eod_data_pipeline.py for tasks to queue
[2025-05-20T17:30:31.661+0000] {logging_mixin.py:190} INFO - [2025-05-20T17:30:31.660+0000] {dagbag.py:588} INFO - Filling up the DagBag from /opt/airflow/dags/eod_data_pipeline.py
[2025-05-20T17:30:31.721+0000] {processor.py:925} INFO - DAG(s) 'fetch_eod_data' retrieved from /opt/airflow/dags/eod_data_pipeline.py
[2025-05-20T17:30:31.769+0000] {logging_mixin.py:190} INFO - [2025-05-20T17:30:31.768+0000] {dag.py:3239} INFO - Sync 1 DAGs
[2025-05-20T17:30:31.826+0000] {logging_mixin.py:190} INFO - [2025-05-20T17:30:31.826+0000] {dag.py:4180} INFO - Setting next_dagrun for fetch_eod_data to 2025-05-20 00:00:00+00:00, run_after=2025-05-21 00:00:00+00:00
[2025-05-20T17:30:31.872+0000] {processor.py:208} INFO - Processing /opt/airflow/dags/eod_data_pipeline.py took 0.232 seconds
[2025-05-20T17:31:02.619+0000] {processor.py:186} INFO - Started process (PID=347) to work on /opt/airflow/dags/eod_data_pipeline.py
[2025-05-20T17:31:02.622+0000] {processor.py:914} INFO - Processing file /opt/airflow/dags/eod_data_pipeline.py for tasks to queue
[2025-05-20T17:31:02.632+0000] {logging_mixin.py:190} INFO - [2025-05-20T17:31:02.631+0000] {dagbag.py:588} INFO - Filling up the DagBag from /opt/airflow/dags/eod_data_pipeline.py
[2025-05-20T17:31:02.706+0000] {processor.py:925} INFO - DAG(s) 'fetch_eod_data' retrieved from /opt/airflow/dags/eod_data_pipeline.py
[2025-05-20T17:31:02.763+0000] {logging_mixin.py:190} INFO - [2025-05-20T17:31:02.762+0000] {dag.py:3239} INFO - Sync 1 DAGs
[2025-05-20T17:31:02.827+0000] {logging_mixin.py:190} INFO - [2025-05-20T17:31:02.826+0000] {dag.py:4180} INFO - Setting next_dagrun for fetch_eod_data to 2025-05-20 00:00:00+00:00, run_after=2025-05-21 00:00:00+00:00
[2025-05-20T17:31:02.887+0000] {processor.py:208} INFO - Processing /opt/airflow/dags/eod_data_pipeline.py took 0.282 seconds
[2025-05-20T17:31:33.318+0000] {processor.py:186} INFO - Started process (PID=413) to work on /opt/airflow/dags/eod_data_pipeline.py
[2025-05-20T17:31:33.320+0000] {processor.py:914} INFO - Processing file /opt/airflow/dags/eod_data_pipeline.py for tasks to queue
[2025-05-20T17:31:33.329+0000] {logging_mixin.py:190} INFO - [2025-05-20T17:31:33.327+0000] {dagbag.py:588} INFO - Filling up the DagBag from /opt/airflow/dags/eod_data_pipeline.py
[2025-05-20T17:31:33.416+0000] {processor.py:925} INFO - DAG(s) 'fetch_eod_data' retrieved from /opt/airflow/dags/eod_data_pipeline.py
[2025-05-20T17:31:33.472+0000] {logging_mixin.py:190} INFO - [2025-05-20T17:31:33.471+0000] {dag.py:3239} INFO - Sync 1 DAGs
[2025-05-20T17:31:33.541+0000] {logging_mixin.py:190} INFO - [2025-05-20T17:31:33.540+0000] {dag.py:4180} INFO - Setting next_dagrun for fetch_eod_data to 2025-05-20 00:00:00+00:00, run_after=2025-05-21 00:00:00+00:00
[2025-05-20T17:31:33.658+0000] {processor.py:208} INFO - Processing /opt/airflow/dags/eod_data_pipeline.py took 0.361 seconds
[2025-05-20T17:32:04.570+0000] {processor.py:186} INFO - Started process (PID=479) to work on /opt/airflow/dags/eod_data_pipeline.py
[2025-05-20T17:32:04.623+0000] {processor.py:914} INFO - Processing file /opt/airflow/dags/eod_data_pipeline.py for tasks to queue
[2025-05-20T17:32:04.628+0000] {logging_mixin.py:190} INFO - [2025-05-20T17:32:04.628+0000] {dagbag.py:588} INFO - Filling up the DagBag from /opt/airflow/dags/eod_data_pipeline.py
[2025-05-20T17:32:04.686+0000] {processor.py:925} INFO - DAG(s) 'fetch_eod_data' retrieved from /opt/airflow/dags/eod_data_pipeline.py
[2025-05-20T17:32:04.737+0000] {logging_mixin.py:190} INFO - [2025-05-20T17:32:04.736+0000] {dag.py:3239} INFO - Sync 1 DAGs
[2025-05-20T17:32:04.795+0000] {logging_mixin.py:190} INFO - [2025-05-20T17:32:04.795+0000] {dag.py:4180} INFO - Setting next_dagrun for fetch_eod_data to 2025-05-20 00:00:00+00:00, run_after=2025-05-21 00:00:00+00:00
[2025-05-20T17:32:04.904+0000] {processor.py:208} INFO - Processing /opt/airflow/dags/eod_data_pipeline.py took 0.347 seconds
[2025-05-20T17:32:35.455+0000] {processor.py:186} INFO - Started process (PID=545) to work on /opt/airflow/dags/eod_data_pipeline.py
[2025-05-20T17:32:35.457+0000] {processor.py:914} INFO - Processing file /opt/airflow/dags/eod_data_pipeline.py for tasks to queue
[2025-05-20T17:32:35.461+0000] {logging_mixin.py:190} INFO - [2025-05-20T17:32:35.461+0000] {dagbag.py:588} INFO - Filling up the DagBag from /opt/airflow/dags/eod_data_pipeline.py
[2025-05-20T17:32:35.516+0000] {processor.py:925} INFO - DAG(s) 'fetch_eod_data' retrieved from /opt/airflow/dags/eod_data_pipeline.py
[2025-05-20T17:32:35.560+0000] {logging_mixin.py:190} INFO - [2025-05-20T17:32:35.560+0000] {dag.py:3239} INFO - Sync 1 DAGs
[2025-05-20T17:32:35.610+0000] {logging_mixin.py:190} INFO - [2025-05-20T17:32:35.609+0000] {dag.py:4180} INFO - Setting next_dagrun for fetch_eod_data to 2025-05-20 00:00:00+00:00, run_after=2025-05-21 00:00:00+00:00
[2025-05-20T17:32:35.649+0000] {processor.py:208} INFO - Processing /opt/airflow/dags/eod_data_pipeline.py took 0.208 seconds
[2025-05-20T17:33:06.404+0000] {processor.py:186} INFO - Started process (PID=611) to work on /opt/airflow/dags/eod_data_pipeline.py
[2025-05-20T17:33:06.407+0000] {processor.py:914} INFO - Processing file /opt/airflow/dags/eod_data_pipeline.py for tasks to queue
[2025-05-20T17:33:06.415+0000] {logging_mixin.py:190} INFO - [2025-05-20T17:33:06.414+0000] {dagbag.py:588} INFO - Filling up the DagBag from /opt/airflow/dags/eod_data_pipeline.py
[2025-05-20T17:33:06.469+0000] {processor.py:925} INFO - DAG(s) 'fetch_eod_data' retrieved from /opt/airflow/dags/eod_data_pipeline.py
[2025-05-20T17:33:06.521+0000] {logging_mixin.py:190} INFO - [2025-05-20T17:33:06.520+0000] {dag.py:3239} INFO - Sync 1 DAGs
[2025-05-20T17:33:06.583+0000] {logging_mixin.py:190} INFO - [2025-05-20T17:33:06.582+0000] {dag.py:4180} INFO - Setting next_dagrun for fetch_eod_data to 2025-05-20 00:00:00+00:00, run_after=2025-05-21 00:00:00+00:00
[2025-05-20T17:33:06.693+0000] {processor.py:208} INFO - Processing /opt/airflow/dags/eod_data_pipeline.py took 0.305 seconds
[2025-05-20T17:33:36.924+0000] {processor.py:186} INFO - Started process (PID=677) to work on /opt/airflow/dags/eod_data_pipeline.py
[2025-05-20T17:33:36.927+0000] {processor.py:914} INFO - Processing file /opt/airflow/dags/eod_data_pipeline.py for tasks to queue
[2025-05-20T17:33:36.933+0000] {logging_mixin.py:190} INFO - [2025-05-20T17:33:36.933+0000] {dagbag.py:588} INFO - Filling up the DagBag from /opt/airflow/dags/eod_data_pipeline.py
[2025-05-20T17:33:36.995+0000] {processor.py:925} INFO - DAG(s) 'fetch_eod_data' retrieved from /opt/airflow/dags/eod_data_pipeline.py
[2025-05-20T17:33:37.043+0000] {logging_mixin.py:190} INFO - [2025-05-20T17:33:37.043+0000] {dag.py:3239} INFO - Sync 1 DAGs
[2025-05-20T17:33:37.106+0000] {logging_mixin.py:190} INFO - [2025-05-20T17:33:37.105+0000] {dag.py:4180} INFO - Setting next_dagrun for fetch_eod_data to 2025-05-20 00:00:00+00:00, run_after=2025-05-21 00:00:00+00:00
[2025-05-20T17:33:37.219+0000] {processor.py:208} INFO - Processing /opt/airflow/dags/eod_data_pipeline.py took 0.310 seconds
[2025-05-20T17:34:07.485+0000] {processor.py:186} INFO - Started process (PID=743) to work on /opt/airflow/dags/eod_data_pipeline.py
[2025-05-20T17:34:07.487+0000] {processor.py:914} INFO - Processing file /opt/airflow/dags/eod_data_pipeline.py for tasks to queue
[2025-05-20T17:34:07.491+0000] {logging_mixin.py:190} INFO - [2025-05-20T17:34:07.491+0000] {dagbag.py:588} INFO - Filling up the DagBag from /opt/airflow/dags/eod_data_pipeline.py
[2025-05-20T17:34:07.552+0000] {processor.py:925} INFO - DAG(s) 'fetch_eod_data' retrieved from /opt/airflow/dags/eod_data_pipeline.py
[2025-05-20T17:34:07.594+0000] {logging_mixin.py:190} INFO - [2025-05-20T17:34:07.594+0000] {dag.py:3239} INFO - Sync 1 DAGs
[2025-05-20T17:34:07.647+0000] {logging_mixin.py:190} INFO - [2025-05-20T17:34:07.646+0000] {dag.py:4180} INFO - Setting next_dagrun for fetch_eod_data to 2025-05-20 00:00:00+00:00, run_after=2025-05-21 00:00:00+00:00
[2025-05-20T17:34:07.751+0000] {processor.py:208} INFO - Processing /opt/airflow/dags/eod_data_pipeline.py took 0.278 seconds
[2025-05-20T17:34:38.263+0000] {processor.py:186} INFO - Started process (PID=809) to work on /opt/airflow/dags/eod_data_pipeline.py
[2025-05-20T17:34:38.267+0000] {processor.py:914} INFO - Processing file /opt/airflow/dags/eod_data_pipeline.py for tasks to queue
[2025-05-20T17:34:38.273+0000] {logging_mixin.py:190} INFO - [2025-05-20T17:34:38.272+0000] {dagbag.py:588} INFO - Filling up the DagBag from /opt/airflow/dags/eod_data_pipeline.py
[2025-05-20T17:34:38.359+0000] {processor.py:925} INFO - DAG(s) 'fetch_eod_data' retrieved from /opt/airflow/dags/eod_data_pipeline.py
[2025-05-20T17:34:38.422+0000] {logging_mixin.py:190} INFO - [2025-05-20T17:34:38.421+0000] {dag.py:3239} INFO - Sync 1 DAGs
[2025-05-20T17:34:38.487+0000] {logging_mixin.py:190} INFO - [2025-05-20T17:34:38.486+0000] {dag.py:4180} INFO - Setting next_dagrun for fetch_eod_data to 2025-05-20 00:00:00+00:00, run_after=2025-05-21 00:00:00+00:00
[2025-05-20T17:34:38.534+0000] {processor.py:208} INFO - Processing /opt/airflow/dags/eod_data_pipeline.py took 0.288 seconds
[2025-05-20T17:35:09.558+0000] {processor.py:186} INFO - Started process (PID=875) to work on /opt/airflow/dags/eod_data_pipeline.py
[2025-05-20T17:35:09.561+0000] {processor.py:914} INFO - Processing file /opt/airflow/dags/eod_data_pipeline.py for tasks to queue
[2025-05-20T17:35:09.567+0000] {logging_mixin.py:190} INFO - [2025-05-20T17:35:09.566+0000] {dagbag.py:588} INFO - Filling up the DagBag from /opt/airflow/dags/eod_data_pipeline.py
[2025-05-20T17:35:09.626+0000] {processor.py:925} INFO - DAG(s) 'fetch_eod_data' retrieved from /opt/airflow/dags/eod_data_pipeline.py
[2025-05-20T17:35:09.683+0000] {logging_mixin.py:190} INFO - [2025-05-20T17:35:09.682+0000] {dag.py:3239} INFO - Sync 1 DAGs
[2025-05-20T17:35:09.762+0000] {logging_mixin.py:190} INFO - [2025-05-20T17:35:09.762+0000] {dag.py:4180} INFO - Setting next_dagrun for fetch_eod_data to 2025-05-20 00:00:00+00:00, run_after=2025-05-21 00:00:00+00:00
[2025-05-20T17:35:09.816+0000] {processor.py:208} INFO - Processing /opt/airflow/dags/eod_data_pipeline.py took 0.274 seconds
[2025-05-20T17:35:40.604+0000] {processor.py:186} INFO - Started process (PID=947) to work on /opt/airflow/dags/eod_data_pipeline.py
[2025-05-20T17:35:40.607+0000] {processor.py:914} INFO - Processing file /opt/airflow/dags/eod_data_pipeline.py for tasks to queue
[2025-05-20T17:35:40.614+0000] {logging_mixin.py:190} INFO - [2025-05-20T17:35:40.613+0000] {dagbag.py:588} INFO - Filling up the DagBag from /opt/airflow/dags/eod_data_pipeline.py
[2025-05-20T17:35:40.675+0000] {processor.py:925} INFO - DAG(s) 'fetch_eod_data' retrieved from /opt/airflow/dags/eod_data_pipeline.py
[2025-05-20T17:35:40.731+0000] {logging_mixin.py:190} INFO - [2025-05-20T17:35:40.730+0000] {dag.py:3239} INFO - Sync 1 DAGs
[2025-05-20T17:35:40.797+0000] {logging_mixin.py:190} INFO - [2025-05-20T17:35:40.796+0000] {dag.py:4180} INFO - Setting next_dagrun for fetch_eod_data to 2025-05-20 00:00:00+00:00, run_after=2025-05-21 00:00:00+00:00
[2025-05-20T17:35:40.911+0000] {processor.py:208} INFO - Processing /opt/airflow/dags/eod_data_pipeline.py took 0.329 seconds
[2025-05-20T17:36:11.086+0000] {processor.py:186} INFO - Started process (PID=1013) to work on /opt/airflow/dags/eod_data_pipeline.py
[2025-05-20T17:36:11.088+0000] {processor.py:914} INFO - Processing file /opt/airflow/dags/eod_data_pipeline.py for tasks to queue
[2025-05-20T17:36:11.094+0000] {logging_mixin.py:190} INFO - [2025-05-20T17:36:11.094+0000] {dagbag.py:588} INFO - Filling up the DagBag from /opt/airflow/dags/eod_data_pipeline.py
[2025-05-20T17:36:11.151+0000] {processor.py:925} INFO - DAG(s) 'fetch_eod_data' retrieved from /opt/airflow/dags/eod_data_pipeline.py
[2025-05-20T17:36:11.195+0000] {logging_mixin.py:190} INFO - [2025-05-20T17:36:11.194+0000] {dag.py:3239} INFO - Sync 1 DAGs
[2025-05-20T17:36:11.252+0000] {logging_mixin.py:190} INFO - [2025-05-20T17:36:11.252+0000] {dag.py:4180} INFO - Setting next_dagrun for fetch_eod_data to 2025-05-20 00:00:00+00:00, run_after=2025-05-21 00:00:00+00:00
[2025-05-20T17:36:11.354+0000] {processor.py:208} INFO - Processing /opt/airflow/dags/eod_data_pipeline.py took 0.281 seconds
[2025-05-20T17:36:42.478+0000] {processor.py:186} INFO - Started process (PID=1079) to work on /opt/airflow/dags/eod_data_pipeline.py
[2025-05-20T17:36:42.480+0000] {processor.py:914} INFO - Processing file /opt/airflow/dags/eod_data_pipeline.py for tasks to queue
[2025-05-20T17:36:42.484+0000] {logging_mixin.py:190} INFO - [2025-05-20T17:36:42.484+0000] {dagbag.py:588} INFO - Filling up the DagBag from /opt/airflow/dags/eod_data_pipeline.py
[2025-05-20T17:36:42.541+0000] {processor.py:925} INFO - DAG(s) 'fetch_eod_data' retrieved from /opt/airflow/dags/eod_data_pipeline.py
[2025-05-20T17:36:42.581+0000] {logging_mixin.py:190} INFO - [2025-05-20T17:36:42.581+0000] {dag.py:3239} INFO - Sync 1 DAGs
[2025-05-20T17:36:42.632+0000] {logging_mixin.py:190} INFO - [2025-05-20T17:36:42.631+0000] {dag.py:4180} INFO - Setting next_dagrun for fetch_eod_data to 2025-05-20 00:00:00+00:00, run_after=2025-05-21 00:00:00+00:00
[2025-05-20T17:36:42.678+0000] {processor.py:208} INFO - Processing /opt/airflow/dags/eod_data_pipeline.py took 0.211 seconds
[2025-05-20T17:37:12.889+0000] {processor.py:186} INFO - Started process (PID=1143) to work on /opt/airflow/dags/eod_data_pipeline.py
[2025-05-20T17:37:12.890+0000] {processor.py:914} INFO - Processing file /opt/airflow/dags/eod_data_pipeline.py for tasks to queue
[2025-05-20T17:37:12.896+0000] {logging_mixin.py:190} INFO - [2025-05-20T17:37:12.895+0000] {dagbag.py:588} INFO - Filling up the DagBag from /opt/airflow/dags/eod_data_pipeline.py
[2025-05-20T17:37:12.961+0000] {processor.py:925} INFO - DAG(s) 'fetch_eod_data' retrieved from /opt/airflow/dags/eod_data_pipeline.py
[2025-05-20T17:37:13.002+0000] {logging_mixin.py:190} INFO - [2025-05-20T17:37:13.002+0000] {dag.py:3239} INFO - Sync 1 DAGs
[2025-05-20T17:37:13.052+0000] {logging_mixin.py:190} INFO - [2025-05-20T17:37:13.052+0000] {dag.py:4180} INFO - Setting next_dagrun for fetch_eod_data to 2025-05-20 00:00:00+00:00, run_after=2025-05-21 00:00:00+00:00
[2025-05-20T17:37:13.161+0000] {processor.py:208} INFO - Processing /opt/airflow/dags/eod_data_pipeline.py took 0.283 seconds
[2025-05-20T17:37:43.366+0000] {processor.py:186} INFO - Started process (PID=1209) to work on /opt/airflow/dags/eod_data_pipeline.py
[2025-05-20T17:37:43.368+0000] {processor.py:914} INFO - Processing file /opt/airflow/dags/eod_data_pipeline.py for tasks to queue
[2025-05-20T17:37:43.374+0000] {logging_mixin.py:190} INFO - [2025-05-20T17:37:43.373+0000] {dagbag.py:588} INFO - Filling up the DagBag from /opt/airflow/dags/eod_data_pipeline.py
[2025-05-20T17:37:43.430+0000] {processor.py:925} INFO - DAG(s) 'fetch_eod_data' retrieved from /opt/airflow/dags/eod_data_pipeline.py
[2025-05-20T17:37:43.472+0000] {logging_mixin.py:190} INFO - [2025-05-20T17:37:43.471+0000] {dag.py:3239} INFO - Sync 1 DAGs
[2025-05-20T17:37:43.525+0000] {logging_mixin.py:190} INFO - [2025-05-20T17:37:43.525+0000] {dag.py:4180} INFO - Setting next_dagrun for fetch_eod_data to 2025-05-20 00:00:00+00:00, run_after=2025-05-21 00:00:00+00:00
[2025-05-20T17:37:43.590+0000] {processor.py:208} INFO - Processing /opt/airflow/dags/eod_data_pipeline.py took 0.238 seconds
[2025-05-20T17:42:24.742+0000] {processor.py:186} INFO - Started process (PID=81) to work on /opt/airflow/dags/eod_data_pipeline.py
[2025-05-20T17:42:24.745+0000] {processor.py:914} INFO - Processing file /opt/airflow/dags/eod_data_pipeline.py for tasks to queue
[2025-05-20T17:42:24.752+0000] {logging_mixin.py:190} INFO - [2025-05-20T17:42:24.751+0000] {dagbag.py:588} INFO - Filling up the DagBag from /opt/airflow/dags/eod_data_pipeline.py
[2025-05-20T17:42:24.836+0000] {processor.py:925} INFO - DAG(s) 'fetch_eod_data' retrieved from /opt/airflow/dags/eod_data_pipeline.py
[2025-05-20T17:42:25.453+0000] {logging_mixin.py:190} INFO - [2025-05-20T17:42:25.450+0000] {override.py:1930} INFO - Created Permission View: can read on DAG:fetch_eod_data
[2025-05-20T17:42:25.480+0000] {logging_mixin.py:190} INFO - [2025-05-20T17:42:25.479+0000] {override.py:1930} INFO - Created Permission View: can edit on DAG:fetch_eod_data
[2025-05-20T17:42:25.498+0000] {logging_mixin.py:190} INFO - [2025-05-20T17:42:25.497+0000] {override.py:1930} INFO - Created Permission View: can delete on DAG:fetch_eod_data
[2025-05-20T17:42:25.517+0000] {logging_mixin.py:190} INFO - [2025-05-20T17:42:25.516+0000] {override.py:1930} INFO - Created Permission View: menu access on DAG Run:fetch_eod_data
[2025-05-20T17:42:25.534+0000] {logging_mixin.py:190} INFO - [2025-05-20T17:42:25.534+0000] {override.py:1930} INFO - Created Permission View: can read on DAG Run:fetch_eod_data
[2025-05-20T17:42:25.550+0000] {logging_mixin.py:190} INFO - [2025-05-20T17:42:25.549+0000] {override.py:1930} INFO - Created Permission View: can delete on DAG Run:fetch_eod_data
[2025-05-20T17:42:25.566+0000] {logging_mixin.py:190} INFO - [2025-05-20T17:42:25.565+0000] {override.py:1930} INFO - Created Permission View: can create on DAG Run:fetch_eod_data
[2025-05-20T17:42:25.567+0000] {logging_mixin.py:190} INFO - [2025-05-20T17:42:25.567+0000] {dag.py:3239} INFO - Sync 1 DAGs
[2025-05-20T17:42:25.609+0000] {logging_mixin.py:190} INFO - [2025-05-20T17:42:25.608+0000] {dag.py:3262} INFO - Creating ORM DAG for fetch_eod_data
[2025-05-20T17:42:25.647+0000] {logging_mixin.py:190} INFO - [2025-05-20T17:42:25.646+0000] {dag.py:4180} INFO - Setting next_dagrun for fetch_eod_data to 2025-05-20 00:00:00+00:00, run_after=2025-05-21 00:00:00+00:00
[2025-05-20T17:42:25.701+0000] {processor.py:208} INFO - Processing /opt/airflow/dags/eod_data_pipeline.py took 0.978 seconds
[2025-05-20T17:42:48.891+0000] {processor.py:186} INFO - Started process (PID=146) to work on /opt/airflow/dags/eod_data_pipeline.py
[2025-05-20T17:42:48.893+0000] {processor.py:914} INFO - Processing file /opt/airflow/dags/eod_data_pipeline.py for tasks to queue
[2025-05-20T17:42:48.897+0000] {logging_mixin.py:190} INFO - [2025-05-20T17:42:48.896+0000] {dagbag.py:588} INFO - Filling up the DagBag from /opt/airflow/dags/eod_data_pipeline.py
[2025-05-20T17:42:48.969+0000] {logging_mixin.py:190} INFO - [2025-05-20T17:42:48.956+0000] {dagbag.py:387} ERROR - Failed to import: /opt/airflow/dags/eod_data_pipeline.py
Traceback (most recent call last):
  File "/home/airflow/.local/lib/python3.12/site-packages/airflow/models/dagbag.py", line 383, in parse
    loader.exec_module(new_module)
  File "<frozen importlib._bootstrap_external>", line 999, in exec_module
  File "<frozen importlib._bootstrap>", line 488, in _call_with_frames_removed
  File "/opt/airflow/dags/eod_data_pipeline.py", line 28, in <module>
    start_date=datetime(2025, 5, 20),
               ^^^^^^^^
NameError: name 'datetime' is not defined. Did you forget to import 'datetime'
[2025-05-20T17:42:48.976+0000] {processor.py:927} WARNING - No viable dags retrieved from /opt/airflow/dags/eod_data_pipeline.py
[2025-05-20T17:42:49.086+0000] {processor.py:208} INFO - Processing /opt/airflow/dags/eod_data_pipeline.py took 0.206 seconds
[2025-05-20T17:43:19.521+0000] {processor.py:186} INFO - Started process (PID=208) to work on /opt/airflow/dags/eod_data_pipeline.py
[2025-05-20T17:43:19.523+0000] {processor.py:914} INFO - Processing file /opt/airflow/dags/eod_data_pipeline.py for tasks to queue
[2025-05-20T17:43:19.528+0000] {logging_mixin.py:190} INFO - [2025-05-20T17:43:19.527+0000] {dagbag.py:588} INFO - Filling up the DagBag from /opt/airflow/dags/eod_data_pipeline.py
[2025-05-20T17:43:19.577+0000] {logging_mixin.py:190} INFO - [2025-05-20T17:43:19.563+0000] {dagbag.py:387} ERROR - Failed to import: /opt/airflow/dags/eod_data_pipeline.py
Traceback (most recent call last):
  File "/home/airflow/.local/lib/python3.12/site-packages/airflow/models/dagbag.py", line 383, in parse
    loader.exec_module(new_module)
  File "<frozen importlib._bootstrap_external>", line 999, in exec_module
  File "<frozen importlib._bootstrap>", line 488, in _call_with_frames_removed
  File "/opt/airflow/dags/eod_data_pipeline.py", line 28, in <module>
    start_date=datetime(2025, 5, 20),
               ^^^^^^^^
NameError: name 'datetime' is not defined. Did you forget to import 'datetime'
[2025-05-20T17:43:19.584+0000] {processor.py:927} WARNING - No viable dags retrieved from /opt/airflow/dags/eod_data_pipeline.py
[2025-05-20T17:43:19.627+0000] {processor.py:208} INFO - Processing /opt/airflow/dags/eod_data_pipeline.py took 0.116 seconds
[2025-05-20T17:43:51.451+0000] {processor.py:186} INFO - Started process (PID=273) to work on /opt/airflow/dags/eod_data_pipeline.py
[2025-05-20T17:43:51.453+0000] {processor.py:914} INFO - Processing file /opt/airflow/dags/eod_data_pipeline.py for tasks to queue
[2025-05-20T17:43:51.455+0000] {logging_mixin.py:190} INFO - [2025-05-20T17:43:51.455+0000] {dagbag.py:588} INFO - Filling up the DagBag from /opt/airflow/dags/eod_data_pipeline.py
[2025-05-20T17:43:51.510+0000] {logging_mixin.py:190} INFO - [2025-05-20T17:43:51.496+0000] {dagbag.py:387} ERROR - Failed to import: /opt/airflow/dags/eod_data_pipeline.py
Traceback (most recent call last):
  File "/home/airflow/.local/lib/python3.12/site-packages/airflow/models/dagbag.py", line 383, in parse
    loader.exec_module(new_module)
  File "<frozen importlib._bootstrap_external>", line 999, in exec_module
  File "<frozen importlib._bootstrap>", line 488, in _call_with_frames_removed
  File "/opt/airflow/dags/eod_data_pipeline.py", line 28, in <module>
    start_date=datetime(2025, 5, 20),
               ^^^^^^^^
NameError: name 'datetime' is not defined. Did you forget to import 'datetime'
[2025-05-20T17:43:51.518+0000] {processor.py:927} WARNING - No viable dags retrieved from /opt/airflow/dags/eod_data_pipeline.py
[2025-05-20T17:43:51.557+0000] {processor.py:208} INFO - Processing /opt/airflow/dags/eod_data_pipeline.py took 0.121 seconds
[2025-05-20T17:43:56.443+0000] {processor.py:186} INFO - Started process (PID=283) to work on /opt/airflow/dags/eod_data_pipeline.py
[2025-05-20T17:43:56.444+0000] {processor.py:914} INFO - Processing file /opt/airflow/dags/eod_data_pipeline.py for tasks to queue
[2025-05-20T17:43:56.447+0000] {logging_mixin.py:190} INFO - [2025-05-20T17:43:56.447+0000] {dagbag.py:588} INFO - Filling up the DagBag from /opt/airflow/dags/eod_data_pipeline.py
[2025-05-20T17:43:56.580+0000] {logging_mixin.py:190} INFO - [2025-05-20T17:43:56.565+0000] {dagbag.py:387} ERROR - Failed to import: /opt/airflow/dags/eod_data_pipeline.py
Traceback (most recent call last):
  File "/home/airflow/.local/lib/python3.12/site-packages/airflow/models/dagbag.py", line 383, in parse
    loader.exec_module(new_module)
  File "<frozen importlib._bootstrap_external>", line 999, in exec_module
  File "<frozen importlib._bootstrap>", line 488, in _call_with_frames_removed
  File "/opt/airflow/dags/eod_data_pipeline.py", line 28, in <module>
    start_date=datetime(2025, 5, 20),
               ^^^^^^^^
NameError: name 'datetime' is not defined. Did you forget to import 'datetime'
[2025-05-20T17:43:56.588+0000] {processor.py:927} WARNING - No viable dags retrieved from /opt/airflow/dags/eod_data_pipeline.py
[2025-05-20T17:43:56.628+0000] {processor.py:208} INFO - Processing /opt/airflow/dags/eod_data_pipeline.py took 0.198 seconds
[2025-05-20T17:44:02.495+0000] {processor.py:186} INFO - Started process (PID=292) to work on /opt/airflow/dags/eod_data_pipeline.py
[2025-05-20T17:44:02.497+0000] {processor.py:914} INFO - Processing file /opt/airflow/dags/eod_data_pipeline.py for tasks to queue
[2025-05-20T17:44:02.499+0000] {logging_mixin.py:190} INFO - [2025-05-20T17:44:02.499+0000] {dagbag.py:588} INFO - Filling up the DagBag from /opt/airflow/dags/eod_data_pipeline.py
[2025-05-20T17:44:02.574+0000] {logging_mixin.py:190} INFO - [2025-05-20T17:44:02.561+0000] {dagbag.py:387} ERROR - Failed to import: /opt/airflow/dags/eod_data_pipeline.py
Traceback (most recent call last):
  File "/home/airflow/.local/lib/python3.12/site-packages/airflow/models/dagbag.py", line 383, in parse
    loader.exec_module(new_module)
  File "<frozen importlib._bootstrap_external>", line 999, in exec_module
  File "<frozen importlib._bootstrap>", line 488, in _call_with_frames_removed
  File "/opt/airflow/dags/eod_data_pipeline.py", line 28, in <module>
    start_date=datetime(2025, 5, 20),
               ^^^^^^^^
NameError: name 'datetime' is not defined. Did you forget to import 'datetime'
[2025-05-20T17:44:02.581+0000] {processor.py:927} WARNING - No viable dags retrieved from /opt/airflow/dags/eod_data_pipeline.py
[2025-05-20T17:44:02.682+0000] {processor.py:208} INFO - Processing /opt/airflow/dags/eod_data_pipeline.py took 0.198 seconds
[2025-05-20T17:44:15.801+0000] {processor.py:186} INFO - Started process (PID=334) to work on /opt/airflow/dags/eod_data_pipeline.py
[2025-05-20T17:44:15.804+0000] {processor.py:914} INFO - Processing file /opt/airflow/dags/eod_data_pipeline.py for tasks to queue
[2025-05-20T17:44:15.807+0000] {logging_mixin.py:190} INFO - [2025-05-20T17:44:15.806+0000] {dagbag.py:588} INFO - Filling up the DagBag from /opt/airflow/dags/eod_data_pipeline.py
[2025-05-20T17:44:15.893+0000] {processor.py:925} INFO - DAG(s) 'fetch_eod_data' retrieved from /opt/airflow/dags/eod_data_pipeline.py
[2025-05-20T17:44:16.135+0000] {logging_mixin.py:190} INFO - [2025-05-20T17:44:16.134+0000] {dag.py:3239} INFO - Sync 1 DAGs
[2025-05-20T17:44:16.178+0000] {logging_mixin.py:190} INFO - [2025-05-20T17:44:16.178+0000] {dag.py:4180} INFO - Setting next_dagrun for fetch_eod_data to 2025-05-20 00:00:00+00:00, run_after=2025-05-21 00:00:00+00:00
[2025-05-20T17:44:16.298+0000] {processor.py:208} INFO - Processing /opt/airflow/dags/eod_data_pipeline.py took 0.511 seconds
[2025-05-20T17:44:21.587+0000] {processor.py:186} INFO - Started process (PID=340) to work on /opt/airflow/dags/eod_data_pipeline.py
[2025-05-20T17:44:21.590+0000] {processor.py:914} INFO - Processing file /opt/airflow/dags/eod_data_pipeline.py for tasks to queue
[2025-05-20T17:44:21.594+0000] {logging_mixin.py:190} INFO - [2025-05-20T17:44:21.592+0000] {dagbag.py:588} INFO - Filling up the DagBag from /opt/airflow/dags/eod_data_pipeline.py
[2025-05-20T17:44:21.684+0000] {processor.py:925} INFO - DAG(s) 'fetch_eod_data' retrieved from /opt/airflow/dags/eod_data_pipeline.py
[2025-05-20T17:44:21.713+0000] {logging_mixin.py:190} INFO - [2025-05-20T17:44:21.712+0000] {dag.py:3239} INFO - Sync 1 DAGs
[2025-05-20T17:44:21.783+0000] {logging_mixin.py:190} INFO - [2025-05-20T17:44:21.782+0000] {dag.py:4180} INFO - Setting next_dagrun for fetch_eod_data to 2025-05-20 00:00:00+00:00, run_after=2025-05-21 00:00:00+00:00
[2025-05-20T17:44:21.844+0000] {processor.py:208} INFO - Processing /opt/airflow/dags/eod_data_pipeline.py took 0.272 seconds
[2025-05-20T17:44:52.009+0000] {processor.py:186} INFO - Started process (PID=406) to work on /opt/airflow/dags/eod_data_pipeline.py
[2025-05-20T17:44:52.012+0000] {processor.py:914} INFO - Processing file /opt/airflow/dags/eod_data_pipeline.py for tasks to queue
[2025-05-20T17:44:52.016+0000] {logging_mixin.py:190} INFO - [2025-05-20T17:44:52.015+0000] {dagbag.py:588} INFO - Filling up the DagBag from /opt/airflow/dags/eod_data_pipeline.py
[2025-05-20T17:44:52.076+0000] {processor.py:925} INFO - DAG(s) 'fetch_eod_data' retrieved from /opt/airflow/dags/eod_data_pipeline.py
[2025-05-20T17:44:52.119+0000] {logging_mixin.py:190} INFO - [2025-05-20T17:44:52.118+0000] {dag.py:3239} INFO - Sync 1 DAGs
[2025-05-20T17:44:52.169+0000] {logging_mixin.py:190} INFO - [2025-05-20T17:44:52.168+0000] {dag.py:4180} INFO - Setting next_dagrun for fetch_eod_data to 2025-05-20 00:00:00+00:00, run_after=2025-05-21 00:00:00+00:00
[2025-05-20T17:44:52.280+0000] {processor.py:208} INFO - Processing /opt/airflow/dags/eod_data_pipeline.py took 0.284 seconds
[2025-05-20T17:45:22.853+0000] {processor.py:186} INFO - Started process (PID=473) to work on /opt/airflow/dags/eod_data_pipeline.py
[2025-05-20T17:45:22.856+0000] {processor.py:914} INFO - Processing file /opt/airflow/dags/eod_data_pipeline.py for tasks to queue
[2025-05-20T17:45:22.860+0000] {logging_mixin.py:190} INFO - [2025-05-20T17:45:22.859+0000] {dagbag.py:588} INFO - Filling up the DagBag from /opt/airflow/dags/eod_data_pipeline.py
[2025-05-20T17:45:22.932+0000] {processor.py:925} INFO - DAG(s) 'fetch_eod_data' retrieved from /opt/airflow/dags/eod_data_pipeline.py
[2025-05-20T17:45:22.990+0000] {logging_mixin.py:190} INFO - [2025-05-20T17:45:22.989+0000] {dag.py:3239} INFO - Sync 1 DAGs
[2025-05-20T17:45:23.070+0000] {logging_mixin.py:190} INFO - [2025-05-20T17:45:23.069+0000] {dag.py:4180} INFO - Setting next_dagrun for fetch_eod_data to 2025-05-20 00:00:00+00:00, run_after=2025-05-21 00:00:00+00:00
[2025-05-20T17:45:23.126+0000] {processor.py:208} INFO - Processing /opt/airflow/dags/eod_data_pipeline.py took 0.289 seconds
[2025-05-20T17:45:53.444+0000] {processor.py:186} INFO - Started process (PID=539) to work on /opt/airflow/dags/eod_data_pipeline.py
[2025-05-20T17:45:53.446+0000] {processor.py:914} INFO - Processing file /opt/airflow/dags/eod_data_pipeline.py for tasks to queue
[2025-05-20T17:45:53.448+0000] {logging_mixin.py:190} INFO - [2025-05-20T17:45:53.448+0000] {dagbag.py:588} INFO - Filling up the DagBag from /opt/airflow/dags/eod_data_pipeline.py
[2025-05-20T17:45:53.509+0000] {processor.py:925} INFO - DAG(s) 'fetch_eod_data' retrieved from /opt/airflow/dags/eod_data_pipeline.py
[2025-05-20T17:45:53.548+0000] {logging_mixin.py:190} INFO - [2025-05-20T17:45:53.548+0000] {dag.py:3239} INFO - Sync 1 DAGs
[2025-05-20T17:45:53.597+0000] {logging_mixin.py:190} INFO - [2025-05-20T17:45:53.596+0000] {dag.py:4180} INFO - Setting next_dagrun for fetch_eod_data to 2025-05-20 00:00:00+00:00, run_after=2025-05-21 00:00:00+00:00
[2025-05-20T17:45:53.641+0000] {processor.py:208} INFO - Processing /opt/airflow/dags/eod_data_pipeline.py took 0.208 seconds
