[2025-05-20T16:29:59.561+0000] {processor.py:186} INFO - Started process (PID=92) to work on /home/airflow/.local/lib/python3.12/site-packages/airflow/example_dags/example_complex.py
[2025-05-20T16:29:59.563+0000] {processor.py:914} INFO - Processing file /home/airflow/.local/lib/python3.12/site-packages/airflow/example_dags/example_complex.py for tasks to queue
[2025-05-20T16:29:59.567+0000] {logging_mixin.py:190} INFO - [2025-05-20T16:29:59.566+0000] {dagbag.py:588} INFO - Filling up the DagBag from /home/airflow/.local/lib/python3.12/site-packages/airflow/example_dags/example_complex.py
[2025-05-20T16:29:59.587+0000] {processor.py:925} INFO - DAG(s) 'example_complex' retrieved from /home/airflow/.local/lib/python3.12/site-packages/airflow/example_dags/example_complex.py
[2025-05-20T16:29:59.781+0000] {logging_mixin.py:190} INFO - [2025-05-20T16:29:59.780+0000] {override.py:1930} INFO - Created Permission View: can read on DAG:example_complex
[2025-05-20T16:29:59.796+0000] {logging_mixin.py:190} INFO - [2025-05-20T16:29:59.796+0000] {override.py:1930} INFO - Created Permission View: can edit on DAG:example_complex
[2025-05-20T16:29:59.807+0000] {logging_mixin.py:190} INFO - [2025-05-20T16:29:59.806+0000] {override.py:1930} INFO - Created Permission View: can delete on DAG:example_complex
[2025-05-20T16:29:59.817+0000] {logging_mixin.py:190} INFO - [2025-05-20T16:29:59.817+0000] {override.py:1930} INFO - Created Permission View: can create on DAG Run:example_complex
[2025-05-20T16:29:59.827+0000] {logging_mixin.py:190} INFO - [2025-05-20T16:29:59.827+0000] {override.py:1930} INFO - Created Permission View: can read on DAG Run:example_complex
[2025-05-20T16:29:59.837+0000] {logging_mixin.py:190} INFO - [2025-05-20T16:29:59.837+0000] {override.py:1930} INFO - Created Permission View: can delete on DAG Run:example_complex
[2025-05-20T16:29:59.847+0000] {logging_mixin.py:190} INFO - [2025-05-20T16:29:59.846+0000] {override.py:1930} INFO - Created Permission View: menu access on DAG Run:example_complex
[2025-05-20T16:29:59.848+0000] {logging_mixin.py:190} INFO - [2025-05-20T16:29:59.847+0000] {dag.py:3239} INFO - Sync 1 DAGs
[2025-05-20T16:29:59.866+0000] {logging_mixin.py:190} INFO - [2025-05-20T16:29:59.866+0000] {dag.py:3262} INFO - Creating ORM DAG for example_complex
[2025-05-20T16:29:59.868+0000] {logging_mixin.py:190} INFO - [2025-05-20T16:29:59.867+0000] {dag.py:4180} INFO - Setting next_dagrun for example_complex to None, run_after=None
[2025-05-20T16:29:59.894+0000] {processor.py:208} INFO - Processing /home/airflow/.local/lib/python3.12/site-packages/airflow/example_dags/example_complex.py took 0.342 seconds
[2025-05-20T16:30:30.554+0000] {processor.py:186} INFO - Started process (PID=155) to work on /home/airflow/.local/lib/python3.12/site-packages/airflow/example_dags/example_complex.py
[2025-05-20T16:30:30.555+0000] {processor.py:914} INFO - Processing file /home/airflow/.local/lib/python3.12/site-packages/airflow/example_dags/example_complex.py for tasks to queue
[2025-05-20T16:30:30.557+0000] {logging_mixin.py:190} INFO - [2025-05-20T16:30:30.557+0000] {dagbag.py:588} INFO - Filling up the DagBag from /home/airflow/.local/lib/python3.12/site-packages/airflow/example_dags/example_complex.py
[2025-05-20T16:30:30.571+0000] {processor.py:925} INFO - DAG(s) 'example_complex' retrieved from /home/airflow/.local/lib/python3.12/site-packages/airflow/example_dags/example_complex.py
[2025-05-20T16:30:30.611+0000] {logging_mixin.py:190} INFO - [2025-05-20T16:30:30.611+0000] {dag.py:3239} INFO - Sync 1 DAGs
[2025-05-20T16:30:30.629+0000] {logging_mixin.py:190} INFO - [2025-05-20T16:30:30.629+0000] {dag.py:4180} INFO - Setting next_dagrun for example_complex to None, run_after=None
[2025-05-20T16:30:30.652+0000] {processor.py:208} INFO - Processing /home/airflow/.local/lib/python3.12/site-packages/airflow/example_dags/example_complex.py took 0.105 seconds
[2025-05-20T16:31:01.442+0000] {processor.py:186} INFO - Started process (PID=218) to work on /home/airflow/.local/lib/python3.12/site-packages/airflow/example_dags/example_complex.py
[2025-05-20T16:31:01.443+0000] {processor.py:914} INFO - Processing file /home/airflow/.local/lib/python3.12/site-packages/airflow/example_dags/example_complex.py for tasks to queue
[2025-05-20T16:31:01.445+0000] {logging_mixin.py:190} INFO - [2025-05-20T16:31:01.445+0000] {dagbag.py:588} INFO - Filling up the DagBag from /home/airflow/.local/lib/python3.12/site-packages/airflow/example_dags/example_complex.py
[2025-05-20T16:31:01.456+0000] {processor.py:925} INFO - DAG(s) 'example_complex' retrieved from /home/airflow/.local/lib/python3.12/site-packages/airflow/example_dags/example_complex.py
[2025-05-20T16:31:01.488+0000] {logging_mixin.py:190} INFO - [2025-05-20T16:31:01.488+0000] {dag.py:3239} INFO - Sync 1 DAGs
[2025-05-20T16:31:01.502+0000] {logging_mixin.py:190} INFO - [2025-05-20T16:31:01.502+0000] {dag.py:4180} INFO - Setting next_dagrun for example_complex to None, run_after=None
[2025-05-20T16:31:01.520+0000] {processor.py:208} INFO - Processing /home/airflow/.local/lib/python3.12/site-packages/airflow/example_dags/example_complex.py took 0.083 seconds
[2025-05-20T16:31:31.692+0000] {processor.py:186} INFO - Started process (PID=280) to work on /home/airflow/.local/lib/python3.12/site-packages/airflow/example_dags/example_complex.py
[2025-05-20T16:31:31.694+0000] {processor.py:914} INFO - Processing file /home/airflow/.local/lib/python3.12/site-packages/airflow/example_dags/example_complex.py for tasks to queue
[2025-05-20T16:31:31.696+0000] {logging_mixin.py:190} INFO - [2025-05-20T16:31:31.696+0000] {dagbag.py:588} INFO - Filling up the DagBag from /home/airflow/.local/lib/python3.12/site-packages/airflow/example_dags/example_complex.py
[2025-05-20T16:31:31.707+0000] {processor.py:925} INFO - DAG(s) 'example_complex' retrieved from /home/airflow/.local/lib/python3.12/site-packages/airflow/example_dags/example_complex.py
[2025-05-20T16:31:31.737+0000] {logging_mixin.py:190} INFO - [2025-05-20T16:31:31.737+0000] {dag.py:3239} INFO - Sync 1 DAGs
[2025-05-20T16:31:31.750+0000] {logging_mixin.py:190} INFO - [2025-05-20T16:31:31.750+0000] {dag.py:4180} INFO - Setting next_dagrun for example_complex to None, run_after=None
[2025-05-20T16:31:31.769+0000] {processor.py:208} INFO - Processing /home/airflow/.local/lib/python3.12/site-packages/airflow/example_dags/example_complex.py took 0.082 seconds
[2025-05-20T16:32:01.853+0000] {processor.py:186} INFO - Started process (PID=343) to work on /home/airflow/.local/lib/python3.12/site-packages/airflow/example_dags/example_complex.py
[2025-05-20T16:32:01.854+0000] {processor.py:914} INFO - Processing file /home/airflow/.local/lib/python3.12/site-packages/airflow/example_dags/example_complex.py for tasks to queue
[2025-05-20T16:32:01.856+0000] {logging_mixin.py:190} INFO - [2025-05-20T16:32:01.856+0000] {dagbag.py:588} INFO - Filling up the DagBag from /home/airflow/.local/lib/python3.12/site-packages/airflow/example_dags/example_complex.py
[2025-05-20T16:32:01.867+0000] {processor.py:925} INFO - DAG(s) 'example_complex' retrieved from /home/airflow/.local/lib/python3.12/site-packages/airflow/example_dags/example_complex.py
[2025-05-20T16:32:01.895+0000] {logging_mixin.py:190} INFO - [2025-05-20T16:32:01.895+0000] {dag.py:3239} INFO - Sync 1 DAGs
[2025-05-20T16:32:01.909+0000] {logging_mixin.py:190} INFO - [2025-05-20T16:32:01.909+0000] {dag.py:4180} INFO - Setting next_dagrun for example_complex to None, run_after=None
[2025-05-20T16:32:01.926+0000] {processor.py:208} INFO - Processing /home/airflow/.local/lib/python3.12/site-packages/airflow/example_dags/example_complex.py took 0.078 seconds
[2025-05-20T16:32:32.453+0000] {processor.py:186} INFO - Started process (PID=406) to work on /home/airflow/.local/lib/python3.12/site-packages/airflow/example_dags/example_complex.py
[2025-05-20T16:32:32.454+0000] {processor.py:914} INFO - Processing file /home/airflow/.local/lib/python3.12/site-packages/airflow/example_dags/example_complex.py for tasks to queue
[2025-05-20T16:32:32.458+0000] {logging_mixin.py:190} INFO - [2025-05-20T16:32:32.458+0000] {dagbag.py:588} INFO - Filling up the DagBag from /home/airflow/.local/lib/python3.12/site-packages/airflow/example_dags/example_complex.py
[2025-05-20T16:32:32.478+0000] {processor.py:925} INFO - DAG(s) 'example_complex' retrieved from /home/airflow/.local/lib/python3.12/site-packages/airflow/example_dags/example_complex.py
[2025-05-20T16:32:32.531+0000] {logging_mixin.py:190} INFO - [2025-05-20T16:32:32.531+0000] {dag.py:3239} INFO - Sync 1 DAGs
[2025-05-20T16:32:32.557+0000] {logging_mixin.py:190} INFO - [2025-05-20T16:32:32.557+0000] {dag.py:4180} INFO - Setting next_dagrun for example_complex to None, run_after=None
[2025-05-20T16:32:32.589+0000] {processor.py:208} INFO - Processing /home/airflow/.local/lib/python3.12/site-packages/airflow/example_dags/example_complex.py took 0.145 seconds
[2025-05-20T16:33:02.701+0000] {processor.py:186} INFO - Started process (PID=469) to work on /home/airflow/.local/lib/python3.12/site-packages/airflow/example_dags/example_complex.py
[2025-05-20T16:33:02.703+0000] {processor.py:914} INFO - Processing file /home/airflow/.local/lib/python3.12/site-packages/airflow/example_dags/example_complex.py for tasks to queue
[2025-05-20T16:33:02.706+0000] {logging_mixin.py:190} INFO - [2025-05-20T16:33:02.705+0000] {dagbag.py:588} INFO - Filling up the DagBag from /home/airflow/.local/lib/python3.12/site-packages/airflow/example_dags/example_complex.py
[2025-05-20T16:33:02.724+0000] {processor.py:925} INFO - DAG(s) 'example_complex' retrieved from /home/airflow/.local/lib/python3.12/site-packages/airflow/example_dags/example_complex.py
[2025-05-20T16:33:02.775+0000] {logging_mixin.py:190} INFO - [2025-05-20T16:33:02.775+0000] {dag.py:3239} INFO - Sync 1 DAGs
[2025-05-20T16:33:02.800+0000] {logging_mixin.py:190} INFO - [2025-05-20T16:33:02.799+0000] {dag.py:4180} INFO - Setting next_dagrun for example_complex to None, run_after=None
[2025-05-20T16:33:02.838+0000] {processor.py:208} INFO - Processing /home/airflow/.local/lib/python3.12/site-packages/airflow/example_dags/example_complex.py took 0.144 seconds
[2025-05-20T16:33:33.136+0000] {processor.py:186} INFO - Started process (PID=532) to work on /home/airflow/.local/lib/python3.12/site-packages/airflow/example_dags/example_complex.py
[2025-05-20T16:33:33.137+0000] {processor.py:914} INFO - Processing file /home/airflow/.local/lib/python3.12/site-packages/airflow/example_dags/example_complex.py for tasks to queue
[2025-05-20T16:33:33.139+0000] {logging_mixin.py:190} INFO - [2025-05-20T16:33:33.138+0000] {dagbag.py:588} INFO - Filling up the DagBag from /home/airflow/.local/lib/python3.12/site-packages/airflow/example_dags/example_complex.py
[2025-05-20T16:33:33.149+0000] {processor.py:925} INFO - DAG(s) 'example_complex' retrieved from /home/airflow/.local/lib/python3.12/site-packages/airflow/example_dags/example_complex.py
[2025-05-20T16:33:33.180+0000] {logging_mixin.py:190} INFO - [2025-05-20T16:33:33.179+0000] {dag.py:3239} INFO - Sync 1 DAGs
[2025-05-20T16:33:33.194+0000] {logging_mixin.py:190} INFO - [2025-05-20T16:33:33.194+0000] {dag.py:4180} INFO - Setting next_dagrun for example_complex to None, run_after=None
[2025-05-20T16:33:33.215+0000] {processor.py:208} INFO - Processing /home/airflow/.local/lib/python3.12/site-packages/airflow/example_dags/example_complex.py took 0.083 seconds
[2025-05-20T16:34:03.339+0000] {processor.py:186} INFO - Started process (PID=595) to work on /home/airflow/.local/lib/python3.12/site-packages/airflow/example_dags/example_complex.py
[2025-05-20T16:34:03.340+0000] {processor.py:914} INFO - Processing file /home/airflow/.local/lib/python3.12/site-packages/airflow/example_dags/example_complex.py for tasks to queue
[2025-05-20T16:34:03.342+0000] {logging_mixin.py:190} INFO - [2025-05-20T16:34:03.342+0000] {dagbag.py:588} INFO - Filling up the DagBag from /home/airflow/.local/lib/python3.12/site-packages/airflow/example_dags/example_complex.py
[2025-05-20T16:34:03.353+0000] {processor.py:925} INFO - DAG(s) 'example_complex' retrieved from /home/airflow/.local/lib/python3.12/site-packages/airflow/example_dags/example_complex.py
[2025-05-20T16:34:03.384+0000] {logging_mixin.py:190} INFO - [2025-05-20T16:34:03.383+0000] {dag.py:3239} INFO - Sync 1 DAGs
[2025-05-20T16:34:03.397+0000] {logging_mixin.py:190} INFO - [2025-05-20T16:34:03.397+0000] {dag.py:4180} INFO - Setting next_dagrun for example_complex to None, run_after=None
[2025-05-20T16:34:03.414+0000] {processor.py:208} INFO - Processing /home/airflow/.local/lib/python3.12/site-packages/airflow/example_dags/example_complex.py took 0.080 seconds
[2025-05-20T16:34:34.238+0000] {processor.py:186} INFO - Started process (PID=658) to work on /home/airflow/.local/lib/python3.12/site-packages/airflow/example_dags/example_complex.py
[2025-05-20T16:34:34.239+0000] {processor.py:914} INFO - Processing file /home/airflow/.local/lib/python3.12/site-packages/airflow/example_dags/example_complex.py for tasks to queue
[2025-05-20T16:34:34.242+0000] {logging_mixin.py:190} INFO - [2025-05-20T16:34:34.242+0000] {dagbag.py:588} INFO - Filling up the DagBag from /home/airflow/.local/lib/python3.12/site-packages/airflow/example_dags/example_complex.py
[2025-05-20T16:34:34.262+0000] {processor.py:925} INFO - DAG(s) 'example_complex' retrieved from /home/airflow/.local/lib/python3.12/site-packages/airflow/example_dags/example_complex.py
[2025-05-20T16:34:34.313+0000] {logging_mixin.py:190} INFO - [2025-05-20T16:34:34.312+0000] {dag.py:3239} INFO - Sync 1 DAGs
[2025-05-20T16:34:34.335+0000] {logging_mixin.py:190} INFO - [2025-05-20T16:34:34.335+0000] {dag.py:4180} INFO - Setting next_dagrun for example_complex to None, run_after=None
[2025-05-20T16:34:34.364+0000] {processor.py:208} INFO - Processing /home/airflow/.local/lib/python3.12/site-packages/airflow/example_dags/example_complex.py took 0.135 seconds
[2025-05-20T16:35:04.487+0000] {processor.py:186} INFO - Started process (PID=721) to work on /home/airflow/.local/lib/python3.12/site-packages/airflow/example_dags/example_complex.py
[2025-05-20T16:35:04.487+0000] {processor.py:914} INFO - Processing file /home/airflow/.local/lib/python3.12/site-packages/airflow/example_dags/example_complex.py for tasks to queue
[2025-05-20T16:35:04.489+0000] {logging_mixin.py:190} INFO - [2025-05-20T16:35:04.489+0000] {dagbag.py:588} INFO - Filling up the DagBag from /home/airflow/.local/lib/python3.12/site-packages/airflow/example_dags/example_complex.py
[2025-05-20T16:35:04.500+0000] {processor.py:925} INFO - DAG(s) 'example_complex' retrieved from /home/airflow/.local/lib/python3.12/site-packages/airflow/example_dags/example_complex.py
[2025-05-20T16:35:04.532+0000] {logging_mixin.py:190} INFO - [2025-05-20T16:35:04.532+0000] {dag.py:3239} INFO - Sync 1 DAGs
[2025-05-20T16:35:04.546+0000] {logging_mixin.py:190} INFO - [2025-05-20T16:35:04.546+0000] {dag.py:4180} INFO - Setting next_dagrun for example_complex to None, run_after=None
[2025-05-20T16:35:04.566+0000] {processor.py:208} INFO - Processing /home/airflow/.local/lib/python3.12/site-packages/airflow/example_dags/example_complex.py took 0.084 seconds
[2025-05-20T16:35:34.964+0000] {processor.py:186} INFO - Started process (PID=784) to work on /home/airflow/.local/lib/python3.12/site-packages/airflow/example_dags/example_complex.py
[2025-05-20T16:35:34.965+0000] {processor.py:914} INFO - Processing file /home/airflow/.local/lib/python3.12/site-packages/airflow/example_dags/example_complex.py for tasks to queue
[2025-05-20T16:35:34.966+0000] {logging_mixin.py:190} INFO - [2025-05-20T16:35:34.966+0000] {dagbag.py:588} INFO - Filling up the DagBag from /home/airflow/.local/lib/python3.12/site-packages/airflow/example_dags/example_complex.py
[2025-05-20T16:35:34.977+0000] {processor.py:925} INFO - DAG(s) 'example_complex' retrieved from /home/airflow/.local/lib/python3.12/site-packages/airflow/example_dags/example_complex.py
[2025-05-20T16:35:35.008+0000] {logging_mixin.py:190} INFO - [2025-05-20T16:35:35.007+0000] {dag.py:3239} INFO - Sync 1 DAGs
[2025-05-20T16:35:35.021+0000] {logging_mixin.py:190} INFO - [2025-05-20T16:35:35.020+0000] {dag.py:4180} INFO - Setting next_dagrun for example_complex to None, run_after=None
[2025-05-20T16:35:35.038+0000] {processor.py:208} INFO - Processing /home/airflow/.local/lib/python3.12/site-packages/airflow/example_dags/example_complex.py took 0.079 seconds
[2025-05-20T16:36:05.896+0000] {processor.py:186} INFO - Started process (PID=847) to work on /home/airflow/.local/lib/python3.12/site-packages/airflow/example_dags/example_complex.py
[2025-05-20T16:36:05.897+0000] {processor.py:914} INFO - Processing file /home/airflow/.local/lib/python3.12/site-packages/airflow/example_dags/example_complex.py for tasks to queue
[2025-05-20T16:36:05.899+0000] {logging_mixin.py:190} INFO - [2025-05-20T16:36:05.899+0000] {dagbag.py:588} INFO - Filling up the DagBag from /home/airflow/.local/lib/python3.12/site-packages/airflow/example_dags/example_complex.py
[2025-05-20T16:36:05.910+0000] {processor.py:925} INFO - DAG(s) 'example_complex' retrieved from /home/airflow/.local/lib/python3.12/site-packages/airflow/example_dags/example_complex.py
[2025-05-20T16:36:05.942+0000] {logging_mixin.py:190} INFO - [2025-05-20T16:36:05.942+0000] {dag.py:3239} INFO - Sync 1 DAGs
[2025-05-20T16:36:05.955+0000] {logging_mixin.py:190} INFO - [2025-05-20T16:36:05.955+0000] {dag.py:4180} INFO - Setting next_dagrun for example_complex to None, run_after=None
[2025-05-20T16:36:05.973+0000] {processor.py:208} INFO - Processing /home/airflow/.local/lib/python3.12/site-packages/airflow/example_dags/example_complex.py took 0.082 seconds
[2025-05-20T16:36:36.222+0000] {processor.py:186} INFO - Started process (PID=910) to work on /home/airflow/.local/lib/python3.12/site-packages/airflow/example_dags/example_complex.py
[2025-05-20T16:36:36.223+0000] {processor.py:914} INFO - Processing file /home/airflow/.local/lib/python3.12/site-packages/airflow/example_dags/example_complex.py for tasks to queue
[2025-05-20T16:36:36.225+0000] {logging_mixin.py:190} INFO - [2025-05-20T16:36:36.225+0000] {dagbag.py:588} INFO - Filling up the DagBag from /home/airflow/.local/lib/python3.12/site-packages/airflow/example_dags/example_complex.py
[2025-05-20T16:36:36.237+0000] {processor.py:925} INFO - DAG(s) 'example_complex' retrieved from /home/airflow/.local/lib/python3.12/site-packages/airflow/example_dags/example_complex.py
[2025-05-20T16:36:36.270+0000] {logging_mixin.py:190} INFO - [2025-05-20T16:36:36.270+0000] {dag.py:3239} INFO - Sync 1 DAGs
[2025-05-20T16:36:36.287+0000] {logging_mixin.py:190} INFO - [2025-05-20T16:36:36.287+0000] {dag.py:4180} INFO - Setting next_dagrun for example_complex to None, run_after=None
[2025-05-20T16:36:36.307+0000] {processor.py:208} INFO - Processing /home/airflow/.local/lib/python3.12/site-packages/airflow/example_dags/example_complex.py took 0.090 seconds
[2025-05-20T16:37:07.206+0000] {processor.py:186} INFO - Started process (PID=973) to work on /home/airflow/.local/lib/python3.12/site-packages/airflow/example_dags/example_complex.py
[2025-05-20T16:37:07.208+0000] {processor.py:914} INFO - Processing file /home/airflow/.local/lib/python3.12/site-packages/airflow/example_dags/example_complex.py for tasks to queue
[2025-05-20T16:37:07.213+0000] {logging_mixin.py:190} INFO - [2025-05-20T16:37:07.212+0000] {dagbag.py:588} INFO - Filling up the DagBag from /home/airflow/.local/lib/python3.12/site-packages/airflow/example_dags/example_complex.py
[2025-05-20T16:37:07.234+0000] {processor.py:925} INFO - DAG(s) 'example_complex' retrieved from /home/airflow/.local/lib/python3.12/site-packages/airflow/example_dags/example_complex.py
[2025-05-20T16:37:07.287+0000] {logging_mixin.py:190} INFO - [2025-05-20T16:37:07.287+0000] {dag.py:3239} INFO - Sync 1 DAGs
[2025-05-20T16:37:07.309+0000] {logging_mixin.py:190} INFO - [2025-05-20T16:37:07.308+0000] {dag.py:4180} INFO - Setting next_dagrun for example_complex to None, run_after=None
[2025-05-20T16:37:07.341+0000] {processor.py:208} INFO - Processing /home/airflow/.local/lib/python3.12/site-packages/airflow/example_dags/example_complex.py took 0.146 seconds
[2025-05-20T16:37:37.457+0000] {processor.py:186} INFO - Started process (PID=1036) to work on /home/airflow/.local/lib/python3.12/site-packages/airflow/example_dags/example_complex.py
[2025-05-20T16:37:37.458+0000] {processor.py:914} INFO - Processing file /home/airflow/.local/lib/python3.12/site-packages/airflow/example_dags/example_complex.py for tasks to queue
[2025-05-20T16:37:37.461+0000] {logging_mixin.py:190} INFO - [2025-05-20T16:37:37.460+0000] {dagbag.py:588} INFO - Filling up the DagBag from /home/airflow/.local/lib/python3.12/site-packages/airflow/example_dags/example_complex.py
[2025-05-20T16:37:37.472+0000] {processor.py:925} INFO - DAG(s) 'example_complex' retrieved from /home/airflow/.local/lib/python3.12/site-packages/airflow/example_dags/example_complex.py
[2025-05-20T16:37:37.504+0000] {logging_mixin.py:190} INFO - [2025-05-20T16:37:37.503+0000] {dag.py:3239} INFO - Sync 1 DAGs
[2025-05-20T16:37:37.519+0000] {logging_mixin.py:190} INFO - [2025-05-20T16:37:37.519+0000] {dag.py:4180} INFO - Setting next_dagrun for example_complex to None, run_after=None
[2025-05-20T16:37:37.538+0000] {processor.py:208} INFO - Processing /home/airflow/.local/lib/python3.12/site-packages/airflow/example_dags/example_complex.py took 0.086 seconds
[2025-05-20T17:10:25.852+0000] {processor.py:186} INFO - Started process (PID=1098) to work on /home/airflow/.local/lib/python3.12/site-packages/airflow/example_dags/example_complex.py
[2025-05-20T17:10:25.853+0000] {processor.py:914} INFO - Processing file /home/airflow/.local/lib/python3.12/site-packages/airflow/example_dags/example_complex.py for tasks to queue
[2025-05-20T17:10:25.856+0000] {logging_mixin.py:190} INFO - [2025-05-20T17:10:25.856+0000] {dagbag.py:588} INFO - Filling up the DagBag from /home/airflow/.local/lib/python3.12/site-packages/airflow/example_dags/example_complex.py
[2025-05-20T17:10:25.869+0000] {processor.py:925} INFO - DAG(s) 'example_complex' retrieved from /home/airflow/.local/lib/python3.12/site-packages/airflow/example_dags/example_complex.py
[2025-05-20T17:10:25.905+0000] {logging_mixin.py:190} INFO - [2025-05-20T17:10:25.905+0000] {dag.py:3239} INFO - Sync 1 DAGs
[2025-05-20T17:10:25.922+0000] {logging_mixin.py:190} INFO - [2025-05-20T17:10:25.922+0000] {dag.py:4180} INFO - Setting next_dagrun for example_complex to None, run_after=None
[2025-05-20T17:10:25.943+0000] {processor.py:208} INFO - Processing /home/airflow/.local/lib/python3.12/site-packages/airflow/example_dags/example_complex.py took 0.098 seconds
[2025-05-20T17:10:56.035+0000] {processor.py:186} INFO - Started process (PID=1161) to work on /home/airflow/.local/lib/python3.12/site-packages/airflow/example_dags/example_complex.py
[2025-05-20T17:10:56.036+0000] {processor.py:914} INFO - Processing file /home/airflow/.local/lib/python3.12/site-packages/airflow/example_dags/example_complex.py for tasks to queue
[2025-05-20T17:10:56.038+0000] {logging_mixin.py:190} INFO - [2025-05-20T17:10:56.037+0000] {dagbag.py:588} INFO - Filling up the DagBag from /home/airflow/.local/lib/python3.12/site-packages/airflow/example_dags/example_complex.py
[2025-05-20T17:10:56.048+0000] {processor.py:925} INFO - DAG(s) 'example_complex' retrieved from /home/airflow/.local/lib/python3.12/site-packages/airflow/example_dags/example_complex.py
[2025-05-20T17:10:56.079+0000] {logging_mixin.py:190} INFO - [2025-05-20T17:10:56.079+0000] {dag.py:3239} INFO - Sync 1 DAGs
[2025-05-20T17:10:56.096+0000] {logging_mixin.py:190} INFO - [2025-05-20T17:10:56.095+0000] {dag.py:4180} INFO - Setting next_dagrun for example_complex to None, run_after=None
[2025-05-20T17:10:56.116+0000] {processor.py:208} INFO - Processing /home/airflow/.local/lib/python3.12/site-packages/airflow/example_dags/example_complex.py took 0.086 seconds
[2025-05-20T17:11:26.918+0000] {processor.py:186} INFO - Started process (PID=1223) to work on /home/airflow/.local/lib/python3.12/site-packages/airflow/example_dags/example_complex.py
[2025-05-20T17:11:26.919+0000] {processor.py:914} INFO - Processing file /home/airflow/.local/lib/python3.12/site-packages/airflow/example_dags/example_complex.py for tasks to queue
[2025-05-20T17:11:26.921+0000] {logging_mixin.py:190} INFO - [2025-05-20T17:11:26.921+0000] {dagbag.py:588} INFO - Filling up the DagBag from /home/airflow/.local/lib/python3.12/site-packages/airflow/example_dags/example_complex.py
[2025-05-20T17:11:26.932+0000] {processor.py:925} INFO - DAG(s) 'example_complex' retrieved from /home/airflow/.local/lib/python3.12/site-packages/airflow/example_dags/example_complex.py
[2025-05-20T17:11:26.963+0000] {logging_mixin.py:190} INFO - [2025-05-20T17:11:26.963+0000] {dag.py:3239} INFO - Sync 1 DAGs
[2025-05-20T17:11:26.977+0000] {logging_mixin.py:190} INFO - [2025-05-20T17:11:26.977+0000] {dag.py:4180} INFO - Setting next_dagrun for example_complex to None, run_after=None
[2025-05-20T17:11:26.994+0000] {processor.py:208} INFO - Processing /home/airflow/.local/lib/python3.12/site-packages/airflow/example_dags/example_complex.py took 0.081 seconds
[2025-05-20T17:11:57.214+0000] {processor.py:186} INFO - Started process (PID=1286) to work on /home/airflow/.local/lib/python3.12/site-packages/airflow/example_dags/example_complex.py
[2025-05-20T17:11:57.215+0000] {processor.py:914} INFO - Processing file /home/airflow/.local/lib/python3.12/site-packages/airflow/example_dags/example_complex.py for tasks to queue
[2025-05-20T17:11:57.217+0000] {logging_mixin.py:190} INFO - [2025-05-20T17:11:57.217+0000] {dagbag.py:588} INFO - Filling up the DagBag from /home/airflow/.local/lib/python3.12/site-packages/airflow/example_dags/example_complex.py
[2025-05-20T17:11:57.228+0000] {processor.py:925} INFO - DAG(s) 'example_complex' retrieved from /home/airflow/.local/lib/python3.12/site-packages/airflow/example_dags/example_complex.py
[2025-05-20T17:11:57.257+0000] {logging_mixin.py:190} INFO - [2025-05-20T17:11:57.257+0000] {dag.py:3239} INFO - Sync 1 DAGs
[2025-05-20T17:11:57.270+0000] {logging_mixin.py:190} INFO - [2025-05-20T17:11:57.270+0000] {dag.py:4180} INFO - Setting next_dagrun for example_complex to None, run_after=None
[2025-05-20T17:11:57.288+0000] {processor.py:208} INFO - Processing /home/airflow/.local/lib/python3.12/site-packages/airflow/example_dags/example_complex.py took 0.080 seconds
[2025-05-20T17:12:27.354+0000] {processor.py:186} INFO - Started process (PID=1349) to work on /home/airflow/.local/lib/python3.12/site-packages/airflow/example_dags/example_complex.py
[2025-05-20T17:12:27.355+0000] {processor.py:914} INFO - Processing file /home/airflow/.local/lib/python3.12/site-packages/airflow/example_dags/example_complex.py for tasks to queue
[2025-05-20T17:12:27.357+0000] {logging_mixin.py:190} INFO - [2025-05-20T17:12:27.357+0000] {dagbag.py:588} INFO - Filling up the DagBag from /home/airflow/.local/lib/python3.12/site-packages/airflow/example_dags/example_complex.py
[2025-05-20T17:12:27.368+0000] {processor.py:925} INFO - DAG(s) 'example_complex' retrieved from /home/airflow/.local/lib/python3.12/site-packages/airflow/example_dags/example_complex.py
[2025-05-20T17:12:27.398+0000] {logging_mixin.py:190} INFO - [2025-05-20T17:12:27.398+0000] {dag.py:3239} INFO - Sync 1 DAGs
[2025-05-20T17:12:27.412+0000] {logging_mixin.py:190} INFO - [2025-05-20T17:12:27.411+0000] {dag.py:4180} INFO - Setting next_dagrun for example_complex to None, run_after=None
[2025-05-20T17:12:27.429+0000] {processor.py:208} INFO - Processing /home/airflow/.local/lib/python3.12/site-packages/airflow/example_dags/example_complex.py took 0.080 seconds
[2025-05-20T17:12:58.266+0000] {processor.py:186} INFO - Started process (PID=1412) to work on /home/airflow/.local/lib/python3.12/site-packages/airflow/example_dags/example_complex.py
[2025-05-20T17:12:58.266+0000] {processor.py:914} INFO - Processing file /home/airflow/.local/lib/python3.12/site-packages/airflow/example_dags/example_complex.py for tasks to queue
[2025-05-20T17:12:58.268+0000] {logging_mixin.py:190} INFO - [2025-05-20T17:12:58.268+0000] {dagbag.py:588} INFO - Filling up the DagBag from /home/airflow/.local/lib/python3.12/site-packages/airflow/example_dags/example_complex.py
[2025-05-20T17:12:58.279+0000] {processor.py:925} INFO - DAG(s) 'example_complex' retrieved from /home/airflow/.local/lib/python3.12/site-packages/airflow/example_dags/example_complex.py
[2025-05-20T17:12:58.311+0000] {logging_mixin.py:190} INFO - [2025-05-20T17:12:58.310+0000] {dag.py:3239} INFO - Sync 1 DAGs
[2025-05-20T17:12:58.325+0000] {logging_mixin.py:190} INFO - [2025-05-20T17:12:58.324+0000] {dag.py:4180} INFO - Setting next_dagrun for example_complex to None, run_after=None
[2025-05-20T17:12:58.344+0000] {processor.py:208} INFO - Processing /home/airflow/.local/lib/python3.12/site-packages/airflow/example_dags/example_complex.py took 0.083 seconds
[2025-05-20T17:13:28.696+0000] {processor.py:186} INFO - Started process (PID=1475) to work on /home/airflow/.local/lib/python3.12/site-packages/airflow/example_dags/example_complex.py
[2025-05-20T17:13:28.698+0000] {processor.py:914} INFO - Processing file /home/airflow/.local/lib/python3.12/site-packages/airflow/example_dags/example_complex.py for tasks to queue
[2025-05-20T17:13:28.702+0000] {logging_mixin.py:190} INFO - [2025-05-20T17:13:28.701+0000] {dagbag.py:588} INFO - Filling up the DagBag from /home/airflow/.local/lib/python3.12/site-packages/airflow/example_dags/example_complex.py
[2025-05-20T17:13:28.724+0000] {processor.py:925} INFO - DAG(s) 'example_complex' retrieved from /home/airflow/.local/lib/python3.12/site-packages/airflow/example_dags/example_complex.py
[2025-05-20T17:13:28.773+0000] {logging_mixin.py:190} INFO - [2025-05-20T17:13:28.773+0000] {dag.py:3239} INFO - Sync 1 DAGs
[2025-05-20T17:13:28.800+0000] {logging_mixin.py:190} INFO - [2025-05-20T17:13:28.800+0000] {dag.py:4180} INFO - Setting next_dagrun for example_complex to None, run_after=None
[2025-05-20T17:13:28.828+0000] {processor.py:208} INFO - Processing /home/airflow/.local/lib/python3.12/site-packages/airflow/example_dags/example_complex.py took 0.140 seconds
[2025-05-20T17:13:58.979+0000] {processor.py:186} INFO - Started process (PID=1539) to work on /home/airflow/.local/lib/python3.12/site-packages/airflow/example_dags/example_complex.py
[2025-05-20T17:13:58.980+0000] {processor.py:914} INFO - Processing file /home/airflow/.local/lib/python3.12/site-packages/airflow/example_dags/example_complex.py for tasks to queue
[2025-05-20T17:13:58.983+0000] {logging_mixin.py:190} INFO - [2025-05-20T17:13:58.982+0000] {dagbag.py:588} INFO - Filling up the DagBag from /home/airflow/.local/lib/python3.12/site-packages/airflow/example_dags/example_complex.py
[2025-05-20T17:13:58.995+0000] {processor.py:925} INFO - DAG(s) 'example_complex' retrieved from /home/airflow/.local/lib/python3.12/site-packages/airflow/example_dags/example_complex.py
[2025-05-20T17:13:59.025+0000] {logging_mixin.py:190} INFO - [2025-05-20T17:13:59.025+0000] {dag.py:3239} INFO - Sync 1 DAGs
[2025-05-20T17:13:59.040+0000] {logging_mixin.py:190} INFO - [2025-05-20T17:13:59.040+0000] {dag.py:4180} INFO - Setting next_dagrun for example_complex to None, run_after=None
[2025-05-20T17:13:59.058+0000] {processor.py:208} INFO - Processing /home/airflow/.local/lib/python3.12/site-packages/airflow/example_dags/example_complex.py took 0.084 seconds
[2025-05-20T17:14:29.527+0000] {processor.py:186} INFO - Started process (PID=1601) to work on /home/airflow/.local/lib/python3.12/site-packages/airflow/example_dags/example_complex.py
[2025-05-20T17:14:29.528+0000] {processor.py:914} INFO - Processing file /home/airflow/.local/lib/python3.12/site-packages/airflow/example_dags/example_complex.py for tasks to queue
[2025-05-20T17:14:29.531+0000] {logging_mixin.py:190} INFO - [2025-05-20T17:14:29.530+0000] {dagbag.py:588} INFO - Filling up the DagBag from /home/airflow/.local/lib/python3.12/site-packages/airflow/example_dags/example_complex.py
[2025-05-20T17:14:29.542+0000] {processor.py:925} INFO - DAG(s) 'example_complex' retrieved from /home/airflow/.local/lib/python3.12/site-packages/airflow/example_dags/example_complex.py
[2025-05-20T17:14:29.572+0000] {logging_mixin.py:190} INFO - [2025-05-20T17:14:29.572+0000] {dag.py:3239} INFO - Sync 1 DAGs
[2025-05-20T17:14:29.586+0000] {logging_mixin.py:190} INFO - [2025-05-20T17:14:29.586+0000] {dag.py:4180} INFO - Setting next_dagrun for example_complex to None, run_after=None
[2025-05-20T17:14:29.605+0000] {processor.py:208} INFO - Processing /home/airflow/.local/lib/python3.12/site-packages/airflow/example_dags/example_complex.py took 0.083 seconds
[2025-05-20T17:14:59.734+0000] {processor.py:186} INFO - Started process (PID=1664) to work on /home/airflow/.local/lib/python3.12/site-packages/airflow/example_dags/example_complex.py
[2025-05-20T17:14:59.735+0000] {processor.py:914} INFO - Processing file /home/airflow/.local/lib/python3.12/site-packages/airflow/example_dags/example_complex.py for tasks to queue
[2025-05-20T17:14:59.738+0000] {logging_mixin.py:190} INFO - [2025-05-20T17:14:59.738+0000] {dagbag.py:588} INFO - Filling up the DagBag from /home/airflow/.local/lib/python3.12/site-packages/airflow/example_dags/example_complex.py
[2025-05-20T17:14:59.749+0000] {processor.py:925} INFO - DAG(s) 'example_complex' retrieved from /home/airflow/.local/lib/python3.12/site-packages/airflow/example_dags/example_complex.py
[2025-05-20T17:14:59.779+0000] {logging_mixin.py:190} INFO - [2025-05-20T17:14:59.779+0000] {dag.py:3239} INFO - Sync 1 DAGs
[2025-05-20T17:14:59.793+0000] {logging_mixin.py:190} INFO - [2025-05-20T17:14:59.793+0000] {dag.py:4180} INFO - Setting next_dagrun for example_complex to None, run_after=None
[2025-05-20T17:14:59.810+0000] {processor.py:208} INFO - Processing /home/airflow/.local/lib/python3.12/site-packages/airflow/example_dags/example_complex.py took 0.082 seconds
[2025-05-20T17:15:30.673+0000] {processor.py:186} INFO - Started process (PID=1728) to work on /home/airflow/.local/lib/python3.12/site-packages/airflow/example_dags/example_complex.py
[2025-05-20T17:15:30.674+0000] {processor.py:914} INFO - Processing file /home/airflow/.local/lib/python3.12/site-packages/airflow/example_dags/example_complex.py for tasks to queue
[2025-05-20T17:15:30.677+0000] {logging_mixin.py:190} INFO - [2025-05-20T17:15:30.677+0000] {dagbag.py:588} INFO - Filling up the DagBag from /home/airflow/.local/lib/python3.12/site-packages/airflow/example_dags/example_complex.py
[2025-05-20T17:15:30.693+0000] {processor.py:925} INFO - DAG(s) 'example_complex' retrieved from /home/airflow/.local/lib/python3.12/site-packages/airflow/example_dags/example_complex.py
[2025-05-20T17:15:30.745+0000] {logging_mixin.py:190} INFO - [2025-05-20T17:15:30.744+0000] {dag.py:3239} INFO - Sync 1 DAGs
[2025-05-20T17:15:30.770+0000] {logging_mixin.py:190} INFO - [2025-05-20T17:15:30.770+0000] {dag.py:4180} INFO - Setting next_dagrun for example_complex to None, run_after=None
[2025-05-20T17:15:30.808+0000] {processor.py:208} INFO - Processing /home/airflow/.local/lib/python3.12/site-packages/airflow/example_dags/example_complex.py took 0.143 seconds
[2025-05-20T17:16:02.273+0000] {processor.py:186} INFO - Started process (PID=1792) to work on /home/airflow/.local/lib/python3.12/site-packages/airflow/example_dags/example_complex.py
[2025-05-20T17:16:02.275+0000] {processor.py:914} INFO - Processing file /home/airflow/.local/lib/python3.12/site-packages/airflow/example_dags/example_complex.py for tasks to queue
[2025-05-20T17:16:02.280+0000] {logging_mixin.py:190} INFO - [2025-05-20T17:16:02.280+0000] {dagbag.py:588} INFO - Filling up the DagBag from /home/airflow/.local/lib/python3.12/site-packages/airflow/example_dags/example_complex.py
[2025-05-20T17:16:02.309+0000] {processor.py:925} INFO - DAG(s) 'example_complex' retrieved from /home/airflow/.local/lib/python3.12/site-packages/airflow/example_dags/example_complex.py
[2025-05-20T17:16:02.391+0000] {logging_mixin.py:190} INFO - [2025-05-20T17:16:02.391+0000] {dag.py:3239} INFO - Sync 1 DAGs
[2025-05-20T17:16:02.422+0000] {logging_mixin.py:190} INFO - [2025-05-20T17:16:02.421+0000] {dag.py:4180} INFO - Setting next_dagrun for example_complex to None, run_after=None
[2025-05-20T17:16:02.499+0000] {processor.py:208} INFO - Processing /home/airflow/.local/lib/python3.12/site-packages/airflow/example_dags/example_complex.py took 0.237 seconds
[2025-05-20T17:16:33.643+0000] {processor.py:186} INFO - Started process (PID=1856) to work on /home/airflow/.local/lib/python3.12/site-packages/airflow/example_dags/example_complex.py
[2025-05-20T17:16:33.646+0000] {processor.py:914} INFO - Processing file /home/airflow/.local/lib/python3.12/site-packages/airflow/example_dags/example_complex.py for tasks to queue
[2025-05-20T17:16:33.651+0000] {logging_mixin.py:190} INFO - [2025-05-20T17:16:33.651+0000] {dagbag.py:588} INFO - Filling up the DagBag from /home/airflow/.local/lib/python3.12/site-packages/airflow/example_dags/example_complex.py
[2025-05-20T17:16:33.679+0000] {processor.py:925} INFO - DAG(s) 'example_complex' retrieved from /home/airflow/.local/lib/python3.12/site-packages/airflow/example_dags/example_complex.py
[2025-05-20T17:16:33.756+0000] {logging_mixin.py:190} INFO - [2025-05-20T17:16:33.755+0000] {dag.py:3239} INFO - Sync 1 DAGs
[2025-05-20T17:16:33.785+0000] {logging_mixin.py:190} INFO - [2025-05-20T17:16:33.784+0000] {dag.py:4180} INFO - Setting next_dagrun for example_complex to None, run_after=None
[2025-05-20T17:16:33.860+0000] {processor.py:208} INFO - Processing /home/airflow/.local/lib/python3.12/site-packages/airflow/example_dags/example_complex.py took 0.233 seconds
[2025-05-20T17:17:04.195+0000] {processor.py:186} INFO - Started process (PID=1920) to work on /home/airflow/.local/lib/python3.12/site-packages/airflow/example_dags/example_complex.py
[2025-05-20T17:17:04.197+0000] {processor.py:914} INFO - Processing file /home/airflow/.local/lib/python3.12/site-packages/airflow/example_dags/example_complex.py for tasks to queue
[2025-05-20T17:17:04.202+0000] {logging_mixin.py:190} INFO - [2025-05-20T17:17:04.201+0000] {dagbag.py:588} INFO - Filling up the DagBag from /home/airflow/.local/lib/python3.12/site-packages/airflow/example_dags/example_complex.py
[2025-05-20T17:17:04.226+0000] {processor.py:925} INFO - DAG(s) 'example_complex' retrieved from /home/airflow/.local/lib/python3.12/site-packages/airflow/example_dags/example_complex.py
[2025-05-20T17:17:04.292+0000] {logging_mixin.py:190} INFO - [2025-05-20T17:17:04.292+0000] {dag.py:3239} INFO - Sync 1 DAGs
[2025-05-20T17:17:04.321+0000] {logging_mixin.py:190} INFO - [2025-05-20T17:17:04.320+0000] {dag.py:4180} INFO - Setting next_dagrun for example_complex to None, run_after=None
[2025-05-20T17:17:04.358+0000] {processor.py:208} INFO - Processing /home/airflow/.local/lib/python3.12/site-packages/airflow/example_dags/example_complex.py took 0.175 seconds
[2025-05-20T17:17:35.207+0000] {processor.py:186} INFO - Started process (PID=1984) to work on /home/airflow/.local/lib/python3.12/site-packages/airflow/example_dags/example_complex.py
[2025-05-20T17:17:35.209+0000] {processor.py:914} INFO - Processing file /home/airflow/.local/lib/python3.12/site-packages/airflow/example_dags/example_complex.py for tasks to queue
[2025-05-20T17:17:35.215+0000] {logging_mixin.py:190} INFO - [2025-05-20T17:17:35.214+0000] {dagbag.py:588} INFO - Filling up the DagBag from /home/airflow/.local/lib/python3.12/site-packages/airflow/example_dags/example_complex.py
[2025-05-20T17:17:35.245+0000] {processor.py:925} INFO - DAG(s) 'example_complex' retrieved from /home/airflow/.local/lib/python3.12/site-packages/airflow/example_dags/example_complex.py
[2025-05-20T17:17:35.337+0000] {logging_mixin.py:190} INFO - [2025-05-20T17:17:35.336+0000] {dag.py:3239} INFO - Sync 1 DAGs
[2025-05-20T17:17:35.373+0000] {logging_mixin.py:190} INFO - [2025-05-20T17:17:35.373+0000] {dag.py:4180} INFO - Setting next_dagrun for example_complex to None, run_after=None
[2025-05-20T17:17:35.447+0000] {processor.py:208} INFO - Processing /home/airflow/.local/lib/python3.12/site-packages/airflow/example_dags/example_complex.py took 0.252 seconds
[2025-05-20T17:18:05.963+0000] {processor.py:186} INFO - Started process (PID=2048) to work on /home/airflow/.local/lib/python3.12/site-packages/airflow/example_dags/example_complex.py
[2025-05-20T17:18:05.965+0000] {processor.py:914} INFO - Processing file /home/airflow/.local/lib/python3.12/site-packages/airflow/example_dags/example_complex.py for tasks to queue
[2025-05-20T17:18:05.969+0000] {logging_mixin.py:190} INFO - [2025-05-20T17:18:05.969+0000] {dagbag.py:588} INFO - Filling up the DagBag from /home/airflow/.local/lib/python3.12/site-packages/airflow/example_dags/example_complex.py
[2025-05-20T17:18:06.002+0000] {processor.py:925} INFO - DAG(s) 'example_complex' retrieved from /home/airflow/.local/lib/python3.12/site-packages/airflow/example_dags/example_complex.py
[2025-05-20T17:18:06.072+0000] {logging_mixin.py:190} INFO - [2025-05-20T17:18:06.072+0000] {dag.py:3239} INFO - Sync 1 DAGs
[2025-05-20T17:18:06.104+0000] {logging_mixin.py:190} INFO - [2025-05-20T17:18:06.103+0000] {dag.py:4180} INFO - Setting next_dagrun for example_complex to None, run_after=None
[2025-05-20T17:18:06.143+0000] {processor.py:208} INFO - Processing /home/airflow/.local/lib/python3.12/site-packages/airflow/example_dags/example_complex.py took 0.192 seconds
[2025-05-20T17:18:37.190+0000] {processor.py:186} INFO - Started process (PID=2112) to work on /home/airflow/.local/lib/python3.12/site-packages/airflow/example_dags/example_complex.py
[2025-05-20T17:18:37.192+0000] {processor.py:914} INFO - Processing file /home/airflow/.local/lib/python3.12/site-packages/airflow/example_dags/example_complex.py for tasks to queue
[2025-05-20T17:18:37.197+0000] {logging_mixin.py:190} INFO - [2025-05-20T17:18:37.196+0000] {dagbag.py:588} INFO - Filling up the DagBag from /home/airflow/.local/lib/python3.12/site-packages/airflow/example_dags/example_complex.py
[2025-05-20T17:18:37.226+0000] {processor.py:925} INFO - DAG(s) 'example_complex' retrieved from /home/airflow/.local/lib/python3.12/site-packages/airflow/example_dags/example_complex.py
[2025-05-20T17:18:37.302+0000] {logging_mixin.py:190} INFO - [2025-05-20T17:18:37.301+0000] {dag.py:3239} INFO - Sync 1 DAGs
[2025-05-20T17:18:37.334+0000] {logging_mixin.py:190} INFO - [2025-05-20T17:18:37.333+0000] {dag.py:4180} INFO - Setting next_dagrun for example_complex to None, run_after=None
[2025-05-20T17:18:37.377+0000] {processor.py:208} INFO - Processing /home/airflow/.local/lib/python3.12/site-packages/airflow/example_dags/example_complex.py took 0.198 seconds
[2025-05-20T17:19:08.133+0000] {processor.py:186} INFO - Started process (PID=2176) to work on /home/airflow/.local/lib/python3.12/site-packages/airflow/example_dags/example_complex.py
[2025-05-20T17:19:08.135+0000] {processor.py:914} INFO - Processing file /home/airflow/.local/lib/python3.12/site-packages/airflow/example_dags/example_complex.py for tasks to queue
[2025-05-20T17:19:08.140+0000] {logging_mixin.py:190} INFO - [2025-05-20T17:19:08.139+0000] {dagbag.py:588} INFO - Filling up the DagBag from /home/airflow/.local/lib/python3.12/site-packages/airflow/example_dags/example_complex.py
[2025-05-20T17:19:08.164+0000] {processor.py:925} INFO - DAG(s) 'example_complex' retrieved from /home/airflow/.local/lib/python3.12/site-packages/airflow/example_dags/example_complex.py
[2025-05-20T17:19:08.235+0000] {logging_mixin.py:190} INFO - [2025-05-20T17:19:08.234+0000] {dag.py:3239} INFO - Sync 1 DAGs
[2025-05-20T17:19:08.265+0000] {logging_mixin.py:190} INFO - [2025-05-20T17:19:08.265+0000] {dag.py:4180} INFO - Setting next_dagrun for example_complex to None, run_after=None
[2025-05-20T17:19:08.344+0000] {processor.py:208} INFO - Processing /home/airflow/.local/lib/python3.12/site-packages/airflow/example_dags/example_complex.py took 0.224 seconds
[2025-05-20T17:19:38.879+0000] {processor.py:186} INFO - Started process (PID=2240) to work on /home/airflow/.local/lib/python3.12/site-packages/airflow/example_dags/example_complex.py
[2025-05-20T17:19:38.881+0000] {processor.py:914} INFO - Processing file /home/airflow/.local/lib/python3.12/site-packages/airflow/example_dags/example_complex.py for tasks to queue
[2025-05-20T17:19:38.886+0000] {logging_mixin.py:190} INFO - [2025-05-20T17:19:38.885+0000] {dagbag.py:588} INFO - Filling up the DagBag from /home/airflow/.local/lib/python3.12/site-packages/airflow/example_dags/example_complex.py
[2025-05-20T17:19:38.915+0000] {processor.py:925} INFO - DAG(s) 'example_complex' retrieved from /home/airflow/.local/lib/python3.12/site-packages/airflow/example_dags/example_complex.py
[2025-05-20T17:19:38.984+0000] {logging_mixin.py:190} INFO - [2025-05-20T17:19:38.983+0000] {dag.py:3239} INFO - Sync 1 DAGs
[2025-05-20T17:19:39.015+0000] {logging_mixin.py:190} INFO - [2025-05-20T17:19:39.015+0000] {dag.py:4180} INFO - Setting next_dagrun for example_complex to None, run_after=None
[2025-05-20T17:19:39.078+0000] {processor.py:208} INFO - Processing /home/airflow/.local/lib/python3.12/site-packages/airflow/example_dags/example_complex.py took 0.210 seconds
[2025-05-20T17:20:09.481+0000] {processor.py:186} INFO - Started process (PID=2304) to work on /home/airflow/.local/lib/python3.12/site-packages/airflow/example_dags/example_complex.py
[2025-05-20T17:20:09.483+0000] {processor.py:914} INFO - Processing file /home/airflow/.local/lib/python3.12/site-packages/airflow/example_dags/example_complex.py for tasks to queue
[2025-05-20T17:20:09.488+0000] {logging_mixin.py:190} INFO - [2025-05-20T17:20:09.487+0000] {dagbag.py:588} INFO - Filling up the DagBag from /home/airflow/.local/lib/python3.12/site-packages/airflow/example_dags/example_complex.py
[2025-05-20T17:20:09.512+0000] {processor.py:925} INFO - DAG(s) 'example_complex' retrieved from /home/airflow/.local/lib/python3.12/site-packages/airflow/example_dags/example_complex.py
[2025-05-20T17:20:09.589+0000] {logging_mixin.py:190} INFO - [2025-05-20T17:20:09.588+0000] {dag.py:3239} INFO - Sync 1 DAGs
[2025-05-20T17:20:09.638+0000] {logging_mixin.py:190} INFO - [2025-05-20T17:20:09.637+0000] {dag.py:4180} INFO - Setting next_dagrun for example_complex to None, run_after=None
[2025-05-20T17:20:09.705+0000] {processor.py:208} INFO - Processing /home/airflow/.local/lib/python3.12/site-packages/airflow/example_dags/example_complex.py took 0.236 seconds
[2025-05-20T17:20:40.133+0000] {processor.py:186} INFO - Started process (PID=2368) to work on /home/airflow/.local/lib/python3.12/site-packages/airflow/example_dags/example_complex.py
[2025-05-20T17:20:40.136+0000] {processor.py:914} INFO - Processing file /home/airflow/.local/lib/python3.12/site-packages/airflow/example_dags/example_complex.py for tasks to queue
[2025-05-20T17:20:40.141+0000] {logging_mixin.py:190} INFO - [2025-05-20T17:20:40.140+0000] {dagbag.py:588} INFO - Filling up the DagBag from /home/airflow/.local/lib/python3.12/site-packages/airflow/example_dags/example_complex.py
[2025-05-20T17:20:40.174+0000] {processor.py:925} INFO - DAG(s) 'example_complex' retrieved from /home/airflow/.local/lib/python3.12/site-packages/airflow/example_dags/example_complex.py
[2025-05-20T17:20:40.263+0000] {logging_mixin.py:190} INFO - [2025-05-20T17:20:40.262+0000] {dag.py:3239} INFO - Sync 1 DAGs
[2025-05-20T17:20:40.296+0000] {logging_mixin.py:190} INFO - [2025-05-20T17:20:40.296+0000] {dag.py:4180} INFO - Setting next_dagrun for example_complex to None, run_after=None
[2025-05-20T17:20:40.345+0000] {processor.py:208} INFO - Processing /home/airflow/.local/lib/python3.12/site-packages/airflow/example_dags/example_complex.py took 0.224 seconds
[2025-05-20T17:21:11.378+0000] {processor.py:186} INFO - Started process (PID=2432) to work on /home/airflow/.local/lib/python3.12/site-packages/airflow/example_dags/example_complex.py
[2025-05-20T17:21:11.380+0000] {processor.py:914} INFO - Processing file /home/airflow/.local/lib/python3.12/site-packages/airflow/example_dags/example_complex.py for tasks to queue
[2025-05-20T17:21:11.384+0000] {logging_mixin.py:190} INFO - [2025-05-20T17:21:11.383+0000] {dagbag.py:588} INFO - Filling up the DagBag from /home/airflow/.local/lib/python3.12/site-packages/airflow/example_dags/example_complex.py
[2025-05-20T17:21:11.407+0000] {processor.py:925} INFO - DAG(s) 'example_complex' retrieved from /home/airflow/.local/lib/python3.12/site-packages/airflow/example_dags/example_complex.py
[2025-05-20T17:21:11.474+0000] {logging_mixin.py:190} INFO - [2025-05-20T17:21:11.473+0000] {dag.py:3239} INFO - Sync 1 DAGs
[2025-05-20T17:21:11.503+0000] {logging_mixin.py:190} INFO - [2025-05-20T17:21:11.502+0000] {dag.py:4180} INFO - Setting next_dagrun for example_complex to None, run_after=None
[2025-05-20T17:21:11.579+0000] {processor.py:208} INFO - Processing /home/airflow/.local/lib/python3.12/site-packages/airflow/example_dags/example_complex.py took 0.213 seconds
[2025-05-20T17:21:41.758+0000] {processor.py:186} INFO - Started process (PID=2496) to work on /home/airflow/.local/lib/python3.12/site-packages/airflow/example_dags/example_complex.py
[2025-05-20T17:21:41.761+0000] {processor.py:914} INFO - Processing file /home/airflow/.local/lib/python3.12/site-packages/airflow/example_dags/example_complex.py for tasks to queue
[2025-05-20T17:21:41.766+0000] {logging_mixin.py:190} INFO - [2025-05-20T17:21:41.765+0000] {dagbag.py:588} INFO - Filling up the DagBag from /home/airflow/.local/lib/python3.12/site-packages/airflow/example_dags/example_complex.py
[2025-05-20T17:21:41.790+0000] {processor.py:925} INFO - DAG(s) 'example_complex' retrieved from /home/airflow/.local/lib/python3.12/site-packages/airflow/example_dags/example_complex.py
[2025-05-20T17:21:41.871+0000] {logging_mixin.py:190} INFO - [2025-05-20T17:21:41.870+0000] {dag.py:3239} INFO - Sync 1 DAGs
[2025-05-20T17:21:41.903+0000] {logging_mixin.py:190} INFO - [2025-05-20T17:21:41.902+0000] {dag.py:4180} INFO - Setting next_dagrun for example_complex to None, run_after=None
[2025-05-20T17:21:41.994+0000] {processor.py:208} INFO - Processing /home/airflow/.local/lib/python3.12/site-packages/airflow/example_dags/example_complex.py took 0.248 seconds
[2025-05-20T17:22:12.266+0000] {processor.py:186} INFO - Started process (PID=2561) to work on /home/airflow/.local/lib/python3.12/site-packages/airflow/example_dags/example_complex.py
[2025-05-20T17:22:12.268+0000] {processor.py:914} INFO - Processing file /home/airflow/.local/lib/python3.12/site-packages/airflow/example_dags/example_complex.py for tasks to queue
[2025-05-20T17:22:12.272+0000] {logging_mixin.py:190} INFO - [2025-05-20T17:22:12.272+0000] {dagbag.py:588} INFO - Filling up the DagBag from /home/airflow/.local/lib/python3.12/site-packages/airflow/example_dags/example_complex.py
[2025-05-20T17:22:12.300+0000] {processor.py:925} INFO - DAG(s) 'example_complex' retrieved from /home/airflow/.local/lib/python3.12/site-packages/airflow/example_dags/example_complex.py
[2025-05-20T17:22:12.372+0000] {logging_mixin.py:190} INFO - [2025-05-20T17:22:12.371+0000] {dag.py:3239} INFO - Sync 1 DAGs
[2025-05-20T17:22:12.403+0000] {logging_mixin.py:190} INFO - [2025-05-20T17:22:12.402+0000] {dag.py:4180} INFO - Setting next_dagrun for example_complex to None, run_after=None
[2025-05-20T17:22:12.446+0000] {processor.py:208} INFO - Processing /home/airflow/.local/lib/python3.12/site-packages/airflow/example_dags/example_complex.py took 0.193 seconds
[2025-05-20T17:22:43.099+0000] {processor.py:186} INFO - Started process (PID=2626) to work on /home/airflow/.local/lib/python3.12/site-packages/airflow/example_dags/example_complex.py
[2025-05-20T17:22:43.101+0000] {processor.py:914} INFO - Processing file /home/airflow/.local/lib/python3.12/site-packages/airflow/example_dags/example_complex.py for tasks to queue
[2025-05-20T17:22:43.105+0000] {logging_mixin.py:190} INFO - [2025-05-20T17:22:43.104+0000] {dagbag.py:588} INFO - Filling up the DagBag from /home/airflow/.local/lib/python3.12/site-packages/airflow/example_dags/example_complex.py
[2025-05-20T17:22:43.135+0000] {processor.py:925} INFO - DAG(s) 'example_complex' retrieved from /home/airflow/.local/lib/python3.12/site-packages/airflow/example_dags/example_complex.py
[2025-05-20T17:22:43.204+0000] {logging_mixin.py:190} INFO - [2025-05-20T17:22:43.203+0000] {dag.py:3239} INFO - Sync 1 DAGs
[2025-05-20T17:22:43.232+0000] {logging_mixin.py:190} INFO - [2025-05-20T17:22:43.232+0000] {dag.py:4180} INFO - Setting next_dagrun for example_complex to None, run_after=None
[2025-05-20T17:22:43.310+0000] {processor.py:208} INFO - Processing /home/airflow/.local/lib/python3.12/site-packages/airflow/example_dags/example_complex.py took 0.223 seconds
[2025-05-20T17:23:14.190+0000] {processor.py:186} INFO - Started process (PID=2690) to work on /home/airflow/.local/lib/python3.12/site-packages/airflow/example_dags/example_complex.py
[2025-05-20T17:23:14.192+0000] {processor.py:914} INFO - Processing file /home/airflow/.local/lib/python3.12/site-packages/airflow/example_dags/example_complex.py for tasks to queue
[2025-05-20T17:23:14.196+0000] {logging_mixin.py:190} INFO - [2025-05-20T17:23:14.196+0000] {dagbag.py:588} INFO - Filling up the DagBag from /home/airflow/.local/lib/python3.12/site-packages/airflow/example_dags/example_complex.py
[2025-05-20T17:23:14.220+0000] {processor.py:925} INFO - DAG(s) 'example_complex' retrieved from /home/airflow/.local/lib/python3.12/site-packages/airflow/example_dags/example_complex.py
[2025-05-20T17:23:14.287+0000] {logging_mixin.py:190} INFO - [2025-05-20T17:23:14.287+0000] {dag.py:3239} INFO - Sync 1 DAGs
[2025-05-20T17:23:14.316+0000] {logging_mixin.py:190} INFO - [2025-05-20T17:23:14.315+0000] {dag.py:4180} INFO - Setting next_dagrun for example_complex to None, run_after=None
[2025-05-20T17:23:14.352+0000] {processor.py:208} INFO - Processing /home/airflow/.local/lib/python3.12/site-packages/airflow/example_dags/example_complex.py took 0.173 seconds
[2025-05-20T17:23:44.989+0000] {processor.py:186} INFO - Started process (PID=2754) to work on /home/airflow/.local/lib/python3.12/site-packages/airflow/example_dags/example_complex.py
[2025-05-20T17:23:44.991+0000] {processor.py:914} INFO - Processing file /home/airflow/.local/lib/python3.12/site-packages/airflow/example_dags/example_complex.py for tasks to queue
[2025-05-20T17:23:44.996+0000] {logging_mixin.py:190} INFO - [2025-05-20T17:23:44.995+0000] {dagbag.py:588} INFO - Filling up the DagBag from /home/airflow/.local/lib/python3.12/site-packages/airflow/example_dags/example_complex.py
[2025-05-20T17:23:45.028+0000] {processor.py:925} INFO - DAG(s) 'example_complex' retrieved from /home/airflow/.local/lib/python3.12/site-packages/airflow/example_dags/example_complex.py
[2025-05-20T17:23:45.115+0000] {logging_mixin.py:190} INFO - [2025-05-20T17:23:45.115+0000] {dag.py:3239} INFO - Sync 1 DAGs
[2025-05-20T17:23:45.150+0000] {logging_mixin.py:190} INFO - [2025-05-20T17:23:45.150+0000] {dag.py:4180} INFO - Setting next_dagrun for example_complex to None, run_after=None
[2025-05-20T17:23:45.195+0000] {processor.py:208} INFO - Processing /home/airflow/.local/lib/python3.12/site-packages/airflow/example_dags/example_complex.py took 0.217 seconds
[2025-05-20T17:24:17.333+0000] {processor.py:186} INFO - Started process (PID=2818) to work on /home/airflow/.local/lib/python3.12/site-packages/airflow/example_dags/example_complex.py
[2025-05-20T17:24:17.334+0000] {processor.py:914} INFO - Processing file /home/airflow/.local/lib/python3.12/site-packages/airflow/example_dags/example_complex.py for tasks to queue
[2025-05-20T17:24:17.339+0000] {logging_mixin.py:190} INFO - [2025-05-20T17:24:17.339+0000] {dagbag.py:588} INFO - Filling up the DagBag from /home/airflow/.local/lib/python3.12/site-packages/airflow/example_dags/example_complex.py
[2025-05-20T17:24:17.363+0000] {processor.py:925} INFO - DAG(s) 'example_complex' retrieved from /home/airflow/.local/lib/python3.12/site-packages/airflow/example_dags/example_complex.py
[2025-05-20T17:24:17.440+0000] {logging_mixin.py:190} INFO - [2025-05-20T17:24:17.440+0000] {dag.py:3239} INFO - Sync 1 DAGs
[2025-05-20T17:24:17.480+0000] {logging_mixin.py:190} INFO - [2025-05-20T17:24:17.479+0000] {dag.py:4180} INFO - Setting next_dagrun for example_complex to None, run_after=None
[2025-05-20T17:24:17.589+0000] {processor.py:208} INFO - Processing /home/airflow/.local/lib/python3.12/site-packages/airflow/example_dags/example_complex.py took 0.266 seconds
[2025-05-20T17:24:49.059+0000] {processor.py:186} INFO - Started process (PID=2881) to work on /home/airflow/.local/lib/python3.12/site-packages/airflow/example_dags/example_complex.py
[2025-05-20T17:24:49.061+0000] {processor.py:914} INFO - Processing file /home/airflow/.local/lib/python3.12/site-packages/airflow/example_dags/example_complex.py for tasks to queue
[2025-05-20T17:24:49.066+0000] {logging_mixin.py:190} INFO - [2025-05-20T17:24:49.066+0000] {dagbag.py:588} INFO - Filling up the DagBag from /home/airflow/.local/lib/python3.12/site-packages/airflow/example_dags/example_complex.py
[2025-05-20T17:24:49.093+0000] {processor.py:925} INFO - DAG(s) 'example_complex' retrieved from /home/airflow/.local/lib/python3.12/site-packages/airflow/example_dags/example_complex.py
[2025-05-20T17:24:49.157+0000] {logging_mixin.py:190} INFO - [2025-05-20T17:24:49.157+0000] {dag.py:3239} INFO - Sync 1 DAGs
[2025-05-20T17:24:49.201+0000] {logging_mixin.py:190} INFO - [2025-05-20T17:24:49.201+0000] {dag.py:4180} INFO - Setting next_dagrun for example_complex to None, run_after=None
[2025-05-20T17:24:49.284+0000] {processor.py:208} INFO - Processing /home/airflow/.local/lib/python3.12/site-packages/airflow/example_dags/example_complex.py took 0.239 seconds
[2025-05-20T17:25:20.110+0000] {processor.py:186} INFO - Started process (PID=2951) to work on /home/airflow/.local/lib/python3.12/site-packages/airflow/example_dags/example_complex.py
[2025-05-20T17:25:20.113+0000] {processor.py:914} INFO - Processing file /home/airflow/.local/lib/python3.12/site-packages/airflow/example_dags/example_complex.py for tasks to queue
[2025-05-20T17:25:20.117+0000] {logging_mixin.py:190} INFO - [2025-05-20T17:25:20.116+0000] {dagbag.py:588} INFO - Filling up the DagBag from /home/airflow/.local/lib/python3.12/site-packages/airflow/example_dags/example_complex.py
[2025-05-20T17:25:20.142+0000] {processor.py:925} INFO - DAG(s) 'example_complex' retrieved from /home/airflow/.local/lib/python3.12/site-packages/airflow/example_dags/example_complex.py
[2025-05-20T17:25:20.208+0000] {logging_mixin.py:190} INFO - [2025-05-20T17:25:20.207+0000] {dag.py:3239} INFO - Sync 1 DAGs
[2025-05-20T17:25:20.237+0000] {logging_mixin.py:190} INFO - [2025-05-20T17:25:20.236+0000] {dag.py:4180} INFO - Setting next_dagrun for example_complex to None, run_after=None
[2025-05-20T17:25:20.285+0000] {processor.py:208} INFO - Processing /home/airflow/.local/lib/python3.12/site-packages/airflow/example_dags/example_complex.py took 0.185 seconds
[2025-05-20T17:25:52.126+0000] {processor.py:186} INFO - Started process (PID=3015) to work on /home/airflow/.local/lib/python3.12/site-packages/airflow/example_dags/example_complex.py
[2025-05-20T17:25:52.128+0000] {processor.py:914} INFO - Processing file /home/airflow/.local/lib/python3.12/site-packages/airflow/example_dags/example_complex.py for tasks to queue
[2025-05-20T17:25:52.132+0000] {logging_mixin.py:190} INFO - [2025-05-20T17:25:52.132+0000] {dagbag.py:588} INFO - Filling up the DagBag from /home/airflow/.local/lib/python3.12/site-packages/airflow/example_dags/example_complex.py
[2025-05-20T17:25:52.157+0000] {processor.py:925} INFO - DAG(s) 'example_complex' retrieved from /home/airflow/.local/lib/python3.12/site-packages/airflow/example_dags/example_complex.py
[2025-05-20T17:25:52.232+0000] {logging_mixin.py:190} INFO - [2025-05-20T17:25:52.232+0000] {dag.py:3239} INFO - Sync 1 DAGs
[2025-05-20T17:25:52.263+0000] {logging_mixin.py:190} INFO - [2025-05-20T17:25:52.262+0000] {dag.py:4180} INFO - Setting next_dagrun for example_complex to None, run_after=None
[2025-05-20T17:25:52.314+0000] {processor.py:208} INFO - Processing /home/airflow/.local/lib/python3.12/site-packages/airflow/example_dags/example_complex.py took 0.199 seconds
[2025-05-20T17:26:24.424+0000] {processor.py:186} INFO - Started process (PID=3081) to work on /home/airflow/.local/lib/python3.12/site-packages/airflow/example_dags/example_complex.py
[2025-05-20T17:26:24.426+0000] {processor.py:914} INFO - Processing file /home/airflow/.local/lib/python3.12/site-packages/airflow/example_dags/example_complex.py for tasks to queue
[2025-05-20T17:26:24.431+0000] {logging_mixin.py:190} INFO - [2025-05-20T17:26:24.431+0000] {dagbag.py:588} INFO - Filling up the DagBag from /home/airflow/.local/lib/python3.12/site-packages/airflow/example_dags/example_complex.py
[2025-05-20T17:26:24.457+0000] {processor.py:925} INFO - DAG(s) 'example_complex' retrieved from /home/airflow/.local/lib/python3.12/site-packages/airflow/example_dags/example_complex.py
[2025-05-20T17:26:24.539+0000] {logging_mixin.py:190} INFO - [2025-05-20T17:26:24.539+0000] {dag.py:3239} INFO - Sync 1 DAGs
[2025-05-20T17:26:24.568+0000] {logging_mixin.py:190} INFO - [2025-05-20T17:26:24.567+0000] {dag.py:4180} INFO - Setting next_dagrun for example_complex to None, run_after=None
[2025-05-20T17:26:24.640+0000] {processor.py:208} INFO - Processing /home/airflow/.local/lib/python3.12/site-packages/airflow/example_dags/example_complex.py took 0.229 seconds
[2025-05-20T17:26:54.904+0000] {processor.py:186} INFO - Started process (PID=3147) to work on /home/airflow/.local/lib/python3.12/site-packages/airflow/example_dags/example_complex.py
[2025-05-20T17:26:54.906+0000] {processor.py:914} INFO - Processing file /home/airflow/.local/lib/python3.12/site-packages/airflow/example_dags/example_complex.py for tasks to queue
[2025-05-20T17:26:54.911+0000] {logging_mixin.py:190} INFO - [2025-05-20T17:26:54.910+0000] {dagbag.py:588} INFO - Filling up the DagBag from /home/airflow/.local/lib/python3.12/site-packages/airflow/example_dags/example_complex.py
[2025-05-20T17:26:54.938+0000] {processor.py:925} INFO - DAG(s) 'example_complex' retrieved from /home/airflow/.local/lib/python3.12/site-packages/airflow/example_dags/example_complex.py
[2025-05-20T17:26:55.022+0000] {logging_mixin.py:190} INFO - [2025-05-20T17:26:55.021+0000] {dag.py:3239} INFO - Sync 1 DAGs
[2025-05-20T17:26:55.058+0000] {logging_mixin.py:190} INFO - [2025-05-20T17:26:55.057+0000] {dag.py:4180} INFO - Setting next_dagrun for example_complex to None, run_after=None
[2025-05-20T17:26:55.109+0000] {processor.py:208} INFO - Processing /home/airflow/.local/lib/python3.12/site-packages/airflow/example_dags/example_complex.py took 0.219 seconds
[2025-05-20T17:29:02.820+0000] {processor.py:186} INFO - Started process (PID=95) to work on /home/airflow/.local/lib/python3.12/site-packages/airflow/example_dags/example_complex.py
[2025-05-20T17:29:02.822+0000] {processor.py:914} INFO - Processing file /home/airflow/.local/lib/python3.12/site-packages/airflow/example_dags/example_complex.py for tasks to queue
[2025-05-20T17:29:02.826+0000] {logging_mixin.py:190} INFO - [2025-05-20T17:29:02.825+0000] {dagbag.py:588} INFO - Filling up the DagBag from /home/airflow/.local/lib/python3.12/site-packages/airflow/example_dags/example_complex.py
[2025-05-20T17:29:02.862+0000] {processor.py:925} INFO - DAG(s) 'example_complex' retrieved from /home/airflow/.local/lib/python3.12/site-packages/airflow/example_dags/example_complex.py
[2025-05-20T17:29:02.944+0000] {logging_mixin.py:190} INFO - [2025-05-20T17:29:02.943+0000] {dag.py:3239} INFO - Sync 1 DAGs
[2025-05-20T17:29:02.990+0000] {logging_mixin.py:190} INFO - [2025-05-20T17:29:02.990+0000] {dag.py:4180} INFO - Setting next_dagrun for example_complex to None, run_after=None
[2025-05-20T17:29:03.107+0000] {processor.py:208} INFO - Processing /home/airflow/.local/lib/python3.12/site-packages/airflow/example_dags/example_complex.py took 0.301 seconds
[2025-05-20T17:29:33.985+0000] {processor.py:186} INFO - Started process (PID=160) to work on /home/airflow/.local/lib/python3.12/site-packages/airflow/example_dags/example_complex.py
[2025-05-20T17:29:33.988+0000] {processor.py:914} INFO - Processing file /home/airflow/.local/lib/python3.12/site-packages/airflow/example_dags/example_complex.py for tasks to queue
[2025-05-20T17:29:33.993+0000] {logging_mixin.py:190} INFO - [2025-05-20T17:29:33.993+0000] {dagbag.py:588} INFO - Filling up the DagBag from /home/airflow/.local/lib/python3.12/site-packages/airflow/example_dags/example_complex.py
[2025-05-20T17:29:34.019+0000] {processor.py:925} INFO - DAG(s) 'example_complex' retrieved from /home/airflow/.local/lib/python3.12/site-packages/airflow/example_dags/example_complex.py
[2025-05-20T17:29:34.090+0000] {logging_mixin.py:190} INFO - [2025-05-20T17:29:34.089+0000] {dag.py:3239} INFO - Sync 1 DAGs
[2025-05-20T17:29:34.125+0000] {logging_mixin.py:190} INFO - [2025-05-20T17:29:34.124+0000] {dag.py:4180} INFO - Setting next_dagrun for example_complex to None, run_after=None
[2025-05-20T17:29:34.206+0000] {processor.py:208} INFO - Processing /home/airflow/.local/lib/python3.12/site-packages/airflow/example_dags/example_complex.py took 0.236 seconds
[2025-05-20T17:30:04.965+0000] {processor.py:186} INFO - Started process (PID=226) to work on /home/airflow/.local/lib/python3.12/site-packages/airflow/example_dags/example_complex.py
[2025-05-20T17:30:04.968+0000] {processor.py:914} INFO - Processing file /home/airflow/.local/lib/python3.12/site-packages/airflow/example_dags/example_complex.py for tasks to queue
[2025-05-20T17:30:04.974+0000] {logging_mixin.py:190} INFO - [2025-05-20T17:30:04.973+0000] {dagbag.py:588} INFO - Filling up the DagBag from /home/airflow/.local/lib/python3.12/site-packages/airflow/example_dags/example_complex.py
[2025-05-20T17:30:05.011+0000] {processor.py:925} INFO - DAG(s) 'example_complex' retrieved from /home/airflow/.local/lib/python3.12/site-packages/airflow/example_dags/example_complex.py
[2025-05-20T17:30:05.087+0000] {logging_mixin.py:190} INFO - [2025-05-20T17:30:05.086+0000] {dag.py:3239} INFO - Sync 1 DAGs
[2025-05-20T17:30:05.121+0000] {logging_mixin.py:190} INFO - [2025-05-20T17:30:05.121+0000] {dag.py:4180} INFO - Setting next_dagrun for example_complex to None, run_after=None
[2025-05-20T17:30:05.204+0000] {processor.py:208} INFO - Processing /home/airflow/.local/lib/python3.12/site-packages/airflow/example_dags/example_complex.py took 0.257 seconds
[2025-05-20T17:30:35.349+0000] {processor.py:186} INFO - Started process (PID=292) to work on /home/airflow/.local/lib/python3.12/site-packages/airflow/example_dags/example_complex.py
[2025-05-20T17:30:35.351+0000] {processor.py:914} INFO - Processing file /home/airflow/.local/lib/python3.12/site-packages/airflow/example_dags/example_complex.py for tasks to queue
[2025-05-20T17:30:35.357+0000] {logging_mixin.py:190} INFO - [2025-05-20T17:30:35.356+0000] {dagbag.py:588} INFO - Filling up the DagBag from /home/airflow/.local/lib/python3.12/site-packages/airflow/example_dags/example_complex.py
[2025-05-20T17:30:35.392+0000] {processor.py:925} INFO - DAG(s) 'example_complex' retrieved from /home/airflow/.local/lib/python3.12/site-packages/airflow/example_dags/example_complex.py
[2025-05-20T17:30:35.480+0000] {logging_mixin.py:190} INFO - [2025-05-20T17:30:35.479+0000] {dag.py:3239} INFO - Sync 1 DAGs
[2025-05-20T17:30:35.525+0000] {logging_mixin.py:190} INFO - [2025-05-20T17:30:35.524+0000] {dag.py:4180} INFO - Setting next_dagrun for example_complex to None, run_after=None
[2025-05-20T17:30:35.573+0000] {processor.py:208} INFO - Processing /home/airflow/.local/lib/python3.12/site-packages/airflow/example_dags/example_complex.py took 0.237 seconds
[2025-05-20T17:31:05.859+0000] {processor.py:186} INFO - Started process (PID=358) to work on /home/airflow/.local/lib/python3.12/site-packages/airflow/example_dags/example_complex.py
[2025-05-20T17:31:05.861+0000] {processor.py:914} INFO - Processing file /home/airflow/.local/lib/python3.12/site-packages/airflow/example_dags/example_complex.py for tasks to queue
[2025-05-20T17:31:05.866+0000] {logging_mixin.py:190} INFO - [2025-05-20T17:31:05.866+0000] {dagbag.py:588} INFO - Filling up the DagBag from /home/airflow/.local/lib/python3.12/site-packages/airflow/example_dags/example_complex.py
[2025-05-20T17:31:05.898+0000] {processor.py:925} INFO - DAG(s) 'example_complex' retrieved from /home/airflow/.local/lib/python3.12/site-packages/airflow/example_dags/example_complex.py
[2025-05-20T17:31:05.980+0000] {logging_mixin.py:190} INFO - [2025-05-20T17:31:05.979+0000] {dag.py:3239} INFO - Sync 1 DAGs
[2025-05-20T17:31:06.020+0000] {logging_mixin.py:190} INFO - [2025-05-20T17:31:06.019+0000] {dag.py:4180} INFO - Setting next_dagrun for example_complex to None, run_after=None
[2025-05-20T17:31:06.064+0000] {processor.py:208} INFO - Processing /home/airflow/.local/lib/python3.12/site-packages/airflow/example_dags/example_complex.py took 0.217 seconds
[2025-05-20T17:31:36.580+0000] {processor.py:186} INFO - Started process (PID=424) to work on /home/airflow/.local/lib/python3.12/site-packages/airflow/example_dags/example_complex.py
[2025-05-20T17:31:36.582+0000] {processor.py:914} INFO - Processing file /home/airflow/.local/lib/python3.12/site-packages/airflow/example_dags/example_complex.py for tasks to queue
[2025-05-20T17:31:36.587+0000] {logging_mixin.py:190} INFO - [2025-05-20T17:31:36.587+0000] {dagbag.py:588} INFO - Filling up the DagBag from /home/airflow/.local/lib/python3.12/site-packages/airflow/example_dags/example_complex.py
[2025-05-20T17:31:36.622+0000] {processor.py:925} INFO - DAG(s) 'example_complex' retrieved from /home/airflow/.local/lib/python3.12/site-packages/airflow/example_dags/example_complex.py
[2025-05-20T17:31:36.727+0000] {logging_mixin.py:190} INFO - [2025-05-20T17:31:36.726+0000] {dag.py:3239} INFO - Sync 1 DAGs
[2025-05-20T17:31:36.766+0000] {logging_mixin.py:190} INFO - [2025-05-20T17:31:36.765+0000] {dag.py:4180} INFO - Setting next_dagrun for example_complex to None, run_after=None
[2025-05-20T17:31:36.808+0000] {processor.py:208} INFO - Processing /home/airflow/.local/lib/python3.12/site-packages/airflow/example_dags/example_complex.py took 0.238 seconds
[2025-05-20T17:32:07.012+0000] {processor.py:186} INFO - Started process (PID=490) to work on /home/airflow/.local/lib/python3.12/site-packages/airflow/example_dags/example_complex.py
[2025-05-20T17:32:07.014+0000] {processor.py:914} INFO - Processing file /home/airflow/.local/lib/python3.12/site-packages/airflow/example_dags/example_complex.py for tasks to queue
[2025-05-20T17:32:07.019+0000] {logging_mixin.py:190} INFO - [2025-05-20T17:32:07.018+0000] {dagbag.py:588} INFO - Filling up the DagBag from /home/airflow/.local/lib/python3.12/site-packages/airflow/example_dags/example_complex.py
[2025-05-20T17:32:07.044+0000] {processor.py:925} INFO - DAG(s) 'example_complex' retrieved from /home/airflow/.local/lib/python3.12/site-packages/airflow/example_dags/example_complex.py
[2025-05-20T17:32:07.141+0000] {logging_mixin.py:190} INFO - [2025-05-20T17:32:07.141+0000] {dag.py:3239} INFO - Sync 1 DAGs
[2025-05-20T17:32:07.182+0000] {logging_mixin.py:190} INFO - [2025-05-20T17:32:07.181+0000] {dag.py:4180} INFO - Setting next_dagrun for example_complex to None, run_after=None
[2025-05-20T17:32:07.250+0000] {processor.py:208} INFO - Processing /home/airflow/.local/lib/python3.12/site-packages/airflow/example_dags/example_complex.py took 0.249 seconds
[2025-05-20T17:32:37.549+0000] {processor.py:186} INFO - Started process (PID=556) to work on /home/airflow/.local/lib/python3.12/site-packages/airflow/example_dags/example_complex.py
[2025-05-20T17:32:37.552+0000] {processor.py:914} INFO - Processing file /home/airflow/.local/lib/python3.12/site-packages/airflow/example_dags/example_complex.py for tasks to queue
[2025-05-20T17:32:37.556+0000] {logging_mixin.py:190} INFO - [2025-05-20T17:32:37.556+0000] {dagbag.py:588} INFO - Filling up the DagBag from /home/airflow/.local/lib/python3.12/site-packages/airflow/example_dags/example_complex.py
[2025-05-20T17:32:37.580+0000] {processor.py:925} INFO - DAG(s) 'example_complex' retrieved from /home/airflow/.local/lib/python3.12/site-packages/airflow/example_dags/example_complex.py
[2025-05-20T17:32:37.647+0000] {logging_mixin.py:190} INFO - [2025-05-20T17:32:37.646+0000] {dag.py:3239} INFO - Sync 1 DAGs
[2025-05-20T17:32:37.674+0000] {logging_mixin.py:190} INFO - [2025-05-20T17:32:37.674+0000] {dag.py:4180} INFO - Setting next_dagrun for example_complex to None, run_after=None
[2025-05-20T17:32:37.758+0000] {processor.py:208} INFO - Processing /home/airflow/.local/lib/python3.12/site-packages/airflow/example_dags/example_complex.py took 0.219 seconds
[2025-05-20T17:33:08.829+0000] {processor.py:186} INFO - Started process (PID=622) to work on /home/airflow/.local/lib/python3.12/site-packages/airflow/example_dags/example_complex.py
[2025-05-20T17:33:08.831+0000] {processor.py:914} INFO - Processing file /home/airflow/.local/lib/python3.12/site-packages/airflow/example_dags/example_complex.py for tasks to queue
[2025-05-20T17:33:08.837+0000] {logging_mixin.py:190} INFO - [2025-05-20T17:33:08.836+0000] {dagbag.py:588} INFO - Filling up the DagBag from /home/airflow/.local/lib/python3.12/site-packages/airflow/example_dags/example_complex.py
[2025-05-20T17:33:08.861+0000] {processor.py:925} INFO - DAG(s) 'example_complex' retrieved from /home/airflow/.local/lib/python3.12/site-packages/airflow/example_dags/example_complex.py
[2025-05-20T17:33:08.938+0000] {logging_mixin.py:190} INFO - [2025-05-20T17:33:08.938+0000] {dag.py:3239} INFO - Sync 1 DAGs
[2025-05-20T17:33:08.968+0000] {logging_mixin.py:190} INFO - [2025-05-20T17:33:08.968+0000] {dag.py:4180} INFO - Setting next_dagrun for example_complex to None, run_after=None
[2025-05-20T17:33:09.042+0000] {processor.py:208} INFO - Processing /home/airflow/.local/lib/python3.12/site-packages/airflow/example_dags/example_complex.py took 0.224 seconds
[2025-05-20T17:33:39.490+0000] {processor.py:186} INFO - Started process (PID=688) to work on /home/airflow/.local/lib/python3.12/site-packages/airflow/example_dags/example_complex.py
[2025-05-20T17:33:39.493+0000] {processor.py:914} INFO - Processing file /home/airflow/.local/lib/python3.12/site-packages/airflow/example_dags/example_complex.py for tasks to queue
[2025-05-20T17:33:39.498+0000] {logging_mixin.py:190} INFO - [2025-05-20T17:33:39.497+0000] {dagbag.py:588} INFO - Filling up the DagBag from /home/airflow/.local/lib/python3.12/site-packages/airflow/example_dags/example_complex.py
[2025-05-20T17:33:39.527+0000] {processor.py:925} INFO - DAG(s) 'example_complex' retrieved from /home/airflow/.local/lib/python3.12/site-packages/airflow/example_dags/example_complex.py
[2025-05-20T17:33:39.603+0000] {logging_mixin.py:190} INFO - [2025-05-20T17:33:39.603+0000] {dag.py:3239} INFO - Sync 1 DAGs
[2025-05-20T17:33:39.640+0000] {logging_mixin.py:190} INFO - [2025-05-20T17:33:39.639+0000] {dag.py:4180} INFO - Setting next_dagrun for example_complex to None, run_after=None
[2025-05-20T17:33:39.683+0000] {processor.py:208} INFO - Processing /home/airflow/.local/lib/python3.12/site-packages/airflow/example_dags/example_complex.py took 0.206 seconds
[2025-05-20T17:34:09.900+0000] {processor.py:186} INFO - Started process (PID=754) to work on /home/airflow/.local/lib/python3.12/site-packages/airflow/example_dags/example_complex.py
[2025-05-20T17:34:09.902+0000] {processor.py:914} INFO - Processing file /home/airflow/.local/lib/python3.12/site-packages/airflow/example_dags/example_complex.py for tasks to queue
[2025-05-20T17:34:09.906+0000] {logging_mixin.py:190} INFO - [2025-05-20T17:34:09.906+0000] {dagbag.py:588} INFO - Filling up the DagBag from /home/airflow/.local/lib/python3.12/site-packages/airflow/example_dags/example_complex.py
[2025-05-20T17:34:09.930+0000] {processor.py:925} INFO - DAG(s) 'example_complex' retrieved from /home/airflow/.local/lib/python3.12/site-packages/airflow/example_dags/example_complex.py
[2025-05-20T17:34:10.001+0000] {logging_mixin.py:190} INFO - [2025-05-20T17:34:10.000+0000] {dag.py:3239} INFO - Sync 1 DAGs
[2025-05-20T17:34:10.030+0000] {logging_mixin.py:190} INFO - [2025-05-20T17:34:10.030+0000] {dag.py:4180} INFO - Setting next_dagrun for example_complex to None, run_after=None
[2025-05-20T17:34:10.069+0000] {processor.py:208} INFO - Processing /home/airflow/.local/lib/python3.12/site-packages/airflow/example_dags/example_complex.py took 0.180 seconds
[2025-05-20T17:34:40.681+0000] {processor.py:186} INFO - Started process (PID=826) to work on /home/airflow/.local/lib/python3.12/site-packages/airflow/example_dags/example_complex.py
[2025-05-20T17:34:40.683+0000] {processor.py:914} INFO - Processing file /home/airflow/.local/lib/python3.12/site-packages/airflow/example_dags/example_complex.py for tasks to queue
[2025-05-20T17:34:40.688+0000] {logging_mixin.py:190} INFO - [2025-05-20T17:34:40.688+0000] {dagbag.py:588} INFO - Filling up the DagBag from /home/airflow/.local/lib/python3.12/site-packages/airflow/example_dags/example_complex.py
[2025-05-20T17:34:40.714+0000] {processor.py:925} INFO - DAG(s) 'example_complex' retrieved from /home/airflow/.local/lib/python3.12/site-packages/airflow/example_dags/example_complex.py
[2025-05-20T17:34:40.780+0000] {logging_mixin.py:190} INFO - [2025-05-20T17:34:40.780+0000] {dag.py:3239} INFO - Sync 1 DAGs
[2025-05-20T17:34:40.816+0000] {logging_mixin.py:190} INFO - [2025-05-20T17:34:40.815+0000] {dag.py:4180} INFO - Setting next_dagrun for example_complex to None, run_after=None
[2025-05-20T17:34:40.902+0000] {processor.py:208} INFO - Processing /home/airflow/.local/lib/python3.12/site-packages/airflow/example_dags/example_complex.py took 0.232 seconds
[2025-05-20T17:35:11.576+0000] {processor.py:186} INFO - Started process (PID=892) to work on /home/airflow/.local/lib/python3.12/site-packages/airflow/example_dags/example_complex.py
[2025-05-20T17:35:11.579+0000] {processor.py:914} INFO - Processing file /home/airflow/.local/lib/python3.12/site-packages/airflow/example_dags/example_complex.py for tasks to queue
[2025-05-20T17:35:11.584+0000] {logging_mixin.py:190} INFO - [2025-05-20T17:35:11.583+0000] {dagbag.py:588} INFO - Filling up the DagBag from /home/airflow/.local/lib/python3.12/site-packages/airflow/example_dags/example_complex.py
[2025-05-20T17:35:11.618+0000] {processor.py:925} INFO - DAG(s) 'example_complex' retrieved from /home/airflow/.local/lib/python3.12/site-packages/airflow/example_dags/example_complex.py
[2025-05-20T17:35:11.691+0000] {logging_mixin.py:190} INFO - [2025-05-20T17:35:11.690+0000] {dag.py:3239} INFO - Sync 1 DAGs
[2025-05-20T17:35:11.720+0000] {logging_mixin.py:190} INFO - [2025-05-20T17:35:11.720+0000] {dag.py:4180} INFO - Setting next_dagrun for example_complex to None, run_after=None
[2025-05-20T17:35:11.765+0000] {processor.py:208} INFO - Processing /home/airflow/.local/lib/python3.12/site-packages/airflow/example_dags/example_complex.py took 0.202 seconds
[2025-05-20T17:35:43.035+0000] {processor.py:186} INFO - Started process (PID=958) to work on /home/airflow/.local/lib/python3.12/site-packages/airflow/example_dags/example_complex.py
[2025-05-20T17:35:43.037+0000] {processor.py:914} INFO - Processing file /home/airflow/.local/lib/python3.12/site-packages/airflow/example_dags/example_complex.py for tasks to queue
[2025-05-20T17:35:43.042+0000] {logging_mixin.py:190} INFO - [2025-05-20T17:35:43.041+0000] {dagbag.py:588} INFO - Filling up the DagBag from /home/airflow/.local/lib/python3.12/site-packages/airflow/example_dags/example_complex.py
[2025-05-20T17:35:43.068+0000] {processor.py:925} INFO - DAG(s) 'example_complex' retrieved from /home/airflow/.local/lib/python3.12/site-packages/airflow/example_dags/example_complex.py
[2025-05-20T17:35:43.137+0000] {logging_mixin.py:190} INFO - [2025-05-20T17:35:43.136+0000] {dag.py:3239} INFO - Sync 1 DAGs
[2025-05-20T17:35:43.167+0000] {logging_mixin.py:190} INFO - [2025-05-20T17:35:43.167+0000] {dag.py:4180} INFO - Setting next_dagrun for example_complex to None, run_after=None
[2025-05-20T17:35:43.206+0000] {processor.py:208} INFO - Processing /home/airflow/.local/lib/python3.12/site-packages/airflow/example_dags/example_complex.py took 0.182 seconds
[2025-05-20T17:36:13.438+0000] {processor.py:186} INFO - Started process (PID=1024) to work on /home/airflow/.local/lib/python3.12/site-packages/airflow/example_dags/example_complex.py
[2025-05-20T17:36:13.440+0000] {processor.py:914} INFO - Processing file /home/airflow/.local/lib/python3.12/site-packages/airflow/example_dags/example_complex.py for tasks to queue
[2025-05-20T17:36:13.444+0000] {logging_mixin.py:190} INFO - [2025-05-20T17:36:13.444+0000] {dagbag.py:588} INFO - Filling up the DagBag from /home/airflow/.local/lib/python3.12/site-packages/airflow/example_dags/example_complex.py
[2025-05-20T17:36:13.468+0000] {processor.py:925} INFO - DAG(s) 'example_complex' retrieved from /home/airflow/.local/lib/python3.12/site-packages/airflow/example_dags/example_complex.py
[2025-05-20T17:36:13.539+0000] {logging_mixin.py:190} INFO - [2025-05-20T17:36:13.538+0000] {dag.py:3239} INFO - Sync 1 DAGs
[2025-05-20T17:36:13.572+0000] {logging_mixin.py:190} INFO - [2025-05-20T17:36:13.572+0000] {dag.py:4180} INFO - Setting next_dagrun for example_complex to None, run_after=None
[2025-05-20T17:36:13.653+0000] {processor.py:208} INFO - Processing /home/airflow/.local/lib/python3.12/site-packages/airflow/example_dags/example_complex.py took 0.226 seconds
[2025-05-20T17:36:44.814+0000] {processor.py:186} INFO - Started process (PID=1090) to work on /home/airflow/.local/lib/python3.12/site-packages/airflow/example_dags/example_complex.py
[2025-05-20T17:36:44.817+0000] {processor.py:914} INFO - Processing file /home/airflow/.local/lib/python3.12/site-packages/airflow/example_dags/example_complex.py for tasks to queue
[2025-05-20T17:36:44.821+0000] {logging_mixin.py:190} INFO - [2025-05-20T17:36:44.820+0000] {dagbag.py:588} INFO - Filling up the DagBag from /home/airflow/.local/lib/python3.12/site-packages/airflow/example_dags/example_complex.py
[2025-05-20T17:36:44.846+0000] {processor.py:925} INFO - DAG(s) 'example_complex' retrieved from /home/airflow/.local/lib/python3.12/site-packages/airflow/example_dags/example_complex.py
[2025-05-20T17:36:44.918+0000] {logging_mixin.py:190} INFO - [2025-05-20T17:36:44.917+0000] {dag.py:3239} INFO - Sync 1 DAGs
[2025-05-20T17:36:44.952+0000] {logging_mixin.py:190} INFO - [2025-05-20T17:36:44.952+0000] {dag.py:4180} INFO - Setting next_dagrun for example_complex to None, run_after=None
[2025-05-20T17:36:44.991+0000] {processor.py:208} INFO - Processing /home/airflow/.local/lib/python3.12/site-packages/airflow/example_dags/example_complex.py took 0.188 seconds
[2025-05-20T17:37:16.869+0000] {processor.py:186} INFO - Started process (PID=1156) to work on /home/airflow/.local/lib/python3.12/site-packages/airflow/example_dags/example_complex.py
[2025-05-20T17:37:16.871+0000] {processor.py:914} INFO - Processing file /home/airflow/.local/lib/python3.12/site-packages/airflow/example_dags/example_complex.py for tasks to queue
[2025-05-20T17:37:16.876+0000] {logging_mixin.py:190} INFO - [2025-05-20T17:37:16.875+0000] {dagbag.py:588} INFO - Filling up the DagBag from /home/airflow/.local/lib/python3.12/site-packages/airflow/example_dags/example_complex.py
[2025-05-20T17:37:16.902+0000] {processor.py:925} INFO - DAG(s) 'example_complex' retrieved from /home/airflow/.local/lib/python3.12/site-packages/airflow/example_dags/example_complex.py
[2025-05-20T17:37:16.973+0000] {logging_mixin.py:190} INFO - [2025-05-20T17:37:16.972+0000] {dag.py:3239} INFO - Sync 1 DAGs
[2025-05-20T17:37:17.004+0000] {logging_mixin.py:190} INFO - [2025-05-20T17:37:17.003+0000] {dag.py:4180} INFO - Setting next_dagrun for example_complex to None, run_after=None
[2025-05-20T17:37:17.047+0000] {processor.py:208} INFO - Processing /home/airflow/.local/lib/python3.12/site-packages/airflow/example_dags/example_complex.py took 0.190 seconds
[2025-05-20T17:37:48.912+0000] {processor.py:186} INFO - Started process (PID=1222) to work on /home/airflow/.local/lib/python3.12/site-packages/airflow/example_dags/example_complex.py
[2025-05-20T17:37:48.914+0000] {processor.py:914} INFO - Processing file /home/airflow/.local/lib/python3.12/site-packages/airflow/example_dags/example_complex.py for tasks to queue
[2025-05-20T17:37:48.919+0000] {logging_mixin.py:190} INFO - [2025-05-20T17:37:48.918+0000] {dagbag.py:588} INFO - Filling up the DagBag from /home/airflow/.local/lib/python3.12/site-packages/airflow/example_dags/example_complex.py
[2025-05-20T17:37:48.943+0000] {processor.py:925} INFO - DAG(s) 'example_complex' retrieved from /home/airflow/.local/lib/python3.12/site-packages/airflow/example_dags/example_complex.py
[2025-05-20T17:37:49.013+0000] {logging_mixin.py:190} INFO - [2025-05-20T17:37:49.012+0000] {dag.py:3239} INFO - Sync 1 DAGs
[2025-05-20T17:37:49.043+0000] {logging_mixin.py:190} INFO - [2025-05-20T17:37:49.043+0000] {dag.py:4180} INFO - Setting next_dagrun for example_complex to None, run_after=None
[2025-05-20T17:37:49.131+0000] {processor.py:208} INFO - Processing /home/airflow/.local/lib/python3.12/site-packages/airflow/example_dags/example_complex.py took 0.231 seconds
[2025-05-20T17:42:31.481+0000] {processor.py:186} INFO - Started process (PID=93) to work on /home/airflow/.local/lib/python3.12/site-packages/airflow/example_dags/example_complex.py
[2025-05-20T17:42:31.483+0000] {processor.py:914} INFO - Processing file /home/airflow/.local/lib/python3.12/site-packages/airflow/example_dags/example_complex.py for tasks to queue
[2025-05-20T17:42:31.488+0000] {logging_mixin.py:190} INFO - [2025-05-20T17:42:31.488+0000] {dagbag.py:588} INFO - Filling up the DagBag from /home/airflow/.local/lib/python3.12/site-packages/airflow/example_dags/example_complex.py
[2025-05-20T17:42:31.526+0000] {processor.py:925} INFO - DAG(s) 'example_complex' retrieved from /home/airflow/.local/lib/python3.12/site-packages/airflow/example_dags/example_complex.py
[2025-05-20T17:42:31.868+0000] {logging_mixin.py:190} INFO - [2025-05-20T17:42:31.866+0000] {override.py:1930} INFO - Created Permission View: can read on DAG:example_complex
[2025-05-20T17:42:31.892+0000] {logging_mixin.py:190} INFO - [2025-05-20T17:42:31.891+0000] {override.py:1930} INFO - Created Permission View: can edit on DAG:example_complex
[2025-05-20T17:42:31.907+0000] {logging_mixin.py:190} INFO - [2025-05-20T17:42:31.906+0000] {override.py:1930} INFO - Created Permission View: can delete on DAG:example_complex
[2025-05-20T17:42:31.925+0000] {logging_mixin.py:190} INFO - [2025-05-20T17:42:31.924+0000] {override.py:1930} INFO - Created Permission View: menu access on DAG Run:example_complex
[2025-05-20T17:42:31.940+0000] {logging_mixin.py:190} INFO - [2025-05-20T17:42:31.940+0000] {override.py:1930} INFO - Created Permission View: can read on DAG Run:example_complex
[2025-05-20T17:42:31.955+0000] {logging_mixin.py:190} INFO - [2025-05-20T17:42:31.954+0000] {override.py:1930} INFO - Created Permission View: can delete on DAG Run:example_complex
[2025-05-20T17:42:31.969+0000] {logging_mixin.py:190} INFO - [2025-05-20T17:42:31.969+0000] {override.py:1930} INFO - Created Permission View: can create on DAG Run:example_complex
[2025-05-20T17:42:31.971+0000] {logging_mixin.py:190} INFO - [2025-05-20T17:42:31.970+0000] {dag.py:3239} INFO - Sync 1 DAGs
[2025-05-20T17:42:32.003+0000] {logging_mixin.py:190} INFO - [2025-05-20T17:42:32.002+0000] {dag.py:3262} INFO - Creating ORM DAG for example_complex
[2025-05-20T17:42:32.005+0000] {logging_mixin.py:190} INFO - [2025-05-20T17:42:32.005+0000] {dag.py:4180} INFO - Setting next_dagrun for example_complex to None, run_after=None
[2025-05-20T17:42:32.043+0000] {processor.py:208} INFO - Processing /home/airflow/.local/lib/python3.12/site-packages/airflow/example_dags/example_complex.py took 0.572 seconds
[2025-05-20T17:43:03.366+0000] {processor.py:186} INFO - Started process (PID=160) to work on /home/airflow/.local/lib/python3.12/site-packages/airflow/example_dags/example_complex.py
[2025-05-20T17:43:03.369+0000] {processor.py:914} INFO - Processing file /home/airflow/.local/lib/python3.12/site-packages/airflow/example_dags/example_complex.py for tasks to queue
[2025-05-20T17:43:03.373+0000] {logging_mixin.py:190} INFO - [2025-05-20T17:43:03.372+0000] {dagbag.py:588} INFO - Filling up the DagBag from /home/airflow/.local/lib/python3.12/site-packages/airflow/example_dags/example_complex.py
[2025-05-20T17:43:03.402+0000] {processor.py:925} INFO - DAG(s) 'example_complex' retrieved from /home/airflow/.local/lib/python3.12/site-packages/airflow/example_dags/example_complex.py
[2025-05-20T17:43:03.474+0000] {logging_mixin.py:190} INFO - [2025-05-20T17:43:03.473+0000] {dag.py:3239} INFO - Sync 1 DAGs
[2025-05-20T17:43:03.502+0000] {logging_mixin.py:190} INFO - [2025-05-20T17:43:03.502+0000] {dag.py:4180} INFO - Setting next_dagrun for example_complex to None, run_after=None
[2025-05-20T17:43:03.610+0000] {processor.py:208} INFO - Processing /home/airflow/.local/lib/python3.12/site-packages/airflow/example_dags/example_complex.py took 0.255 seconds
[2025-05-20T17:43:34.369+0000] {processor.py:186} INFO - Started process (PID=228) to work on /home/airflow/.local/lib/python3.12/site-packages/airflow/example_dags/example_complex.py
[2025-05-20T17:43:34.371+0000] {processor.py:914} INFO - Processing file /home/airflow/.local/lib/python3.12/site-packages/airflow/example_dags/example_complex.py for tasks to queue
[2025-05-20T17:43:34.374+0000] {logging_mixin.py:190} INFO - [2025-05-20T17:43:34.373+0000] {dagbag.py:588} INFO - Filling up the DagBag from /home/airflow/.local/lib/python3.12/site-packages/airflow/example_dags/example_complex.py
[2025-05-20T17:43:34.400+0000] {processor.py:925} INFO - DAG(s) 'example_complex' retrieved from /home/airflow/.local/lib/python3.12/site-packages/airflow/example_dags/example_complex.py
[2025-05-20T17:43:34.474+0000] {logging_mixin.py:190} INFO - [2025-05-20T17:43:34.474+0000] {dag.py:3239} INFO - Sync 1 DAGs
[2025-05-20T17:43:34.513+0000] {logging_mixin.py:190} INFO - [2025-05-20T17:43:34.512+0000] {dag.py:4180} INFO - Setting next_dagrun for example_complex to None, run_after=None
[2025-05-20T17:43:34.562+0000] {processor.py:208} INFO - Processing /home/airflow/.local/lib/python3.12/site-packages/airflow/example_dags/example_complex.py took 0.207 seconds
[2025-05-20T17:44:05.098+0000] {processor.py:186} INFO - Started process (PID=295) to work on /home/airflow/.local/lib/python3.12/site-packages/airflow/example_dags/example_complex.py
[2025-05-20T17:44:05.100+0000] {processor.py:914} INFO - Processing file /home/airflow/.local/lib/python3.12/site-packages/airflow/example_dags/example_complex.py for tasks to queue
[2025-05-20T17:44:05.104+0000] {logging_mixin.py:190} INFO - [2025-05-20T17:44:05.103+0000] {dagbag.py:588} INFO - Filling up the DagBag from /home/airflow/.local/lib/python3.12/site-packages/airflow/example_dags/example_complex.py
[2025-05-20T17:44:05.136+0000] {processor.py:925} INFO - DAG(s) 'example_complex' retrieved from /home/airflow/.local/lib/python3.12/site-packages/airflow/example_dags/example_complex.py
[2025-05-20T17:44:05.204+0000] {logging_mixin.py:190} INFO - [2025-05-20T17:44:05.204+0000] {dag.py:3239} INFO - Sync 1 DAGs
[2025-05-20T17:44:05.238+0000] {logging_mixin.py:190} INFO - [2025-05-20T17:44:05.237+0000] {dag.py:4180} INFO - Setting next_dagrun for example_complex to None, run_after=None
[2025-05-20T17:44:05.313+0000] {processor.py:208} INFO - Processing /home/airflow/.local/lib/python3.12/site-packages/airflow/example_dags/example_complex.py took 0.228 seconds
[2025-05-20T17:44:35.642+0000] {processor.py:186} INFO - Started process (PID=362) to work on /home/airflow/.local/lib/python3.12/site-packages/airflow/example_dags/example_complex.py
[2025-05-20T17:44:35.644+0000] {processor.py:914} INFO - Processing file /home/airflow/.local/lib/python3.12/site-packages/airflow/example_dags/example_complex.py for tasks to queue
[2025-05-20T17:44:35.647+0000] {logging_mixin.py:190} INFO - [2025-05-20T17:44:35.646+0000] {dagbag.py:588} INFO - Filling up the DagBag from /home/airflow/.local/lib/python3.12/site-packages/airflow/example_dags/example_complex.py
[2025-05-20T17:44:35.672+0000] {processor.py:925} INFO - DAG(s) 'example_complex' retrieved from /home/airflow/.local/lib/python3.12/site-packages/airflow/example_dags/example_complex.py
[2025-05-20T17:44:35.745+0000] {logging_mixin.py:190} INFO - [2025-05-20T17:44:35.745+0000] {dag.py:3239} INFO - Sync 1 DAGs
[2025-05-20T17:44:35.779+0000] {logging_mixin.py:190} INFO - [2025-05-20T17:44:35.779+0000] {dag.py:4180} INFO - Setting next_dagrun for example_complex to None, run_after=None
[2025-05-20T17:44:35.821+0000] {processor.py:208} INFO - Processing /home/airflow/.local/lib/python3.12/site-packages/airflow/example_dags/example_complex.py took 0.190 seconds
[2025-05-20T17:45:06.481+0000] {processor.py:186} INFO - Started process (PID=428) to work on /home/airflow/.local/lib/python3.12/site-packages/airflow/example_dags/example_complex.py
[2025-05-20T17:45:06.484+0000] {processor.py:914} INFO - Processing file /home/airflow/.local/lib/python3.12/site-packages/airflow/example_dags/example_complex.py for tasks to queue
[2025-05-20T17:45:06.488+0000] {logging_mixin.py:190} INFO - [2025-05-20T17:45:06.487+0000] {dagbag.py:588} INFO - Filling up the DagBag from /home/airflow/.local/lib/python3.12/site-packages/airflow/example_dags/example_complex.py
[2025-05-20T17:45:06.530+0000] {processor.py:925} INFO - DAG(s) 'example_complex' retrieved from /home/airflow/.local/lib/python3.12/site-packages/airflow/example_dags/example_complex.py
[2025-05-20T17:45:06.615+0000] {logging_mixin.py:190} INFO - [2025-05-20T17:45:06.615+0000] {dag.py:3239} INFO - Sync 1 DAGs
[2025-05-20T17:45:06.653+0000] {logging_mixin.py:190} INFO - [2025-05-20T17:45:06.653+0000] {dag.py:4180} INFO - Setting next_dagrun for example_complex to None, run_after=None
[2025-05-20T17:45:06.712+0000] {processor.py:208} INFO - Processing /home/airflow/.local/lib/python3.12/site-packages/airflow/example_dags/example_complex.py took 0.249 seconds
[2025-05-20T17:45:36.947+0000] {processor.py:186} INFO - Started process (PID=495) to work on /home/airflow/.local/lib/python3.12/site-packages/airflow/example_dags/example_complex.py
[2025-05-20T17:45:36.949+0000] {processor.py:914} INFO - Processing file /home/airflow/.local/lib/python3.12/site-packages/airflow/example_dags/example_complex.py for tasks to queue
[2025-05-20T17:45:36.952+0000] {logging_mixin.py:190} INFO - [2025-05-20T17:45:36.952+0000] {dagbag.py:588} INFO - Filling up the DagBag from /home/airflow/.local/lib/python3.12/site-packages/airflow/example_dags/example_complex.py
[2025-05-20T17:45:36.984+0000] {processor.py:925} INFO - DAG(s) 'example_complex' retrieved from /home/airflow/.local/lib/python3.12/site-packages/airflow/example_dags/example_complex.py
[2025-05-20T17:45:37.069+0000] {logging_mixin.py:190} INFO - [2025-05-20T17:45:37.068+0000] {dag.py:3239} INFO - Sync 1 DAGs
[2025-05-20T17:45:37.131+0000] {logging_mixin.py:190} INFO - [2025-05-20T17:45:37.131+0000] {dag.py:4180} INFO - Setting next_dagrun for example_complex to None, run_after=None
[2025-05-20T17:45:37.183+0000] {processor.py:208} INFO - Processing /home/airflow/.local/lib/python3.12/site-packages/airflow/example_dags/example_complex.py took 0.251 seconds
[2025-05-20T17:46:08.034+0000] {processor.py:186} INFO - Started process (PID=567) to work on /home/airflow/.local/lib/python3.12/site-packages/airflow/example_dags/example_complex.py
[2025-05-20T17:46:08.037+0000] {processor.py:914} INFO - Processing file /home/airflow/.local/lib/python3.12/site-packages/airflow/example_dags/example_complex.py for tasks to queue
[2025-05-20T17:46:08.040+0000] {logging_mixin.py:190} INFO - [2025-05-20T17:46:08.040+0000] {dagbag.py:588} INFO - Filling up the DagBag from /home/airflow/.local/lib/python3.12/site-packages/airflow/example_dags/example_complex.py
[2025-05-20T17:46:08.088+0000] {processor.py:925} INFO - DAG(s) 'example_complex' retrieved from /home/airflow/.local/lib/python3.12/site-packages/airflow/example_dags/example_complex.py
[2025-05-20T17:46:08.165+0000] {logging_mixin.py:190} INFO - [2025-05-20T17:46:08.164+0000] {dag.py:3239} INFO - Sync 1 DAGs
[2025-05-20T17:46:08.203+0000] {logging_mixin.py:190} INFO - [2025-05-20T17:46:08.203+0000] {dag.py:4180} INFO - Setting next_dagrun for example_complex to None, run_after=None
[2025-05-20T17:46:08.246+0000] {processor.py:208} INFO - Processing /home/airflow/.local/lib/python3.12/site-packages/airflow/example_dags/example_complex.py took 0.226 seconds
