[2025-05-20T16:30:02.218+0000] {processor.py:186} INFO - Started process (PID=104) to work on /home/airflow/.local/lib/python3.12/site-packages/airflow/example_dags/example_xcom.py
[2025-05-20T16:30:02.219+0000] {processor.py:914} INFO - Processing file /home/airflow/.local/lib/python3.12/site-packages/airflow/example_dags/example_xcom.py for tasks to queue
[2025-05-20T16:30:02.223+0000] {logging_mixin.py:190} INFO - [2025-05-20T16:30:02.223+0000] {dagbag.py:588} INFO - Filling up the DagBag from /home/airflow/.local/lib/python3.12/site-packages/airflow/example_dags/example_xcom.py
[2025-05-20T16:30:02.240+0000] {processor.py:925} INFO - DAG(s) 'example_xcom' retrieved from /home/airflow/.local/lib/python3.12/site-packages/airflow/example_dags/example_xcom.py
[2025-05-20T16:30:02.396+0000] {logging_mixin.py:190} INFO - [2025-05-20T16:30:02.395+0000] {override.py:1930} INFO - Created Permission View: can read on DAG:example_xcom
[2025-05-20T16:30:02.410+0000] {logging_mixin.py:190} INFO - [2025-05-20T16:30:02.409+0000] {override.py:1930} INFO - Created Permission View: can edit on DAG:example_xcom
[2025-05-20T16:30:02.419+0000] {logging_mixin.py:190} INFO - [2025-05-20T16:30:02.419+0000] {override.py:1930} INFO - Created Permission View: can delete on DAG:example_xcom
[2025-05-20T16:30:02.431+0000] {logging_mixin.py:190} INFO - [2025-05-20T16:30:02.430+0000] {override.py:1930} INFO - Created Permission View: can create on DAG Run:example_xcom
[2025-05-20T16:30:02.441+0000] {logging_mixin.py:190} INFO - [2025-05-20T16:30:02.440+0000] {override.py:1930} INFO - Created Permission View: can read on DAG Run:example_xcom
[2025-05-20T16:30:02.451+0000] {logging_mixin.py:190} INFO - [2025-05-20T16:30:02.450+0000] {override.py:1930} INFO - Created Permission View: can delete on DAG Run:example_xcom
[2025-05-20T16:30:02.460+0000] {logging_mixin.py:190} INFO - [2025-05-20T16:30:02.460+0000] {override.py:1930} INFO - Created Permission View: menu access on DAG Run:example_xcom
[2025-05-20T16:30:02.461+0000] {logging_mixin.py:190} INFO - [2025-05-20T16:30:02.461+0000] {dag.py:3239} INFO - Sync 1 DAGs
[2025-05-20T16:30:02.480+0000] {logging_mixin.py:190} INFO - [2025-05-20T16:30:02.480+0000] {dag.py:3262} INFO - Creating ORM DAG for example_xcom
[2025-05-20T16:30:02.492+0000] {logging_mixin.py:190} INFO - [2025-05-20T16:30:02.492+0000] {dag.py:4180} INFO - Setting next_dagrun for example_xcom to 2021-01-01 00:00:00+00:00, run_after=2021-01-01 00:00:00+00:00
[2025-05-20T16:30:02.514+0000] {processor.py:208} INFO - Processing /home/airflow/.local/lib/python3.12/site-packages/airflow/example_dags/example_xcom.py took 0.305 seconds
[2025-05-20T16:30:33.494+0000] {processor.py:186} INFO - Started process (PID=167) to work on /home/airflow/.local/lib/python3.12/site-packages/airflow/example_dags/example_xcom.py
[2025-05-20T16:30:33.495+0000] {processor.py:914} INFO - Processing file /home/airflow/.local/lib/python3.12/site-packages/airflow/example_dags/example_xcom.py for tasks to queue
[2025-05-20T16:30:33.497+0000] {logging_mixin.py:190} INFO - [2025-05-20T16:30:33.497+0000] {dagbag.py:588} INFO - Filling up the DagBag from /home/airflow/.local/lib/python3.12/site-packages/airflow/example_dags/example_xcom.py
[2025-05-20T16:30:33.505+0000] {processor.py:925} INFO - DAG(s) 'example_xcom' retrieved from /home/airflow/.local/lib/python3.12/site-packages/airflow/example_dags/example_xcom.py
[2025-05-20T16:30:33.527+0000] {logging_mixin.py:190} INFO - [2025-05-20T16:30:33.527+0000] {dag.py:3239} INFO - Sync 1 DAGs
[2025-05-20T16:30:33.557+0000] {logging_mixin.py:190} INFO - [2025-05-20T16:30:33.556+0000] {dag.py:4180} INFO - Setting next_dagrun for example_xcom to 2021-01-01 00:00:00+00:00, run_after=2021-01-01 00:00:00+00:00
[2025-05-20T16:30:33.584+0000] {processor.py:208} INFO - Processing /home/airflow/.local/lib/python3.12/site-packages/airflow/example_dags/example_xcom.py took 0.095 seconds
[2025-05-20T16:31:03.728+0000] {processor.py:186} INFO - Started process (PID=230) to work on /home/airflow/.local/lib/python3.12/site-packages/airflow/example_dags/example_xcom.py
[2025-05-20T16:31:03.730+0000] {processor.py:914} INFO - Processing file /home/airflow/.local/lib/python3.12/site-packages/airflow/example_dags/example_xcom.py for tasks to queue
[2025-05-20T16:31:03.732+0000] {logging_mixin.py:190} INFO - [2025-05-20T16:31:03.732+0000] {dagbag.py:588} INFO - Filling up the DagBag from /home/airflow/.local/lib/python3.12/site-packages/airflow/example_dags/example_xcom.py
[2025-05-20T16:31:03.740+0000] {processor.py:925} INFO - DAG(s) 'example_xcom' retrieved from /home/airflow/.local/lib/python3.12/site-packages/airflow/example_dags/example_xcom.py
[2025-05-20T16:31:03.762+0000] {logging_mixin.py:190} INFO - [2025-05-20T16:31:03.761+0000] {dag.py:3239} INFO - Sync 1 DAGs
[2025-05-20T16:31:03.789+0000] {logging_mixin.py:190} INFO - [2025-05-20T16:31:03.789+0000] {dag.py:4180} INFO - Setting next_dagrun for example_xcom to 2021-01-01 00:00:00+00:00, run_after=2021-01-01 00:00:00+00:00
[2025-05-20T16:31:03.812+0000] {processor.py:208} INFO - Processing /home/airflow/.local/lib/python3.12/site-packages/airflow/example_dags/example_xcom.py took 0.089 seconds
[2025-05-20T16:31:34.100+0000] {processor.py:186} INFO - Started process (PID=293) to work on /home/airflow/.local/lib/python3.12/site-packages/airflow/example_dags/example_xcom.py
[2025-05-20T16:31:34.101+0000] {processor.py:914} INFO - Processing file /home/airflow/.local/lib/python3.12/site-packages/airflow/example_dags/example_xcom.py for tasks to queue
[2025-05-20T16:31:34.104+0000] {logging_mixin.py:190} INFO - [2025-05-20T16:31:34.103+0000] {dagbag.py:588} INFO - Filling up the DagBag from /home/airflow/.local/lib/python3.12/site-packages/airflow/example_dags/example_xcom.py
[2025-05-20T16:31:34.114+0000] {processor.py:925} INFO - DAG(s) 'example_xcom' retrieved from /home/airflow/.local/lib/python3.12/site-packages/airflow/example_dags/example_xcom.py
[2025-05-20T16:31:34.136+0000] {logging_mixin.py:190} INFO - [2025-05-20T16:31:34.135+0000] {dag.py:3239} INFO - Sync 1 DAGs
[2025-05-20T16:31:34.159+0000] {logging_mixin.py:190} INFO - [2025-05-20T16:31:34.159+0000] {dag.py:4180} INFO - Setting next_dagrun for example_xcom to 2021-01-01 00:00:00+00:00, run_after=2021-01-01 00:00:00+00:00
[2025-05-20T16:31:34.179+0000] {processor.py:208} INFO - Processing /home/airflow/.local/lib/python3.12/site-packages/airflow/example_dags/example_xcom.py took 0.086 seconds
[2025-05-20T16:32:05.145+0000] {processor.py:186} INFO - Started process (PID=356) to work on /home/airflow/.local/lib/python3.12/site-packages/airflow/example_dags/example_xcom.py
[2025-05-20T16:32:05.147+0000] {processor.py:914} INFO - Processing file /home/airflow/.local/lib/python3.12/site-packages/airflow/example_dags/example_xcom.py for tasks to queue
[2025-05-20T16:32:05.150+0000] {logging_mixin.py:190} INFO - [2025-05-20T16:32:05.149+0000] {dagbag.py:588} INFO - Filling up the DagBag from /home/airflow/.local/lib/python3.12/site-packages/airflow/example_dags/example_xcom.py
[2025-05-20T16:32:05.161+0000] {processor.py:925} INFO - DAG(s) 'example_xcom' retrieved from /home/airflow/.local/lib/python3.12/site-packages/airflow/example_dags/example_xcom.py
[2025-05-20T16:32:05.183+0000] {logging_mixin.py:190} INFO - [2025-05-20T16:32:05.183+0000] {dag.py:3239} INFO - Sync 1 DAGs
[2025-05-20T16:32:05.207+0000] {logging_mixin.py:190} INFO - [2025-05-20T16:32:05.207+0000] {dag.py:4180} INFO - Setting next_dagrun for example_xcom to 2021-01-01 00:00:00+00:00, run_after=2021-01-01 00:00:00+00:00
[2025-05-20T16:32:05.226+0000] {processor.py:208} INFO - Processing /home/airflow/.local/lib/python3.12/site-packages/airflow/example_dags/example_xcom.py took 0.089 seconds
[2025-05-20T16:32:36.387+0000] {processor.py:186} INFO - Started process (PID=419) to work on /home/airflow/.local/lib/python3.12/site-packages/airflow/example_dags/example_xcom.py
[2025-05-20T16:32:36.388+0000] {processor.py:914} INFO - Processing file /home/airflow/.local/lib/python3.12/site-packages/airflow/example_dags/example_xcom.py for tasks to queue
[2025-05-20T16:32:36.392+0000] {logging_mixin.py:190} INFO - [2025-05-20T16:32:36.391+0000] {dagbag.py:588} INFO - Filling up the DagBag from /home/airflow/.local/lib/python3.12/site-packages/airflow/example_dags/example_xcom.py
[2025-05-20T16:32:36.406+0000] {processor.py:925} INFO - DAG(s) 'example_xcom' retrieved from /home/airflow/.local/lib/python3.12/site-packages/airflow/example_dags/example_xcom.py
[2025-05-20T16:32:36.449+0000] {logging_mixin.py:190} INFO - [2025-05-20T16:32:36.449+0000] {dag.py:3239} INFO - Sync 1 DAGs
[2025-05-20T16:32:36.505+0000] {logging_mixin.py:190} INFO - [2025-05-20T16:32:36.505+0000] {dag.py:4180} INFO - Setting next_dagrun for example_xcom to 2021-01-01 00:00:00+00:00, run_after=2021-01-01 00:00:00+00:00
[2025-05-20T16:32:36.553+0000] {processor.py:208} INFO - Processing /home/airflow/.local/lib/python3.12/site-packages/airflow/example_dags/example_xcom.py took 0.176 seconds
[2025-05-20T16:33:06.922+0000] {processor.py:186} INFO - Started process (PID=482) to work on /home/airflow/.local/lib/python3.12/site-packages/airflow/example_dags/example_xcom.py
[2025-05-20T16:33:06.924+0000] {processor.py:914} INFO - Processing file /home/airflow/.local/lib/python3.12/site-packages/airflow/example_dags/example_xcom.py for tasks to queue
[2025-05-20T16:33:06.927+0000] {logging_mixin.py:190} INFO - [2025-05-20T16:33:06.926+0000] {dagbag.py:588} INFO - Filling up the DagBag from /home/airflow/.local/lib/python3.12/site-packages/airflow/example_dags/example_xcom.py
[2025-05-20T16:33:06.939+0000] {processor.py:925} INFO - DAG(s) 'example_xcom' retrieved from /home/airflow/.local/lib/python3.12/site-packages/airflow/example_dags/example_xcom.py
[2025-05-20T16:33:06.970+0000] {logging_mixin.py:190} INFO - [2025-05-20T16:33:06.970+0000] {dag.py:3239} INFO - Sync 1 DAGs
[2025-05-20T16:33:07.007+0000] {logging_mixin.py:190} INFO - [2025-05-20T16:33:07.007+0000] {dag.py:4180} INFO - Setting next_dagrun for example_xcom to 2021-01-01 00:00:00+00:00, run_after=2021-01-01 00:00:00+00:00
[2025-05-20T16:33:07.036+0000] {processor.py:208} INFO - Processing /home/airflow/.local/lib/python3.12/site-packages/airflow/example_dags/example_xcom.py took 0.122 seconds
[2025-05-20T16:33:37.250+0000] {processor.py:186} INFO - Started process (PID=544) to work on /home/airflow/.local/lib/python3.12/site-packages/airflow/example_dags/example_xcom.py
[2025-05-20T16:33:37.252+0000] {processor.py:914} INFO - Processing file /home/airflow/.local/lib/python3.12/site-packages/airflow/example_dags/example_xcom.py for tasks to queue
[2025-05-20T16:33:37.256+0000] {logging_mixin.py:190} INFO - [2025-05-20T16:33:37.255+0000] {dagbag.py:588} INFO - Filling up the DagBag from /home/airflow/.local/lib/python3.12/site-packages/airflow/example_dags/example_xcom.py
[2025-05-20T16:33:37.271+0000] {processor.py:925} INFO - DAG(s) 'example_xcom' retrieved from /home/airflow/.local/lib/python3.12/site-packages/airflow/example_dags/example_xcom.py
[2025-05-20T16:33:37.307+0000] {logging_mixin.py:190} INFO - [2025-05-20T16:33:37.306+0000] {dag.py:3239} INFO - Sync 1 DAGs
[2025-05-20T16:33:37.344+0000] {logging_mixin.py:190} INFO - [2025-05-20T16:33:37.344+0000] {dag.py:4180} INFO - Setting next_dagrun for example_xcom to 2021-01-01 00:00:00+00:00, run_after=2021-01-01 00:00:00+00:00
[2025-05-20T16:33:37.373+0000] {processor.py:208} INFO - Processing /home/airflow/.local/lib/python3.12/site-packages/airflow/example_dags/example_xcom.py took 0.133 seconds
[2025-05-20T16:34:08.142+0000] {processor.py:186} INFO - Started process (PID=607) to work on /home/airflow/.local/lib/python3.12/site-packages/airflow/example_dags/example_xcom.py
[2025-05-20T16:34:08.143+0000] {processor.py:914} INFO - Processing file /home/airflow/.local/lib/python3.12/site-packages/airflow/example_dags/example_xcom.py for tasks to queue
[2025-05-20T16:34:08.146+0000] {logging_mixin.py:190} INFO - [2025-05-20T16:34:08.145+0000] {dagbag.py:588} INFO - Filling up the DagBag from /home/airflow/.local/lib/python3.12/site-packages/airflow/example_dags/example_xcom.py
[2025-05-20T16:34:08.155+0000] {processor.py:925} INFO - DAG(s) 'example_xcom' retrieved from /home/airflow/.local/lib/python3.12/site-packages/airflow/example_dags/example_xcom.py
[2025-05-20T16:34:08.177+0000] {logging_mixin.py:190} INFO - [2025-05-20T16:34:08.177+0000] {dag.py:3239} INFO - Sync 1 DAGs
[2025-05-20T16:34:08.202+0000] {logging_mixin.py:190} INFO - [2025-05-20T16:34:08.201+0000] {dag.py:4180} INFO - Setting next_dagrun for example_xcom to 2021-01-01 00:00:00+00:00, run_after=2021-01-01 00:00:00+00:00
[2025-05-20T16:34:08.221+0000] {processor.py:208} INFO - Processing /home/airflow/.local/lib/python3.12/site-packages/airflow/example_dags/example_xcom.py took 0.085 seconds
[2025-05-20T16:34:38.356+0000] {processor.py:186} INFO - Started process (PID=670) to work on /home/airflow/.local/lib/python3.12/site-packages/airflow/example_dags/example_xcom.py
[2025-05-20T16:34:38.357+0000] {processor.py:914} INFO - Processing file /home/airflow/.local/lib/python3.12/site-packages/airflow/example_dags/example_xcom.py for tasks to queue
[2025-05-20T16:34:38.359+0000] {logging_mixin.py:190} INFO - [2025-05-20T16:34:38.359+0000] {dagbag.py:588} INFO - Filling up the DagBag from /home/airflow/.local/lib/python3.12/site-packages/airflow/example_dags/example_xcom.py
[2025-05-20T16:34:38.370+0000] {processor.py:925} INFO - DAG(s) 'example_xcom' retrieved from /home/airflow/.local/lib/python3.12/site-packages/airflow/example_dags/example_xcom.py
[2025-05-20T16:34:38.394+0000] {logging_mixin.py:190} INFO - [2025-05-20T16:34:38.394+0000] {dag.py:3239} INFO - Sync 1 DAGs
[2025-05-20T16:34:38.420+0000] {logging_mixin.py:190} INFO - [2025-05-20T16:34:38.420+0000] {dag.py:4180} INFO - Setting next_dagrun for example_xcom to 2021-01-01 00:00:00+00:00, run_after=2021-01-01 00:00:00+00:00
[2025-05-20T16:34:38.440+0000] {processor.py:208} INFO - Processing /home/airflow/.local/lib/python3.12/site-packages/airflow/example_dags/example_xcom.py took 0.091 seconds
[2025-05-20T16:35:08.524+0000] {processor.py:186} INFO - Started process (PID=733) to work on /home/airflow/.local/lib/python3.12/site-packages/airflow/example_dags/example_xcom.py
[2025-05-20T16:35:08.525+0000] {processor.py:914} INFO - Processing file /home/airflow/.local/lib/python3.12/site-packages/airflow/example_dags/example_xcom.py for tasks to queue
[2025-05-20T16:35:08.528+0000] {logging_mixin.py:190} INFO - [2025-05-20T16:35:08.527+0000] {dagbag.py:588} INFO - Filling up the DagBag from /home/airflow/.local/lib/python3.12/site-packages/airflow/example_dags/example_xcom.py
[2025-05-20T16:35:08.536+0000] {processor.py:925} INFO - DAG(s) 'example_xcom' retrieved from /home/airflow/.local/lib/python3.12/site-packages/airflow/example_dags/example_xcom.py
[2025-05-20T16:35:08.555+0000] {logging_mixin.py:190} INFO - [2025-05-20T16:35:08.555+0000] {dag.py:3239} INFO - Sync 1 DAGs
[2025-05-20T16:35:08.576+0000] {logging_mixin.py:190} INFO - [2025-05-20T16:35:08.576+0000] {dag.py:4180} INFO - Setting next_dagrun for example_xcom to 2021-01-01 00:00:00+00:00, run_after=2021-01-01 00:00:00+00:00
[2025-05-20T16:35:08.593+0000] {processor.py:208} INFO - Processing /home/airflow/.local/lib/python3.12/site-packages/airflow/example_dags/example_xcom.py took 0.075 seconds
[2025-05-20T16:35:38.735+0000] {processor.py:186} INFO - Started process (PID=796) to work on /home/airflow/.local/lib/python3.12/site-packages/airflow/example_dags/example_xcom.py
[2025-05-20T16:35:38.736+0000] {processor.py:914} INFO - Processing file /home/airflow/.local/lib/python3.12/site-packages/airflow/example_dags/example_xcom.py for tasks to queue
[2025-05-20T16:35:38.738+0000] {logging_mixin.py:190} INFO - [2025-05-20T16:35:38.738+0000] {dagbag.py:588} INFO - Filling up the DagBag from /home/airflow/.local/lib/python3.12/site-packages/airflow/example_dags/example_xcom.py
[2025-05-20T16:35:38.749+0000] {processor.py:925} INFO - DAG(s) 'example_xcom' retrieved from /home/airflow/.local/lib/python3.12/site-packages/airflow/example_dags/example_xcom.py
[2025-05-20T16:35:38.774+0000] {logging_mixin.py:190} INFO - [2025-05-20T16:35:38.773+0000] {dag.py:3239} INFO - Sync 1 DAGs
[2025-05-20T16:35:38.799+0000] {logging_mixin.py:190} INFO - [2025-05-20T16:35:38.799+0000] {dag.py:4180} INFO - Setting next_dagrun for example_xcom to 2021-01-01 00:00:00+00:00, run_after=2021-01-01 00:00:00+00:00
[2025-05-20T16:35:38.818+0000] {processor.py:208} INFO - Processing /home/airflow/.local/lib/python3.12/site-packages/airflow/example_dags/example_xcom.py took 0.089 seconds
[2025-05-20T16:36:09.801+0000] {processor.py:186} INFO - Started process (PID=859) to work on /home/airflow/.local/lib/python3.12/site-packages/airflow/example_dags/example_xcom.py
[2025-05-20T16:36:09.801+0000] {processor.py:914} INFO - Processing file /home/airflow/.local/lib/python3.12/site-packages/airflow/example_dags/example_xcom.py for tasks to queue
[2025-05-20T16:36:09.803+0000] {logging_mixin.py:190} INFO - [2025-05-20T16:36:09.803+0000] {dagbag.py:588} INFO - Filling up the DagBag from /home/airflow/.local/lib/python3.12/site-packages/airflow/example_dags/example_xcom.py
[2025-05-20T16:36:09.812+0000] {processor.py:925} INFO - DAG(s) 'example_xcom' retrieved from /home/airflow/.local/lib/python3.12/site-packages/airflow/example_dags/example_xcom.py
[2025-05-20T16:36:09.832+0000] {logging_mixin.py:190} INFO - [2025-05-20T16:36:09.832+0000] {dag.py:3239} INFO - Sync 1 DAGs
[2025-05-20T16:36:09.852+0000] {logging_mixin.py:190} INFO - [2025-05-20T16:36:09.852+0000] {dag.py:4180} INFO - Setting next_dagrun for example_xcom to 2021-01-01 00:00:00+00:00, run_after=2021-01-01 00:00:00+00:00
[2025-05-20T16:36:09.869+0000] {processor.py:208} INFO - Processing /home/airflow/.local/lib/python3.12/site-packages/airflow/example_dags/example_xcom.py took 0.074 seconds
[2025-05-20T16:36:40.109+0000] {processor.py:186} INFO - Started process (PID=922) to work on /home/airflow/.local/lib/python3.12/site-packages/airflow/example_dags/example_xcom.py
[2025-05-20T16:36:40.110+0000] {processor.py:914} INFO - Processing file /home/airflow/.local/lib/python3.12/site-packages/airflow/example_dags/example_xcom.py for tasks to queue
[2025-05-20T16:36:40.112+0000] {logging_mixin.py:190} INFO - [2025-05-20T16:36:40.112+0000] {dagbag.py:588} INFO - Filling up the DagBag from /home/airflow/.local/lib/python3.12/site-packages/airflow/example_dags/example_xcom.py
[2025-05-20T16:36:40.120+0000] {processor.py:925} INFO - DAG(s) 'example_xcom' retrieved from /home/airflow/.local/lib/python3.12/site-packages/airflow/example_dags/example_xcom.py
[2025-05-20T16:36:40.141+0000] {logging_mixin.py:190} INFO - [2025-05-20T16:36:40.141+0000] {dag.py:3239} INFO - Sync 1 DAGs
[2025-05-20T16:36:40.161+0000] {logging_mixin.py:190} INFO - [2025-05-20T16:36:40.161+0000] {dag.py:4180} INFO - Setting next_dagrun for example_xcom to 2021-01-01 00:00:00+00:00, run_after=2021-01-01 00:00:00+00:00
[2025-05-20T16:36:40.179+0000] {processor.py:208} INFO - Processing /home/airflow/.local/lib/python3.12/site-packages/airflow/example_dags/example_xcom.py took 0.075 seconds
[2025-05-20T16:37:10.364+0000] {processor.py:186} INFO - Started process (PID=985) to work on /home/airflow/.local/lib/python3.12/site-packages/airflow/example_dags/example_xcom.py
[2025-05-20T16:37:10.365+0000] {processor.py:914} INFO - Processing file /home/airflow/.local/lib/python3.12/site-packages/airflow/example_dags/example_xcom.py for tasks to queue
[2025-05-20T16:37:10.368+0000] {logging_mixin.py:190} INFO - [2025-05-20T16:37:10.367+0000] {dagbag.py:588} INFO - Filling up the DagBag from /home/airflow/.local/lib/python3.12/site-packages/airflow/example_dags/example_xcom.py
[2025-05-20T16:37:10.376+0000] {processor.py:925} INFO - DAG(s) 'example_xcom' retrieved from /home/airflow/.local/lib/python3.12/site-packages/airflow/example_dags/example_xcom.py
[2025-05-20T16:37:10.396+0000] {logging_mixin.py:190} INFO - [2025-05-20T16:37:10.396+0000] {dag.py:3239} INFO - Sync 1 DAGs
[2025-05-20T16:37:10.418+0000] {logging_mixin.py:190} INFO - [2025-05-20T16:37:10.417+0000] {dag.py:4180} INFO - Setting next_dagrun for example_xcom to 2021-01-01 00:00:00+00:00, run_after=2021-01-01 00:00:00+00:00
[2025-05-20T16:37:10.434+0000] {processor.py:208} INFO - Processing /home/airflow/.local/lib/python3.12/site-packages/airflow/example_dags/example_xcom.py took 0.075 seconds
[2025-05-20T16:37:40.875+0000] {processor.py:186} INFO - Started process (PID=1048) to work on /home/airflow/.local/lib/python3.12/site-packages/airflow/example_dags/example_xcom.py
[2025-05-20T16:37:40.877+0000] {processor.py:914} INFO - Processing file /home/airflow/.local/lib/python3.12/site-packages/airflow/example_dags/example_xcom.py for tasks to queue
[2025-05-20T16:37:40.882+0000] {logging_mixin.py:190} INFO - [2025-05-20T16:37:40.882+0000] {dagbag.py:588} INFO - Filling up the DagBag from /home/airflow/.local/lib/python3.12/site-packages/airflow/example_dags/example_xcom.py
[2025-05-20T16:37:40.900+0000] {processor.py:925} INFO - DAG(s) 'example_xcom' retrieved from /home/airflow/.local/lib/python3.12/site-packages/airflow/example_dags/example_xcom.py
[2025-05-20T16:37:40.939+0000] {logging_mixin.py:190} INFO - [2025-05-20T16:37:40.939+0000] {dag.py:3239} INFO - Sync 1 DAGs
[2025-05-20T16:37:40.986+0000] {logging_mixin.py:190} INFO - [2025-05-20T16:37:40.985+0000] {dag.py:4180} INFO - Setting next_dagrun for example_xcom to 2021-01-01 00:00:00+00:00, run_after=2021-01-01 00:00:00+00:00
[2025-05-20T16:37:41.021+0000] {processor.py:208} INFO - Processing /home/airflow/.local/lib/python3.12/site-packages/airflow/example_dags/example_xcom.py took 0.159 seconds
[2025-05-20T17:10:26.615+0000] {processor.py:186} INFO - Started process (PID=1110) to work on /home/airflow/.local/lib/python3.12/site-packages/airflow/example_dags/example_xcom.py
[2025-05-20T17:10:26.616+0000] {processor.py:914} INFO - Processing file /home/airflow/.local/lib/python3.12/site-packages/airflow/example_dags/example_xcom.py for tasks to queue
[2025-05-20T17:10:26.618+0000] {logging_mixin.py:190} INFO - [2025-05-20T17:10:26.618+0000] {dagbag.py:588} INFO - Filling up the DagBag from /home/airflow/.local/lib/python3.12/site-packages/airflow/example_dags/example_xcom.py
[2025-05-20T17:10:26.627+0000] {processor.py:925} INFO - DAG(s) 'example_xcom' retrieved from /home/airflow/.local/lib/python3.12/site-packages/airflow/example_dags/example_xcom.py
[2025-05-20T17:10:26.650+0000] {logging_mixin.py:190} INFO - [2025-05-20T17:10:26.650+0000] {dag.py:3239} INFO - Sync 1 DAGs
[2025-05-20T17:10:26.674+0000] {logging_mixin.py:190} INFO - [2025-05-20T17:10:26.674+0000] {dag.py:4180} INFO - Setting next_dagrun for example_xcom to 2021-01-01 00:00:00+00:00, run_after=2021-01-01 00:00:00+00:00
[2025-05-20T17:10:26.695+0000] {processor.py:208} INFO - Processing /home/airflow/.local/lib/python3.12/site-packages/airflow/example_dags/example_xcom.py took 0.087 seconds
[2025-05-20T17:10:57.011+0000] {processor.py:186} INFO - Started process (PID=1173) to work on /home/airflow/.local/lib/python3.12/site-packages/airflow/example_dags/example_xcom.py
[2025-05-20T17:10:57.012+0000] {processor.py:914} INFO - Processing file /home/airflow/.local/lib/python3.12/site-packages/airflow/example_dags/example_xcom.py for tasks to queue
[2025-05-20T17:10:57.015+0000] {logging_mixin.py:190} INFO - [2025-05-20T17:10:57.015+0000] {dagbag.py:588} INFO - Filling up the DagBag from /home/airflow/.local/lib/python3.12/site-packages/airflow/example_dags/example_xcom.py
[2025-05-20T17:10:57.026+0000] {processor.py:925} INFO - DAG(s) 'example_xcom' retrieved from /home/airflow/.local/lib/python3.12/site-packages/airflow/example_dags/example_xcom.py
[2025-05-20T17:10:57.046+0000] {logging_mixin.py:190} INFO - [2025-05-20T17:10:57.046+0000] {dag.py:3239} INFO - Sync 1 DAGs
[2025-05-20T17:10:57.067+0000] {logging_mixin.py:190} INFO - [2025-05-20T17:10:57.066+0000] {dag.py:4180} INFO - Setting next_dagrun for example_xcom to 2021-01-01 00:00:00+00:00, run_after=2021-01-01 00:00:00+00:00
[2025-05-20T17:10:57.085+0000] {processor.py:208} INFO - Processing /home/airflow/.local/lib/python3.12/site-packages/airflow/example_dags/example_xcom.py took 0.079 seconds
[2025-05-20T17:11:27.969+0000] {processor.py:186} INFO - Started process (PID=1236) to work on /home/airflow/.local/lib/python3.12/site-packages/airflow/example_dags/example_xcom.py
[2025-05-20T17:11:27.970+0000] {processor.py:914} INFO - Processing file /home/airflow/.local/lib/python3.12/site-packages/airflow/example_dags/example_xcom.py for tasks to queue
[2025-05-20T17:11:27.972+0000] {logging_mixin.py:190} INFO - [2025-05-20T17:11:27.972+0000] {dagbag.py:588} INFO - Filling up the DagBag from /home/airflow/.local/lib/python3.12/site-packages/airflow/example_dags/example_xcom.py
[2025-05-20T17:11:27.982+0000] {processor.py:925} INFO - DAG(s) 'example_xcom' retrieved from /home/airflow/.local/lib/python3.12/site-packages/airflow/example_dags/example_xcom.py
[2025-05-20T17:11:28.002+0000] {logging_mixin.py:190} INFO - [2025-05-20T17:11:28.001+0000] {dag.py:3239} INFO - Sync 1 DAGs
[2025-05-20T17:11:28.022+0000] {logging_mixin.py:190} INFO - [2025-05-20T17:11:28.022+0000] {dag.py:4180} INFO - Setting next_dagrun for example_xcom to 2021-01-01 00:00:00+00:00, run_after=2021-01-01 00:00:00+00:00
[2025-05-20T17:11:28.039+0000] {processor.py:208} INFO - Processing /home/airflow/.local/lib/python3.12/site-packages/airflow/example_dags/example_xcom.py took 0.076 seconds
[2025-05-20T17:11:58.294+0000] {processor.py:186} INFO - Started process (PID=1299) to work on /home/airflow/.local/lib/python3.12/site-packages/airflow/example_dags/example_xcom.py
[2025-05-20T17:11:58.295+0000] {processor.py:914} INFO - Processing file /home/airflow/.local/lib/python3.12/site-packages/airflow/example_dags/example_xcom.py for tasks to queue
[2025-05-20T17:11:58.297+0000] {logging_mixin.py:190} INFO - [2025-05-20T17:11:58.297+0000] {dagbag.py:588} INFO - Filling up the DagBag from /home/airflow/.local/lib/python3.12/site-packages/airflow/example_dags/example_xcom.py
[2025-05-20T17:11:58.305+0000] {processor.py:925} INFO - DAG(s) 'example_xcom' retrieved from /home/airflow/.local/lib/python3.12/site-packages/airflow/example_dags/example_xcom.py
[2025-05-20T17:11:58.325+0000] {logging_mixin.py:190} INFO - [2025-05-20T17:11:58.325+0000] {dag.py:3239} INFO - Sync 1 DAGs
[2025-05-20T17:11:58.350+0000] {logging_mixin.py:190} INFO - [2025-05-20T17:11:58.350+0000] {dag.py:4180} INFO - Setting next_dagrun for example_xcom to 2021-01-01 00:00:00+00:00, run_after=2021-01-01 00:00:00+00:00
[2025-05-20T17:11:58.369+0000] {processor.py:208} INFO - Processing /home/airflow/.local/lib/python3.12/site-packages/airflow/example_dags/example_xcom.py took 0.081 seconds
[2025-05-20T17:12:28.431+0000] {processor.py:186} INFO - Started process (PID=1361) to work on /home/airflow/.local/lib/python3.12/site-packages/airflow/example_dags/example_xcom.py
[2025-05-20T17:12:28.432+0000] {processor.py:914} INFO - Processing file /home/airflow/.local/lib/python3.12/site-packages/airflow/example_dags/example_xcom.py for tasks to queue
[2025-05-20T17:12:28.434+0000] {logging_mixin.py:190} INFO - [2025-05-20T17:12:28.434+0000] {dagbag.py:588} INFO - Filling up the DagBag from /home/airflow/.local/lib/python3.12/site-packages/airflow/example_dags/example_xcom.py
[2025-05-20T17:12:28.443+0000] {processor.py:925} INFO - DAG(s) 'example_xcom' retrieved from /home/airflow/.local/lib/python3.12/site-packages/airflow/example_dags/example_xcom.py
[2025-05-20T17:12:28.463+0000] {logging_mixin.py:190} INFO - [2025-05-20T17:12:28.463+0000] {dag.py:3239} INFO - Sync 1 DAGs
[2025-05-20T17:12:28.484+0000] {logging_mixin.py:190} INFO - [2025-05-20T17:12:28.484+0000] {dag.py:4180} INFO - Setting next_dagrun for example_xcom to 2021-01-01 00:00:00+00:00, run_after=2021-01-01 00:00:00+00:00
[2025-05-20T17:12:28.501+0000] {processor.py:208} INFO - Processing /home/airflow/.local/lib/python3.12/site-packages/airflow/example_dags/example_xcom.py took 0.076 seconds
[2025-05-20T17:12:58.997+0000] {processor.py:186} INFO - Started process (PID=1424) to work on /home/airflow/.local/lib/python3.12/site-packages/airflow/example_dags/example_xcom.py
[2025-05-20T17:12:58.998+0000] {processor.py:914} INFO - Processing file /home/airflow/.local/lib/python3.12/site-packages/airflow/example_dags/example_xcom.py for tasks to queue
[2025-05-20T17:12:59.000+0000] {logging_mixin.py:190} INFO - [2025-05-20T17:12:59.000+0000] {dagbag.py:588} INFO - Filling up the DagBag from /home/airflow/.local/lib/python3.12/site-packages/airflow/example_dags/example_xcom.py
[2025-05-20T17:12:59.009+0000] {processor.py:925} INFO - DAG(s) 'example_xcom' retrieved from /home/airflow/.local/lib/python3.12/site-packages/airflow/example_dags/example_xcom.py
[2025-05-20T17:12:59.030+0000] {logging_mixin.py:190} INFO - [2025-05-20T17:12:59.030+0000] {dag.py:3239} INFO - Sync 1 DAGs
[2025-05-20T17:12:59.052+0000] {logging_mixin.py:190} INFO - [2025-05-20T17:12:59.051+0000] {dag.py:4180} INFO - Setting next_dagrun for example_xcom to 2021-01-01 00:00:00+00:00, run_after=2021-01-01 00:00:00+00:00
[2025-05-20T17:12:59.069+0000] {processor.py:208} INFO - Processing /home/airflow/.local/lib/python3.12/site-packages/airflow/example_dags/example_xcom.py took 0.078 seconds
[2025-05-20T17:13:29.556+0000] {processor.py:186} INFO - Started process (PID=1487) to work on /home/airflow/.local/lib/python3.12/site-packages/airflow/example_dags/example_xcom.py
[2025-05-20T17:13:29.557+0000] {processor.py:914} INFO - Processing file /home/airflow/.local/lib/python3.12/site-packages/airflow/example_dags/example_xcom.py for tasks to queue
[2025-05-20T17:13:29.560+0000] {logging_mixin.py:190} INFO - [2025-05-20T17:13:29.559+0000] {dagbag.py:588} INFO - Filling up the DagBag from /home/airflow/.local/lib/python3.12/site-packages/airflow/example_dags/example_xcom.py
[2025-05-20T17:13:29.569+0000] {processor.py:925} INFO - DAG(s) 'example_xcom' retrieved from /home/airflow/.local/lib/python3.12/site-packages/airflow/example_dags/example_xcom.py
[2025-05-20T17:13:29.592+0000] {logging_mixin.py:190} INFO - [2025-05-20T17:13:29.591+0000] {dag.py:3239} INFO - Sync 1 DAGs
[2025-05-20T17:13:29.615+0000] {logging_mixin.py:190} INFO - [2025-05-20T17:13:29.615+0000] {dag.py:4180} INFO - Setting next_dagrun for example_xcom to 2021-01-01 00:00:00+00:00, run_after=2021-01-01 00:00:00+00:00
[2025-05-20T17:13:29.634+0000] {processor.py:208} INFO - Processing /home/airflow/.local/lib/python3.12/site-packages/airflow/example_dags/example_xcom.py took 0.085 seconds
[2025-05-20T17:13:59.872+0000] {processor.py:186} INFO - Started process (PID=1550) to work on /home/airflow/.local/lib/python3.12/site-packages/airflow/example_dags/example_xcom.py
[2025-05-20T17:13:59.873+0000] {processor.py:914} INFO - Processing file /home/airflow/.local/lib/python3.12/site-packages/airflow/example_dags/example_xcom.py for tasks to queue
[2025-05-20T17:13:59.875+0000] {logging_mixin.py:190} INFO - [2025-05-20T17:13:59.875+0000] {dagbag.py:588} INFO - Filling up the DagBag from /home/airflow/.local/lib/python3.12/site-packages/airflow/example_dags/example_xcom.py
[2025-05-20T17:13:59.883+0000] {processor.py:925} INFO - DAG(s) 'example_xcom' retrieved from /home/airflow/.local/lib/python3.12/site-packages/airflow/example_dags/example_xcom.py
[2025-05-20T17:13:59.904+0000] {logging_mixin.py:190} INFO - [2025-05-20T17:13:59.904+0000] {dag.py:3239} INFO - Sync 1 DAGs
[2025-05-20T17:13:59.926+0000] {logging_mixin.py:190} INFO - [2025-05-20T17:13:59.926+0000] {dag.py:4180} INFO - Setting next_dagrun for example_xcom to 2021-01-01 00:00:00+00:00, run_after=2021-01-01 00:00:00+00:00
[2025-05-20T17:13:59.946+0000] {processor.py:208} INFO - Processing /home/airflow/.local/lib/python3.12/site-packages/airflow/example_dags/example_xcom.py took 0.080 seconds
[2025-05-20T17:14:30.230+0000] {processor.py:186} INFO - Started process (PID=1613) to work on /home/airflow/.local/lib/python3.12/site-packages/airflow/example_dags/example_xcom.py
[2025-05-20T17:14:30.231+0000] {processor.py:914} INFO - Processing file /home/airflow/.local/lib/python3.12/site-packages/airflow/example_dags/example_xcom.py for tasks to queue
[2025-05-20T17:14:30.234+0000] {logging_mixin.py:190} INFO - [2025-05-20T17:14:30.234+0000] {dagbag.py:588} INFO - Filling up the DagBag from /home/airflow/.local/lib/python3.12/site-packages/airflow/example_dags/example_xcom.py
[2025-05-20T17:14:30.243+0000] {processor.py:925} INFO - DAG(s) 'example_xcom' retrieved from /home/airflow/.local/lib/python3.12/site-packages/airflow/example_dags/example_xcom.py
[2025-05-20T17:14:30.263+0000] {logging_mixin.py:190} INFO - [2025-05-20T17:14:30.263+0000] {dag.py:3239} INFO - Sync 1 DAGs
[2025-05-20T17:14:30.284+0000] {logging_mixin.py:190} INFO - [2025-05-20T17:14:30.284+0000] {dag.py:4180} INFO - Setting next_dagrun for example_xcom to 2021-01-01 00:00:00+00:00, run_after=2021-01-01 00:00:00+00:00
[2025-05-20T17:14:30.302+0000] {processor.py:208} INFO - Processing /home/airflow/.local/lib/python3.12/site-packages/airflow/example_dags/example_xcom.py took 0.077 seconds
[2025-05-20T17:15:00.576+0000] {processor.py:186} INFO - Started process (PID=1676) to work on /home/airflow/.local/lib/python3.12/site-packages/airflow/example_dags/example_xcom.py
[2025-05-20T17:15:00.577+0000] {processor.py:914} INFO - Processing file /home/airflow/.local/lib/python3.12/site-packages/airflow/example_dags/example_xcom.py for tasks to queue
[2025-05-20T17:15:00.580+0000] {logging_mixin.py:190} INFO - [2025-05-20T17:15:00.580+0000] {dagbag.py:588} INFO - Filling up the DagBag from /home/airflow/.local/lib/python3.12/site-packages/airflow/example_dags/example_xcom.py
[2025-05-20T17:15:00.590+0000] {processor.py:925} INFO - DAG(s) 'example_xcom' retrieved from /home/airflow/.local/lib/python3.12/site-packages/airflow/example_dags/example_xcom.py
[2025-05-20T17:15:00.615+0000] {logging_mixin.py:190} INFO - [2025-05-20T17:15:00.615+0000] {dag.py:3239} INFO - Sync 1 DAGs
[2025-05-20T17:15:00.642+0000] {logging_mixin.py:190} INFO - [2025-05-20T17:15:00.641+0000] {dag.py:4180} INFO - Setting next_dagrun for example_xcom to 2021-01-01 00:00:00+00:00, run_after=2021-01-01 00:00:00+00:00
[2025-05-20T17:15:00.664+0000] {processor.py:208} INFO - Processing /home/airflow/.local/lib/python3.12/site-packages/airflow/example_dags/example_xcom.py took 0.094 seconds
[2025-05-20T17:15:32.662+0000] {processor.py:186} INFO - Started process (PID=1740) to work on /home/airflow/.local/lib/python3.12/site-packages/airflow/example_dags/example_xcom.py
[2025-05-20T17:15:32.664+0000] {processor.py:914} INFO - Processing file /home/airflow/.local/lib/python3.12/site-packages/airflow/example_dags/example_xcom.py for tasks to queue
[2025-05-20T17:15:32.669+0000] {logging_mixin.py:190} INFO - [2025-05-20T17:15:32.668+0000] {dagbag.py:588} INFO - Filling up the DagBag from /home/airflow/.local/lib/python3.12/site-packages/airflow/example_dags/example_xcom.py
[2025-05-20T17:15:32.686+0000] {processor.py:925} INFO - DAG(s) 'example_xcom' retrieved from /home/airflow/.local/lib/python3.12/site-packages/airflow/example_dags/example_xcom.py
[2025-05-20T17:15:32.733+0000] {logging_mixin.py:190} INFO - [2025-05-20T17:15:32.732+0000] {dag.py:3239} INFO - Sync 1 DAGs
[2025-05-20T17:15:32.784+0000] {logging_mixin.py:190} INFO - [2025-05-20T17:15:32.784+0000] {dag.py:4180} INFO - Setting next_dagrun for example_xcom to 2021-01-01 00:00:00+00:00, run_after=2021-01-01 00:00:00+00:00
[2025-05-20T17:15:32.852+0000] {processor.py:208} INFO - Processing /home/airflow/.local/lib/python3.12/site-packages/airflow/example_dags/example_xcom.py took 0.200 seconds
[2025-05-20T17:16:04.803+0000] {processor.py:186} INFO - Started process (PID=1804) to work on /home/airflow/.local/lib/python3.12/site-packages/airflow/example_dags/example_xcom.py
[2025-05-20T17:16:04.805+0000] {processor.py:914} INFO - Processing file /home/airflow/.local/lib/python3.12/site-packages/airflow/example_dags/example_xcom.py for tasks to queue
[2025-05-20T17:16:04.810+0000] {logging_mixin.py:190} INFO - [2025-05-20T17:16:04.809+0000] {dagbag.py:588} INFO - Filling up the DagBag from /home/airflow/.local/lib/python3.12/site-packages/airflow/example_dags/example_xcom.py
[2025-05-20T17:16:04.829+0000] {processor.py:925} INFO - DAG(s) 'example_xcom' retrieved from /home/airflow/.local/lib/python3.12/site-packages/airflow/example_dags/example_xcom.py
[2025-05-20T17:16:04.879+0000] {logging_mixin.py:190} INFO - [2025-05-20T17:16:04.878+0000] {dag.py:3239} INFO - Sync 1 DAGs
[2025-05-20T17:16:04.931+0000] {logging_mixin.py:190} INFO - [2025-05-20T17:16:04.931+0000] {dag.py:4180} INFO - Setting next_dagrun for example_xcom to 2021-01-01 00:00:00+00:00, run_after=2021-01-01 00:00:00+00:00
[2025-05-20T17:16:04.978+0000] {processor.py:208} INFO - Processing /home/airflow/.local/lib/python3.12/site-packages/airflow/example_dags/example_xcom.py took 0.186 seconds
[2025-05-20T17:16:35.624+0000] {processor.py:186} INFO - Started process (PID=1868) to work on /home/airflow/.local/lib/python3.12/site-packages/airflow/example_dags/example_xcom.py
[2025-05-20T17:16:35.626+0000] {processor.py:914} INFO - Processing file /home/airflow/.local/lib/python3.12/site-packages/airflow/example_dags/example_xcom.py for tasks to queue
[2025-05-20T17:16:35.630+0000] {logging_mixin.py:190} INFO - [2025-05-20T17:16:35.629+0000] {dagbag.py:588} INFO - Filling up the DagBag from /home/airflow/.local/lib/python3.12/site-packages/airflow/example_dags/example_xcom.py
[2025-05-20T17:16:35.653+0000] {processor.py:925} INFO - DAG(s) 'example_xcom' retrieved from /home/airflow/.local/lib/python3.12/site-packages/airflow/example_dags/example_xcom.py
[2025-05-20T17:16:35.695+0000] {logging_mixin.py:190} INFO - [2025-05-20T17:16:35.695+0000] {dag.py:3239} INFO - Sync 1 DAGs
[2025-05-20T17:16:35.749+0000] {logging_mixin.py:190} INFO - [2025-05-20T17:16:35.748+0000] {dag.py:4180} INFO - Setting next_dagrun for example_xcom to 2021-01-01 00:00:00+00:00, run_after=2021-01-01 00:00:00+00:00
[2025-05-20T17:16:35.800+0000] {processor.py:208} INFO - Processing /home/airflow/.local/lib/python3.12/site-packages/airflow/example_dags/example_xcom.py took 0.188 seconds
[2025-05-20T17:17:06.547+0000] {processor.py:186} INFO - Started process (PID=1932) to work on /home/airflow/.local/lib/python3.12/site-packages/airflow/example_dags/example_xcom.py
[2025-05-20T17:17:06.550+0000] {processor.py:914} INFO - Processing file /home/airflow/.local/lib/python3.12/site-packages/airflow/example_dags/example_xcom.py for tasks to queue
[2025-05-20T17:17:06.554+0000] {logging_mixin.py:190} INFO - [2025-05-20T17:17:06.554+0000] {dagbag.py:588} INFO - Filling up the DagBag from /home/airflow/.local/lib/python3.12/site-packages/airflow/example_dags/example_xcom.py
[2025-05-20T17:17:06.571+0000] {processor.py:925} INFO - DAG(s) 'example_xcom' retrieved from /home/airflow/.local/lib/python3.12/site-packages/airflow/example_dags/example_xcom.py
[2025-05-20T17:17:06.618+0000] {logging_mixin.py:190} INFO - [2025-05-20T17:17:06.617+0000] {dag.py:3239} INFO - Sync 1 DAGs
[2025-05-20T17:17:06.666+0000] {logging_mixin.py:190} INFO - [2025-05-20T17:17:06.665+0000] {dag.py:4180} INFO - Setting next_dagrun for example_xcom to 2021-01-01 00:00:00+00:00, run_after=2021-01-01 00:00:00+00:00
[2025-05-20T17:17:06.770+0000] {processor.py:208} INFO - Processing /home/airflow/.local/lib/python3.12/site-packages/airflow/example_dags/example_xcom.py took 0.233 seconds
[2025-05-20T17:17:37.664+0000] {processor.py:186} INFO - Started process (PID=1996) to work on /home/airflow/.local/lib/python3.12/site-packages/airflow/example_dags/example_xcom.py
[2025-05-20T17:17:37.666+0000] {processor.py:914} INFO - Processing file /home/airflow/.local/lib/python3.12/site-packages/airflow/example_dags/example_xcom.py for tasks to queue
[2025-05-20T17:17:37.670+0000] {logging_mixin.py:190} INFO - [2025-05-20T17:17:37.670+0000] {dagbag.py:588} INFO - Filling up the DagBag from /home/airflow/.local/lib/python3.12/site-packages/airflow/example_dags/example_xcom.py
[2025-05-20T17:17:37.688+0000] {processor.py:925} INFO - DAG(s) 'example_xcom' retrieved from /home/airflow/.local/lib/python3.12/site-packages/airflow/example_dags/example_xcom.py
[2025-05-20T17:17:37.731+0000] {logging_mixin.py:190} INFO - [2025-05-20T17:17:37.731+0000] {dag.py:3239} INFO - Sync 1 DAGs
[2025-05-20T17:17:37.776+0000] {logging_mixin.py:190} INFO - [2025-05-20T17:17:37.776+0000] {dag.py:4180} INFO - Setting next_dagrun for example_xcom to 2021-01-01 00:00:00+00:00, run_after=2021-01-01 00:00:00+00:00
[2025-05-20T17:17:37.876+0000] {processor.py:208} INFO - Processing /home/airflow/.local/lib/python3.12/site-packages/airflow/example_dags/example_xcom.py took 0.222 seconds
[2025-05-20T17:18:08.209+0000] {processor.py:186} INFO - Started process (PID=2060) to work on /home/airflow/.local/lib/python3.12/site-packages/airflow/example_dags/example_xcom.py
[2025-05-20T17:18:08.212+0000] {processor.py:914} INFO - Processing file /home/airflow/.local/lib/python3.12/site-packages/airflow/example_dags/example_xcom.py for tasks to queue
[2025-05-20T17:18:08.216+0000] {logging_mixin.py:190} INFO - [2025-05-20T17:18:08.215+0000] {dagbag.py:588} INFO - Filling up the DagBag from /home/airflow/.local/lib/python3.12/site-packages/airflow/example_dags/example_xcom.py
[2025-05-20T17:18:08.233+0000] {processor.py:925} INFO - DAG(s) 'example_xcom' retrieved from /home/airflow/.local/lib/python3.12/site-packages/airflow/example_dags/example_xcom.py
[2025-05-20T17:18:08.276+0000] {logging_mixin.py:190} INFO - [2025-05-20T17:18:08.276+0000] {dag.py:3239} INFO - Sync 1 DAGs
[2025-05-20T17:18:08.321+0000] {logging_mixin.py:190} INFO - [2025-05-20T17:18:08.321+0000] {dag.py:4180} INFO - Setting next_dagrun for example_xcom to 2021-01-01 00:00:00+00:00, run_after=2021-01-01 00:00:00+00:00
[2025-05-20T17:18:08.424+0000] {processor.py:208} INFO - Processing /home/airflow/.local/lib/python3.12/site-packages/airflow/example_dags/example_xcom.py took 0.226 seconds
[2025-05-20T17:18:39.323+0000] {processor.py:186} INFO - Started process (PID=2124) to work on /home/airflow/.local/lib/python3.12/site-packages/airflow/example_dags/example_xcom.py
[2025-05-20T17:18:39.327+0000] {processor.py:914} INFO - Processing file /home/airflow/.local/lib/python3.12/site-packages/airflow/example_dags/example_xcom.py for tasks to queue
[2025-05-20T17:18:39.333+0000] {logging_mixin.py:190} INFO - [2025-05-20T17:18:39.332+0000] {dagbag.py:588} INFO - Filling up the DagBag from /home/airflow/.local/lib/python3.12/site-packages/airflow/example_dags/example_xcom.py
[2025-05-20T17:18:39.351+0000] {processor.py:925} INFO - DAG(s) 'example_xcom' retrieved from /home/airflow/.local/lib/python3.12/site-packages/airflow/example_dags/example_xcom.py
[2025-05-20T17:18:39.398+0000] {logging_mixin.py:190} INFO - [2025-05-20T17:18:39.397+0000] {dag.py:3239} INFO - Sync 1 DAGs
[2025-05-20T17:18:39.451+0000] {logging_mixin.py:190} INFO - [2025-05-20T17:18:39.451+0000] {dag.py:4180} INFO - Setting next_dagrun for example_xcom to 2021-01-01 00:00:00+00:00, run_after=2021-01-01 00:00:00+00:00
[2025-05-20T17:18:39.494+0000] {processor.py:208} INFO - Processing /home/airflow/.local/lib/python3.12/site-packages/airflow/example_dags/example_xcom.py took 0.184 seconds
[2025-05-20T17:19:10.285+0000] {processor.py:186} INFO - Started process (PID=2188) to work on /home/airflow/.local/lib/python3.12/site-packages/airflow/example_dags/example_xcom.py
[2025-05-20T17:19:10.288+0000] {processor.py:914} INFO - Processing file /home/airflow/.local/lib/python3.12/site-packages/airflow/example_dags/example_xcom.py for tasks to queue
[2025-05-20T17:19:10.293+0000] {logging_mixin.py:190} INFO - [2025-05-20T17:19:10.292+0000] {dagbag.py:588} INFO - Filling up the DagBag from /home/airflow/.local/lib/python3.12/site-packages/airflow/example_dags/example_xcom.py
[2025-05-20T17:19:10.310+0000] {processor.py:925} INFO - DAG(s) 'example_xcom' retrieved from /home/airflow/.local/lib/python3.12/site-packages/airflow/example_dags/example_xcom.py
[2025-05-20T17:19:10.363+0000] {logging_mixin.py:190} INFO - [2025-05-20T17:19:10.363+0000] {dag.py:3239} INFO - Sync 1 DAGs
[2025-05-20T17:19:10.413+0000] {logging_mixin.py:190} INFO - [2025-05-20T17:19:10.413+0000] {dag.py:4180} INFO - Setting next_dagrun for example_xcom to 2021-01-01 00:00:00+00:00, run_after=2021-01-01 00:00:00+00:00
[2025-05-20T17:19:10.457+0000] {processor.py:208} INFO - Processing /home/airflow/.local/lib/python3.12/site-packages/airflow/example_dags/example_xcom.py took 0.184 seconds
[2025-05-20T17:19:41.360+0000] {processor.py:186} INFO - Started process (PID=2252) to work on /home/airflow/.local/lib/python3.12/site-packages/airflow/example_dags/example_xcom.py
[2025-05-20T17:19:41.361+0000] {processor.py:914} INFO - Processing file /home/airflow/.local/lib/python3.12/site-packages/airflow/example_dags/example_xcom.py for tasks to queue
[2025-05-20T17:19:41.366+0000] {logging_mixin.py:190} INFO - [2025-05-20T17:19:41.366+0000] {dagbag.py:588} INFO - Filling up the DagBag from /home/airflow/.local/lib/python3.12/site-packages/airflow/example_dags/example_xcom.py
[2025-05-20T17:19:41.387+0000] {processor.py:925} INFO - DAG(s) 'example_xcom' retrieved from /home/airflow/.local/lib/python3.12/site-packages/airflow/example_dags/example_xcom.py
[2025-05-20T17:19:41.431+0000] {logging_mixin.py:190} INFO - [2025-05-20T17:19:41.430+0000] {dag.py:3239} INFO - Sync 1 DAGs
[2025-05-20T17:19:41.482+0000] {logging_mixin.py:190} INFO - [2025-05-20T17:19:41.482+0000] {dag.py:4180} INFO - Setting next_dagrun for example_xcom to 2021-01-01 00:00:00+00:00, run_after=2021-01-01 00:00:00+00:00
[2025-05-20T17:19:41.527+0000] {processor.py:208} INFO - Processing /home/airflow/.local/lib/python3.12/site-packages/airflow/example_dags/example_xcom.py took 0.180 seconds
[2025-05-20T17:20:12.014+0000] {processor.py:186} INFO - Started process (PID=2316) to work on /home/airflow/.local/lib/python3.12/site-packages/airflow/example_dags/example_xcom.py
[2025-05-20T17:20:12.016+0000] {processor.py:914} INFO - Processing file /home/airflow/.local/lib/python3.12/site-packages/airflow/example_dags/example_xcom.py for tasks to queue
[2025-05-20T17:20:12.021+0000] {logging_mixin.py:190} INFO - [2025-05-20T17:20:12.021+0000] {dagbag.py:588} INFO - Filling up the DagBag from /home/airflow/.local/lib/python3.12/site-packages/airflow/example_dags/example_xcom.py
[2025-05-20T17:20:12.053+0000] {processor.py:925} INFO - DAG(s) 'example_xcom' retrieved from /home/airflow/.local/lib/python3.12/site-packages/airflow/example_dags/example_xcom.py
[2025-05-20T17:20:12.099+0000] {logging_mixin.py:190} INFO - [2025-05-20T17:20:12.098+0000] {dag.py:3239} INFO - Sync 1 DAGs
[2025-05-20T17:20:12.145+0000] {logging_mixin.py:190} INFO - [2025-05-20T17:20:12.144+0000] {dag.py:4180} INFO - Setting next_dagrun for example_xcom to 2021-01-01 00:00:00+00:00, run_after=2021-01-01 00:00:00+00:00
[2025-05-20T17:20:12.187+0000] {processor.py:208} INFO - Processing /home/airflow/.local/lib/python3.12/site-packages/airflow/example_dags/example_xcom.py took 0.185 seconds
[2025-05-20T17:20:42.657+0000] {processor.py:186} INFO - Started process (PID=2380) to work on /home/airflow/.local/lib/python3.12/site-packages/airflow/example_dags/example_xcom.py
[2025-05-20T17:20:42.659+0000] {processor.py:914} INFO - Processing file /home/airflow/.local/lib/python3.12/site-packages/airflow/example_dags/example_xcom.py for tasks to queue
[2025-05-20T17:20:42.664+0000] {logging_mixin.py:190} INFO - [2025-05-20T17:20:42.663+0000] {dagbag.py:588} INFO - Filling up the DagBag from /home/airflow/.local/lib/python3.12/site-packages/airflow/example_dags/example_xcom.py
[2025-05-20T17:20:42.684+0000] {processor.py:925} INFO - DAG(s) 'example_xcom' retrieved from /home/airflow/.local/lib/python3.12/site-packages/airflow/example_dags/example_xcom.py
[2025-05-20T17:20:42.726+0000] {logging_mixin.py:190} INFO - [2025-05-20T17:20:42.726+0000] {dag.py:3239} INFO - Sync 1 DAGs
[2025-05-20T17:20:42.771+0000] {logging_mixin.py:190} INFO - [2025-05-20T17:20:42.770+0000] {dag.py:4180} INFO - Setting next_dagrun for example_xcom to 2021-01-01 00:00:00+00:00, run_after=2021-01-01 00:00:00+00:00
[2025-05-20T17:20:42.859+0000] {processor.py:208} INFO - Processing /home/airflow/.local/lib/python3.12/site-packages/airflow/example_dags/example_xcom.py took 0.215 seconds
[2025-05-20T17:21:13.368+0000] {processor.py:186} INFO - Started process (PID=2444) to work on /home/airflow/.local/lib/python3.12/site-packages/airflow/example_dags/example_xcom.py
[2025-05-20T17:21:13.370+0000] {processor.py:914} INFO - Processing file /home/airflow/.local/lib/python3.12/site-packages/airflow/example_dags/example_xcom.py for tasks to queue
[2025-05-20T17:21:13.374+0000] {logging_mixin.py:190} INFO - [2025-05-20T17:21:13.374+0000] {dagbag.py:588} INFO - Filling up the DagBag from /home/airflow/.local/lib/python3.12/site-packages/airflow/example_dags/example_xcom.py
[2025-05-20T17:21:13.391+0000] {processor.py:925} INFO - DAG(s) 'example_xcom' retrieved from /home/airflow/.local/lib/python3.12/site-packages/airflow/example_dags/example_xcom.py
[2025-05-20T17:21:13.447+0000] {logging_mixin.py:190} INFO - [2025-05-20T17:21:13.447+0000] {dag.py:3239} INFO - Sync 1 DAGs
[2025-05-20T17:21:13.502+0000] {logging_mixin.py:190} INFO - [2025-05-20T17:21:13.502+0000] {dag.py:4180} INFO - Setting next_dagrun for example_xcom to 2021-01-01 00:00:00+00:00, run_after=2021-01-01 00:00:00+00:00
[2025-05-20T17:21:13.589+0000] {processor.py:208} INFO - Processing /home/airflow/.local/lib/python3.12/site-packages/airflow/example_dags/example_xcom.py took 0.233 seconds
[2025-05-20T17:21:43.922+0000] {processor.py:186} INFO - Started process (PID=2508) to work on /home/airflow/.local/lib/python3.12/site-packages/airflow/example_dags/example_xcom.py
[2025-05-20T17:21:43.924+0000] {processor.py:914} INFO - Processing file /home/airflow/.local/lib/python3.12/site-packages/airflow/example_dags/example_xcom.py for tasks to queue
[2025-05-20T17:21:43.928+0000] {logging_mixin.py:190} INFO - [2025-05-20T17:21:43.928+0000] {dagbag.py:588} INFO - Filling up the DagBag from /home/airflow/.local/lib/python3.12/site-packages/airflow/example_dags/example_xcom.py
[2025-05-20T17:21:43.946+0000] {processor.py:925} INFO - DAG(s) 'example_xcom' retrieved from /home/airflow/.local/lib/python3.12/site-packages/airflow/example_dags/example_xcom.py
[2025-05-20T17:21:43.996+0000] {logging_mixin.py:190} INFO - [2025-05-20T17:21:43.996+0000] {dag.py:3239} INFO - Sync 1 DAGs
[2025-05-20T17:21:44.042+0000] {logging_mixin.py:190} INFO - [2025-05-20T17:21:44.041+0000] {dag.py:4180} INFO - Setting next_dagrun for example_xcom to 2021-01-01 00:00:00+00:00, run_after=2021-01-01 00:00:00+00:00
[2025-05-20T17:21:44.130+0000] {processor.py:208} INFO - Processing /home/airflow/.local/lib/python3.12/site-packages/airflow/example_dags/example_xcom.py took 0.221 seconds
[2025-05-20T17:22:14.348+0000] {processor.py:186} INFO - Started process (PID=2573) to work on /home/airflow/.local/lib/python3.12/site-packages/airflow/example_dags/example_xcom.py
[2025-05-20T17:22:14.350+0000] {processor.py:914} INFO - Processing file /home/airflow/.local/lib/python3.12/site-packages/airflow/example_dags/example_xcom.py for tasks to queue
[2025-05-20T17:22:14.354+0000] {logging_mixin.py:190} INFO - [2025-05-20T17:22:14.353+0000] {dagbag.py:588} INFO - Filling up the DagBag from /home/airflow/.local/lib/python3.12/site-packages/airflow/example_dags/example_xcom.py
[2025-05-20T17:22:14.379+0000] {processor.py:925} INFO - DAG(s) 'example_xcom' retrieved from /home/airflow/.local/lib/python3.12/site-packages/airflow/example_dags/example_xcom.py
[2025-05-20T17:22:14.421+0000] {logging_mixin.py:190} INFO - [2025-05-20T17:22:14.421+0000] {dag.py:3239} INFO - Sync 1 DAGs
[2025-05-20T17:22:14.467+0000] {logging_mixin.py:190} INFO - [2025-05-20T17:22:14.467+0000] {dag.py:4180} INFO - Setting next_dagrun for example_xcom to 2021-01-01 00:00:00+00:00, run_after=2021-01-01 00:00:00+00:00
[2025-05-20T17:22:14.558+0000] {processor.py:208} INFO - Processing /home/airflow/.local/lib/python3.12/site-packages/airflow/example_dags/example_xcom.py took 0.221 seconds
[2025-05-20T17:22:45.620+0000] {processor.py:186} INFO - Started process (PID=2638) to work on /home/airflow/.local/lib/python3.12/site-packages/airflow/example_dags/example_xcom.py
[2025-05-20T17:22:45.622+0000] {processor.py:914} INFO - Processing file /home/airflow/.local/lib/python3.12/site-packages/airflow/example_dags/example_xcom.py for tasks to queue
[2025-05-20T17:22:45.627+0000] {logging_mixin.py:190} INFO - [2025-05-20T17:22:45.626+0000] {dagbag.py:588} INFO - Filling up the DagBag from /home/airflow/.local/lib/python3.12/site-packages/airflow/example_dags/example_xcom.py
[2025-05-20T17:22:45.645+0000] {processor.py:925} INFO - DAG(s) 'example_xcom' retrieved from /home/airflow/.local/lib/python3.12/site-packages/airflow/example_dags/example_xcom.py
[2025-05-20T17:22:45.687+0000] {logging_mixin.py:190} INFO - [2025-05-20T17:22:45.687+0000] {dag.py:3239} INFO - Sync 1 DAGs
[2025-05-20T17:22:45.732+0000] {logging_mixin.py:190} INFO - [2025-05-20T17:22:45.732+0000] {dag.py:4180} INFO - Setting next_dagrun for example_xcom to 2021-01-01 00:00:00+00:00, run_after=2021-01-01 00:00:00+00:00
[2025-05-20T17:22:45.772+0000] {processor.py:208} INFO - Processing /home/airflow/.local/lib/python3.12/site-packages/airflow/example_dags/example_xcom.py took 0.165 seconds
[2025-05-20T17:23:16.127+0000] {processor.py:186} INFO - Started process (PID=2702) to work on /home/airflow/.local/lib/python3.12/site-packages/airflow/example_dags/example_xcom.py
[2025-05-20T17:23:16.129+0000] {processor.py:914} INFO - Processing file /home/airflow/.local/lib/python3.12/site-packages/airflow/example_dags/example_xcom.py for tasks to queue
[2025-05-20T17:23:16.133+0000] {logging_mixin.py:190} INFO - [2025-05-20T17:23:16.133+0000] {dagbag.py:588} INFO - Filling up the DagBag from /home/airflow/.local/lib/python3.12/site-packages/airflow/example_dags/example_xcom.py
[2025-05-20T17:23:16.150+0000] {processor.py:925} INFO - DAG(s) 'example_xcom' retrieved from /home/airflow/.local/lib/python3.12/site-packages/airflow/example_dags/example_xcom.py
[2025-05-20T17:23:16.193+0000] {logging_mixin.py:190} INFO - [2025-05-20T17:23:16.193+0000] {dag.py:3239} INFO - Sync 1 DAGs
[2025-05-20T17:23:16.254+0000] {logging_mixin.py:190} INFO - [2025-05-20T17:23:16.253+0000] {dag.py:4180} INFO - Setting next_dagrun for example_xcom to 2021-01-01 00:00:00+00:00, run_after=2021-01-01 00:00:00+00:00
[2025-05-20T17:23:16.292+0000] {processor.py:208} INFO - Processing /home/airflow/.local/lib/python3.12/site-packages/airflow/example_dags/example_xcom.py took 0.177 seconds
[2025-05-20T17:23:47.069+0000] {processor.py:186} INFO - Started process (PID=2766) to work on /home/airflow/.local/lib/python3.12/site-packages/airflow/example_dags/example_xcom.py
[2025-05-20T17:23:47.071+0000] {processor.py:914} INFO - Processing file /home/airflow/.local/lib/python3.12/site-packages/airflow/example_dags/example_xcom.py for tasks to queue
[2025-05-20T17:23:47.075+0000] {logging_mixin.py:190} INFO - [2025-05-20T17:23:47.075+0000] {dagbag.py:588} INFO - Filling up the DagBag from /home/airflow/.local/lib/python3.12/site-packages/airflow/example_dags/example_xcom.py
[2025-05-20T17:23:47.091+0000] {processor.py:925} INFO - DAG(s) 'example_xcom' retrieved from /home/airflow/.local/lib/python3.12/site-packages/airflow/example_dags/example_xcom.py
[2025-05-20T17:23:47.137+0000] {logging_mixin.py:190} INFO - [2025-05-20T17:23:47.137+0000] {dag.py:3239} INFO - Sync 1 DAGs
[2025-05-20T17:23:47.194+0000] {logging_mixin.py:190} INFO - [2025-05-20T17:23:47.193+0000] {dag.py:4180} INFO - Setting next_dagrun for example_xcom to 2021-01-01 00:00:00+00:00, run_after=2021-01-01 00:00:00+00:00
[2025-05-20T17:23:47.275+0000] {processor.py:208} INFO - Processing /home/airflow/.local/lib/python3.12/site-packages/airflow/example_dags/example_xcom.py took 0.217 seconds
[2025-05-20T17:24:19.689+0000] {processor.py:186} INFO - Started process (PID=2836) to work on /home/airflow/.local/lib/python3.12/site-packages/airflow/example_dags/example_xcom.py
[2025-05-20T17:24:19.691+0000] {processor.py:914} INFO - Processing file /home/airflow/.local/lib/python3.12/site-packages/airflow/example_dags/example_xcom.py for tasks to queue
[2025-05-20T17:24:19.696+0000] {logging_mixin.py:190} INFO - [2025-05-20T17:24:19.696+0000] {dagbag.py:588} INFO - Filling up the DagBag from /home/airflow/.local/lib/python3.12/site-packages/airflow/example_dags/example_xcom.py
[2025-05-20T17:24:19.716+0000] {processor.py:925} INFO - DAG(s) 'example_xcom' retrieved from /home/airflow/.local/lib/python3.12/site-packages/airflow/example_dags/example_xcom.py
[2025-05-20T17:24:19.759+0000] {logging_mixin.py:190} INFO - [2025-05-20T17:24:19.759+0000] {dag.py:3239} INFO - Sync 1 DAGs
[2025-05-20T17:24:19.803+0000] {logging_mixin.py:190} INFO - [2025-05-20T17:24:19.803+0000] {dag.py:4180} INFO - Setting next_dagrun for example_xcom to 2021-01-01 00:00:00+00:00, run_after=2021-01-01 00:00:00+00:00
[2025-05-20T17:24:19.843+0000] {processor.py:208} INFO - Processing /home/airflow/.local/lib/python3.12/site-packages/airflow/example_dags/example_xcom.py took 0.167 seconds
[2025-05-20T17:24:51.964+0000] {processor.py:186} INFO - Started process (PID=2900) to work on /home/airflow/.local/lib/python3.12/site-packages/airflow/example_dags/example_xcom.py
[2025-05-20T17:24:51.966+0000] {processor.py:914} INFO - Processing file /home/airflow/.local/lib/python3.12/site-packages/airflow/example_dags/example_xcom.py for tasks to queue
[2025-05-20T17:24:51.971+0000] {logging_mixin.py:190} INFO - [2025-05-20T17:24:51.970+0000] {dagbag.py:588} INFO - Filling up the DagBag from /home/airflow/.local/lib/python3.12/site-packages/airflow/example_dags/example_xcom.py
[2025-05-20T17:24:51.992+0000] {processor.py:925} INFO - DAG(s) 'example_xcom' retrieved from /home/airflow/.local/lib/python3.12/site-packages/airflow/example_dags/example_xcom.py
[2025-05-20T17:24:52.034+0000] {logging_mixin.py:190} INFO - [2025-05-20T17:24:52.034+0000] {dag.py:3239} INFO - Sync 1 DAGs
[2025-05-20T17:24:52.079+0000] {logging_mixin.py:190} INFO - [2025-05-20T17:24:52.079+0000] {dag.py:4180} INFO - Setting next_dagrun for example_xcom to 2021-01-01 00:00:00+00:00, run_after=2021-01-01 00:00:00+00:00
[2025-05-20T17:24:52.130+0000] {processor.py:208} INFO - Processing /home/airflow/.local/lib/python3.12/site-packages/airflow/example_dags/example_xcom.py took 0.180 seconds
[2025-05-20T17:25:22.293+0000] {processor.py:186} INFO - Started process (PID=2963) to work on /home/airflow/.local/lib/python3.12/site-packages/airflow/example_dags/example_xcom.py
[2025-05-20T17:25:22.296+0000] {processor.py:914} INFO - Processing file /home/airflow/.local/lib/python3.12/site-packages/airflow/example_dags/example_xcom.py for tasks to queue
[2025-05-20T17:25:22.301+0000] {logging_mixin.py:190} INFO - [2025-05-20T17:25:22.300+0000] {dagbag.py:588} INFO - Filling up the DagBag from /home/airflow/.local/lib/python3.12/site-packages/airflow/example_dags/example_xcom.py
[2025-05-20T17:25:22.323+0000] {processor.py:925} INFO - DAG(s) 'example_xcom' retrieved from /home/airflow/.local/lib/python3.12/site-packages/airflow/example_dags/example_xcom.py
[2025-05-20T17:25:22.374+0000] {logging_mixin.py:190} INFO - [2025-05-20T17:25:22.374+0000] {dag.py:3239} INFO - Sync 1 DAGs
[2025-05-20T17:25:22.425+0000] {logging_mixin.py:190} INFO - [2025-05-20T17:25:22.424+0000] {dag.py:4180} INFO - Setting next_dagrun for example_xcom to 2021-01-01 00:00:00+00:00, run_after=2021-01-01 00:00:00+00:00
[2025-05-20T17:25:22.464+0000] {processor.py:208} INFO - Processing /home/airflow/.local/lib/python3.12/site-packages/airflow/example_dags/example_xcom.py took 0.185 seconds
[2025-05-20T17:25:54.499+0000] {processor.py:186} INFO - Started process (PID=3029) to work on /home/airflow/.local/lib/python3.12/site-packages/airflow/example_dags/example_xcom.py
[2025-05-20T17:25:54.501+0000] {processor.py:914} INFO - Processing file /home/airflow/.local/lib/python3.12/site-packages/airflow/example_dags/example_xcom.py for tasks to queue
[2025-05-20T17:25:54.506+0000] {logging_mixin.py:190} INFO - [2025-05-20T17:25:54.505+0000] {dagbag.py:588} INFO - Filling up the DagBag from /home/airflow/.local/lib/python3.12/site-packages/airflow/example_dags/example_xcom.py
[2025-05-20T17:25:54.523+0000] {processor.py:925} INFO - DAG(s) 'example_xcom' retrieved from /home/airflow/.local/lib/python3.12/site-packages/airflow/example_dags/example_xcom.py
[2025-05-20T17:25:54.565+0000] {logging_mixin.py:190} INFO - [2025-05-20T17:25:54.564+0000] {dag.py:3239} INFO - Sync 1 DAGs
[2025-05-20T17:25:54.609+0000] {logging_mixin.py:190} INFO - [2025-05-20T17:25:54.609+0000] {dag.py:4180} INFO - Setting next_dagrun for example_xcom to 2021-01-01 00:00:00+00:00, run_after=2021-01-01 00:00:00+00:00
[2025-05-20T17:25:54.711+0000] {processor.py:208} INFO - Processing /home/airflow/.local/lib/python3.12/site-packages/airflow/example_dags/example_xcom.py took 0.222 seconds
[2025-05-20T17:26:26.510+0000] {processor.py:186} INFO - Started process (PID=3095) to work on /home/airflow/.local/lib/python3.12/site-packages/airflow/example_dags/example_xcom.py
[2025-05-20T17:26:26.512+0000] {processor.py:914} INFO - Processing file /home/airflow/.local/lib/python3.12/site-packages/airflow/example_dags/example_xcom.py for tasks to queue
[2025-05-20T17:26:26.517+0000] {logging_mixin.py:190} INFO - [2025-05-20T17:26:26.517+0000] {dagbag.py:588} INFO - Filling up the DagBag from /home/airflow/.local/lib/python3.12/site-packages/airflow/example_dags/example_xcom.py
[2025-05-20T17:26:26.535+0000] {processor.py:925} INFO - DAG(s) 'example_xcom' retrieved from /home/airflow/.local/lib/python3.12/site-packages/airflow/example_dags/example_xcom.py
[2025-05-20T17:26:26.577+0000] {logging_mixin.py:190} INFO - [2025-05-20T17:26:26.577+0000] {dag.py:3239} INFO - Sync 1 DAGs
[2025-05-20T17:26:26.620+0000] {logging_mixin.py:190} INFO - [2025-05-20T17:26:26.620+0000] {dag.py:4180} INFO - Setting next_dagrun for example_xcom to 2021-01-01 00:00:00+00:00, run_after=2021-01-01 00:00:00+00:00
[2025-05-20T17:26:26.722+0000] {processor.py:208} INFO - Processing /home/airflow/.local/lib/python3.12/site-packages/airflow/example_dags/example_xcom.py took 0.223 seconds
[2025-05-20T17:26:57.638+0000] {processor.py:186} INFO - Started process (PID=3161) to work on /home/airflow/.local/lib/python3.12/site-packages/airflow/example_dags/example_xcom.py
[2025-05-20T17:26:57.640+0000] {processor.py:914} INFO - Processing file /home/airflow/.local/lib/python3.12/site-packages/airflow/example_dags/example_xcom.py for tasks to queue
[2025-05-20T17:26:57.644+0000] {logging_mixin.py:190} INFO - [2025-05-20T17:26:57.644+0000] {dagbag.py:588} INFO - Filling up the DagBag from /home/airflow/.local/lib/python3.12/site-packages/airflow/example_dags/example_xcom.py
[2025-05-20T17:26:57.667+0000] {processor.py:925} INFO - DAG(s) 'example_xcom' retrieved from /home/airflow/.local/lib/python3.12/site-packages/airflow/example_dags/example_xcom.py
[2025-05-20T17:26:57.710+0000] {logging_mixin.py:190} INFO - [2025-05-20T17:26:57.709+0000] {dag.py:3239} INFO - Sync 1 DAGs
[2025-05-20T17:26:57.758+0000] {logging_mixin.py:190} INFO - [2025-05-20T17:26:57.758+0000] {dag.py:4180} INFO - Setting next_dagrun for example_xcom to 2021-01-01 00:00:00+00:00, run_after=2021-01-01 00:00:00+00:00
[2025-05-20T17:26:57.861+0000] {processor.py:208} INFO - Processing /home/airflow/.local/lib/python3.12/site-packages/airflow/example_dags/example_xcom.py took 0.236 seconds
[2025-05-20T17:29:05.498+0000] {processor.py:186} INFO - Started process (PID=107) to work on /home/airflow/.local/lib/python3.12/site-packages/airflow/example_dags/example_xcom.py
[2025-05-20T17:29:05.500+0000] {processor.py:914} INFO - Processing file /home/airflow/.local/lib/python3.12/site-packages/airflow/example_dags/example_xcom.py for tasks to queue
[2025-05-20T17:29:05.505+0000] {logging_mixin.py:190} INFO - [2025-05-20T17:29:05.504+0000] {dagbag.py:588} INFO - Filling up the DagBag from /home/airflow/.local/lib/python3.12/site-packages/airflow/example_dags/example_xcom.py
[2025-05-20T17:29:05.523+0000] {processor.py:925} INFO - DAG(s) 'example_xcom' retrieved from /home/airflow/.local/lib/python3.12/site-packages/airflow/example_dags/example_xcom.py
[2025-05-20T17:29:05.572+0000] {logging_mixin.py:190} INFO - [2025-05-20T17:29:05.571+0000] {dag.py:3239} INFO - Sync 1 DAGs
[2025-05-20T17:29:05.625+0000] {logging_mixin.py:190} INFO - [2025-05-20T17:29:05.624+0000] {dag.py:4180} INFO - Setting next_dagrun for example_xcom to 2021-01-01 00:00:00+00:00, run_after=2021-01-01 00:00:00+00:00
[2025-05-20T17:29:05.662+0000] {processor.py:208} INFO - Processing /home/airflow/.local/lib/python3.12/site-packages/airflow/example_dags/example_xcom.py took 0.177 seconds
[2025-05-20T17:29:36.860+0000] {processor.py:186} INFO - Started process (PID=173) to work on /home/airflow/.local/lib/python3.12/site-packages/airflow/example_dags/example_xcom.py
[2025-05-20T17:29:36.863+0000] {processor.py:914} INFO - Processing file /home/airflow/.local/lib/python3.12/site-packages/airflow/example_dags/example_xcom.py for tasks to queue
[2025-05-20T17:29:36.868+0000] {logging_mixin.py:190} INFO - [2025-05-20T17:29:36.867+0000] {dagbag.py:588} INFO - Filling up the DagBag from /home/airflow/.local/lib/python3.12/site-packages/airflow/example_dags/example_xcom.py
[2025-05-20T17:29:36.884+0000] {processor.py:925} INFO - DAG(s) 'example_xcom' retrieved from /home/airflow/.local/lib/python3.12/site-packages/airflow/example_dags/example_xcom.py
[2025-05-20T17:29:36.925+0000] {logging_mixin.py:190} INFO - [2025-05-20T17:29:36.925+0000] {dag.py:3239} INFO - Sync 1 DAGs
[2025-05-20T17:29:36.970+0000] {logging_mixin.py:190} INFO - [2025-05-20T17:29:36.969+0000] {dag.py:4180} INFO - Setting next_dagrun for example_xcom to 2021-01-01 00:00:00+00:00, run_after=2021-01-01 00:00:00+00:00
[2025-05-20T17:29:37.014+0000] {processor.py:208} INFO - Processing /home/airflow/.local/lib/python3.12/site-packages/airflow/example_dags/example_xcom.py took 0.168 seconds
[2025-05-20T17:30:07.800+0000] {processor.py:186} INFO - Started process (PID=239) to work on /home/airflow/.local/lib/python3.12/site-packages/airflow/example_dags/example_xcom.py
[2025-05-20T17:30:07.802+0000] {processor.py:914} INFO - Processing file /home/airflow/.local/lib/python3.12/site-packages/airflow/example_dags/example_xcom.py for tasks to queue
[2025-05-20T17:30:07.807+0000] {logging_mixin.py:190} INFO - [2025-05-20T17:30:07.806+0000] {dagbag.py:588} INFO - Filling up the DagBag from /home/airflow/.local/lib/python3.12/site-packages/airflow/example_dags/example_xcom.py
[2025-05-20T17:30:07.824+0000] {processor.py:925} INFO - DAG(s) 'example_xcom' retrieved from /home/airflow/.local/lib/python3.12/site-packages/airflow/example_dags/example_xcom.py
[2025-05-20T17:30:07.867+0000] {logging_mixin.py:190} INFO - [2025-05-20T17:30:07.866+0000] {dag.py:3239} INFO - Sync 1 DAGs
[2025-05-20T17:30:07.914+0000] {logging_mixin.py:190} INFO - [2025-05-20T17:30:07.913+0000] {dag.py:4180} INFO - Setting next_dagrun for example_xcom to 2021-01-01 00:00:00+00:00, run_after=2021-01-01 00:00:00+00:00
[2025-05-20T17:30:07.979+0000] {processor.py:208} INFO - Processing /home/airflow/.local/lib/python3.12/site-packages/airflow/example_dags/example_xcom.py took 0.190 seconds
[2025-05-20T17:30:38.372+0000] {processor.py:186} INFO - Started process (PID=305) to work on /home/airflow/.local/lib/python3.12/site-packages/airflow/example_dags/example_xcom.py
[2025-05-20T17:30:38.375+0000] {processor.py:914} INFO - Processing file /home/airflow/.local/lib/python3.12/site-packages/airflow/example_dags/example_xcom.py for tasks to queue
[2025-05-20T17:30:38.380+0000] {logging_mixin.py:190} INFO - [2025-05-20T17:30:38.379+0000] {dagbag.py:588} INFO - Filling up the DagBag from /home/airflow/.local/lib/python3.12/site-packages/airflow/example_dags/example_xcom.py
[2025-05-20T17:30:38.407+0000] {processor.py:925} INFO - DAG(s) 'example_xcom' retrieved from /home/airflow/.local/lib/python3.12/site-packages/airflow/example_dags/example_xcom.py
[2025-05-20T17:30:38.468+0000] {logging_mixin.py:190} INFO - [2025-05-20T17:30:38.467+0000] {dag.py:3239} INFO - Sync 1 DAGs
[2025-05-20T17:30:38.524+0000] {logging_mixin.py:190} INFO - [2025-05-20T17:30:38.523+0000] {dag.py:4180} INFO - Setting next_dagrun for example_xcom to 2021-01-01 00:00:00+00:00, run_after=2021-01-01 00:00:00+00:00
[2025-05-20T17:30:38.569+0000] {processor.py:208} INFO - Processing /home/airflow/.local/lib/python3.12/site-packages/airflow/example_dags/example_xcom.py took 0.212 seconds
[2025-05-20T17:31:08.835+0000] {processor.py:186} INFO - Started process (PID=370) to work on /home/airflow/.local/lib/python3.12/site-packages/airflow/example_dags/example_xcom.py
[2025-05-20T17:31:08.837+0000] {processor.py:914} INFO - Processing file /home/airflow/.local/lib/python3.12/site-packages/airflow/example_dags/example_xcom.py for tasks to queue
[2025-05-20T17:31:08.841+0000] {logging_mixin.py:190} INFO - [2025-05-20T17:31:08.841+0000] {dagbag.py:588} INFO - Filling up the DagBag from /home/airflow/.local/lib/python3.12/site-packages/airflow/example_dags/example_xcom.py
[2025-05-20T17:31:08.860+0000] {processor.py:925} INFO - DAG(s) 'example_xcom' retrieved from /home/airflow/.local/lib/python3.12/site-packages/airflow/example_dags/example_xcom.py
[2025-05-20T17:31:08.904+0000] {logging_mixin.py:190} INFO - [2025-05-20T17:31:08.904+0000] {dag.py:3239} INFO - Sync 1 DAGs
[2025-05-20T17:31:08.952+0000] {logging_mixin.py:190} INFO - [2025-05-20T17:31:08.952+0000] {dag.py:4180} INFO - Setting next_dagrun for example_xcom to 2021-01-01 00:00:00+00:00, run_after=2021-01-01 00:00:00+00:00
[2025-05-20T17:31:09.058+0000] {processor.py:208} INFO - Processing /home/airflow/.local/lib/python3.12/site-packages/airflow/example_dags/example_xcom.py took 0.236 seconds
[2025-05-20T17:31:39.516+0000] {processor.py:186} INFO - Started process (PID=436) to work on /home/airflow/.local/lib/python3.12/site-packages/airflow/example_dags/example_xcom.py
[2025-05-20T17:31:39.519+0000] {processor.py:914} INFO - Processing file /home/airflow/.local/lib/python3.12/site-packages/airflow/example_dags/example_xcom.py for tasks to queue
[2025-05-20T17:31:39.538+0000] {logging_mixin.py:190} INFO - [2025-05-20T17:31:39.537+0000] {dagbag.py:588} INFO - Filling up the DagBag from /home/airflow/.local/lib/python3.12/site-packages/airflow/example_dags/example_xcom.py
[2025-05-20T17:31:39.562+0000] {processor.py:925} INFO - DAG(s) 'example_xcom' retrieved from /home/airflow/.local/lib/python3.12/site-packages/airflow/example_dags/example_xcom.py
[2025-05-20T17:31:39.623+0000] {logging_mixin.py:190} INFO - [2025-05-20T17:31:39.623+0000] {dag.py:3239} INFO - Sync 1 DAGs
[2025-05-20T17:31:39.678+0000] {logging_mixin.py:190} INFO - [2025-05-20T17:31:39.678+0000] {dag.py:4180} INFO - Setting next_dagrun for example_xcom to 2021-01-01 00:00:00+00:00, run_after=2021-01-01 00:00:00+00:00
[2025-05-20T17:31:39.779+0000] {processor.py:208} INFO - Processing /home/airflow/.local/lib/python3.12/site-packages/airflow/example_dags/example_xcom.py took 0.277 seconds
[2025-05-20T17:32:10.147+0000] {processor.py:186} INFO - Started process (PID=508) to work on /home/airflow/.local/lib/python3.12/site-packages/airflow/example_dags/example_xcom.py
[2025-05-20T17:32:10.149+0000] {processor.py:914} INFO - Processing file /home/airflow/.local/lib/python3.12/site-packages/airflow/example_dags/example_xcom.py for tasks to queue
[2025-05-20T17:32:10.153+0000] {logging_mixin.py:190} INFO - [2025-05-20T17:32:10.152+0000] {dagbag.py:588} INFO - Filling up the DagBag from /home/airflow/.local/lib/python3.12/site-packages/airflow/example_dags/example_xcom.py
[2025-05-20T17:32:10.171+0000] {processor.py:925} INFO - DAG(s) 'example_xcom' retrieved from /home/airflow/.local/lib/python3.12/site-packages/airflow/example_dags/example_xcom.py
[2025-05-20T17:32:10.214+0000] {logging_mixin.py:190} INFO - [2025-05-20T17:32:10.214+0000] {dag.py:3239} INFO - Sync 1 DAGs
[2025-05-20T17:32:10.261+0000] {logging_mixin.py:190} INFO - [2025-05-20T17:32:10.260+0000] {dag.py:4180} INFO - Setting next_dagrun for example_xcom to 2021-01-01 00:00:00+00:00, run_after=2021-01-01 00:00:00+00:00
[2025-05-20T17:32:10.314+0000] {processor.py:208} INFO - Processing /home/airflow/.local/lib/python3.12/site-packages/airflow/example_dags/example_xcom.py took 0.179 seconds
[2025-05-20T17:32:40.671+0000] {processor.py:186} INFO - Started process (PID=574) to work on /home/airflow/.local/lib/python3.12/site-packages/airflow/example_dags/example_xcom.py
[2025-05-20T17:32:40.673+0000] {processor.py:914} INFO - Processing file /home/airflow/.local/lib/python3.12/site-packages/airflow/example_dags/example_xcom.py for tasks to queue
[2025-05-20T17:32:40.678+0000] {logging_mixin.py:190} INFO - [2025-05-20T17:32:40.677+0000] {dagbag.py:588} INFO - Filling up the DagBag from /home/airflow/.local/lib/python3.12/site-packages/airflow/example_dags/example_xcom.py
[2025-05-20T17:32:40.697+0000] {processor.py:925} INFO - DAG(s) 'example_xcom' retrieved from /home/airflow/.local/lib/python3.12/site-packages/airflow/example_dags/example_xcom.py
[2025-05-20T17:32:40.741+0000] {logging_mixin.py:190} INFO - [2025-05-20T17:32:40.741+0000] {dag.py:3239} INFO - Sync 1 DAGs
[2025-05-20T17:32:40.789+0000] {logging_mixin.py:190} INFO - [2025-05-20T17:32:40.788+0000] {dag.py:4180} INFO - Setting next_dagrun for example_xcom to 2021-01-01 00:00:00+00:00, run_after=2021-01-01 00:00:00+00:00
[2025-05-20T17:32:40.891+0000] {processor.py:208} INFO - Processing /home/airflow/.local/lib/python3.12/site-packages/airflow/example_dags/example_xcom.py took 0.231 seconds
[2025-05-20T17:33:11.071+0000] {processor.py:186} INFO - Started process (PID=640) to work on /home/airflow/.local/lib/python3.12/site-packages/airflow/example_dags/example_xcom.py
[2025-05-20T17:33:11.073+0000] {processor.py:914} INFO - Processing file /home/airflow/.local/lib/python3.12/site-packages/airflow/example_dags/example_xcom.py for tasks to queue
[2025-05-20T17:33:11.077+0000] {logging_mixin.py:190} INFO - [2025-05-20T17:33:11.077+0000] {dagbag.py:588} INFO - Filling up the DagBag from /home/airflow/.local/lib/python3.12/site-packages/airflow/example_dags/example_xcom.py
[2025-05-20T17:33:11.095+0000] {processor.py:925} INFO - DAG(s) 'example_xcom' retrieved from /home/airflow/.local/lib/python3.12/site-packages/airflow/example_dags/example_xcom.py
[2025-05-20T17:33:11.137+0000] {logging_mixin.py:190} INFO - [2025-05-20T17:33:11.136+0000] {dag.py:3239} INFO - Sync 1 DAGs
[2025-05-20T17:33:11.180+0000] {logging_mixin.py:190} INFO - [2025-05-20T17:33:11.180+0000] {dag.py:4180} INFO - Setting next_dagrun for example_xcom to 2021-01-01 00:00:00+00:00, run_after=2021-01-01 00:00:00+00:00
[2025-05-20T17:33:11.280+0000] {processor.py:208} INFO - Processing /home/airflow/.local/lib/python3.12/site-packages/airflow/example_dags/example_xcom.py took 0.221 seconds
[2025-05-20T17:33:41.636+0000] {processor.py:186} INFO - Started process (PID=706) to work on /home/airflow/.local/lib/python3.12/site-packages/airflow/example_dags/example_xcom.py
[2025-05-20T17:33:41.638+0000] {processor.py:914} INFO - Processing file /home/airflow/.local/lib/python3.12/site-packages/airflow/example_dags/example_xcom.py for tasks to queue
[2025-05-20T17:33:41.643+0000] {logging_mixin.py:190} INFO - [2025-05-20T17:33:41.642+0000] {dagbag.py:588} INFO - Filling up the DagBag from /home/airflow/.local/lib/python3.12/site-packages/airflow/example_dags/example_xcom.py
[2025-05-20T17:33:41.660+0000] {processor.py:925} INFO - DAG(s) 'example_xcom' retrieved from /home/airflow/.local/lib/python3.12/site-packages/airflow/example_dags/example_xcom.py
[2025-05-20T17:33:41.704+0000] {logging_mixin.py:190} INFO - [2025-05-20T17:33:41.704+0000] {dag.py:3239} INFO - Sync 1 DAGs
[2025-05-20T17:33:41.755+0000] {logging_mixin.py:190} INFO - [2025-05-20T17:33:41.755+0000] {dag.py:4180} INFO - Setting next_dagrun for example_xcom to 2021-01-01 00:00:00+00:00, run_after=2021-01-01 00:00:00+00:00
[2025-05-20T17:33:41.792+0000] {processor.py:208} INFO - Processing /home/airflow/.local/lib/python3.12/site-packages/airflow/example_dags/example_xcom.py took 0.167 seconds
[2025-05-20T17:34:12.742+0000] {processor.py:186} INFO - Started process (PID=772) to work on /home/airflow/.local/lib/python3.12/site-packages/airflow/example_dags/example_xcom.py
[2025-05-20T17:34:12.744+0000] {processor.py:914} INFO - Processing file /home/airflow/.local/lib/python3.12/site-packages/airflow/example_dags/example_xcom.py for tasks to queue
[2025-05-20T17:34:12.749+0000] {logging_mixin.py:190} INFO - [2025-05-20T17:34:12.748+0000] {dagbag.py:588} INFO - Filling up the DagBag from /home/airflow/.local/lib/python3.12/site-packages/airflow/example_dags/example_xcom.py
[2025-05-20T17:34:12.770+0000] {processor.py:925} INFO - DAG(s) 'example_xcom' retrieved from /home/airflow/.local/lib/python3.12/site-packages/airflow/example_dags/example_xcom.py
[2025-05-20T17:34:12.814+0000] {logging_mixin.py:190} INFO - [2025-05-20T17:34:12.813+0000] {dag.py:3239} INFO - Sync 1 DAGs
[2025-05-20T17:34:12.864+0000] {logging_mixin.py:190} INFO - [2025-05-20T17:34:12.863+0000] {dag.py:4180} INFO - Setting next_dagrun for example_xcom to 2021-01-01 00:00:00+00:00, run_after=2021-01-01 00:00:00+00:00
[2025-05-20T17:34:12.955+0000] {processor.py:208} INFO - Processing /home/airflow/.local/lib/python3.12/site-packages/airflow/example_dags/example_xcom.py took 0.223 seconds
[2025-05-20T17:34:43.445+0000] {processor.py:186} INFO - Started process (PID=838) to work on /home/airflow/.local/lib/python3.12/site-packages/airflow/example_dags/example_xcom.py
[2025-05-20T17:34:43.447+0000] {processor.py:914} INFO - Processing file /home/airflow/.local/lib/python3.12/site-packages/airflow/example_dags/example_xcom.py for tasks to queue
[2025-05-20T17:34:43.452+0000] {logging_mixin.py:190} INFO - [2025-05-20T17:34:43.451+0000] {dagbag.py:588} INFO - Filling up the DagBag from /home/airflow/.local/lib/python3.12/site-packages/airflow/example_dags/example_xcom.py
[2025-05-20T17:34:43.473+0000] {processor.py:925} INFO - DAG(s) 'example_xcom' retrieved from /home/airflow/.local/lib/python3.12/site-packages/airflow/example_dags/example_xcom.py
[2025-05-20T17:34:43.516+0000] {logging_mixin.py:190} INFO - [2025-05-20T17:34:43.516+0000] {dag.py:3239} INFO - Sync 1 DAGs
[2025-05-20T17:34:43.568+0000] {logging_mixin.py:190} INFO - [2025-05-20T17:34:43.568+0000] {dag.py:4180} INFO - Setting next_dagrun for example_xcom to 2021-01-01 00:00:00+00:00, run_after=2021-01-01 00:00:00+00:00
[2025-05-20T17:34:43.610+0000] {processor.py:208} INFO - Processing /home/airflow/.local/lib/python3.12/site-packages/airflow/example_dags/example_xcom.py took 0.177 seconds
[2025-05-20T17:35:14.663+0000] {processor.py:186} INFO - Started process (PID=904) to work on /home/airflow/.local/lib/python3.12/site-packages/airflow/example_dags/example_xcom.py
[2025-05-20T17:35:14.665+0000] {processor.py:914} INFO - Processing file /home/airflow/.local/lib/python3.12/site-packages/airflow/example_dags/example_xcom.py for tasks to queue
[2025-05-20T17:35:14.671+0000] {logging_mixin.py:190} INFO - [2025-05-20T17:35:14.670+0000] {dagbag.py:588} INFO - Filling up the DagBag from /home/airflow/.local/lib/python3.12/site-packages/airflow/example_dags/example_xcom.py
[2025-05-20T17:35:14.692+0000] {processor.py:925} INFO - DAG(s) 'example_xcom' retrieved from /home/airflow/.local/lib/python3.12/site-packages/airflow/example_dags/example_xcom.py
[2025-05-20T17:35:14.737+0000] {logging_mixin.py:190} INFO - [2025-05-20T17:35:14.736+0000] {dag.py:3239} INFO - Sync 1 DAGs
[2025-05-20T17:35:14.789+0000] {logging_mixin.py:190} INFO - [2025-05-20T17:35:14.789+0000] {dag.py:4180} INFO - Setting next_dagrun for example_xcom to 2021-01-01 00:00:00+00:00, run_after=2021-01-01 00:00:00+00:00
[2025-05-20T17:35:14.861+0000] {processor.py:208} INFO - Processing /home/airflow/.local/lib/python3.12/site-packages/airflow/example_dags/example_xcom.py took 0.211 seconds
[2025-05-20T17:35:45.605+0000] {processor.py:186} INFO - Started process (PID=970) to work on /home/airflow/.local/lib/python3.12/site-packages/airflow/example_dags/example_xcom.py
[2025-05-20T17:35:45.608+0000] {processor.py:914} INFO - Processing file /home/airflow/.local/lib/python3.12/site-packages/airflow/example_dags/example_xcom.py for tasks to queue
[2025-05-20T17:35:45.612+0000] {logging_mixin.py:190} INFO - [2025-05-20T17:35:45.612+0000] {dagbag.py:588} INFO - Filling up the DagBag from /home/airflow/.local/lib/python3.12/site-packages/airflow/example_dags/example_xcom.py
[2025-05-20T17:35:45.636+0000] {processor.py:925} INFO - DAG(s) 'example_xcom' retrieved from /home/airflow/.local/lib/python3.12/site-packages/airflow/example_dags/example_xcom.py
[2025-05-20T17:35:45.685+0000] {logging_mixin.py:190} INFO - [2025-05-20T17:35:45.684+0000] {dag.py:3239} INFO - Sync 1 DAGs
[2025-05-20T17:35:45.743+0000] {logging_mixin.py:190} INFO - [2025-05-20T17:35:45.742+0000] {dag.py:4180} INFO - Setting next_dagrun for example_xcom to 2021-01-01 00:00:00+00:00, run_after=2021-01-01 00:00:00+00:00
[2025-05-20T17:35:45.798+0000] {processor.py:208} INFO - Processing /home/airflow/.local/lib/python3.12/site-packages/airflow/example_dags/example_xcom.py took 0.204 seconds
[2025-05-20T17:36:16.568+0000] {processor.py:186} INFO - Started process (PID=1036) to work on /home/airflow/.local/lib/python3.12/site-packages/airflow/example_dags/example_xcom.py
[2025-05-20T17:36:16.570+0000] {processor.py:914} INFO - Processing file /home/airflow/.local/lib/python3.12/site-packages/airflow/example_dags/example_xcom.py for tasks to queue
[2025-05-20T17:36:16.574+0000] {logging_mixin.py:190} INFO - [2025-05-20T17:36:16.574+0000] {dagbag.py:588} INFO - Filling up the DagBag from /home/airflow/.local/lib/python3.12/site-packages/airflow/example_dags/example_xcom.py
[2025-05-20T17:36:16.594+0000] {processor.py:925} INFO - DAG(s) 'example_xcom' retrieved from /home/airflow/.local/lib/python3.12/site-packages/airflow/example_dags/example_xcom.py
[2025-05-20T17:36:16.636+0000] {logging_mixin.py:190} INFO - [2025-05-20T17:36:16.636+0000] {dag.py:3239} INFO - Sync 1 DAGs
[2025-05-20T17:36:16.687+0000] {logging_mixin.py:190} INFO - [2025-05-20T17:36:16.687+0000] {dag.py:4180} INFO - Setting next_dagrun for example_xcom to 2021-01-01 00:00:00+00:00, run_after=2021-01-01 00:00:00+00:00
[2025-05-20T17:36:16.726+0000] {processor.py:208} INFO - Processing /home/airflow/.local/lib/python3.12/site-packages/airflow/example_dags/example_xcom.py took 0.170 seconds
[2025-05-20T17:36:47.541+0000] {processor.py:186} INFO - Started process (PID=1102) to work on /home/airflow/.local/lib/python3.12/site-packages/airflow/example_dags/example_xcom.py
[2025-05-20T17:36:47.543+0000] {processor.py:914} INFO - Processing file /home/airflow/.local/lib/python3.12/site-packages/airflow/example_dags/example_xcom.py for tasks to queue
[2025-05-20T17:36:47.548+0000] {logging_mixin.py:190} INFO - [2025-05-20T17:36:47.548+0000] {dagbag.py:588} INFO - Filling up the DagBag from /home/airflow/.local/lib/python3.12/site-packages/airflow/example_dags/example_xcom.py
[2025-05-20T17:36:47.568+0000] {processor.py:925} INFO - DAG(s) 'example_xcom' retrieved from /home/airflow/.local/lib/python3.12/site-packages/airflow/example_dags/example_xcom.py
[2025-05-20T17:36:47.607+0000] {logging_mixin.py:190} INFO - [2025-05-20T17:36:47.607+0000] {dag.py:3239} INFO - Sync 1 DAGs
[2025-05-20T17:36:47.662+0000] {logging_mixin.py:190} INFO - [2025-05-20T17:36:47.662+0000] {dag.py:4180} INFO - Setting next_dagrun for example_xcom to 2021-01-01 00:00:00+00:00, run_after=2021-01-01 00:00:00+00:00
[2025-05-20T17:36:47.770+0000] {processor.py:208} INFO - Processing /home/airflow/.local/lib/python3.12/site-packages/airflow/example_dags/example_xcom.py took 0.248 seconds
[2025-05-20T17:37:18.875+0000] {processor.py:186} INFO - Started process (PID=1168) to work on /home/airflow/.local/lib/python3.12/site-packages/airflow/example_dags/example_xcom.py
[2025-05-20T17:37:18.877+0000] {processor.py:914} INFO - Processing file /home/airflow/.local/lib/python3.12/site-packages/airflow/example_dags/example_xcom.py for tasks to queue
[2025-05-20T17:37:18.882+0000] {logging_mixin.py:190} INFO - [2025-05-20T17:37:18.881+0000] {dagbag.py:588} INFO - Filling up the DagBag from /home/airflow/.local/lib/python3.12/site-packages/airflow/example_dags/example_xcom.py
[2025-05-20T17:37:18.902+0000] {processor.py:925} INFO - DAG(s) 'example_xcom' retrieved from /home/airflow/.local/lib/python3.12/site-packages/airflow/example_dags/example_xcom.py
[2025-05-20T17:37:18.947+0000] {logging_mixin.py:190} INFO - [2025-05-20T17:37:18.946+0000] {dag.py:3239} INFO - Sync 1 DAGs
[2025-05-20T17:37:18.993+0000] {logging_mixin.py:190} INFO - [2025-05-20T17:37:18.992+0000] {dag.py:4180} INFO - Setting next_dagrun for example_xcom to 2021-01-01 00:00:00+00:00, run_after=2021-01-01 00:00:00+00:00
[2025-05-20T17:37:19.096+0000] {processor.py:208} INFO - Processing /home/airflow/.local/lib/python3.12/site-packages/airflow/example_dags/example_xcom.py took 0.234 seconds
[2025-05-20T17:37:51.187+0000] {processor.py:186} INFO - Started process (PID=1234) to work on /home/airflow/.local/lib/python3.12/site-packages/airflow/example_dags/example_xcom.py
[2025-05-20T17:37:51.189+0000] {processor.py:914} INFO - Processing file /home/airflow/.local/lib/python3.12/site-packages/airflow/example_dags/example_xcom.py for tasks to queue
[2025-05-20T17:37:51.193+0000] {logging_mixin.py:190} INFO - [2025-05-20T17:37:51.193+0000] {dagbag.py:588} INFO - Filling up the DagBag from /home/airflow/.local/lib/python3.12/site-packages/airflow/example_dags/example_xcom.py
[2025-05-20T17:37:51.212+0000] {processor.py:925} INFO - DAG(s) 'example_xcom' retrieved from /home/airflow/.local/lib/python3.12/site-packages/airflow/example_dags/example_xcom.py
[2025-05-20T17:37:51.257+0000] {logging_mixin.py:190} INFO - [2025-05-20T17:37:51.257+0000] {dag.py:3239} INFO - Sync 1 DAGs
[2025-05-20T17:37:51.306+0000] {logging_mixin.py:190} INFO - [2025-05-20T17:37:51.306+0000] {dag.py:4180} INFO - Setting next_dagrun for example_xcom to 2021-01-01 00:00:00+00:00, run_after=2021-01-01 00:00:00+00:00
[2025-05-20T17:37:51.399+0000] {processor.py:208} INFO - Processing /home/airflow/.local/lib/python3.12/site-packages/airflow/example_dags/example_xcom.py took 0.224 seconds
[2025-05-20T17:42:35.195+0000] {processor.py:186} INFO - Started process (PID=105) to work on /home/airflow/.local/lib/python3.12/site-packages/airflow/example_dags/example_xcom.py
[2025-05-20T17:42:35.196+0000] {processor.py:914} INFO - Processing file /home/airflow/.local/lib/python3.12/site-packages/airflow/example_dags/example_xcom.py for tasks to queue
[2025-05-20T17:42:35.201+0000] {logging_mixin.py:190} INFO - [2025-05-20T17:42:35.201+0000] {dagbag.py:588} INFO - Filling up the DagBag from /home/airflow/.local/lib/python3.12/site-packages/airflow/example_dags/example_xcom.py
[2025-05-20T17:42:35.221+0000] {processor.py:925} INFO - DAG(s) 'example_xcom' retrieved from /home/airflow/.local/lib/python3.12/site-packages/airflow/example_dags/example_xcom.py
[2025-05-20T17:42:35.502+0000] {logging_mixin.py:190} INFO - [2025-05-20T17:42:35.501+0000] {override.py:1930} INFO - Created Permission View: can read on DAG:example_xcom
[2025-05-20T17:42:35.523+0000] {logging_mixin.py:190} INFO - [2025-05-20T17:42:35.523+0000] {override.py:1930} INFO - Created Permission View: can edit on DAG:example_xcom
[2025-05-20T17:42:35.539+0000] {logging_mixin.py:190} INFO - [2025-05-20T17:42:35.538+0000] {override.py:1930} INFO - Created Permission View: can delete on DAG:example_xcom
[2025-05-20T17:42:35.558+0000] {logging_mixin.py:190} INFO - [2025-05-20T17:42:35.558+0000] {override.py:1930} INFO - Created Permission View: menu access on DAG Run:example_xcom
[2025-05-20T17:42:35.574+0000] {logging_mixin.py:190} INFO - [2025-05-20T17:42:35.573+0000] {override.py:1930} INFO - Created Permission View: can read on DAG Run:example_xcom
[2025-05-20T17:42:35.590+0000] {logging_mixin.py:190} INFO - [2025-05-20T17:42:35.590+0000] {override.py:1930} INFO - Created Permission View: can delete on DAG Run:example_xcom
[2025-05-20T17:42:35.606+0000] {logging_mixin.py:190} INFO - [2025-05-20T17:42:35.606+0000] {override.py:1930} INFO - Created Permission View: can create on DAG Run:example_xcom
[2025-05-20T17:42:35.608+0000] {logging_mixin.py:190} INFO - [2025-05-20T17:42:35.607+0000] {dag.py:3239} INFO - Sync 1 DAGs
[2025-05-20T17:42:35.637+0000] {logging_mixin.py:190} INFO - [2025-05-20T17:42:35.636+0000] {dag.py:3262} INFO - Creating ORM DAG for example_xcom
[2025-05-20T17:42:35.656+0000] {logging_mixin.py:190} INFO - [2025-05-20T17:42:35.656+0000] {dag.py:4180} INFO - Setting next_dagrun for example_xcom to 2021-01-01 00:00:00+00:00, run_after=2021-01-01 00:00:00+00:00
[2025-05-20T17:42:35.694+0000] {processor.py:208} INFO - Processing /home/airflow/.local/lib/python3.12/site-packages/airflow/example_dags/example_xcom.py took 0.510 seconds
[2025-05-20T17:43:06.109+0000] {processor.py:186} INFO - Started process (PID=173) to work on /home/airflow/.local/lib/python3.12/site-packages/airflow/example_dags/example_xcom.py
[2025-05-20T17:43:06.111+0000] {processor.py:914} INFO - Processing file /home/airflow/.local/lib/python3.12/site-packages/airflow/example_dags/example_xcom.py for tasks to queue
[2025-05-20T17:43:06.116+0000] {logging_mixin.py:190} INFO - [2025-05-20T17:43:06.115+0000] {dagbag.py:588} INFO - Filling up the DagBag from /home/airflow/.local/lib/python3.12/site-packages/airflow/example_dags/example_xcom.py
[2025-05-20T17:43:06.135+0000] {processor.py:925} INFO - DAG(s) 'example_xcom' retrieved from /home/airflow/.local/lib/python3.12/site-packages/airflow/example_dags/example_xcom.py
[2025-05-20T17:43:06.178+0000] {logging_mixin.py:190} INFO - [2025-05-20T17:43:06.178+0000] {dag.py:3239} INFO - Sync 1 DAGs
[2025-05-20T17:43:06.231+0000] {logging_mixin.py:190} INFO - [2025-05-20T17:43:06.231+0000] {dag.py:4180} INFO - Setting next_dagrun for example_xcom to 2021-01-01 00:00:00+00:00, run_after=2021-01-01 00:00:00+00:00
[2025-05-20T17:43:06.285+0000] {processor.py:208} INFO - Processing /home/airflow/.local/lib/python3.12/site-packages/airflow/example_dags/example_xcom.py took 0.186 seconds
[2025-05-20T17:43:36.785+0000] {processor.py:186} INFO - Started process (PID=240) to work on /home/airflow/.local/lib/python3.12/site-packages/airflow/example_dags/example_xcom.py
[2025-05-20T17:43:36.788+0000] {processor.py:914} INFO - Processing file /home/airflow/.local/lib/python3.12/site-packages/airflow/example_dags/example_xcom.py for tasks to queue
[2025-05-20T17:43:36.790+0000] {logging_mixin.py:190} INFO - [2025-05-20T17:43:36.790+0000] {dagbag.py:588} INFO - Filling up the DagBag from /home/airflow/.local/lib/python3.12/site-packages/airflow/example_dags/example_xcom.py
[2025-05-20T17:43:36.818+0000] {processor.py:925} INFO - DAG(s) 'example_xcom' retrieved from /home/airflow/.local/lib/python3.12/site-packages/airflow/example_dags/example_xcom.py
[2025-05-20T17:43:36.864+0000] {logging_mixin.py:190} INFO - [2025-05-20T17:43:36.863+0000] {dag.py:3239} INFO - Sync 1 DAGs
[2025-05-20T17:43:36.919+0000] {logging_mixin.py:190} INFO - [2025-05-20T17:43:36.919+0000] {dag.py:4180} INFO - Setting next_dagrun for example_xcom to 2021-01-01 00:00:00+00:00, run_after=2021-01-01 00:00:00+00:00
[2025-05-20T17:43:36.966+0000] {processor.py:208} INFO - Processing /home/airflow/.local/lib/python3.12/site-packages/airflow/example_dags/example_xcom.py took 0.195 seconds
[2025-05-20T17:44:08.878+0000] {processor.py:186} INFO - Started process (PID=314) to work on /home/airflow/.local/lib/python3.12/site-packages/airflow/example_dags/example_xcom.py
[2025-05-20T17:44:08.880+0000] {processor.py:914} INFO - Processing file /home/airflow/.local/lib/python3.12/site-packages/airflow/example_dags/example_xcom.py for tasks to queue
[2025-05-20T17:44:08.882+0000] {logging_mixin.py:190} INFO - [2025-05-20T17:44:08.882+0000] {dagbag.py:588} INFO - Filling up the DagBag from /home/airflow/.local/lib/python3.12/site-packages/airflow/example_dags/example_xcom.py
[2025-05-20T17:44:08.900+0000] {processor.py:925} INFO - DAG(s) 'example_xcom' retrieved from /home/airflow/.local/lib/python3.12/site-packages/airflow/example_dags/example_xcom.py
[2025-05-20T17:44:08.941+0000] {logging_mixin.py:190} INFO - [2025-05-20T17:44:08.940+0000] {dag.py:3239} INFO - Sync 1 DAGs
[2025-05-20T17:44:08.990+0000] {logging_mixin.py:190} INFO - [2025-05-20T17:44:08.989+0000] {dag.py:4180} INFO - Setting next_dagrun for example_xcom to 2021-01-01 00:00:00+00:00, run_after=2021-01-01 00:00:00+00:00
[2025-05-20T17:44:09.029+0000] {processor.py:208} INFO - Processing /home/airflow/.local/lib/python3.12/site-packages/airflow/example_dags/example_xcom.py took 0.164 seconds
[2025-05-20T17:44:39.753+0000] {processor.py:186} INFO - Started process (PID=381) to work on /home/airflow/.local/lib/python3.12/site-packages/airflow/example_dags/example_xcom.py
[2025-05-20T17:44:39.755+0000] {processor.py:914} INFO - Processing file /home/airflow/.local/lib/python3.12/site-packages/airflow/example_dags/example_xcom.py for tasks to queue
[2025-05-20T17:44:39.758+0000] {logging_mixin.py:190} INFO - [2025-05-20T17:44:39.757+0000] {dagbag.py:588} INFO - Filling up the DagBag from /home/airflow/.local/lib/python3.12/site-packages/airflow/example_dags/example_xcom.py
[2025-05-20T17:44:39.777+0000] {processor.py:925} INFO - DAG(s) 'example_xcom' retrieved from /home/airflow/.local/lib/python3.12/site-packages/airflow/example_dags/example_xcom.py
[2025-05-20T17:44:39.821+0000] {logging_mixin.py:190} INFO - [2025-05-20T17:44:39.821+0000] {dag.py:3239} INFO - Sync 1 DAGs
[2025-05-20T17:44:39.874+0000] {logging_mixin.py:190} INFO - [2025-05-20T17:44:39.873+0000] {dag.py:4180} INFO - Setting next_dagrun for example_xcom to 2021-01-01 00:00:00+00:00, run_after=2021-01-01 00:00:00+00:00
[2025-05-20T17:44:39.910+0000] {processor.py:208} INFO - Processing /home/airflow/.local/lib/python3.12/site-packages/airflow/example_dags/example_xcom.py took 0.170 seconds
[2025-05-20T17:45:10.862+0000] {processor.py:186} INFO - Started process (PID=448) to work on /home/airflow/.local/lib/python3.12/site-packages/airflow/example_dags/example_xcom.py
[2025-05-20T17:45:10.865+0000] {processor.py:914} INFO - Processing file /home/airflow/.local/lib/python3.12/site-packages/airflow/example_dags/example_xcom.py for tasks to queue
[2025-05-20T17:45:10.867+0000] {logging_mixin.py:190} INFO - [2025-05-20T17:45:10.867+0000] {dagbag.py:588} INFO - Filling up the DagBag from /home/airflow/.local/lib/python3.12/site-packages/airflow/example_dags/example_xcom.py
[2025-05-20T17:45:10.885+0000] {processor.py:925} INFO - DAG(s) 'example_xcom' retrieved from /home/airflow/.local/lib/python3.12/site-packages/airflow/example_dags/example_xcom.py
[2025-05-20T17:45:10.925+0000] {logging_mixin.py:190} INFO - [2025-05-20T17:45:10.925+0000] {dag.py:3239} INFO - Sync 1 DAGs
[2025-05-20T17:45:10.974+0000] {logging_mixin.py:190} INFO - [2025-05-20T17:45:10.973+0000] {dag.py:4180} INFO - Setting next_dagrun for example_xcom to 2021-01-01 00:00:00+00:00, run_after=2021-01-01 00:00:00+00:00
[2025-05-20T17:45:11.021+0000] {processor.py:208} INFO - Processing /home/airflow/.local/lib/python3.12/site-packages/airflow/example_dags/example_xcom.py took 0.171 seconds
[2025-05-20T17:45:41.493+0000] {processor.py:186} INFO - Started process (PID=514) to work on /home/airflow/.local/lib/python3.12/site-packages/airflow/example_dags/example_xcom.py
[2025-05-20T17:45:41.495+0000] {processor.py:914} INFO - Processing file /home/airflow/.local/lib/python3.12/site-packages/airflow/example_dags/example_xcom.py for tasks to queue
[2025-05-20T17:45:41.498+0000] {logging_mixin.py:190} INFO - [2025-05-20T17:45:41.497+0000] {dagbag.py:588} INFO - Filling up the DagBag from /home/airflow/.local/lib/python3.12/site-packages/airflow/example_dags/example_xcom.py
[2025-05-20T17:45:41.518+0000] {processor.py:925} INFO - DAG(s) 'example_xcom' retrieved from /home/airflow/.local/lib/python3.12/site-packages/airflow/example_dags/example_xcom.py
[2025-05-20T17:45:41.569+0000] {logging_mixin.py:190} INFO - [2025-05-20T17:45:41.569+0000] {dag.py:3239} INFO - Sync 1 DAGs
[2025-05-20T17:45:41.649+0000] {logging_mixin.py:190} INFO - [2025-05-20T17:45:41.648+0000] {dag.py:4180} INFO - Setting next_dagrun for example_xcom to 2021-01-01 00:00:00+00:00, run_after=2021-01-01 00:00:00+00:00
[2025-05-20T17:45:41.702+0000] {processor.py:208} INFO - Processing /home/airflow/.local/lib/python3.12/site-packages/airflow/example_dags/example_xcom.py took 0.220 seconds
[2025-05-20T17:46:12.004+0000] {processor.py:186} INFO - Started process (PID=579) to work on /home/airflow/.local/lib/python3.12/site-packages/airflow/example_dags/example_xcom.py
[2025-05-20T17:46:12.006+0000] {processor.py:914} INFO - Processing file /home/airflow/.local/lib/python3.12/site-packages/airflow/example_dags/example_xcom.py for tasks to queue
[2025-05-20T17:46:12.009+0000] {logging_mixin.py:190} INFO - [2025-05-20T17:46:12.009+0000] {dagbag.py:588} INFO - Filling up the DagBag from /home/airflow/.local/lib/python3.12/site-packages/airflow/example_dags/example_xcom.py
[2025-05-20T17:46:12.027+0000] {processor.py:925} INFO - DAG(s) 'example_xcom' retrieved from /home/airflow/.local/lib/python3.12/site-packages/airflow/example_dags/example_xcom.py
[2025-05-20T17:46:12.071+0000] {logging_mixin.py:190} INFO - [2025-05-20T17:46:12.070+0000] {dag.py:3239} INFO - Sync 1 DAGs
[2025-05-20T17:46:12.114+0000] {logging_mixin.py:190} INFO - [2025-05-20T17:46:12.114+0000] {dag.py:4180} INFO - Setting next_dagrun for example_xcom to 2021-01-01 00:00:00+00:00, run_after=2021-01-01 00:00:00+00:00
[2025-05-20T17:46:12.214+0000] {processor.py:208} INFO - Processing /home/airflow/.local/lib/python3.12/site-packages/airflow/example_dags/example_xcom.py took 0.220 seconds
