[2025-05-20T16:30:04.187+0000] {processor.py:186} INFO - Started process (PID=111) to work on /home/airflow/.local/lib/python3.12/site-packages/airflow/example_dags/example_dag_decorator.py
[2025-05-20T16:30:04.188+0000] {processor.py:914} INFO - Processing file /home/airflow/.local/lib/python3.12/site-packages/airflow/example_dags/example_dag_decorator.py for tasks to queue
[2025-05-20T16:30:04.192+0000] {logging_mixin.py:190} INFO - [2025-05-20T16:30:04.192+0000] {dagbag.py:588} INFO - Filling up the DagBag from /home/airflow/.local/lib/python3.12/site-packages/airflow/example_dags/example_dag_decorator.py
[2025-05-20T16:30:04.771+0000] {processor.py:925} INFO - DAG(s) 'example_dag_decorator' retrieved from /home/airflow/.local/lib/python3.12/site-packages/airflow/example_dags/example_dag_decorator.py
[2025-05-20T16:30:04.964+0000] {logging_mixin.py:190} INFO - [2025-05-20T16:30:04.963+0000] {override.py:1930} INFO - Created Permission View: can read on DAG:example_dag_decorator
[2025-05-20T16:30:04.980+0000] {logging_mixin.py:190} INFO - [2025-05-20T16:30:04.979+0000] {override.py:1930} INFO - Created Permission View: can edit on DAG:example_dag_decorator
[2025-05-20T16:30:04.990+0000] {logging_mixin.py:190} INFO - [2025-05-20T16:30:04.990+0000] {override.py:1930} INFO - Created Permission View: can delete on DAG:example_dag_decorator
[2025-05-20T16:30:05.003+0000] {logging_mixin.py:190} INFO - [2025-05-20T16:30:05.002+0000] {override.py:1930} INFO - Created Permission View: can create on DAG Run:example_dag_decorator
[2025-05-20T16:30:05.013+0000] {logging_mixin.py:190} INFO - [2025-05-20T16:30:05.013+0000] {override.py:1930} INFO - Created Permission View: can read on DAG Run:example_dag_decorator
[2025-05-20T16:30:05.025+0000] {logging_mixin.py:190} INFO - [2025-05-20T16:30:05.024+0000] {override.py:1930} INFO - Created Permission View: can delete on DAG Run:example_dag_decorator
[2025-05-20T16:30:05.035+0000] {logging_mixin.py:190} INFO - [2025-05-20T16:30:05.035+0000] {override.py:1930} INFO - Created Permission View: menu access on DAG Run:example_dag_decorator
[2025-05-20T16:30:05.036+0000] {logging_mixin.py:190} INFO - [2025-05-20T16:30:05.036+0000] {dag.py:3239} INFO - Sync 1 DAGs
[2025-05-20T16:30:05.056+0000] {logging_mixin.py:190} INFO - [2025-05-20T16:30:05.056+0000] {dag.py:3262} INFO - Creating ORM DAG for example_dag_decorator
[2025-05-20T16:30:05.058+0000] {logging_mixin.py:190} INFO - [2025-05-20T16:30:05.058+0000] {dag.py:4180} INFO - Setting next_dagrun for example_dag_decorator to None, run_after=None
[2025-05-20T16:30:05.084+0000] {processor.py:208} INFO - Processing /home/airflow/.local/lib/python3.12/site-packages/airflow/example_dags/example_dag_decorator.py took 0.906 seconds
[2025-05-20T16:30:35.133+0000] {processor.py:186} INFO - Started process (PID=175) to work on /home/airflow/.local/lib/python3.12/site-packages/airflow/example_dags/example_dag_decorator.py
[2025-05-20T16:30:35.134+0000] {processor.py:914} INFO - Processing file /home/airflow/.local/lib/python3.12/site-packages/airflow/example_dags/example_dag_decorator.py for tasks to queue
[2025-05-20T16:30:35.136+0000] {logging_mixin.py:190} INFO - [2025-05-20T16:30:35.136+0000] {dagbag.py:588} INFO - Filling up the DagBag from /home/airflow/.local/lib/python3.12/site-packages/airflow/example_dags/example_dag_decorator.py
[2025-05-20T16:30:35.262+0000] {processor.py:925} INFO - DAG(s) 'example_dag_decorator' retrieved from /home/airflow/.local/lib/python3.12/site-packages/airflow/example_dags/example_dag_decorator.py
[2025-05-20T16:30:35.407+0000] {logging_mixin.py:190} INFO - [2025-05-20T16:30:35.407+0000] {dag.py:3239} INFO - Sync 1 DAGs
[2025-05-20T16:30:35.423+0000] {logging_mixin.py:190} INFO - [2025-05-20T16:30:35.423+0000] {dag.py:4180} INFO - Setting next_dagrun for example_dag_decorator to None, run_after=None
[2025-05-20T16:30:35.447+0000] {processor.py:208} INFO - Processing /home/airflow/.local/lib/python3.12/site-packages/airflow/example_dags/example_dag_decorator.py took 0.321 seconds
[2025-05-20T16:31:06.041+0000] {processor.py:186} INFO - Started process (PID=237) to work on /home/airflow/.local/lib/python3.12/site-packages/airflow/example_dags/example_dag_decorator.py
[2025-05-20T16:31:06.042+0000] {processor.py:914} INFO - Processing file /home/airflow/.local/lib/python3.12/site-packages/airflow/example_dags/example_dag_decorator.py for tasks to queue
[2025-05-20T16:31:06.045+0000] {logging_mixin.py:190} INFO - [2025-05-20T16:31:06.045+0000] {dagbag.py:588} INFO - Filling up the DagBag from /home/airflow/.local/lib/python3.12/site-packages/airflow/example_dags/example_dag_decorator.py
[2025-05-20T16:31:06.148+0000] {processor.py:925} INFO - DAG(s) 'example_dag_decorator' retrieved from /home/airflow/.local/lib/python3.12/site-packages/airflow/example_dags/example_dag_decorator.py
[2025-05-20T16:31:06.264+0000] {logging_mixin.py:190} INFO - [2025-05-20T16:31:06.264+0000] {dag.py:3239} INFO - Sync 1 DAGs
[2025-05-20T16:31:06.279+0000] {logging_mixin.py:190} INFO - [2025-05-20T16:31:06.279+0000] {dag.py:4180} INFO - Setting next_dagrun for example_dag_decorator to None, run_after=None
[2025-05-20T16:31:06.304+0000] {processor.py:208} INFO - Processing /home/airflow/.local/lib/python3.12/site-packages/airflow/example_dags/example_dag_decorator.py took 0.268 seconds
[2025-05-20T16:31:36.505+0000] {processor.py:186} INFO - Started process (PID=299) to work on /home/airflow/.local/lib/python3.12/site-packages/airflow/example_dags/example_dag_decorator.py
[2025-05-20T16:31:36.506+0000] {processor.py:914} INFO - Processing file /home/airflow/.local/lib/python3.12/site-packages/airflow/example_dags/example_dag_decorator.py for tasks to queue
[2025-05-20T16:31:36.508+0000] {logging_mixin.py:190} INFO - [2025-05-20T16:31:36.508+0000] {dagbag.py:588} INFO - Filling up the DagBag from /home/airflow/.local/lib/python3.12/site-packages/airflow/example_dags/example_dag_decorator.py
[2025-05-20T16:31:36.612+0000] {processor.py:925} INFO - DAG(s) 'example_dag_decorator' retrieved from /home/airflow/.local/lib/python3.12/site-packages/airflow/example_dags/example_dag_decorator.py
[2025-05-20T16:31:36.746+0000] {logging_mixin.py:190} INFO - [2025-05-20T16:31:36.745+0000] {dag.py:3239} INFO - Sync 1 DAGs
[2025-05-20T16:31:36.761+0000] {logging_mixin.py:190} INFO - [2025-05-20T16:31:36.761+0000] {dag.py:4180} INFO - Setting next_dagrun for example_dag_decorator to None, run_after=None
[2025-05-20T16:31:36.783+0000] {processor.py:208} INFO - Processing /home/airflow/.local/lib/python3.12/site-packages/airflow/example_dags/example_dag_decorator.py took 0.284 seconds
[2025-05-20T16:32:07.539+0000] {processor.py:186} INFO - Started process (PID=362) to work on /home/airflow/.local/lib/python3.12/site-packages/airflow/example_dags/example_dag_decorator.py
[2025-05-20T16:32:07.540+0000] {processor.py:914} INFO - Processing file /home/airflow/.local/lib/python3.12/site-packages/airflow/example_dags/example_dag_decorator.py for tasks to queue
[2025-05-20T16:32:07.542+0000] {logging_mixin.py:190} INFO - [2025-05-20T16:32:07.542+0000] {dagbag.py:588} INFO - Filling up the DagBag from /home/airflow/.local/lib/python3.12/site-packages/airflow/example_dags/example_dag_decorator.py
[2025-05-20T16:32:07.633+0000] {processor.py:925} INFO - DAG(s) 'example_dag_decorator' retrieved from /home/airflow/.local/lib/python3.12/site-packages/airflow/example_dags/example_dag_decorator.py
[2025-05-20T16:32:07.754+0000] {logging_mixin.py:190} INFO - [2025-05-20T16:32:07.753+0000] {dag.py:3239} INFO - Sync 1 DAGs
[2025-05-20T16:32:07.770+0000] {logging_mixin.py:190} INFO - [2025-05-20T16:32:07.769+0000] {dag.py:4180} INFO - Setting next_dagrun for example_dag_decorator to None, run_after=None
[2025-05-20T16:32:07.790+0000] {processor.py:208} INFO - Processing /home/airflow/.local/lib/python3.12/site-packages/airflow/example_dags/example_dag_decorator.py took 0.257 seconds
[2025-05-20T16:32:37.983+0000] {processor.py:186} INFO - Started process (PID=425) to work on /home/airflow/.local/lib/python3.12/site-packages/airflow/example_dags/example_dag_decorator.py
[2025-05-20T16:32:37.985+0000] {processor.py:914} INFO - Processing file /home/airflow/.local/lib/python3.12/site-packages/airflow/example_dags/example_dag_decorator.py for tasks to queue
[2025-05-20T16:32:37.988+0000] {logging_mixin.py:190} INFO - [2025-05-20T16:32:37.988+0000] {dagbag.py:588} INFO - Filling up the DagBag from /home/airflow/.local/lib/python3.12/site-packages/airflow/example_dags/example_dag_decorator.py
[2025-05-20T16:32:38.154+0000] {processor.py:925} INFO - DAG(s) 'example_dag_decorator' retrieved from /home/airflow/.local/lib/python3.12/site-packages/airflow/example_dags/example_dag_decorator.py
[2025-05-20T16:32:38.335+0000] {logging_mixin.py:190} INFO - [2025-05-20T16:32:38.335+0000] {dag.py:3239} INFO - Sync 1 DAGs
[2025-05-20T16:32:38.354+0000] {logging_mixin.py:190} INFO - [2025-05-20T16:32:38.354+0000] {dag.py:4180} INFO - Setting next_dagrun for example_dag_decorator to None, run_after=None
[2025-05-20T16:32:38.385+0000] {processor.py:208} INFO - Processing /home/airflow/.local/lib/python3.12/site-packages/airflow/example_dags/example_dag_decorator.py took 0.409 seconds
[2025-05-20T16:33:08.749+0000] {processor.py:186} INFO - Started process (PID=488) to work on /home/airflow/.local/lib/python3.12/site-packages/airflow/example_dags/example_dag_decorator.py
[2025-05-20T16:33:08.750+0000] {processor.py:914} INFO - Processing file /home/airflow/.local/lib/python3.12/site-packages/airflow/example_dags/example_dag_decorator.py for tasks to queue
[2025-05-20T16:33:08.753+0000] {logging_mixin.py:190} INFO - [2025-05-20T16:33:08.753+0000] {dagbag.py:588} INFO - Filling up the DagBag from /home/airflow/.local/lib/python3.12/site-packages/airflow/example_dags/example_dag_decorator.py
[2025-05-20T16:33:08.897+0000] {processor.py:925} INFO - DAG(s) 'example_dag_decorator' retrieved from /home/airflow/.local/lib/python3.12/site-packages/airflow/example_dags/example_dag_decorator.py
[2025-05-20T16:33:09.053+0000] {logging_mixin.py:190} INFO - [2025-05-20T16:33:09.053+0000] {dag.py:3239} INFO - Sync 1 DAGs
[2025-05-20T16:33:09.070+0000] {logging_mixin.py:190} INFO - [2025-05-20T16:33:09.070+0000] {dag.py:4180} INFO - Setting next_dagrun for example_dag_decorator to None, run_after=None
[2025-05-20T16:33:09.099+0000] {processor.py:208} INFO - Processing /home/airflow/.local/lib/python3.12/site-packages/airflow/example_dags/example_dag_decorator.py took 0.356 seconds
[2025-05-20T16:33:39.586+0000] {processor.py:186} INFO - Started process (PID=553) to work on /home/airflow/.local/lib/python3.12/site-packages/airflow/example_dags/example_dag_decorator.py
[2025-05-20T16:33:39.589+0000] {processor.py:914} INFO - Processing file /home/airflow/.local/lib/python3.12/site-packages/airflow/example_dags/example_dag_decorator.py for tasks to queue
[2025-05-20T16:33:39.597+0000] {logging_mixin.py:190} INFO - [2025-05-20T16:33:39.596+0000] {dagbag.py:588} INFO - Filling up the DagBag from /home/airflow/.local/lib/python3.12/site-packages/airflow/example_dags/example_dag_decorator.py
[2025-05-20T16:33:39.918+0000] {processor.py:925} INFO - DAG(s) 'example_dag_decorator' retrieved from /home/airflow/.local/lib/python3.12/site-packages/airflow/example_dags/example_dag_decorator.py
[2025-05-20T16:33:40.261+0000] {logging_mixin.py:190} INFO - [2025-05-20T16:33:40.261+0000] {dag.py:3239} INFO - Sync 1 DAGs
[2025-05-20T16:33:40.292+0000] {logging_mixin.py:190} INFO - [2025-05-20T16:33:40.292+0000] {dag.py:4180} INFO - Setting next_dagrun for example_dag_decorator to None, run_after=None
[2025-05-20T16:33:40.331+0000] {processor.py:208} INFO - Processing /home/airflow/.local/lib/python3.12/site-packages/airflow/example_dags/example_dag_decorator.py took 0.767 seconds
[2025-05-20T16:34:10.432+0000] {processor.py:186} INFO - Started process (PID=616) to work on /home/airflow/.local/lib/python3.12/site-packages/airflow/example_dags/example_dag_decorator.py
[2025-05-20T16:34:10.433+0000] {processor.py:914} INFO - Processing file /home/airflow/.local/lib/python3.12/site-packages/airflow/example_dags/example_dag_decorator.py for tasks to queue
[2025-05-20T16:34:10.436+0000] {logging_mixin.py:190} INFO - [2025-05-20T16:34:10.435+0000] {dagbag.py:588} INFO - Filling up the DagBag from /home/airflow/.local/lib/python3.12/site-packages/airflow/example_dags/example_dag_decorator.py
[2025-05-20T16:34:10.581+0000] {processor.py:925} INFO - DAG(s) 'example_dag_decorator' retrieved from /home/airflow/.local/lib/python3.12/site-packages/airflow/example_dags/example_dag_decorator.py
[2025-05-20T16:34:10.742+0000] {logging_mixin.py:190} INFO - [2025-05-20T16:34:10.741+0000] {dag.py:3239} INFO - Sync 1 DAGs
[2025-05-20T16:34:10.760+0000] {logging_mixin.py:190} INFO - [2025-05-20T16:34:10.760+0000] {dag.py:4180} INFO - Setting next_dagrun for example_dag_decorator to None, run_after=None
[2025-05-20T16:34:10.786+0000] {processor.py:208} INFO - Processing /home/airflow/.local/lib/python3.12/site-packages/airflow/example_dags/example_dag_decorator.py took 0.362 seconds
[2025-05-20T16:34:40.953+0000] {processor.py:186} INFO - Started process (PID=679) to work on /home/airflow/.local/lib/python3.12/site-packages/airflow/example_dags/example_dag_decorator.py
[2025-05-20T16:34:40.954+0000] {processor.py:914} INFO - Processing file /home/airflow/.local/lib/python3.12/site-packages/airflow/example_dags/example_dag_decorator.py for tasks to queue
[2025-05-20T16:34:40.956+0000] {logging_mixin.py:190} INFO - [2025-05-20T16:34:40.955+0000] {dagbag.py:588} INFO - Filling up the DagBag from /home/airflow/.local/lib/python3.12/site-packages/airflow/example_dags/example_dag_decorator.py
[2025-05-20T16:34:41.088+0000] {processor.py:925} INFO - DAG(s) 'example_dag_decorator' retrieved from /home/airflow/.local/lib/python3.12/site-packages/airflow/example_dags/example_dag_decorator.py
[2025-05-20T16:34:41.255+0000] {logging_mixin.py:190} INFO - [2025-05-20T16:34:41.254+0000] {dag.py:3239} INFO - Sync 1 DAGs
[2025-05-20T16:34:41.276+0000] {logging_mixin.py:190} INFO - [2025-05-20T16:34:41.276+0000] {dag.py:4180} INFO - Setting next_dagrun for example_dag_decorator to None, run_after=None
[2025-05-20T16:34:41.307+0000] {processor.py:208} INFO - Processing /home/airflow/.local/lib/python3.12/site-packages/airflow/example_dags/example_dag_decorator.py took 0.359 seconds
[2025-05-20T16:35:12.161+0000] {processor.py:186} INFO - Started process (PID=742) to work on /home/airflow/.local/lib/python3.12/site-packages/airflow/example_dags/example_dag_decorator.py
[2025-05-20T16:35:12.162+0000] {processor.py:914} INFO - Processing file /home/airflow/.local/lib/python3.12/site-packages/airflow/example_dags/example_dag_decorator.py for tasks to queue
[2025-05-20T16:35:12.164+0000] {logging_mixin.py:190} INFO - [2025-05-20T16:35:12.164+0000] {dagbag.py:588} INFO - Filling up the DagBag from /home/airflow/.local/lib/python3.12/site-packages/airflow/example_dags/example_dag_decorator.py
[2025-05-20T16:35:12.265+0000] {processor.py:925} INFO - DAG(s) 'example_dag_decorator' retrieved from /home/airflow/.local/lib/python3.12/site-packages/airflow/example_dags/example_dag_decorator.py
[2025-05-20T16:35:12.403+0000] {logging_mixin.py:190} INFO - [2025-05-20T16:35:12.402+0000] {dag.py:3239} INFO - Sync 1 DAGs
[2025-05-20T16:35:12.419+0000] {logging_mixin.py:190} INFO - [2025-05-20T16:35:12.419+0000] {dag.py:4180} INFO - Setting next_dagrun for example_dag_decorator to None, run_after=None
[2025-05-20T16:35:12.447+0000] {processor.py:208} INFO - Processing /home/airflow/.local/lib/python3.12/site-packages/airflow/example_dags/example_dag_decorator.py took 0.290 seconds
[2025-05-20T16:35:43.361+0000] {processor.py:186} INFO - Started process (PID=805) to work on /home/airflow/.local/lib/python3.12/site-packages/airflow/example_dags/example_dag_decorator.py
[2025-05-20T16:35:43.362+0000] {processor.py:914} INFO - Processing file /home/airflow/.local/lib/python3.12/site-packages/airflow/example_dags/example_dag_decorator.py for tasks to queue
[2025-05-20T16:35:43.364+0000] {logging_mixin.py:190} INFO - [2025-05-20T16:35:43.364+0000] {dagbag.py:588} INFO - Filling up the DagBag from /home/airflow/.local/lib/python3.12/site-packages/airflow/example_dags/example_dag_decorator.py
[2025-05-20T16:35:43.454+0000] {processor.py:925} INFO - DAG(s) 'example_dag_decorator' retrieved from /home/airflow/.local/lib/python3.12/site-packages/airflow/example_dags/example_dag_decorator.py
[2025-05-20T16:35:43.555+0000] {logging_mixin.py:190} INFO - [2025-05-20T16:35:43.555+0000] {dag.py:3239} INFO - Sync 1 DAGs
[2025-05-20T16:35:43.568+0000] {logging_mixin.py:190} INFO - [2025-05-20T16:35:43.568+0000] {dag.py:4180} INFO - Setting next_dagrun for example_dag_decorator to None, run_after=None
[2025-05-20T16:35:43.587+0000] {processor.py:208} INFO - Processing /home/airflow/.local/lib/python3.12/site-packages/airflow/example_dags/example_dag_decorator.py took 0.231 seconds
[2025-05-20T16:36:14.296+0000] {processor.py:186} INFO - Started process (PID=868) to work on /home/airflow/.local/lib/python3.12/site-packages/airflow/example_dags/example_dag_decorator.py
[2025-05-20T16:36:14.297+0000] {processor.py:914} INFO - Processing file /home/airflow/.local/lib/python3.12/site-packages/airflow/example_dags/example_dag_decorator.py for tasks to queue
[2025-05-20T16:36:14.299+0000] {logging_mixin.py:190} INFO - [2025-05-20T16:36:14.299+0000] {dagbag.py:588} INFO - Filling up the DagBag from /home/airflow/.local/lib/python3.12/site-packages/airflow/example_dags/example_dag_decorator.py
[2025-05-20T16:36:14.389+0000] {processor.py:925} INFO - DAG(s) 'example_dag_decorator' retrieved from /home/airflow/.local/lib/python3.12/site-packages/airflow/example_dags/example_dag_decorator.py
[2025-05-20T16:36:14.500+0000] {logging_mixin.py:190} INFO - [2025-05-20T16:36:14.500+0000] {dag.py:3239} INFO - Sync 1 DAGs
[2025-05-20T16:36:14.514+0000] {logging_mixin.py:190} INFO - [2025-05-20T16:36:14.513+0000] {dag.py:4180} INFO - Setting next_dagrun for example_dag_decorator to None, run_after=None
[2025-05-20T16:36:14.533+0000] {processor.py:208} INFO - Processing /home/airflow/.local/lib/python3.12/site-packages/airflow/example_dags/example_dag_decorator.py took 0.242 seconds
[2025-05-20T16:36:44.603+0000] {processor.py:186} INFO - Started process (PID=930) to work on /home/airflow/.local/lib/python3.12/site-packages/airflow/example_dags/example_dag_decorator.py
[2025-05-20T16:36:44.604+0000] {processor.py:914} INFO - Processing file /home/airflow/.local/lib/python3.12/site-packages/airflow/example_dags/example_dag_decorator.py for tasks to queue
[2025-05-20T16:36:44.606+0000] {logging_mixin.py:190} INFO - [2025-05-20T16:36:44.606+0000] {dagbag.py:588} INFO - Filling up the DagBag from /home/airflow/.local/lib/python3.12/site-packages/airflow/example_dags/example_dag_decorator.py
[2025-05-20T16:36:44.697+0000] {processor.py:925} INFO - DAG(s) 'example_dag_decorator' retrieved from /home/airflow/.local/lib/python3.12/site-packages/airflow/example_dags/example_dag_decorator.py
[2025-05-20T16:36:44.795+0000] {logging_mixin.py:190} INFO - [2025-05-20T16:36:44.794+0000] {dag.py:3239} INFO - Sync 1 DAGs
[2025-05-20T16:36:44.808+0000] {logging_mixin.py:190} INFO - [2025-05-20T16:36:44.808+0000] {dag.py:4180} INFO - Setting next_dagrun for example_dag_decorator to None, run_after=None
[2025-05-20T16:36:44.826+0000] {processor.py:208} INFO - Processing /home/airflow/.local/lib/python3.12/site-packages/airflow/example_dags/example_dag_decorator.py took 0.228 seconds
[2025-05-20T16:37:14.868+0000] {processor.py:186} INFO - Started process (PID=993) to work on /home/airflow/.local/lib/python3.12/site-packages/airflow/example_dags/example_dag_decorator.py
[2025-05-20T16:37:14.869+0000] {processor.py:914} INFO - Processing file /home/airflow/.local/lib/python3.12/site-packages/airflow/example_dags/example_dag_decorator.py for tasks to queue
[2025-05-20T16:37:14.871+0000] {logging_mixin.py:190} INFO - [2025-05-20T16:37:14.871+0000] {dagbag.py:588} INFO - Filling up the DagBag from /home/airflow/.local/lib/python3.12/site-packages/airflow/example_dags/example_dag_decorator.py
[2025-05-20T16:37:14.963+0000] {processor.py:925} INFO - DAG(s) 'example_dag_decorator' retrieved from /home/airflow/.local/lib/python3.12/site-packages/airflow/example_dags/example_dag_decorator.py
[2025-05-20T16:37:15.064+0000] {logging_mixin.py:190} INFO - [2025-05-20T16:37:15.064+0000] {dag.py:3239} INFO - Sync 1 DAGs
[2025-05-20T16:37:15.075+0000] {logging_mixin.py:190} INFO - [2025-05-20T16:37:15.075+0000] {dag.py:4180} INFO - Setting next_dagrun for example_dag_decorator to None, run_after=None
[2025-05-20T16:37:15.095+0000] {processor.py:208} INFO - Processing /home/airflow/.local/lib/python3.12/site-packages/airflow/example_dags/example_dag_decorator.py took 0.232 seconds
[2025-05-20T16:37:45.790+0000] {processor.py:186} INFO - Started process (PID=1056) to work on /home/airflow/.local/lib/python3.12/site-packages/airflow/example_dags/example_dag_decorator.py
[2025-05-20T16:37:45.791+0000] {processor.py:914} INFO - Processing file /home/airflow/.local/lib/python3.12/site-packages/airflow/example_dags/example_dag_decorator.py for tasks to queue
[2025-05-20T16:37:45.793+0000] {logging_mixin.py:190} INFO - [2025-05-20T16:37:45.793+0000] {dagbag.py:588} INFO - Filling up the DagBag from /home/airflow/.local/lib/python3.12/site-packages/airflow/example_dags/example_dag_decorator.py
[2025-05-20T16:37:45.927+0000] {processor.py:925} INFO - DAG(s) 'example_dag_decorator' retrieved from /home/airflow/.local/lib/python3.12/site-packages/airflow/example_dags/example_dag_decorator.py
[2025-05-20T16:37:46.084+0000] {logging_mixin.py:190} INFO - [2025-05-20T16:37:46.083+0000] {dag.py:3239} INFO - Sync 1 DAGs
[2025-05-20T16:37:46.102+0000] {logging_mixin.py:190} INFO - [2025-05-20T16:37:46.102+0000] {dag.py:4180} INFO - Setting next_dagrun for example_dag_decorator to None, run_after=None
[2025-05-20T16:37:46.129+0000] {processor.py:208} INFO - Processing /home/airflow/.local/lib/python3.12/site-packages/airflow/example_dags/example_dag_decorator.py took 0.344 seconds
[2025-05-20T17:10:27.192+0000] {processor.py:186} INFO - Started process (PID=1117) to work on /home/airflow/.local/lib/python3.12/site-packages/airflow/example_dags/example_dag_decorator.py
[2025-05-20T17:10:27.193+0000] {processor.py:914} INFO - Processing file /home/airflow/.local/lib/python3.12/site-packages/airflow/example_dags/example_dag_decorator.py for tasks to queue
[2025-05-20T17:10:27.196+0000] {logging_mixin.py:190} INFO - [2025-05-20T17:10:27.195+0000] {dagbag.py:588} INFO - Filling up the DagBag from /home/airflow/.local/lib/python3.12/site-packages/airflow/example_dags/example_dag_decorator.py
[2025-05-20T17:10:27.296+0000] {processor.py:925} INFO - DAG(s) 'example_dag_decorator' retrieved from /home/airflow/.local/lib/python3.12/site-packages/airflow/example_dags/example_dag_decorator.py
[2025-05-20T17:10:27.408+0000] {logging_mixin.py:190} INFO - [2025-05-20T17:10:27.408+0000] {dag.py:3239} INFO - Sync 1 DAGs
[2025-05-20T17:10:27.423+0000] {logging_mixin.py:190} INFO - [2025-05-20T17:10:27.423+0000] {dag.py:4180} INFO - Setting next_dagrun for example_dag_decorator to None, run_after=None
[2025-05-20T17:10:27.444+0000] {processor.py:208} INFO - Processing /home/airflow/.local/lib/python3.12/site-packages/airflow/example_dags/example_dag_decorator.py took 0.258 seconds
[2025-05-20T17:10:58.358+0000] {processor.py:186} INFO - Started process (PID=1180) to work on /home/airflow/.local/lib/python3.12/site-packages/airflow/example_dags/example_dag_decorator.py
[2025-05-20T17:10:58.359+0000] {processor.py:914} INFO - Processing file /home/airflow/.local/lib/python3.12/site-packages/airflow/example_dags/example_dag_decorator.py for tasks to queue
[2025-05-20T17:10:58.362+0000] {logging_mixin.py:190} INFO - [2025-05-20T17:10:58.361+0000] {dagbag.py:588} INFO - Filling up the DagBag from /home/airflow/.local/lib/python3.12/site-packages/airflow/example_dags/example_dag_decorator.py
[2025-05-20T17:10:58.468+0000] {processor.py:925} INFO - DAG(s) 'example_dag_decorator' retrieved from /home/airflow/.local/lib/python3.12/site-packages/airflow/example_dags/example_dag_decorator.py
[2025-05-20T17:10:58.583+0000] {logging_mixin.py:190} INFO - [2025-05-20T17:10:58.583+0000] {dag.py:3239} INFO - Sync 1 DAGs
[2025-05-20T17:10:58.600+0000] {logging_mixin.py:190} INFO - [2025-05-20T17:10:58.600+0000] {dag.py:4180} INFO - Setting next_dagrun for example_dag_decorator to None, run_after=None
[2025-05-20T17:10:58.624+0000] {processor.py:208} INFO - Processing /home/airflow/.local/lib/python3.12/site-packages/airflow/example_dags/example_dag_decorator.py took 0.272 seconds
[2025-05-20T17:11:29.305+0000] {processor.py:186} INFO - Started process (PID=1243) to work on /home/airflow/.local/lib/python3.12/site-packages/airflow/example_dags/example_dag_decorator.py
[2025-05-20T17:11:29.306+0000] {processor.py:914} INFO - Processing file /home/airflow/.local/lib/python3.12/site-packages/airflow/example_dags/example_dag_decorator.py for tasks to queue
[2025-05-20T17:11:29.308+0000] {logging_mixin.py:190} INFO - [2025-05-20T17:11:29.308+0000] {dagbag.py:588} INFO - Filling up the DagBag from /home/airflow/.local/lib/python3.12/site-packages/airflow/example_dags/example_dag_decorator.py
[2025-05-20T17:11:29.403+0000] {processor.py:925} INFO - DAG(s) 'example_dag_decorator' retrieved from /home/airflow/.local/lib/python3.12/site-packages/airflow/example_dags/example_dag_decorator.py
[2025-05-20T17:11:29.512+0000] {logging_mixin.py:190} INFO - [2025-05-20T17:11:29.512+0000] {dag.py:3239} INFO - Sync 1 DAGs
[2025-05-20T17:11:29.525+0000] {logging_mixin.py:190} INFO - [2025-05-20T17:11:29.524+0000] {dag.py:4180} INFO - Setting next_dagrun for example_dag_decorator to None, run_after=None
[2025-05-20T17:11:29.544+0000] {processor.py:208} INFO - Processing /home/airflow/.local/lib/python3.12/site-packages/airflow/example_dags/example_dag_decorator.py took 0.243 seconds
[2025-05-20T17:11:59.790+0000] {processor.py:186} INFO - Started process (PID=1305) to work on /home/airflow/.local/lib/python3.12/site-packages/airflow/example_dags/example_dag_decorator.py
[2025-05-20T17:11:59.791+0000] {processor.py:914} INFO - Processing file /home/airflow/.local/lib/python3.12/site-packages/airflow/example_dags/example_dag_decorator.py for tasks to queue
[2025-05-20T17:11:59.794+0000] {logging_mixin.py:190} INFO - [2025-05-20T17:11:59.794+0000] {dagbag.py:588} INFO - Filling up the DagBag from /home/airflow/.local/lib/python3.12/site-packages/airflow/example_dags/example_dag_decorator.py
[2025-05-20T17:11:59.896+0000] {processor.py:925} INFO - DAG(s) 'example_dag_decorator' retrieved from /home/airflow/.local/lib/python3.12/site-packages/airflow/example_dags/example_dag_decorator.py
[2025-05-20T17:12:00.006+0000] {logging_mixin.py:190} INFO - [2025-05-20T17:12:00.006+0000] {dag.py:3239} INFO - Sync 1 DAGs
[2025-05-20T17:12:00.020+0000] {logging_mixin.py:190} INFO - [2025-05-20T17:12:00.019+0000] {dag.py:4180} INFO - Setting next_dagrun for example_dag_decorator to None, run_after=None
[2025-05-20T17:12:00.039+0000] {processor.py:208} INFO - Processing /home/airflow/.local/lib/python3.12/site-packages/airflow/example_dags/example_dag_decorator.py took 0.254 seconds
[2025-05-20T17:12:30.126+0000] {processor.py:186} INFO - Started process (PID=1368) to work on /home/airflow/.local/lib/python3.12/site-packages/airflow/example_dags/example_dag_decorator.py
[2025-05-20T17:12:30.127+0000] {processor.py:914} INFO - Processing file /home/airflow/.local/lib/python3.12/site-packages/airflow/example_dags/example_dag_decorator.py for tasks to queue
[2025-05-20T17:12:30.130+0000] {logging_mixin.py:190} INFO - [2025-05-20T17:12:30.130+0000] {dagbag.py:588} INFO - Filling up the DagBag from /home/airflow/.local/lib/python3.12/site-packages/airflow/example_dags/example_dag_decorator.py
[2025-05-20T17:12:30.231+0000] {processor.py:925} INFO - DAG(s) 'example_dag_decorator' retrieved from /home/airflow/.local/lib/python3.12/site-packages/airflow/example_dags/example_dag_decorator.py
[2025-05-20T17:12:30.347+0000] {logging_mixin.py:190} INFO - [2025-05-20T17:12:30.347+0000] {dag.py:3239} INFO - Sync 1 DAGs
[2025-05-20T17:12:30.360+0000] {logging_mixin.py:190} INFO - [2025-05-20T17:12:30.360+0000] {dag.py:4180} INFO - Setting next_dagrun for example_dag_decorator to None, run_after=None
[2025-05-20T17:12:30.381+0000] {processor.py:208} INFO - Processing /home/airflow/.local/lib/python3.12/site-packages/airflow/example_dags/example_dag_decorator.py took 0.260 seconds
[2025-05-20T17:13:00.467+0000] {processor.py:186} INFO - Started process (PID=1433) to work on /home/airflow/.local/lib/python3.12/site-packages/airflow/example_dags/example_dag_decorator.py
[2025-05-20T17:13:00.468+0000] {processor.py:914} INFO - Processing file /home/airflow/.local/lib/python3.12/site-packages/airflow/example_dags/example_dag_decorator.py for tasks to queue
[2025-05-20T17:13:00.470+0000] {logging_mixin.py:190} INFO - [2025-05-20T17:13:00.470+0000] {dagbag.py:588} INFO - Filling up the DagBag from /home/airflow/.local/lib/python3.12/site-packages/airflow/example_dags/example_dag_decorator.py
[2025-05-20T17:13:00.566+0000] {processor.py:925} INFO - DAG(s) 'example_dag_decorator' retrieved from /home/airflow/.local/lib/python3.12/site-packages/airflow/example_dags/example_dag_decorator.py
[2025-05-20T17:13:00.676+0000] {logging_mixin.py:190} INFO - [2025-05-20T17:13:00.675+0000] {dag.py:3239} INFO - Sync 1 DAGs
[2025-05-20T17:13:00.688+0000] {logging_mixin.py:190} INFO - [2025-05-20T17:13:00.688+0000] {dag.py:4180} INFO - Setting next_dagrun for example_dag_decorator to None, run_after=None
[2025-05-20T17:13:00.709+0000] {processor.py:208} INFO - Processing /home/airflow/.local/lib/python3.12/site-packages/airflow/example_dags/example_dag_decorator.py took 0.247 seconds
[2025-05-20T17:13:30.781+0000] {processor.py:186} INFO - Started process (PID=1494) to work on /home/airflow/.local/lib/python3.12/site-packages/airflow/example_dags/example_dag_decorator.py
[2025-05-20T17:13:30.782+0000] {processor.py:914} INFO - Processing file /home/airflow/.local/lib/python3.12/site-packages/airflow/example_dags/example_dag_decorator.py for tasks to queue
[2025-05-20T17:13:30.784+0000] {logging_mixin.py:190} INFO - [2025-05-20T17:13:30.784+0000] {dagbag.py:588} INFO - Filling up the DagBag from /home/airflow/.local/lib/python3.12/site-packages/airflow/example_dags/example_dag_decorator.py
[2025-05-20T17:13:30.886+0000] {processor.py:925} INFO - DAG(s) 'example_dag_decorator' retrieved from /home/airflow/.local/lib/python3.12/site-packages/airflow/example_dags/example_dag_decorator.py
[2025-05-20T17:13:30.994+0000] {logging_mixin.py:190} INFO - [2025-05-20T17:13:30.994+0000] {dag.py:3239} INFO - Sync 1 DAGs
[2025-05-20T17:13:31.009+0000] {logging_mixin.py:190} INFO - [2025-05-20T17:13:31.009+0000] {dag.py:4180} INFO - Setting next_dagrun for example_dag_decorator to None, run_after=None
[2025-05-20T17:13:31.028+0000] {processor.py:208} INFO - Processing /home/airflow/.local/lib/python3.12/site-packages/airflow/example_dags/example_dag_decorator.py took 0.253 seconds
[2025-05-20T17:14:01.133+0000] {processor.py:186} INFO - Started process (PID=1557) to work on /home/airflow/.local/lib/python3.12/site-packages/airflow/example_dags/example_dag_decorator.py
[2025-05-20T17:14:01.134+0000] {processor.py:914} INFO - Processing file /home/airflow/.local/lib/python3.12/site-packages/airflow/example_dags/example_dag_decorator.py for tasks to queue
[2025-05-20T17:14:01.137+0000] {logging_mixin.py:190} INFO - [2025-05-20T17:14:01.137+0000] {dagbag.py:588} INFO - Filling up the DagBag from /home/airflow/.local/lib/python3.12/site-packages/airflow/example_dags/example_dag_decorator.py
[2025-05-20T17:14:01.264+0000] {processor.py:925} INFO - DAG(s) 'example_dag_decorator' retrieved from /home/airflow/.local/lib/python3.12/site-packages/airflow/example_dags/example_dag_decorator.py
[2025-05-20T17:14:01.406+0000] {logging_mixin.py:190} INFO - [2025-05-20T17:14:01.405+0000] {dag.py:3239} INFO - Sync 1 DAGs
[2025-05-20T17:14:01.422+0000] {logging_mixin.py:190} INFO - [2025-05-20T17:14:01.422+0000] {dag.py:4180} INFO - Setting next_dagrun for example_dag_decorator to None, run_after=None
[2025-05-20T17:14:01.449+0000] {processor.py:208} INFO - Processing /home/airflow/.local/lib/python3.12/site-packages/airflow/example_dags/example_dag_decorator.py took 0.322 seconds
[2025-05-20T17:14:31.572+0000] {processor.py:186} INFO - Started process (PID=1619) to work on /home/airflow/.local/lib/python3.12/site-packages/airflow/example_dags/example_dag_decorator.py
[2025-05-20T17:14:31.573+0000] {processor.py:914} INFO - Processing file /home/airflow/.local/lib/python3.12/site-packages/airflow/example_dags/example_dag_decorator.py for tasks to queue
[2025-05-20T17:14:31.576+0000] {logging_mixin.py:190} INFO - [2025-05-20T17:14:31.576+0000] {dagbag.py:588} INFO - Filling up the DagBag from /home/airflow/.local/lib/python3.12/site-packages/airflow/example_dags/example_dag_decorator.py
[2025-05-20T17:14:31.676+0000] {processor.py:925} INFO - DAG(s) 'example_dag_decorator' retrieved from /home/airflow/.local/lib/python3.12/site-packages/airflow/example_dags/example_dag_decorator.py
[2025-05-20T17:14:31.780+0000] {logging_mixin.py:190} INFO - [2025-05-20T17:14:31.780+0000] {dag.py:3239} INFO - Sync 1 DAGs
[2025-05-20T17:14:31.792+0000] {logging_mixin.py:190} INFO - [2025-05-20T17:14:31.792+0000] {dag.py:4180} INFO - Setting next_dagrun for example_dag_decorator to None, run_after=None
[2025-05-20T17:14:31.810+0000] {processor.py:208} INFO - Processing /home/airflow/.local/lib/python3.12/site-packages/airflow/example_dags/example_dag_decorator.py took 0.246 seconds
[2025-05-20T17:15:01.961+0000] {processor.py:186} INFO - Started process (PID=1682) to work on /home/airflow/.local/lib/python3.12/site-packages/airflow/example_dags/example_dag_decorator.py
[2025-05-20T17:15:01.962+0000] {processor.py:914} INFO - Processing file /home/airflow/.local/lib/python3.12/site-packages/airflow/example_dags/example_dag_decorator.py for tasks to queue
[2025-05-20T17:15:01.964+0000] {logging_mixin.py:190} INFO - [2025-05-20T17:15:01.964+0000] {dagbag.py:588} INFO - Filling up the DagBag from /home/airflow/.local/lib/python3.12/site-packages/airflow/example_dags/example_dag_decorator.py
[2025-05-20T17:15:02.060+0000] {processor.py:925} INFO - DAG(s) 'example_dag_decorator' retrieved from /home/airflow/.local/lib/python3.12/site-packages/airflow/example_dags/example_dag_decorator.py
[2025-05-20T17:15:02.161+0000] {logging_mixin.py:190} INFO - [2025-05-20T17:15:02.161+0000] {dag.py:3239} INFO - Sync 1 DAGs
[2025-05-20T17:15:02.174+0000] {logging_mixin.py:190} INFO - [2025-05-20T17:15:02.174+0000] {dag.py:4180} INFO - Setting next_dagrun for example_dag_decorator to None, run_after=None
[2025-05-20T17:15:02.193+0000] {processor.py:208} INFO - Processing /home/airflow/.local/lib/python3.12/site-packages/airflow/example_dags/example_dag_decorator.py took 0.237 seconds
[2025-05-20T17:15:33.975+0000] {processor.py:186} INFO - Started process (PID=1746) to work on /home/airflow/.local/lib/python3.12/site-packages/airflow/example_dags/example_dag_decorator.py
[2025-05-20T17:15:33.978+0000] {processor.py:914} INFO - Processing file /home/airflow/.local/lib/python3.12/site-packages/airflow/example_dags/example_dag_decorator.py for tasks to queue
[2025-05-20T17:15:33.983+0000] {logging_mixin.py:190} INFO - [2025-05-20T17:15:33.982+0000] {dagbag.py:588} INFO - Filling up the DagBag from /home/airflow/.local/lib/python3.12/site-packages/airflow/example_dags/example_dag_decorator.py
[2025-05-20T17:15:34.214+0000] {processor.py:925} INFO - DAG(s) 'example_dag_decorator' retrieved from /home/airflow/.local/lib/python3.12/site-packages/airflow/example_dags/example_dag_decorator.py
[2025-05-20T17:15:34.464+0000] {logging_mixin.py:190} INFO - [2025-05-20T17:15:34.463+0000] {dag.py:3239} INFO - Sync 1 DAGs
[2025-05-20T17:15:34.494+0000] {logging_mixin.py:190} INFO - [2025-05-20T17:15:34.493+0000] {dag.py:4180} INFO - Setting next_dagrun for example_dag_decorator to None, run_after=None
[2025-05-20T17:15:34.541+0000] {processor.py:208} INFO - Processing /home/airflow/.local/lib/python3.12/site-packages/airflow/example_dags/example_dag_decorator.py took 0.576 seconds
[2025-05-20T17:16:05.900+0000] {processor.py:186} INFO - Started process (PID=1810) to work on /home/airflow/.local/lib/python3.12/site-packages/airflow/example_dags/example_dag_decorator.py
[2025-05-20T17:16:05.902+0000] {processor.py:914} INFO - Processing file /home/airflow/.local/lib/python3.12/site-packages/airflow/example_dags/example_dag_decorator.py for tasks to queue
[2025-05-20T17:16:05.907+0000] {logging_mixin.py:190} INFO - [2025-05-20T17:16:05.906+0000] {dagbag.py:588} INFO - Filling up the DagBag from /home/airflow/.local/lib/python3.12/site-packages/airflow/example_dags/example_dag_decorator.py
[2025-05-20T17:16:06.144+0000] {processor.py:925} INFO - DAG(s) 'example_dag_decorator' retrieved from /home/airflow/.local/lib/python3.12/site-packages/airflow/example_dags/example_dag_decorator.py
[2025-05-20T17:16:06.396+0000] {logging_mixin.py:190} INFO - [2025-05-20T17:16:06.395+0000] {dag.py:3239} INFO - Sync 1 DAGs
[2025-05-20T17:16:06.426+0000] {logging_mixin.py:190} INFO - [2025-05-20T17:16:06.426+0000] {dag.py:4180} INFO - Setting next_dagrun for example_dag_decorator to None, run_after=None
[2025-05-20T17:16:06.471+0000] {processor.py:208} INFO - Processing /home/airflow/.local/lib/python3.12/site-packages/airflow/example_dags/example_dag_decorator.py took 0.582 seconds
[2025-05-20T17:16:36.650+0000] {processor.py:186} INFO - Started process (PID=1874) to work on /home/airflow/.local/lib/python3.12/site-packages/airflow/example_dags/example_dag_decorator.py
[2025-05-20T17:16:36.652+0000] {processor.py:914} INFO - Processing file /home/airflow/.local/lib/python3.12/site-packages/airflow/example_dags/example_dag_decorator.py for tasks to queue
[2025-05-20T17:16:36.657+0000] {logging_mixin.py:190} INFO - [2025-05-20T17:16:36.656+0000] {dagbag.py:588} INFO - Filling up the DagBag from /home/airflow/.local/lib/python3.12/site-packages/airflow/example_dags/example_dag_decorator.py
[2025-05-20T17:16:36.890+0000] {processor.py:925} INFO - DAG(s) 'example_dag_decorator' retrieved from /home/airflow/.local/lib/python3.12/site-packages/airflow/example_dags/example_dag_decorator.py
[2025-05-20T17:16:37.114+0000] {logging_mixin.py:190} INFO - [2025-05-20T17:16:37.114+0000] {dag.py:3239} INFO - Sync 1 DAGs
[2025-05-20T17:16:37.139+0000] {logging_mixin.py:190} INFO - [2025-05-20T17:16:37.138+0000] {dag.py:4180} INFO - Setting next_dagrun for example_dag_decorator to None, run_after=None
[2025-05-20T17:16:37.227+0000] {processor.py:208} INFO - Processing /home/airflow/.local/lib/python3.12/site-packages/airflow/example_dags/example_dag_decorator.py took 0.588 seconds
[2025-05-20T17:17:07.856+0000] {processor.py:186} INFO - Started process (PID=1939) to work on /home/airflow/.local/lib/python3.12/site-packages/airflow/example_dags/example_dag_decorator.py
[2025-05-20T17:17:07.858+0000] {processor.py:914} INFO - Processing file /home/airflow/.local/lib/python3.12/site-packages/airflow/example_dags/example_dag_decorator.py for tasks to queue
[2025-05-20T17:17:07.863+0000] {logging_mixin.py:190} INFO - [2025-05-20T17:17:07.862+0000] {dagbag.py:588} INFO - Filling up the DagBag from /home/airflow/.local/lib/python3.12/site-packages/airflow/example_dags/example_dag_decorator.py
[2025-05-20T17:17:08.108+0000] {processor.py:925} INFO - DAG(s) 'example_dag_decorator' retrieved from /home/airflow/.local/lib/python3.12/site-packages/airflow/example_dags/example_dag_decorator.py
[2025-05-20T17:17:08.356+0000] {logging_mixin.py:190} INFO - [2025-05-20T17:17:08.356+0000] {dag.py:3239} INFO - Sync 1 DAGs
[2025-05-20T17:17:08.386+0000] {logging_mixin.py:190} INFO - [2025-05-20T17:17:08.385+0000] {dag.py:4180} INFO - Setting next_dagrun for example_dag_decorator to None, run_after=None
[2025-05-20T17:17:08.490+0000] {processor.py:208} INFO - Processing /home/airflow/.local/lib/python3.12/site-packages/airflow/example_dags/example_dag_decorator.py took 0.645 seconds
[2025-05-20T17:17:38.818+0000] {processor.py:186} INFO - Started process (PID=2002) to work on /home/airflow/.local/lib/python3.12/site-packages/airflow/example_dags/example_dag_decorator.py
[2025-05-20T17:17:38.821+0000] {processor.py:914} INFO - Processing file /home/airflow/.local/lib/python3.12/site-packages/airflow/example_dags/example_dag_decorator.py for tasks to queue
[2025-05-20T17:17:38.827+0000] {logging_mixin.py:190} INFO - [2025-05-20T17:17:38.826+0000] {dagbag.py:588} INFO - Filling up the DagBag from /home/airflow/.local/lib/python3.12/site-packages/airflow/example_dags/example_dag_decorator.py
[2025-05-20T17:17:39.135+0000] {processor.py:925} INFO - DAG(s) 'example_dag_decorator' retrieved from /home/airflow/.local/lib/python3.12/site-packages/airflow/example_dags/example_dag_decorator.py
[2025-05-20T17:17:39.404+0000] {logging_mixin.py:190} INFO - [2025-05-20T17:17:39.404+0000] {dag.py:3239} INFO - Sync 1 DAGs
[2025-05-20T17:17:39.431+0000] {logging_mixin.py:190} INFO - [2025-05-20T17:17:39.431+0000] {dag.py:4180} INFO - Setting next_dagrun for example_dag_decorator to None, run_after=None
[2025-05-20T17:17:39.473+0000] {processor.py:208} INFO - Processing /home/airflow/.local/lib/python3.12/site-packages/airflow/example_dags/example_dag_decorator.py took 0.668 seconds
[2025-05-20T17:18:09.732+0000] {processor.py:186} INFO - Started process (PID=2067) to work on /home/airflow/.local/lib/python3.12/site-packages/airflow/example_dags/example_dag_decorator.py
[2025-05-20T17:18:09.735+0000] {processor.py:914} INFO - Processing file /home/airflow/.local/lib/python3.12/site-packages/airflow/example_dags/example_dag_decorator.py for tasks to queue
[2025-05-20T17:18:09.739+0000] {logging_mixin.py:190} INFO - [2025-05-20T17:18:09.739+0000] {dagbag.py:588} INFO - Filling up the DagBag from /home/airflow/.local/lib/python3.12/site-packages/airflow/example_dags/example_dag_decorator.py
[2025-05-20T17:18:09.987+0000] {processor.py:925} INFO - DAG(s) 'example_dag_decorator' retrieved from /home/airflow/.local/lib/python3.12/site-packages/airflow/example_dags/example_dag_decorator.py
[2025-05-20T17:18:10.245+0000] {logging_mixin.py:190} INFO - [2025-05-20T17:18:10.244+0000] {dag.py:3239} INFO - Sync 1 DAGs
[2025-05-20T17:18:10.271+0000] {logging_mixin.py:190} INFO - [2025-05-20T17:18:10.270+0000] {dag.py:4180} INFO - Setting next_dagrun for example_dag_decorator to None, run_after=None
[2025-05-20T17:18:10.374+0000] {processor.py:208} INFO - Processing /home/airflow/.local/lib/python3.12/site-packages/airflow/example_dags/example_dag_decorator.py took 0.654 seconds
[2025-05-20T17:18:40.776+0000] {processor.py:186} INFO - Started process (PID=2131) to work on /home/airflow/.local/lib/python3.12/site-packages/airflow/example_dags/example_dag_decorator.py
[2025-05-20T17:18:40.778+0000] {processor.py:914} INFO - Processing file /home/airflow/.local/lib/python3.12/site-packages/airflow/example_dags/example_dag_decorator.py for tasks to queue
[2025-05-20T17:18:40.782+0000] {logging_mixin.py:190} INFO - [2025-05-20T17:18:40.782+0000] {dagbag.py:588} INFO - Filling up the DagBag from /home/airflow/.local/lib/python3.12/site-packages/airflow/example_dags/example_dag_decorator.py
[2025-05-20T17:18:41.009+0000] {processor.py:925} INFO - DAG(s) 'example_dag_decorator' retrieved from /home/airflow/.local/lib/python3.12/site-packages/airflow/example_dags/example_dag_decorator.py
[2025-05-20T17:18:41.317+0000] {logging_mixin.py:190} INFO - [2025-05-20T17:18:41.316+0000] {dag.py:3239} INFO - Sync 1 DAGs
[2025-05-20T17:18:41.349+0000] {logging_mixin.py:190} INFO - [2025-05-20T17:18:41.348+0000] {dag.py:4180} INFO - Setting next_dagrun for example_dag_decorator to None, run_after=None
[2025-05-20T17:18:41.447+0000] {processor.py:208} INFO - Processing /home/airflow/.local/lib/python3.12/site-packages/airflow/example_dags/example_dag_decorator.py took 0.682 seconds
[2025-05-20T17:19:12.294+0000] {processor.py:186} INFO - Started process (PID=2195) to work on /home/airflow/.local/lib/python3.12/site-packages/airflow/example_dags/example_dag_decorator.py
[2025-05-20T17:19:12.296+0000] {processor.py:914} INFO - Processing file /home/airflow/.local/lib/python3.12/site-packages/airflow/example_dags/example_dag_decorator.py for tasks to queue
[2025-05-20T17:19:12.301+0000] {logging_mixin.py:190} INFO - [2025-05-20T17:19:12.300+0000] {dagbag.py:588} INFO - Filling up the DagBag from /home/airflow/.local/lib/python3.12/site-packages/airflow/example_dags/example_dag_decorator.py
[2025-05-20T17:19:12.551+0000] {processor.py:925} INFO - DAG(s) 'example_dag_decorator' retrieved from /home/airflow/.local/lib/python3.12/site-packages/airflow/example_dags/example_dag_decorator.py
[2025-05-20T17:19:12.800+0000] {logging_mixin.py:190} INFO - [2025-05-20T17:19:12.799+0000] {dag.py:3239} INFO - Sync 1 DAGs
[2025-05-20T17:19:12.834+0000] {logging_mixin.py:190} INFO - [2025-05-20T17:19:12.834+0000] {dag.py:4180} INFO - Setting next_dagrun for example_dag_decorator to None, run_after=None
[2025-05-20T17:19:12.882+0000] {processor.py:208} INFO - Processing /home/airflow/.local/lib/python3.12/site-packages/airflow/example_dags/example_dag_decorator.py took 0.600 seconds
[2025-05-20T17:19:43.107+0000] {processor.py:186} INFO - Started process (PID=2260) to work on /home/airflow/.local/lib/python3.12/site-packages/airflow/example_dags/example_dag_decorator.py
[2025-05-20T17:19:43.108+0000] {processor.py:914} INFO - Processing file /home/airflow/.local/lib/python3.12/site-packages/airflow/example_dags/example_dag_decorator.py for tasks to queue
[2025-05-20T17:19:43.113+0000] {logging_mixin.py:190} INFO - [2025-05-20T17:19:43.112+0000] {dagbag.py:588} INFO - Filling up the DagBag from /home/airflow/.local/lib/python3.12/site-packages/airflow/example_dags/example_dag_decorator.py
[2025-05-20T17:19:43.332+0000] {processor.py:925} INFO - DAG(s) 'example_dag_decorator' retrieved from /home/airflow/.local/lib/python3.12/site-packages/airflow/example_dags/example_dag_decorator.py
[2025-05-20T17:19:43.566+0000] {logging_mixin.py:190} INFO - [2025-05-20T17:19:43.566+0000] {dag.py:3239} INFO - Sync 1 DAGs
[2025-05-20T17:19:43.594+0000] {logging_mixin.py:190} INFO - [2025-05-20T17:19:43.594+0000] {dag.py:4180} INFO - Setting next_dagrun for example_dag_decorator to None, run_after=None
[2025-05-20T17:19:43.638+0000] {processor.py:208} INFO - Processing /home/airflow/.local/lib/python3.12/site-packages/airflow/example_dags/example_dag_decorator.py took 0.543 seconds
[2025-05-20T17:20:14.450+0000] {processor.py:186} INFO - Started process (PID=2325) to work on /home/airflow/.local/lib/python3.12/site-packages/airflow/example_dags/example_dag_decorator.py
[2025-05-20T17:20:14.452+0000] {processor.py:914} INFO - Processing file /home/airflow/.local/lib/python3.12/site-packages/airflow/example_dags/example_dag_decorator.py for tasks to queue
[2025-05-20T17:20:14.457+0000] {logging_mixin.py:190} INFO - [2025-05-20T17:20:14.456+0000] {dagbag.py:588} INFO - Filling up the DagBag from /home/airflow/.local/lib/python3.12/site-packages/airflow/example_dags/example_dag_decorator.py
[2025-05-20T17:20:14.683+0000] {processor.py:925} INFO - DAG(s) 'example_dag_decorator' retrieved from /home/airflow/.local/lib/python3.12/site-packages/airflow/example_dags/example_dag_decorator.py
[2025-05-20T17:20:14.951+0000] {logging_mixin.py:190} INFO - [2025-05-20T17:20:14.951+0000] {dag.py:3239} INFO - Sync 1 DAGs
[2025-05-20T17:20:14.976+0000] {logging_mixin.py:190} INFO - [2025-05-20T17:20:14.976+0000] {dag.py:4180} INFO - Setting next_dagrun for example_dag_decorator to None, run_after=None
[2025-05-20T17:20:15.014+0000] {processor.py:208} INFO - Processing /home/airflow/.local/lib/python3.12/site-packages/airflow/example_dags/example_dag_decorator.py took 0.575 seconds
[2025-05-20T17:20:45.335+0000] {processor.py:186} INFO - Started process (PID=2389) to work on /home/airflow/.local/lib/python3.12/site-packages/airflow/example_dags/example_dag_decorator.py
[2025-05-20T17:20:45.337+0000] {processor.py:914} INFO - Processing file /home/airflow/.local/lib/python3.12/site-packages/airflow/example_dags/example_dag_decorator.py for tasks to queue
[2025-05-20T17:20:45.343+0000] {logging_mixin.py:190} INFO - [2025-05-20T17:20:45.342+0000] {dagbag.py:588} INFO - Filling up the DagBag from /home/airflow/.local/lib/python3.12/site-packages/airflow/example_dags/example_dag_decorator.py
[2025-05-20T17:20:45.587+0000] {processor.py:925} INFO - DAG(s) 'example_dag_decorator' retrieved from /home/airflow/.local/lib/python3.12/site-packages/airflow/example_dags/example_dag_decorator.py
[2025-05-20T17:20:45.856+0000] {logging_mixin.py:190} INFO - [2025-05-20T17:20:45.856+0000] {dag.py:3239} INFO - Sync 1 DAGs
[2025-05-20T17:20:45.881+0000] {logging_mixin.py:190} INFO - [2025-05-20T17:20:45.880+0000] {dag.py:4180} INFO - Setting next_dagrun for example_dag_decorator to None, run_after=None
[2025-05-20T17:20:45.921+0000] {processor.py:208} INFO - Processing /home/airflow/.local/lib/python3.12/site-packages/airflow/example_dags/example_dag_decorator.py took 0.597 seconds
[2025-05-20T17:21:16.147+0000] {processor.py:186} INFO - Started process (PID=2453) to work on /home/airflow/.local/lib/python3.12/site-packages/airflow/example_dags/example_dag_decorator.py
[2025-05-20T17:21:16.149+0000] {processor.py:914} INFO - Processing file /home/airflow/.local/lib/python3.12/site-packages/airflow/example_dags/example_dag_decorator.py for tasks to queue
[2025-05-20T17:21:16.155+0000] {logging_mixin.py:190} INFO - [2025-05-20T17:21:16.154+0000] {dagbag.py:588} INFO - Filling up the DagBag from /home/airflow/.local/lib/python3.12/site-packages/airflow/example_dags/example_dag_decorator.py
[2025-05-20T17:21:16.407+0000] {processor.py:925} INFO - DAG(s) 'example_dag_decorator' retrieved from /home/airflow/.local/lib/python3.12/site-packages/airflow/example_dags/example_dag_decorator.py
[2025-05-20T17:21:16.641+0000] {logging_mixin.py:190} INFO - [2025-05-20T17:21:16.641+0000] {dag.py:3239} INFO - Sync 1 DAGs
[2025-05-20T17:21:16.677+0000] {logging_mixin.py:190} INFO - [2025-05-20T17:21:16.677+0000] {dag.py:4180} INFO - Setting next_dagrun for example_dag_decorator to None, run_after=None
[2025-05-20T17:21:16.719+0000] {processor.py:208} INFO - Processing /home/airflow/.local/lib/python3.12/site-packages/airflow/example_dags/example_dag_decorator.py took 0.583 seconds
[2025-05-20T17:21:46.810+0000] {processor.py:186} INFO - Started process (PID=2518) to work on /home/airflow/.local/lib/python3.12/site-packages/airflow/example_dags/example_dag_decorator.py
[2025-05-20T17:21:46.812+0000] {processor.py:914} INFO - Processing file /home/airflow/.local/lib/python3.12/site-packages/airflow/example_dags/example_dag_decorator.py for tasks to queue
[2025-05-20T17:21:46.818+0000] {logging_mixin.py:190} INFO - [2025-05-20T17:21:46.817+0000] {dagbag.py:588} INFO - Filling up the DagBag from /home/airflow/.local/lib/python3.12/site-packages/airflow/example_dags/example_dag_decorator.py
[2025-05-20T17:21:47.053+0000] {processor.py:925} INFO - DAG(s) 'example_dag_decorator' retrieved from /home/airflow/.local/lib/python3.12/site-packages/airflow/example_dags/example_dag_decorator.py
[2025-05-20T17:21:47.302+0000] {logging_mixin.py:190} INFO - [2025-05-20T17:21:47.301+0000] {dag.py:3239} INFO - Sync 1 DAGs
[2025-05-20T17:21:47.337+0000] {logging_mixin.py:190} INFO - [2025-05-20T17:21:47.336+0000] {dag.py:4180} INFO - Setting next_dagrun for example_dag_decorator to None, run_after=None
[2025-05-20T17:21:47.390+0000] {processor.py:208} INFO - Processing /home/airflow/.local/lib/python3.12/site-packages/airflow/example_dags/example_dag_decorator.py took 0.593 seconds
[2025-05-20T17:22:17.556+0000] {processor.py:186} INFO - Started process (PID=2584) to work on /home/airflow/.local/lib/python3.12/site-packages/airflow/example_dags/example_dag_decorator.py
[2025-05-20T17:22:17.558+0000] {processor.py:914} INFO - Processing file /home/airflow/.local/lib/python3.12/site-packages/airflow/example_dags/example_dag_decorator.py for tasks to queue
[2025-05-20T17:22:17.563+0000] {logging_mixin.py:190} INFO - [2025-05-20T17:22:17.562+0000] {dagbag.py:588} INFO - Filling up the DagBag from /home/airflow/.local/lib/python3.12/site-packages/airflow/example_dags/example_dag_decorator.py
[2025-05-20T17:22:17.804+0000] {processor.py:925} INFO - DAG(s) 'example_dag_decorator' retrieved from /home/airflow/.local/lib/python3.12/site-packages/airflow/example_dags/example_dag_decorator.py
[2025-05-20T17:22:18.123+0000] {logging_mixin.py:190} INFO - [2025-05-20T17:22:18.122+0000] {dag.py:3239} INFO - Sync 1 DAGs
[2025-05-20T17:22:18.150+0000] {logging_mixin.py:190} INFO - [2025-05-20T17:22:18.150+0000] {dag.py:4180} INFO - Setting next_dagrun for example_dag_decorator to None, run_after=None
[2025-05-20T17:22:18.255+0000] {processor.py:208} INFO - Processing /home/airflow/.local/lib/python3.12/site-packages/airflow/example_dags/example_dag_decorator.py took 0.711 seconds
[2025-05-20T17:22:48.642+0000] {processor.py:186} INFO - Started process (PID=2651) to work on /home/airflow/.local/lib/python3.12/site-packages/airflow/example_dags/example_dag_decorator.py
[2025-05-20T17:22:48.645+0000] {processor.py:914} INFO - Processing file /home/airflow/.local/lib/python3.12/site-packages/airflow/example_dags/example_dag_decorator.py for tasks to queue
[2025-05-20T17:22:48.651+0000] {logging_mixin.py:190} INFO - [2025-05-20T17:22:48.651+0000] {dagbag.py:588} INFO - Filling up the DagBag from /home/airflow/.local/lib/python3.12/site-packages/airflow/example_dags/example_dag_decorator.py
[2025-05-20T17:22:48.923+0000] {processor.py:925} INFO - DAG(s) 'example_dag_decorator' retrieved from /home/airflow/.local/lib/python3.12/site-packages/airflow/example_dags/example_dag_decorator.py
[2025-05-20T17:22:49.242+0000] {logging_mixin.py:190} INFO - [2025-05-20T17:22:49.241+0000] {dag.py:3239} INFO - Sync 1 DAGs
[2025-05-20T17:22:49.293+0000] {logging_mixin.py:190} INFO - [2025-05-20T17:22:49.291+0000] {dag.py:4180} INFO - Setting next_dagrun for example_dag_decorator to None, run_after=None
[2025-05-20T17:22:49.353+0000] {processor.py:208} INFO - Processing /home/airflow/.local/lib/python3.12/site-packages/airflow/example_dags/example_dag_decorator.py took 0.728 seconds
[2025-05-20T17:23:19.676+0000] {processor.py:186} INFO - Started process (PID=2723) to work on /home/airflow/.local/lib/python3.12/site-packages/airflow/example_dags/example_dag_decorator.py
[2025-05-20T17:23:19.678+0000] {processor.py:914} INFO - Processing file /home/airflow/.local/lib/python3.12/site-packages/airflow/example_dags/example_dag_decorator.py for tasks to queue
[2025-05-20T17:23:19.683+0000] {logging_mixin.py:190} INFO - [2025-05-20T17:23:19.682+0000] {dagbag.py:588} INFO - Filling up the DagBag from /home/airflow/.local/lib/python3.12/site-packages/airflow/example_dags/example_dag_decorator.py
[2025-05-20T17:23:19.926+0000] {processor.py:925} INFO - DAG(s) 'example_dag_decorator' retrieved from /home/airflow/.local/lib/python3.12/site-packages/airflow/example_dags/example_dag_decorator.py
[2025-05-20T17:23:20.215+0000] {logging_mixin.py:190} INFO - [2025-05-20T17:23:20.215+0000] {dag.py:3239} INFO - Sync 1 DAGs
[2025-05-20T17:23:20.535+0000] {logging_mixin.py:190} INFO - [2025-05-20T17:23:20.534+0000] {dag.py:4180} INFO - Setting next_dagrun for example_dag_decorator to None, run_after=None
[2025-05-20T17:23:20.578+0000] {processor.py:208} INFO - Processing /home/airflow/.local/lib/python3.12/site-packages/airflow/example_dags/example_dag_decorator.py took 0.912 seconds
[2025-05-20T17:23:50.694+0000] {processor.py:186} INFO - Started process (PID=2789) to work on /home/airflow/.local/lib/python3.12/site-packages/airflow/example_dags/example_dag_decorator.py
[2025-05-20T17:23:50.696+0000] {processor.py:914} INFO - Processing file /home/airflow/.local/lib/python3.12/site-packages/airflow/example_dags/example_dag_decorator.py for tasks to queue
[2025-05-20T17:23:50.701+0000] {logging_mixin.py:190} INFO - [2025-05-20T17:23:50.700+0000] {dagbag.py:588} INFO - Filling up the DagBag from /home/airflow/.local/lib/python3.12/site-packages/airflow/example_dags/example_dag_decorator.py
[2025-05-20T17:23:50.931+0000] {processor.py:925} INFO - DAG(s) 'example_dag_decorator' retrieved from /home/airflow/.local/lib/python3.12/site-packages/airflow/example_dags/example_dag_decorator.py
[2025-05-20T17:23:51.198+0000] {logging_mixin.py:190} INFO - [2025-05-20T17:23:51.197+0000] {dag.py:3239} INFO - Sync 1 DAGs
[2025-05-20T17:23:51.227+0000] {logging_mixin.py:190} INFO - [2025-05-20T17:23:51.226+0000] {dag.py:4180} INFO - Setting next_dagrun for example_dag_decorator to None, run_after=None
[2025-05-20T17:23:51.649+0000] {processor.py:208} INFO - Processing /home/airflow/.local/lib/python3.12/site-packages/airflow/example_dags/example_dag_decorator.py took 0.965 seconds
[2025-05-20T17:24:23.078+0000] {processor.py:186} INFO - Started process (PID=2856) to work on /home/airflow/.local/lib/python3.12/site-packages/airflow/example_dags/example_dag_decorator.py
[2025-05-20T17:24:23.080+0000] {processor.py:914} INFO - Processing file /home/airflow/.local/lib/python3.12/site-packages/airflow/example_dags/example_dag_decorator.py for tasks to queue
[2025-05-20T17:24:23.084+0000] {logging_mixin.py:190} INFO - [2025-05-20T17:24:23.083+0000] {dagbag.py:588} INFO - Filling up the DagBag from /home/airflow/.local/lib/python3.12/site-packages/airflow/example_dags/example_dag_decorator.py
[2025-05-20T17:24:23.298+0000] {processor.py:925} INFO - DAG(s) 'example_dag_decorator' retrieved from /home/airflow/.local/lib/python3.12/site-packages/airflow/example_dags/example_dag_decorator.py
[2025-05-20T17:24:23.551+0000] {logging_mixin.py:190} INFO - [2025-05-20T17:24:23.551+0000] {dag.py:3239} INFO - Sync 1 DAGs
[2025-05-20T17:24:23.584+0000] {logging_mixin.py:190} INFO - [2025-05-20T17:24:23.584+0000] {dag.py:4180} INFO - Setting next_dagrun for example_dag_decorator to None, run_after=None
[2025-05-20T17:24:23.692+0000] {processor.py:208} INFO - Processing /home/airflow/.local/lib/python3.12/site-packages/airflow/example_dags/example_dag_decorator.py took 0.625 seconds
[2025-05-20T17:24:55.291+0000] {processor.py:186} INFO - Started process (PID=2918) to work on /home/airflow/.local/lib/python3.12/site-packages/airflow/example_dags/example_dag_decorator.py
[2025-05-20T17:24:55.294+0000] {processor.py:914} INFO - Processing file /home/airflow/.local/lib/python3.12/site-packages/airflow/example_dags/example_dag_decorator.py for tasks to queue
[2025-05-20T17:24:55.298+0000] {logging_mixin.py:190} INFO - [2025-05-20T17:24:55.298+0000] {dagbag.py:588} INFO - Filling up the DagBag from /home/airflow/.local/lib/python3.12/site-packages/airflow/example_dags/example_dag_decorator.py
[2025-05-20T17:24:55.512+0000] {processor.py:925} INFO - DAG(s) 'example_dag_decorator' retrieved from /home/airflow/.local/lib/python3.12/site-packages/airflow/example_dags/example_dag_decorator.py
[2025-05-20T17:24:56.078+0000] {logging_mixin.py:190} INFO - [2025-05-20T17:24:56.077+0000] {dag.py:3239} INFO - Sync 1 DAGs
[2025-05-20T17:24:56.101+0000] {logging_mixin.py:190} INFO - [2025-05-20T17:24:56.101+0000] {dag.py:4180} INFO - Setting next_dagrun for example_dag_decorator to None, run_after=None
[2025-05-20T17:24:56.139+0000] {processor.py:208} INFO - Processing /home/airflow/.local/lib/python3.12/site-packages/airflow/example_dags/example_dag_decorator.py took 0.855 seconds
[2025-05-20T17:25:27.206+0000] {processor.py:186} INFO - Started process (PID=2984) to work on /home/airflow/.local/lib/python3.12/site-packages/airflow/example_dags/example_dag_decorator.py
[2025-05-20T17:25:27.208+0000] {processor.py:914} INFO - Processing file /home/airflow/.local/lib/python3.12/site-packages/airflow/example_dags/example_dag_decorator.py for tasks to queue
[2025-05-20T17:25:27.213+0000] {logging_mixin.py:190} INFO - [2025-05-20T17:25:27.212+0000] {dagbag.py:588} INFO - Filling up the DagBag from /home/airflow/.local/lib/python3.12/site-packages/airflow/example_dags/example_dag_decorator.py
[2025-05-20T17:25:27.441+0000] {processor.py:925} INFO - DAG(s) 'example_dag_decorator' retrieved from /home/airflow/.local/lib/python3.12/site-packages/airflow/example_dags/example_dag_decorator.py
[2025-05-20T17:25:28.011+0000] {logging_mixin.py:190} INFO - [2025-05-20T17:25:28.010+0000] {dag.py:3239} INFO - Sync 1 DAGs
[2025-05-20T17:25:28.036+0000] {logging_mixin.py:190} INFO - [2025-05-20T17:25:28.035+0000] {dag.py:4180} INFO - Setting next_dagrun for example_dag_decorator to None, run_after=None
[2025-05-20T17:25:28.082+0000] {processor.py:208} INFO - Processing /home/airflow/.local/lib/python3.12/site-packages/airflow/example_dags/example_dag_decorator.py took 0.888 seconds
[2025-05-20T17:25:58.898+0000] {processor.py:186} INFO - Started process (PID=3050) to work on /home/airflow/.local/lib/python3.12/site-packages/airflow/example_dags/example_dag_decorator.py
[2025-05-20T17:25:58.900+0000] {processor.py:914} INFO - Processing file /home/airflow/.local/lib/python3.12/site-packages/airflow/example_dags/example_dag_decorator.py for tasks to queue
[2025-05-20T17:25:58.904+0000] {logging_mixin.py:190} INFO - [2025-05-20T17:25:58.904+0000] {dagbag.py:588} INFO - Filling up the DagBag from /home/airflow/.local/lib/python3.12/site-packages/airflow/example_dags/example_dag_decorator.py
[2025-05-20T17:25:59.126+0000] {processor.py:925} INFO - DAG(s) 'example_dag_decorator' retrieved from /home/airflow/.local/lib/python3.12/site-packages/airflow/example_dags/example_dag_decorator.py
[2025-05-20T17:25:59.424+0000] {logging_mixin.py:190} INFO - [2025-05-20T17:25:59.423+0000] {dag.py:3239} INFO - Sync 1 DAGs
[2025-05-20T17:25:59.778+0000] {logging_mixin.py:190} INFO - [2025-05-20T17:25:59.778+0000] {dag.py:4180} INFO - Setting next_dagrun for example_dag_decorator to None, run_after=None
[2025-05-20T17:25:59.882+0000] {processor.py:208} INFO - Processing /home/airflow/.local/lib/python3.12/site-packages/airflow/example_dags/example_dag_decorator.py took 0.997 seconds
[2025-05-20T17:26:31.526+0000] {processor.py:186} INFO - Started process (PID=3116) to work on /home/airflow/.local/lib/python3.12/site-packages/airflow/example_dags/example_dag_decorator.py
[2025-05-20T17:26:31.528+0000] {processor.py:914} INFO - Processing file /home/airflow/.local/lib/python3.12/site-packages/airflow/example_dags/example_dag_decorator.py for tasks to queue
[2025-05-20T17:26:31.532+0000] {logging_mixin.py:190} INFO - [2025-05-20T17:26:31.531+0000] {dagbag.py:588} INFO - Filling up the DagBag from /home/airflow/.local/lib/python3.12/site-packages/airflow/example_dags/example_dag_decorator.py
[2025-05-20T17:26:31.766+0000] {processor.py:925} INFO - DAG(s) 'example_dag_decorator' retrieved from /home/airflow/.local/lib/python3.12/site-packages/airflow/example_dags/example_dag_decorator.py
[2025-05-20T17:26:32.337+0000] {logging_mixin.py:190} INFO - [2025-05-20T17:26:32.337+0000] {dag.py:3239} INFO - Sync 1 DAGs
[2025-05-20T17:26:32.361+0000] {logging_mixin.py:190} INFO - [2025-05-20T17:26:32.360+0000] {dag.py:4180} INFO - Setting next_dagrun for example_dag_decorator to None, run_after=None
[2025-05-20T17:26:32.463+0000] {processor.py:208} INFO - Processing /home/airflow/.local/lib/python3.12/site-packages/airflow/example_dags/example_dag_decorator.py took 0.948 seconds
[2025-05-20T17:29:06.942+0000] {processor.py:186} INFO - Started process (PID=114) to work on /home/airflow/.local/lib/python3.12/site-packages/airflow/example_dags/example_dag_decorator.py
[2025-05-20T17:29:06.944+0000] {processor.py:914} INFO - Processing file /home/airflow/.local/lib/python3.12/site-packages/airflow/example_dags/example_dag_decorator.py for tasks to queue
[2025-05-20T17:29:06.948+0000] {logging_mixin.py:190} INFO - [2025-05-20T17:29:06.948+0000] {dagbag.py:588} INFO - Filling up the DagBag from /home/airflow/.local/lib/python3.12/site-packages/airflow/example_dags/example_dag_decorator.py
[2025-05-20T17:29:07.817+0000] {processor.py:925} INFO - DAG(s) 'example_dag_decorator' retrieved from /home/airflow/.local/lib/python3.12/site-packages/airflow/example_dags/example_dag_decorator.py
[2025-05-20T17:29:08.071+0000] {logging_mixin.py:190} INFO - [2025-05-20T17:29:08.070+0000] {dag.py:3239} INFO - Sync 1 DAGs
[2025-05-20T17:29:08.098+0000] {logging_mixin.py:190} INFO - [2025-05-20T17:29:08.098+0000] {dag.py:4180} INFO - Setting next_dagrun for example_dag_decorator to None, run_after=None
[2025-05-20T17:29:08.207+0000] {processor.py:208} INFO - Processing /home/airflow/.local/lib/python3.12/site-packages/airflow/example_dags/example_dag_decorator.py took 1.277 seconds
[2025-05-20T17:29:38.904+0000] {processor.py:186} INFO - Started process (PID=180) to work on /home/airflow/.local/lib/python3.12/site-packages/airflow/example_dags/example_dag_decorator.py
[2025-05-20T17:29:38.907+0000] {processor.py:914} INFO - Processing file /home/airflow/.local/lib/python3.12/site-packages/airflow/example_dags/example_dag_decorator.py for tasks to queue
[2025-05-20T17:29:38.913+0000] {logging_mixin.py:190} INFO - [2025-05-20T17:29:38.913+0000] {dagbag.py:588} INFO - Filling up the DagBag from /home/airflow/.local/lib/python3.12/site-packages/airflow/example_dags/example_dag_decorator.py
[2025-05-20T17:29:39.199+0000] {processor.py:925} INFO - DAG(s) 'example_dag_decorator' retrieved from /home/airflow/.local/lib/python3.12/site-packages/airflow/example_dags/example_dag_decorator.py
[2025-05-20T17:29:39.471+0000] {logging_mixin.py:190} INFO - [2025-05-20T17:29:39.470+0000] {dag.py:3239} INFO - Sync 1 DAGs
[2025-05-20T17:29:39.500+0000] {logging_mixin.py:190} INFO - [2025-05-20T17:29:39.499+0000] {dag.py:4180} INFO - Setting next_dagrun for example_dag_decorator to None, run_after=None
[2025-05-20T17:29:39.582+0000] {processor.py:208} INFO - Processing /home/airflow/.local/lib/python3.12/site-packages/airflow/example_dags/example_dag_decorator.py took 0.694 seconds
[2025-05-20T17:30:09.893+0000] {processor.py:186} INFO - Started process (PID=252) to work on /home/airflow/.local/lib/python3.12/site-packages/airflow/example_dags/example_dag_decorator.py
[2025-05-20T17:30:09.895+0000] {processor.py:914} INFO - Processing file /home/airflow/.local/lib/python3.12/site-packages/airflow/example_dags/example_dag_decorator.py for tasks to queue
[2025-05-20T17:30:09.899+0000] {logging_mixin.py:190} INFO - [2025-05-20T17:30:09.899+0000] {dagbag.py:588} INFO - Filling up the DagBag from /home/airflow/.local/lib/python3.12/site-packages/airflow/example_dags/example_dag_decorator.py
[2025-05-20T17:30:10.129+0000] {processor.py:925} INFO - DAG(s) 'example_dag_decorator' retrieved from /home/airflow/.local/lib/python3.12/site-packages/airflow/example_dags/example_dag_decorator.py
[2025-05-20T17:30:10.396+0000] {logging_mixin.py:190} INFO - [2025-05-20T17:30:10.396+0000] {dag.py:3239} INFO - Sync 1 DAGs
[2025-05-20T17:30:10.432+0000] {logging_mixin.py:190} INFO - [2025-05-20T17:30:10.431+0000] {dag.py:4180} INFO - Setting next_dagrun for example_dag_decorator to None, run_after=None
[2025-05-20T17:30:10.543+0000] {processor.py:208} INFO - Processing /home/airflow/.local/lib/python3.12/site-packages/airflow/example_dags/example_dag_decorator.py took 0.660 seconds
[2025-05-20T17:30:40.814+0000] {processor.py:186} INFO - Started process (PID=317) to work on /home/airflow/.local/lib/python3.12/site-packages/airflow/example_dags/example_dag_decorator.py
[2025-05-20T17:30:40.816+0000] {processor.py:914} INFO - Processing file /home/airflow/.local/lib/python3.12/site-packages/airflow/example_dags/example_dag_decorator.py for tasks to queue
[2025-05-20T17:30:40.820+0000] {logging_mixin.py:190} INFO - [2025-05-20T17:30:40.820+0000] {dagbag.py:588} INFO - Filling up the DagBag from /home/airflow/.local/lib/python3.12/site-packages/airflow/example_dags/example_dag_decorator.py
[2025-05-20T17:30:41.054+0000] {processor.py:925} INFO - DAG(s) 'example_dag_decorator' retrieved from /home/airflow/.local/lib/python3.12/site-packages/airflow/example_dags/example_dag_decorator.py
[2025-05-20T17:30:41.346+0000] {logging_mixin.py:190} INFO - [2025-05-20T17:30:41.345+0000] {dag.py:3239} INFO - Sync 1 DAGs
[2025-05-20T17:30:41.376+0000] {logging_mixin.py:190} INFO - [2025-05-20T17:30:41.376+0000] {dag.py:4180} INFO - Setting next_dagrun for example_dag_decorator to None, run_after=None
[2025-05-20T17:30:41.428+0000] {processor.py:208} INFO - Processing /home/airflow/.local/lib/python3.12/site-packages/airflow/example_dags/example_dag_decorator.py took 0.626 seconds
[2025-05-20T17:31:11.595+0000] {processor.py:186} INFO - Started process (PID=384) to work on /home/airflow/.local/lib/python3.12/site-packages/airflow/example_dags/example_dag_decorator.py
[2025-05-20T17:31:11.597+0000] {processor.py:914} INFO - Processing file /home/airflow/.local/lib/python3.12/site-packages/airflow/example_dags/example_dag_decorator.py for tasks to queue
[2025-05-20T17:31:11.602+0000] {logging_mixin.py:190} INFO - [2025-05-20T17:31:11.602+0000] {dagbag.py:588} INFO - Filling up the DagBag from /home/airflow/.local/lib/python3.12/site-packages/airflow/example_dags/example_dag_decorator.py
[2025-05-20T17:31:11.834+0000] {processor.py:925} INFO - DAG(s) 'example_dag_decorator' retrieved from /home/airflow/.local/lib/python3.12/site-packages/airflow/example_dags/example_dag_decorator.py
[2025-05-20T17:31:12.067+0000] {logging_mixin.py:190} INFO - [2025-05-20T17:31:12.066+0000] {dag.py:3239} INFO - Sync 1 DAGs
[2025-05-20T17:31:12.097+0000] {logging_mixin.py:190} INFO - [2025-05-20T17:31:12.097+0000] {dag.py:4180} INFO - Setting next_dagrun for example_dag_decorator to None, run_after=None
[2025-05-20T17:31:12.131+0000] {processor.py:208} INFO - Processing /home/airflow/.local/lib/python3.12/site-packages/airflow/example_dags/example_dag_decorator.py took 0.547 seconds
[2025-05-20T17:31:42.751+0000] {processor.py:186} INFO - Started process (PID=452) to work on /home/airflow/.local/lib/python3.12/site-packages/airflow/example_dags/example_dag_decorator.py
[2025-05-20T17:31:42.753+0000] {processor.py:914} INFO - Processing file /home/airflow/.local/lib/python3.12/site-packages/airflow/example_dags/example_dag_decorator.py for tasks to queue
[2025-05-20T17:31:42.759+0000] {logging_mixin.py:190} INFO - [2025-05-20T17:31:42.758+0000] {dagbag.py:588} INFO - Filling up the DagBag from /home/airflow/.local/lib/python3.12/site-packages/airflow/example_dags/example_dag_decorator.py
[2025-05-20T17:31:42.983+0000] {processor.py:925} INFO - DAG(s) 'example_dag_decorator' retrieved from /home/airflow/.local/lib/python3.12/site-packages/airflow/example_dags/example_dag_decorator.py
[2025-05-20T17:31:43.267+0000] {logging_mixin.py:190} INFO - [2025-05-20T17:31:43.267+0000] {dag.py:3239} INFO - Sync 1 DAGs
[2025-05-20T17:31:43.297+0000] {logging_mixin.py:190} INFO - [2025-05-20T17:31:43.296+0000] {dag.py:4180} INFO - Setting next_dagrun for example_dag_decorator to None, run_after=None
[2025-05-20T17:31:43.343+0000] {processor.py:208} INFO - Processing /home/airflow/.local/lib/python3.12/site-packages/airflow/example_dags/example_dag_decorator.py took 0.603 seconds
[2025-05-20T17:32:13.851+0000] {processor.py:186} INFO - Started process (PID=518) to work on /home/airflow/.local/lib/python3.12/site-packages/airflow/example_dags/example_dag_decorator.py
[2025-05-20T17:32:13.853+0000] {processor.py:914} INFO - Processing file /home/airflow/.local/lib/python3.12/site-packages/airflow/example_dags/example_dag_decorator.py for tasks to queue
[2025-05-20T17:32:13.857+0000] {logging_mixin.py:190} INFO - [2025-05-20T17:32:13.857+0000] {dagbag.py:588} INFO - Filling up the DagBag from /home/airflow/.local/lib/python3.12/site-packages/airflow/example_dags/example_dag_decorator.py
[2025-05-20T17:32:14.090+0000] {processor.py:925} INFO - DAG(s) 'example_dag_decorator' retrieved from /home/airflow/.local/lib/python3.12/site-packages/airflow/example_dags/example_dag_decorator.py
[2025-05-20T17:32:14.374+0000] {logging_mixin.py:190} INFO - [2025-05-20T17:32:14.374+0000] {dag.py:3239} INFO - Sync 1 DAGs
[2025-05-20T17:32:14.405+0000] {logging_mixin.py:190} INFO - [2025-05-20T17:32:14.404+0000] {dag.py:4180} INFO - Setting next_dagrun for example_dag_decorator to None, run_after=None
[2025-05-20T17:32:14.517+0000] {processor.py:208} INFO - Processing /home/airflow/.local/lib/python3.12/site-packages/airflow/example_dags/example_dag_decorator.py took 0.679 seconds
[2025-05-20T17:32:45.307+0000] {processor.py:186} INFO - Started process (PID=583) to work on /home/airflow/.local/lib/python3.12/site-packages/airflow/example_dags/example_dag_decorator.py
[2025-05-20T17:32:45.310+0000] {processor.py:914} INFO - Processing file /home/airflow/.local/lib/python3.12/site-packages/airflow/example_dags/example_dag_decorator.py for tasks to queue
[2025-05-20T17:32:45.315+0000] {logging_mixin.py:190} INFO - [2025-05-20T17:32:45.314+0000] {dagbag.py:588} INFO - Filling up the DagBag from /home/airflow/.local/lib/python3.12/site-packages/airflow/example_dags/example_dag_decorator.py
[2025-05-20T17:32:45.561+0000] {processor.py:925} INFO - DAG(s) 'example_dag_decorator' retrieved from /home/airflow/.local/lib/python3.12/site-packages/airflow/example_dags/example_dag_decorator.py
[2025-05-20T17:32:45.818+0000] {logging_mixin.py:190} INFO - [2025-05-20T17:32:45.818+0000] {dag.py:3239} INFO - Sync 1 DAGs
[2025-05-20T17:32:45.854+0000] {logging_mixin.py:190} INFO - [2025-05-20T17:32:45.853+0000] {dag.py:4180} INFO - Setting next_dagrun for example_dag_decorator to None, run_after=None
[2025-05-20T17:32:45.903+0000] {processor.py:208} INFO - Processing /home/airflow/.local/lib/python3.12/site-packages/airflow/example_dags/example_dag_decorator.py took 0.609 seconds
[2025-05-20T17:33:16.119+0000] {processor.py:186} INFO - Started process (PID=650) to work on /home/airflow/.local/lib/python3.12/site-packages/airflow/example_dags/example_dag_decorator.py
[2025-05-20T17:33:16.121+0000] {processor.py:914} INFO - Processing file /home/airflow/.local/lib/python3.12/site-packages/airflow/example_dags/example_dag_decorator.py for tasks to queue
[2025-05-20T17:33:16.126+0000] {logging_mixin.py:190} INFO - [2025-05-20T17:33:16.125+0000] {dagbag.py:588} INFO - Filling up the DagBag from /home/airflow/.local/lib/python3.12/site-packages/airflow/example_dags/example_dag_decorator.py
[2025-05-20T17:33:16.358+0000] {processor.py:925} INFO - DAG(s) 'example_dag_decorator' retrieved from /home/airflow/.local/lib/python3.12/site-packages/airflow/example_dags/example_dag_decorator.py
[2025-05-20T17:33:16.610+0000] {logging_mixin.py:190} INFO - [2025-05-20T17:33:16.609+0000] {dag.py:3239} INFO - Sync 1 DAGs
[2025-05-20T17:33:16.639+0000] {logging_mixin.py:190} INFO - [2025-05-20T17:33:16.638+0000] {dag.py:4180} INFO - Setting next_dagrun for example_dag_decorator to None, run_after=None
[2025-05-20T17:33:16.681+0000] {processor.py:208} INFO - Processing /home/airflow/.local/lib/python3.12/site-packages/airflow/example_dags/example_dag_decorator.py took 0.575 seconds
[2025-05-20T17:33:46.838+0000] {processor.py:186} INFO - Started process (PID=717) to work on /home/airflow/.local/lib/python3.12/site-packages/airflow/example_dags/example_dag_decorator.py
[2025-05-20T17:33:46.840+0000] {processor.py:914} INFO - Processing file /home/airflow/.local/lib/python3.12/site-packages/airflow/example_dags/example_dag_decorator.py for tasks to queue
[2025-05-20T17:33:46.845+0000] {logging_mixin.py:190} INFO - [2025-05-20T17:33:46.845+0000] {dagbag.py:588} INFO - Filling up the DagBag from /home/airflow/.local/lib/python3.12/site-packages/airflow/example_dags/example_dag_decorator.py
[2025-05-20T17:33:47.074+0000] {processor.py:925} INFO - DAG(s) 'example_dag_decorator' retrieved from /home/airflow/.local/lib/python3.12/site-packages/airflow/example_dags/example_dag_decorator.py
[2025-05-20T17:33:47.342+0000] {logging_mixin.py:190} INFO - [2025-05-20T17:33:47.342+0000] {dag.py:3239} INFO - Sync 1 DAGs
[2025-05-20T17:33:47.373+0000] {logging_mixin.py:190} INFO - [2025-05-20T17:33:47.372+0000] {dag.py:4180} INFO - Setting next_dagrun for example_dag_decorator to None, run_after=None
[2025-05-20T17:33:47.415+0000] {processor.py:208} INFO - Processing /home/airflow/.local/lib/python3.12/site-packages/airflow/example_dags/example_dag_decorator.py took 0.593 seconds
[2025-05-20T17:34:18.313+0000] {processor.py:186} INFO - Started process (PID=784) to work on /home/airflow/.local/lib/python3.12/site-packages/airflow/example_dags/example_dag_decorator.py
[2025-05-20T17:34:18.315+0000] {processor.py:914} INFO - Processing file /home/airflow/.local/lib/python3.12/site-packages/airflow/example_dags/example_dag_decorator.py for tasks to queue
[2025-05-20T17:34:18.319+0000] {logging_mixin.py:190} INFO - [2025-05-20T17:34:18.318+0000] {dagbag.py:588} INFO - Filling up the DagBag from /home/airflow/.local/lib/python3.12/site-packages/airflow/example_dags/example_dag_decorator.py
[2025-05-20T17:34:18.534+0000] {processor.py:925} INFO - DAG(s) 'example_dag_decorator' retrieved from /home/airflow/.local/lib/python3.12/site-packages/airflow/example_dags/example_dag_decorator.py
[2025-05-20T17:34:18.841+0000] {logging_mixin.py:190} INFO - [2025-05-20T17:34:18.840+0000] {dag.py:3239} INFO - Sync 1 DAGs
[2025-05-20T17:34:18.878+0000] {logging_mixin.py:190} INFO - [2025-05-20T17:34:18.877+0000] {dag.py:4180} INFO - Setting next_dagrun for example_dag_decorator to None, run_after=None
[2025-05-20T17:34:18.924+0000] {processor.py:208} INFO - Processing /home/airflow/.local/lib/python3.12/site-packages/airflow/example_dags/example_dag_decorator.py took 0.623 seconds
[2025-05-20T17:34:49.046+0000] {processor.py:186} INFO - Started process (PID=850) to work on /home/airflow/.local/lib/python3.12/site-packages/airflow/example_dags/example_dag_decorator.py
[2025-05-20T17:34:49.048+0000] {processor.py:914} INFO - Processing file /home/airflow/.local/lib/python3.12/site-packages/airflow/example_dags/example_dag_decorator.py for tasks to queue
[2025-05-20T17:34:49.053+0000] {logging_mixin.py:190} INFO - [2025-05-20T17:34:49.052+0000] {dagbag.py:588} INFO - Filling up the DagBag from /home/airflow/.local/lib/python3.12/site-packages/airflow/example_dags/example_dag_decorator.py
[2025-05-20T17:34:49.283+0000] {processor.py:925} INFO - DAG(s) 'example_dag_decorator' retrieved from /home/airflow/.local/lib/python3.12/site-packages/airflow/example_dags/example_dag_decorator.py
[2025-05-20T17:34:49.527+0000] {logging_mixin.py:190} INFO - [2025-05-20T17:34:49.526+0000] {dag.py:3239} INFO - Sync 1 DAGs
[2025-05-20T17:34:49.558+0000] {logging_mixin.py:190} INFO - [2025-05-20T17:34:49.558+0000] {dag.py:4180} INFO - Setting next_dagrun for example_dag_decorator to None, run_after=None
[2025-05-20T17:34:49.598+0000] {processor.py:208} INFO - Processing /home/airflow/.local/lib/python3.12/site-packages/airflow/example_dags/example_dag_decorator.py took 0.566 seconds
[2025-05-20T17:35:19.921+0000] {processor.py:186} INFO - Started process (PID=917) to work on /home/airflow/.local/lib/python3.12/site-packages/airflow/example_dags/example_dag_decorator.py
[2025-05-20T17:35:19.923+0000] {processor.py:914} INFO - Processing file /home/airflow/.local/lib/python3.12/site-packages/airflow/example_dags/example_dag_decorator.py for tasks to queue
[2025-05-20T17:35:19.927+0000] {logging_mixin.py:190} INFO - [2025-05-20T17:35:19.926+0000] {dagbag.py:588} INFO - Filling up the DagBag from /home/airflow/.local/lib/python3.12/site-packages/airflow/example_dags/example_dag_decorator.py
[2025-05-20T17:35:20.147+0000] {processor.py:925} INFO - DAG(s) 'example_dag_decorator' retrieved from /home/airflow/.local/lib/python3.12/site-packages/airflow/example_dags/example_dag_decorator.py
[2025-05-20T17:35:20.389+0000] {logging_mixin.py:190} INFO - [2025-05-20T17:35:20.388+0000] {dag.py:3239} INFO - Sync 1 DAGs
[2025-05-20T17:35:20.414+0000] {logging_mixin.py:190} INFO - [2025-05-20T17:35:20.413+0000] {dag.py:4180} INFO - Setting next_dagrun for example_dag_decorator to None, run_after=None
[2025-05-20T17:35:20.518+0000] {processor.py:208} INFO - Processing /home/airflow/.local/lib/python3.12/site-packages/airflow/example_dags/example_dag_decorator.py took 0.610 seconds
[2025-05-20T17:35:50.856+0000] {processor.py:186} INFO - Started process (PID=985) to work on /home/airflow/.local/lib/python3.12/site-packages/airflow/example_dags/example_dag_decorator.py
[2025-05-20T17:35:50.858+0000] {processor.py:914} INFO - Processing file /home/airflow/.local/lib/python3.12/site-packages/airflow/example_dags/example_dag_decorator.py for tasks to queue
[2025-05-20T17:35:50.864+0000] {logging_mixin.py:190} INFO - [2025-05-20T17:35:50.863+0000] {dagbag.py:588} INFO - Filling up the DagBag from /home/airflow/.local/lib/python3.12/site-packages/airflow/example_dags/example_dag_decorator.py
[2025-05-20T17:35:51.116+0000] {processor.py:925} INFO - DAG(s) 'example_dag_decorator' retrieved from /home/airflow/.local/lib/python3.12/site-packages/airflow/example_dags/example_dag_decorator.py
[2025-05-20T17:35:51.409+0000] {logging_mixin.py:190} INFO - [2025-05-20T17:35:51.409+0000] {dag.py:3239} INFO - Sync 1 DAGs
[2025-05-20T17:35:51.434+0000] {logging_mixin.py:190} INFO - [2025-05-20T17:35:51.434+0000] {dag.py:4180} INFO - Setting next_dagrun for example_dag_decorator to None, run_after=None
[2025-05-20T17:35:51.476+0000] {processor.py:208} INFO - Processing /home/airflow/.local/lib/python3.12/site-packages/airflow/example_dags/example_dag_decorator.py took 0.635 seconds
[2025-05-20T17:36:21.932+0000] {processor.py:186} INFO - Started process (PID=1051) to work on /home/airflow/.local/lib/python3.12/site-packages/airflow/example_dags/example_dag_decorator.py
[2025-05-20T17:36:21.934+0000] {processor.py:914} INFO - Processing file /home/airflow/.local/lib/python3.12/site-packages/airflow/example_dags/example_dag_decorator.py for tasks to queue
[2025-05-20T17:36:21.939+0000] {logging_mixin.py:190} INFO - [2025-05-20T17:36:21.939+0000] {dagbag.py:588} INFO - Filling up the DagBag from /home/airflow/.local/lib/python3.12/site-packages/airflow/example_dags/example_dag_decorator.py
[2025-05-20T17:36:22.182+0000] {processor.py:925} INFO - DAG(s) 'example_dag_decorator' retrieved from /home/airflow/.local/lib/python3.12/site-packages/airflow/example_dags/example_dag_decorator.py
[2025-05-20T17:36:22.475+0000] {logging_mixin.py:190} INFO - [2025-05-20T17:36:22.474+0000] {dag.py:3239} INFO - Sync 1 DAGs
[2025-05-20T17:36:22.507+0000] {logging_mixin.py:190} INFO - [2025-05-20T17:36:22.506+0000] {dag.py:4180} INFO - Setting next_dagrun for example_dag_decorator to None, run_after=None
[2025-05-20T17:36:22.552+0000] {processor.py:208} INFO - Processing /home/airflow/.local/lib/python3.12/site-packages/airflow/example_dags/example_dag_decorator.py took 0.635 seconds
[2025-05-20T17:36:53.295+0000] {processor.py:186} INFO - Started process (PID=1118) to work on /home/airflow/.local/lib/python3.12/site-packages/airflow/example_dags/example_dag_decorator.py
[2025-05-20T17:36:53.297+0000] {processor.py:914} INFO - Processing file /home/airflow/.local/lib/python3.12/site-packages/airflow/example_dags/example_dag_decorator.py for tasks to queue
[2025-05-20T17:36:53.302+0000] {logging_mixin.py:190} INFO - [2025-05-20T17:36:53.301+0000] {dagbag.py:588} INFO - Filling up the DagBag from /home/airflow/.local/lib/python3.12/site-packages/airflow/example_dags/example_dag_decorator.py
[2025-05-20T17:36:53.566+0000] {processor.py:925} INFO - DAG(s) 'example_dag_decorator' retrieved from /home/airflow/.local/lib/python3.12/site-packages/airflow/example_dags/example_dag_decorator.py
[2025-05-20T17:36:53.816+0000] {logging_mixin.py:190} INFO - [2025-05-20T17:36:53.815+0000] {dag.py:3239} INFO - Sync 1 DAGs
[2025-05-20T17:36:53.848+0000] {logging_mixin.py:190} INFO - [2025-05-20T17:36:53.847+0000] {dag.py:4180} INFO - Setting next_dagrun for example_dag_decorator to None, run_after=None
[2025-05-20T17:36:53.888+0000] {processor.py:208} INFO - Processing /home/airflow/.local/lib/python3.12/site-packages/airflow/example_dags/example_dag_decorator.py took 0.606 seconds
[2025-05-20T17:37:24.033+0000] {processor.py:186} INFO - Started process (PID=1186) to work on /home/airflow/.local/lib/python3.12/site-packages/airflow/example_dags/example_dag_decorator.py
[2025-05-20T17:37:24.036+0000] {processor.py:914} INFO - Processing file /home/airflow/.local/lib/python3.12/site-packages/airflow/example_dags/example_dag_decorator.py for tasks to queue
[2025-05-20T17:37:24.041+0000] {logging_mixin.py:190} INFO - [2025-05-20T17:37:24.041+0000] {dagbag.py:588} INFO - Filling up the DagBag from /home/airflow/.local/lib/python3.12/site-packages/airflow/example_dags/example_dag_decorator.py
[2025-05-20T17:37:24.306+0000] {processor.py:925} INFO - DAG(s) 'example_dag_decorator' retrieved from /home/airflow/.local/lib/python3.12/site-packages/airflow/example_dags/example_dag_decorator.py
[2025-05-20T17:37:24.589+0000] {logging_mixin.py:190} INFO - [2025-05-20T17:37:24.588+0000] {dag.py:3239} INFO - Sync 1 DAGs
[2025-05-20T17:37:24.617+0000] {logging_mixin.py:190} INFO - [2025-05-20T17:37:24.617+0000] {dag.py:4180} INFO - Setting next_dagrun for example_dag_decorator to None, run_after=None
[2025-05-20T17:37:24.665+0000] {processor.py:208} INFO - Processing /home/airflow/.local/lib/python3.12/site-packages/airflow/example_dags/example_dag_decorator.py took 0.647 seconds
[2025-05-20T17:37:55.078+0000] {processor.py:186} INFO - Started process (PID=1252) to work on /home/airflow/.local/lib/python3.12/site-packages/airflow/example_dags/example_dag_decorator.py
[2025-05-20T17:37:55.080+0000] {processor.py:914} INFO - Processing file /home/airflow/.local/lib/python3.12/site-packages/airflow/example_dags/example_dag_decorator.py for tasks to queue
[2025-05-20T17:37:55.085+0000] {logging_mixin.py:190} INFO - [2025-05-20T17:37:55.085+0000] {dagbag.py:588} INFO - Filling up the DagBag from /home/airflow/.local/lib/python3.12/site-packages/airflow/example_dags/example_dag_decorator.py
[2025-05-20T17:37:55.336+0000] {processor.py:925} INFO - DAG(s) 'example_dag_decorator' retrieved from /home/airflow/.local/lib/python3.12/site-packages/airflow/example_dags/example_dag_decorator.py
[2025-05-20T17:37:55.649+0000] {logging_mixin.py:190} INFO - [2025-05-20T17:37:55.648+0000] {dag.py:3239} INFO - Sync 1 DAGs
[2025-05-20T17:37:55.684+0000] {logging_mixin.py:190} INFO - [2025-05-20T17:37:55.683+0000] {dag.py:4180} INFO - Setting next_dagrun for example_dag_decorator to None, run_after=None
[2025-05-20T17:37:55.794+0000] {processor.py:208} INFO - Processing /home/airflow/.local/lib/python3.12/site-packages/airflow/example_dags/example_dag_decorator.py took 0.726 seconds
[2025-05-20T17:42:38.145+0000] {processor.py:186} INFO - Started process (PID=118) to work on /home/airflow/.local/lib/python3.12/site-packages/airflow/example_dags/example_dag_decorator.py
[2025-05-20T17:42:38.147+0000] {processor.py:914} INFO - Processing file /home/airflow/.local/lib/python3.12/site-packages/airflow/example_dags/example_dag_decorator.py for tasks to queue
[2025-05-20T17:42:38.152+0000] {logging_mixin.py:190} INFO - [2025-05-20T17:42:38.152+0000] {dagbag.py:588} INFO - Filling up the DagBag from /home/airflow/.local/lib/python3.12/site-packages/airflow/example_dags/example_dag_decorator.py
[2025-05-20T17:42:38.977+0000] {processor.py:925} INFO - DAG(s) 'example_dag_decorator' retrieved from /home/airflow/.local/lib/python3.12/site-packages/airflow/example_dags/example_dag_decorator.py
[2025-05-20T17:42:39.218+0000] {logging_mixin.py:190} INFO - [2025-05-20T17:42:39.217+0000] {override.py:1930} INFO - Created Permission View: can read on DAG:example_dag_decorator
[2025-05-20T17:42:39.242+0000] {logging_mixin.py:190} INFO - [2025-05-20T17:42:39.241+0000] {override.py:1930} INFO - Created Permission View: can edit on DAG:example_dag_decorator
[2025-05-20T17:42:39.259+0000] {logging_mixin.py:190} INFO - [2025-05-20T17:42:39.258+0000] {override.py:1930} INFO - Created Permission View: can delete on DAG:example_dag_decorator
[2025-05-20T17:42:39.281+0000] {logging_mixin.py:190} INFO - [2025-05-20T17:42:39.280+0000] {override.py:1930} INFO - Created Permission View: menu access on DAG Run:example_dag_decorator
[2025-05-20T17:42:39.300+0000] {logging_mixin.py:190} INFO - [2025-05-20T17:42:39.299+0000] {override.py:1930} INFO - Created Permission View: can read on DAG Run:example_dag_decorator
[2025-05-20T17:42:39.317+0000] {logging_mixin.py:190} INFO - [2025-05-20T17:42:39.316+0000] {override.py:1930} INFO - Created Permission View: can delete on DAG Run:example_dag_decorator
[2025-05-20T17:42:39.333+0000] {logging_mixin.py:190} INFO - [2025-05-20T17:42:39.332+0000] {override.py:1930} INFO - Created Permission View: can create on DAG Run:example_dag_decorator
[2025-05-20T17:42:39.334+0000] {logging_mixin.py:190} INFO - [2025-05-20T17:42:39.334+0000] {dag.py:3239} INFO - Sync 1 DAGs
[2025-05-20T17:42:39.369+0000] {logging_mixin.py:190} INFO - [2025-05-20T17:42:39.369+0000] {dag.py:3262} INFO - Creating ORM DAG for example_dag_decorator
[2025-05-20T17:42:39.372+0000] {logging_mixin.py:190} INFO - [2025-05-20T17:42:39.371+0000] {dag.py:4180} INFO - Setting next_dagrun for example_dag_decorator to None, run_after=None
[2025-05-20T17:42:39.415+0000] {processor.py:208} INFO - Processing /home/airflow/.local/lib/python3.12/site-packages/airflow/example_dags/example_dag_decorator.py took 1.281 seconds
[2025-05-20T17:43:09.796+0000] {processor.py:186} INFO - Started process (PID=189) to work on /home/airflow/.local/lib/python3.12/site-packages/airflow/example_dags/example_dag_decorator.py
[2025-05-20T17:43:09.799+0000] {processor.py:914} INFO - Processing file /home/airflow/.local/lib/python3.12/site-packages/airflow/example_dags/example_dag_decorator.py for tasks to queue
[2025-05-20T17:43:09.803+0000] {logging_mixin.py:190} INFO - [2025-05-20T17:43:09.802+0000] {dagbag.py:588} INFO - Filling up the DagBag from /home/airflow/.local/lib/python3.12/site-packages/airflow/example_dags/example_dag_decorator.py
[2025-05-20T17:43:10.041+0000] {processor.py:925} INFO - DAG(s) 'example_dag_decorator' retrieved from /home/airflow/.local/lib/python3.12/site-packages/airflow/example_dags/example_dag_decorator.py
[2025-05-20T17:43:10.349+0000] {logging_mixin.py:190} INFO - [2025-05-20T17:43:10.349+0000] {dag.py:3239} INFO - Sync 1 DAGs
[2025-05-20T17:43:10.380+0000] {logging_mixin.py:190} INFO - [2025-05-20T17:43:10.380+0000] {dag.py:4180} INFO - Setting next_dagrun for example_dag_decorator to None, run_after=None
[2025-05-20T17:43:10.472+0000] {processor.py:208} INFO - Processing /home/airflow/.local/lib/python3.12/site-packages/airflow/example_dags/example_dag_decorator.py took 0.688 seconds
[2025-05-20T17:43:41.058+0000] {processor.py:186} INFO - Started process (PID=255) to work on /home/airflow/.local/lib/python3.12/site-packages/airflow/example_dags/example_dag_decorator.py
[2025-05-20T17:43:41.060+0000] {processor.py:914} INFO - Processing file /home/airflow/.local/lib/python3.12/site-packages/airflow/example_dags/example_dag_decorator.py for tasks to queue
[2025-05-20T17:43:41.064+0000] {logging_mixin.py:190} INFO - [2025-05-20T17:43:41.063+0000] {dagbag.py:588} INFO - Filling up the DagBag from /home/airflow/.local/lib/python3.12/site-packages/airflow/example_dags/example_dag_decorator.py
[2025-05-20T17:43:41.326+0000] {processor.py:925} INFO - DAG(s) 'example_dag_decorator' retrieved from /home/airflow/.local/lib/python3.12/site-packages/airflow/example_dags/example_dag_decorator.py
[2025-05-20T17:43:41.611+0000] {logging_mixin.py:190} INFO - [2025-05-20T17:43:41.611+0000] {dag.py:3239} INFO - Sync 1 DAGs
[2025-05-20T17:43:41.649+0000] {logging_mixin.py:190} INFO - [2025-05-20T17:43:41.649+0000] {dag.py:4180} INFO - Setting next_dagrun for example_dag_decorator to None, run_after=None
[2025-05-20T17:43:41.763+0000] {processor.py:208} INFO - Processing /home/airflow/.local/lib/python3.12/site-packages/airflow/example_dags/example_dag_decorator.py took 0.720 seconds
[2025-05-20T17:44:12.332+0000] {processor.py:186} INFO - Started process (PID=322) to work on /home/airflow/.local/lib/python3.12/site-packages/airflow/example_dags/example_dag_decorator.py
[2025-05-20T17:44:12.334+0000] {processor.py:914} INFO - Processing file /home/airflow/.local/lib/python3.12/site-packages/airflow/example_dags/example_dag_decorator.py for tasks to queue
[2025-05-20T17:44:12.337+0000] {logging_mixin.py:190} INFO - [2025-05-20T17:44:12.337+0000] {dagbag.py:588} INFO - Filling up the DagBag from /home/airflow/.local/lib/python3.12/site-packages/airflow/example_dags/example_dag_decorator.py
[2025-05-20T17:44:12.576+0000] {processor.py:925} INFO - DAG(s) 'example_dag_decorator' retrieved from /home/airflow/.local/lib/python3.12/site-packages/airflow/example_dags/example_dag_decorator.py
[2025-05-20T17:44:12.841+0000] {logging_mixin.py:190} INFO - [2025-05-20T17:44:12.840+0000] {dag.py:3239} INFO - Sync 1 DAGs
[2025-05-20T17:44:12.869+0000] {logging_mixin.py:190} INFO - [2025-05-20T17:44:12.868+0000] {dag.py:4180} INFO - Setting next_dagrun for example_dag_decorator to None, run_after=None
[2025-05-20T17:44:12.973+0000] {processor.py:208} INFO - Processing /home/airflow/.local/lib/python3.12/site-packages/airflow/example_dags/example_dag_decorator.py took 0.654 seconds
[2025-05-20T17:44:43.324+0000] {processor.py:186} INFO - Started process (PID=389) to work on /home/airflow/.local/lib/python3.12/site-packages/airflow/example_dags/example_dag_decorator.py
[2025-05-20T17:44:43.327+0000] {processor.py:914} INFO - Processing file /home/airflow/.local/lib/python3.12/site-packages/airflow/example_dags/example_dag_decorator.py for tasks to queue
[2025-05-20T17:44:43.331+0000] {logging_mixin.py:190} INFO - [2025-05-20T17:44:43.330+0000] {dagbag.py:588} INFO - Filling up the DagBag from /home/airflow/.local/lib/python3.12/site-packages/airflow/example_dags/example_dag_decorator.py
[2025-05-20T17:44:43.618+0000] {processor.py:925} INFO - DAG(s) 'example_dag_decorator' retrieved from /home/airflow/.local/lib/python3.12/site-packages/airflow/example_dags/example_dag_decorator.py
[2025-05-20T17:44:43.912+0000] {logging_mixin.py:190} INFO - [2025-05-20T17:44:43.912+0000] {dag.py:3239} INFO - Sync 1 DAGs
[2025-05-20T17:44:43.946+0000] {logging_mixin.py:190} INFO - [2025-05-20T17:44:43.946+0000] {dag.py:4180} INFO - Setting next_dagrun for example_dag_decorator to None, run_after=None
[2025-05-20T17:44:43.991+0000] {processor.py:208} INFO - Processing /home/airflow/.local/lib/python3.12/site-packages/airflow/example_dags/example_dag_decorator.py took 0.682 seconds
[2025-05-20T17:45:14.701+0000] {processor.py:186} INFO - Started process (PID=457) to work on /home/airflow/.local/lib/python3.12/site-packages/airflow/example_dags/example_dag_decorator.py
[2025-05-20T17:45:14.703+0000] {processor.py:914} INFO - Processing file /home/airflow/.local/lib/python3.12/site-packages/airflow/example_dags/example_dag_decorator.py for tasks to queue
[2025-05-20T17:45:14.706+0000] {logging_mixin.py:190} INFO - [2025-05-20T17:45:14.705+0000] {dagbag.py:588} INFO - Filling up the DagBag from /home/airflow/.local/lib/python3.12/site-packages/airflow/example_dags/example_dag_decorator.py
[2025-05-20T17:45:14.944+0000] {processor.py:925} INFO - DAG(s) 'example_dag_decorator' retrieved from /home/airflow/.local/lib/python3.12/site-packages/airflow/example_dags/example_dag_decorator.py
[2025-05-20T17:45:15.189+0000] {logging_mixin.py:190} INFO - [2025-05-20T17:45:15.188+0000] {dag.py:3239} INFO - Sync 1 DAGs
[2025-05-20T17:45:15.221+0000] {logging_mixin.py:190} INFO - [2025-05-20T17:45:15.220+0000] {dag.py:4180} INFO - Setting next_dagrun for example_dag_decorator to None, run_after=None
[2025-05-20T17:45:15.293+0000] {processor.py:208} INFO - Processing /home/airflow/.local/lib/python3.12/site-packages/airflow/example_dags/example_dag_decorator.py took 0.604 seconds
[2025-05-20T17:45:45.489+0000] {processor.py:186} INFO - Started process (PID=524) to work on /home/airflow/.local/lib/python3.12/site-packages/airflow/example_dags/example_dag_decorator.py
[2025-05-20T17:45:45.491+0000] {processor.py:914} INFO - Processing file /home/airflow/.local/lib/python3.12/site-packages/airflow/example_dags/example_dag_decorator.py for tasks to queue
[2025-05-20T17:45:45.494+0000] {logging_mixin.py:190} INFO - [2025-05-20T17:45:45.494+0000] {dagbag.py:588} INFO - Filling up the DagBag from /home/airflow/.local/lib/python3.12/site-packages/airflow/example_dags/example_dag_decorator.py
[2025-05-20T17:45:45.706+0000] {processor.py:925} INFO - DAG(s) 'example_dag_decorator' retrieved from /home/airflow/.local/lib/python3.12/site-packages/airflow/example_dags/example_dag_decorator.py
[2025-05-20T17:45:45.980+0000] {logging_mixin.py:190} INFO - [2025-05-20T17:45:45.980+0000] {dag.py:3239} INFO - Sync 1 DAGs
[2025-05-20T17:45:46.008+0000] {logging_mixin.py:190} INFO - [2025-05-20T17:45:46.008+0000] {dag.py:4180} INFO - Setting next_dagrun for example_dag_decorator to None, run_after=None
[2025-05-20T17:45:46.054+0000] {processor.py:208} INFO - Processing /home/airflow/.local/lib/python3.12/site-packages/airflow/example_dags/example_dag_decorator.py took 0.576 seconds
[2025-05-20T17:46:16.432+0000] {processor.py:186} INFO - Started process (PID=591) to work on /home/airflow/.local/lib/python3.12/site-packages/airflow/example_dags/example_dag_decorator.py
[2025-05-20T17:46:16.434+0000] {processor.py:914} INFO - Processing file /home/airflow/.local/lib/python3.12/site-packages/airflow/example_dags/example_dag_decorator.py for tasks to queue
[2025-05-20T17:46:16.436+0000] {logging_mixin.py:190} INFO - [2025-05-20T17:46:16.436+0000] {dagbag.py:588} INFO - Filling up the DagBag from /home/airflow/.local/lib/python3.12/site-packages/airflow/example_dags/example_dag_decorator.py
[2025-05-20T17:46:16.669+0000] {processor.py:925} INFO - DAG(s) 'example_dag_decorator' retrieved from /home/airflow/.local/lib/python3.12/site-packages/airflow/example_dags/example_dag_decorator.py
[2025-05-20T17:46:16.926+0000] {logging_mixin.py:190} INFO - [2025-05-20T17:46:16.926+0000] {dag.py:3239} INFO - Sync 1 DAGs
[2025-05-20T17:46:16.960+0000] {logging_mixin.py:190} INFO - [2025-05-20T17:46:16.960+0000] {dag.py:4180} INFO - Setting next_dagrun for example_dag_decorator to None, run_after=None
[2025-05-20T17:46:17.035+0000] {processor.py:208} INFO - Processing /home/airflow/.local/lib/python3.12/site-packages/airflow/example_dags/example_dag_decorator.py took 0.615 seconds
