[2025-05-20T16:30:07.109+0000] {processor.py:186} INFO - Started process (PID=122) to work on /home/airflow/.local/lib/python3.12/site-packages/airflow/example_dags/example_sla_dag.py
[2025-05-20T16:30:07.110+0000] {processor.py:914} INFO - Processing file /home/airflow/.local/lib/python3.12/site-packages/airflow/example_dags/example_sla_dag.py for tasks to queue
[2025-05-20T16:30:07.114+0000] {logging_mixin.py:190} INFO - [2025-05-20T16:30:07.113+0000] {dagbag.py:588} INFO - Filling up the DagBag from /home/airflow/.local/lib/python3.12/site-packages/airflow/example_dags/example_sla_dag.py
[2025-05-20T16:30:07.130+0000] {processor.py:925} INFO - DAG(s) 'example_sla_dag' retrieved from /home/airflow/.local/lib/python3.12/site-packages/airflow/example_dags/example_sla_dag.py
[2025-05-20T16:30:07.286+0000] {logging_mixin.py:190} INFO - [2025-05-20T16:30:07.285+0000] {override.py:1930} INFO - Created Permission View: can read on DAG:example_sla_dag
[2025-05-20T16:30:07.303+0000] {logging_mixin.py:190} INFO - [2025-05-20T16:30:07.302+0000] {override.py:1930} INFO - Created Permission View: can edit on DAG:example_sla_dag
[2025-05-20T16:30:07.313+0000] {logging_mixin.py:190} INFO - [2025-05-20T16:30:07.313+0000] {override.py:1930} INFO - Created Permission View: can delete on DAG:example_sla_dag
[2025-05-20T16:30:07.325+0000] {logging_mixin.py:190} INFO - [2025-05-20T16:30:07.324+0000] {override.py:1930} INFO - Created Permission View: can create on DAG Run:example_sla_dag
[2025-05-20T16:30:07.335+0000] {logging_mixin.py:190} INFO - [2025-05-20T16:30:07.334+0000] {override.py:1930} INFO - Created Permission View: can read on DAG Run:example_sla_dag
[2025-05-20T16:30:07.345+0000] {logging_mixin.py:190} INFO - [2025-05-20T16:30:07.345+0000] {override.py:1930} INFO - Created Permission View: can delete on DAG Run:example_sla_dag
[2025-05-20T16:30:07.355+0000] {logging_mixin.py:190} INFO - [2025-05-20T16:30:07.354+0000] {override.py:1930} INFO - Created Permission View: menu access on DAG Run:example_sla_dag
[2025-05-20T16:30:07.356+0000] {logging_mixin.py:190} INFO - [2025-05-20T16:30:07.356+0000] {dag.py:3239} INFO - Sync 1 DAGs
[2025-05-20T16:30:07.375+0000] {logging_mixin.py:190} INFO - [2025-05-20T16:30:07.375+0000] {dag.py:3262} INFO - Creating ORM DAG for example_sla_dag
[2025-05-20T16:30:07.394+0000] {logging_mixin.py:190} INFO - [2025-05-20T16:30:07.394+0000] {dag.py:4180} INFO - Setting next_dagrun for example_sla_dag to 2025-05-20 16:28:00+00:00, run_after=2025-05-20 16:30:00+00:00
[2025-05-20T16:30:07.418+0000] {processor.py:208} INFO - Processing /home/airflow/.local/lib/python3.12/site-packages/airflow/example_dags/example_sla_dag.py took 0.318 seconds
[2025-05-20T16:30:37.896+0000] {processor.py:186} INFO - Started process (PID=185) to work on /home/airflow/.local/lib/python3.12/site-packages/airflow/example_dags/example_sla_dag.py
[2025-05-20T16:30:37.897+0000] {processor.py:914} INFO - Processing file /home/airflow/.local/lib/python3.12/site-packages/airflow/example_dags/example_sla_dag.py for tasks to queue
[2025-05-20T16:30:37.900+0000] {logging_mixin.py:190} INFO - [2025-05-20T16:30:37.900+0000] {dagbag.py:588} INFO - Filling up the DagBag from /home/airflow/.local/lib/python3.12/site-packages/airflow/example_dags/example_sla_dag.py
[2025-05-20T16:30:37.914+0000] {processor.py:925} INFO - DAG(s) 'example_sla_dag' retrieved from /home/airflow/.local/lib/python3.12/site-packages/airflow/example_dags/example_sla_dag.py
[2025-05-20T16:30:37.939+0000] {logging_mixin.py:190} INFO - [2025-05-20T16:30:37.939+0000] {dag.py:3239} INFO - Sync 1 DAGs
[2025-05-20T16:30:37.971+0000] {logging_mixin.py:190} INFO - [2025-05-20T16:30:37.971+0000] {dag.py:4180} INFO - Setting next_dagrun for example_sla_dag to 2025-05-20 16:28:00+00:00, run_after=2025-05-20 16:30:00+00:00
[2025-05-20T16:30:37.990+0000] {processor.py:208} INFO - Processing /home/airflow/.local/lib/python3.12/site-packages/airflow/example_dags/example_sla_dag.py took 0.101 seconds
[2025-05-20T16:31:08.428+0000] {processor.py:186} INFO - Started process (PID=248) to work on /home/airflow/.local/lib/python3.12/site-packages/airflow/example_dags/example_sla_dag.py
[2025-05-20T16:31:08.429+0000] {processor.py:914} INFO - Processing file /home/airflow/.local/lib/python3.12/site-packages/airflow/example_dags/example_sla_dag.py for tasks to queue
[2025-05-20T16:31:08.432+0000] {logging_mixin.py:190} INFO - [2025-05-20T16:31:08.431+0000] {dagbag.py:588} INFO - Filling up the DagBag from /home/airflow/.local/lib/python3.12/site-packages/airflow/example_dags/example_sla_dag.py
[2025-05-20T16:31:08.443+0000] {processor.py:925} INFO - DAG(s) 'example_sla_dag' retrieved from /home/airflow/.local/lib/python3.12/site-packages/airflow/example_dags/example_sla_dag.py
[2025-05-20T16:31:08.466+0000] {logging_mixin.py:190} INFO - [2025-05-20T16:31:08.465+0000] {dag.py:3239} INFO - Sync 1 DAGs
[2025-05-20T16:31:08.512+0000] {logging_mixin.py:190} INFO - [2025-05-20T16:31:08.512+0000] {dag.py:4180} INFO - Setting next_dagrun for example_sla_dag to 2025-05-20 16:28:00+00:00, run_after=2025-05-20 16:30:00+00:00
[2025-05-20T16:31:08.537+0000] {processor.py:208} INFO - Processing /home/airflow/.local/lib/python3.12/site-packages/airflow/example_dags/example_sla_dag.py took 0.116 seconds
[2025-05-20T16:31:39.260+0000] {processor.py:186} INFO - Started process (PID=310) to work on /home/airflow/.local/lib/python3.12/site-packages/airflow/example_dags/example_sla_dag.py
[2025-05-20T16:31:39.261+0000] {processor.py:914} INFO - Processing file /home/airflow/.local/lib/python3.12/site-packages/airflow/example_dags/example_sla_dag.py for tasks to queue
[2025-05-20T16:31:39.264+0000] {logging_mixin.py:190} INFO - [2025-05-20T16:31:39.264+0000] {dagbag.py:588} INFO - Filling up the DagBag from /home/airflow/.local/lib/python3.12/site-packages/airflow/example_dags/example_sla_dag.py
[2025-05-20T16:31:39.277+0000] {processor.py:925} INFO - DAG(s) 'example_sla_dag' retrieved from /home/airflow/.local/lib/python3.12/site-packages/airflow/example_dags/example_sla_dag.py
[2025-05-20T16:31:39.303+0000] {logging_mixin.py:190} INFO - [2025-05-20T16:31:39.303+0000] {dag.py:3239} INFO - Sync 1 DAGs
[2025-05-20T16:31:39.335+0000] {logging_mixin.py:190} INFO - [2025-05-20T16:31:39.335+0000] {dag.py:4180} INFO - Setting next_dagrun for example_sla_dag to 2025-05-20 16:28:00+00:00, run_after=2025-05-20 16:30:00+00:00
[2025-05-20T16:31:39.356+0000] {processor.py:208} INFO - Processing /home/airflow/.local/lib/python3.12/site-packages/airflow/example_dags/example_sla_dag.py took 0.105 seconds
[2025-05-20T16:32:09.545+0000] {processor.py:186} INFO - Started process (PID=373) to work on /home/airflow/.local/lib/python3.12/site-packages/airflow/example_dags/example_sla_dag.py
[2025-05-20T16:32:09.546+0000] {processor.py:914} INFO - Processing file /home/airflow/.local/lib/python3.12/site-packages/airflow/example_dags/example_sla_dag.py for tasks to queue
[2025-05-20T16:32:09.548+0000] {logging_mixin.py:190} INFO - [2025-05-20T16:32:09.548+0000] {dagbag.py:588} INFO - Filling up the DagBag from /home/airflow/.local/lib/python3.12/site-packages/airflow/example_dags/example_sla_dag.py
[2025-05-20T16:32:09.560+0000] {processor.py:925} INFO - DAG(s) 'example_sla_dag' retrieved from /home/airflow/.local/lib/python3.12/site-packages/airflow/example_dags/example_sla_dag.py
[2025-05-20T16:32:09.584+0000] {logging_mixin.py:190} INFO - [2025-05-20T16:32:09.583+0000] {dag.py:3239} INFO - Sync 1 DAGs
[2025-05-20T16:32:09.614+0000] {logging_mixin.py:190} INFO - [2025-05-20T16:32:09.613+0000] {dag.py:4180} INFO - Setting next_dagrun for example_sla_dag to 2025-05-20 16:30:00+00:00, run_after=2025-05-20 16:32:00+00:00
[2025-05-20T16:32:09.634+0000] {processor.py:208} INFO - Processing /home/airflow/.local/lib/python3.12/site-packages/airflow/example_dags/example_sla_dag.py took 0.096 seconds
[2025-05-20T16:32:39.948+0000] {processor.py:186} INFO - Started process (PID=436) to work on /home/airflow/.local/lib/python3.12/site-packages/airflow/example_dags/example_sla_dag.py
[2025-05-20T16:32:39.950+0000] {processor.py:914} INFO - Processing file /home/airflow/.local/lib/python3.12/site-packages/airflow/example_dags/example_sla_dag.py for tasks to queue
[2025-05-20T16:32:39.953+0000] {logging_mixin.py:190} INFO - [2025-05-20T16:32:39.952+0000] {dagbag.py:588} INFO - Filling up the DagBag from /home/airflow/.local/lib/python3.12/site-packages/airflow/example_dags/example_sla_dag.py
[2025-05-20T16:32:39.968+0000] {processor.py:925} INFO - DAG(s) 'example_sla_dag' retrieved from /home/airflow/.local/lib/python3.12/site-packages/airflow/example_dags/example_sla_dag.py
[2025-05-20T16:32:39.997+0000] {logging_mixin.py:190} INFO - [2025-05-20T16:32:39.997+0000] {dag.py:3239} INFO - Sync 1 DAGs
[2025-05-20T16:32:40.035+0000] {logging_mixin.py:190} INFO - [2025-05-20T16:32:40.035+0000] {dag.py:4180} INFO - Setting next_dagrun for example_sla_dag to 2025-05-20 16:30:00+00:00, run_after=2025-05-20 16:32:00+00:00
[2025-05-20T16:32:40.062+0000] {processor.py:208} INFO - Processing /home/airflow/.local/lib/python3.12/site-packages/airflow/example_dags/example_sla_dag.py took 0.122 seconds
[2025-05-20T16:33:10.874+0000] {processor.py:186} INFO - Started process (PID=499) to work on /home/airflow/.local/lib/python3.12/site-packages/airflow/example_dags/example_sla_dag.py
[2025-05-20T16:33:10.876+0000] {processor.py:914} INFO - Processing file /home/airflow/.local/lib/python3.12/site-packages/airflow/example_dags/example_sla_dag.py for tasks to queue
[2025-05-20T16:33:10.879+0000] {logging_mixin.py:190} INFO - [2025-05-20T16:33:10.879+0000] {dagbag.py:588} INFO - Filling up the DagBag from /home/airflow/.local/lib/python3.12/site-packages/airflow/example_dags/example_sla_dag.py
[2025-05-20T16:33:10.892+0000] {processor.py:925} INFO - DAG(s) 'example_sla_dag' retrieved from /home/airflow/.local/lib/python3.12/site-packages/airflow/example_dags/example_sla_dag.py
[2025-05-20T16:33:10.919+0000] {logging_mixin.py:190} INFO - [2025-05-20T16:33:10.919+0000] {dag.py:3239} INFO - Sync 1 DAGs
[2025-05-20T16:33:10.956+0000] {logging_mixin.py:190} INFO - [2025-05-20T16:33:10.955+0000] {dag.py:4180} INFO - Setting next_dagrun for example_sla_dag to 2025-05-20 16:30:00+00:00, run_after=2025-05-20 16:32:00+00:00
[2025-05-20T16:33:10.980+0000] {processor.py:208} INFO - Processing /home/airflow/.local/lib/python3.12/site-packages/airflow/example_dags/example_sla_dag.py took 0.114 seconds
[2025-05-20T16:33:41.077+0000] {processor.py:186} INFO - Started process (PID=561) to work on /home/airflow/.local/lib/python3.12/site-packages/airflow/example_dags/example_sla_dag.py
[2025-05-20T16:33:41.079+0000] {processor.py:914} INFO - Processing file /home/airflow/.local/lib/python3.12/site-packages/airflow/example_dags/example_sla_dag.py for tasks to queue
[2025-05-20T16:33:41.083+0000] {logging_mixin.py:190} INFO - [2025-05-20T16:33:41.083+0000] {dagbag.py:588} INFO - Filling up the DagBag from /home/airflow/.local/lib/python3.12/site-packages/airflow/example_dags/example_sla_dag.py
[2025-05-20T16:33:41.103+0000] {processor.py:925} INFO - DAG(s) 'example_sla_dag' retrieved from /home/airflow/.local/lib/python3.12/site-packages/airflow/example_dags/example_sla_dag.py
[2025-05-20T16:33:41.143+0000] {logging_mixin.py:190} INFO - [2025-05-20T16:33:41.142+0000] {dag.py:3239} INFO - Sync 1 DAGs
[2025-05-20T16:33:41.198+0000] {logging_mixin.py:190} INFO - [2025-05-20T16:33:41.197+0000] {dag.py:4180} INFO - Setting next_dagrun for example_sla_dag to 2025-05-20 16:30:00+00:00, run_after=2025-05-20 16:32:00+00:00
[2025-05-20T16:33:41.235+0000] {processor.py:208} INFO - Processing /home/airflow/.local/lib/python3.12/site-packages/airflow/example_dags/example_sla_dag.py took 0.170 seconds
[2025-05-20T16:34:12.104+0000] {processor.py:186} INFO - Started process (PID=624) to work on /home/airflow/.local/lib/python3.12/site-packages/airflow/example_dags/example_sla_dag.py
[2025-05-20T16:34:12.105+0000] {processor.py:914} INFO - Processing file /home/airflow/.local/lib/python3.12/site-packages/airflow/example_dags/example_sla_dag.py for tasks to queue
[2025-05-20T16:34:12.107+0000] {logging_mixin.py:190} INFO - [2025-05-20T16:34:12.107+0000] {dagbag.py:588} INFO - Filling up the DagBag from /home/airflow/.local/lib/python3.12/site-packages/airflow/example_dags/example_sla_dag.py
[2025-05-20T16:34:12.118+0000] {processor.py:925} INFO - DAG(s) 'example_sla_dag' retrieved from /home/airflow/.local/lib/python3.12/site-packages/airflow/example_dags/example_sla_dag.py
[2025-05-20T16:34:12.137+0000] {logging_mixin.py:190} INFO - [2025-05-20T16:34:12.136+0000] {dag.py:3239} INFO - Sync 1 DAGs
[2025-05-20T16:34:12.161+0000] {logging_mixin.py:190} INFO - [2025-05-20T16:34:12.161+0000] {dag.py:4180} INFO - Setting next_dagrun for example_sla_dag to 2025-05-20 16:32:00+00:00, run_after=2025-05-20 16:34:00+00:00
[2025-05-20T16:34:12.179+0000] {processor.py:208} INFO - Processing /home/airflow/.local/lib/python3.12/site-packages/airflow/example_dags/example_sla_dag.py took 0.081 seconds
[2025-05-20T16:34:42.402+0000] {processor.py:186} INFO - Started process (PID=687) to work on /home/airflow/.local/lib/python3.12/site-packages/airflow/example_dags/example_sla_dag.py
[2025-05-20T16:34:42.403+0000] {processor.py:914} INFO - Processing file /home/airflow/.local/lib/python3.12/site-packages/airflow/example_dags/example_sla_dag.py for tasks to queue
[2025-05-20T16:34:42.406+0000] {logging_mixin.py:190} INFO - [2025-05-20T16:34:42.405+0000] {dagbag.py:588} INFO - Filling up the DagBag from /home/airflow/.local/lib/python3.12/site-packages/airflow/example_dags/example_sla_dag.py
[2025-05-20T16:34:42.417+0000] {processor.py:925} INFO - DAG(s) 'example_sla_dag' retrieved from /home/airflow/.local/lib/python3.12/site-packages/airflow/example_dags/example_sla_dag.py
[2025-05-20T16:34:42.439+0000] {logging_mixin.py:190} INFO - [2025-05-20T16:34:42.439+0000] {dag.py:3239} INFO - Sync 1 DAGs
[2025-05-20T16:34:42.465+0000] {logging_mixin.py:190} INFO - [2025-05-20T16:34:42.465+0000] {dag.py:4180} INFO - Setting next_dagrun for example_sla_dag to 2025-05-20 16:32:00+00:00, run_after=2025-05-20 16:34:00+00:00
[2025-05-20T16:34:42.483+0000] {processor.py:208} INFO - Processing /home/airflow/.local/lib/python3.12/site-packages/airflow/example_dags/example_sla_dag.py took 0.088 seconds
[2025-05-20T16:35:13.242+0000] {processor.py:186} INFO - Started process (PID=750) to work on /home/airflow/.local/lib/python3.12/site-packages/airflow/example_dags/example_sla_dag.py
[2025-05-20T16:35:13.244+0000] {processor.py:914} INFO - Processing file /home/airflow/.local/lib/python3.12/site-packages/airflow/example_dags/example_sla_dag.py for tasks to queue
[2025-05-20T16:35:13.247+0000] {logging_mixin.py:190} INFO - [2025-05-20T16:35:13.247+0000] {dagbag.py:588} INFO - Filling up the DagBag from /home/airflow/.local/lib/python3.12/site-packages/airflow/example_dags/example_sla_dag.py
[2025-05-20T16:35:13.260+0000] {processor.py:925} INFO - DAG(s) 'example_sla_dag' retrieved from /home/airflow/.local/lib/python3.12/site-packages/airflow/example_dags/example_sla_dag.py
[2025-05-20T16:35:13.283+0000] {logging_mixin.py:190} INFO - [2025-05-20T16:35:13.283+0000] {dag.py:3239} INFO - Sync 1 DAGs
[2025-05-20T16:35:13.317+0000] {logging_mixin.py:190} INFO - [2025-05-20T16:35:13.317+0000] {dag.py:4180} INFO - Setting next_dagrun for example_sla_dag to 2025-05-20 16:32:00+00:00, run_after=2025-05-20 16:34:00+00:00
[2025-05-20T16:35:13.340+0000] {processor.py:208} INFO - Processing /home/airflow/.local/lib/python3.12/site-packages/airflow/example_dags/example_sla_dag.py took 0.105 seconds
[2025-05-20T16:35:44.441+0000] {processor.py:186} INFO - Started process (PID=813) to work on /home/airflow/.local/lib/python3.12/site-packages/airflow/example_dags/example_sla_dag.py
[2025-05-20T16:35:44.442+0000] {processor.py:914} INFO - Processing file /home/airflow/.local/lib/python3.12/site-packages/airflow/example_dags/example_sla_dag.py for tasks to queue
[2025-05-20T16:35:44.445+0000] {logging_mixin.py:190} INFO - [2025-05-20T16:35:44.445+0000] {dagbag.py:588} INFO - Filling up the DagBag from /home/airflow/.local/lib/python3.12/site-packages/airflow/example_dags/example_sla_dag.py
[2025-05-20T16:35:44.456+0000] {processor.py:925} INFO - DAG(s) 'example_sla_dag' retrieved from /home/airflow/.local/lib/python3.12/site-packages/airflow/example_dags/example_sla_dag.py
[2025-05-20T16:35:44.478+0000] {logging_mixin.py:190} INFO - [2025-05-20T16:35:44.478+0000] {dag.py:3239} INFO - Sync 1 DAGs
[2025-05-20T16:35:44.505+0000] {logging_mixin.py:190} INFO - [2025-05-20T16:35:44.505+0000] {dag.py:4180} INFO - Setting next_dagrun for example_sla_dag to 2025-05-20 16:32:00+00:00, run_after=2025-05-20 16:34:00+00:00
[2025-05-20T16:35:44.524+0000] {processor.py:208} INFO - Processing /home/airflow/.local/lib/python3.12/site-packages/airflow/example_dags/example_sla_dag.py took 0.090 seconds
[2025-05-20T16:36:15.270+0000] {processor.py:186} INFO - Started process (PID=876) to work on /home/airflow/.local/lib/python3.12/site-packages/airflow/example_dags/example_sla_dag.py
[2025-05-20T16:36:15.272+0000] {processor.py:914} INFO - Processing file /home/airflow/.local/lib/python3.12/site-packages/airflow/example_dags/example_sla_dag.py for tasks to queue
[2025-05-20T16:36:15.274+0000] {logging_mixin.py:190} INFO - [2025-05-20T16:36:15.274+0000] {dagbag.py:588} INFO - Filling up the DagBag from /home/airflow/.local/lib/python3.12/site-packages/airflow/example_dags/example_sla_dag.py
[2025-05-20T16:36:15.287+0000] {processor.py:925} INFO - DAG(s) 'example_sla_dag' retrieved from /home/airflow/.local/lib/python3.12/site-packages/airflow/example_dags/example_sla_dag.py
[2025-05-20T16:36:15.311+0000] {logging_mixin.py:190} INFO - [2025-05-20T16:36:15.311+0000] {dag.py:3239} INFO - Sync 1 DAGs
[2025-05-20T16:36:15.348+0000] {logging_mixin.py:190} INFO - [2025-05-20T16:36:15.348+0000] {dag.py:4180} INFO - Setting next_dagrun for example_sla_dag to 2025-05-20 16:34:00+00:00, run_after=2025-05-20 16:36:00+00:00
[2025-05-20T16:36:15.376+0000] {processor.py:208} INFO - Processing /home/airflow/.local/lib/python3.12/site-packages/airflow/example_dags/example_sla_dag.py took 0.113 seconds
[2025-05-20T16:36:46.487+0000] {processor.py:186} INFO - Started process (PID=939) to work on /home/airflow/.local/lib/python3.12/site-packages/airflow/example_dags/example_sla_dag.py
[2025-05-20T16:36:46.488+0000] {processor.py:914} INFO - Processing file /home/airflow/.local/lib/python3.12/site-packages/airflow/example_dags/example_sla_dag.py for tasks to queue
[2025-05-20T16:36:46.492+0000] {logging_mixin.py:190} INFO - [2025-05-20T16:36:46.491+0000] {dagbag.py:588} INFO - Filling up the DagBag from /home/airflow/.local/lib/python3.12/site-packages/airflow/example_dags/example_sla_dag.py
[2025-05-20T16:36:46.503+0000] {processor.py:925} INFO - DAG(s) 'example_sla_dag' retrieved from /home/airflow/.local/lib/python3.12/site-packages/airflow/example_dags/example_sla_dag.py
[2025-05-20T16:36:46.526+0000] {logging_mixin.py:190} INFO - [2025-05-20T16:36:46.525+0000] {dag.py:3239} INFO - Sync 1 DAGs
[2025-05-20T16:36:46.553+0000] {logging_mixin.py:190} INFO - [2025-05-20T16:36:46.553+0000] {dag.py:4180} INFO - Setting next_dagrun for example_sla_dag to 2025-05-20 16:34:00+00:00, run_after=2025-05-20 16:36:00+00:00
[2025-05-20T16:36:46.573+0000] {processor.py:208} INFO - Processing /home/airflow/.local/lib/python3.12/site-packages/airflow/example_dags/example_sla_dag.py took 0.093 seconds
[2025-05-20T16:37:17.508+0000] {processor.py:186} INFO - Started process (PID=1002) to work on /home/airflow/.local/lib/python3.12/site-packages/airflow/example_dags/example_sla_dag.py
[2025-05-20T16:37:17.509+0000] {processor.py:914} INFO - Processing file /home/airflow/.local/lib/python3.12/site-packages/airflow/example_dags/example_sla_dag.py for tasks to queue
[2025-05-20T16:37:17.511+0000] {logging_mixin.py:190} INFO - [2025-05-20T16:37:17.510+0000] {dagbag.py:588} INFO - Filling up the DagBag from /home/airflow/.local/lib/python3.12/site-packages/airflow/example_dags/example_sla_dag.py
[2025-05-20T16:37:17.520+0000] {processor.py:925} INFO - DAG(s) 'example_sla_dag' retrieved from /home/airflow/.local/lib/python3.12/site-packages/airflow/example_dags/example_sla_dag.py
[2025-05-20T16:37:17.540+0000] {logging_mixin.py:190} INFO - [2025-05-20T16:37:17.539+0000] {dag.py:3239} INFO - Sync 1 DAGs
[2025-05-20T16:37:17.564+0000] {logging_mixin.py:190} INFO - [2025-05-20T16:37:17.564+0000] {dag.py:4180} INFO - Setting next_dagrun for example_sla_dag to 2025-05-20 16:34:00+00:00, run_after=2025-05-20 16:36:00+00:00
[2025-05-20T16:37:17.581+0000] {processor.py:208} INFO - Processing /home/airflow/.local/lib/python3.12/site-packages/airflow/example_dags/example_sla_dag.py took 0.078 seconds
[2025-05-20T16:37:47.658+0000] {processor.py:186} INFO - Started process (PID=1064) to work on /home/airflow/.local/lib/python3.12/site-packages/airflow/example_dags/example_sla_dag.py
[2025-05-20T16:37:47.660+0000] {processor.py:914} INFO - Processing file /home/airflow/.local/lib/python3.12/site-packages/airflow/example_dags/example_sla_dag.py for tasks to queue
[2025-05-20T16:37:47.663+0000] {logging_mixin.py:190} INFO - [2025-05-20T16:37:47.662+0000] {dagbag.py:588} INFO - Filling up the DagBag from /home/airflow/.local/lib/python3.12/site-packages/airflow/example_dags/example_sla_dag.py
[2025-05-20T16:37:47.676+0000] {processor.py:925} INFO - DAG(s) 'example_sla_dag' retrieved from /home/airflow/.local/lib/python3.12/site-packages/airflow/example_dags/example_sla_dag.py
[2025-05-20T16:37:47.701+0000] {logging_mixin.py:190} INFO - [2025-05-20T16:37:47.701+0000] {dag.py:3239} INFO - Sync 1 DAGs
[2025-05-20T16:37:47.735+0000] {logging_mixin.py:190} INFO - [2025-05-20T16:37:47.735+0000] {dag.py:4180} INFO - Setting next_dagrun for example_sla_dag to 2025-05-20 16:34:00+00:00, run_after=2025-05-20 16:36:00+00:00
[2025-05-20T16:37:47.764+0000] {processor.py:208} INFO - Processing /home/airflow/.local/lib/python3.12/site-packages/airflow/example_dags/example_sla_dag.py took 0.113 seconds
[2025-05-20T17:10:28.470+0000] {processor.py:186} INFO - Started process (PID=1128) to work on /home/airflow/.local/lib/python3.12/site-packages/airflow/example_dags/example_sla_dag.py
[2025-05-20T17:10:28.471+0000] {processor.py:914} INFO - Processing file /home/airflow/.local/lib/python3.12/site-packages/airflow/example_dags/example_sla_dag.py for tasks to queue
[2025-05-20T17:10:28.473+0000] {logging_mixin.py:190} INFO - [2025-05-20T17:10:28.473+0000] {dagbag.py:588} INFO - Filling up the DagBag from /home/airflow/.local/lib/python3.12/site-packages/airflow/example_dags/example_sla_dag.py
[2025-05-20T17:10:28.483+0000] {processor.py:925} INFO - DAG(s) 'example_sla_dag' retrieved from /home/airflow/.local/lib/python3.12/site-packages/airflow/example_dags/example_sla_dag.py
[2025-05-20T17:10:28.502+0000] {logging_mixin.py:190} INFO - [2025-05-20T17:10:28.502+0000] {dag.py:3239} INFO - Sync 1 DAGs
[2025-05-20T17:10:28.527+0000] {logging_mixin.py:190} INFO - [2025-05-20T17:10:28.527+0000] {dag.py:4180} INFO - Setting next_dagrun for example_sla_dag to 2025-05-20 17:08:00+00:00, run_after=2025-05-20 17:10:00+00:00
[2025-05-20T17:10:28.547+0000] {processor.py:208} INFO - Processing /home/airflow/.local/lib/python3.12/site-packages/airflow/example_dags/example_sla_dag.py took 0.083 seconds
[2025-05-20T17:10:59.513+0000] {processor.py:186} INFO - Started process (PID=1191) to work on /home/airflow/.local/lib/python3.12/site-packages/airflow/example_dags/example_sla_dag.py
[2025-05-20T17:10:59.513+0000] {processor.py:914} INFO - Processing file /home/airflow/.local/lib/python3.12/site-packages/airflow/example_dags/example_sla_dag.py for tasks to queue
[2025-05-20T17:10:59.516+0000] {logging_mixin.py:190} INFO - [2025-05-20T17:10:59.516+0000] {dagbag.py:588} INFO - Filling up the DagBag from /home/airflow/.local/lib/python3.12/site-packages/airflow/example_dags/example_sla_dag.py
[2025-05-20T17:10:59.525+0000] {processor.py:925} INFO - DAG(s) 'example_sla_dag' retrieved from /home/airflow/.local/lib/python3.12/site-packages/airflow/example_dags/example_sla_dag.py
[2025-05-20T17:10:59.545+0000] {logging_mixin.py:190} INFO - [2025-05-20T17:10:59.545+0000] {dag.py:3239} INFO - Sync 1 DAGs
[2025-05-20T17:10:59.571+0000] {logging_mixin.py:190} INFO - [2025-05-20T17:10:59.571+0000] {dag.py:4180} INFO - Setting next_dagrun for example_sla_dag to 2025-05-20 17:08:00+00:00, run_after=2025-05-20 17:10:00+00:00
[2025-05-20T17:10:59.591+0000] {processor.py:208} INFO - Processing /home/airflow/.local/lib/python3.12/site-packages/airflow/example_dags/example_sla_dag.py took 0.083 seconds
[2025-05-20T17:11:30.463+0000] {processor.py:186} INFO - Started process (PID=1254) to work on /home/airflow/.local/lib/python3.12/site-packages/airflow/example_dags/example_sla_dag.py
[2025-05-20T17:11:30.464+0000] {processor.py:914} INFO - Processing file /home/airflow/.local/lib/python3.12/site-packages/airflow/example_dags/example_sla_dag.py for tasks to queue
[2025-05-20T17:11:30.466+0000] {logging_mixin.py:190} INFO - [2025-05-20T17:11:30.466+0000] {dagbag.py:588} INFO - Filling up the DagBag from /home/airflow/.local/lib/python3.12/site-packages/airflow/example_dags/example_sla_dag.py
[2025-05-20T17:11:30.476+0000] {processor.py:925} INFO - DAG(s) 'example_sla_dag' retrieved from /home/airflow/.local/lib/python3.12/site-packages/airflow/example_dags/example_sla_dag.py
[2025-05-20T17:11:30.497+0000] {logging_mixin.py:190} INFO - [2025-05-20T17:11:30.497+0000] {dag.py:3239} INFO - Sync 1 DAGs
[2025-05-20T17:11:30.521+0000] {logging_mixin.py:190} INFO - [2025-05-20T17:11:30.521+0000] {dag.py:4180} INFO - Setting next_dagrun for example_sla_dag to 2025-05-20 17:08:00+00:00, run_after=2025-05-20 17:10:00+00:00
[2025-05-20T17:11:30.538+0000] {processor.py:208} INFO - Processing /home/airflow/.local/lib/python3.12/site-packages/airflow/example_dags/example_sla_dag.py took 0.080 seconds
[2025-05-20T17:12:00.849+0000] {processor.py:186} INFO - Started process (PID=1316) to work on /home/airflow/.local/lib/python3.12/site-packages/airflow/example_dags/example_sla_dag.py
[2025-05-20T17:12:00.850+0000] {processor.py:914} INFO - Processing file /home/airflow/.local/lib/python3.12/site-packages/airflow/example_dags/example_sla_dag.py for tasks to queue
[2025-05-20T17:12:00.852+0000] {logging_mixin.py:190} INFO - [2025-05-20T17:12:00.851+0000] {dagbag.py:588} INFO - Filling up the DagBag from /home/airflow/.local/lib/python3.12/site-packages/airflow/example_dags/example_sla_dag.py
[2025-05-20T17:12:00.861+0000] {processor.py:925} INFO - DAG(s) 'example_sla_dag' retrieved from /home/airflow/.local/lib/python3.12/site-packages/airflow/example_dags/example_sla_dag.py
[2025-05-20T17:12:00.880+0000] {logging_mixin.py:190} INFO - [2025-05-20T17:12:00.879+0000] {dag.py:3239} INFO - Sync 1 DAGs
[2025-05-20T17:12:00.903+0000] {logging_mixin.py:190} INFO - [2025-05-20T17:12:00.903+0000] {dag.py:4180} INFO - Setting next_dagrun for example_sla_dag to 2025-05-20 17:10:00+00:00, run_after=2025-05-20 17:12:00+00:00
[2025-05-20T17:12:00.920+0000] {processor.py:208} INFO - Processing /home/airflow/.local/lib/python3.12/site-packages/airflow/example_dags/example_sla_dag.py took 0.077 seconds
[2025-05-20T17:12:31.030+0000] {processor.py:186} INFO - Started process (PID=1379) to work on /home/airflow/.local/lib/python3.12/site-packages/airflow/example_dags/example_sla_dag.py
[2025-05-20T17:12:31.032+0000] {processor.py:914} INFO - Processing file /home/airflow/.local/lib/python3.12/site-packages/airflow/example_dags/example_sla_dag.py for tasks to queue
[2025-05-20T17:12:31.035+0000] {logging_mixin.py:190} INFO - [2025-05-20T17:12:31.035+0000] {dagbag.py:588} INFO - Filling up the DagBag from /home/airflow/.local/lib/python3.12/site-packages/airflow/example_dags/example_sla_dag.py
[2025-05-20T17:12:31.048+0000] {processor.py:925} INFO - DAG(s) 'example_sla_dag' retrieved from /home/airflow/.local/lib/python3.12/site-packages/airflow/example_dags/example_sla_dag.py
[2025-05-20T17:12:31.076+0000] {logging_mixin.py:190} INFO - [2025-05-20T17:12:31.075+0000] {dag.py:3239} INFO - Sync 1 DAGs
[2025-05-20T17:12:31.108+0000] {logging_mixin.py:190} INFO - [2025-05-20T17:12:31.108+0000] {dag.py:4180} INFO - Setting next_dagrun for example_sla_dag to 2025-05-20 17:10:00+00:00, run_after=2025-05-20 17:12:00+00:00
[2025-05-20T17:12:31.134+0000] {processor.py:208} INFO - Processing /home/airflow/.local/lib/python3.12/site-packages/airflow/example_dags/example_sla_dag.py took 0.111 seconds
[2025-05-20T17:13:02.068+0000] {processor.py:186} INFO - Started process (PID=1442) to work on /home/airflow/.local/lib/python3.12/site-packages/airflow/example_dags/example_sla_dag.py
[2025-05-20T17:13:02.068+0000] {processor.py:914} INFO - Processing file /home/airflow/.local/lib/python3.12/site-packages/airflow/example_dags/example_sla_dag.py for tasks to queue
[2025-05-20T17:13:02.070+0000] {logging_mixin.py:190} INFO - [2025-05-20T17:13:02.070+0000] {dagbag.py:588} INFO - Filling up the DagBag from /home/airflow/.local/lib/python3.12/site-packages/airflow/example_dags/example_sla_dag.py
[2025-05-20T17:13:02.080+0000] {processor.py:925} INFO - DAG(s) 'example_sla_dag' retrieved from /home/airflow/.local/lib/python3.12/site-packages/airflow/example_dags/example_sla_dag.py
[2025-05-20T17:13:02.099+0000] {logging_mixin.py:190} INFO - [2025-05-20T17:13:02.099+0000] {dag.py:3239} INFO - Sync 1 DAGs
[2025-05-20T17:13:02.123+0000] {logging_mixin.py:190} INFO - [2025-05-20T17:13:02.123+0000] {dag.py:4180} INFO - Setting next_dagrun for example_sla_dag to 2025-05-20 17:10:00+00:00, run_after=2025-05-20 17:12:00+00:00
[2025-05-20T17:13:02.140+0000] {processor.py:208} INFO - Processing /home/airflow/.local/lib/python3.12/site-packages/airflow/example_dags/example_sla_dag.py took 0.077 seconds
[2025-05-20T17:13:32.427+0000] {processor.py:186} INFO - Started process (PID=1504) to work on /home/airflow/.local/lib/python3.12/site-packages/airflow/example_dags/example_sla_dag.py
[2025-05-20T17:13:32.428+0000] {processor.py:914} INFO - Processing file /home/airflow/.local/lib/python3.12/site-packages/airflow/example_dags/example_sla_dag.py for tasks to queue
[2025-05-20T17:13:32.430+0000] {logging_mixin.py:190} INFO - [2025-05-20T17:13:32.429+0000] {dagbag.py:588} INFO - Filling up the DagBag from /home/airflow/.local/lib/python3.12/site-packages/airflow/example_dags/example_sla_dag.py
[2025-05-20T17:13:32.439+0000] {processor.py:925} INFO - DAG(s) 'example_sla_dag' retrieved from /home/airflow/.local/lib/python3.12/site-packages/airflow/example_dags/example_sla_dag.py
[2025-05-20T17:13:32.458+0000] {logging_mixin.py:190} INFO - [2025-05-20T17:13:32.457+0000] {dag.py:3239} INFO - Sync 1 DAGs
[2025-05-20T17:13:32.482+0000] {logging_mixin.py:190} INFO - [2025-05-20T17:13:32.481+0000] {dag.py:4180} INFO - Setting next_dagrun for example_sla_dag to 2025-05-20 17:10:00+00:00, run_after=2025-05-20 17:12:00+00:00
[2025-05-20T17:13:32.501+0000] {processor.py:208} INFO - Processing /home/airflow/.local/lib/python3.12/site-packages/airflow/example_dags/example_sla_dag.py took 0.081 seconds
[2025-05-20T17:14:03.383+0000] {processor.py:186} INFO - Started process (PID=1567) to work on /home/airflow/.local/lib/python3.12/site-packages/airflow/example_dags/example_sla_dag.py
[2025-05-20T17:14:03.384+0000] {processor.py:914} INFO - Processing file /home/airflow/.local/lib/python3.12/site-packages/airflow/example_dags/example_sla_dag.py for tasks to queue
[2025-05-20T17:14:03.386+0000] {logging_mixin.py:190} INFO - [2025-05-20T17:14:03.385+0000] {dagbag.py:588} INFO - Filling up the DagBag from /home/airflow/.local/lib/python3.12/site-packages/airflow/example_dags/example_sla_dag.py
[2025-05-20T17:14:03.395+0000] {processor.py:925} INFO - DAG(s) 'example_sla_dag' retrieved from /home/airflow/.local/lib/python3.12/site-packages/airflow/example_dags/example_sla_dag.py
[2025-05-20T17:14:03.415+0000] {logging_mixin.py:190} INFO - [2025-05-20T17:14:03.415+0000] {dag.py:3239} INFO - Sync 1 DAGs
[2025-05-20T17:14:03.446+0000] {logging_mixin.py:190} INFO - [2025-05-20T17:14:03.446+0000] {dag.py:4180} INFO - Setting next_dagrun for example_sla_dag to 2025-05-20 17:12:00+00:00, run_after=2025-05-20 17:14:00+00:00
[2025-05-20T17:14:03.468+0000] {processor.py:208} INFO - Processing /home/airflow/.local/lib/python3.12/site-packages/airflow/example_dags/example_sla_dag.py took 0.091 seconds
[2025-05-20T17:14:33.706+0000] {processor.py:186} INFO - Started process (PID=1630) to work on /home/airflow/.local/lib/python3.12/site-packages/airflow/example_dags/example_sla_dag.py
[2025-05-20T17:14:33.707+0000] {processor.py:914} INFO - Processing file /home/airflow/.local/lib/python3.12/site-packages/airflow/example_dags/example_sla_dag.py for tasks to queue
[2025-05-20T17:14:33.709+0000] {logging_mixin.py:190} INFO - [2025-05-20T17:14:33.709+0000] {dagbag.py:588} INFO - Filling up the DagBag from /home/airflow/.local/lib/python3.12/site-packages/airflow/example_dags/example_sla_dag.py
[2025-05-20T17:14:33.720+0000] {processor.py:925} INFO - DAG(s) 'example_sla_dag' retrieved from /home/airflow/.local/lib/python3.12/site-packages/airflow/example_dags/example_sla_dag.py
[2025-05-20T17:14:33.743+0000] {logging_mixin.py:190} INFO - [2025-05-20T17:14:33.743+0000] {dag.py:3239} INFO - Sync 1 DAGs
[2025-05-20T17:14:33.772+0000] {logging_mixin.py:190} INFO - [2025-05-20T17:14:33.772+0000] {dag.py:4180} INFO - Setting next_dagrun for example_sla_dag to 2025-05-20 17:12:00+00:00, run_after=2025-05-20 17:14:00+00:00
[2025-05-20T17:14:33.790+0000] {processor.py:208} INFO - Processing /home/airflow/.local/lib/python3.12/site-packages/airflow/example_dags/example_sla_dag.py took 0.091 seconds
[2025-05-20T17:15:03.874+0000] {processor.py:186} INFO - Started process (PID=1693) to work on /home/airflow/.local/lib/python3.12/site-packages/airflow/example_dags/example_sla_dag.py
[2025-05-20T17:15:03.874+0000] {processor.py:914} INFO - Processing file /home/airflow/.local/lib/python3.12/site-packages/airflow/example_dags/example_sla_dag.py for tasks to queue
[2025-05-20T17:15:03.876+0000] {logging_mixin.py:190} INFO - [2025-05-20T17:15:03.876+0000] {dagbag.py:588} INFO - Filling up the DagBag from /home/airflow/.local/lib/python3.12/site-packages/airflow/example_dags/example_sla_dag.py
[2025-05-20T17:15:03.885+0000] {processor.py:925} INFO - DAG(s) 'example_sla_dag' retrieved from /home/airflow/.local/lib/python3.12/site-packages/airflow/example_dags/example_sla_dag.py
[2025-05-20T17:15:03.905+0000] {logging_mixin.py:190} INFO - [2025-05-20T17:15:03.904+0000] {dag.py:3239} INFO - Sync 1 DAGs
[2025-05-20T17:15:03.929+0000] {logging_mixin.py:190} INFO - [2025-05-20T17:15:03.928+0000] {dag.py:4180} INFO - Setting next_dagrun for example_sla_dag to 2025-05-20 17:12:00+00:00, run_after=2025-05-20 17:14:00+00:00
[2025-05-20T17:15:03.946+0000] {processor.py:208} INFO - Processing /home/airflow/.local/lib/python3.12/site-packages/airflow/example_dags/example_sla_dag.py took 0.077 seconds
[2025-05-20T17:15:35.477+0000] {processor.py:186} INFO - Started process (PID=1757) to work on /home/airflow/.local/lib/python3.12/site-packages/airflow/example_dags/example_sla_dag.py
[2025-05-20T17:15:35.479+0000] {processor.py:914} INFO - Processing file /home/airflow/.local/lib/python3.12/site-packages/airflow/example_dags/example_sla_dag.py for tasks to queue
[2025-05-20T17:15:35.485+0000] {logging_mixin.py:190} INFO - [2025-05-20T17:15:35.484+0000] {dagbag.py:588} INFO - Filling up the DagBag from /home/airflow/.local/lib/python3.12/site-packages/airflow/example_dags/example_sla_dag.py
[2025-05-20T17:15:35.506+0000] {processor.py:925} INFO - DAG(s) 'example_sla_dag' retrieved from /home/airflow/.local/lib/python3.12/site-packages/airflow/example_dags/example_sla_dag.py
[2025-05-20T17:15:35.550+0000] {logging_mixin.py:190} INFO - [2025-05-20T17:15:35.549+0000] {dag.py:3239} INFO - Sync 1 DAGs
[2025-05-20T17:15:35.610+0000] {logging_mixin.py:190} INFO - [2025-05-20T17:15:35.609+0000] {dag.py:4180} INFO - Setting next_dagrun for example_sla_dag to 2025-05-20 17:12:00+00:00, run_after=2025-05-20 17:14:00+00:00
[2025-05-20T17:15:35.652+0000] {processor.py:208} INFO - Processing /home/airflow/.local/lib/python3.12/site-packages/airflow/example_dags/example_sla_dag.py took 0.186 seconds
[2025-05-20T17:16:07.596+0000] {processor.py:186} INFO - Started process (PID=1820) to work on /home/airflow/.local/lib/python3.12/site-packages/airflow/example_dags/example_sla_dag.py
[2025-05-20T17:16:07.598+0000] {processor.py:914} INFO - Processing file /home/airflow/.local/lib/python3.12/site-packages/airflow/example_dags/example_sla_dag.py for tasks to queue
[2025-05-20T17:16:07.603+0000] {logging_mixin.py:190} INFO - [2025-05-20T17:16:07.603+0000] {dagbag.py:588} INFO - Filling up the DagBag from /home/airflow/.local/lib/python3.12/site-packages/airflow/example_dags/example_sla_dag.py
[2025-05-20T17:16:07.623+0000] {processor.py:925} INFO - DAG(s) 'example_sla_dag' retrieved from /home/airflow/.local/lib/python3.12/site-packages/airflow/example_dags/example_sla_dag.py
[2025-05-20T17:16:07.666+0000] {logging_mixin.py:190} INFO - [2025-05-20T17:16:07.666+0000] {dag.py:3239} INFO - Sync 1 DAGs
[2025-05-20T17:16:07.727+0000] {logging_mixin.py:190} INFO - [2025-05-20T17:16:07.726+0000] {dag.py:4180} INFO - Setting next_dagrun for example_sla_dag to 2025-05-20 17:14:00+00:00, run_after=2025-05-20 17:16:00+00:00
[2025-05-20T17:16:07.767+0000] {processor.py:208} INFO - Processing /home/airflow/.local/lib/python3.12/site-packages/airflow/example_dags/example_sla_dag.py took 0.181 seconds
[2025-05-20T17:16:38.856+0000] {processor.py:186} INFO - Started process (PID=1884) to work on /home/airflow/.local/lib/python3.12/site-packages/airflow/example_dags/example_sla_dag.py
[2025-05-20T17:16:38.858+0000] {processor.py:914} INFO - Processing file /home/airflow/.local/lib/python3.12/site-packages/airflow/example_dags/example_sla_dag.py for tasks to queue
[2025-05-20T17:16:38.866+0000] {logging_mixin.py:190} INFO - [2025-05-20T17:16:38.864+0000] {dagbag.py:588} INFO - Filling up the DagBag from /home/airflow/.local/lib/python3.12/site-packages/airflow/example_dags/example_sla_dag.py
[2025-05-20T17:16:38.902+0000] {processor.py:925} INFO - DAG(s) 'example_sla_dag' retrieved from /home/airflow/.local/lib/python3.12/site-packages/airflow/example_dags/example_sla_dag.py
[2025-05-20T17:16:38.949+0000] {logging_mixin.py:190} INFO - [2025-05-20T17:16:38.949+0000] {dag.py:3239} INFO - Sync 1 DAGs
[2025-05-20T17:16:39.042+0000] {logging_mixin.py:190} INFO - [2025-05-20T17:16:39.041+0000] {dag.py:4180} INFO - Setting next_dagrun for example_sla_dag to 2025-05-20 17:14:00+00:00, run_after=2025-05-20 17:16:00+00:00
[2025-05-20T17:16:39.091+0000] {processor.py:208} INFO - Processing /home/airflow/.local/lib/python3.12/site-packages/airflow/example_dags/example_sla_dag.py took 0.247 seconds
[2025-05-20T17:17:09.468+0000] {processor.py:186} INFO - Started process (PID=1948) to work on /home/airflow/.local/lib/python3.12/site-packages/airflow/example_dags/example_sla_dag.py
[2025-05-20T17:17:09.470+0000] {processor.py:914} INFO - Processing file /home/airflow/.local/lib/python3.12/site-packages/airflow/example_dags/example_sla_dag.py for tasks to queue
[2025-05-20T17:17:09.474+0000] {logging_mixin.py:190} INFO - [2025-05-20T17:17:09.474+0000] {dagbag.py:588} INFO - Filling up the DagBag from /home/airflow/.local/lib/python3.12/site-packages/airflow/example_dags/example_sla_dag.py
[2025-05-20T17:17:09.496+0000] {processor.py:925} INFO - DAG(s) 'example_sla_dag' retrieved from /home/airflow/.local/lib/python3.12/site-packages/airflow/example_dags/example_sla_dag.py
[2025-05-20T17:17:09.534+0000] {logging_mixin.py:190} INFO - [2025-05-20T17:17:09.534+0000] {dag.py:3239} INFO - Sync 1 DAGs
[2025-05-20T17:17:09.585+0000] {logging_mixin.py:190} INFO - [2025-05-20T17:17:09.585+0000] {dag.py:4180} INFO - Setting next_dagrun for example_sla_dag to 2025-05-20 17:14:00+00:00, run_after=2025-05-20 17:16:00+00:00
[2025-05-20T17:17:09.683+0000] {processor.py:208} INFO - Processing /home/airflow/.local/lib/python3.12/site-packages/airflow/example_dags/example_sla_dag.py took 0.228 seconds
[2025-05-20T17:17:40.663+0000] {processor.py:186} INFO - Started process (PID=2012) to work on /home/airflow/.local/lib/python3.12/site-packages/airflow/example_dags/example_sla_dag.py
[2025-05-20T17:17:40.665+0000] {processor.py:914} INFO - Processing file /home/airflow/.local/lib/python3.12/site-packages/airflow/example_dags/example_sla_dag.py for tasks to queue
[2025-05-20T17:17:40.669+0000] {logging_mixin.py:190} INFO - [2025-05-20T17:17:40.669+0000] {dagbag.py:588} INFO - Filling up the DagBag from /home/airflow/.local/lib/python3.12/site-packages/airflow/example_dags/example_sla_dag.py
[2025-05-20T17:17:40.701+0000] {processor.py:925} INFO - DAG(s) 'example_sla_dag' retrieved from /home/airflow/.local/lib/python3.12/site-packages/airflow/example_dags/example_sla_dag.py
[2025-05-20T17:17:40.744+0000] {logging_mixin.py:190} INFO - [2025-05-20T17:17:40.744+0000] {dag.py:3239} INFO - Sync 1 DAGs
[2025-05-20T17:17:40.796+0000] {logging_mixin.py:190} INFO - [2025-05-20T17:17:40.796+0000] {dag.py:4180} INFO - Setting next_dagrun for example_sla_dag to 2025-05-20 17:14:00+00:00, run_after=2025-05-20 17:16:00+00:00
[2025-05-20T17:17:40.832+0000] {processor.py:208} INFO - Processing /home/airflow/.local/lib/python3.12/site-packages/airflow/example_dags/example_sla_dag.py took 0.180 seconds
[2025-05-20T17:18:11.313+0000] {processor.py:186} INFO - Started process (PID=2076) to work on /home/airflow/.local/lib/python3.12/site-packages/airflow/example_dags/example_sla_dag.py
[2025-05-20T17:18:11.315+0000] {processor.py:914} INFO - Processing file /home/airflow/.local/lib/python3.12/site-packages/airflow/example_dags/example_sla_dag.py for tasks to queue
[2025-05-20T17:18:11.320+0000] {logging_mixin.py:190} INFO - [2025-05-20T17:18:11.319+0000] {dagbag.py:588} INFO - Filling up the DagBag from /home/airflow/.local/lib/python3.12/site-packages/airflow/example_dags/example_sla_dag.py
[2025-05-20T17:18:11.339+0000] {processor.py:925} INFO - DAG(s) 'example_sla_dag' retrieved from /home/airflow/.local/lib/python3.12/site-packages/airflow/example_dags/example_sla_dag.py
[2025-05-20T17:18:11.378+0000] {logging_mixin.py:190} INFO - [2025-05-20T17:18:11.377+0000] {dag.py:3239} INFO - Sync 1 DAGs
[2025-05-20T17:18:11.436+0000] {logging_mixin.py:190} INFO - [2025-05-20T17:18:11.436+0000] {dag.py:4180} INFO - Setting next_dagrun for example_sla_dag to 2025-05-20 17:16:00+00:00, run_after=2025-05-20 17:18:00+00:00
[2025-05-20T17:18:11.543+0000] {processor.py:208} INFO - Processing /home/airflow/.local/lib/python3.12/site-packages/airflow/example_dags/example_sla_dag.py took 0.241 seconds
[2025-05-20T17:18:43.090+0000] {processor.py:186} INFO - Started process (PID=2140) to work on /home/airflow/.local/lib/python3.12/site-packages/airflow/example_dags/example_sla_dag.py
[2025-05-20T17:18:43.092+0000] {processor.py:914} INFO - Processing file /home/airflow/.local/lib/python3.12/site-packages/airflow/example_dags/example_sla_dag.py for tasks to queue
[2025-05-20T17:18:43.097+0000] {logging_mixin.py:190} INFO - [2025-05-20T17:18:43.096+0000] {dagbag.py:588} INFO - Filling up the DagBag from /home/airflow/.local/lib/python3.12/site-packages/airflow/example_dags/example_sla_dag.py
[2025-05-20T17:18:43.130+0000] {processor.py:925} INFO - DAG(s) 'example_sla_dag' retrieved from /home/airflow/.local/lib/python3.12/site-packages/airflow/example_dags/example_sla_dag.py
[2025-05-20T17:18:43.172+0000] {logging_mixin.py:190} INFO - [2025-05-20T17:18:43.172+0000] {dag.py:3239} INFO - Sync 1 DAGs
[2025-05-20T17:18:43.226+0000] {logging_mixin.py:190} INFO - [2025-05-20T17:18:43.225+0000] {dag.py:4180} INFO - Setting next_dagrun for example_sla_dag to 2025-05-20 17:16:00+00:00, run_after=2025-05-20 17:18:00+00:00
[2025-05-20T17:18:43.339+0000] {processor.py:208} INFO - Processing /home/airflow/.local/lib/python3.12/site-packages/airflow/example_dags/example_sla_dag.py took 0.262 seconds
[2025-05-20T17:19:13.988+0000] {processor.py:186} INFO - Started process (PID=2204) to work on /home/airflow/.local/lib/python3.12/site-packages/airflow/example_dags/example_sla_dag.py
[2025-05-20T17:19:13.990+0000] {processor.py:914} INFO - Processing file /home/airflow/.local/lib/python3.12/site-packages/airflow/example_dags/example_sla_dag.py for tasks to queue
[2025-05-20T17:19:13.996+0000] {logging_mixin.py:190} INFO - [2025-05-20T17:19:13.995+0000] {dagbag.py:588} INFO - Filling up the DagBag from /home/airflow/.local/lib/python3.12/site-packages/airflow/example_dags/example_sla_dag.py
[2025-05-20T17:19:14.019+0000] {processor.py:925} INFO - DAG(s) 'example_sla_dag' retrieved from /home/airflow/.local/lib/python3.12/site-packages/airflow/example_dags/example_sla_dag.py
[2025-05-20T17:19:14.061+0000] {logging_mixin.py:190} INFO - [2025-05-20T17:19:14.060+0000] {dag.py:3239} INFO - Sync 1 DAGs
[2025-05-20T17:19:14.117+0000] {logging_mixin.py:190} INFO - [2025-05-20T17:19:14.117+0000] {dag.py:4180} INFO - Setting next_dagrun for example_sla_dag to 2025-05-20 17:16:00+00:00, run_after=2025-05-20 17:18:00+00:00
[2025-05-20T17:19:14.220+0000] {processor.py:208} INFO - Processing /home/airflow/.local/lib/python3.12/site-packages/airflow/example_dags/example_sla_dag.py took 0.242 seconds
[2025-05-20T17:19:44.466+0000] {processor.py:186} INFO - Started process (PID=2268) to work on /home/airflow/.local/lib/python3.12/site-packages/airflow/example_dags/example_sla_dag.py
[2025-05-20T17:19:44.469+0000] {processor.py:914} INFO - Processing file /home/airflow/.local/lib/python3.12/site-packages/airflow/example_dags/example_sla_dag.py for tasks to queue
[2025-05-20T17:19:44.473+0000] {logging_mixin.py:190} INFO - [2025-05-20T17:19:44.473+0000] {dagbag.py:588} INFO - Filling up the DagBag from /home/airflow/.local/lib/python3.12/site-packages/airflow/example_dags/example_sla_dag.py
[2025-05-20T17:19:44.493+0000] {processor.py:925} INFO - DAG(s) 'example_sla_dag' retrieved from /home/airflow/.local/lib/python3.12/site-packages/airflow/example_dags/example_sla_dag.py
[2025-05-20T17:19:44.532+0000] {logging_mixin.py:190} INFO - [2025-05-20T17:19:44.531+0000] {dag.py:3239} INFO - Sync 1 DAGs
[2025-05-20T17:19:44.585+0000] {logging_mixin.py:190} INFO - [2025-05-20T17:19:44.585+0000] {dag.py:4180} INFO - Setting next_dagrun for example_sla_dag to 2025-05-20 17:16:00+00:00, run_after=2025-05-20 17:18:00+00:00
[2025-05-20T17:19:44.689+0000] {processor.py:208} INFO - Processing /home/airflow/.local/lib/python3.12/site-packages/airflow/example_dags/example_sla_dag.py took 0.238 seconds
[2025-05-20T17:20:15.623+0000] {processor.py:186} INFO - Started process (PID=2332) to work on /home/airflow/.local/lib/python3.12/site-packages/airflow/example_dags/example_sla_dag.py
[2025-05-20T17:20:15.625+0000] {processor.py:914} INFO - Processing file /home/airflow/.local/lib/python3.12/site-packages/airflow/example_dags/example_sla_dag.py for tasks to queue
[2025-05-20T17:20:15.629+0000] {logging_mixin.py:190} INFO - [2025-05-20T17:20:15.628+0000] {dagbag.py:588} INFO - Filling up the DagBag from /home/airflow/.local/lib/python3.12/site-packages/airflow/example_dags/example_sla_dag.py
[2025-05-20T17:20:15.650+0000] {processor.py:925} INFO - DAG(s) 'example_sla_dag' retrieved from /home/airflow/.local/lib/python3.12/site-packages/airflow/example_dags/example_sla_dag.py
[2025-05-20T17:20:15.686+0000] {logging_mixin.py:190} INFO - [2025-05-20T17:20:15.686+0000] {dag.py:3239} INFO - Sync 1 DAGs
[2025-05-20T17:20:15.748+0000] {logging_mixin.py:190} INFO - [2025-05-20T17:20:15.747+0000] {dag.py:4180} INFO - Setting next_dagrun for example_sla_dag to 2025-05-20 17:18:00+00:00, run_after=2025-05-20 17:20:00+00:00
[2025-05-20T17:20:15.792+0000] {processor.py:208} INFO - Processing /home/airflow/.local/lib/python3.12/site-packages/airflow/example_dags/example_sla_dag.py took 0.182 seconds
[2025-05-20T17:20:46.570+0000] {processor.py:186} INFO - Started process (PID=2396) to work on /home/airflow/.local/lib/python3.12/site-packages/airflow/example_dags/example_sla_dag.py
[2025-05-20T17:20:46.572+0000] {processor.py:914} INFO - Processing file /home/airflow/.local/lib/python3.12/site-packages/airflow/example_dags/example_sla_dag.py for tasks to queue
[2025-05-20T17:20:46.576+0000] {logging_mixin.py:190} INFO - [2025-05-20T17:20:46.576+0000] {dagbag.py:588} INFO - Filling up the DagBag from /home/airflow/.local/lib/python3.12/site-packages/airflow/example_dags/example_sla_dag.py
[2025-05-20T17:20:46.600+0000] {processor.py:925} INFO - DAG(s) 'example_sla_dag' retrieved from /home/airflow/.local/lib/python3.12/site-packages/airflow/example_dags/example_sla_dag.py
[2025-05-20T17:20:46.645+0000] {logging_mixin.py:190} INFO - [2025-05-20T17:20:46.645+0000] {dag.py:3239} INFO - Sync 1 DAGs
[2025-05-20T17:20:46.708+0000] {logging_mixin.py:190} INFO - [2025-05-20T17:20:46.707+0000] {dag.py:4180} INFO - Setting next_dagrun for example_sla_dag to 2025-05-20 17:18:00+00:00, run_after=2025-05-20 17:20:00+00:00
[2025-05-20T17:20:46.749+0000] {processor.py:208} INFO - Processing /home/airflow/.local/lib/python3.12/site-packages/airflow/example_dags/example_sla_dag.py took 0.188 seconds
[2025-05-20T17:21:17.298+0000] {processor.py:186} INFO - Started process (PID=2460) to work on /home/airflow/.local/lib/python3.12/site-packages/airflow/example_dags/example_sla_dag.py
[2025-05-20T17:21:17.299+0000] {processor.py:914} INFO - Processing file /home/airflow/.local/lib/python3.12/site-packages/airflow/example_dags/example_sla_dag.py for tasks to queue
[2025-05-20T17:21:17.304+0000] {logging_mixin.py:190} INFO - [2025-05-20T17:21:17.303+0000] {dagbag.py:588} INFO - Filling up the DagBag from /home/airflow/.local/lib/python3.12/site-packages/airflow/example_dags/example_sla_dag.py
[2025-05-20T17:21:17.327+0000] {processor.py:925} INFO - DAG(s) 'example_sla_dag' retrieved from /home/airflow/.local/lib/python3.12/site-packages/airflow/example_dags/example_sla_dag.py
[2025-05-20T17:21:17.369+0000] {logging_mixin.py:190} INFO - [2025-05-20T17:21:17.368+0000] {dag.py:3239} INFO - Sync 1 DAGs
[2025-05-20T17:21:17.433+0000] {logging_mixin.py:190} INFO - [2025-05-20T17:21:17.433+0000] {dag.py:4180} INFO - Setting next_dagrun for example_sla_dag to 2025-05-20 17:18:00+00:00, run_after=2025-05-20 17:20:00+00:00
[2025-05-20T17:21:17.470+0000] {processor.py:208} INFO - Processing /home/airflow/.local/lib/python3.12/site-packages/airflow/example_dags/example_sla_dag.py took 0.190 seconds
[2025-05-20T17:21:48.202+0000] {processor.py:186} INFO - Started process (PID=2524) to work on /home/airflow/.local/lib/python3.12/site-packages/airflow/example_dags/example_sla_dag.py
[2025-05-20T17:21:48.204+0000] {processor.py:914} INFO - Processing file /home/airflow/.local/lib/python3.12/site-packages/airflow/example_dags/example_sla_dag.py for tasks to queue
[2025-05-20T17:21:48.209+0000] {logging_mixin.py:190} INFO - [2025-05-20T17:21:48.208+0000] {dagbag.py:588} INFO - Filling up the DagBag from /home/airflow/.local/lib/python3.12/site-packages/airflow/example_dags/example_sla_dag.py
[2025-05-20T17:21:48.229+0000] {processor.py:925} INFO - DAG(s) 'example_sla_dag' retrieved from /home/airflow/.local/lib/python3.12/site-packages/airflow/example_dags/example_sla_dag.py
[2025-05-20T17:21:48.270+0000] {logging_mixin.py:190} INFO - [2025-05-20T17:21:48.269+0000] {dag.py:3239} INFO - Sync 1 DAGs
[2025-05-20T17:21:48.323+0000] {logging_mixin.py:190} INFO - [2025-05-20T17:21:48.322+0000] {dag.py:4180} INFO - Setting next_dagrun for example_sla_dag to 2025-05-20 17:18:00+00:00, run_after=2025-05-20 17:20:00+00:00
[2025-05-20T17:21:48.426+0000] {processor.py:208} INFO - Processing /home/airflow/.local/lib/python3.12/site-packages/airflow/example_dags/example_sla_dag.py took 0.236 seconds
[2025-05-20T17:22:18.594+0000] {processor.py:186} INFO - Started process (PID=2589) to work on /home/airflow/.local/lib/python3.12/site-packages/airflow/example_dags/example_sla_dag.py
[2025-05-20T17:22:18.598+0000] {processor.py:914} INFO - Processing file /home/airflow/.local/lib/python3.12/site-packages/airflow/example_dags/example_sla_dag.py for tasks to queue
[2025-05-20T17:22:18.602+0000] {logging_mixin.py:190} INFO - [2025-05-20T17:22:18.602+0000] {dagbag.py:588} INFO - Filling up the DagBag from /home/airflow/.local/lib/python3.12/site-packages/airflow/example_dags/example_sla_dag.py
[2025-05-20T17:22:18.623+0000] {processor.py:925} INFO - DAG(s) 'example_sla_dag' retrieved from /home/airflow/.local/lib/python3.12/site-packages/airflow/example_dags/example_sla_dag.py
[2025-05-20T17:22:18.676+0000] {logging_mixin.py:190} INFO - [2025-05-20T17:22:18.676+0000] {dag.py:3239} INFO - Sync 1 DAGs
[2025-05-20T17:22:18.731+0000] {logging_mixin.py:190} INFO - [2025-05-20T17:22:18.730+0000] {dag.py:4180} INFO - Setting next_dagrun for example_sla_dag to 2025-05-20 17:20:00+00:00, run_after=2025-05-20 17:22:00+00:00
[2025-05-20T17:22:18.816+0000] {processor.py:208} INFO - Processing /home/airflow/.local/lib/python3.12/site-packages/airflow/example_dags/example_sla_dag.py took 0.233 seconds
[2025-05-20T17:22:49.330+0000] {processor.py:186} INFO - Started process (PID=2654) to work on /home/airflow/.local/lib/python3.12/site-packages/airflow/example_dags/example_sla_dag.py
[2025-05-20T17:22:49.334+0000] {processor.py:914} INFO - Processing file /home/airflow/.local/lib/python3.12/site-packages/airflow/example_dags/example_sla_dag.py for tasks to queue
[2025-05-20T17:22:49.339+0000] {logging_mixin.py:190} INFO - [2025-05-20T17:22:49.338+0000] {dagbag.py:588} INFO - Filling up the DagBag from /home/airflow/.local/lib/python3.12/site-packages/airflow/example_dags/example_sla_dag.py
[2025-05-20T17:22:49.368+0000] {processor.py:925} INFO - DAG(s) 'example_sla_dag' retrieved from /home/airflow/.local/lib/python3.12/site-packages/airflow/example_dags/example_sla_dag.py
[2025-05-20T17:22:49.412+0000] {logging_mixin.py:190} INFO - [2025-05-20T17:22:49.411+0000] {dag.py:3239} INFO - Sync 1 DAGs
[2025-05-20T17:22:49.474+0000] {logging_mixin.py:190} INFO - [2025-05-20T17:22:49.474+0000] {dag.py:4180} INFO - Setting next_dagrun for example_sla_dag to 2025-05-20 17:20:00+00:00, run_after=2025-05-20 17:22:00+00:00
[2025-05-20T17:22:49.517+0000] {processor.py:208} INFO - Processing /home/airflow/.local/lib/python3.12/site-packages/airflow/example_dags/example_sla_dag.py took 0.203 seconds
[2025-05-20T17:23:19.678+0000] {processor.py:186} INFO - Started process (PID=2724) to work on /home/airflow/.local/lib/python3.12/site-packages/airflow/example_dags/example_sla_dag.py
[2025-05-20T17:23:19.681+0000] {processor.py:914} INFO - Processing file /home/airflow/.local/lib/python3.12/site-packages/airflow/example_dags/example_sla_dag.py for tasks to queue
[2025-05-20T17:23:19.685+0000] {logging_mixin.py:190} INFO - [2025-05-20T17:23:19.685+0000] {dagbag.py:588} INFO - Filling up the DagBag from /home/airflow/.local/lib/python3.12/site-packages/airflow/example_dags/example_sla_dag.py
[2025-05-20T17:23:19.708+0000] {processor.py:925} INFO - DAG(s) 'example_sla_dag' retrieved from /home/airflow/.local/lib/python3.12/site-packages/airflow/example_dags/example_sla_dag.py
[2025-05-20T17:23:19.752+0000] {logging_mixin.py:190} INFO - [2025-05-20T17:23:19.751+0000] {dag.py:3239} INFO - Sync 1 DAGs
[2025-05-20T17:23:19.804+0000] {logging_mixin.py:190} INFO - [2025-05-20T17:23:19.804+0000] {dag.py:4180} INFO - Setting next_dagrun for example_sla_dag to 2025-05-20 17:20:00+00:00, run_after=2025-05-20 17:22:00+00:00
[2025-05-20T17:23:19.843+0000] {processor.py:208} INFO - Processing /home/airflow/.local/lib/python3.12/site-packages/airflow/example_dags/example_sla_dag.py took 0.177 seconds
[2025-05-20T17:23:50.097+0000] {processor.py:186} INFO - Started process (PID=2787) to work on /home/airflow/.local/lib/python3.12/site-packages/airflow/example_dags/example_sla_dag.py
[2025-05-20T17:23:50.099+0000] {processor.py:914} INFO - Processing file /home/airflow/.local/lib/python3.12/site-packages/airflow/example_dags/example_sla_dag.py for tasks to queue
[2025-05-20T17:23:50.103+0000] {logging_mixin.py:190} INFO - [2025-05-20T17:23:50.103+0000] {dagbag.py:588} INFO - Filling up the DagBag from /home/airflow/.local/lib/python3.12/site-packages/airflow/example_dags/example_sla_dag.py
[2025-05-20T17:23:50.121+0000] {processor.py:925} INFO - DAG(s) 'example_sla_dag' retrieved from /home/airflow/.local/lib/python3.12/site-packages/airflow/example_dags/example_sla_dag.py
[2025-05-20T17:23:50.189+0000] {logging_mixin.py:190} INFO - [2025-05-20T17:23:50.188+0000] {dag.py:3239} INFO - Sync 1 DAGs
[2025-05-20T17:23:50.260+0000] {logging_mixin.py:190} INFO - [2025-05-20T17:23:50.260+0000] {dag.py:4180} INFO - Setting next_dagrun for example_sla_dag to 2025-05-20 17:20:00+00:00, run_after=2025-05-20 17:22:00+00:00
[2025-05-20T17:23:50.300+0000] {processor.py:208} INFO - Processing /home/airflow/.local/lib/python3.12/site-packages/airflow/example_dags/example_sla_dag.py took 0.214 seconds
[2025-05-20T17:24:22.314+0000] {processor.py:186} INFO - Started process (PID=2851) to work on /home/airflow/.local/lib/python3.12/site-packages/airflow/example_dags/example_sla_dag.py
[2025-05-20T17:24:22.317+0000] {processor.py:914} INFO - Processing file /home/airflow/.local/lib/python3.12/site-packages/airflow/example_dags/example_sla_dag.py for tasks to queue
[2025-05-20T17:24:22.321+0000] {logging_mixin.py:190} INFO - [2025-05-20T17:24:22.321+0000] {dagbag.py:588} INFO - Filling up the DagBag from /home/airflow/.local/lib/python3.12/site-packages/airflow/example_dags/example_sla_dag.py
[2025-05-20T17:24:22.339+0000] {processor.py:925} INFO - DAG(s) 'example_sla_dag' retrieved from /home/airflow/.local/lib/python3.12/site-packages/airflow/example_dags/example_sla_dag.py
[2025-05-20T17:24:22.380+0000] {logging_mixin.py:190} INFO - [2025-05-20T17:24:22.379+0000] {dag.py:3239} INFO - Sync 1 DAGs
[2025-05-20T17:24:22.429+0000] {logging_mixin.py:190} INFO - [2025-05-20T17:24:22.429+0000] {dag.py:4180} INFO - Setting next_dagrun for example_sla_dag to 2025-05-20 17:22:00+00:00, run_after=2025-05-20 17:24:00+00:00
[2025-05-20T17:24:22.517+0000] {processor.py:208} INFO - Processing /home/airflow/.local/lib/python3.12/site-packages/airflow/example_dags/example_sla_dag.py took 0.213 seconds
[2025-05-20T17:24:54.404+0000] {processor.py:186} INFO - Started process (PID=2915) to work on /home/airflow/.local/lib/python3.12/site-packages/airflow/example_dags/example_sla_dag.py
[2025-05-20T17:24:54.406+0000] {processor.py:914} INFO - Processing file /home/airflow/.local/lib/python3.12/site-packages/airflow/example_dags/example_sla_dag.py for tasks to queue
[2025-05-20T17:24:54.412+0000] {logging_mixin.py:190} INFO - [2025-05-20T17:24:54.411+0000] {dagbag.py:588} INFO - Filling up the DagBag from /home/airflow/.local/lib/python3.12/site-packages/airflow/example_dags/example_sla_dag.py
[2025-05-20T17:24:54.432+0000] {processor.py:925} INFO - DAG(s) 'example_sla_dag' retrieved from /home/airflow/.local/lib/python3.12/site-packages/airflow/example_dags/example_sla_dag.py
[2025-05-20T17:24:54.470+0000] {logging_mixin.py:190} INFO - [2025-05-20T17:24:54.469+0000] {dag.py:3239} INFO - Sync 1 DAGs
[2025-05-20T17:24:54.524+0000] {logging_mixin.py:190} INFO - [2025-05-20T17:24:54.523+0000] {dag.py:4180} INFO - Setting next_dagrun for example_sla_dag to 2025-05-20 17:22:00+00:00, run_after=2025-05-20 17:24:00+00:00
[2025-05-20T17:24:54.615+0000] {processor.py:208} INFO - Processing /home/airflow/.local/lib/python3.12/site-packages/airflow/example_dags/example_sla_dag.py took 0.223 seconds
[2025-05-20T17:25:25.583+0000] {processor.py:186} INFO - Started process (PID=2979) to work on /home/airflow/.local/lib/python3.12/site-packages/airflow/example_dags/example_sla_dag.py
[2025-05-20T17:25:25.586+0000] {processor.py:914} INFO - Processing file /home/airflow/.local/lib/python3.12/site-packages/airflow/example_dags/example_sla_dag.py for tasks to queue
[2025-05-20T17:25:25.591+0000] {logging_mixin.py:190} INFO - [2025-05-20T17:25:25.590+0000] {dagbag.py:588} INFO - Filling up the DagBag from /home/airflow/.local/lib/python3.12/site-packages/airflow/example_dags/example_sla_dag.py
[2025-05-20T17:25:25.619+0000] {processor.py:925} INFO - DAG(s) 'example_sla_dag' retrieved from /home/airflow/.local/lib/python3.12/site-packages/airflow/example_dags/example_sla_dag.py
[2025-05-20T17:25:25.661+0000] {logging_mixin.py:190} INFO - [2025-05-20T17:25:25.661+0000] {dag.py:3239} INFO - Sync 1 DAGs
[2025-05-20T17:25:25.715+0000] {logging_mixin.py:190} INFO - [2025-05-20T17:25:25.715+0000] {dag.py:4180} INFO - Setting next_dagrun for example_sla_dag to 2025-05-20 17:22:00+00:00, run_after=2025-05-20 17:24:00+00:00
[2025-05-20T17:25:25.763+0000] {processor.py:208} INFO - Processing /home/airflow/.local/lib/python3.12/site-packages/airflow/example_dags/example_sla_dag.py took 0.195 seconds
[2025-05-20T17:25:58.272+0000] {processor.py:186} INFO - Started process (PID=3045) to work on /home/airflow/.local/lib/python3.12/site-packages/airflow/example_dags/example_sla_dag.py
[2025-05-20T17:25:58.274+0000] {processor.py:914} INFO - Processing file /home/airflow/.local/lib/python3.12/site-packages/airflow/example_dags/example_sla_dag.py for tasks to queue
[2025-05-20T17:25:58.278+0000] {logging_mixin.py:190} INFO - [2025-05-20T17:25:58.278+0000] {dagbag.py:588} INFO - Filling up the DagBag from /home/airflow/.local/lib/python3.12/site-packages/airflow/example_dags/example_sla_dag.py
[2025-05-20T17:25:58.302+0000] {processor.py:925} INFO - DAG(s) 'example_sla_dag' retrieved from /home/airflow/.local/lib/python3.12/site-packages/airflow/example_dags/example_sla_dag.py
[2025-05-20T17:25:58.343+0000] {logging_mixin.py:190} INFO - [2025-05-20T17:25:58.343+0000] {dag.py:3239} INFO - Sync 1 DAGs
[2025-05-20T17:25:58.402+0000] {logging_mixin.py:190} INFO - [2025-05-20T17:25:58.402+0000] {dag.py:4180} INFO - Setting next_dagrun for example_sla_dag to 2025-05-20 17:22:00+00:00, run_after=2025-05-20 17:24:00+00:00
[2025-05-20T17:25:58.448+0000] {processor.py:208} INFO - Processing /home/airflow/.local/lib/python3.12/site-packages/airflow/example_dags/example_sla_dag.py took 0.186 seconds
[2025-05-20T17:26:29.520+0000] {processor.py:186} INFO - Started process (PID=3110) to work on /home/airflow/.local/lib/python3.12/site-packages/airflow/example_dags/example_sla_dag.py
[2025-05-20T17:26:29.523+0000] {processor.py:914} INFO - Processing file /home/airflow/.local/lib/python3.12/site-packages/airflow/example_dags/example_sla_dag.py for tasks to queue
[2025-05-20T17:26:29.528+0000] {logging_mixin.py:190} INFO - [2025-05-20T17:26:29.527+0000] {dagbag.py:588} INFO - Filling up the DagBag from /home/airflow/.local/lib/python3.12/site-packages/airflow/example_dags/example_sla_dag.py
[2025-05-20T17:26:29.551+0000] {processor.py:925} INFO - DAG(s) 'example_sla_dag' retrieved from /home/airflow/.local/lib/python3.12/site-packages/airflow/example_dags/example_sla_dag.py
[2025-05-20T17:26:29.594+0000] {logging_mixin.py:190} INFO - [2025-05-20T17:26:29.594+0000] {dag.py:3239} INFO - Sync 1 DAGs
[2025-05-20T17:26:29.657+0000] {logging_mixin.py:190} INFO - [2025-05-20T17:26:29.656+0000] {dag.py:4180} INFO - Setting next_dagrun for example_sla_dag to 2025-05-20 17:24:00+00:00, run_after=2025-05-20 17:26:00+00:00
[2025-05-20T17:26:29.765+0000] {processor.py:208} INFO - Processing /home/airflow/.local/lib/python3.12/site-packages/airflow/example_dags/example_sla_dag.py took 0.268 seconds
[2025-05-20T17:29:10.234+0000] {processor.py:186} INFO - Started process (PID=131) to work on /home/airflow/.local/lib/python3.12/site-packages/airflow/example_dags/example_sla_dag.py
[2025-05-20T17:29:10.236+0000] {processor.py:914} INFO - Processing file /home/airflow/.local/lib/python3.12/site-packages/airflow/example_dags/example_sla_dag.py for tasks to queue
[2025-05-20T17:29:10.240+0000] {logging_mixin.py:190} INFO - [2025-05-20T17:29:10.240+0000] {dagbag.py:588} INFO - Filling up the DagBag from /home/airflow/.local/lib/python3.12/site-packages/airflow/example_dags/example_sla_dag.py
[2025-05-20T17:29:10.268+0000] {processor.py:925} INFO - DAG(s) 'example_sla_dag' retrieved from /home/airflow/.local/lib/python3.12/site-packages/airflow/example_dags/example_sla_dag.py
[2025-05-20T17:29:10.321+0000] {logging_mixin.py:190} INFO - [2025-05-20T17:29:10.320+0000] {dag.py:3239} INFO - Sync 1 DAGs
[2025-05-20T17:29:10.381+0000] {logging_mixin.py:190} INFO - [2025-05-20T17:29:10.381+0000] {dag.py:4180} INFO - Setting next_dagrun for example_sla_dag to 2025-05-20 17:26:00+00:00, run_after=2025-05-20 17:28:00+00:00
[2025-05-20T17:29:10.438+0000] {processor.py:208} INFO - Processing /home/airflow/.local/lib/python3.12/site-packages/airflow/example_dags/example_sla_dag.py took 0.216 seconds
[2025-05-20T17:29:41.432+0000] {processor.py:186} INFO - Started process (PID=197) to work on /home/airflow/.local/lib/python3.12/site-packages/airflow/example_dags/example_sla_dag.py
[2025-05-20T17:29:41.434+0000] {processor.py:914} INFO - Processing file /home/airflow/.local/lib/python3.12/site-packages/airflow/example_dags/example_sla_dag.py for tasks to queue
[2025-05-20T17:29:41.439+0000] {logging_mixin.py:190} INFO - [2025-05-20T17:29:41.438+0000] {dagbag.py:588} INFO - Filling up the DagBag from /home/airflow/.local/lib/python3.12/site-packages/airflow/example_dags/example_sla_dag.py
[2025-05-20T17:29:41.459+0000] {processor.py:925} INFO - DAG(s) 'example_sla_dag' retrieved from /home/airflow/.local/lib/python3.12/site-packages/airflow/example_dags/example_sla_dag.py
[2025-05-20T17:29:41.500+0000] {logging_mixin.py:190} INFO - [2025-05-20T17:29:41.499+0000] {dag.py:3239} INFO - Sync 1 DAGs
[2025-05-20T17:29:41.553+0000] {logging_mixin.py:190} INFO - [2025-05-20T17:29:41.553+0000] {dag.py:4180} INFO - Setting next_dagrun for example_sla_dag to 2025-05-20 17:26:00+00:00, run_after=2025-05-20 17:28:00+00:00
[2025-05-20T17:29:41.588+0000] {processor.py:208} INFO - Processing /home/airflow/.local/lib/python3.12/site-packages/airflow/example_dags/example_sla_dag.py took 0.171 seconds
[2025-05-20T17:30:12.626+0000] {processor.py:186} INFO - Started process (PID=262) to work on /home/airflow/.local/lib/python3.12/site-packages/airflow/example_dags/example_sla_dag.py
[2025-05-20T17:30:12.628+0000] {processor.py:914} INFO - Processing file /home/airflow/.local/lib/python3.12/site-packages/airflow/example_dags/example_sla_dag.py for tasks to queue
[2025-05-20T17:30:12.633+0000] {logging_mixin.py:190} INFO - [2025-05-20T17:30:12.632+0000] {dagbag.py:588} INFO - Filling up the DagBag from /home/airflow/.local/lib/python3.12/site-packages/airflow/example_dags/example_sla_dag.py
[2025-05-20T17:30:12.654+0000] {processor.py:925} INFO - DAG(s) 'example_sla_dag' retrieved from /home/airflow/.local/lib/python3.12/site-packages/airflow/example_dags/example_sla_dag.py
[2025-05-20T17:30:12.695+0000] {logging_mixin.py:190} INFO - [2025-05-20T17:30:12.694+0000] {dag.py:3239} INFO - Sync 1 DAGs
[2025-05-20T17:30:12.747+0000] {logging_mixin.py:190} INFO - [2025-05-20T17:30:12.747+0000] {dag.py:4180} INFO - Setting next_dagrun for example_sla_dag to 2025-05-20 17:28:00+00:00, run_after=2025-05-20 17:30:00+00:00
[2025-05-20T17:30:12.787+0000] {processor.py:208} INFO - Processing /home/airflow/.local/lib/python3.12/site-packages/airflow/example_dags/example_sla_dag.py took 0.174 seconds
[2025-05-20T17:30:43.179+0000] {processor.py:186} INFO - Started process (PID=328) to work on /home/airflow/.local/lib/python3.12/site-packages/airflow/example_dags/example_sla_dag.py
[2025-05-20T17:30:43.180+0000] {processor.py:914} INFO - Processing file /home/airflow/.local/lib/python3.12/site-packages/airflow/example_dags/example_sla_dag.py for tasks to queue
[2025-05-20T17:30:43.185+0000] {logging_mixin.py:190} INFO - [2025-05-20T17:30:43.185+0000] {dagbag.py:588} INFO - Filling up the DagBag from /home/airflow/.local/lib/python3.12/site-packages/airflow/example_dags/example_sla_dag.py
[2025-05-20T17:30:43.207+0000] {processor.py:925} INFO - DAG(s) 'example_sla_dag' retrieved from /home/airflow/.local/lib/python3.12/site-packages/airflow/example_dags/example_sla_dag.py
[2025-05-20T17:30:43.250+0000] {logging_mixin.py:190} INFO - [2025-05-20T17:30:43.249+0000] {dag.py:3239} INFO - Sync 1 DAGs
[2025-05-20T17:30:43.307+0000] {logging_mixin.py:190} INFO - [2025-05-20T17:30:43.307+0000] {dag.py:4180} INFO - Setting next_dagrun for example_sla_dag to 2025-05-20 17:28:00+00:00, run_after=2025-05-20 17:30:00+00:00
[2025-05-20T17:30:43.347+0000] {processor.py:208} INFO - Processing /home/airflow/.local/lib/python3.12/site-packages/airflow/example_dags/example_sla_dag.py took 0.180 seconds
[2025-05-20T17:31:13.990+0000] {processor.py:186} INFO - Started process (PID=394) to work on /home/airflow/.local/lib/python3.12/site-packages/airflow/example_dags/example_sla_dag.py
[2025-05-20T17:31:13.993+0000] {processor.py:914} INFO - Processing file /home/airflow/.local/lib/python3.12/site-packages/airflow/example_dags/example_sla_dag.py for tasks to queue
[2025-05-20T17:31:14.000+0000] {logging_mixin.py:190} INFO - [2025-05-20T17:31:13.999+0000] {dagbag.py:588} INFO - Filling up the DagBag from /home/airflow/.local/lib/python3.12/site-packages/airflow/example_dags/example_sla_dag.py
[2025-05-20T17:31:14.040+0000] {processor.py:925} INFO - DAG(s) 'example_sla_dag' retrieved from /home/airflow/.local/lib/python3.12/site-packages/airflow/example_dags/example_sla_dag.py
[2025-05-20T17:31:14.090+0000] {logging_mixin.py:190} INFO - [2025-05-20T17:31:14.089+0000] {dag.py:3239} INFO - Sync 1 DAGs
[2025-05-20T17:31:14.166+0000] {logging_mixin.py:190} INFO - [2025-05-20T17:31:14.166+0000] {dag.py:4180} INFO - Setting next_dagrun for example_sla_dag to 2025-05-20 17:28:00+00:00, run_after=2025-05-20 17:30:00+00:00
[2025-05-20T17:31:14.211+0000] {processor.py:208} INFO - Processing /home/airflow/.local/lib/python3.12/site-packages/airflow/example_dags/example_sla_dag.py took 0.236 seconds
[2025-05-20T17:31:44.289+0000] {processor.py:186} INFO - Started process (PID=459) to work on /home/airflow/.local/lib/python3.12/site-packages/airflow/example_dags/example_sla_dag.py
[2025-05-20T17:31:44.290+0000] {processor.py:914} INFO - Processing file /home/airflow/.local/lib/python3.12/site-packages/airflow/example_dags/example_sla_dag.py for tasks to queue
[2025-05-20T17:31:44.295+0000] {logging_mixin.py:190} INFO - [2025-05-20T17:31:44.294+0000] {dagbag.py:588} INFO - Filling up the DagBag from /home/airflow/.local/lib/python3.12/site-packages/airflow/example_dags/example_sla_dag.py
[2025-05-20T17:31:44.316+0000] {processor.py:925} INFO - DAG(s) 'example_sla_dag' retrieved from /home/airflow/.local/lib/python3.12/site-packages/airflow/example_dags/example_sla_dag.py
[2025-05-20T17:31:44.355+0000] {logging_mixin.py:190} INFO - [2025-05-20T17:31:44.355+0000] {dag.py:3239} INFO - Sync 1 DAGs
[2025-05-20T17:31:44.411+0000] {logging_mixin.py:190} INFO - [2025-05-20T17:31:44.410+0000] {dag.py:4180} INFO - Setting next_dagrun for example_sla_dag to 2025-05-20 17:28:00+00:00, run_after=2025-05-20 17:30:00+00:00
[2025-05-20T17:31:44.453+0000] {processor.py:208} INFO - Processing /home/airflow/.local/lib/python3.12/site-packages/airflow/example_dags/example_sla_dag.py took 0.175 seconds
[2025-05-20T17:32:15.891+0000] {processor.py:186} INFO - Started process (PID=525) to work on /home/airflow/.local/lib/python3.12/site-packages/airflow/example_dags/example_sla_dag.py
[2025-05-20T17:32:15.893+0000] {processor.py:914} INFO - Processing file /home/airflow/.local/lib/python3.12/site-packages/airflow/example_dags/example_sla_dag.py for tasks to queue
[2025-05-20T17:32:15.898+0000] {logging_mixin.py:190} INFO - [2025-05-20T17:32:15.898+0000] {dagbag.py:588} INFO - Filling up the DagBag from /home/airflow/.local/lib/python3.12/site-packages/airflow/example_dags/example_sla_dag.py
[2025-05-20T17:32:15.921+0000] {processor.py:925} INFO - DAG(s) 'example_sla_dag' retrieved from /home/airflow/.local/lib/python3.12/site-packages/airflow/example_dags/example_sla_dag.py
[2025-05-20T17:32:15.960+0000] {logging_mixin.py:190} INFO - [2025-05-20T17:32:15.960+0000] {dag.py:3239} INFO - Sync 1 DAGs
[2025-05-20T17:32:16.018+0000] {logging_mixin.py:190} INFO - [2025-05-20T17:32:16.017+0000] {dag.py:4180} INFO - Setting next_dagrun for example_sla_dag to 2025-05-20 17:30:00+00:00, run_after=2025-05-20 17:32:00+00:00
[2025-05-20T17:32:16.083+0000] {processor.py:208} INFO - Processing /home/airflow/.local/lib/python3.12/site-packages/airflow/example_dags/example_sla_dag.py took 0.205 seconds
[2025-05-20T17:32:47.192+0000] {processor.py:186} INFO - Started process (PID=591) to work on /home/airflow/.local/lib/python3.12/site-packages/airflow/example_dags/example_sla_dag.py
[2025-05-20T17:32:47.194+0000] {processor.py:914} INFO - Processing file /home/airflow/.local/lib/python3.12/site-packages/airflow/example_dags/example_sla_dag.py for tasks to queue
[2025-05-20T17:32:47.199+0000] {logging_mixin.py:190} INFO - [2025-05-20T17:32:47.198+0000] {dagbag.py:588} INFO - Filling up the DagBag from /home/airflow/.local/lib/python3.12/site-packages/airflow/example_dags/example_sla_dag.py
[2025-05-20T17:32:47.219+0000] {processor.py:925} INFO - DAG(s) 'example_sla_dag' retrieved from /home/airflow/.local/lib/python3.12/site-packages/airflow/example_dags/example_sla_dag.py
[2025-05-20T17:32:47.259+0000] {logging_mixin.py:190} INFO - [2025-05-20T17:32:47.258+0000] {dag.py:3239} INFO - Sync 1 DAGs
[2025-05-20T17:32:47.313+0000] {logging_mixin.py:190} INFO - [2025-05-20T17:32:47.313+0000] {dag.py:4180} INFO - Setting next_dagrun for example_sla_dag to 2025-05-20 17:30:00+00:00, run_after=2025-05-20 17:32:00+00:00
[2025-05-20T17:32:47.421+0000] {processor.py:208} INFO - Processing /home/airflow/.local/lib/python3.12/site-packages/airflow/example_dags/example_sla_dag.py took 0.240 seconds
[2025-05-20T17:33:17.532+0000] {processor.py:186} INFO - Started process (PID=656) to work on /home/airflow/.local/lib/python3.12/site-packages/airflow/example_dags/example_sla_dag.py
[2025-05-20T17:33:17.534+0000] {processor.py:914} INFO - Processing file /home/airflow/.local/lib/python3.12/site-packages/airflow/example_dags/example_sla_dag.py for tasks to queue
[2025-05-20T17:33:17.538+0000] {logging_mixin.py:190} INFO - [2025-05-20T17:33:17.537+0000] {dagbag.py:588} INFO - Filling up the DagBag from /home/airflow/.local/lib/python3.12/site-packages/airflow/example_dags/example_sla_dag.py
[2025-05-20T17:33:17.562+0000] {processor.py:925} INFO - DAG(s) 'example_sla_dag' retrieved from /home/airflow/.local/lib/python3.12/site-packages/airflow/example_dags/example_sla_dag.py
[2025-05-20T17:33:17.604+0000] {logging_mixin.py:190} INFO - [2025-05-20T17:33:17.604+0000] {dag.py:3239} INFO - Sync 1 DAGs
[2025-05-20T17:33:17.656+0000] {logging_mixin.py:190} INFO - [2025-05-20T17:33:17.656+0000] {dag.py:4180} INFO - Setting next_dagrun for example_sla_dag to 2025-05-20 17:30:00+00:00, run_after=2025-05-20 17:32:00+00:00
[2025-05-20T17:33:17.698+0000] {processor.py:208} INFO - Processing /home/airflow/.local/lib/python3.12/site-packages/airflow/example_dags/example_sla_dag.py took 0.178 seconds
[2025-05-20T17:33:48.050+0000] {processor.py:186} INFO - Started process (PID=722) to work on /home/airflow/.local/lib/python3.12/site-packages/airflow/example_dags/example_sla_dag.py
[2025-05-20T17:33:48.052+0000] {processor.py:914} INFO - Processing file /home/airflow/.local/lib/python3.12/site-packages/airflow/example_dags/example_sla_dag.py for tasks to queue
[2025-05-20T17:33:48.057+0000] {logging_mixin.py:190} INFO - [2025-05-20T17:33:48.056+0000] {dagbag.py:588} INFO - Filling up the DagBag from /home/airflow/.local/lib/python3.12/site-packages/airflow/example_dags/example_sla_dag.py
[2025-05-20T17:33:48.077+0000] {processor.py:925} INFO - DAG(s) 'example_sla_dag' retrieved from /home/airflow/.local/lib/python3.12/site-packages/airflow/example_dags/example_sla_dag.py
[2025-05-20T17:33:48.118+0000] {logging_mixin.py:190} INFO - [2025-05-20T17:33:48.118+0000] {dag.py:3239} INFO - Sync 1 DAGs
[2025-05-20T17:33:48.172+0000] {logging_mixin.py:190} INFO - [2025-05-20T17:33:48.171+0000] {dag.py:4180} INFO - Setting next_dagrun for example_sla_dag to 2025-05-20 17:30:00+00:00, run_after=2025-05-20 17:32:00+00:00
[2025-05-20T17:33:48.206+0000] {processor.py:208} INFO - Processing /home/airflow/.local/lib/python3.12/site-packages/airflow/example_dags/example_sla_dag.py took 0.168 seconds
[2025-05-20T17:34:19.516+0000] {processor.py:186} INFO - Started process (PID=788) to work on /home/airflow/.local/lib/python3.12/site-packages/airflow/example_dags/example_sla_dag.py
[2025-05-20T17:34:19.519+0000] {processor.py:914} INFO - Processing file /home/airflow/.local/lib/python3.12/site-packages/airflow/example_dags/example_sla_dag.py for tasks to queue
[2025-05-20T17:34:19.523+0000] {logging_mixin.py:190} INFO - [2025-05-20T17:34:19.522+0000] {dagbag.py:588} INFO - Filling up the DagBag from /home/airflow/.local/lib/python3.12/site-packages/airflow/example_dags/example_sla_dag.py
[2025-05-20T17:34:19.544+0000] {processor.py:925} INFO - DAG(s) 'example_sla_dag' retrieved from /home/airflow/.local/lib/python3.12/site-packages/airflow/example_dags/example_sla_dag.py
[2025-05-20T17:34:19.583+0000] {logging_mixin.py:190} INFO - [2025-05-20T17:34:19.583+0000] {dag.py:3239} INFO - Sync 1 DAGs
[2025-05-20T17:34:19.634+0000] {logging_mixin.py:190} INFO - [2025-05-20T17:34:19.634+0000] {dag.py:4180} INFO - Setting next_dagrun for example_sla_dag to 2025-05-20 17:32:00+00:00, run_after=2025-05-20 17:34:00+00:00
[2025-05-20T17:34:19.671+0000] {processor.py:208} INFO - Processing /home/airflow/.local/lib/python3.12/site-packages/airflow/example_dags/example_sla_dag.py took 0.169 seconds
[2025-05-20T17:34:49.818+0000] {processor.py:186} INFO - Started process (PID=854) to work on /home/airflow/.local/lib/python3.12/site-packages/airflow/example_dags/example_sla_dag.py
[2025-05-20T17:34:49.820+0000] {processor.py:914} INFO - Processing file /home/airflow/.local/lib/python3.12/site-packages/airflow/example_dags/example_sla_dag.py for tasks to queue
[2025-05-20T17:34:49.824+0000] {logging_mixin.py:190} INFO - [2025-05-20T17:34:49.823+0000] {dagbag.py:588} INFO - Filling up the DagBag from /home/airflow/.local/lib/python3.12/site-packages/airflow/example_dags/example_sla_dag.py
[2025-05-20T17:34:49.843+0000] {processor.py:925} INFO - DAG(s) 'example_sla_dag' retrieved from /home/airflow/.local/lib/python3.12/site-packages/airflow/example_dags/example_sla_dag.py
[2025-05-20T17:34:49.883+0000] {logging_mixin.py:190} INFO - [2025-05-20T17:34:49.882+0000] {dag.py:3239} INFO - Sync 1 DAGs
[2025-05-20T17:34:49.931+0000] {logging_mixin.py:190} INFO - [2025-05-20T17:34:49.931+0000] {dag.py:4180} INFO - Setting next_dagrun for example_sla_dag to 2025-05-20 17:32:00+00:00, run_after=2025-05-20 17:34:00+00:00
[2025-05-20T17:34:50.033+0000] {processor.py:208} INFO - Processing /home/airflow/.local/lib/python3.12/site-packages/airflow/example_dags/example_sla_dag.py took 0.226 seconds
[2025-05-20T17:35:20.403+0000] {processor.py:186} INFO - Started process (PID=920) to work on /home/airflow/.local/lib/python3.12/site-packages/airflow/example_dags/example_sla_dag.py
[2025-05-20T17:35:20.405+0000] {processor.py:914} INFO - Processing file /home/airflow/.local/lib/python3.12/site-packages/airflow/example_dags/example_sla_dag.py for tasks to queue
[2025-05-20T17:35:20.410+0000] {logging_mixin.py:190} INFO - [2025-05-20T17:35:20.409+0000] {dagbag.py:588} INFO - Filling up the DagBag from /home/airflow/.local/lib/python3.12/site-packages/airflow/example_dags/example_sla_dag.py
[2025-05-20T17:35:20.430+0000] {processor.py:925} INFO - DAG(s) 'example_sla_dag' retrieved from /home/airflow/.local/lib/python3.12/site-packages/airflow/example_dags/example_sla_dag.py
[2025-05-20T17:35:20.471+0000] {logging_mixin.py:190} INFO - [2025-05-20T17:35:20.471+0000] {dag.py:3239} INFO - Sync 1 DAGs
[2025-05-20T17:35:20.541+0000] {logging_mixin.py:190} INFO - [2025-05-20T17:35:20.540+0000] {dag.py:4180} INFO - Setting next_dagrun for example_sla_dag to 2025-05-20 17:32:00+00:00, run_after=2025-05-20 17:34:00+00:00
[2025-05-20T17:35:20.598+0000] {processor.py:208} INFO - Processing /home/airflow/.local/lib/python3.12/site-packages/airflow/example_dags/example_sla_dag.py took 0.205 seconds
[2025-05-20T17:35:50.858+0000] {processor.py:186} INFO - Started process (PID=986) to work on /home/airflow/.local/lib/python3.12/site-packages/airflow/example_dags/example_sla_dag.py
[2025-05-20T17:35:50.860+0000] {processor.py:914} INFO - Processing file /home/airflow/.local/lib/python3.12/site-packages/airflow/example_dags/example_sla_dag.py for tasks to queue
[2025-05-20T17:35:50.865+0000] {logging_mixin.py:190} INFO - [2025-05-20T17:35:50.864+0000] {dagbag.py:588} INFO - Filling up the DagBag from /home/airflow/.local/lib/python3.12/site-packages/airflow/example_dags/example_sla_dag.py
[2025-05-20T17:35:50.888+0000] {processor.py:925} INFO - DAG(s) 'example_sla_dag' retrieved from /home/airflow/.local/lib/python3.12/site-packages/airflow/example_dags/example_sla_dag.py
[2025-05-20T17:35:50.938+0000] {logging_mixin.py:190} INFO - [2025-05-20T17:35:50.937+0000] {dag.py:3239} INFO - Sync 1 DAGs
[2025-05-20T17:35:51.000+0000] {logging_mixin.py:190} INFO - [2025-05-20T17:35:51.000+0000] {dag.py:4180} INFO - Setting next_dagrun for example_sla_dag to 2025-05-20 17:32:00+00:00, run_after=2025-05-20 17:34:00+00:00
[2025-05-20T17:35:51.043+0000] {processor.py:208} INFO - Processing /home/airflow/.local/lib/python3.12/site-packages/airflow/example_dags/example_sla_dag.py took 0.198 seconds
[2025-05-20T17:36:21.932+0000] {processor.py:186} INFO - Started process (PID=1052) to work on /home/airflow/.local/lib/python3.12/site-packages/airflow/example_dags/example_sla_dag.py
[2025-05-20T17:36:21.935+0000] {processor.py:914} INFO - Processing file /home/airflow/.local/lib/python3.12/site-packages/airflow/example_dags/example_sla_dag.py for tasks to queue
[2025-05-20T17:36:21.939+0000] {logging_mixin.py:190} INFO - [2025-05-20T17:36:21.939+0000] {dagbag.py:588} INFO - Filling up the DagBag from /home/airflow/.local/lib/python3.12/site-packages/airflow/example_dags/example_sla_dag.py
[2025-05-20T17:36:21.962+0000] {processor.py:925} INFO - DAG(s) 'example_sla_dag' retrieved from /home/airflow/.local/lib/python3.12/site-packages/airflow/example_dags/example_sla_dag.py
[2025-05-20T17:36:22.005+0000] {logging_mixin.py:190} INFO - [2025-05-20T17:36:22.004+0000] {dag.py:3239} INFO - Sync 1 DAGs
[2025-05-20T17:36:22.067+0000] {logging_mixin.py:190} INFO - [2025-05-20T17:36:22.066+0000] {dag.py:4180} INFO - Setting next_dagrun for example_sla_dag to 2025-05-20 17:34:00+00:00, run_after=2025-05-20 17:36:00+00:00
[2025-05-20T17:36:22.107+0000] {processor.py:208} INFO - Processing /home/airflow/.local/lib/python3.12/site-packages/airflow/example_dags/example_sla_dag.py took 0.188 seconds
[2025-05-20T17:36:52.265+0000] {processor.py:186} INFO - Started process (PID=1117) to work on /home/airflow/.local/lib/python3.12/site-packages/airflow/example_dags/example_sla_dag.py
[2025-05-20T17:36:52.268+0000] {processor.py:914} INFO - Processing file /home/airflow/.local/lib/python3.12/site-packages/airflow/example_dags/example_sla_dag.py for tasks to queue
[2025-05-20T17:36:52.273+0000] {logging_mixin.py:190} INFO - [2025-05-20T17:36:52.272+0000] {dagbag.py:588} INFO - Filling up the DagBag from /home/airflow/.local/lib/python3.12/site-packages/airflow/example_dags/example_sla_dag.py
[2025-05-20T17:36:52.293+0000] {processor.py:925} INFO - DAG(s) 'example_sla_dag' retrieved from /home/airflow/.local/lib/python3.12/site-packages/airflow/example_dags/example_sla_dag.py
[2025-05-20T17:36:52.335+0000] {logging_mixin.py:190} INFO - [2025-05-20T17:36:52.334+0000] {dag.py:3239} INFO - Sync 1 DAGs
[2025-05-20T17:36:52.386+0000] {logging_mixin.py:190} INFO - [2025-05-20T17:36:52.385+0000] {dag.py:4180} INFO - Setting next_dagrun for example_sla_dag to 2025-05-20 17:34:00+00:00, run_after=2025-05-20 17:36:00+00:00
[2025-05-20T17:36:52.421+0000] {processor.py:208} INFO - Processing /home/airflow/.local/lib/python3.12/site-packages/airflow/example_dags/example_sla_dag.py took 0.168 seconds
[2025-05-20T17:37:22.589+0000] {processor.py:186} INFO - Started process (PID=1183) to work on /home/airflow/.local/lib/python3.12/site-packages/airflow/example_dags/example_sla_dag.py
[2025-05-20T17:37:22.591+0000] {processor.py:914} INFO - Processing file /home/airflow/.local/lib/python3.12/site-packages/airflow/example_dags/example_sla_dag.py for tasks to queue
[2025-05-20T17:37:22.596+0000] {logging_mixin.py:190} INFO - [2025-05-20T17:37:22.596+0000] {dagbag.py:588} INFO - Filling up the DagBag from /home/airflow/.local/lib/python3.12/site-packages/airflow/example_dags/example_sla_dag.py
[2025-05-20T17:37:22.623+0000] {processor.py:925} INFO - DAG(s) 'example_sla_dag' retrieved from /home/airflow/.local/lib/python3.12/site-packages/airflow/example_dags/example_sla_dag.py
[2025-05-20T17:37:22.669+0000] {logging_mixin.py:190} INFO - [2025-05-20T17:37:22.668+0000] {dag.py:3239} INFO - Sync 1 DAGs
[2025-05-20T17:37:22.751+0000] {logging_mixin.py:190} INFO - [2025-05-20T17:37:22.750+0000] {dag.py:4180} INFO - Setting next_dagrun for example_sla_dag to 2025-05-20 17:34:00+00:00, run_after=2025-05-20 17:36:00+00:00
[2025-05-20T17:37:22.798+0000] {processor.py:208} INFO - Processing /home/airflow/.local/lib/python3.12/site-packages/airflow/example_dags/example_sla_dag.py took 0.220 seconds
[2025-05-20T17:37:54.142+0000] {processor.py:186} INFO - Started process (PID=1249) to work on /home/airflow/.local/lib/python3.12/site-packages/airflow/example_dags/example_sla_dag.py
[2025-05-20T17:37:54.144+0000] {processor.py:914} INFO - Processing file /home/airflow/.local/lib/python3.12/site-packages/airflow/example_dags/example_sla_dag.py for tasks to queue
[2025-05-20T17:37:54.148+0000] {logging_mixin.py:190} INFO - [2025-05-20T17:37:54.148+0000] {dagbag.py:588} INFO - Filling up the DagBag from /home/airflow/.local/lib/python3.12/site-packages/airflow/example_dags/example_sla_dag.py
[2025-05-20T17:37:54.169+0000] {processor.py:925} INFO - DAG(s) 'example_sla_dag' retrieved from /home/airflow/.local/lib/python3.12/site-packages/airflow/example_dags/example_sla_dag.py
[2025-05-20T17:37:54.210+0000] {logging_mixin.py:190} INFO - [2025-05-20T17:37:54.210+0000] {dag.py:3239} INFO - Sync 1 DAGs
[2025-05-20T17:37:54.262+0000] {logging_mixin.py:190} INFO - [2025-05-20T17:37:54.262+0000] {dag.py:4180} INFO - Setting next_dagrun for example_sla_dag to 2025-05-20 17:34:00+00:00, run_after=2025-05-20 17:36:00+00:00
[2025-05-20T17:37:54.366+0000] {processor.py:208} INFO - Processing /home/airflow/.local/lib/python3.12/site-packages/airflow/example_dags/example_sla_dag.py took 0.236 seconds
[2025-05-20T17:42:42.930+0000] {processor.py:186} INFO - Started process (PID=129) to work on /home/airflow/.local/lib/python3.12/site-packages/airflow/example_dags/example_sla_dag.py
[2025-05-20T17:42:42.933+0000] {processor.py:914} INFO - Processing file /home/airflow/.local/lib/python3.12/site-packages/airflow/example_dags/example_sla_dag.py for tasks to queue
[2025-05-20T17:42:42.937+0000] {logging_mixin.py:190} INFO - [2025-05-20T17:42:42.937+0000] {dagbag.py:588} INFO - Filling up the DagBag from /home/airflow/.local/lib/python3.12/site-packages/airflow/example_dags/example_sla_dag.py
[2025-05-20T17:42:42.963+0000] {processor.py:925} INFO - DAG(s) 'example_sla_dag' retrieved from /home/airflow/.local/lib/python3.12/site-packages/airflow/example_dags/example_sla_dag.py
[2025-05-20T17:42:43.290+0000] {logging_mixin.py:190} INFO - [2025-05-20T17:42:43.288+0000] {override.py:1930} INFO - Created Permission View: can read on DAG:example_sla_dag
[2025-05-20T17:42:43.316+0000] {logging_mixin.py:190} INFO - [2025-05-20T17:42:43.316+0000] {override.py:1930} INFO - Created Permission View: can edit on DAG:example_sla_dag
[2025-05-20T17:42:43.333+0000] {logging_mixin.py:190} INFO - [2025-05-20T17:42:43.333+0000] {override.py:1930} INFO - Created Permission View: can delete on DAG:example_sla_dag
[2025-05-20T17:42:43.353+0000] {logging_mixin.py:190} INFO - [2025-05-20T17:42:43.352+0000] {override.py:1930} INFO - Created Permission View: menu access on DAG Run:example_sla_dag
[2025-05-20T17:42:43.368+0000] {logging_mixin.py:190} INFO - [2025-05-20T17:42:43.367+0000] {override.py:1930} INFO - Created Permission View: can read on DAG Run:example_sla_dag
[2025-05-20T17:42:43.384+0000] {logging_mixin.py:190} INFO - [2025-05-20T17:42:43.383+0000] {override.py:1930} INFO - Created Permission View: can delete on DAG Run:example_sla_dag
[2025-05-20T17:42:43.400+0000] {logging_mixin.py:190} INFO - [2025-05-20T17:42:43.399+0000] {override.py:1930} INFO - Created Permission View: can create on DAG Run:example_sla_dag
[2025-05-20T17:42:43.401+0000] {logging_mixin.py:190} INFO - [2025-05-20T17:42:43.401+0000] {dag.py:3239} INFO - Sync 1 DAGs
[2025-05-20T17:42:43.429+0000] {logging_mixin.py:190} INFO - [2025-05-20T17:42:43.429+0000] {dag.py:3262} INFO - Creating ORM DAG for example_sla_dag
[2025-05-20T17:42:43.455+0000] {logging_mixin.py:190} INFO - [2025-05-20T17:42:43.455+0000] {dag.py:4180} INFO - Setting next_dagrun for example_sla_dag to 2025-05-20 17:40:00+00:00, run_after=2025-05-20 17:42:00+00:00
[2025-05-20T17:42:43.490+0000] {processor.py:208} INFO - Processing /home/airflow/.local/lib/python3.12/site-packages/airflow/example_dags/example_sla_dag.py took 0.572 seconds
[2025-05-20T17:43:13.831+0000] {processor.py:186} INFO - Started process (PID=199) to work on /home/airflow/.local/lib/python3.12/site-packages/airflow/example_dags/example_sla_dag.py
[2025-05-20T17:43:13.833+0000] {processor.py:914} INFO - Processing file /home/airflow/.local/lib/python3.12/site-packages/airflow/example_dags/example_sla_dag.py for tasks to queue
[2025-05-20T17:43:13.837+0000] {logging_mixin.py:190} INFO - [2025-05-20T17:43:13.837+0000] {dagbag.py:588} INFO - Filling up the DagBag from /home/airflow/.local/lib/python3.12/site-packages/airflow/example_dags/example_sla_dag.py
[2025-05-20T17:43:13.856+0000] {processor.py:925} INFO - DAG(s) 'example_sla_dag' retrieved from /home/airflow/.local/lib/python3.12/site-packages/airflow/example_dags/example_sla_dag.py
[2025-05-20T17:43:13.896+0000] {logging_mixin.py:190} INFO - [2025-05-20T17:43:13.896+0000] {dag.py:3239} INFO - Sync 1 DAGs
[2025-05-20T17:43:13.995+0000] {logging_mixin.py:190} INFO - [2025-05-20T17:43:13.994+0000] {dag.py:4180} INFO - Setting next_dagrun for example_sla_dag to 2025-05-20 17:40:00+00:00, run_after=2025-05-20 17:42:00+00:00
[2025-05-20T17:43:14.034+0000] {processor.py:208} INFO - Processing /home/airflow/.local/lib/python3.12/site-packages/airflow/example_dags/example_sla_dag.py took 0.215 seconds
[2025-05-20T17:43:44.888+0000] {processor.py:186} INFO - Started process (PID=265) to work on /home/airflow/.local/lib/python3.12/site-packages/airflow/example_dags/example_sla_dag.py
[2025-05-20T17:43:44.890+0000] {processor.py:914} INFO - Processing file /home/airflow/.local/lib/python3.12/site-packages/airflow/example_dags/example_sla_dag.py for tasks to queue
[2025-05-20T17:43:44.894+0000] {logging_mixin.py:190} INFO - [2025-05-20T17:43:44.893+0000] {dagbag.py:588} INFO - Filling up the DagBag from /home/airflow/.local/lib/python3.12/site-packages/airflow/example_dags/example_sla_dag.py
[2025-05-20T17:43:44.918+0000] {processor.py:925} INFO - DAG(s) 'example_sla_dag' retrieved from /home/airflow/.local/lib/python3.12/site-packages/airflow/example_dags/example_sla_dag.py
[2025-05-20T17:43:44.970+0000] {logging_mixin.py:190} INFO - [2025-05-20T17:43:44.969+0000] {dag.py:3239} INFO - Sync 1 DAGs
[2025-05-20T17:43:45.035+0000] {logging_mixin.py:190} INFO - [2025-05-20T17:43:45.035+0000] {dag.py:4180} INFO - Setting next_dagrun for example_sla_dag to 2025-05-20 17:40:00+00:00, run_after=2025-05-20 17:42:00+00:00
[2025-05-20T17:43:45.083+0000] {processor.py:208} INFO - Processing /home/airflow/.local/lib/python3.12/site-packages/airflow/example_dags/example_sla_dag.py took 0.207 seconds
[2025-05-20T17:44:15.521+0000] {processor.py:186} INFO - Started process (PID=332) to work on /home/airflow/.local/lib/python3.12/site-packages/airflow/example_dags/example_sla_dag.py
[2025-05-20T17:44:15.524+0000] {processor.py:914} INFO - Processing file /home/airflow/.local/lib/python3.12/site-packages/airflow/example_dags/example_sla_dag.py for tasks to queue
[2025-05-20T17:44:15.527+0000] {logging_mixin.py:190} INFO - [2025-05-20T17:44:15.526+0000] {dagbag.py:588} INFO - Filling up the DagBag from /home/airflow/.local/lib/python3.12/site-packages/airflow/example_dags/example_sla_dag.py
[2025-05-20T17:44:15.549+0000] {processor.py:925} INFO - DAG(s) 'example_sla_dag' retrieved from /home/airflow/.local/lib/python3.12/site-packages/airflow/example_dags/example_sla_dag.py
[2025-05-20T17:44:15.597+0000] {logging_mixin.py:190} INFO - [2025-05-20T17:44:15.596+0000] {dag.py:3239} INFO - Sync 1 DAGs
[2025-05-20T17:44:15.649+0000] {logging_mixin.py:190} INFO - [2025-05-20T17:44:15.649+0000] {dag.py:4180} INFO - Setting next_dagrun for example_sla_dag to 2025-05-20 17:42:00+00:00, run_after=2025-05-20 17:44:00+00:00
[2025-05-20T17:44:15.691+0000] {processor.py:208} INFO - Processing /home/airflow/.local/lib/python3.12/site-packages/airflow/example_dags/example_sla_dag.py took 0.185 seconds
[2025-05-20T17:44:46.176+0000] {processor.py:186} INFO - Started process (PID=399) to work on /home/airflow/.local/lib/python3.12/site-packages/airflow/example_dags/example_sla_dag.py
[2025-05-20T17:44:46.178+0000] {processor.py:914} INFO - Processing file /home/airflow/.local/lib/python3.12/site-packages/airflow/example_dags/example_sla_dag.py for tasks to queue
[2025-05-20T17:44:46.181+0000] {logging_mixin.py:190} INFO - [2025-05-20T17:44:46.180+0000] {dagbag.py:588} INFO - Filling up the DagBag from /home/airflow/.local/lib/python3.12/site-packages/airflow/example_dags/example_sla_dag.py
[2025-05-20T17:44:46.201+0000] {processor.py:925} INFO - DAG(s) 'example_sla_dag' retrieved from /home/airflow/.local/lib/python3.12/site-packages/airflow/example_dags/example_sla_dag.py
[2025-05-20T17:44:46.240+0000] {logging_mixin.py:190} INFO - [2025-05-20T17:44:46.239+0000] {dag.py:3239} INFO - Sync 1 DAGs
[2025-05-20T17:44:46.295+0000] {logging_mixin.py:190} INFO - [2025-05-20T17:44:46.294+0000] {dag.py:4180} INFO - Setting next_dagrun for example_sla_dag to 2025-05-20 17:42:00+00:00, run_after=2025-05-20 17:44:00+00:00
[2025-05-20T17:44:46.332+0000] {processor.py:208} INFO - Processing /home/airflow/.local/lib/python3.12/site-packages/airflow/example_dags/example_sla_dag.py took 0.168 seconds
[2025-05-20T17:45:16.963+0000] {processor.py:186} INFO - Started process (PID=466) to work on /home/airflow/.local/lib/python3.12/site-packages/airflow/example_dags/example_sla_dag.py
[2025-05-20T17:45:16.965+0000] {processor.py:914} INFO - Processing file /home/airflow/.local/lib/python3.12/site-packages/airflow/example_dags/example_sla_dag.py for tasks to queue
[2025-05-20T17:45:16.968+0000] {logging_mixin.py:190} INFO - [2025-05-20T17:45:16.967+0000] {dagbag.py:588} INFO - Filling up the DagBag from /home/airflow/.local/lib/python3.12/site-packages/airflow/example_dags/example_sla_dag.py
[2025-05-20T17:45:16.992+0000] {processor.py:925} INFO - DAG(s) 'example_sla_dag' retrieved from /home/airflow/.local/lib/python3.12/site-packages/airflow/example_dags/example_sla_dag.py
[2025-05-20T17:45:17.037+0000] {logging_mixin.py:190} INFO - [2025-05-20T17:45:17.037+0000] {dag.py:3239} INFO - Sync 1 DAGs
[2025-05-20T17:45:17.098+0000] {logging_mixin.py:190} INFO - [2025-05-20T17:45:17.098+0000] {dag.py:4180} INFO - Setting next_dagrun for example_sla_dag to 2025-05-20 17:42:00+00:00, run_after=2025-05-20 17:44:00+00:00
[2025-05-20T17:45:17.136+0000] {processor.py:208} INFO - Processing /home/airflow/.local/lib/python3.12/site-packages/airflow/example_dags/example_sla_dag.py took 0.186 seconds
[2025-05-20T17:45:47.641+0000] {processor.py:186} INFO - Started process (PID=531) to work on /home/airflow/.local/lib/python3.12/site-packages/airflow/example_dags/example_sla_dag.py
[2025-05-20T17:45:47.644+0000] {processor.py:914} INFO - Processing file /home/airflow/.local/lib/python3.12/site-packages/airflow/example_dags/example_sla_dag.py for tasks to queue
[2025-05-20T17:45:47.647+0000] {logging_mixin.py:190} INFO - [2025-05-20T17:45:47.646+0000] {dagbag.py:588} INFO - Filling up the DagBag from /home/airflow/.local/lib/python3.12/site-packages/airflow/example_dags/example_sla_dag.py
[2025-05-20T17:45:47.671+0000] {processor.py:925} INFO - DAG(s) 'example_sla_dag' retrieved from /home/airflow/.local/lib/python3.12/site-packages/airflow/example_dags/example_sla_dag.py
[2025-05-20T17:45:47.712+0000] {logging_mixin.py:190} INFO - [2025-05-20T17:45:47.712+0000] {dag.py:3239} INFO - Sync 1 DAGs
[2025-05-20T17:45:47.780+0000] {logging_mixin.py:190} INFO - [2025-05-20T17:45:47.780+0000] {dag.py:4180} INFO - Setting next_dagrun for example_sla_dag to 2025-05-20 17:42:00+00:00, run_after=2025-05-20 17:44:00+00:00
[2025-05-20T17:45:47.827+0000] {processor.py:208} INFO - Processing /home/airflow/.local/lib/python3.12/site-packages/airflow/example_dags/example_sla_dag.py took 0.201 seconds
[2025-05-20T17:46:18.475+0000] {processor.py:186} INFO - Started process (PID=597) to work on /home/airflow/.local/lib/python3.12/site-packages/airflow/example_dags/example_sla_dag.py
[2025-05-20T17:46:18.477+0000] {processor.py:914} INFO - Processing file /home/airflow/.local/lib/python3.12/site-packages/airflow/example_dags/example_sla_dag.py for tasks to queue
[2025-05-20T17:46:18.480+0000] {logging_mixin.py:190} INFO - [2025-05-20T17:46:18.479+0000] {dagbag.py:588} INFO - Filling up the DagBag from /home/airflow/.local/lib/python3.12/site-packages/airflow/example_dags/example_sla_dag.py
[2025-05-20T17:46:18.504+0000] {processor.py:925} INFO - DAG(s) 'example_sla_dag' retrieved from /home/airflow/.local/lib/python3.12/site-packages/airflow/example_dags/example_sla_dag.py
[2025-05-20T17:46:18.543+0000] {logging_mixin.py:190} INFO - [2025-05-20T17:46:18.543+0000] {dag.py:3239} INFO - Sync 1 DAGs
[2025-05-20T17:46:18.591+0000] {logging_mixin.py:190} INFO - [2025-05-20T17:46:18.591+0000] {dag.py:4180} INFO - Setting next_dagrun for example_sla_dag to 2025-05-20 17:44:00+00:00, run_after=2025-05-20 17:46:00+00:00
[2025-05-20T17:46:18.639+0000] {processor.py:208} INFO - Processing /home/airflow/.local/lib/python3.12/site-packages/airflow/example_dags/example_sla_dag.py took 0.178 seconds
