[2025-05-20T16:29:58.654+0000] {processor.py:186} INFO - Started process (PID=90) to work on /home/airflow/.local/lib/python3.12/site-packages/airflow/example_dags/example_task_group.py
[2025-05-20T16:29:58.656+0000] {processor.py:914} INFO - Processing file /home/airflow/.local/lib/python3.12/site-packages/airflow/example_dags/example_task_group.py for tasks to queue
[2025-05-20T16:29:58.660+0000] {logging_mixin.py:190} INFO - [2025-05-20T16:29:58.659+0000] {dagbag.py:588} INFO - Filling up the DagBag from /home/airflow/.local/lib/python3.12/site-packages/airflow/example_dags/example_task_group.py
[2025-05-20T16:29:58.676+0000] {processor.py:925} INFO - DAG(s) 'example_task_group' retrieved from /home/airflow/.local/lib/python3.12/site-packages/airflow/example_dags/example_task_group.py
[2025-05-20T16:29:58.912+0000] {logging_mixin.py:190} INFO - [2025-05-20T16:29:58.911+0000] {override.py:1930} INFO - Created Permission View: can read on DAG:example_task_group
[2025-05-20T16:29:58.927+0000] {logging_mixin.py:190} INFO - [2025-05-20T16:29:58.927+0000] {override.py:1930} INFO - Created Permission View: can edit on DAG:example_task_group
[2025-05-20T16:29:58.937+0000] {logging_mixin.py:190} INFO - [2025-05-20T16:29:58.937+0000] {override.py:1930} INFO - Created Permission View: can delete on DAG:example_task_group
[2025-05-20T16:29:58.948+0000] {logging_mixin.py:190} INFO - [2025-05-20T16:29:58.948+0000] {override.py:1930} INFO - Created Permission View: can create on DAG Run:example_task_group
[2025-05-20T16:29:58.958+0000] {logging_mixin.py:190} INFO - [2025-05-20T16:29:58.957+0000] {override.py:1930} INFO - Created Permission View: can read on DAG Run:example_task_group
[2025-05-20T16:29:58.967+0000] {logging_mixin.py:190} INFO - [2025-05-20T16:29:58.967+0000] {override.py:1930} INFO - Created Permission View: can delete on DAG Run:example_task_group
[2025-05-20T16:29:58.976+0000] {logging_mixin.py:190} INFO - [2025-05-20T16:29:58.976+0000] {override.py:1930} INFO - Created Permission View: menu access on DAG Run:example_task_group
[2025-05-20T16:29:58.977+0000] {logging_mixin.py:190} INFO - [2025-05-20T16:29:58.977+0000] {dag.py:3239} INFO - Sync 1 DAGs
[2025-05-20T16:29:58.999+0000] {logging_mixin.py:190} INFO - [2025-05-20T16:29:58.999+0000] {dag.py:3262} INFO - Creating ORM DAG for example_task_group
[2025-05-20T16:29:59.001+0000] {logging_mixin.py:190} INFO - [2025-05-20T16:29:59.001+0000] {dag.py:4180} INFO - Setting next_dagrun for example_task_group to None, run_after=None
[2025-05-20T16:29:59.029+0000] {processor.py:208} INFO - Processing /home/airflow/.local/lib/python3.12/site-packages/airflow/example_dags/example_task_group.py took 0.384 seconds
[2025-05-20T16:30:29.600+0000] {processor.py:186} INFO - Started process (PID=152) to work on /home/airflow/.local/lib/python3.12/site-packages/airflow/example_dags/example_task_group.py
[2025-05-20T16:30:29.601+0000] {processor.py:914} INFO - Processing file /home/airflow/.local/lib/python3.12/site-packages/airflow/example_dags/example_task_group.py for tasks to queue
[2025-05-20T16:30:29.604+0000] {logging_mixin.py:190} INFO - [2025-05-20T16:30:29.603+0000] {dagbag.py:588} INFO - Filling up the DagBag from /home/airflow/.local/lib/python3.12/site-packages/airflow/example_dags/example_task_group.py
[2025-05-20T16:30:29.611+0000] {processor.py:925} INFO - DAG(s) 'example_task_group' retrieved from /home/airflow/.local/lib/python3.12/site-packages/airflow/example_dags/example_task_group.py
[2025-05-20T16:30:29.634+0000] {logging_mixin.py:190} INFO - [2025-05-20T16:30:29.634+0000] {dag.py:3239} INFO - Sync 1 DAGs
[2025-05-20T16:30:29.653+0000] {logging_mixin.py:190} INFO - [2025-05-20T16:30:29.653+0000] {dag.py:4180} INFO - Setting next_dagrun for example_task_group to None, run_after=None
[2025-05-20T16:30:29.675+0000] {processor.py:208} INFO - Processing /home/airflow/.local/lib/python3.12/site-packages/airflow/example_dags/example_task_group.py took 0.080 seconds
[2025-05-20T16:31:00.326+0000] {processor.py:186} INFO - Started process (PID=215) to work on /home/airflow/.local/lib/python3.12/site-packages/airflow/example_dags/example_task_group.py
[2025-05-20T16:31:00.327+0000] {processor.py:914} INFO - Processing file /home/airflow/.local/lib/python3.12/site-packages/airflow/example_dags/example_task_group.py for tasks to queue
[2025-05-20T16:31:00.330+0000] {logging_mixin.py:190} INFO - [2025-05-20T16:31:00.329+0000] {dagbag.py:588} INFO - Filling up the DagBag from /home/airflow/.local/lib/python3.12/site-packages/airflow/example_dags/example_task_group.py
[2025-05-20T16:31:00.337+0000] {processor.py:925} INFO - DAG(s) 'example_task_group' retrieved from /home/airflow/.local/lib/python3.12/site-packages/airflow/example_dags/example_task_group.py
[2025-05-20T16:31:00.355+0000] {logging_mixin.py:190} INFO - [2025-05-20T16:31:00.355+0000] {dag.py:3239} INFO - Sync 1 DAGs
[2025-05-20T16:31:00.369+0000] {logging_mixin.py:190} INFO - [2025-05-20T16:31:00.368+0000] {dag.py:4180} INFO - Setting next_dagrun for example_task_group to None, run_after=None
[2025-05-20T16:31:00.388+0000] {processor.py:208} INFO - Processing /home/airflow/.local/lib/python3.12/site-packages/airflow/example_dags/example_task_group.py took 0.067 seconds
[2025-05-20T16:31:30.430+0000] {processor.py:186} INFO - Started process (PID=277) to work on /home/airflow/.local/lib/python3.12/site-packages/airflow/example_dags/example_task_group.py
[2025-05-20T16:31:30.430+0000] {processor.py:914} INFO - Processing file /home/airflow/.local/lib/python3.12/site-packages/airflow/example_dags/example_task_group.py for tasks to queue
[2025-05-20T16:31:30.432+0000] {logging_mixin.py:190} INFO - [2025-05-20T16:31:30.432+0000] {dagbag.py:588} INFO - Filling up the DagBag from /home/airflow/.local/lib/python3.12/site-packages/airflow/example_dags/example_task_group.py
[2025-05-20T16:31:30.440+0000] {processor.py:925} INFO - DAG(s) 'example_task_group' retrieved from /home/airflow/.local/lib/python3.12/site-packages/airflow/example_dags/example_task_group.py
[2025-05-20T16:31:30.460+0000] {logging_mixin.py:190} INFO - [2025-05-20T16:31:30.460+0000] {dag.py:3239} INFO - Sync 1 DAGs
[2025-05-20T16:31:30.477+0000] {logging_mixin.py:190} INFO - [2025-05-20T16:31:30.476+0000] {dag.py:4180} INFO - Setting next_dagrun for example_task_group to None, run_after=None
[2025-05-20T16:31:30.495+0000] {processor.py:208} INFO - Processing /home/airflow/.local/lib/python3.12/site-packages/airflow/example_dags/example_task_group.py took 0.071 seconds
[2025-05-20T16:32:00.736+0000] {processor.py:186} INFO - Started process (PID=341) to work on /home/airflow/.local/lib/python3.12/site-packages/airflow/example_dags/example_task_group.py
[2025-05-20T16:32:00.737+0000] {processor.py:914} INFO - Processing file /home/airflow/.local/lib/python3.12/site-packages/airflow/example_dags/example_task_group.py for tasks to queue
[2025-05-20T16:32:00.739+0000] {logging_mixin.py:190} INFO - [2025-05-20T16:32:00.739+0000] {dagbag.py:588} INFO - Filling up the DagBag from /home/airflow/.local/lib/python3.12/site-packages/airflow/example_dags/example_task_group.py
[2025-05-20T16:32:00.747+0000] {processor.py:925} INFO - DAG(s) 'example_task_group' retrieved from /home/airflow/.local/lib/python3.12/site-packages/airflow/example_dags/example_task_group.py
[2025-05-20T16:32:00.767+0000] {logging_mixin.py:190} INFO - [2025-05-20T16:32:00.766+0000] {dag.py:3239} INFO - Sync 1 DAGs
[2025-05-20T16:32:00.780+0000] {logging_mixin.py:190} INFO - [2025-05-20T16:32:00.779+0000] {dag.py:4180} INFO - Setting next_dagrun for example_task_group to None, run_after=None
[2025-05-20T16:32:00.799+0000] {processor.py:208} INFO - Processing /home/airflow/.local/lib/python3.12/site-packages/airflow/example_dags/example_task_group.py took 0.067 seconds
[2025-05-20T16:32:31.205+0000] {processor.py:186} INFO - Started process (PID=404) to work on /home/airflow/.local/lib/python3.12/site-packages/airflow/example_dags/example_task_group.py
[2025-05-20T16:32:31.207+0000] {processor.py:914} INFO - Processing file /home/airflow/.local/lib/python3.12/site-packages/airflow/example_dags/example_task_group.py for tasks to queue
[2025-05-20T16:32:31.213+0000] {logging_mixin.py:190} INFO - [2025-05-20T16:32:31.211+0000] {dagbag.py:588} INFO - Filling up the DagBag from /home/airflow/.local/lib/python3.12/site-packages/airflow/example_dags/example_task_group.py
[2025-05-20T16:32:31.236+0000] {processor.py:925} INFO - DAG(s) 'example_task_group' retrieved from /home/airflow/.local/lib/python3.12/site-packages/airflow/example_dags/example_task_group.py
[2025-05-20T16:32:31.284+0000] {logging_mixin.py:190} INFO - [2025-05-20T16:32:31.284+0000] {dag.py:3239} INFO - Sync 1 DAGs
[2025-05-20T16:32:31.318+0000] {logging_mixin.py:190} INFO - [2025-05-20T16:32:31.318+0000] {dag.py:4180} INFO - Setting next_dagrun for example_task_group to None, run_after=None
[2025-05-20T16:32:31.356+0000] {processor.py:208} INFO - Processing /home/airflow/.local/lib/python3.12/site-packages/airflow/example_dags/example_task_group.py took 0.163 seconds
[2025-05-20T16:33:01.434+0000] {processor.py:186} INFO - Started process (PID=467) to work on /home/airflow/.local/lib/python3.12/site-packages/airflow/example_dags/example_task_group.py
[2025-05-20T16:33:01.435+0000] {processor.py:914} INFO - Processing file /home/airflow/.local/lib/python3.12/site-packages/airflow/example_dags/example_task_group.py for tasks to queue
[2025-05-20T16:33:01.437+0000] {logging_mixin.py:190} INFO - [2025-05-20T16:33:01.436+0000] {dagbag.py:588} INFO - Filling up the DagBag from /home/airflow/.local/lib/python3.12/site-packages/airflow/example_dags/example_task_group.py
[2025-05-20T16:33:01.444+0000] {processor.py:925} INFO - DAG(s) 'example_task_group' retrieved from /home/airflow/.local/lib/python3.12/site-packages/airflow/example_dags/example_task_group.py
[2025-05-20T16:33:01.466+0000] {logging_mixin.py:190} INFO - [2025-05-20T16:33:01.466+0000] {dag.py:3239} INFO - Sync 1 DAGs
[2025-05-20T16:33:01.481+0000] {logging_mixin.py:190} INFO - [2025-05-20T16:33:01.480+0000] {dag.py:4180} INFO - Setting next_dagrun for example_task_group to None, run_after=None
[2025-05-20T16:33:01.499+0000] {processor.py:208} INFO - Processing /home/airflow/.local/lib/python3.12/site-packages/airflow/example_dags/example_task_group.py took 0.070 seconds
[2025-05-20T16:33:32.024+0000] {processor.py:186} INFO - Started process (PID=530) to work on /home/airflow/.local/lib/python3.12/site-packages/airflow/example_dags/example_task_group.py
[2025-05-20T16:33:32.025+0000] {processor.py:914} INFO - Processing file /home/airflow/.local/lib/python3.12/site-packages/airflow/example_dags/example_task_group.py for tasks to queue
[2025-05-20T16:33:32.027+0000] {logging_mixin.py:190} INFO - [2025-05-20T16:33:32.027+0000] {dagbag.py:588} INFO - Filling up the DagBag from /home/airflow/.local/lib/python3.12/site-packages/airflow/example_dags/example_task_group.py
[2025-05-20T16:33:32.035+0000] {processor.py:925} INFO - DAG(s) 'example_task_group' retrieved from /home/airflow/.local/lib/python3.12/site-packages/airflow/example_dags/example_task_group.py
[2025-05-20T16:33:32.054+0000] {logging_mixin.py:190} INFO - [2025-05-20T16:33:32.053+0000] {dag.py:3239} INFO - Sync 1 DAGs
[2025-05-20T16:33:32.067+0000] {logging_mixin.py:190} INFO - [2025-05-20T16:33:32.067+0000] {dag.py:4180} INFO - Setting next_dagrun for example_task_group to None, run_after=None
[2025-05-20T16:33:32.087+0000] {processor.py:208} INFO - Processing /home/airflow/.local/lib/python3.12/site-packages/airflow/example_dags/example_task_group.py took 0.067 seconds
[2025-05-20T16:34:02.233+0000] {processor.py:186} INFO - Started process (PID=593) to work on /home/airflow/.local/lib/python3.12/site-packages/airflow/example_dags/example_task_group.py
[2025-05-20T16:34:02.234+0000] {processor.py:914} INFO - Processing file /home/airflow/.local/lib/python3.12/site-packages/airflow/example_dags/example_task_group.py for tasks to queue
[2025-05-20T16:34:02.236+0000] {logging_mixin.py:190} INFO - [2025-05-20T16:34:02.236+0000] {dagbag.py:588} INFO - Filling up the DagBag from /home/airflow/.local/lib/python3.12/site-packages/airflow/example_dags/example_task_group.py
[2025-05-20T16:34:02.244+0000] {processor.py:925} INFO - DAG(s) 'example_task_group' retrieved from /home/airflow/.local/lib/python3.12/site-packages/airflow/example_dags/example_task_group.py
[2025-05-20T16:34:02.263+0000] {logging_mixin.py:190} INFO - [2025-05-20T16:34:02.263+0000] {dag.py:3239} INFO - Sync 1 DAGs
[2025-05-20T16:34:02.277+0000] {logging_mixin.py:190} INFO - [2025-05-20T16:34:02.276+0000] {dag.py:4180} INFO - Setting next_dagrun for example_task_group to None, run_after=None
[2025-05-20T16:34:02.294+0000] {processor.py:208} INFO - Processing /home/airflow/.local/lib/python3.12/site-packages/airflow/example_dags/example_task_group.py took 0.066 seconds
[2025-05-20T16:34:33.023+0000] {processor.py:186} INFO - Started process (PID=656) to work on /home/airflow/.local/lib/python3.12/site-packages/airflow/example_dags/example_task_group.py
[2025-05-20T16:34:33.025+0000] {processor.py:914} INFO - Processing file /home/airflow/.local/lib/python3.12/site-packages/airflow/example_dags/example_task_group.py for tasks to queue
[2025-05-20T16:34:33.029+0000] {logging_mixin.py:190} INFO - [2025-05-20T16:34:33.029+0000] {dagbag.py:588} INFO - Filling up the DagBag from /home/airflow/.local/lib/python3.12/site-packages/airflow/example_dags/example_task_group.py
[2025-05-20T16:34:33.047+0000] {processor.py:925} INFO - DAG(s) 'example_task_group' retrieved from /home/airflow/.local/lib/python3.12/site-packages/airflow/example_dags/example_task_group.py
[2025-05-20T16:34:33.088+0000] {logging_mixin.py:190} INFO - [2025-05-20T16:34:33.088+0000] {dag.py:3239} INFO - Sync 1 DAGs
[2025-05-20T16:34:33.122+0000] {logging_mixin.py:190} INFO - [2025-05-20T16:34:33.122+0000] {dag.py:4180} INFO - Setting next_dagrun for example_task_group to None, run_after=None
[2025-05-20T16:34:33.165+0000] {processor.py:208} INFO - Processing /home/airflow/.local/lib/python3.12/site-packages/airflow/example_dags/example_task_group.py took 0.154 seconds
[2025-05-20T16:35:03.380+0000] {processor.py:186} INFO - Started process (PID=719) to work on /home/airflow/.local/lib/python3.12/site-packages/airflow/example_dags/example_task_group.py
[2025-05-20T16:35:03.381+0000] {processor.py:914} INFO - Processing file /home/airflow/.local/lib/python3.12/site-packages/airflow/example_dags/example_task_group.py for tasks to queue
[2025-05-20T16:35:03.383+0000] {logging_mixin.py:190} INFO - [2025-05-20T16:35:03.383+0000] {dagbag.py:588} INFO - Filling up the DagBag from /home/airflow/.local/lib/python3.12/site-packages/airflow/example_dags/example_task_group.py
[2025-05-20T16:35:03.391+0000] {processor.py:925} INFO - DAG(s) 'example_task_group' retrieved from /home/airflow/.local/lib/python3.12/site-packages/airflow/example_dags/example_task_group.py
[2025-05-20T16:35:03.410+0000] {logging_mixin.py:190} INFO - [2025-05-20T16:35:03.409+0000] {dag.py:3239} INFO - Sync 1 DAGs
[2025-05-20T16:35:03.422+0000] {logging_mixin.py:190} INFO - [2025-05-20T16:35:03.422+0000] {dag.py:4180} INFO - Setting next_dagrun for example_task_group to None, run_after=None
[2025-05-20T16:35:03.439+0000] {processor.py:208} INFO - Processing /home/airflow/.local/lib/python3.12/site-packages/airflow/example_dags/example_task_group.py took 0.064 seconds
[2025-05-20T16:35:33.834+0000] {processor.py:186} INFO - Started process (PID=782) to work on /home/airflow/.local/lib/python3.12/site-packages/airflow/example_dags/example_task_group.py
[2025-05-20T16:35:33.835+0000] {processor.py:914} INFO - Processing file /home/airflow/.local/lib/python3.12/site-packages/airflow/example_dags/example_task_group.py for tasks to queue
[2025-05-20T16:35:33.838+0000] {logging_mixin.py:190} INFO - [2025-05-20T16:35:33.837+0000] {dagbag.py:588} INFO - Filling up the DagBag from /home/airflow/.local/lib/python3.12/site-packages/airflow/example_dags/example_task_group.py
[2025-05-20T16:35:33.846+0000] {processor.py:925} INFO - DAG(s) 'example_task_group' retrieved from /home/airflow/.local/lib/python3.12/site-packages/airflow/example_dags/example_task_group.py
[2025-05-20T16:35:33.869+0000] {logging_mixin.py:190} INFO - [2025-05-20T16:35:33.868+0000] {dag.py:3239} INFO - Sync 1 DAGs
[2025-05-20T16:35:33.887+0000] {logging_mixin.py:190} INFO - [2025-05-20T16:35:33.887+0000] {dag.py:4180} INFO - Setting next_dagrun for example_task_group to None, run_after=None
[2025-05-20T16:35:33.913+0000] {processor.py:208} INFO - Processing /home/airflow/.local/lib/python3.12/site-packages/airflow/example_dags/example_task_group.py took 0.084 seconds
[2025-05-20T16:36:04.784+0000] {processor.py:186} INFO - Started process (PID=845) to work on /home/airflow/.local/lib/python3.12/site-packages/airflow/example_dags/example_task_group.py
[2025-05-20T16:36:04.785+0000] {processor.py:914} INFO - Processing file /home/airflow/.local/lib/python3.12/site-packages/airflow/example_dags/example_task_group.py for tasks to queue
[2025-05-20T16:36:04.788+0000] {logging_mixin.py:190} INFO - [2025-05-20T16:36:04.787+0000] {dagbag.py:588} INFO - Filling up the DagBag from /home/airflow/.local/lib/python3.12/site-packages/airflow/example_dags/example_task_group.py
[2025-05-20T16:36:04.795+0000] {processor.py:925} INFO - DAG(s) 'example_task_group' retrieved from /home/airflow/.local/lib/python3.12/site-packages/airflow/example_dags/example_task_group.py
[2025-05-20T16:36:04.815+0000] {logging_mixin.py:190} INFO - [2025-05-20T16:36:04.815+0000] {dag.py:3239} INFO - Sync 1 DAGs
[2025-05-20T16:36:04.828+0000] {logging_mixin.py:190} INFO - [2025-05-20T16:36:04.828+0000] {dag.py:4180} INFO - Setting next_dagrun for example_task_group to None, run_after=None
[2025-05-20T16:36:04.849+0000] {processor.py:208} INFO - Processing /home/airflow/.local/lib/python3.12/site-packages/airflow/example_dags/example_task_group.py took 0.069 seconds
[2025-05-20T16:36:35.102+0000] {processor.py:186} INFO - Started process (PID=908) to work on /home/airflow/.local/lib/python3.12/site-packages/airflow/example_dags/example_task_group.py
[2025-05-20T16:36:35.103+0000] {processor.py:914} INFO - Processing file /home/airflow/.local/lib/python3.12/site-packages/airflow/example_dags/example_task_group.py for tasks to queue
[2025-05-20T16:36:35.105+0000] {logging_mixin.py:190} INFO - [2025-05-20T16:36:35.105+0000] {dagbag.py:588} INFO - Filling up the DagBag from /home/airflow/.local/lib/python3.12/site-packages/airflow/example_dags/example_task_group.py
[2025-05-20T16:36:35.113+0000] {processor.py:925} INFO - DAG(s) 'example_task_group' retrieved from /home/airflow/.local/lib/python3.12/site-packages/airflow/example_dags/example_task_group.py
[2025-05-20T16:36:35.132+0000] {logging_mixin.py:190} INFO - [2025-05-20T16:36:35.132+0000] {dag.py:3239} INFO - Sync 1 DAGs
[2025-05-20T16:36:35.147+0000] {logging_mixin.py:190} INFO - [2025-05-20T16:36:35.146+0000] {dag.py:4180} INFO - Setting next_dagrun for example_task_group to None, run_after=None
[2025-05-20T16:36:35.170+0000] {processor.py:208} INFO - Processing /home/airflow/.local/lib/python3.12/site-packages/airflow/example_dags/example_task_group.py took 0.073 seconds
[2025-05-20T16:37:06.019+0000] {processor.py:186} INFO - Started process (PID=971) to work on /home/airflow/.local/lib/python3.12/site-packages/airflow/example_dags/example_task_group.py
[2025-05-20T16:37:06.021+0000] {processor.py:914} INFO - Processing file /home/airflow/.local/lib/python3.12/site-packages/airflow/example_dags/example_task_group.py for tasks to queue
[2025-05-20T16:37:06.025+0000] {logging_mixin.py:190} INFO - [2025-05-20T16:37:06.025+0000] {dagbag.py:588} INFO - Filling up the DagBag from /home/airflow/.local/lib/python3.12/site-packages/airflow/example_dags/example_task_group.py
[2025-05-20T16:37:06.042+0000] {processor.py:925} INFO - DAG(s) 'example_task_group' retrieved from /home/airflow/.local/lib/python3.12/site-packages/airflow/example_dags/example_task_group.py
[2025-05-20T16:37:06.077+0000] {logging_mixin.py:190} INFO - [2025-05-20T16:37:06.076+0000] {dag.py:3239} INFO - Sync 1 DAGs
[2025-05-20T16:37:06.103+0000] {logging_mixin.py:190} INFO - [2025-05-20T16:37:06.103+0000] {dag.py:4180} INFO - Setting next_dagrun for example_task_group to None, run_after=None
[2025-05-20T16:37:06.135+0000] {processor.py:208} INFO - Processing /home/airflow/.local/lib/python3.12/site-packages/airflow/example_dags/example_task_group.py took 0.127 seconds
[2025-05-20T16:37:36.245+0000] {processor.py:186} INFO - Started process (PID=1034) to work on /home/airflow/.local/lib/python3.12/site-packages/airflow/example_dags/example_task_group.py
[2025-05-20T16:37:36.247+0000] {processor.py:914} INFO - Processing file /home/airflow/.local/lib/python3.12/site-packages/airflow/example_dags/example_task_group.py for tasks to queue
[2025-05-20T16:37:36.249+0000] {logging_mixin.py:190} INFO - [2025-05-20T16:37:36.249+0000] {dagbag.py:588} INFO - Filling up the DagBag from /home/airflow/.local/lib/python3.12/site-packages/airflow/example_dags/example_task_group.py
[2025-05-20T16:37:36.257+0000] {processor.py:925} INFO - DAG(s) 'example_task_group' retrieved from /home/airflow/.local/lib/python3.12/site-packages/airflow/example_dags/example_task_group.py
[2025-05-20T16:37:36.277+0000] {logging_mixin.py:190} INFO - [2025-05-20T16:37:36.277+0000] {dag.py:3239} INFO - Sync 1 DAGs
[2025-05-20T16:37:36.290+0000] {logging_mixin.py:190} INFO - [2025-05-20T16:37:36.290+0000] {dag.py:4180} INFO - Setting next_dagrun for example_task_group to None, run_after=None
[2025-05-20T16:37:36.309+0000] {processor.py:208} INFO - Processing /home/airflow/.local/lib/python3.12/site-packages/airflow/example_dags/example_task_group.py took 0.068 seconds
[2025-05-20T17:10:25.615+0000] {processor.py:186} INFO - Started process (PID=1096) to work on /home/airflow/.local/lib/python3.12/site-packages/airflow/example_dags/example_task_group.py
[2025-05-20T17:10:25.616+0000] {processor.py:914} INFO - Processing file /home/airflow/.local/lib/python3.12/site-packages/airflow/example_dags/example_task_group.py for tasks to queue
[2025-05-20T17:10:25.619+0000] {logging_mixin.py:190} INFO - [2025-05-20T17:10:25.618+0000] {dagbag.py:588} INFO - Filling up the DagBag from /home/airflow/.local/lib/python3.12/site-packages/airflow/example_dags/example_task_group.py
[2025-05-20T17:10:25.629+0000] {processor.py:925} INFO - DAG(s) 'example_task_group' retrieved from /home/airflow/.local/lib/python3.12/site-packages/airflow/example_dags/example_task_group.py
[2025-05-20T17:10:25.659+0000] {logging_mixin.py:190} INFO - [2025-05-20T17:10:25.658+0000] {dag.py:3239} INFO - Sync 1 DAGs
[2025-05-20T17:10:25.676+0000] {logging_mixin.py:190} INFO - [2025-05-20T17:10:25.676+0000] {dag.py:4180} INFO - Setting next_dagrun for example_task_group to None, run_after=None
[2025-05-20T17:10:25.699+0000] {processor.py:208} INFO - Processing /home/airflow/.local/lib/python3.12/site-packages/airflow/example_dags/example_task_group.py took 0.090 seconds
[2025-05-20T17:10:55.835+0000] {processor.py:186} INFO - Started process (PID=1159) to work on /home/airflow/.local/lib/python3.12/site-packages/airflow/example_dags/example_task_group.py
[2025-05-20T17:10:55.836+0000] {processor.py:914} INFO - Processing file /home/airflow/.local/lib/python3.12/site-packages/airflow/example_dags/example_task_group.py for tasks to queue
[2025-05-20T17:10:55.838+0000] {logging_mixin.py:190} INFO - [2025-05-20T17:10:55.838+0000] {dagbag.py:588} INFO - Filling up the DagBag from /home/airflow/.local/lib/python3.12/site-packages/airflow/example_dags/example_task_group.py
[2025-05-20T17:10:55.846+0000] {processor.py:925} INFO - DAG(s) 'example_task_group' retrieved from /home/airflow/.local/lib/python3.12/site-packages/airflow/example_dags/example_task_group.py
[2025-05-20T17:10:55.867+0000] {logging_mixin.py:190} INFO - [2025-05-20T17:10:55.867+0000] {dag.py:3239} INFO - Sync 1 DAGs
[2025-05-20T17:10:55.881+0000] {logging_mixin.py:190} INFO - [2025-05-20T17:10:55.880+0000] {dag.py:4180} INFO - Setting next_dagrun for example_task_group to None, run_after=None
[2025-05-20T17:10:55.897+0000] {processor.py:208} INFO - Processing /home/airflow/.local/lib/python3.12/site-packages/airflow/example_dags/example_task_group.py took 0.066 seconds
[2025-05-20T17:11:26.816+0000] {processor.py:186} INFO - Started process (PID=1221) to work on /home/airflow/.local/lib/python3.12/site-packages/airflow/example_dags/example_task_group.py
[2025-05-20T17:11:26.817+0000] {processor.py:914} INFO - Processing file /home/airflow/.local/lib/python3.12/site-packages/airflow/example_dags/example_task_group.py for tasks to queue
[2025-05-20T17:11:26.819+0000] {logging_mixin.py:190} INFO - [2025-05-20T17:11:26.819+0000] {dagbag.py:588} INFO - Filling up the DagBag from /home/airflow/.local/lib/python3.12/site-packages/airflow/example_dags/example_task_group.py
[2025-05-20T17:11:26.828+0000] {processor.py:925} INFO - DAG(s) 'example_task_group' retrieved from /home/airflow/.local/lib/python3.12/site-packages/airflow/example_dags/example_task_group.py
[2025-05-20T17:11:26.848+0000] {logging_mixin.py:190} INFO - [2025-05-20T17:11:26.848+0000] {dag.py:3239} INFO - Sync 1 DAGs
[2025-05-20T17:11:26.861+0000] {logging_mixin.py:190} INFO - [2025-05-20T17:11:26.861+0000] {dag.py:4180} INFO - Setting next_dagrun for example_task_group to None, run_after=None
[2025-05-20T17:11:26.878+0000] {processor.py:208} INFO - Processing /home/airflow/.local/lib/python3.12/site-packages/airflow/example_dags/example_task_group.py took 0.068 seconds
[2025-05-20T17:11:57.018+0000] {processor.py:186} INFO - Started process (PID=1284) to work on /home/airflow/.local/lib/python3.12/site-packages/airflow/example_dags/example_task_group.py
[2025-05-20T17:11:57.019+0000] {processor.py:914} INFO - Processing file /home/airflow/.local/lib/python3.12/site-packages/airflow/example_dags/example_task_group.py for tasks to queue
[2025-05-20T17:11:57.020+0000] {logging_mixin.py:190} INFO - [2025-05-20T17:11:57.020+0000] {dagbag.py:588} INFO - Filling up the DagBag from /home/airflow/.local/lib/python3.12/site-packages/airflow/example_dags/example_task_group.py
[2025-05-20T17:11:57.028+0000] {processor.py:925} INFO - DAG(s) 'example_task_group' retrieved from /home/airflow/.local/lib/python3.12/site-packages/airflow/example_dags/example_task_group.py
[2025-05-20T17:11:57.048+0000] {logging_mixin.py:190} INFO - [2025-05-20T17:11:57.047+0000] {dag.py:3239} INFO - Sync 1 DAGs
[2025-05-20T17:11:57.061+0000] {logging_mixin.py:190} INFO - [2025-05-20T17:11:57.061+0000] {dag.py:4180} INFO - Setting next_dagrun for example_task_group to None, run_after=None
[2025-05-20T17:11:57.078+0000] {processor.py:208} INFO - Processing /home/airflow/.local/lib/python3.12/site-packages/airflow/example_dags/example_task_group.py took 0.065 seconds
[2025-05-20T17:12:27.253+0000] {processor.py:186} INFO - Started process (PID=1347) to work on /home/airflow/.local/lib/python3.12/site-packages/airflow/example_dags/example_task_group.py
[2025-05-20T17:12:27.254+0000] {processor.py:914} INFO - Processing file /home/airflow/.local/lib/python3.12/site-packages/airflow/example_dags/example_task_group.py for tasks to queue
[2025-05-20T17:12:27.256+0000] {logging_mixin.py:190} INFO - [2025-05-20T17:12:27.256+0000] {dagbag.py:588} INFO - Filling up the DagBag from /home/airflow/.local/lib/python3.12/site-packages/airflow/example_dags/example_task_group.py
[2025-05-20T17:12:27.264+0000] {processor.py:925} INFO - DAG(s) 'example_task_group' retrieved from /home/airflow/.local/lib/python3.12/site-packages/airflow/example_dags/example_task_group.py
[2025-05-20T17:12:27.284+0000] {logging_mixin.py:190} INFO - [2025-05-20T17:12:27.284+0000] {dag.py:3239} INFO - Sync 1 DAGs
[2025-05-20T17:12:27.297+0000] {logging_mixin.py:190} INFO - [2025-05-20T17:12:27.297+0000] {dag.py:4180} INFO - Setting next_dagrun for example_task_group to None, run_after=None
[2025-05-20T17:12:27.314+0000] {processor.py:208} INFO - Processing /home/airflow/.local/lib/python3.12/site-packages/airflow/example_dags/example_task_group.py took 0.067 seconds
[2025-05-20T17:12:58.162+0000] {processor.py:186} INFO - Started process (PID=1410) to work on /home/airflow/.local/lib/python3.12/site-packages/airflow/example_dags/example_task_group.py
[2025-05-20T17:12:58.163+0000] {processor.py:914} INFO - Processing file /home/airflow/.local/lib/python3.12/site-packages/airflow/example_dags/example_task_group.py for tasks to queue
[2025-05-20T17:12:58.165+0000] {logging_mixin.py:190} INFO - [2025-05-20T17:12:58.165+0000] {dagbag.py:588} INFO - Filling up the DagBag from /home/airflow/.local/lib/python3.12/site-packages/airflow/example_dags/example_task_group.py
[2025-05-20T17:12:58.173+0000] {processor.py:925} INFO - DAG(s) 'example_task_group' retrieved from /home/airflow/.local/lib/python3.12/site-packages/airflow/example_dags/example_task_group.py
[2025-05-20T17:12:58.195+0000] {logging_mixin.py:190} INFO - [2025-05-20T17:12:58.194+0000] {dag.py:3239} INFO - Sync 1 DAGs
[2025-05-20T17:12:58.208+0000] {logging_mixin.py:190} INFO - [2025-05-20T17:12:58.208+0000] {dag.py:4180} INFO - Setting next_dagrun for example_task_group to None, run_after=None
[2025-05-20T17:12:58.226+0000] {processor.py:208} INFO - Processing /home/airflow/.local/lib/python3.12/site-packages/airflow/example_dags/example_task_group.py took 0.069 seconds
[2025-05-20T17:13:28.565+0000] {processor.py:186} INFO - Started process (PID=1473) to work on /home/airflow/.local/lib/python3.12/site-packages/airflow/example_dags/example_task_group.py
[2025-05-20T17:13:28.566+0000] {processor.py:914} INFO - Processing file /home/airflow/.local/lib/python3.12/site-packages/airflow/example_dags/example_task_group.py for tasks to queue
[2025-05-20T17:13:28.569+0000] {logging_mixin.py:190} INFO - [2025-05-20T17:13:28.568+0000] {dagbag.py:588} INFO - Filling up the DagBag from /home/airflow/.local/lib/python3.12/site-packages/airflow/example_dags/example_task_group.py
[2025-05-20T17:13:28.578+0000] {processor.py:925} INFO - DAG(s) 'example_task_group' retrieved from /home/airflow/.local/lib/python3.12/site-packages/airflow/example_dags/example_task_group.py
[2025-05-20T17:13:28.605+0000] {logging_mixin.py:190} INFO - [2025-05-20T17:13:28.604+0000] {dag.py:3239} INFO - Sync 1 DAGs
[2025-05-20T17:13:28.625+0000] {logging_mixin.py:190} INFO - [2025-05-20T17:13:28.625+0000] {dag.py:4180} INFO - Setting next_dagrun for example_task_group to None, run_after=None
[2025-05-20T17:13:28.650+0000] {processor.py:208} INFO - Processing /home/airflow/.local/lib/python3.12/site-packages/airflow/example_dags/example_task_group.py took 0.090 seconds
[2025-05-20T17:13:58.752+0000] {processor.py:186} INFO - Started process (PID=1536) to work on /home/airflow/.local/lib/python3.12/site-packages/airflow/example_dags/example_task_group.py
[2025-05-20T17:13:58.753+0000] {processor.py:914} INFO - Processing file /home/airflow/.local/lib/python3.12/site-packages/airflow/example_dags/example_task_group.py for tasks to queue
[2025-05-20T17:13:58.756+0000] {logging_mixin.py:190} INFO - [2025-05-20T17:13:58.756+0000] {dagbag.py:588} INFO - Filling up the DagBag from /home/airflow/.local/lib/python3.12/site-packages/airflow/example_dags/example_task_group.py
[2025-05-20T17:13:58.765+0000] {processor.py:925} INFO - DAG(s) 'example_task_group' retrieved from /home/airflow/.local/lib/python3.12/site-packages/airflow/example_dags/example_task_group.py
[2025-05-20T17:13:58.790+0000] {logging_mixin.py:190} INFO - [2025-05-20T17:13:58.790+0000] {dag.py:3239} INFO - Sync 1 DAGs
[2025-05-20T17:13:58.807+0000] {logging_mixin.py:190} INFO - [2025-05-20T17:13:58.806+0000] {dag.py:4180} INFO - Setting next_dagrun for example_task_group to None, run_after=None
[2025-05-20T17:13:58.826+0000] {processor.py:208} INFO - Processing /home/airflow/.local/lib/python3.12/site-packages/airflow/example_dags/example_task_group.py took 0.081 seconds
[2025-05-20T17:14:29.421+0000] {processor.py:186} INFO - Started process (PID=1599) to work on /home/airflow/.local/lib/python3.12/site-packages/airflow/example_dags/example_task_group.py
[2025-05-20T17:14:29.422+0000] {processor.py:914} INFO - Processing file /home/airflow/.local/lib/python3.12/site-packages/airflow/example_dags/example_task_group.py for tasks to queue
[2025-05-20T17:14:29.424+0000] {logging_mixin.py:190} INFO - [2025-05-20T17:14:29.423+0000] {dagbag.py:588} INFO - Filling up the DagBag from /home/airflow/.local/lib/python3.12/site-packages/airflow/example_dags/example_task_group.py
[2025-05-20T17:14:29.432+0000] {processor.py:925} INFO - DAG(s) 'example_task_group' retrieved from /home/airflow/.local/lib/python3.12/site-packages/airflow/example_dags/example_task_group.py
[2025-05-20T17:14:29.452+0000] {logging_mixin.py:190} INFO - [2025-05-20T17:14:29.452+0000] {dag.py:3239} INFO - Sync 1 DAGs
[2025-05-20T17:14:29.466+0000] {logging_mixin.py:190} INFO - [2025-05-20T17:14:29.466+0000] {dag.py:4180} INFO - Setting next_dagrun for example_task_group to None, run_after=None
[2025-05-20T17:14:29.488+0000] {processor.py:208} INFO - Processing /home/airflow/.local/lib/python3.12/site-packages/airflow/example_dags/example_task_group.py took 0.073 seconds
[2025-05-20T17:14:59.627+0000] {processor.py:186} INFO - Started process (PID=1662) to work on /home/airflow/.local/lib/python3.12/site-packages/airflow/example_dags/example_task_group.py
[2025-05-20T17:14:59.627+0000] {processor.py:914} INFO - Processing file /home/airflow/.local/lib/python3.12/site-packages/airflow/example_dags/example_task_group.py for tasks to queue
[2025-05-20T17:14:59.630+0000] {logging_mixin.py:190} INFO - [2025-05-20T17:14:59.630+0000] {dagbag.py:588} INFO - Filling up the DagBag from /home/airflow/.local/lib/python3.12/site-packages/airflow/example_dags/example_task_group.py
[2025-05-20T17:14:59.638+0000] {processor.py:925} INFO - DAG(s) 'example_task_group' retrieved from /home/airflow/.local/lib/python3.12/site-packages/airflow/example_dags/example_task_group.py
[2025-05-20T17:14:59.659+0000] {logging_mixin.py:190} INFO - [2025-05-20T17:14:59.659+0000] {dag.py:3239} INFO - Sync 1 DAGs
[2025-05-20T17:14:59.674+0000] {logging_mixin.py:190} INFO - [2025-05-20T17:14:59.674+0000] {dag.py:4180} INFO - Setting next_dagrun for example_task_group to None, run_after=None
[2025-05-20T17:14:59.694+0000] {processor.py:208} INFO - Processing /home/airflow/.local/lib/python3.12/site-packages/airflow/example_dags/example_task_group.py took 0.073 seconds
[2025-05-20T17:15:30.508+0000] {processor.py:186} INFO - Started process (PID=1726) to work on /home/airflow/.local/lib/python3.12/site-packages/airflow/example_dags/example_task_group.py
[2025-05-20T17:15:30.509+0000] {processor.py:914} INFO - Processing file /home/airflow/.local/lib/python3.12/site-packages/airflow/example_dags/example_task_group.py for tasks to queue
[2025-05-20T17:15:30.513+0000] {logging_mixin.py:190} INFO - [2025-05-20T17:15:30.512+0000] {dagbag.py:588} INFO - Filling up the DagBag from /home/airflow/.local/lib/python3.12/site-packages/airflow/example_dags/example_task_group.py
[2025-05-20T17:15:30.526+0000] {processor.py:925} INFO - DAG(s) 'example_task_group' retrieved from /home/airflow/.local/lib/python3.12/site-packages/airflow/example_dags/example_task_group.py
[2025-05-20T17:15:30.560+0000] {logging_mixin.py:190} INFO - [2025-05-20T17:15:30.559+0000] {dag.py:3239} INFO - Sync 1 DAGs
[2025-05-20T17:15:30.584+0000] {logging_mixin.py:190} INFO - [2025-05-20T17:15:30.583+0000] {dag.py:4180} INFO - Setting next_dagrun for example_task_group to None, run_after=None
[2025-05-20T17:15:30.618+0000] {processor.py:208} INFO - Processing /home/airflow/.local/lib/python3.12/site-packages/airflow/example_dags/example_task_group.py took 0.119 seconds
[2025-05-20T17:16:02.038+0000] {processor.py:186} INFO - Started process (PID=1790) to work on /home/airflow/.local/lib/python3.12/site-packages/airflow/example_dags/example_task_group.py
[2025-05-20T17:16:02.040+0000] {processor.py:914} INFO - Processing file /home/airflow/.local/lib/python3.12/site-packages/airflow/example_dags/example_task_group.py for tasks to queue
[2025-05-20T17:16:02.045+0000] {logging_mixin.py:190} INFO - [2025-05-20T17:16:02.044+0000] {dagbag.py:588} INFO - Filling up the DagBag from /home/airflow/.local/lib/python3.12/site-packages/airflow/example_dags/example_task_group.py
[2025-05-20T17:16:02.063+0000] {processor.py:925} INFO - DAG(s) 'example_task_group' retrieved from /home/airflow/.local/lib/python3.12/site-packages/airflow/example_dags/example_task_group.py
[2025-05-20T17:16:02.111+0000] {logging_mixin.py:190} INFO - [2025-05-20T17:16:02.110+0000] {dag.py:3239} INFO - Sync 1 DAGs
[2025-05-20T17:16:02.141+0000] {logging_mixin.py:190} INFO - [2025-05-20T17:16:02.140+0000] {dag.py:4180} INFO - Setting next_dagrun for example_task_group to None, run_after=None
[2025-05-20T17:16:02.186+0000] {processor.py:208} INFO - Processing /home/airflow/.local/lib/python3.12/site-packages/airflow/example_dags/example_task_group.py took 0.159 seconds
[2025-05-20T17:16:33.045+0000] {processor.py:186} INFO - Started process (PID=1854) to work on /home/airflow/.local/lib/python3.12/site-packages/airflow/example_dags/example_task_group.py
[2025-05-20T17:16:33.047+0000] {processor.py:914} INFO - Processing file /home/airflow/.local/lib/python3.12/site-packages/airflow/example_dags/example_task_group.py for tasks to queue
[2025-05-20T17:16:33.051+0000] {logging_mixin.py:190} INFO - [2025-05-20T17:16:33.050+0000] {dagbag.py:588} INFO - Filling up the DagBag from /home/airflow/.local/lib/python3.12/site-packages/airflow/example_dags/example_task_group.py
[2025-05-20T17:16:33.068+0000] {processor.py:925} INFO - DAG(s) 'example_task_group' retrieved from /home/airflow/.local/lib/python3.12/site-packages/airflow/example_dags/example_task_group.py
[2025-05-20T17:16:33.114+0000] {logging_mixin.py:190} INFO - [2025-05-20T17:16:33.114+0000] {dag.py:3239} INFO - Sync 1 DAGs
[2025-05-20T17:16:33.150+0000] {logging_mixin.py:190} INFO - [2025-05-20T17:16:33.150+0000] {dag.py:4180} INFO - Setting next_dagrun for example_task_group to None, run_after=None
[2025-05-20T17:16:33.259+0000] {processor.py:208} INFO - Processing /home/airflow/.local/lib/python3.12/site-packages/airflow/example_dags/example_task_group.py took 0.225 seconds
[2025-05-20T17:17:03.898+0000] {processor.py:186} INFO - Started process (PID=1918) to work on /home/airflow/.local/lib/python3.12/site-packages/airflow/example_dags/example_task_group.py
[2025-05-20T17:17:03.900+0000] {processor.py:914} INFO - Processing file /home/airflow/.local/lib/python3.12/site-packages/airflow/example_dags/example_task_group.py for tasks to queue
[2025-05-20T17:17:03.904+0000] {logging_mixin.py:190} INFO - [2025-05-20T17:17:03.904+0000] {dagbag.py:588} INFO - Filling up the DagBag from /home/airflow/.local/lib/python3.12/site-packages/airflow/example_dags/example_task_group.py
[2025-05-20T17:17:03.921+0000] {processor.py:925} INFO - DAG(s) 'example_task_group' retrieved from /home/airflow/.local/lib/python3.12/site-packages/airflow/example_dags/example_task_group.py
[2025-05-20T17:17:03.964+0000] {logging_mixin.py:190} INFO - [2025-05-20T17:17:03.963+0000] {dag.py:3239} INFO - Sync 1 DAGs
[2025-05-20T17:17:03.993+0000] {logging_mixin.py:190} INFO - [2025-05-20T17:17:03.992+0000] {dag.py:4180} INFO - Setting next_dagrun for example_task_group to None, run_after=None
[2025-05-20T17:17:04.095+0000] {processor.py:208} INFO - Processing /home/airflow/.local/lib/python3.12/site-packages/airflow/example_dags/example_task_group.py took 0.208 seconds
[2025-05-20T17:17:34.865+0000] {processor.py:186} INFO - Started process (PID=1982) to work on /home/airflow/.local/lib/python3.12/site-packages/airflow/example_dags/example_task_group.py
[2025-05-20T17:17:34.867+0000] {processor.py:914} INFO - Processing file /home/airflow/.local/lib/python3.12/site-packages/airflow/example_dags/example_task_group.py for tasks to queue
[2025-05-20T17:17:34.874+0000] {logging_mixin.py:190} INFO - [2025-05-20T17:17:34.873+0000] {dagbag.py:588} INFO - Filling up the DagBag from /home/airflow/.local/lib/python3.12/site-packages/airflow/example_dags/example_task_group.py
[2025-05-20T17:17:34.901+0000] {processor.py:925} INFO - DAG(s) 'example_task_group' retrieved from /home/airflow/.local/lib/python3.12/site-packages/airflow/example_dags/example_task_group.py
[2025-05-20T17:17:34.953+0000] {logging_mixin.py:190} INFO - [2025-05-20T17:17:34.953+0000] {dag.py:3239} INFO - Sync 1 DAGs
[2025-05-20T17:17:34.993+0000] {logging_mixin.py:190} INFO - [2025-05-20T17:17:34.992+0000] {dag.py:4180} INFO - Setting next_dagrun for example_task_group to None, run_after=None
[2025-05-20T17:17:35.098+0000] {processor.py:208} INFO - Processing /home/airflow/.local/lib/python3.12/site-packages/airflow/example_dags/example_task_group.py took 0.250 seconds
[2025-05-20T17:18:05.644+0000] {processor.py:186} INFO - Started process (PID=2046) to work on /home/airflow/.local/lib/python3.12/site-packages/airflow/example_dags/example_task_group.py
[2025-05-20T17:18:05.647+0000] {processor.py:914} INFO - Processing file /home/airflow/.local/lib/python3.12/site-packages/airflow/example_dags/example_task_group.py for tasks to queue
[2025-05-20T17:18:05.652+0000] {logging_mixin.py:190} INFO - [2025-05-20T17:18:05.652+0000] {dagbag.py:588} INFO - Filling up the DagBag from /home/airflow/.local/lib/python3.12/site-packages/airflow/example_dags/example_task_group.py
[2025-05-20T17:18:05.669+0000] {processor.py:925} INFO - DAG(s) 'example_task_group' retrieved from /home/airflow/.local/lib/python3.12/site-packages/airflow/example_dags/example_task_group.py
[2025-05-20T17:18:05.713+0000] {logging_mixin.py:190} INFO - [2025-05-20T17:18:05.712+0000] {dag.py:3239} INFO - Sync 1 DAGs
[2025-05-20T17:18:05.752+0000] {logging_mixin.py:190} INFO - [2025-05-20T17:18:05.751+0000] {dag.py:4180} INFO - Setting next_dagrun for example_task_group to None, run_after=None
[2025-05-20T17:18:05.858+0000] {processor.py:208} INFO - Processing /home/airflow/.local/lib/python3.12/site-packages/airflow/example_dags/example_task_group.py took 0.229 seconds
[2025-05-20T17:18:36.891+0000] {processor.py:186} INFO - Started process (PID=2110) to work on /home/airflow/.local/lib/python3.12/site-packages/airflow/example_dags/example_task_group.py
[2025-05-20T17:18:36.893+0000] {processor.py:914} INFO - Processing file /home/airflow/.local/lib/python3.12/site-packages/airflow/example_dags/example_task_group.py for tasks to queue
[2025-05-20T17:18:36.898+0000] {logging_mixin.py:190} INFO - [2025-05-20T17:18:36.897+0000] {dagbag.py:588} INFO - Filling up the DagBag from /home/airflow/.local/lib/python3.12/site-packages/airflow/example_dags/example_task_group.py
[2025-05-20T17:18:36.917+0000] {processor.py:925} INFO - DAG(s) 'example_task_group' retrieved from /home/airflow/.local/lib/python3.12/site-packages/airflow/example_dags/example_task_group.py
[2025-05-20T17:18:36.964+0000] {logging_mixin.py:190} INFO - [2025-05-20T17:18:36.963+0000] {dag.py:3239} INFO - Sync 1 DAGs
[2025-05-20T17:18:36.993+0000] {logging_mixin.py:190} INFO - [2025-05-20T17:18:36.993+0000] {dag.py:4180} INFO - Setting next_dagrun for example_task_group to None, run_after=None
[2025-05-20T17:18:37.101+0000] {processor.py:208} INFO - Processing /home/airflow/.local/lib/python3.12/site-packages/airflow/example_dags/example_task_group.py took 0.220 seconds
[2025-05-20T17:19:07.897+0000] {processor.py:186} INFO - Started process (PID=2174) to work on /home/airflow/.local/lib/python3.12/site-packages/airflow/example_dags/example_task_group.py
[2025-05-20T17:19:07.900+0000] {processor.py:914} INFO - Processing file /home/airflow/.local/lib/python3.12/site-packages/airflow/example_dags/example_task_group.py for tasks to queue
[2025-05-20T17:19:07.904+0000] {logging_mixin.py:190} INFO - [2025-05-20T17:19:07.904+0000] {dagbag.py:588} INFO - Filling up the DagBag from /home/airflow/.local/lib/python3.12/site-packages/airflow/example_dags/example_task_group.py
[2025-05-20T17:19:07.922+0000] {processor.py:925} INFO - DAG(s) 'example_task_group' retrieved from /home/airflow/.local/lib/python3.12/site-packages/airflow/example_dags/example_task_group.py
[2025-05-20T17:19:07.968+0000] {logging_mixin.py:190} INFO - [2025-05-20T17:19:07.967+0000] {dag.py:3239} INFO - Sync 1 DAGs
[2025-05-20T17:19:07.999+0000] {logging_mixin.py:190} INFO - [2025-05-20T17:19:07.999+0000] {dag.py:4180} INFO - Setting next_dagrun for example_task_group to None, run_after=None
[2025-05-20T17:19:08.042+0000] {processor.py:208} INFO - Processing /home/airflow/.local/lib/python3.12/site-packages/airflow/example_dags/example_task_group.py took 0.155 seconds
[2025-05-20T17:19:38.249+0000] {processor.py:186} INFO - Started process (PID=2238) to work on /home/airflow/.local/lib/python3.12/site-packages/airflow/example_dags/example_task_group.py
[2025-05-20T17:19:38.252+0000] {processor.py:914} INFO - Processing file /home/airflow/.local/lib/python3.12/site-packages/airflow/example_dags/example_task_group.py for tasks to queue
[2025-05-20T17:19:38.256+0000] {logging_mixin.py:190} INFO - [2025-05-20T17:19:38.255+0000] {dagbag.py:588} INFO - Filling up the DagBag from /home/airflow/.local/lib/python3.12/site-packages/airflow/example_dags/example_task_group.py
[2025-05-20T17:19:38.272+0000] {processor.py:925} INFO - DAG(s) 'example_task_group' retrieved from /home/airflow/.local/lib/python3.12/site-packages/airflow/example_dags/example_task_group.py
[2025-05-20T17:19:38.321+0000] {logging_mixin.py:190} INFO - [2025-05-20T17:19:38.321+0000] {dag.py:3239} INFO - Sync 1 DAGs
[2025-05-20T17:19:38.350+0000] {logging_mixin.py:190} INFO - [2025-05-20T17:19:38.349+0000] {dag.py:4180} INFO - Setting next_dagrun for example_task_group to None, run_after=None
[2025-05-20T17:19:38.458+0000] {processor.py:208} INFO - Processing /home/airflow/.local/lib/python3.12/site-packages/airflow/example_dags/example_task_group.py took 0.222 seconds
[2025-05-20T17:20:09.229+0000] {processor.py:186} INFO - Started process (PID=2302) to work on /home/airflow/.local/lib/python3.12/site-packages/airflow/example_dags/example_task_group.py
[2025-05-20T17:20:09.231+0000] {processor.py:914} INFO - Processing file /home/airflow/.local/lib/python3.12/site-packages/airflow/example_dags/example_task_group.py for tasks to queue
[2025-05-20T17:20:09.236+0000] {logging_mixin.py:190} INFO - [2025-05-20T17:20:09.235+0000] {dagbag.py:588} INFO - Filling up the DagBag from /home/airflow/.local/lib/python3.12/site-packages/airflow/example_dags/example_task_group.py
[2025-05-20T17:20:09.262+0000] {processor.py:925} INFO - DAG(s) 'example_task_group' retrieved from /home/airflow/.local/lib/python3.12/site-packages/airflow/example_dags/example_task_group.py
[2025-05-20T17:20:09.312+0000] {logging_mixin.py:190} INFO - [2025-05-20T17:20:09.311+0000] {dag.py:3239} INFO - Sync 1 DAGs
[2025-05-20T17:20:09.345+0000] {logging_mixin.py:190} INFO - [2025-05-20T17:20:09.345+0000] {dag.py:4180} INFO - Setting next_dagrun for example_task_group to None, run_after=None
[2025-05-20T17:20:09.389+0000] {processor.py:208} INFO - Processing /home/airflow/.local/lib/python3.12/site-packages/airflow/example_dags/example_task_group.py took 0.177 seconds
[2025-05-20T17:20:39.904+0000] {processor.py:186} INFO - Started process (PID=2366) to work on /home/airflow/.local/lib/python3.12/site-packages/airflow/example_dags/example_task_group.py
[2025-05-20T17:20:39.906+0000] {processor.py:914} INFO - Processing file /home/airflow/.local/lib/python3.12/site-packages/airflow/example_dags/example_task_group.py for tasks to queue
[2025-05-20T17:20:39.911+0000] {logging_mixin.py:190} INFO - [2025-05-20T17:20:39.910+0000] {dagbag.py:588} INFO - Filling up the DagBag from /home/airflow/.local/lib/python3.12/site-packages/airflow/example_dags/example_task_group.py
[2025-05-20T17:20:39.932+0000] {processor.py:925} INFO - DAG(s) 'example_task_group' retrieved from /home/airflow/.local/lib/python3.12/site-packages/airflow/example_dags/example_task_group.py
[2025-05-20T17:20:39.977+0000] {logging_mixin.py:190} INFO - [2025-05-20T17:20:39.977+0000] {dag.py:3239} INFO - Sync 1 DAGs
[2025-05-20T17:20:40.011+0000] {logging_mixin.py:190} INFO - [2025-05-20T17:20:40.010+0000] {dag.py:4180} INFO - Setting next_dagrun for example_task_group to None, run_after=None
[2025-05-20T17:20:40.061+0000] {processor.py:208} INFO - Processing /home/airflow/.local/lib/python3.12/site-packages/airflow/example_dags/example_task_group.py took 0.169 seconds
[2025-05-20T17:21:10.759+0000] {processor.py:186} INFO - Started process (PID=2430) to work on /home/airflow/.local/lib/python3.12/site-packages/airflow/example_dags/example_task_group.py
[2025-05-20T17:21:10.762+0000] {processor.py:914} INFO - Processing file /home/airflow/.local/lib/python3.12/site-packages/airflow/example_dags/example_task_group.py for tasks to queue
[2025-05-20T17:21:10.768+0000] {logging_mixin.py:190} INFO - [2025-05-20T17:21:10.767+0000] {dagbag.py:588} INFO - Filling up the DagBag from /home/airflow/.local/lib/python3.12/site-packages/airflow/example_dags/example_task_group.py
[2025-05-20T17:21:10.788+0000] {processor.py:925} INFO - DAG(s) 'example_task_group' retrieved from /home/airflow/.local/lib/python3.12/site-packages/airflow/example_dags/example_task_group.py
[2025-05-20T17:21:10.837+0000] {logging_mixin.py:190} INFO - [2025-05-20T17:21:10.837+0000] {dag.py:3239} INFO - Sync 1 DAGs
[2025-05-20T17:21:10.878+0000] {logging_mixin.py:190} INFO - [2025-05-20T17:21:10.877+0000] {dag.py:4180} INFO - Setting next_dagrun for example_task_group to None, run_after=None
[2025-05-20T17:21:10.981+0000] {processor.py:208} INFO - Processing /home/airflow/.local/lib/python3.12/site-packages/airflow/example_dags/example_task_group.py took 0.236 seconds
[2025-05-20T17:21:41.092+0000] {processor.py:186} INFO - Started process (PID=2494) to work on /home/airflow/.local/lib/python3.12/site-packages/airflow/example_dags/example_task_group.py
[2025-05-20T17:21:41.095+0000] {processor.py:914} INFO - Processing file /home/airflow/.local/lib/python3.12/site-packages/airflow/example_dags/example_task_group.py for tasks to queue
[2025-05-20T17:21:41.099+0000] {logging_mixin.py:190} INFO - [2025-05-20T17:21:41.099+0000] {dagbag.py:588} INFO - Filling up the DagBag from /home/airflow/.local/lib/python3.12/site-packages/airflow/example_dags/example_task_group.py
[2025-05-20T17:21:41.117+0000] {processor.py:925} INFO - DAG(s) 'example_task_group' retrieved from /home/airflow/.local/lib/python3.12/site-packages/airflow/example_dags/example_task_group.py
[2025-05-20T17:21:41.166+0000] {logging_mixin.py:190} INFO - [2025-05-20T17:21:41.165+0000] {dag.py:3239} INFO - Sync 1 DAGs
[2025-05-20T17:21:41.199+0000] {logging_mixin.py:190} INFO - [2025-05-20T17:21:41.199+0000] {dag.py:4180} INFO - Setting next_dagrun for example_task_group to None, run_after=None
[2025-05-20T17:21:41.315+0000] {processor.py:208} INFO - Processing /home/airflow/.local/lib/python3.12/site-packages/airflow/example_dags/example_task_group.py took 0.234 seconds
[2025-05-20T17:22:11.664+0000] {processor.py:186} INFO - Started process (PID=2559) to work on /home/airflow/.local/lib/python3.12/site-packages/airflow/example_dags/example_task_group.py
[2025-05-20T17:22:11.666+0000] {processor.py:914} INFO - Processing file /home/airflow/.local/lib/python3.12/site-packages/airflow/example_dags/example_task_group.py for tasks to queue
[2025-05-20T17:22:11.670+0000] {logging_mixin.py:190} INFO - [2025-05-20T17:22:11.669+0000] {dagbag.py:588} INFO - Filling up the DagBag from /home/airflow/.local/lib/python3.12/site-packages/airflow/example_dags/example_task_group.py
[2025-05-20T17:22:11.691+0000] {processor.py:925} INFO - DAG(s) 'example_task_group' retrieved from /home/airflow/.local/lib/python3.12/site-packages/airflow/example_dags/example_task_group.py
[2025-05-20T17:22:11.746+0000] {logging_mixin.py:190} INFO - [2025-05-20T17:22:11.746+0000] {dag.py:3239} INFO - Sync 1 DAGs
[2025-05-20T17:22:11.788+0000] {logging_mixin.py:190} INFO - [2025-05-20T17:22:11.787+0000] {dag.py:4180} INFO - Setting next_dagrun for example_task_group to None, run_after=None
[2025-05-20T17:22:11.901+0000] {processor.py:208} INFO - Processing /home/airflow/.local/lib/python3.12/site-packages/airflow/example_dags/example_task_group.py took 0.249 seconds
[2025-05-20T17:22:42.857+0000] {processor.py:186} INFO - Started process (PID=2624) to work on /home/airflow/.local/lib/python3.12/site-packages/airflow/example_dags/example_task_group.py
[2025-05-20T17:22:42.859+0000] {processor.py:914} INFO - Processing file /home/airflow/.local/lib/python3.12/site-packages/airflow/example_dags/example_task_group.py for tasks to queue
[2025-05-20T17:22:42.864+0000] {logging_mixin.py:190} INFO - [2025-05-20T17:22:42.863+0000] {dagbag.py:588} INFO - Filling up the DagBag from /home/airflow/.local/lib/python3.12/site-packages/airflow/example_dags/example_task_group.py
[2025-05-20T17:22:42.881+0000] {processor.py:925} INFO - DAG(s) 'example_task_group' retrieved from /home/airflow/.local/lib/python3.12/site-packages/airflow/example_dags/example_task_group.py
[2025-05-20T17:22:42.925+0000] {logging_mixin.py:190} INFO - [2025-05-20T17:22:42.925+0000] {dag.py:3239} INFO - Sync 1 DAGs
[2025-05-20T17:22:42.955+0000] {logging_mixin.py:190} INFO - [2025-05-20T17:22:42.955+0000] {dag.py:4180} INFO - Setting next_dagrun for example_task_group to None, run_after=None
[2025-05-20T17:22:43.006+0000] {processor.py:208} INFO - Processing /home/airflow/.local/lib/python3.12/site-packages/airflow/example_dags/example_task_group.py took 0.162 seconds
[2025-05-20T17:23:13.656+0000] {processor.py:186} INFO - Started process (PID=2688) to work on /home/airflow/.local/lib/python3.12/site-packages/airflow/example_dags/example_task_group.py
[2025-05-20T17:23:13.658+0000] {processor.py:914} INFO - Processing file /home/airflow/.local/lib/python3.12/site-packages/airflow/example_dags/example_task_group.py for tasks to queue
[2025-05-20T17:23:13.664+0000] {logging_mixin.py:190} INFO - [2025-05-20T17:23:13.663+0000] {dagbag.py:588} INFO - Filling up the DagBag from /home/airflow/.local/lib/python3.12/site-packages/airflow/example_dags/example_task_group.py
[2025-05-20T17:23:13.683+0000] {processor.py:925} INFO - DAG(s) 'example_task_group' retrieved from /home/airflow/.local/lib/python3.12/site-packages/airflow/example_dags/example_task_group.py
[2025-05-20T17:23:13.731+0000] {logging_mixin.py:190} INFO - [2025-05-20T17:23:13.730+0000] {dag.py:3239} INFO - Sync 1 DAGs
[2025-05-20T17:23:13.767+0000] {logging_mixin.py:190} INFO - [2025-05-20T17:23:13.766+0000] {dag.py:4180} INFO - Setting next_dagrun for example_task_group to None, run_after=None
[2025-05-20T17:23:13.871+0000] {processor.py:208} INFO - Processing /home/airflow/.local/lib/python3.12/site-packages/airflow/example_dags/example_task_group.py took 0.226 seconds
[2025-05-20T17:23:44.445+0000] {processor.py:186} INFO - Started process (PID=2751) to work on /home/airflow/.local/lib/python3.12/site-packages/airflow/example_dags/example_task_group.py
[2025-05-20T17:23:44.447+0000] {processor.py:914} INFO - Processing file /home/airflow/.local/lib/python3.12/site-packages/airflow/example_dags/example_task_group.py for tasks to queue
[2025-05-20T17:23:44.451+0000] {logging_mixin.py:190} INFO - [2025-05-20T17:23:44.451+0000] {dagbag.py:588} INFO - Filling up the DagBag from /home/airflow/.local/lib/python3.12/site-packages/airflow/example_dags/example_task_group.py
[2025-05-20T17:23:44.470+0000] {processor.py:925} INFO - DAG(s) 'example_task_group' retrieved from /home/airflow/.local/lib/python3.12/site-packages/airflow/example_dags/example_task_group.py
[2025-05-20T17:23:44.516+0000] {logging_mixin.py:190} INFO - [2025-05-20T17:23:44.516+0000] {dag.py:3239} INFO - Sync 1 DAGs
[2025-05-20T17:23:44.546+0000] {logging_mixin.py:190} INFO - [2025-05-20T17:23:44.545+0000] {dag.py:4180} INFO - Setting next_dagrun for example_task_group to None, run_after=None
[2025-05-20T17:23:44.588+0000] {processor.py:208} INFO - Processing /home/airflow/.local/lib/python3.12/site-packages/airflow/example_dags/example_task_group.py took 0.155 seconds
[2025-05-20T17:24:16.036+0000] {processor.py:186} INFO - Started process (PID=2815) to work on /home/airflow/.local/lib/python3.12/site-packages/airflow/example_dags/example_task_group.py
[2025-05-20T17:24:16.039+0000] {processor.py:914} INFO - Processing file /home/airflow/.local/lib/python3.12/site-packages/airflow/example_dags/example_task_group.py for tasks to queue
[2025-05-20T17:24:16.043+0000] {logging_mixin.py:190} INFO - [2025-05-20T17:24:16.043+0000] {dagbag.py:588} INFO - Filling up the DagBag from /home/airflow/.local/lib/python3.12/site-packages/airflow/example_dags/example_task_group.py
[2025-05-20T17:24:16.064+0000] {processor.py:925} INFO - DAG(s) 'example_task_group' retrieved from /home/airflow/.local/lib/python3.12/site-packages/airflow/example_dags/example_task_group.py
[2025-05-20T17:24:16.117+0000] {logging_mixin.py:190} INFO - [2025-05-20T17:24:16.116+0000] {dag.py:3239} INFO - Sync 1 DAGs
[2025-05-20T17:24:16.144+0000] {logging_mixin.py:190} INFO - [2025-05-20T17:24:16.143+0000] {dag.py:4180} INFO - Setting next_dagrun for example_task_group to None, run_after=None
[2025-05-20T17:24:16.180+0000] {processor.py:208} INFO - Processing /home/airflow/.local/lib/python3.12/site-packages/airflow/example_dags/example_task_group.py took 0.154 seconds
[2025-05-20T17:24:48.448+0000] {processor.py:186} INFO - Started process (PID=2879) to work on /home/airflow/.local/lib/python3.12/site-packages/airflow/example_dags/example_task_group.py
[2025-05-20T17:24:48.450+0000] {processor.py:914} INFO - Processing file /home/airflow/.local/lib/python3.12/site-packages/airflow/example_dags/example_task_group.py for tasks to queue
[2025-05-20T17:24:48.455+0000] {logging_mixin.py:190} INFO - [2025-05-20T17:24:48.454+0000] {dagbag.py:588} INFO - Filling up the DagBag from /home/airflow/.local/lib/python3.12/site-packages/airflow/example_dags/example_task_group.py
[2025-05-20T17:24:48.471+0000] {processor.py:925} INFO - DAG(s) 'example_task_group' retrieved from /home/airflow/.local/lib/python3.12/site-packages/airflow/example_dags/example_task_group.py
[2025-05-20T17:24:48.515+0000] {logging_mixin.py:190} INFO - [2025-05-20T17:24:48.514+0000] {dag.py:3239} INFO - Sync 1 DAGs
[2025-05-20T17:24:48.562+0000] {logging_mixin.py:190} INFO - [2025-05-20T17:24:48.561+0000] {dag.py:4180} INFO - Setting next_dagrun for example_task_group to None, run_after=None
[2025-05-20T17:24:48.667+0000] {processor.py:208} INFO - Processing /home/airflow/.local/lib/python3.12/site-packages/airflow/example_dags/example_task_group.py took 0.228 seconds
[2025-05-20T17:25:19.627+0000] {processor.py:186} INFO - Started process (PID=2943) to work on /home/airflow/.local/lib/python3.12/site-packages/airflow/example_dags/example_task_group.py
[2025-05-20T17:25:19.629+0000] {processor.py:914} INFO - Processing file /home/airflow/.local/lib/python3.12/site-packages/airflow/example_dags/example_task_group.py for tasks to queue
[2025-05-20T17:25:19.634+0000] {logging_mixin.py:190} INFO - [2025-05-20T17:25:19.633+0000] {dagbag.py:588} INFO - Filling up the DagBag from /home/airflow/.local/lib/python3.12/site-packages/airflow/example_dags/example_task_group.py
[2025-05-20T17:25:19.653+0000] {processor.py:925} INFO - DAG(s) 'example_task_group' retrieved from /home/airflow/.local/lib/python3.12/site-packages/airflow/example_dags/example_task_group.py
[2025-05-20T17:25:19.710+0000] {logging_mixin.py:190} INFO - [2025-05-20T17:25:19.710+0000] {dag.py:3239} INFO - Sync 1 DAGs
[2025-05-20T17:25:19.745+0000] {logging_mixin.py:190} INFO - [2025-05-20T17:25:19.745+0000] {dag.py:4180} INFO - Setting next_dagrun for example_task_group to None, run_after=None
[2025-05-20T17:25:19.788+0000] {processor.py:208} INFO - Processing /home/airflow/.local/lib/python3.12/site-packages/airflow/example_dags/example_task_group.py took 0.173 seconds
[2025-05-20T17:25:51.867+0000] {processor.py:186} INFO - Started process (PID=3013) to work on /home/airflow/.local/lib/python3.12/site-packages/airflow/example_dags/example_task_group.py
[2025-05-20T17:25:51.869+0000] {processor.py:914} INFO - Processing file /home/airflow/.local/lib/python3.12/site-packages/airflow/example_dags/example_task_group.py for tasks to queue
[2025-05-20T17:25:51.874+0000] {logging_mixin.py:190} INFO - [2025-05-20T17:25:51.873+0000] {dagbag.py:588} INFO - Filling up the DagBag from /home/airflow/.local/lib/python3.12/site-packages/airflow/example_dags/example_task_group.py
[2025-05-20T17:25:51.890+0000] {processor.py:925} INFO - DAG(s) 'example_task_group' retrieved from /home/airflow/.local/lib/python3.12/site-packages/airflow/example_dags/example_task_group.py
[2025-05-20T17:25:51.935+0000] {logging_mixin.py:190} INFO - [2025-05-20T17:25:51.934+0000] {dag.py:3239} INFO - Sync 1 DAGs
[2025-05-20T17:25:51.962+0000] {logging_mixin.py:190} INFO - [2025-05-20T17:25:51.961+0000] {dag.py:4180} INFO - Setting next_dagrun for example_task_group to None, run_after=None
[2025-05-20T17:25:52.035+0000] {processor.py:208} INFO - Processing /home/airflow/.local/lib/python3.12/site-packages/airflow/example_dags/example_task_group.py took 0.178 seconds
[2025-05-20T17:26:23.760+0000] {processor.py:186} INFO - Started process (PID=3080) to work on /home/airflow/.local/lib/python3.12/site-packages/airflow/example_dags/example_task_group.py
[2025-05-20T17:26:23.763+0000] {processor.py:914} INFO - Processing file /home/airflow/.local/lib/python3.12/site-packages/airflow/example_dags/example_task_group.py for tasks to queue
[2025-05-20T17:26:23.767+0000] {logging_mixin.py:190} INFO - [2025-05-20T17:26:23.767+0000] {dagbag.py:588} INFO - Filling up the DagBag from /home/airflow/.local/lib/python3.12/site-packages/airflow/example_dags/example_task_group.py
[2025-05-20T17:26:23.783+0000] {processor.py:925} INFO - DAG(s) 'example_task_group' retrieved from /home/airflow/.local/lib/python3.12/site-packages/airflow/example_dags/example_task_group.py
[2025-05-20T17:26:23.827+0000] {logging_mixin.py:190} INFO - [2025-05-20T17:26:23.827+0000] {dag.py:3239} INFO - Sync 1 DAGs
[2025-05-20T17:26:23.865+0000] {logging_mixin.py:190} INFO - [2025-05-20T17:26:23.865+0000] {dag.py:4180} INFO - Setting next_dagrun for example_task_group to None, run_after=None
[2025-05-20T17:26:23.968+0000] {processor.py:208} INFO - Processing /home/airflow/.local/lib/python3.12/site-packages/airflow/example_dags/example_task_group.py took 0.219 seconds
[2025-05-20T17:26:54.667+0000] {processor.py:186} INFO - Started process (PID=3145) to work on /home/airflow/.local/lib/python3.12/site-packages/airflow/example_dags/example_task_group.py
[2025-05-20T17:26:54.669+0000] {processor.py:914} INFO - Processing file /home/airflow/.local/lib/python3.12/site-packages/airflow/example_dags/example_task_group.py for tasks to queue
[2025-05-20T17:26:54.674+0000] {logging_mixin.py:190} INFO - [2025-05-20T17:26:54.673+0000] {dagbag.py:588} INFO - Filling up the DagBag from /home/airflow/.local/lib/python3.12/site-packages/airflow/example_dags/example_task_group.py
[2025-05-20T17:26:54.691+0000] {processor.py:925} INFO - DAG(s) 'example_task_group' retrieved from /home/airflow/.local/lib/python3.12/site-packages/airflow/example_dags/example_task_group.py
[2025-05-20T17:26:54.739+0000] {logging_mixin.py:190} INFO - [2025-05-20T17:26:54.738+0000] {dag.py:3239} INFO - Sync 1 DAGs
[2025-05-20T17:26:54.772+0000] {logging_mixin.py:190} INFO - [2025-05-20T17:26:54.771+0000] {dag.py:4180} INFO - Setting next_dagrun for example_task_group to None, run_after=None
[2025-05-20T17:26:54.817+0000] {processor.py:208} INFO - Processing /home/airflow/.local/lib/python3.12/site-packages/airflow/example_dags/example_task_group.py took 0.162 seconds
[2025-05-20T17:29:01.719+0000] {processor.py:186} INFO - Started process (PID=93) to work on /home/airflow/.local/lib/python3.12/site-packages/airflow/example_dags/example_task_group.py
[2025-05-20T17:29:01.722+0000] {processor.py:914} INFO - Processing file /home/airflow/.local/lib/python3.12/site-packages/airflow/example_dags/example_task_group.py for tasks to queue
[2025-05-20T17:29:01.727+0000] {logging_mixin.py:190} INFO - [2025-05-20T17:29:01.727+0000] {dagbag.py:588} INFO - Filling up the DagBag from /home/airflow/.local/lib/python3.12/site-packages/airflow/example_dags/example_task_group.py
[2025-05-20T17:29:01.755+0000] {processor.py:925} INFO - DAG(s) 'example_task_group' retrieved from /home/airflow/.local/lib/python3.12/site-packages/airflow/example_dags/example_task_group.py
[2025-05-20T17:29:01.809+0000] {logging_mixin.py:190} INFO - [2025-05-20T17:29:01.808+0000] {dag.py:3239} INFO - Sync 1 DAGs
[2025-05-20T17:29:01.850+0000] {logging_mixin.py:190} INFO - [2025-05-20T17:29:01.849+0000] {dag.py:4180} INFO - Setting next_dagrun for example_task_group to None, run_after=None
[2025-05-20T17:29:01.936+0000] {processor.py:208} INFO - Processing /home/airflow/.local/lib/python3.12/site-packages/airflow/example_dags/example_task_group.py took 0.229 seconds
[2025-05-20T17:29:32.637+0000] {processor.py:186} INFO - Started process (PID=158) to work on /home/airflow/.local/lib/python3.12/site-packages/airflow/example_dags/example_task_group.py
[2025-05-20T17:29:32.639+0000] {processor.py:914} INFO - Processing file /home/airflow/.local/lib/python3.12/site-packages/airflow/example_dags/example_task_group.py for tasks to queue
[2025-05-20T17:29:32.643+0000] {logging_mixin.py:190} INFO - [2025-05-20T17:29:32.643+0000] {dagbag.py:588} INFO - Filling up the DagBag from /home/airflow/.local/lib/python3.12/site-packages/airflow/example_dags/example_task_group.py
[2025-05-20T17:29:32.660+0000] {processor.py:925} INFO - DAG(s) 'example_task_group' retrieved from /home/airflow/.local/lib/python3.12/site-packages/airflow/example_dags/example_task_group.py
[2025-05-20T17:29:32.700+0000] {logging_mixin.py:190} INFO - [2025-05-20T17:29:32.700+0000] {dag.py:3239} INFO - Sync 1 DAGs
[2025-05-20T17:29:32.727+0000] {logging_mixin.py:190} INFO - [2025-05-20T17:29:32.727+0000] {dag.py:4180} INFO - Setting next_dagrun for example_task_group to None, run_after=None
[2025-05-20T17:29:32.830+0000] {processor.py:208} INFO - Processing /home/airflow/.local/lib/python3.12/site-packages/airflow/example_dags/example_task_group.py took 0.203 seconds
[2025-05-20T17:30:03.632+0000] {processor.py:186} INFO - Started process (PID=224) to work on /home/airflow/.local/lib/python3.12/site-packages/airflow/example_dags/example_task_group.py
[2025-05-20T17:30:03.634+0000] {processor.py:914} INFO - Processing file /home/airflow/.local/lib/python3.12/site-packages/airflow/example_dags/example_task_group.py for tasks to queue
[2025-05-20T17:30:03.640+0000] {logging_mixin.py:190} INFO - [2025-05-20T17:30:03.639+0000] {dagbag.py:588} INFO - Filling up the DagBag from /home/airflow/.local/lib/python3.12/site-packages/airflow/example_dags/example_task_group.py
[2025-05-20T17:30:03.663+0000] {processor.py:925} INFO - DAG(s) 'example_task_group' retrieved from /home/airflow/.local/lib/python3.12/site-packages/airflow/example_dags/example_task_group.py
[2025-05-20T17:30:03.718+0000] {logging_mixin.py:190} INFO - [2025-05-20T17:30:03.718+0000] {dag.py:3239} INFO - Sync 1 DAGs
[2025-05-20T17:30:03.752+0000] {logging_mixin.py:190} INFO - [2025-05-20T17:30:03.752+0000] {dag.py:4180} INFO - Setting next_dagrun for example_task_group to None, run_after=None
[2025-05-20T17:30:03.795+0000] {processor.py:208} INFO - Processing /home/airflow/.local/lib/python3.12/site-packages/airflow/example_dags/example_task_group.py took 0.179 seconds
[2025-05-20T17:30:34.307+0000] {processor.py:186} INFO - Started process (PID=290) to work on /home/airflow/.local/lib/python3.12/site-packages/airflow/example_dags/example_task_group.py
[2025-05-20T17:30:34.310+0000] {processor.py:914} INFO - Processing file /home/airflow/.local/lib/python3.12/site-packages/airflow/example_dags/example_task_group.py for tasks to queue
[2025-05-20T17:30:34.314+0000] {logging_mixin.py:190} INFO - [2025-05-20T17:30:34.314+0000] {dagbag.py:588} INFO - Filling up the DagBag from /home/airflow/.local/lib/python3.12/site-packages/airflow/example_dags/example_task_group.py
[2025-05-20T17:30:34.333+0000] {processor.py:925} INFO - DAG(s) 'example_task_group' retrieved from /home/airflow/.local/lib/python3.12/site-packages/airflow/example_dags/example_task_group.py
[2025-05-20T17:30:34.384+0000] {logging_mixin.py:190} INFO - [2025-05-20T17:30:34.384+0000] {dag.py:3239} INFO - Sync 1 DAGs
[2025-05-20T17:30:34.425+0000] {logging_mixin.py:190} INFO - [2025-05-20T17:30:34.424+0000] {dag.py:4180} INFO - Setting next_dagrun for example_task_group to None, run_after=None
[2025-05-20T17:30:34.471+0000] {processor.py:208} INFO - Processing /home/airflow/.local/lib/python3.12/site-packages/airflow/example_dags/example_task_group.py took 0.179 seconds
[2025-05-20T17:31:04.798+0000] {processor.py:186} INFO - Started process (PID=356) to work on /home/airflow/.local/lib/python3.12/site-packages/airflow/example_dags/example_task_group.py
[2025-05-20T17:31:04.801+0000] {processor.py:914} INFO - Processing file /home/airflow/.local/lib/python3.12/site-packages/airflow/example_dags/example_task_group.py for tasks to queue
[2025-05-20T17:31:04.806+0000] {logging_mixin.py:190} INFO - [2025-05-20T17:31:04.805+0000] {dagbag.py:588} INFO - Filling up the DagBag from /home/airflow/.local/lib/python3.12/site-packages/airflow/example_dags/example_task_group.py
[2025-05-20T17:31:04.826+0000] {processor.py:925} INFO - DAG(s) 'example_task_group' retrieved from /home/airflow/.local/lib/python3.12/site-packages/airflow/example_dags/example_task_group.py
[2025-05-20T17:31:04.877+0000] {logging_mixin.py:190} INFO - [2025-05-20T17:31:04.877+0000] {dag.py:3239} INFO - Sync 1 DAGs
[2025-05-20T17:31:04.912+0000] {logging_mixin.py:190} INFO - [2025-05-20T17:31:04.912+0000] {dag.py:4180} INFO - Setting next_dagrun for example_task_group to None, run_after=None
[2025-05-20T17:31:05.021+0000] {processor.py:208} INFO - Processing /home/airflow/.local/lib/python3.12/site-packages/airflow/example_dags/example_task_group.py took 0.236 seconds
[2025-05-20T17:31:35.235+0000] {processor.py:186} INFO - Started process (PID=422) to work on /home/airflow/.local/lib/python3.12/site-packages/airflow/example_dags/example_task_group.py
[2025-05-20T17:31:35.237+0000] {processor.py:914} INFO - Processing file /home/airflow/.local/lib/python3.12/site-packages/airflow/example_dags/example_task_group.py for tasks to queue
[2025-05-20T17:31:35.243+0000] {logging_mixin.py:190} INFO - [2025-05-20T17:31:35.242+0000] {dagbag.py:588} INFO - Filling up the DagBag from /home/airflow/.local/lib/python3.12/site-packages/airflow/example_dags/example_task_group.py
[2025-05-20T17:31:35.264+0000] {processor.py:925} INFO - DAG(s) 'example_task_group' retrieved from /home/airflow/.local/lib/python3.12/site-packages/airflow/example_dags/example_task_group.py
[2025-05-20T17:31:35.327+0000] {logging_mixin.py:190} INFO - [2025-05-20T17:31:35.327+0000] {dag.py:3239} INFO - Sync 1 DAGs
[2025-05-20T17:31:35.361+0000] {logging_mixin.py:190} INFO - [2025-05-20T17:31:35.361+0000] {dag.py:4180} INFO - Setting next_dagrun for example_task_group to None, run_after=None
[2025-05-20T17:31:35.468+0000] {processor.py:208} INFO - Processing /home/airflow/.local/lib/python3.12/site-packages/airflow/example_dags/example_task_group.py took 0.245 seconds
[2025-05-20T17:32:06.436+0000] {processor.py:186} INFO - Started process (PID=488) to work on /home/airflow/.local/lib/python3.12/site-packages/airflow/example_dags/example_task_group.py
[2025-05-20T17:32:06.438+0000] {processor.py:914} INFO - Processing file /home/airflow/.local/lib/python3.12/site-packages/airflow/example_dags/example_task_group.py for tasks to queue
[2025-05-20T17:32:06.443+0000] {logging_mixin.py:190} INFO - [2025-05-20T17:32:06.442+0000] {dagbag.py:588} INFO - Filling up the DagBag from /home/airflow/.local/lib/python3.12/site-packages/airflow/example_dags/example_task_group.py
[2025-05-20T17:32:06.458+0000] {processor.py:925} INFO - DAG(s) 'example_task_group' retrieved from /home/airflow/.local/lib/python3.12/site-packages/airflow/example_dags/example_task_group.py
[2025-05-20T17:32:06.500+0000] {logging_mixin.py:190} INFO - [2025-05-20T17:32:06.500+0000] {dag.py:3239} INFO - Sync 1 DAGs
[2025-05-20T17:32:06.526+0000] {logging_mixin.py:190} INFO - [2025-05-20T17:32:06.526+0000] {dag.py:4180} INFO - Setting next_dagrun for example_task_group to None, run_after=None
[2025-05-20T17:32:06.631+0000] {processor.py:208} INFO - Processing /home/airflow/.local/lib/python3.12/site-packages/airflow/example_dags/example_task_group.py took 0.205 seconds
[2025-05-20T17:32:37.280+0000] {processor.py:186} INFO - Started process (PID=554) to work on /home/airflow/.local/lib/python3.12/site-packages/airflow/example_dags/example_task_group.py
[2025-05-20T17:32:37.282+0000] {processor.py:914} INFO - Processing file /home/airflow/.local/lib/python3.12/site-packages/airflow/example_dags/example_task_group.py for tasks to queue
[2025-05-20T17:32:37.287+0000] {logging_mixin.py:190} INFO - [2025-05-20T17:32:37.286+0000] {dagbag.py:588} INFO - Filling up the DagBag from /home/airflow/.local/lib/python3.12/site-packages/airflow/example_dags/example_task_group.py
[2025-05-20T17:32:37.303+0000] {processor.py:925} INFO - DAG(s) 'example_task_group' retrieved from /home/airflow/.local/lib/python3.12/site-packages/airflow/example_dags/example_task_group.py
[2025-05-20T17:32:37.359+0000] {logging_mixin.py:190} INFO - [2025-05-20T17:32:37.358+0000] {dag.py:3239} INFO - Sync 1 DAGs
[2025-05-20T17:32:37.406+0000] {logging_mixin.py:190} INFO - [2025-05-20T17:32:37.405+0000] {dag.py:4180} INFO - Setting next_dagrun for example_task_group to None, run_after=None
[2025-05-20T17:32:37.454+0000] {processor.py:208} INFO - Processing /home/airflow/.local/lib/python3.12/site-packages/airflow/example_dags/example_task_group.py took 0.185 seconds
[2025-05-20T17:33:08.586+0000] {processor.py:186} INFO - Started process (PID=620) to work on /home/airflow/.local/lib/python3.12/site-packages/airflow/example_dags/example_task_group.py
[2025-05-20T17:33:08.589+0000] {processor.py:914} INFO - Processing file /home/airflow/.local/lib/python3.12/site-packages/airflow/example_dags/example_task_group.py for tasks to queue
[2025-05-20T17:33:08.593+0000] {logging_mixin.py:190} INFO - [2025-05-20T17:33:08.592+0000] {dagbag.py:588} INFO - Filling up the DagBag from /home/airflow/.local/lib/python3.12/site-packages/airflow/example_dags/example_task_group.py
[2025-05-20T17:33:08.611+0000] {processor.py:925} INFO - DAG(s) 'example_task_group' retrieved from /home/airflow/.local/lib/python3.12/site-packages/airflow/example_dags/example_task_group.py
[2025-05-20T17:33:08.664+0000] {logging_mixin.py:190} INFO - [2025-05-20T17:33:08.664+0000] {dag.py:3239} INFO - Sync 1 DAGs
[2025-05-20T17:33:08.694+0000] {logging_mixin.py:190} INFO - [2025-05-20T17:33:08.693+0000] {dag.py:4180} INFO - Setting next_dagrun for example_task_group to None, run_after=None
[2025-05-20T17:33:08.740+0000] {processor.py:208} INFO - Processing /home/airflow/.local/lib/python3.12/site-packages/airflow/example_dags/example_task_group.py took 0.165 seconds
[2025-05-20T17:33:39.180+0000] {processor.py:186} INFO - Started process (PID=686) to work on /home/airflow/.local/lib/python3.12/site-packages/airflow/example_dags/example_task_group.py
[2025-05-20T17:33:39.183+0000] {processor.py:914} INFO - Processing file /home/airflow/.local/lib/python3.12/site-packages/airflow/example_dags/example_task_group.py for tasks to queue
[2025-05-20T17:33:39.187+0000] {logging_mixin.py:190} INFO - [2025-05-20T17:33:39.186+0000] {dagbag.py:588} INFO - Filling up the DagBag from /home/airflow/.local/lib/python3.12/site-packages/airflow/example_dags/example_task_group.py
[2025-05-20T17:33:39.204+0000] {processor.py:925} INFO - DAG(s) 'example_task_group' retrieved from /home/airflow/.local/lib/python3.12/site-packages/airflow/example_dags/example_task_group.py
[2025-05-20T17:33:39.252+0000] {logging_mixin.py:190} INFO - [2025-05-20T17:33:39.251+0000] {dag.py:3239} INFO - Sync 1 DAGs
[2025-05-20T17:33:39.284+0000] {logging_mixin.py:190} INFO - [2025-05-20T17:33:39.283+0000] {dag.py:4180} INFO - Setting next_dagrun for example_task_group to None, run_after=None
[2025-05-20T17:33:39.388+0000] {processor.py:208} INFO - Processing /home/airflow/.local/lib/python3.12/site-packages/airflow/example_dags/example_task_group.py took 0.219 seconds
[2025-05-20T17:34:09.602+0000] {processor.py:186} INFO - Started process (PID=752) to work on /home/airflow/.local/lib/python3.12/site-packages/airflow/example_dags/example_task_group.py
[2025-05-20T17:34:09.604+0000] {processor.py:914} INFO - Processing file /home/airflow/.local/lib/python3.12/site-packages/airflow/example_dags/example_task_group.py for tasks to queue
[2025-05-20T17:34:09.608+0000] {logging_mixin.py:190} INFO - [2025-05-20T17:34:09.608+0000] {dagbag.py:588} INFO - Filling up the DagBag from /home/airflow/.local/lib/python3.12/site-packages/airflow/example_dags/example_task_group.py
[2025-05-20T17:34:09.624+0000] {processor.py:925} INFO - DAG(s) 'example_task_group' retrieved from /home/airflow/.local/lib/python3.12/site-packages/airflow/example_dags/example_task_group.py
[2025-05-20T17:34:09.668+0000] {logging_mixin.py:190} INFO - [2025-05-20T17:34:09.668+0000] {dag.py:3239} INFO - Sync 1 DAGs
[2025-05-20T17:34:09.697+0000] {logging_mixin.py:190} INFO - [2025-05-20T17:34:09.696+0000] {dag.py:4180} INFO - Setting next_dagrun for example_task_group to None, run_after=None
[2025-05-20T17:34:09.799+0000] {processor.py:208} INFO - Processing /home/airflow/.local/lib/python3.12/site-packages/airflow/example_dags/example_task_group.py took 0.208 seconds
[2025-05-20T17:34:40.107+0000] {processor.py:186} INFO - Started process (PID=818) to work on /home/airflow/.local/lib/python3.12/site-packages/airflow/example_dags/example_task_group.py
[2025-05-20T17:34:40.109+0000] {processor.py:914} INFO - Processing file /home/airflow/.local/lib/python3.12/site-packages/airflow/example_dags/example_task_group.py for tasks to queue
[2025-05-20T17:34:40.115+0000] {logging_mixin.py:190} INFO - [2025-05-20T17:34:40.114+0000] {dagbag.py:588} INFO - Filling up the DagBag from /home/airflow/.local/lib/python3.12/site-packages/airflow/example_dags/example_task_group.py
[2025-05-20T17:34:40.134+0000] {processor.py:925} INFO - DAG(s) 'example_task_group' retrieved from /home/airflow/.local/lib/python3.12/site-packages/airflow/example_dags/example_task_group.py
[2025-05-20T17:34:40.177+0000] {logging_mixin.py:190} INFO - [2025-05-20T17:34:40.177+0000] {dag.py:3239} INFO - Sync 1 DAGs
[2025-05-20T17:34:40.226+0000] {logging_mixin.py:190} INFO - [2025-05-20T17:34:40.225+0000] {dag.py:4180} INFO - Setting next_dagrun for example_task_group to None, run_after=None
[2025-05-20T17:34:40.341+0000] {processor.py:208} INFO - Processing /home/airflow/.local/lib/python3.12/site-packages/airflow/example_dags/example_task_group.py took 0.245 seconds
[2025-05-20T17:35:11.304+0000] {processor.py:186} INFO - Started process (PID=890) to work on /home/airflow/.local/lib/python3.12/site-packages/airflow/example_dags/example_task_group.py
[2025-05-20T17:35:11.306+0000] {processor.py:914} INFO - Processing file /home/airflow/.local/lib/python3.12/site-packages/airflow/example_dags/example_task_group.py for tasks to queue
[2025-05-20T17:35:11.310+0000] {logging_mixin.py:190} INFO - [2025-05-20T17:35:11.310+0000] {dagbag.py:588} INFO - Filling up the DagBag from /home/airflow/.local/lib/python3.12/site-packages/airflow/example_dags/example_task_group.py
[2025-05-20T17:35:11.329+0000] {processor.py:925} INFO - DAG(s) 'example_task_group' retrieved from /home/airflow/.local/lib/python3.12/site-packages/airflow/example_dags/example_task_group.py
[2025-05-20T17:35:11.395+0000] {logging_mixin.py:190} INFO - [2025-05-20T17:35:11.395+0000] {dag.py:3239} INFO - Sync 1 DAGs
[2025-05-20T17:35:11.426+0000] {logging_mixin.py:190} INFO - [2025-05-20T17:35:11.425+0000] {dag.py:4180} INFO - Setting next_dagrun for example_task_group to None, run_after=None
[2025-05-20T17:35:11.467+0000] {processor.py:208} INFO - Processing /home/airflow/.local/lib/python3.12/site-packages/airflow/example_dags/example_task_group.py took 0.175 seconds
[2025-05-20T17:35:42.482+0000] {processor.py:186} INFO - Started process (PID=956) to work on /home/airflow/.local/lib/python3.12/site-packages/airflow/example_dags/example_task_group.py
[2025-05-20T17:35:42.484+0000] {processor.py:914} INFO - Processing file /home/airflow/.local/lib/python3.12/site-packages/airflow/example_dags/example_task_group.py for tasks to queue
[2025-05-20T17:35:42.488+0000] {logging_mixin.py:190} INFO - [2025-05-20T17:35:42.488+0000] {dagbag.py:588} INFO - Filling up the DagBag from /home/airflow/.local/lib/python3.12/site-packages/airflow/example_dags/example_task_group.py
[2025-05-20T17:35:42.505+0000] {processor.py:925} INFO - DAG(s) 'example_task_group' retrieved from /home/airflow/.local/lib/python3.12/site-packages/airflow/example_dags/example_task_group.py
[2025-05-20T17:35:42.553+0000] {logging_mixin.py:190} INFO - [2025-05-20T17:35:42.553+0000] {dag.py:3239} INFO - Sync 1 DAGs
[2025-05-20T17:35:42.585+0000] {logging_mixin.py:190} INFO - [2025-05-20T17:35:42.585+0000] {dag.py:4180} INFO - Setting next_dagrun for example_task_group to None, run_after=None
[2025-05-20T17:35:42.625+0000] {processor.py:208} INFO - Processing /home/airflow/.local/lib/python3.12/site-packages/airflow/example_dags/example_task_group.py took 0.155 seconds
[2025-05-20T17:36:13.162+0000] {processor.py:186} INFO - Started process (PID=1022) to work on /home/airflow/.local/lib/python3.12/site-packages/airflow/example_dags/example_task_group.py
[2025-05-20T17:36:13.164+0000] {processor.py:914} INFO - Processing file /home/airflow/.local/lib/python3.12/site-packages/airflow/example_dags/example_task_group.py for tasks to queue
[2025-05-20T17:36:13.168+0000] {logging_mixin.py:190} INFO - [2025-05-20T17:36:13.168+0000] {dagbag.py:588} INFO - Filling up the DagBag from /home/airflow/.local/lib/python3.12/site-packages/airflow/example_dags/example_task_group.py
[2025-05-20T17:36:13.185+0000] {processor.py:925} INFO - DAG(s) 'example_task_group' retrieved from /home/airflow/.local/lib/python3.12/site-packages/airflow/example_dags/example_task_group.py
[2025-05-20T17:36:13.234+0000] {logging_mixin.py:190} INFO - [2025-05-20T17:36:13.233+0000] {dag.py:3239} INFO - Sync 1 DAGs
[2025-05-20T17:36:13.270+0000] {logging_mixin.py:190} INFO - [2025-05-20T17:36:13.270+0000] {dag.py:4180} INFO - Setting next_dagrun for example_task_group to None, run_after=None
[2025-05-20T17:36:13.338+0000] {processor.py:208} INFO - Processing /home/airflow/.local/lib/python3.12/site-packages/airflow/example_dags/example_task_group.py took 0.188 seconds
[2025-05-20T17:36:44.192+0000] {processor.py:186} INFO - Started process (PID=1088) to work on /home/airflow/.local/lib/python3.12/site-packages/airflow/example_dags/example_task_group.py
[2025-05-20T17:36:44.194+0000] {processor.py:914} INFO - Processing file /home/airflow/.local/lib/python3.12/site-packages/airflow/example_dags/example_task_group.py for tasks to queue
[2025-05-20T17:36:44.198+0000] {logging_mixin.py:190} INFO - [2025-05-20T17:36:44.197+0000] {dagbag.py:588} INFO - Filling up the DagBag from /home/airflow/.local/lib/python3.12/site-packages/airflow/example_dags/example_task_group.py
[2025-05-20T17:36:44.224+0000] {processor.py:925} INFO - DAG(s) 'example_task_group' retrieved from /home/airflow/.local/lib/python3.12/site-packages/airflow/example_dags/example_task_group.py
[2025-05-20T17:36:44.274+0000] {logging_mixin.py:190} INFO - [2025-05-20T17:36:44.274+0000] {dag.py:3239} INFO - Sync 1 DAGs
[2025-05-20T17:36:44.304+0000] {logging_mixin.py:190} INFO - [2025-05-20T17:36:44.304+0000] {dag.py:4180} INFO - Setting next_dagrun for example_task_group to None, run_after=None
[2025-05-20T17:36:44.413+0000] {processor.py:208} INFO - Processing /home/airflow/.local/lib/python3.12/site-packages/airflow/example_dags/example_task_group.py took 0.232 seconds
[2025-05-20T17:37:16.621+0000] {processor.py:186} INFO - Started process (PID=1154) to work on /home/airflow/.local/lib/python3.12/site-packages/airflow/example_dags/example_task_group.py
[2025-05-20T17:37:16.624+0000] {processor.py:914} INFO - Processing file /home/airflow/.local/lib/python3.12/site-packages/airflow/example_dags/example_task_group.py for tasks to queue
[2025-05-20T17:37:16.628+0000] {logging_mixin.py:190} INFO - [2025-05-20T17:37:16.628+0000] {dagbag.py:588} INFO - Filling up the DagBag from /home/airflow/.local/lib/python3.12/site-packages/airflow/example_dags/example_task_group.py
[2025-05-20T17:37:16.646+0000] {processor.py:925} INFO - DAG(s) 'example_task_group' retrieved from /home/airflow/.local/lib/python3.12/site-packages/airflow/example_dags/example_task_group.py
[2025-05-20T17:37:16.690+0000] {logging_mixin.py:190} INFO - [2025-05-20T17:37:16.690+0000] {dag.py:3239} INFO - Sync 1 DAGs
[2025-05-20T17:37:16.720+0000] {logging_mixin.py:190} INFO - [2025-05-20T17:37:16.720+0000] {dag.py:4180} INFO - Setting next_dagrun for example_task_group to None, run_after=None
[2025-05-20T17:37:16.763+0000] {processor.py:208} INFO - Processing /home/airflow/.local/lib/python3.12/site-packages/airflow/example_dags/example_task_group.py took 0.153 seconds
[2025-05-20T17:37:48.607+0000] {processor.py:186} INFO - Started process (PID=1220) to work on /home/airflow/.local/lib/python3.12/site-packages/airflow/example_dags/example_task_group.py
[2025-05-20T17:37:48.609+0000] {processor.py:914} INFO - Processing file /home/airflow/.local/lib/python3.12/site-packages/airflow/example_dags/example_task_group.py for tasks to queue
[2025-05-20T17:37:48.614+0000] {logging_mixin.py:190} INFO - [2025-05-20T17:37:48.613+0000] {dagbag.py:588} INFO - Filling up the DagBag from /home/airflow/.local/lib/python3.12/site-packages/airflow/example_dags/example_task_group.py
[2025-05-20T17:37:48.633+0000] {processor.py:925} INFO - DAG(s) 'example_task_group' retrieved from /home/airflow/.local/lib/python3.12/site-packages/airflow/example_dags/example_task_group.py
[2025-05-20T17:37:48.682+0000] {logging_mixin.py:190} INFO - [2025-05-20T17:37:48.681+0000] {dag.py:3239} INFO - Sync 1 DAGs
[2025-05-20T17:37:48.711+0000] {logging_mixin.py:190} INFO - [2025-05-20T17:37:48.711+0000] {dag.py:4180} INFO - Setting next_dagrun for example_task_group to None, run_after=None
[2025-05-20T17:37:48.817+0000] {processor.py:208} INFO - Processing /home/airflow/.local/lib/python3.12/site-packages/airflow/example_dags/example_task_group.py took 0.220 seconds
[2025-05-20T17:42:30.350+0000] {processor.py:186} INFO - Started process (PID=91) to work on /home/airflow/.local/lib/python3.12/site-packages/airflow/example_dags/example_task_group.py
[2025-05-20T17:42:30.352+0000] {processor.py:914} INFO - Processing file /home/airflow/.local/lib/python3.12/site-packages/airflow/example_dags/example_task_group.py for tasks to queue
[2025-05-20T17:42:30.358+0000] {logging_mixin.py:190} INFO - [2025-05-20T17:42:30.357+0000] {dagbag.py:588} INFO - Filling up the DagBag from /home/airflow/.local/lib/python3.12/site-packages/airflow/example_dags/example_task_group.py
[2025-05-20T17:42:30.374+0000] {processor.py:925} INFO - DAG(s) 'example_task_group' retrieved from /home/airflow/.local/lib/python3.12/site-packages/airflow/example_dags/example_task_group.py
[2025-05-20T17:42:30.676+0000] {logging_mixin.py:190} INFO - [2025-05-20T17:42:30.675+0000] {override.py:1930} INFO - Created Permission View: can read on DAG:example_task_group
[2025-05-20T17:42:30.701+0000] {logging_mixin.py:190} INFO - [2025-05-20T17:42:30.700+0000] {override.py:1930} INFO - Created Permission View: can edit on DAG:example_task_group
[2025-05-20T17:42:30.716+0000] {logging_mixin.py:190} INFO - [2025-05-20T17:42:30.715+0000] {override.py:1930} INFO - Created Permission View: can delete on DAG:example_task_group
[2025-05-20T17:42:30.736+0000] {logging_mixin.py:190} INFO - [2025-05-20T17:42:30.735+0000] {override.py:1930} INFO - Created Permission View: menu access on DAG Run:example_task_group
[2025-05-20T17:42:30.751+0000] {logging_mixin.py:190} INFO - [2025-05-20T17:42:30.750+0000] {override.py:1930} INFO - Created Permission View: can read on DAG Run:example_task_group
[2025-05-20T17:42:30.766+0000] {logging_mixin.py:190} INFO - [2025-05-20T17:42:30.765+0000] {override.py:1930} INFO - Created Permission View: can delete on DAG Run:example_task_group
[2025-05-20T17:42:30.783+0000] {logging_mixin.py:190} INFO - [2025-05-20T17:42:30.782+0000] {override.py:1930} INFO - Created Permission View: can create on DAG Run:example_task_group
[2025-05-20T17:42:30.785+0000] {logging_mixin.py:190} INFO - [2025-05-20T17:42:30.784+0000] {dag.py:3239} INFO - Sync 1 DAGs
[2025-05-20T17:42:30.814+0000] {logging_mixin.py:190} INFO - [2025-05-20T17:42:30.813+0000] {dag.py:3262} INFO - Creating ORM DAG for example_task_group
[2025-05-20T17:42:30.816+0000] {logging_mixin.py:190} INFO - [2025-05-20T17:42:30.816+0000] {dag.py:4180} INFO - Setting next_dagrun for example_task_group to None, run_after=None
[2025-05-20T17:42:30.852+0000] {processor.py:208} INFO - Processing /home/airflow/.local/lib/python3.12/site-packages/airflow/example_dags/example_task_group.py took 0.513 seconds
[2025-05-20T17:43:01.558+0000] {processor.py:186} INFO - Started process (PID=156) to work on /home/airflow/.local/lib/python3.12/site-packages/airflow/example_dags/example_task_group.py
[2025-05-20T17:43:01.561+0000] {processor.py:914} INFO - Processing file /home/airflow/.local/lib/python3.12/site-packages/airflow/example_dags/example_task_group.py for tasks to queue
[2025-05-20T17:43:01.566+0000] {logging_mixin.py:190} INFO - [2025-05-20T17:43:01.566+0000] {dagbag.py:588} INFO - Filling up the DagBag from /home/airflow/.local/lib/python3.12/site-packages/airflow/example_dags/example_task_group.py
[2025-05-20T17:43:01.585+0000] {processor.py:925} INFO - DAG(s) 'example_task_group' retrieved from /home/airflow/.local/lib/python3.12/site-packages/airflow/example_dags/example_task_group.py
[2025-05-20T17:43:01.639+0000] {logging_mixin.py:190} INFO - [2025-05-20T17:43:01.638+0000] {dag.py:3239} INFO - Sync 1 DAGs
[2025-05-20T17:43:01.681+0000] {logging_mixin.py:190} INFO - [2025-05-20T17:43:01.680+0000] {dag.py:4180} INFO - Setting next_dagrun for example_task_group to None, run_after=None
[2025-05-20T17:43:01.726+0000] {processor.py:208} INFO - Processing /home/airflow/.local/lib/python3.12/site-packages/airflow/example_dags/example_task_group.py took 0.181 seconds
[2025-05-20T17:43:32.286+0000] {processor.py:186} INFO - Started process (PID=225) to work on /home/airflow/.local/lib/python3.12/site-packages/airflow/example_dags/example_task_group.py
[2025-05-20T17:43:32.288+0000] {processor.py:914} INFO - Processing file /home/airflow/.local/lib/python3.12/site-packages/airflow/example_dags/example_task_group.py for tasks to queue
[2025-05-20T17:43:32.291+0000] {logging_mixin.py:190} INFO - [2025-05-20T17:43:32.290+0000] {dagbag.py:588} INFO - Filling up the DagBag from /home/airflow/.local/lib/python3.12/site-packages/airflow/example_dags/example_task_group.py
[2025-05-20T17:43:32.309+0000] {processor.py:925} INFO - DAG(s) 'example_task_group' retrieved from /home/airflow/.local/lib/python3.12/site-packages/airflow/example_dags/example_task_group.py
[2025-05-20T17:43:32.358+0000] {logging_mixin.py:190} INFO - [2025-05-20T17:43:32.357+0000] {dag.py:3239} INFO - Sync 1 DAGs
[2025-05-20T17:43:32.393+0000] {logging_mixin.py:190} INFO - [2025-05-20T17:43:32.393+0000] {dag.py:4180} INFO - Setting next_dagrun for example_task_group to None, run_after=None
[2025-05-20T17:43:32.502+0000] {processor.py:208} INFO - Processing /home/airflow/.local/lib/python3.12/site-packages/airflow/example_dags/example_task_group.py took 0.227 seconds
[2025-05-20T17:44:02.753+0000] {processor.py:186} INFO - Started process (PID=293) to work on /home/airflow/.local/lib/python3.12/site-packages/airflow/example_dags/example_task_group.py
[2025-05-20T17:44:02.757+0000] {processor.py:914} INFO - Processing file /home/airflow/.local/lib/python3.12/site-packages/airflow/example_dags/example_task_group.py for tasks to queue
[2025-05-20T17:44:02.760+0000] {logging_mixin.py:190} INFO - [2025-05-20T17:44:02.759+0000] {dagbag.py:588} INFO - Filling up the DagBag from /home/airflow/.local/lib/python3.12/site-packages/airflow/example_dags/example_task_group.py
[2025-05-20T17:44:02.777+0000] {processor.py:925} INFO - DAG(s) 'example_task_group' retrieved from /home/airflow/.local/lib/python3.12/site-packages/airflow/example_dags/example_task_group.py
[2025-05-20T17:44:02.822+0000] {logging_mixin.py:190} INFO - [2025-05-20T17:44:02.822+0000] {dag.py:3239} INFO - Sync 1 DAGs
[2025-05-20T17:44:02.861+0000] {logging_mixin.py:190} INFO - [2025-05-20T17:44:02.861+0000] {dag.py:4180} INFO - Setting next_dagrun for example_task_group to None, run_after=None
[2025-05-20T17:44:02.962+0000] {processor.py:208} INFO - Processing /home/airflow/.local/lib/python3.12/site-packages/airflow/example_dags/example_task_group.py took 0.221 seconds
[2025-05-20T17:44:33.557+0000] {processor.py:186} INFO - Started process (PID=360) to work on /home/airflow/.local/lib/python3.12/site-packages/airflow/example_dags/example_task_group.py
[2025-05-20T17:44:33.561+0000] {processor.py:914} INFO - Processing file /home/airflow/.local/lib/python3.12/site-packages/airflow/example_dags/example_task_group.py for tasks to queue
[2025-05-20T17:44:33.564+0000] {logging_mixin.py:190} INFO - [2025-05-20T17:44:33.563+0000] {dagbag.py:588} INFO - Filling up the DagBag from /home/airflow/.local/lib/python3.12/site-packages/airflow/example_dags/example_task_group.py
[2025-05-20T17:44:33.584+0000] {processor.py:925} INFO - DAG(s) 'example_task_group' retrieved from /home/airflow/.local/lib/python3.12/site-packages/airflow/example_dags/example_task_group.py
[2025-05-20T17:44:33.631+0000] {logging_mixin.py:190} INFO - [2025-05-20T17:44:33.631+0000] {dag.py:3239} INFO - Sync 1 DAGs
[2025-05-20T17:44:33.665+0000] {logging_mixin.py:190} INFO - [2025-05-20T17:44:33.665+0000] {dag.py:4180} INFO - Setting next_dagrun for example_task_group to None, run_after=None
[2025-05-20T17:44:33.770+0000] {processor.py:208} INFO - Processing /home/airflow/.local/lib/python3.12/site-packages/airflow/example_dags/example_task_group.py took 0.230 seconds
[2025-05-20T17:45:04.389+0000] {processor.py:186} INFO - Started process (PID=426) to work on /home/airflow/.local/lib/python3.12/site-packages/airflow/example_dags/example_task_group.py
[2025-05-20T17:45:04.392+0000] {processor.py:914} INFO - Processing file /home/airflow/.local/lib/python3.12/site-packages/airflow/example_dags/example_task_group.py for tasks to queue
[2025-05-20T17:45:04.396+0000] {logging_mixin.py:190} INFO - [2025-05-20T17:45:04.395+0000] {dagbag.py:588} INFO - Filling up the DagBag from /home/airflow/.local/lib/python3.12/site-packages/airflow/example_dags/example_task_group.py
[2025-05-20T17:45:04.420+0000] {processor.py:925} INFO - DAG(s) 'example_task_group' retrieved from /home/airflow/.local/lib/python3.12/site-packages/airflow/example_dags/example_task_group.py
[2025-05-20T17:45:04.502+0000] {logging_mixin.py:190} INFO - [2025-05-20T17:45:04.501+0000] {dag.py:3239} INFO - Sync 1 DAGs
[2025-05-20T17:45:04.544+0000] {logging_mixin.py:190} INFO - [2025-05-20T17:45:04.543+0000] {dag.py:4180} INFO - Setting next_dagrun for example_task_group to None, run_after=None
[2025-05-20T17:45:04.605+0000] {processor.py:208} INFO - Processing /home/airflow/.local/lib/python3.12/site-packages/airflow/example_dags/example_task_group.py took 0.239 seconds
[2025-05-20T17:45:34.870+0000] {processor.py:186} INFO - Started process (PID=493) to work on /home/airflow/.local/lib/python3.12/site-packages/airflow/example_dags/example_task_group.py
[2025-05-20T17:45:34.872+0000] {processor.py:914} INFO - Processing file /home/airflow/.local/lib/python3.12/site-packages/airflow/example_dags/example_task_group.py for tasks to queue
[2025-05-20T17:45:34.875+0000] {logging_mixin.py:190} INFO - [2025-05-20T17:45:34.874+0000] {dagbag.py:588} INFO - Filling up the DagBag from /home/airflow/.local/lib/python3.12/site-packages/airflow/example_dags/example_task_group.py
[2025-05-20T17:45:34.897+0000] {processor.py:925} INFO - DAG(s) 'example_task_group' retrieved from /home/airflow/.local/lib/python3.12/site-packages/airflow/example_dags/example_task_group.py
[2025-05-20T17:45:34.947+0000] {logging_mixin.py:190} INFO - [2025-05-20T17:45:34.947+0000] {dag.py:3239} INFO - Sync 1 DAGs
[2025-05-20T17:45:34.981+0000] {logging_mixin.py:190} INFO - [2025-05-20T17:45:34.981+0000] {dag.py:4180} INFO - Setting next_dagrun for example_task_group to None, run_after=None
[2025-05-20T17:45:35.022+0000] {processor.py:208} INFO - Processing /home/airflow/.local/lib/python3.12/site-packages/airflow/example_dags/example_task_group.py took 0.164 seconds
[2025-05-20T17:46:05.714+0000] {processor.py:186} INFO - Started process (PID=559) to work on /home/airflow/.local/lib/python3.12/site-packages/airflow/example_dags/example_task_group.py
[2025-05-20T17:46:05.717+0000] {processor.py:914} INFO - Processing file /home/airflow/.local/lib/python3.12/site-packages/airflow/example_dags/example_task_group.py for tasks to queue
[2025-05-20T17:46:05.720+0000] {logging_mixin.py:190} INFO - [2025-05-20T17:46:05.719+0000] {dagbag.py:588} INFO - Filling up the DagBag from /home/airflow/.local/lib/python3.12/site-packages/airflow/example_dags/example_task_group.py
[2025-05-20T17:46:05.741+0000] {processor.py:925} INFO - DAG(s) 'example_task_group' retrieved from /home/airflow/.local/lib/python3.12/site-packages/airflow/example_dags/example_task_group.py
[2025-05-20T17:46:05.794+0000] {logging_mixin.py:190} INFO - [2025-05-20T17:46:05.794+0000] {dag.py:3239} INFO - Sync 1 DAGs
[2025-05-20T17:46:05.828+0000] {logging_mixin.py:190} INFO - [2025-05-20T17:46:05.828+0000] {dag.py:4180} INFO - Setting next_dagrun for example_task_group to None, run_after=None
[2025-05-20T17:46:05.942+0000] {processor.py:208} INFO - Processing /home/airflow/.local/lib/python3.12/site-packages/airflow/example_dags/example_task_group.py took 0.243 seconds
