[2025-05-20T16:29:57.448+0000] {processor.py:186} INFO - Started process (PID=87) to work on /home/airflow/.local/lib/python3.12/site-packages/airflow/example_dags/tutorial.py
[2025-05-20T16:29:57.450+0000] {processor.py:914} INFO - Processing file /home/airflow/.local/lib/python3.12/site-packages/airflow/example_dags/tutorial.py for tasks to queue
[2025-05-20T16:29:57.455+0000] {logging_mixin.py:190} INFO - [2025-05-20T16:29:57.454+0000] {dagbag.py:588} INFO - Filling up the DagBag from /home/airflow/.local/lib/python3.12/site-packages/airflow/example_dags/tutorial.py
[2025-05-20T16:29:57.472+0000] {processor.py:925} INFO - DAG(s) 'tutorial' retrieved from /home/airflow/.local/lib/python3.12/site-packages/airflow/example_dags/tutorial.py
[2025-05-20T16:29:57.667+0000] {logging_mixin.py:190} INFO - [2025-05-20T16:29:57.666+0000] {override.py:1930} INFO - Created Permission View: can read on DAG:tutorial
[2025-05-20T16:29:57.683+0000] {logging_mixin.py:190} INFO - [2025-05-20T16:29:57.682+0000] {override.py:1930} INFO - Created Permission View: can edit on DAG:tutorial
[2025-05-20T16:29:57.693+0000] {logging_mixin.py:190} INFO - [2025-05-20T16:29:57.693+0000] {override.py:1930} INFO - Created Permission View: can delete on DAG:tutorial
[2025-05-20T16:29:57.705+0000] {logging_mixin.py:190} INFO - [2025-05-20T16:29:57.704+0000] {override.py:1930} INFO - Created Permission View: can create on DAG Run:tutorial
[2025-05-20T16:29:57.716+0000] {logging_mixin.py:190} INFO - [2025-05-20T16:29:57.715+0000] {override.py:1930} INFO - Created Permission View: can read on DAG Run:tutorial
[2025-05-20T16:29:57.727+0000] {logging_mixin.py:190} INFO - [2025-05-20T16:29:57.726+0000] {override.py:1930} INFO - Created Permission View: can delete on DAG Run:tutorial
[2025-05-20T16:29:57.737+0000] {logging_mixin.py:190} INFO - [2025-05-20T16:29:57.737+0000] {override.py:1930} INFO - Created Permission View: menu access on DAG Run:tutorial
[2025-05-20T16:29:57.738+0000] {logging_mixin.py:190} INFO - [2025-05-20T16:29:57.738+0000] {dag.py:3239} INFO - Sync 1 DAGs
[2025-05-20T16:29:57.760+0000] {logging_mixin.py:190} INFO - [2025-05-20T16:29:57.760+0000] {dag.py:3262} INFO - Creating ORM DAG for tutorial
[2025-05-20T16:29:57.776+0000] {logging_mixin.py:190} INFO - [2025-05-20T16:29:57.776+0000] {dag.py:4180} INFO - Setting next_dagrun for tutorial to 2025-05-19 00:00:00+00:00, run_after=2025-05-20 00:00:00+00:00
[2025-05-20T16:29:57.803+0000] {processor.py:208} INFO - Processing /home/airflow/.local/lib/python3.12/site-packages/airflow/example_dags/tutorial.py took 0.364 seconds
[2025-05-20T16:30:28.483+0000] {processor.py:186} INFO - Started process (PID=149) to work on /home/airflow/.local/lib/python3.12/site-packages/airflow/example_dags/tutorial.py
[2025-05-20T16:30:28.484+0000] {processor.py:914} INFO - Processing file /home/airflow/.local/lib/python3.12/site-packages/airflow/example_dags/tutorial.py for tasks to queue
[2025-05-20T16:30:28.486+0000] {logging_mixin.py:190} INFO - [2025-05-20T16:30:28.486+0000] {dagbag.py:588} INFO - Filling up the DagBag from /home/airflow/.local/lib/python3.12/site-packages/airflow/example_dags/tutorial.py
[2025-05-20T16:30:28.493+0000] {processor.py:925} INFO - DAG(s) 'tutorial' retrieved from /home/airflow/.local/lib/python3.12/site-packages/airflow/example_dags/tutorial.py
[2025-05-20T16:30:28.514+0000] {logging_mixin.py:190} INFO - [2025-05-20T16:30:28.514+0000] {dag.py:3239} INFO - Sync 1 DAGs
[2025-05-20T16:30:28.541+0000] {logging_mixin.py:190} INFO - [2025-05-20T16:30:28.540+0000] {dag.py:4180} INFO - Setting next_dagrun for tutorial to 2025-05-19 00:00:00+00:00, run_after=2025-05-20 00:00:00+00:00
[2025-05-20T16:30:28.562+0000] {processor.py:208} INFO - Processing /home/airflow/.local/lib/python3.12/site-packages/airflow/example_dags/tutorial.py took 0.084 seconds
[2025-05-20T16:30:59.206+0000] {processor.py:186} INFO - Started process (PID=212) to work on /home/airflow/.local/lib/python3.12/site-packages/airflow/example_dags/tutorial.py
[2025-05-20T16:30:59.208+0000] {processor.py:914} INFO - Processing file /home/airflow/.local/lib/python3.12/site-packages/airflow/example_dags/tutorial.py for tasks to queue
[2025-05-20T16:30:59.210+0000] {logging_mixin.py:190} INFO - [2025-05-20T16:30:59.210+0000] {dagbag.py:588} INFO - Filling up the DagBag from /home/airflow/.local/lib/python3.12/site-packages/airflow/example_dags/tutorial.py
[2025-05-20T16:30:59.221+0000] {processor.py:925} INFO - DAG(s) 'tutorial' retrieved from /home/airflow/.local/lib/python3.12/site-packages/airflow/example_dags/tutorial.py
[2025-05-20T16:30:59.243+0000] {logging_mixin.py:190} INFO - [2025-05-20T16:30:59.243+0000] {dag.py:3239} INFO - Sync 1 DAGs
[2025-05-20T16:30:59.269+0000] {logging_mixin.py:190} INFO - [2025-05-20T16:30:59.269+0000] {dag.py:4180} INFO - Setting next_dagrun for tutorial to 2025-05-19 00:00:00+00:00, run_after=2025-05-20 00:00:00+00:00
[2025-05-20T16:30:59.289+0000] {processor.py:208} INFO - Processing /home/airflow/.local/lib/python3.12/site-packages/airflow/example_dags/tutorial.py took 0.088 seconds
[2025-05-20T16:31:29.415+0000] {processor.py:186} INFO - Started process (PID=276) to work on /home/airflow/.local/lib/python3.12/site-packages/airflow/example_dags/tutorial.py
[2025-05-20T16:31:29.416+0000] {processor.py:914} INFO - Processing file /home/airflow/.local/lib/python3.12/site-packages/airflow/example_dags/tutorial.py for tasks to queue
[2025-05-20T16:31:29.417+0000] {logging_mixin.py:190} INFO - [2025-05-20T16:31:29.417+0000] {dagbag.py:588} INFO - Filling up the DagBag from /home/airflow/.local/lib/python3.12/site-packages/airflow/example_dags/tutorial.py
[2025-05-20T16:31:29.425+0000] {processor.py:925} INFO - DAG(s) 'tutorial' retrieved from /home/airflow/.local/lib/python3.12/site-packages/airflow/example_dags/tutorial.py
[2025-05-20T16:31:29.443+0000] {logging_mixin.py:190} INFO - [2025-05-20T16:31:29.443+0000] {dag.py:3239} INFO - Sync 1 DAGs
[2025-05-20T16:31:29.464+0000] {logging_mixin.py:190} INFO - [2025-05-20T16:31:29.464+0000] {dag.py:4180} INFO - Setting next_dagrun for tutorial to 2025-05-19 00:00:00+00:00, run_after=2025-05-20 00:00:00+00:00
[2025-05-20T16:31:29.481+0000] {processor.py:208} INFO - Processing /home/airflow/.local/lib/python3.12/site-packages/airflow/example_dags/tutorial.py took 0.072 seconds
[2025-05-20T16:31:59.703+0000] {processor.py:186} INFO - Started process (PID=338) to work on /home/airflow/.local/lib/python3.12/site-packages/airflow/example_dags/tutorial.py
[2025-05-20T16:31:59.704+0000] {processor.py:914} INFO - Processing file /home/airflow/.local/lib/python3.12/site-packages/airflow/example_dags/tutorial.py for tasks to queue
[2025-05-20T16:31:59.707+0000] {logging_mixin.py:190} INFO - [2025-05-20T16:31:59.707+0000] {dagbag.py:588} INFO - Filling up the DagBag from /home/airflow/.local/lib/python3.12/site-packages/airflow/example_dags/tutorial.py
[2025-05-20T16:31:59.716+0000] {processor.py:925} INFO - DAG(s) 'tutorial' retrieved from /home/airflow/.local/lib/python3.12/site-packages/airflow/example_dags/tutorial.py
[2025-05-20T16:31:59.741+0000] {logging_mixin.py:190} INFO - [2025-05-20T16:31:59.740+0000] {dag.py:3239} INFO - Sync 1 DAGs
[2025-05-20T16:31:59.769+0000] {logging_mixin.py:190} INFO - [2025-05-20T16:31:59.768+0000] {dag.py:4180} INFO - Setting next_dagrun for tutorial to 2025-05-19 00:00:00+00:00, run_after=2025-05-20 00:00:00+00:00
[2025-05-20T16:31:59.791+0000] {processor.py:208} INFO - Processing /home/airflow/.local/lib/python3.12/site-packages/airflow/example_dags/tutorial.py took 0.095 seconds
[2025-05-20T16:32:29.981+0000] {processor.py:186} INFO - Started process (PID=401) to work on /home/airflow/.local/lib/python3.12/site-packages/airflow/example_dags/tutorial.py
[2025-05-20T16:32:29.983+0000] {processor.py:914} INFO - Processing file /home/airflow/.local/lib/python3.12/site-packages/airflow/example_dags/tutorial.py for tasks to queue
[2025-05-20T16:32:29.989+0000] {logging_mixin.py:190} INFO - [2025-05-20T16:32:29.988+0000] {dagbag.py:588} INFO - Filling up the DagBag from /home/airflow/.local/lib/python3.12/site-packages/airflow/example_dags/tutorial.py
[2025-05-20T16:32:30.008+0000] {processor.py:925} INFO - DAG(s) 'tutorial' retrieved from /home/airflow/.local/lib/python3.12/site-packages/airflow/example_dags/tutorial.py
[2025-05-20T16:32:30.051+0000] {logging_mixin.py:190} INFO - [2025-05-20T16:32:30.051+0000] {dag.py:3239} INFO - Sync 1 DAGs
[2025-05-20T16:32:30.106+0000] {logging_mixin.py:190} INFO - [2025-05-20T16:32:30.105+0000] {dag.py:4180} INFO - Setting next_dagrun for tutorial to 2025-05-19 00:00:00+00:00, run_after=2025-05-20 00:00:00+00:00
[2025-05-20T16:32:30.141+0000] {processor.py:208} INFO - Processing /home/airflow/.local/lib/python3.12/site-packages/airflow/example_dags/tutorial.py took 0.173 seconds
[2025-05-20T16:33:00.312+0000] {processor.py:186} INFO - Started process (PID=464) to work on /home/airflow/.local/lib/python3.12/site-packages/airflow/example_dags/tutorial.py
[2025-05-20T16:33:00.313+0000] {processor.py:914} INFO - Processing file /home/airflow/.local/lib/python3.12/site-packages/airflow/example_dags/tutorial.py for tasks to queue
[2025-05-20T16:33:00.315+0000] {logging_mixin.py:190} INFO - [2025-05-20T16:33:00.315+0000] {dagbag.py:588} INFO - Filling up the DagBag from /home/airflow/.local/lib/python3.12/site-packages/airflow/example_dags/tutorial.py
[2025-05-20T16:33:00.325+0000] {processor.py:925} INFO - DAG(s) 'tutorial' retrieved from /home/airflow/.local/lib/python3.12/site-packages/airflow/example_dags/tutorial.py
[2025-05-20T16:33:00.349+0000] {logging_mixin.py:190} INFO - [2025-05-20T16:33:00.349+0000] {dag.py:3239} INFO - Sync 1 DAGs
[2025-05-20T16:33:00.376+0000] {logging_mixin.py:190} INFO - [2025-05-20T16:33:00.376+0000] {dag.py:4180} INFO - Setting next_dagrun for tutorial to 2025-05-19 00:00:00+00:00, run_after=2025-05-20 00:00:00+00:00
[2025-05-20T16:33:00.396+0000] {processor.py:208} INFO - Processing /home/airflow/.local/lib/python3.12/site-packages/airflow/example_dags/tutorial.py took 0.091 seconds
[2025-05-20T16:33:30.910+0000] {processor.py:186} INFO - Started process (PID=527) to work on /home/airflow/.local/lib/python3.12/site-packages/airflow/example_dags/tutorial.py
[2025-05-20T16:33:30.911+0000] {processor.py:914} INFO - Processing file /home/airflow/.local/lib/python3.12/site-packages/airflow/example_dags/tutorial.py for tasks to queue
[2025-05-20T16:33:30.913+0000] {logging_mixin.py:190} INFO - [2025-05-20T16:33:30.913+0000] {dagbag.py:588} INFO - Filling up the DagBag from /home/airflow/.local/lib/python3.12/site-packages/airflow/example_dags/tutorial.py
[2025-05-20T16:33:30.921+0000] {processor.py:925} INFO - DAG(s) 'tutorial' retrieved from /home/airflow/.local/lib/python3.12/site-packages/airflow/example_dags/tutorial.py
[2025-05-20T16:33:30.940+0000] {logging_mixin.py:190} INFO - [2025-05-20T16:33:30.940+0000] {dag.py:3239} INFO - Sync 1 DAGs
[2025-05-20T16:33:30.964+0000] {logging_mixin.py:190} INFO - [2025-05-20T16:33:30.963+0000] {dag.py:4180} INFO - Setting next_dagrun for tutorial to 2025-05-19 00:00:00+00:00, run_after=2025-05-20 00:00:00+00:00
[2025-05-20T16:33:30.983+0000] {processor.py:208} INFO - Processing /home/airflow/.local/lib/python3.12/site-packages/airflow/example_dags/tutorial.py took 0.078 seconds
[2025-05-20T16:34:01.127+0000] {processor.py:186} INFO - Started process (PID=590) to work on /home/airflow/.local/lib/python3.12/site-packages/airflow/example_dags/tutorial.py
[2025-05-20T16:34:01.128+0000] {processor.py:914} INFO - Processing file /home/airflow/.local/lib/python3.12/site-packages/airflow/example_dags/tutorial.py for tasks to queue
[2025-05-20T16:34:01.130+0000] {logging_mixin.py:190} INFO - [2025-05-20T16:34:01.130+0000] {dagbag.py:588} INFO - Filling up the DagBag from /home/airflow/.local/lib/python3.12/site-packages/airflow/example_dags/tutorial.py
[2025-05-20T16:34:01.137+0000] {processor.py:925} INFO - DAG(s) 'tutorial' retrieved from /home/airflow/.local/lib/python3.12/site-packages/airflow/example_dags/tutorial.py
[2025-05-20T16:34:01.156+0000] {logging_mixin.py:190} INFO - [2025-05-20T16:34:01.156+0000] {dag.py:3239} INFO - Sync 1 DAGs
[2025-05-20T16:34:01.177+0000] {logging_mixin.py:190} INFO - [2025-05-20T16:34:01.177+0000] {dag.py:4180} INFO - Setting next_dagrun for tutorial to 2025-05-19 00:00:00+00:00, run_after=2025-05-20 00:00:00+00:00
[2025-05-20T16:34:01.193+0000] {processor.py:208} INFO - Processing /home/airflow/.local/lib/python3.12/site-packages/airflow/example_dags/tutorial.py took 0.072 seconds
[2025-05-20T16:34:31.873+0000] {processor.py:186} INFO - Started process (PID=653) to work on /home/airflow/.local/lib/python3.12/site-packages/airflow/example_dags/tutorial.py
[2025-05-20T16:34:31.874+0000] {processor.py:914} INFO - Processing file /home/airflow/.local/lib/python3.12/site-packages/airflow/example_dags/tutorial.py for tasks to queue
[2025-05-20T16:34:31.876+0000] {logging_mixin.py:190} INFO - [2025-05-20T16:34:31.876+0000] {dagbag.py:588} INFO - Filling up the DagBag from /home/airflow/.local/lib/python3.12/site-packages/airflow/example_dags/tutorial.py
[2025-05-20T16:34:31.884+0000] {processor.py:925} INFO - DAG(s) 'tutorial' retrieved from /home/airflow/.local/lib/python3.12/site-packages/airflow/example_dags/tutorial.py
[2025-05-20T16:34:31.903+0000] {logging_mixin.py:190} INFO - [2025-05-20T16:34:31.903+0000] {dag.py:3239} INFO - Sync 1 DAGs
[2025-05-20T16:34:31.926+0000] {logging_mixin.py:190} INFO - [2025-05-20T16:34:31.926+0000] {dag.py:4180} INFO - Setting next_dagrun for tutorial to 2025-05-19 00:00:00+00:00, run_after=2025-05-20 00:00:00+00:00
[2025-05-20T16:34:31.945+0000] {processor.py:208} INFO - Processing /home/airflow/.local/lib/python3.12/site-packages/airflow/example_dags/tutorial.py took 0.077 seconds
[2025-05-20T16:35:02.271+0000] {processor.py:186} INFO - Started process (PID=716) to work on /home/airflow/.local/lib/python3.12/site-packages/airflow/example_dags/tutorial.py
[2025-05-20T16:35:02.272+0000] {processor.py:914} INFO - Processing file /home/airflow/.local/lib/python3.12/site-packages/airflow/example_dags/tutorial.py for tasks to queue
[2025-05-20T16:35:02.274+0000] {logging_mixin.py:190} INFO - [2025-05-20T16:35:02.274+0000] {dagbag.py:588} INFO - Filling up the DagBag from /home/airflow/.local/lib/python3.12/site-packages/airflow/example_dags/tutorial.py
[2025-05-20T16:35:02.282+0000] {processor.py:925} INFO - DAG(s) 'tutorial' retrieved from /home/airflow/.local/lib/python3.12/site-packages/airflow/example_dags/tutorial.py
[2025-05-20T16:35:02.301+0000] {logging_mixin.py:190} INFO - [2025-05-20T16:35:02.300+0000] {dag.py:3239} INFO - Sync 1 DAGs
[2025-05-20T16:35:02.322+0000] {logging_mixin.py:190} INFO - [2025-05-20T16:35:02.321+0000] {dag.py:4180} INFO - Setting next_dagrun for tutorial to 2025-05-19 00:00:00+00:00, run_after=2025-05-20 00:00:00+00:00
[2025-05-20T16:35:02.340+0000] {processor.py:208} INFO - Processing /home/airflow/.local/lib/python3.12/site-packages/airflow/example_dags/tutorial.py took 0.073 seconds
[2025-05-20T16:35:32.727+0000] {processor.py:186} INFO - Started process (PID=779) to work on /home/airflow/.local/lib/python3.12/site-packages/airflow/example_dags/tutorial.py
[2025-05-20T16:35:32.728+0000] {processor.py:914} INFO - Processing file /home/airflow/.local/lib/python3.12/site-packages/airflow/example_dags/tutorial.py for tasks to queue
[2025-05-20T16:35:32.730+0000] {logging_mixin.py:190} INFO - [2025-05-20T16:35:32.730+0000] {dagbag.py:588} INFO - Filling up the DagBag from /home/airflow/.local/lib/python3.12/site-packages/airflow/example_dags/tutorial.py
[2025-05-20T16:35:32.738+0000] {processor.py:925} INFO - DAG(s) 'tutorial' retrieved from /home/airflow/.local/lib/python3.12/site-packages/airflow/example_dags/tutorial.py
[2025-05-20T16:35:32.757+0000] {logging_mixin.py:190} INFO - [2025-05-20T16:35:32.757+0000] {dag.py:3239} INFO - Sync 1 DAGs
[2025-05-20T16:35:32.778+0000] {logging_mixin.py:190} INFO - [2025-05-20T16:35:32.777+0000] {dag.py:4180} INFO - Setting next_dagrun for tutorial to 2025-05-19 00:00:00+00:00, run_after=2025-05-20 00:00:00+00:00
[2025-05-20T16:35:32.794+0000] {processor.py:208} INFO - Processing /home/airflow/.local/lib/python3.12/site-packages/airflow/example_dags/tutorial.py took 0.072 seconds
[2025-05-20T16:36:03.674+0000] {processor.py:186} INFO - Started process (PID=842) to work on /home/airflow/.local/lib/python3.12/site-packages/airflow/example_dags/tutorial.py
[2025-05-20T16:36:03.675+0000] {processor.py:914} INFO - Processing file /home/airflow/.local/lib/python3.12/site-packages/airflow/example_dags/tutorial.py for tasks to queue
[2025-05-20T16:36:03.677+0000] {logging_mixin.py:190} INFO - [2025-05-20T16:36:03.676+0000] {dagbag.py:588} INFO - Filling up the DagBag from /home/airflow/.local/lib/python3.12/site-packages/airflow/example_dags/tutorial.py
[2025-05-20T16:36:03.685+0000] {processor.py:925} INFO - DAG(s) 'tutorial' retrieved from /home/airflow/.local/lib/python3.12/site-packages/airflow/example_dags/tutorial.py
[2025-05-20T16:36:03.705+0000] {logging_mixin.py:190} INFO - [2025-05-20T16:36:03.705+0000] {dag.py:3239} INFO - Sync 1 DAGs
[2025-05-20T16:36:03.727+0000] {logging_mixin.py:190} INFO - [2025-05-20T16:36:03.727+0000] {dag.py:4180} INFO - Setting next_dagrun for tutorial to 2025-05-19 00:00:00+00:00, run_after=2025-05-20 00:00:00+00:00
[2025-05-20T16:36:03.745+0000] {processor.py:208} INFO - Processing /home/airflow/.local/lib/python3.12/site-packages/airflow/example_dags/tutorial.py took 0.077 seconds
[2025-05-20T16:36:33.958+0000] {processor.py:186} INFO - Started process (PID=905) to work on /home/airflow/.local/lib/python3.12/site-packages/airflow/example_dags/tutorial.py
[2025-05-20T16:36:33.960+0000] {processor.py:914} INFO - Processing file /home/airflow/.local/lib/python3.12/site-packages/airflow/example_dags/tutorial.py for tasks to queue
[2025-05-20T16:36:33.963+0000] {logging_mixin.py:190} INFO - [2025-05-20T16:36:33.962+0000] {dagbag.py:588} INFO - Filling up the DagBag from /home/airflow/.local/lib/python3.12/site-packages/airflow/example_dags/tutorial.py
[2025-05-20T16:36:33.973+0000] {processor.py:925} INFO - DAG(s) 'tutorial' retrieved from /home/airflow/.local/lib/python3.12/site-packages/airflow/example_dags/tutorial.py
[2025-05-20T16:36:34.002+0000] {logging_mixin.py:190} INFO - [2025-05-20T16:36:34.002+0000] {dag.py:3239} INFO - Sync 1 DAGs
[2025-05-20T16:36:34.036+0000] {logging_mixin.py:190} INFO - [2025-05-20T16:36:34.035+0000] {dag.py:4180} INFO - Setting next_dagrun for tutorial to 2025-05-19 00:00:00+00:00, run_after=2025-05-20 00:00:00+00:00
[2025-05-20T16:36:34.061+0000] {processor.py:208} INFO - Processing /home/airflow/.local/lib/python3.12/site-packages/airflow/example_dags/tutorial.py took 0.110 seconds
[2025-05-20T16:37:04.815+0000] {processor.py:186} INFO - Started process (PID=968) to work on /home/airflow/.local/lib/python3.12/site-packages/airflow/example_dags/tutorial.py
[2025-05-20T16:37:04.817+0000] {processor.py:914} INFO - Processing file /home/airflow/.local/lib/python3.12/site-packages/airflow/example_dags/tutorial.py for tasks to queue
[2025-05-20T16:37:04.820+0000] {logging_mixin.py:190} INFO - [2025-05-20T16:37:04.820+0000] {dagbag.py:588} INFO - Filling up the DagBag from /home/airflow/.local/lib/python3.12/site-packages/airflow/example_dags/tutorial.py
[2025-05-20T16:37:04.830+0000] {processor.py:925} INFO - DAG(s) 'tutorial' retrieved from /home/airflow/.local/lib/python3.12/site-packages/airflow/example_dags/tutorial.py
[2025-05-20T16:37:04.864+0000] {logging_mixin.py:190} INFO - [2025-05-20T16:37:04.863+0000] {dag.py:3239} INFO - Sync 1 DAGs
[2025-05-20T16:37:04.914+0000] {logging_mixin.py:190} INFO - [2025-05-20T16:37:04.913+0000] {dag.py:4180} INFO - Setting next_dagrun for tutorial to 2025-05-19 00:00:00+00:00, run_after=2025-05-20 00:00:00+00:00
[2025-05-20T16:37:04.960+0000] {processor.py:208} INFO - Processing /home/airflow/.local/lib/python3.12/site-packages/airflow/example_dags/tutorial.py took 0.152 seconds
[2025-05-20T16:37:35.138+0000] {processor.py:186} INFO - Started process (PID=1031) to work on /home/airflow/.local/lib/python3.12/site-packages/airflow/example_dags/tutorial.py
[2025-05-20T16:37:35.138+0000] {processor.py:914} INFO - Processing file /home/airflow/.local/lib/python3.12/site-packages/airflow/example_dags/tutorial.py for tasks to queue
[2025-05-20T16:37:35.140+0000] {logging_mixin.py:190} INFO - [2025-05-20T16:37:35.140+0000] {dagbag.py:588} INFO - Filling up the DagBag from /home/airflow/.local/lib/python3.12/site-packages/airflow/example_dags/tutorial.py
[2025-05-20T16:37:35.148+0000] {processor.py:925} INFO - DAG(s) 'tutorial' retrieved from /home/airflow/.local/lib/python3.12/site-packages/airflow/example_dags/tutorial.py
[2025-05-20T16:37:35.167+0000] {logging_mixin.py:190} INFO - [2025-05-20T16:37:35.167+0000] {dag.py:3239} INFO - Sync 1 DAGs
[2025-05-20T16:37:35.188+0000] {logging_mixin.py:190} INFO - [2025-05-20T16:37:35.188+0000] {dag.py:4180} INFO - Setting next_dagrun for tutorial to 2025-05-19 00:00:00+00:00, run_after=2025-05-20 00:00:00+00:00
[2025-05-20T16:37:35.204+0000] {processor.py:208} INFO - Processing /home/airflow/.local/lib/python3.12/site-packages/airflow/example_dags/tutorial.py took 0.072 seconds
[2025-05-20T17:10:25.283+0000] {processor.py:186} INFO - Started process (PID=1093) to work on /home/airflow/.local/lib/python3.12/site-packages/airflow/example_dags/tutorial.py
[2025-05-20T17:10:25.284+0000] {processor.py:914} INFO - Processing file /home/airflow/.local/lib/python3.12/site-packages/airflow/example_dags/tutorial.py for tasks to queue
[2025-05-20T17:10:25.286+0000] {logging_mixin.py:190} INFO - [2025-05-20T17:10:25.286+0000] {dagbag.py:588} INFO - Filling up the DagBag from /home/airflow/.local/lib/python3.12/site-packages/airflow/example_dags/tutorial.py
[2025-05-20T17:10:25.295+0000] {processor.py:925} INFO - DAG(s) 'tutorial' retrieved from /home/airflow/.local/lib/python3.12/site-packages/airflow/example_dags/tutorial.py
[2025-05-20T17:10:25.317+0000] {logging_mixin.py:190} INFO - [2025-05-20T17:10:25.317+0000] {dag.py:3239} INFO - Sync 1 DAGs
[2025-05-20T17:10:25.341+0000] {logging_mixin.py:190} INFO - [2025-05-20T17:10:25.341+0000] {dag.py:4180} INFO - Setting next_dagrun for tutorial to 2025-05-19 00:00:00+00:00, run_after=2025-05-20 00:00:00+00:00
[2025-05-20T17:10:25.358+0000] {processor.py:208} INFO - Processing /home/airflow/.local/lib/python3.12/site-packages/airflow/example_dags/tutorial.py took 0.082 seconds
[2025-05-20T17:10:55.626+0000] {processor.py:186} INFO - Started process (PID=1155) to work on /home/airflow/.local/lib/python3.12/site-packages/airflow/example_dags/tutorial.py
[2025-05-20T17:10:55.627+0000] {processor.py:914} INFO - Processing file /home/airflow/.local/lib/python3.12/site-packages/airflow/example_dags/tutorial.py for tasks to queue
[2025-05-20T17:10:55.630+0000] {logging_mixin.py:190} INFO - [2025-05-20T17:10:55.629+0000] {dagbag.py:588} INFO - Filling up the DagBag from /home/airflow/.local/lib/python3.12/site-packages/airflow/example_dags/tutorial.py
[2025-05-20T17:10:55.638+0000] {processor.py:925} INFO - DAG(s) 'tutorial' retrieved from /home/airflow/.local/lib/python3.12/site-packages/airflow/example_dags/tutorial.py
[2025-05-20T17:10:55.656+0000] {logging_mixin.py:190} INFO - [2025-05-20T17:10:55.656+0000] {dag.py:3239} INFO - Sync 1 DAGs
[2025-05-20T17:10:55.678+0000] {logging_mixin.py:190} INFO - [2025-05-20T17:10:55.678+0000] {dag.py:4180} INFO - Setting next_dagrun for tutorial to 2025-05-19 00:00:00+00:00, run_after=2025-05-20 00:00:00+00:00
[2025-05-20T17:10:55.696+0000] {processor.py:208} INFO - Processing /home/airflow/.local/lib/python3.12/site-packages/airflow/example_dags/tutorial.py took 0.077 seconds
[2025-05-20T17:11:26.606+0000] {processor.py:186} INFO - Started process (PID=1218) to work on /home/airflow/.local/lib/python3.12/site-packages/airflow/example_dags/tutorial.py
[2025-05-20T17:11:26.607+0000] {processor.py:914} INFO - Processing file /home/airflow/.local/lib/python3.12/site-packages/airflow/example_dags/tutorial.py for tasks to queue
[2025-05-20T17:11:26.609+0000] {logging_mixin.py:190} INFO - [2025-05-20T17:11:26.609+0000] {dagbag.py:588} INFO - Filling up the DagBag from /home/airflow/.local/lib/python3.12/site-packages/airflow/example_dags/tutorial.py
[2025-05-20T17:11:26.617+0000] {processor.py:925} INFO - DAG(s) 'tutorial' retrieved from /home/airflow/.local/lib/python3.12/site-packages/airflow/example_dags/tutorial.py
[2025-05-20T17:11:26.636+0000] {logging_mixin.py:190} INFO - [2025-05-20T17:11:26.636+0000] {dag.py:3239} INFO - Sync 1 DAGs
[2025-05-20T17:11:26.661+0000] {logging_mixin.py:190} INFO - [2025-05-20T17:11:26.661+0000] {dag.py:4180} INFO - Setting next_dagrun for tutorial to 2025-05-19 00:00:00+00:00, run_after=2025-05-20 00:00:00+00:00
[2025-05-20T17:11:26.678+0000] {processor.py:208} INFO - Processing /home/airflow/.local/lib/python3.12/site-packages/airflow/example_dags/tutorial.py took 0.077 seconds
[2025-05-20T17:11:56.809+0000] {processor.py:186} INFO - Started process (PID=1281) to work on /home/airflow/.local/lib/python3.12/site-packages/airflow/example_dags/tutorial.py
[2025-05-20T17:11:56.810+0000] {processor.py:914} INFO - Processing file /home/airflow/.local/lib/python3.12/site-packages/airflow/example_dags/tutorial.py for tasks to queue
[2025-05-20T17:11:56.812+0000] {logging_mixin.py:190} INFO - [2025-05-20T17:11:56.812+0000] {dagbag.py:588} INFO - Filling up the DagBag from /home/airflow/.local/lib/python3.12/site-packages/airflow/example_dags/tutorial.py
[2025-05-20T17:11:56.820+0000] {processor.py:925} INFO - DAG(s) 'tutorial' retrieved from /home/airflow/.local/lib/python3.12/site-packages/airflow/example_dags/tutorial.py
[2025-05-20T17:11:56.840+0000] {logging_mixin.py:190} INFO - [2025-05-20T17:11:56.840+0000] {dag.py:3239} INFO - Sync 1 DAGs
[2025-05-20T17:11:56.861+0000] {logging_mixin.py:190} INFO - [2025-05-20T17:11:56.861+0000] {dag.py:4180} INFO - Setting next_dagrun for tutorial to 2025-05-19 00:00:00+00:00, run_after=2025-05-20 00:00:00+00:00
[2025-05-20T17:11:56.878+0000] {processor.py:208} INFO - Processing /home/airflow/.local/lib/python3.12/site-packages/airflow/example_dags/tutorial.py took 0.073 seconds
[2025-05-20T17:12:27.049+0000] {processor.py:186} INFO - Started process (PID=1344) to work on /home/airflow/.local/lib/python3.12/site-packages/airflow/example_dags/tutorial.py
[2025-05-20T17:12:27.050+0000] {processor.py:914} INFO - Processing file /home/airflow/.local/lib/python3.12/site-packages/airflow/example_dags/tutorial.py for tasks to queue
[2025-05-20T17:12:27.052+0000] {logging_mixin.py:190} INFO - [2025-05-20T17:12:27.052+0000] {dagbag.py:588} INFO - Filling up the DagBag from /home/airflow/.local/lib/python3.12/site-packages/airflow/example_dags/tutorial.py
[2025-05-20T17:12:27.059+0000] {processor.py:925} INFO - DAG(s) 'tutorial' retrieved from /home/airflow/.local/lib/python3.12/site-packages/airflow/example_dags/tutorial.py
[2025-05-20T17:12:27.078+0000] {logging_mixin.py:190} INFO - [2025-05-20T17:12:27.078+0000] {dag.py:3239} INFO - Sync 1 DAGs
[2025-05-20T17:12:27.100+0000] {logging_mixin.py:190} INFO - [2025-05-20T17:12:27.099+0000] {dag.py:4180} INFO - Setting next_dagrun for tutorial to 2025-05-19 00:00:00+00:00, run_after=2025-05-20 00:00:00+00:00
[2025-05-20T17:12:27.117+0000] {processor.py:208} INFO - Processing /home/airflow/.local/lib/python3.12/site-packages/airflow/example_dags/tutorial.py took 0.073 seconds
[2025-05-20T17:12:57.957+0000] {processor.py:186} INFO - Started process (PID=1407) to work on /home/airflow/.local/lib/python3.12/site-packages/airflow/example_dags/tutorial.py
[2025-05-20T17:12:57.958+0000] {processor.py:914} INFO - Processing file /home/airflow/.local/lib/python3.12/site-packages/airflow/example_dags/tutorial.py for tasks to queue
[2025-05-20T17:12:57.960+0000] {logging_mixin.py:190} INFO - [2025-05-20T17:12:57.960+0000] {dagbag.py:588} INFO - Filling up the DagBag from /home/airflow/.local/lib/python3.12/site-packages/airflow/example_dags/tutorial.py
[2025-05-20T17:12:57.968+0000] {processor.py:925} INFO - DAG(s) 'tutorial' retrieved from /home/airflow/.local/lib/python3.12/site-packages/airflow/example_dags/tutorial.py
[2025-05-20T17:12:57.986+0000] {logging_mixin.py:190} INFO - [2025-05-20T17:12:57.986+0000] {dag.py:3239} INFO - Sync 1 DAGs
[2025-05-20T17:12:58.007+0000] {logging_mixin.py:190} INFO - [2025-05-20T17:12:58.007+0000] {dag.py:4180} INFO - Setting next_dagrun for tutorial to 2025-05-19 00:00:00+00:00, run_after=2025-05-20 00:00:00+00:00
[2025-05-20T17:12:58.025+0000] {processor.py:208} INFO - Processing /home/airflow/.local/lib/python3.12/site-packages/airflow/example_dags/tutorial.py took 0.074 seconds
[2025-05-20T17:13:28.315+0000] {processor.py:186} INFO - Started process (PID=1470) to work on /home/airflow/.local/lib/python3.12/site-packages/airflow/example_dags/tutorial.py
[2025-05-20T17:13:28.316+0000] {processor.py:914} INFO - Processing file /home/airflow/.local/lib/python3.12/site-packages/airflow/example_dags/tutorial.py for tasks to queue
[2025-05-20T17:13:28.319+0000] {logging_mixin.py:190} INFO - [2025-05-20T17:13:28.318+0000] {dagbag.py:588} INFO - Filling up the DagBag from /home/airflow/.local/lib/python3.12/site-packages/airflow/example_dags/tutorial.py
[2025-05-20T17:13:28.330+0000] {processor.py:925} INFO - DAG(s) 'tutorial' retrieved from /home/airflow/.local/lib/python3.12/site-packages/airflow/example_dags/tutorial.py
[2025-05-20T17:13:28.357+0000] {logging_mixin.py:190} INFO - [2025-05-20T17:13:28.356+0000] {dag.py:3239} INFO - Sync 1 DAGs
[2025-05-20T17:13:28.387+0000] {logging_mixin.py:190} INFO - [2025-05-20T17:13:28.387+0000] {dag.py:4180} INFO - Setting next_dagrun for tutorial to 2025-05-19 00:00:00+00:00, run_after=2025-05-20 00:00:00+00:00
[2025-05-20T17:13:28.411+0000] {processor.py:208} INFO - Processing /home/airflow/.local/lib/python3.12/site-packages/airflow/example_dags/tutorial.py took 0.102 seconds
[2025-05-20T17:13:58.535+0000] {processor.py:186} INFO - Started process (PID=1533) to work on /home/airflow/.local/lib/python3.12/site-packages/airflow/example_dags/tutorial.py
[2025-05-20T17:13:58.536+0000] {processor.py:914} INFO - Processing file /home/airflow/.local/lib/python3.12/site-packages/airflow/example_dags/tutorial.py for tasks to queue
[2025-05-20T17:13:58.538+0000] {logging_mixin.py:190} INFO - [2025-05-20T17:13:58.538+0000] {dagbag.py:588} INFO - Filling up the DagBag from /home/airflow/.local/lib/python3.12/site-packages/airflow/example_dags/tutorial.py
[2025-05-20T17:13:58.546+0000] {processor.py:925} INFO - DAG(s) 'tutorial' retrieved from /home/airflow/.local/lib/python3.12/site-packages/airflow/example_dags/tutorial.py
[2025-05-20T17:13:58.566+0000] {logging_mixin.py:190} INFO - [2025-05-20T17:13:58.565+0000] {dag.py:3239} INFO - Sync 1 DAGs
[2025-05-20T17:13:58.587+0000] {logging_mixin.py:190} INFO - [2025-05-20T17:13:58.587+0000] {dag.py:4180} INFO - Setting next_dagrun for tutorial to 2025-05-19 00:00:00+00:00, run_after=2025-05-20 00:00:00+00:00
[2025-05-20T17:13:58.605+0000] {processor.py:208} INFO - Processing /home/airflow/.local/lib/python3.12/site-packages/airflow/example_dags/tutorial.py took 0.075 seconds
[2025-05-20T17:14:29.214+0000] {processor.py:186} INFO - Started process (PID=1596) to work on /home/airflow/.local/lib/python3.12/site-packages/airflow/example_dags/tutorial.py
[2025-05-20T17:14:29.216+0000] {processor.py:914} INFO - Processing file /home/airflow/.local/lib/python3.12/site-packages/airflow/example_dags/tutorial.py for tasks to queue
[2025-05-20T17:14:29.218+0000] {logging_mixin.py:190} INFO - [2025-05-20T17:14:29.218+0000] {dagbag.py:588} INFO - Filling up the DagBag from /home/airflow/.local/lib/python3.12/site-packages/airflow/example_dags/tutorial.py
[2025-05-20T17:14:29.225+0000] {processor.py:925} INFO - DAG(s) 'tutorial' retrieved from /home/airflow/.local/lib/python3.12/site-packages/airflow/example_dags/tutorial.py
[2025-05-20T17:14:29.245+0000] {logging_mixin.py:190} INFO - [2025-05-20T17:14:29.244+0000] {dag.py:3239} INFO - Sync 1 DAGs
[2025-05-20T17:14:29.266+0000] {logging_mixin.py:190} INFO - [2025-05-20T17:14:29.266+0000] {dag.py:4180} INFO - Setting next_dagrun for tutorial to 2025-05-19 00:00:00+00:00, run_after=2025-05-20 00:00:00+00:00
[2025-05-20T17:14:29.283+0000] {processor.py:208} INFO - Processing /home/airflow/.local/lib/python3.12/site-packages/airflow/example_dags/tutorial.py took 0.078 seconds
[2025-05-20T17:14:59.417+0000] {processor.py:186} INFO - Started process (PID=1659) to work on /home/airflow/.local/lib/python3.12/site-packages/airflow/example_dags/tutorial.py
[2025-05-20T17:14:59.418+0000] {processor.py:914} INFO - Processing file /home/airflow/.local/lib/python3.12/site-packages/airflow/example_dags/tutorial.py for tasks to queue
[2025-05-20T17:14:59.421+0000] {logging_mixin.py:190} INFO - [2025-05-20T17:14:59.420+0000] {dagbag.py:588} INFO - Filling up the DagBag from /home/airflow/.local/lib/python3.12/site-packages/airflow/example_dags/tutorial.py
[2025-05-20T17:14:59.428+0000] {processor.py:925} INFO - DAG(s) 'tutorial' retrieved from /home/airflow/.local/lib/python3.12/site-packages/airflow/example_dags/tutorial.py
[2025-05-20T17:14:59.448+0000] {logging_mixin.py:190} INFO - [2025-05-20T17:14:59.448+0000] {dag.py:3239} INFO - Sync 1 DAGs
[2025-05-20T17:14:59.471+0000] {logging_mixin.py:190} INFO - [2025-05-20T17:14:59.470+0000] {dag.py:4180} INFO - Setting next_dagrun for tutorial to 2025-05-19 00:00:00+00:00, run_after=2025-05-20 00:00:00+00:00
[2025-05-20T17:14:59.487+0000] {processor.py:208} INFO - Processing /home/airflow/.local/lib/python3.12/site-packages/airflow/example_dags/tutorial.py took 0.075 seconds
[2025-05-20T17:15:30.137+0000] {processor.py:186} INFO - Started process (PID=1723) to work on /home/airflow/.local/lib/python3.12/site-packages/airflow/example_dags/tutorial.py
[2025-05-20T17:15:30.139+0000] {processor.py:914} INFO - Processing file /home/airflow/.local/lib/python3.12/site-packages/airflow/example_dags/tutorial.py for tasks to queue
[2025-05-20T17:15:30.143+0000] {logging_mixin.py:190} INFO - [2025-05-20T17:15:30.142+0000] {dagbag.py:588} INFO - Filling up the DagBag from /home/airflow/.local/lib/python3.12/site-packages/airflow/example_dags/tutorial.py
[2025-05-20T17:15:30.155+0000] {processor.py:925} INFO - DAG(s) 'tutorial' retrieved from /home/airflow/.local/lib/python3.12/site-packages/airflow/example_dags/tutorial.py
[2025-05-20T17:15:30.186+0000] {logging_mixin.py:190} INFO - [2025-05-20T17:15:30.186+0000] {dag.py:3239} INFO - Sync 1 DAGs
[2025-05-20T17:15:30.229+0000] {logging_mixin.py:190} INFO - [2025-05-20T17:15:30.229+0000] {dag.py:4180} INFO - Setting next_dagrun for tutorial to 2025-05-19 00:00:00+00:00, run_after=2025-05-20 00:00:00+00:00
[2025-05-20T17:15:30.257+0000] {processor.py:208} INFO - Processing /home/airflow/.local/lib/python3.12/site-packages/airflow/example_dags/tutorial.py took 0.130 seconds
[2025-05-20T17:16:01.460+0000] {processor.py:186} INFO - Started process (PID=1787) to work on /home/airflow/.local/lib/python3.12/site-packages/airflow/example_dags/tutorial.py
[2025-05-20T17:16:01.462+0000] {processor.py:914} INFO - Processing file /home/airflow/.local/lib/python3.12/site-packages/airflow/example_dags/tutorial.py for tasks to queue
[2025-05-20T17:16:01.472+0000] {logging_mixin.py:190} INFO - [2025-05-20T17:16:01.472+0000] {dagbag.py:588} INFO - Filling up the DagBag from /home/airflow/.local/lib/python3.12/site-packages/airflow/example_dags/tutorial.py
[2025-05-20T17:16:01.488+0000] {processor.py:925} INFO - DAG(s) 'tutorial' retrieved from /home/airflow/.local/lib/python3.12/site-packages/airflow/example_dags/tutorial.py
[2025-05-20T17:16:01.529+0000] {logging_mixin.py:190} INFO - [2025-05-20T17:16:01.528+0000] {dag.py:3239} INFO - Sync 1 DAGs
[2025-05-20T17:16:01.582+0000] {logging_mixin.py:190} INFO - [2025-05-20T17:16:01.581+0000] {dag.py:4180} INFO - Setting next_dagrun for tutorial to 2025-05-19 00:00:00+00:00, run_after=2025-05-20 00:00:00+00:00
[2025-05-20T17:16:01.673+0000] {processor.py:208} INFO - Processing /home/airflow/.local/lib/python3.12/site-packages/airflow/example_dags/tutorial.py took 0.225 seconds
[2025-05-20T17:16:32.535+0000] {processor.py:186} INFO - Started process (PID=1851) to work on /home/airflow/.local/lib/python3.12/site-packages/airflow/example_dags/tutorial.py
[2025-05-20T17:16:32.537+0000] {processor.py:914} INFO - Processing file /home/airflow/.local/lib/python3.12/site-packages/airflow/example_dags/tutorial.py for tasks to queue
[2025-05-20T17:16:32.542+0000] {logging_mixin.py:190} INFO - [2025-05-20T17:16:32.542+0000] {dagbag.py:588} INFO - Filling up the DagBag from /home/airflow/.local/lib/python3.12/site-packages/airflow/example_dags/tutorial.py
[2025-05-20T17:16:32.562+0000] {processor.py:925} INFO - DAG(s) 'tutorial' retrieved from /home/airflow/.local/lib/python3.12/site-packages/airflow/example_dags/tutorial.py
[2025-05-20T17:16:32.610+0000] {logging_mixin.py:190} INFO - [2025-05-20T17:16:32.610+0000] {dag.py:3239} INFO - Sync 1 DAGs
[2025-05-20T17:16:32.665+0000] {logging_mixin.py:190} INFO - [2025-05-20T17:16:32.665+0000] {dag.py:4180} INFO - Setting next_dagrun for tutorial to 2025-05-19 00:00:00+00:00, run_after=2025-05-20 00:00:00+00:00
[2025-05-20T17:16:32.707+0000] {processor.py:208} INFO - Processing /home/airflow/.local/lib/python3.12/site-packages/airflow/example_dags/tutorial.py took 0.183 seconds
[2025-05-20T17:17:03.458+0000] {processor.py:186} INFO - Started process (PID=1915) to work on /home/airflow/.local/lib/python3.12/site-packages/airflow/example_dags/tutorial.py
[2025-05-20T17:17:03.460+0000] {processor.py:914} INFO - Processing file /home/airflow/.local/lib/python3.12/site-packages/airflow/example_dags/tutorial.py for tasks to queue
[2025-05-20T17:17:03.465+0000] {logging_mixin.py:190} INFO - [2025-05-20T17:17:03.464+0000] {dagbag.py:588} INFO - Filling up the DagBag from /home/airflow/.local/lib/python3.12/site-packages/airflow/example_dags/tutorial.py
[2025-05-20T17:17:03.479+0000] {processor.py:925} INFO - DAG(s) 'tutorial' retrieved from /home/airflow/.local/lib/python3.12/site-packages/airflow/example_dags/tutorial.py
[2025-05-20T17:17:03.519+0000] {logging_mixin.py:190} INFO - [2025-05-20T17:17:03.519+0000] {dag.py:3239} INFO - Sync 1 DAGs
[2025-05-20T17:17:03.565+0000] {logging_mixin.py:190} INFO - [2025-05-20T17:17:03.565+0000] {dag.py:4180} INFO - Setting next_dagrun for tutorial to 2025-05-19 00:00:00+00:00, run_after=2025-05-20 00:00:00+00:00
[2025-05-20T17:17:03.601+0000] {processor.py:208} INFO - Processing /home/airflow/.local/lib/python3.12/site-packages/airflow/example_dags/tutorial.py took 0.154 seconds
[2025-05-20T17:17:34.262+0000] {processor.py:186} INFO - Started process (PID=1979) to work on /home/airflow/.local/lib/python3.12/site-packages/airflow/example_dags/tutorial.py
[2025-05-20T17:17:34.264+0000] {processor.py:914} INFO - Processing file /home/airflow/.local/lib/python3.12/site-packages/airflow/example_dags/tutorial.py for tasks to queue
[2025-05-20T17:17:34.268+0000] {logging_mixin.py:190} INFO - [2025-05-20T17:17:34.267+0000] {dagbag.py:588} INFO - Filling up the DagBag from /home/airflow/.local/lib/python3.12/site-packages/airflow/example_dags/tutorial.py
[2025-05-20T17:17:34.282+0000] {processor.py:925} INFO - DAG(s) 'tutorial' retrieved from /home/airflow/.local/lib/python3.12/site-packages/airflow/example_dags/tutorial.py
[2025-05-20T17:17:34.321+0000] {logging_mixin.py:190} INFO - [2025-05-20T17:17:34.320+0000] {dag.py:3239} INFO - Sync 1 DAGs
[2025-05-20T17:17:34.368+0000] {logging_mixin.py:190} INFO - [2025-05-20T17:17:34.367+0000] {dag.py:4180} INFO - Setting next_dagrun for tutorial to 2025-05-19 00:00:00+00:00, run_after=2025-05-20 00:00:00+00:00
[2025-05-20T17:17:34.469+0000] {processor.py:208} INFO - Processing /home/airflow/.local/lib/python3.12/site-packages/airflow/example_dags/tutorial.py took 0.218 seconds
[2025-05-20T17:18:05.311+0000] {processor.py:186} INFO - Started process (PID=2043) to work on /home/airflow/.local/lib/python3.12/site-packages/airflow/example_dags/tutorial.py
[2025-05-20T17:18:05.314+0000] {processor.py:914} INFO - Processing file /home/airflow/.local/lib/python3.12/site-packages/airflow/example_dags/tutorial.py for tasks to queue
[2025-05-20T17:18:05.319+0000] {logging_mixin.py:190} INFO - [2025-05-20T17:18:05.319+0000] {dagbag.py:588} INFO - Filling up the DagBag from /home/airflow/.local/lib/python3.12/site-packages/airflow/example_dags/tutorial.py
[2025-05-20T17:18:05.345+0000] {processor.py:925} INFO - DAG(s) 'tutorial' retrieved from /home/airflow/.local/lib/python3.12/site-packages/airflow/example_dags/tutorial.py
[2025-05-20T17:18:05.388+0000] {logging_mixin.py:190} INFO - [2025-05-20T17:18:05.388+0000] {dag.py:3239} INFO - Sync 1 DAGs
[2025-05-20T17:18:05.442+0000] {logging_mixin.py:190} INFO - [2025-05-20T17:18:05.442+0000] {dag.py:4180} INFO - Setting next_dagrun for tutorial to 2025-05-19 00:00:00+00:00, run_after=2025-05-20 00:00:00+00:00
[2025-05-20T17:18:05.532+0000] {processor.py:208} INFO - Processing /home/airflow/.local/lib/python3.12/site-packages/airflow/example_dags/tutorial.py took 0.235 seconds
[2025-05-20T17:18:36.289+0000] {processor.py:186} INFO - Started process (PID=2107) to work on /home/airflow/.local/lib/python3.12/site-packages/airflow/example_dags/tutorial.py
[2025-05-20T17:18:36.292+0000] {processor.py:914} INFO - Processing file /home/airflow/.local/lib/python3.12/site-packages/airflow/example_dags/tutorial.py for tasks to queue
[2025-05-20T17:18:36.299+0000] {logging_mixin.py:190} INFO - [2025-05-20T17:18:36.297+0000] {dagbag.py:588} INFO - Filling up the DagBag from /home/airflow/.local/lib/python3.12/site-packages/airflow/example_dags/tutorial.py
[2025-05-20T17:18:36.317+0000] {processor.py:925} INFO - DAG(s) 'tutorial' retrieved from /home/airflow/.local/lib/python3.12/site-packages/airflow/example_dags/tutorial.py
[2025-05-20T17:18:36.366+0000] {logging_mixin.py:190} INFO - [2025-05-20T17:18:36.365+0000] {dag.py:3239} INFO - Sync 1 DAGs
[2025-05-20T17:18:36.419+0000] {logging_mixin.py:190} INFO - [2025-05-20T17:18:36.419+0000] {dag.py:4180} INFO - Setting next_dagrun for tutorial to 2025-05-19 00:00:00+00:00, run_after=2025-05-20 00:00:00+00:00
[2025-05-20T17:18:36.498+0000] {processor.py:208} INFO - Processing /home/airflow/.local/lib/python3.12/site-packages/airflow/example_dags/tutorial.py took 0.222 seconds
[2025-05-20T17:19:07.246+0000] {processor.py:186} INFO - Started process (PID=2171) to work on /home/airflow/.local/lib/python3.12/site-packages/airflow/example_dags/tutorial.py
[2025-05-20T17:19:07.248+0000] {processor.py:914} INFO - Processing file /home/airflow/.local/lib/python3.12/site-packages/airflow/example_dags/tutorial.py for tasks to queue
[2025-05-20T17:19:07.253+0000] {logging_mixin.py:190} INFO - [2025-05-20T17:19:07.252+0000] {dagbag.py:588} INFO - Filling up the DagBag from /home/airflow/.local/lib/python3.12/site-packages/airflow/example_dags/tutorial.py
[2025-05-20T17:19:07.268+0000] {processor.py:925} INFO - DAG(s) 'tutorial' retrieved from /home/airflow/.local/lib/python3.12/site-packages/airflow/example_dags/tutorial.py
[2025-05-20T17:19:07.314+0000] {logging_mixin.py:190} INFO - [2025-05-20T17:19:07.314+0000] {dag.py:3239} INFO - Sync 1 DAGs
[2025-05-20T17:19:07.371+0000] {logging_mixin.py:190} INFO - [2025-05-20T17:19:07.370+0000] {dag.py:4180} INFO - Setting next_dagrun for tutorial to 2025-05-19 00:00:00+00:00, run_after=2025-05-20 00:00:00+00:00
[2025-05-20T17:19:07.476+0000] {processor.py:208} INFO - Processing /home/airflow/.local/lib/python3.12/site-packages/airflow/example_dags/tutorial.py took 0.251 seconds
[2025-05-20T17:19:37.570+0000] {processor.py:186} INFO - Started process (PID=2235) to work on /home/airflow/.local/lib/python3.12/site-packages/airflow/example_dags/tutorial.py
[2025-05-20T17:19:37.572+0000] {processor.py:914} INFO - Processing file /home/airflow/.local/lib/python3.12/site-packages/airflow/example_dags/tutorial.py for tasks to queue
[2025-05-20T17:19:37.583+0000] {logging_mixin.py:190} INFO - [2025-05-20T17:19:37.582+0000] {dagbag.py:588} INFO - Filling up the DagBag from /home/airflow/.local/lib/python3.12/site-packages/airflow/example_dags/tutorial.py
[2025-05-20T17:19:37.597+0000] {processor.py:925} INFO - DAG(s) 'tutorial' retrieved from /home/airflow/.local/lib/python3.12/site-packages/airflow/example_dags/tutorial.py
[2025-05-20T17:19:37.638+0000] {logging_mixin.py:190} INFO - [2025-05-20T17:19:37.637+0000] {dag.py:3239} INFO - Sync 1 DAGs
[2025-05-20T17:19:37.684+0000] {logging_mixin.py:190} INFO - [2025-05-20T17:19:37.684+0000] {dag.py:4180} INFO - Setting next_dagrun for tutorial to 2025-05-19 00:00:00+00:00, run_after=2025-05-20 00:00:00+00:00
[2025-05-20T17:19:37.792+0000] {processor.py:208} INFO - Processing /home/airflow/.local/lib/python3.12/site-packages/airflow/example_dags/tutorial.py took 0.233 seconds
[2025-05-20T17:20:08.621+0000] {processor.py:186} INFO - Started process (PID=2299) to work on /home/airflow/.local/lib/python3.12/site-packages/airflow/example_dags/tutorial.py
[2025-05-20T17:20:08.623+0000] {processor.py:914} INFO - Processing file /home/airflow/.local/lib/python3.12/site-packages/airflow/example_dags/tutorial.py for tasks to queue
[2025-05-20T17:20:08.627+0000] {logging_mixin.py:190} INFO - [2025-05-20T17:20:08.627+0000] {dagbag.py:588} INFO - Filling up the DagBag from /home/airflow/.local/lib/python3.12/site-packages/airflow/example_dags/tutorial.py
[2025-05-20T17:20:08.643+0000] {processor.py:925} INFO - DAG(s) 'tutorial' retrieved from /home/airflow/.local/lib/python3.12/site-packages/airflow/example_dags/tutorial.py
[2025-05-20T17:20:08.688+0000] {logging_mixin.py:190} INFO - [2025-05-20T17:20:08.688+0000] {dag.py:3239} INFO - Sync 1 DAGs
[2025-05-20T17:20:08.739+0000] {logging_mixin.py:190} INFO - [2025-05-20T17:20:08.738+0000] {dag.py:4180} INFO - Setting next_dagrun for tutorial to 2025-05-19 00:00:00+00:00, run_after=2025-05-20 00:00:00+00:00
[2025-05-20T17:20:08.845+0000] {processor.py:208} INFO - Processing /home/airflow/.local/lib/python3.12/site-packages/airflow/example_dags/tutorial.py took 0.234 seconds
[2025-05-20T17:20:39.367+0000] {processor.py:186} INFO - Started process (PID=2363) to work on /home/airflow/.local/lib/python3.12/site-packages/airflow/example_dags/tutorial.py
[2025-05-20T17:20:39.369+0000] {processor.py:914} INFO - Processing file /home/airflow/.local/lib/python3.12/site-packages/airflow/example_dags/tutorial.py for tasks to queue
[2025-05-20T17:20:39.374+0000] {logging_mixin.py:190} INFO - [2025-05-20T17:20:39.373+0000] {dagbag.py:588} INFO - Filling up the DagBag from /home/airflow/.local/lib/python3.12/site-packages/airflow/example_dags/tutorial.py
[2025-05-20T17:20:39.389+0000] {processor.py:925} INFO - DAG(s) 'tutorial' retrieved from /home/airflow/.local/lib/python3.12/site-packages/airflow/example_dags/tutorial.py
[2025-05-20T17:20:39.430+0000] {logging_mixin.py:190} INFO - [2025-05-20T17:20:39.429+0000] {dag.py:3239} INFO - Sync 1 DAGs
[2025-05-20T17:20:39.476+0000] {logging_mixin.py:190} INFO - [2025-05-20T17:20:39.475+0000] {dag.py:4180} INFO - Setting next_dagrun for tutorial to 2025-05-19 00:00:00+00:00, run_after=2025-05-20 00:00:00+00:00
[2025-05-20T17:20:39.581+0000] {processor.py:208} INFO - Processing /home/airflow/.local/lib/python3.12/site-packages/airflow/example_dags/tutorial.py took 0.228 seconds
[2025-05-20T17:21:10.121+0000] {processor.py:186} INFO - Started process (PID=2427) to work on /home/airflow/.local/lib/python3.12/site-packages/airflow/example_dags/tutorial.py
[2025-05-20T17:21:10.123+0000] {processor.py:914} INFO - Processing file /home/airflow/.local/lib/python3.12/site-packages/airflow/example_dags/tutorial.py for tasks to queue
[2025-05-20T17:21:10.128+0000] {logging_mixin.py:190} INFO - [2025-05-20T17:21:10.128+0000] {dagbag.py:588} INFO - Filling up the DagBag from /home/airflow/.local/lib/python3.12/site-packages/airflow/example_dags/tutorial.py
[2025-05-20T17:21:10.145+0000] {processor.py:925} INFO - DAG(s) 'tutorial' retrieved from /home/airflow/.local/lib/python3.12/site-packages/airflow/example_dags/tutorial.py
[2025-05-20T17:21:10.188+0000] {logging_mixin.py:190} INFO - [2025-05-20T17:21:10.188+0000] {dag.py:3239} INFO - Sync 1 DAGs
[2025-05-20T17:21:10.237+0000] {logging_mixin.py:190} INFO - [2025-05-20T17:21:10.236+0000] {dag.py:4180} INFO - Setting next_dagrun for tutorial to 2025-05-19 00:00:00+00:00, run_after=2025-05-20 00:00:00+00:00
[2025-05-20T17:21:10.316+0000] {processor.py:208} INFO - Processing /home/airflow/.local/lib/python3.12/site-packages/airflow/example_dags/tutorial.py took 0.208 seconds
[2025-05-20T17:21:40.456+0000] {processor.py:186} INFO - Started process (PID=2491) to work on /home/airflow/.local/lib/python3.12/site-packages/airflow/example_dags/tutorial.py
[2025-05-20T17:21:40.458+0000] {processor.py:914} INFO - Processing file /home/airflow/.local/lib/python3.12/site-packages/airflow/example_dags/tutorial.py for tasks to queue
[2025-05-20T17:21:40.463+0000] {logging_mixin.py:190} INFO - [2025-05-20T17:21:40.462+0000] {dagbag.py:588} INFO - Filling up the DagBag from /home/airflow/.local/lib/python3.12/site-packages/airflow/example_dags/tutorial.py
[2025-05-20T17:21:40.479+0000] {processor.py:925} INFO - DAG(s) 'tutorial' retrieved from /home/airflow/.local/lib/python3.12/site-packages/airflow/example_dags/tutorial.py
[2025-05-20T17:21:40.522+0000] {logging_mixin.py:190} INFO - [2025-05-20T17:21:40.522+0000] {dag.py:3239} INFO - Sync 1 DAGs
[2025-05-20T17:21:40.572+0000] {logging_mixin.py:190} INFO - [2025-05-20T17:21:40.571+0000] {dag.py:4180} INFO - Setting next_dagrun for tutorial to 2025-05-19 00:00:00+00:00, run_after=2025-05-20 00:00:00+00:00
[2025-05-20T17:21:40.673+0000] {processor.py:208} INFO - Processing /home/airflow/.local/lib/python3.12/site-packages/airflow/example_dags/tutorial.py took 0.228 seconds
[2025-05-20T17:22:11.043+0000] {processor.py:186} INFO - Started process (PID=2556) to work on /home/airflow/.local/lib/python3.12/site-packages/airflow/example_dags/tutorial.py
[2025-05-20T17:22:11.044+0000] {processor.py:914} INFO - Processing file /home/airflow/.local/lib/python3.12/site-packages/airflow/example_dags/tutorial.py for tasks to queue
[2025-05-20T17:22:11.049+0000] {logging_mixin.py:190} INFO - [2025-05-20T17:22:11.048+0000] {dagbag.py:588} INFO - Filling up the DagBag from /home/airflow/.local/lib/python3.12/site-packages/airflow/example_dags/tutorial.py
[2025-05-20T17:22:11.065+0000] {processor.py:925} INFO - DAG(s) 'tutorial' retrieved from /home/airflow/.local/lib/python3.12/site-packages/airflow/example_dags/tutorial.py
[2025-05-20T17:22:11.110+0000] {logging_mixin.py:190} INFO - [2025-05-20T17:22:11.110+0000] {dag.py:3239} INFO - Sync 1 DAGs
[2025-05-20T17:22:11.160+0000] {logging_mixin.py:190} INFO - [2025-05-20T17:22:11.159+0000] {dag.py:4180} INFO - Setting next_dagrun for tutorial to 2025-05-19 00:00:00+00:00, run_after=2025-05-20 00:00:00+00:00
[2025-05-20T17:22:11.265+0000] {processor.py:208} INFO - Processing /home/airflow/.local/lib/python3.12/site-packages/airflow/example_dags/tutorial.py took 0.235 seconds
[2025-05-20T17:22:42.284+0000] {processor.py:186} INFO - Started process (PID=2621) to work on /home/airflow/.local/lib/python3.12/site-packages/airflow/example_dags/tutorial.py
[2025-05-20T17:22:42.287+0000] {processor.py:914} INFO - Processing file /home/airflow/.local/lib/python3.12/site-packages/airflow/example_dags/tutorial.py for tasks to queue
[2025-05-20T17:22:42.292+0000] {logging_mixin.py:190} INFO - [2025-05-20T17:22:42.291+0000] {dagbag.py:588} INFO - Filling up the DagBag from /home/airflow/.local/lib/python3.12/site-packages/airflow/example_dags/tutorial.py
[2025-05-20T17:22:42.312+0000] {processor.py:925} INFO - DAG(s) 'tutorial' retrieved from /home/airflow/.local/lib/python3.12/site-packages/airflow/example_dags/tutorial.py
[2025-05-20T17:22:42.375+0000] {logging_mixin.py:190} INFO - [2025-05-20T17:22:42.375+0000] {dag.py:3239} INFO - Sync 1 DAGs
[2025-05-20T17:22:42.427+0000] {logging_mixin.py:190} INFO - [2025-05-20T17:22:42.426+0000] {dag.py:4180} INFO - Setting next_dagrun for tutorial to 2025-05-19 00:00:00+00:00, run_after=2025-05-20 00:00:00+00:00
[2025-05-20T17:22:42.466+0000] {processor.py:208} INFO - Processing /home/airflow/.local/lib/python3.12/site-packages/airflow/example_dags/tutorial.py took 0.198 seconds
[2025-05-20T17:23:13.024+0000] {processor.py:186} INFO - Started process (PID=2685) to work on /home/airflow/.local/lib/python3.12/site-packages/airflow/example_dags/tutorial.py
[2025-05-20T17:23:13.026+0000] {processor.py:914} INFO - Processing file /home/airflow/.local/lib/python3.12/site-packages/airflow/example_dags/tutorial.py for tasks to queue
[2025-05-20T17:23:13.032+0000] {logging_mixin.py:190} INFO - [2025-05-20T17:23:13.031+0000] {dagbag.py:588} INFO - Filling up the DagBag from /home/airflow/.local/lib/python3.12/site-packages/airflow/example_dags/tutorial.py
[2025-05-20T17:23:13.050+0000] {processor.py:925} INFO - DAG(s) 'tutorial' retrieved from /home/airflow/.local/lib/python3.12/site-packages/airflow/example_dags/tutorial.py
[2025-05-20T17:23:13.102+0000] {logging_mixin.py:190} INFO - [2025-05-20T17:23:13.101+0000] {dag.py:3239} INFO - Sync 1 DAGs
[2025-05-20T17:23:13.162+0000] {logging_mixin.py:190} INFO - [2025-05-20T17:23:13.161+0000] {dag.py:4180} INFO - Setting next_dagrun for tutorial to 2025-05-19 00:00:00+00:00, run_after=2025-05-20 00:00:00+00:00
[2025-05-20T17:23:13.267+0000] {processor.py:208} INFO - Processing /home/airflow/.local/lib/python3.12/site-packages/airflow/example_dags/tutorial.py took 0.254 seconds
[2025-05-20T17:23:43.939+0000] {processor.py:186} INFO - Started process (PID=2749) to work on /home/airflow/.local/lib/python3.12/site-packages/airflow/example_dags/tutorial.py
[2025-05-20T17:23:43.942+0000] {processor.py:914} INFO - Processing file /home/airflow/.local/lib/python3.12/site-packages/airflow/example_dags/tutorial.py for tasks to queue
[2025-05-20T17:23:43.946+0000] {logging_mixin.py:190} INFO - [2025-05-20T17:23:43.946+0000] {dagbag.py:588} INFO - Filling up the DagBag from /home/airflow/.local/lib/python3.12/site-packages/airflow/example_dags/tutorial.py
[2025-05-20T17:23:43.963+0000] {processor.py:925} INFO - DAG(s) 'tutorial' retrieved from /home/airflow/.local/lib/python3.12/site-packages/airflow/example_dags/tutorial.py
[2025-05-20T17:23:44.018+0000] {logging_mixin.py:190} INFO - [2025-05-20T17:23:44.017+0000] {dag.py:3239} INFO - Sync 1 DAGs
[2025-05-20T17:23:44.072+0000] {logging_mixin.py:190} INFO - [2025-05-20T17:23:44.072+0000] {dag.py:4180} INFO - Setting next_dagrun for tutorial to 2025-05-19 00:00:00+00:00, run_after=2025-05-20 00:00:00+00:00
[2025-05-20T17:23:44.109+0000] {processor.py:208} INFO - Processing /home/airflow/.local/lib/python3.12/site-packages/airflow/example_dags/tutorial.py took 0.181 seconds
[2025-05-20T17:24:15.491+0000] {processor.py:186} INFO - Started process (PID=2812) to work on /home/airflow/.local/lib/python3.12/site-packages/airflow/example_dags/tutorial.py
[2025-05-20T17:24:15.493+0000] {processor.py:914} INFO - Processing file /home/airflow/.local/lib/python3.12/site-packages/airflow/example_dags/tutorial.py for tasks to queue
[2025-05-20T17:24:15.498+0000] {logging_mixin.py:190} INFO - [2025-05-20T17:24:15.497+0000] {dagbag.py:588} INFO - Filling up the DagBag from /home/airflow/.local/lib/python3.12/site-packages/airflow/example_dags/tutorial.py
[2025-05-20T17:24:15.512+0000] {processor.py:925} INFO - DAG(s) 'tutorial' retrieved from /home/airflow/.local/lib/python3.12/site-packages/airflow/example_dags/tutorial.py
[2025-05-20T17:24:15.550+0000] {logging_mixin.py:190} INFO - [2025-05-20T17:24:15.550+0000] {dag.py:3239} INFO - Sync 1 DAGs
[2025-05-20T17:24:15.595+0000] {logging_mixin.py:190} INFO - [2025-05-20T17:24:15.595+0000] {dag.py:4180} INFO - Setting next_dagrun for tutorial to 2025-05-19 00:00:00+00:00, run_after=2025-05-20 00:00:00+00:00
[2025-05-20T17:24:15.642+0000] {processor.py:208} INFO - Processing /home/airflow/.local/lib/python3.12/site-packages/airflow/example_dags/tutorial.py took 0.163 seconds
[2025-05-20T17:24:48.153+0000] {processor.py:186} INFO - Started process (PID=2876) to work on /home/airflow/.local/lib/python3.12/site-packages/airflow/example_dags/tutorial.py
[2025-05-20T17:24:48.156+0000] {processor.py:914} INFO - Processing file /home/airflow/.local/lib/python3.12/site-packages/airflow/example_dags/tutorial.py for tasks to queue
[2025-05-20T17:24:48.161+0000] {logging_mixin.py:190} INFO - [2025-05-20T17:24:48.160+0000] {dagbag.py:588} INFO - Filling up the DagBag from /home/airflow/.local/lib/python3.12/site-packages/airflow/example_dags/tutorial.py
[2025-05-20T17:24:48.179+0000] {processor.py:925} INFO - DAG(s) 'tutorial' retrieved from /home/airflow/.local/lib/python3.12/site-packages/airflow/example_dags/tutorial.py
[2025-05-20T17:24:48.228+0000] {logging_mixin.py:190} INFO - [2025-05-20T17:24:48.228+0000] {dag.py:3239} INFO - Sync 1 DAGs
[2025-05-20T17:24:48.281+0000] {logging_mixin.py:190} INFO - [2025-05-20T17:24:48.281+0000] {dag.py:4180} INFO - Setting next_dagrun for tutorial to 2025-05-19 00:00:00+00:00, run_after=2025-05-20 00:00:00+00:00
[2025-05-20T17:24:48.367+0000] {processor.py:208} INFO - Processing /home/airflow/.local/lib/python3.12/site-packages/airflow/example_dags/tutorial.py took 0.228 seconds
[2025-05-20T17:25:19.098+0000] {processor.py:186} INFO - Started process (PID=2938) to work on /home/airflow/.local/lib/python3.12/site-packages/airflow/example_dags/tutorial.py
[2025-05-20T17:25:19.100+0000] {processor.py:914} INFO - Processing file /home/airflow/.local/lib/python3.12/site-packages/airflow/example_dags/tutorial.py for tasks to queue
[2025-05-20T17:25:19.104+0000] {logging_mixin.py:190} INFO - [2025-05-20T17:25:19.103+0000] {dagbag.py:588} INFO - Filling up the DagBag from /home/airflow/.local/lib/python3.12/site-packages/airflow/example_dags/tutorial.py
[2025-05-20T17:25:19.120+0000] {processor.py:925} INFO - DAG(s) 'tutorial' retrieved from /home/airflow/.local/lib/python3.12/site-packages/airflow/example_dags/tutorial.py
[2025-05-20T17:25:19.159+0000] {logging_mixin.py:190} INFO - [2025-05-20T17:25:19.159+0000] {dag.py:3239} INFO - Sync 1 DAGs
[2025-05-20T17:25:19.206+0000] {logging_mixin.py:190} INFO - [2025-05-20T17:25:19.206+0000] {dag.py:4180} INFO - Setting next_dagrun for tutorial to 2025-05-19 00:00:00+00:00, run_after=2025-05-20 00:00:00+00:00
[2025-05-20T17:25:19.244+0000] {processor.py:208} INFO - Processing /home/airflow/.local/lib/python3.12/site-packages/airflow/example_dags/tutorial.py took 0.156 seconds
[2025-05-20T17:25:51.237+0000] {processor.py:186} INFO - Started process (PID=3010) to work on /home/airflow/.local/lib/python3.12/site-packages/airflow/example_dags/tutorial.py
[2025-05-20T17:25:51.238+0000] {processor.py:914} INFO - Processing file /home/airflow/.local/lib/python3.12/site-packages/airflow/example_dags/tutorial.py for tasks to queue
[2025-05-20T17:25:51.243+0000] {logging_mixin.py:190} INFO - [2025-05-20T17:25:51.242+0000] {dagbag.py:588} INFO - Filling up the DagBag from /home/airflow/.local/lib/python3.12/site-packages/airflow/example_dags/tutorial.py
[2025-05-20T17:25:51.259+0000] {processor.py:925} INFO - DAG(s) 'tutorial' retrieved from /home/airflow/.local/lib/python3.12/site-packages/airflow/example_dags/tutorial.py
[2025-05-20T17:25:51.303+0000] {logging_mixin.py:190} INFO - [2025-05-20T17:25:51.303+0000] {dag.py:3239} INFO - Sync 1 DAGs
[2025-05-20T17:25:51.369+0000] {logging_mixin.py:190} INFO - [2025-05-20T17:25:51.369+0000] {dag.py:4180} INFO - Setting next_dagrun for tutorial to 2025-05-19 00:00:00+00:00, run_after=2025-05-20 00:00:00+00:00
[2025-05-20T17:25:51.472+0000] {processor.py:208} INFO - Processing /home/airflow/.local/lib/python3.12/site-packages/airflow/example_dags/tutorial.py took 0.246 seconds
[2025-05-20T17:26:22.148+0000] {processor.py:186} INFO - Started process (PID=3075) to work on /home/airflow/.local/lib/python3.12/site-packages/airflow/example_dags/tutorial.py
[2025-05-20T17:26:22.150+0000] {processor.py:914} INFO - Processing file /home/airflow/.local/lib/python3.12/site-packages/airflow/example_dags/tutorial.py for tasks to queue
[2025-05-20T17:26:22.155+0000] {logging_mixin.py:190} INFO - [2025-05-20T17:26:22.154+0000] {dagbag.py:588} INFO - Filling up the DagBag from /home/airflow/.local/lib/python3.12/site-packages/airflow/example_dags/tutorial.py
[2025-05-20T17:26:22.171+0000] {processor.py:925} INFO - DAG(s) 'tutorial' retrieved from /home/airflow/.local/lib/python3.12/site-packages/airflow/example_dags/tutorial.py
[2025-05-20T17:26:22.212+0000] {logging_mixin.py:190} INFO - [2025-05-20T17:26:22.212+0000] {dag.py:3239} INFO - Sync 1 DAGs
[2025-05-20T17:26:22.263+0000] {logging_mixin.py:190} INFO - [2025-05-20T17:26:22.262+0000] {dag.py:4180} INFO - Setting next_dagrun for tutorial to 2025-05-19 00:00:00+00:00, run_after=2025-05-20 00:00:00+00:00
[2025-05-20T17:26:22.351+0000] {processor.py:208} INFO - Processing /home/airflow/.local/lib/python3.12/site-packages/airflow/example_dags/tutorial.py took 0.219 seconds
[2025-05-20T17:26:53.890+0000] {processor.py:186} INFO - Started process (PID=3141) to work on /home/airflow/.local/lib/python3.12/site-packages/airflow/example_dags/tutorial.py
[2025-05-20T17:26:53.892+0000] {processor.py:914} INFO - Processing file /home/airflow/.local/lib/python3.12/site-packages/airflow/example_dags/tutorial.py for tasks to queue
[2025-05-20T17:26:53.896+0000] {logging_mixin.py:190} INFO - [2025-05-20T17:26:53.896+0000] {dagbag.py:588} INFO - Filling up the DagBag from /home/airflow/.local/lib/python3.12/site-packages/airflow/example_dags/tutorial.py
[2025-05-20T17:26:53.911+0000] {processor.py:925} INFO - DAG(s) 'tutorial' retrieved from /home/airflow/.local/lib/python3.12/site-packages/airflow/example_dags/tutorial.py
[2025-05-20T17:26:53.948+0000] {logging_mixin.py:190} INFO - [2025-05-20T17:26:53.948+0000] {dag.py:3239} INFO - Sync 1 DAGs
[2025-05-20T17:26:53.993+0000] {logging_mixin.py:190} INFO - [2025-05-20T17:26:53.993+0000] {dag.py:4180} INFO - Setting next_dagrun for tutorial to 2025-05-19 00:00:00+00:00, run_after=2025-05-20 00:00:00+00:00
[2025-05-20T17:26:54.067+0000] {processor.py:208} INFO - Processing /home/airflow/.local/lib/python3.12/site-packages/airflow/example_dags/tutorial.py took 0.187 seconds
[2025-05-20T17:29:00.854+0000] {processor.py:186} INFO - Started process (PID=90) to work on /home/airflow/.local/lib/python3.12/site-packages/airflow/example_dags/tutorial.py
[2025-05-20T17:29:00.857+0000] {processor.py:914} INFO - Processing file /home/airflow/.local/lib/python3.12/site-packages/airflow/example_dags/tutorial.py for tasks to queue
[2025-05-20T17:29:00.863+0000] {logging_mixin.py:190} INFO - [2025-05-20T17:29:00.862+0000] {dagbag.py:588} INFO - Filling up the DagBag from /home/airflow/.local/lib/python3.12/site-packages/airflow/example_dags/tutorial.py
[2025-05-20T17:29:00.887+0000] {processor.py:925} INFO - DAG(s) 'tutorial' retrieved from /home/airflow/.local/lib/python3.12/site-packages/airflow/example_dags/tutorial.py
[2025-05-20T17:29:00.944+0000] {logging_mixin.py:190} INFO - [2025-05-20T17:29:00.943+0000] {dag.py:3239} INFO - Sync 1 DAGs
[2025-05-20T17:29:01.018+0000] {logging_mixin.py:190} INFO - [2025-05-20T17:29:01.017+0000] {dag.py:4180} INFO - Setting next_dagrun for tutorial to 2025-05-19 00:00:00+00:00, run_after=2025-05-20 00:00:00+00:00
[2025-05-20T17:29:01.070+0000] {processor.py:208} INFO - Processing /home/airflow/.local/lib/python3.12/site-packages/airflow/example_dags/tutorial.py took 0.232 seconds
[2025-05-20T17:29:32.055+0000] {processor.py:186} INFO - Started process (PID=155) to work on /home/airflow/.local/lib/python3.12/site-packages/airflow/example_dags/tutorial.py
[2025-05-20T17:29:32.058+0000] {processor.py:914} INFO - Processing file /home/airflow/.local/lib/python3.12/site-packages/airflow/example_dags/tutorial.py for tasks to queue
[2025-05-20T17:29:32.063+0000] {logging_mixin.py:190} INFO - [2025-05-20T17:29:32.062+0000] {dagbag.py:588} INFO - Filling up the DagBag from /home/airflow/.local/lib/python3.12/site-packages/airflow/example_dags/tutorial.py
[2025-05-20T17:29:32.079+0000] {processor.py:925} INFO - DAG(s) 'tutorial' retrieved from /home/airflow/.local/lib/python3.12/site-packages/airflow/example_dags/tutorial.py
[2025-05-20T17:29:32.129+0000] {logging_mixin.py:190} INFO - [2025-05-20T17:29:32.129+0000] {dag.py:3239} INFO - Sync 1 DAGs
[2025-05-20T17:29:32.185+0000] {logging_mixin.py:190} INFO - [2025-05-20T17:29:32.185+0000] {dag.py:4180} INFO - Setting next_dagrun for tutorial to 2025-05-19 00:00:00+00:00, run_after=2025-05-20 00:00:00+00:00
[2025-05-20T17:29:32.294+0000] {processor.py:208} INFO - Processing /home/airflow/.local/lib/python3.12/site-packages/airflow/example_dags/tutorial.py took 0.252 seconds
[2025-05-20T17:30:02.909+0000] {processor.py:186} INFO - Started process (PID=221) to work on /home/airflow/.local/lib/python3.12/site-packages/airflow/example_dags/tutorial.py
[2025-05-20T17:30:02.911+0000] {processor.py:914} INFO - Processing file /home/airflow/.local/lib/python3.12/site-packages/airflow/example_dags/tutorial.py for tasks to queue
[2025-05-20T17:30:02.918+0000] {logging_mixin.py:190} INFO - [2025-05-20T17:30:02.917+0000] {dagbag.py:588} INFO - Filling up the DagBag from /home/airflow/.local/lib/python3.12/site-packages/airflow/example_dags/tutorial.py
[2025-05-20T17:30:02.943+0000] {processor.py:925} INFO - DAG(s) 'tutorial' retrieved from /home/airflow/.local/lib/python3.12/site-packages/airflow/example_dags/tutorial.py
[2025-05-20T17:30:03.006+0000] {logging_mixin.py:190} INFO - [2025-05-20T17:30:03.005+0000] {dag.py:3239} INFO - Sync 1 DAGs
[2025-05-20T17:30:03.065+0000] {logging_mixin.py:190} INFO - [2025-05-20T17:30:03.065+0000] {dag.py:4180} INFO - Setting next_dagrun for tutorial to 2025-05-19 00:00:00+00:00, run_after=2025-05-20 00:00:00+00:00
[2025-05-20T17:30:03.181+0000] {processor.py:208} INFO - Processing /home/airflow/.local/lib/python3.12/site-packages/airflow/example_dags/tutorial.py took 0.287 seconds
[2025-05-20T17:30:33.772+0000] {processor.py:186} INFO - Started process (PID=287) to work on /home/airflow/.local/lib/python3.12/site-packages/airflow/example_dags/tutorial.py
[2025-05-20T17:30:33.774+0000] {processor.py:914} INFO - Processing file /home/airflow/.local/lib/python3.12/site-packages/airflow/example_dags/tutorial.py for tasks to queue
[2025-05-20T17:30:33.780+0000] {logging_mixin.py:190} INFO - [2025-05-20T17:30:33.779+0000] {dagbag.py:588} INFO - Filling up the DagBag from /home/airflow/.local/lib/python3.12/site-packages/airflow/example_dags/tutorial.py
[2025-05-20T17:30:33.800+0000] {processor.py:925} INFO - DAG(s) 'tutorial' retrieved from /home/airflow/.local/lib/python3.12/site-packages/airflow/example_dags/tutorial.py
[2025-05-20T17:30:33.863+0000] {logging_mixin.py:190} INFO - [2025-05-20T17:30:33.862+0000] {dag.py:3239} INFO - Sync 1 DAGs
[2025-05-20T17:30:33.925+0000] {logging_mixin.py:190} INFO - [2025-05-20T17:30:33.924+0000] {dag.py:4180} INFO - Setting next_dagrun for tutorial to 2025-05-19 00:00:00+00:00, run_after=2025-05-20 00:00:00+00:00
[2025-05-20T17:30:33.965+0000] {processor.py:208} INFO - Processing /home/airflow/.local/lib/python3.12/site-packages/airflow/example_dags/tutorial.py took 0.205 seconds
[2025-05-20T17:31:04.254+0000] {processor.py:186} INFO - Started process (PID=353) to work on /home/airflow/.local/lib/python3.12/site-packages/airflow/example_dags/tutorial.py
[2025-05-20T17:31:04.257+0000] {processor.py:914} INFO - Processing file /home/airflow/.local/lib/python3.12/site-packages/airflow/example_dags/tutorial.py for tasks to queue
[2025-05-20T17:31:04.261+0000] {logging_mixin.py:190} INFO - [2025-05-20T17:31:04.260+0000] {dagbag.py:588} INFO - Filling up the DagBag from /home/airflow/.local/lib/python3.12/site-packages/airflow/example_dags/tutorial.py
[2025-05-20T17:31:04.275+0000] {processor.py:925} INFO - DAG(s) 'tutorial' retrieved from /home/airflow/.local/lib/python3.12/site-packages/airflow/example_dags/tutorial.py
[2025-05-20T17:31:04.314+0000] {logging_mixin.py:190} INFO - [2025-05-20T17:31:04.313+0000] {dag.py:3239} INFO - Sync 1 DAGs
[2025-05-20T17:31:04.361+0000] {logging_mixin.py:190} INFO - [2025-05-20T17:31:04.360+0000] {dag.py:4180} INFO - Setting next_dagrun for tutorial to 2025-05-19 00:00:00+00:00, run_after=2025-05-20 00:00:00+00:00
[2025-05-20T17:31:04.454+0000] {processor.py:208} INFO - Processing /home/airflow/.local/lib/python3.12/site-packages/airflow/example_dags/tutorial.py took 0.210 seconds
[2025-05-20T17:31:34.606+0000] {processor.py:186} INFO - Started process (PID=419) to work on /home/airflow/.local/lib/python3.12/site-packages/airflow/example_dags/tutorial.py
[2025-05-20T17:31:34.608+0000] {processor.py:914} INFO - Processing file /home/airflow/.local/lib/python3.12/site-packages/airflow/example_dags/tutorial.py for tasks to queue
[2025-05-20T17:31:34.613+0000] {logging_mixin.py:190} INFO - [2025-05-20T17:31:34.612+0000] {dagbag.py:588} INFO - Filling up the DagBag from /home/airflow/.local/lib/python3.12/site-packages/airflow/example_dags/tutorial.py
[2025-05-20T17:31:34.631+0000] {processor.py:925} INFO - DAG(s) 'tutorial' retrieved from /home/airflow/.local/lib/python3.12/site-packages/airflow/example_dags/tutorial.py
[2025-05-20T17:31:34.676+0000] {logging_mixin.py:190} INFO - [2025-05-20T17:31:34.675+0000] {dag.py:3239} INFO - Sync 1 DAGs
[2025-05-20T17:31:34.734+0000] {logging_mixin.py:190} INFO - [2025-05-20T17:31:34.733+0000] {dag.py:4180} INFO - Setting next_dagrun for tutorial to 2025-05-19 00:00:00+00:00, run_after=2025-05-20 00:00:00+00:00
[2025-05-20T17:31:34.843+0000] {processor.py:208} INFO - Processing /home/airflow/.local/lib/python3.12/site-packages/airflow/example_dags/tutorial.py took 0.249 seconds
[2025-05-20T17:32:05.928+0000] {processor.py:186} INFO - Started process (PID=485) to work on /home/airflow/.local/lib/python3.12/site-packages/airflow/example_dags/tutorial.py
[2025-05-20T17:32:05.930+0000] {processor.py:914} INFO - Processing file /home/airflow/.local/lib/python3.12/site-packages/airflow/example_dags/tutorial.py for tasks to queue
[2025-05-20T17:32:05.935+0000] {logging_mixin.py:190} INFO - [2025-05-20T17:32:05.934+0000] {dagbag.py:588} INFO - Filling up the DagBag from /home/airflow/.local/lib/python3.12/site-packages/airflow/example_dags/tutorial.py
[2025-05-20T17:32:05.955+0000] {processor.py:925} INFO - DAG(s) 'tutorial' retrieved from /home/airflow/.local/lib/python3.12/site-packages/airflow/example_dags/tutorial.py
[2025-05-20T17:32:06.005+0000] {logging_mixin.py:190} INFO - [2025-05-20T17:32:06.005+0000] {dag.py:3239} INFO - Sync 1 DAGs
[2025-05-20T17:32:06.065+0000] {logging_mixin.py:190} INFO - [2025-05-20T17:32:06.065+0000] {dag.py:4180} INFO - Setting next_dagrun for tutorial to 2025-05-19 00:00:00+00:00, run_after=2025-05-20 00:00:00+00:00
[2025-05-20T17:32:06.107+0000] {processor.py:208} INFO - Processing /home/airflow/.local/lib/python3.12/site-packages/airflow/example_dags/tutorial.py took 0.194 seconds
[2025-05-20T17:32:36.769+0000] {processor.py:186} INFO - Started process (PID=551) to work on /home/airflow/.local/lib/python3.12/site-packages/airflow/example_dags/tutorial.py
[2025-05-20T17:32:36.771+0000] {processor.py:914} INFO - Processing file /home/airflow/.local/lib/python3.12/site-packages/airflow/example_dags/tutorial.py for tasks to queue
[2025-05-20T17:32:36.776+0000] {logging_mixin.py:190} INFO - [2025-05-20T17:32:36.775+0000] {dagbag.py:588} INFO - Filling up the DagBag from /home/airflow/.local/lib/python3.12/site-packages/airflow/example_dags/tutorial.py
[2025-05-20T17:32:36.792+0000] {processor.py:925} INFO - DAG(s) 'tutorial' retrieved from /home/airflow/.local/lib/python3.12/site-packages/airflow/example_dags/tutorial.py
[2025-05-20T17:32:36.838+0000] {logging_mixin.py:190} INFO - [2025-05-20T17:32:36.837+0000] {dag.py:3239} INFO - Sync 1 DAGs
[2025-05-20T17:32:36.898+0000] {logging_mixin.py:190} INFO - [2025-05-20T17:32:36.898+0000] {dag.py:4180} INFO - Setting next_dagrun for tutorial to 2025-05-19 00:00:00+00:00, run_after=2025-05-20 00:00:00+00:00
[2025-05-20T17:32:36.941+0000] {processor.py:208} INFO - Processing /home/airflow/.local/lib/python3.12/site-packages/airflow/example_dags/tutorial.py took 0.187 seconds
[2025-05-20T17:33:07.695+0000] {processor.py:186} INFO - Started process (PID=617) to work on /home/airflow/.local/lib/python3.12/site-packages/airflow/example_dags/tutorial.py
[2025-05-20T17:33:07.698+0000] {processor.py:914} INFO - Processing file /home/airflow/.local/lib/python3.12/site-packages/airflow/example_dags/tutorial.py for tasks to queue
[2025-05-20T17:33:07.702+0000] {logging_mixin.py:190} INFO - [2025-05-20T17:33:07.701+0000] {dagbag.py:588} INFO - Filling up the DagBag from /home/airflow/.local/lib/python3.12/site-packages/airflow/example_dags/tutorial.py
[2025-05-20T17:33:07.719+0000] {processor.py:925} INFO - DAG(s) 'tutorial' retrieved from /home/airflow/.local/lib/python3.12/site-packages/airflow/example_dags/tutorial.py
[2025-05-20T17:33:07.766+0000] {logging_mixin.py:190} INFO - [2025-05-20T17:33:07.765+0000] {dag.py:3239} INFO - Sync 1 DAGs
[2025-05-20T17:33:07.816+0000] {logging_mixin.py:190} INFO - [2025-05-20T17:33:07.815+0000] {dag.py:4180} INFO - Setting next_dagrun for tutorial to 2025-05-19 00:00:00+00:00, run_after=2025-05-20 00:00:00+00:00
[2025-05-20T17:33:07.872+0000] {processor.py:208} INFO - Processing /home/airflow/.local/lib/python3.12/site-packages/airflow/example_dags/tutorial.py took 0.202 seconds
[2025-05-20T17:33:38.250+0000] {processor.py:186} INFO - Started process (PID=683) to work on /home/airflow/.local/lib/python3.12/site-packages/airflow/example_dags/tutorial.py
[2025-05-20T17:33:38.252+0000] {processor.py:914} INFO - Processing file /home/airflow/.local/lib/python3.12/site-packages/airflow/example_dags/tutorial.py for tasks to queue
[2025-05-20T17:33:38.258+0000] {logging_mixin.py:190} INFO - [2025-05-20T17:33:38.257+0000] {dagbag.py:588} INFO - Filling up the DagBag from /home/airflow/.local/lib/python3.12/site-packages/airflow/example_dags/tutorial.py
[2025-05-20T17:33:38.276+0000] {processor.py:925} INFO - DAG(s) 'tutorial' retrieved from /home/airflow/.local/lib/python3.12/site-packages/airflow/example_dags/tutorial.py
[2025-05-20T17:33:38.325+0000] {logging_mixin.py:190} INFO - [2025-05-20T17:33:38.324+0000] {dag.py:3239} INFO - Sync 1 DAGs
[2025-05-20T17:33:38.373+0000] {logging_mixin.py:190} INFO - [2025-05-20T17:33:38.373+0000] {dag.py:4180} INFO - Setting next_dagrun for tutorial to 2025-05-19 00:00:00+00:00, run_after=2025-05-20 00:00:00+00:00
[2025-05-20T17:33:38.478+0000] {processor.py:208} INFO - Processing /home/airflow/.local/lib/python3.12/site-packages/airflow/example_dags/tutorial.py took 0.239 seconds
[2025-05-20T17:34:08.726+0000] {processor.py:186} INFO - Started process (PID=749) to work on /home/airflow/.local/lib/python3.12/site-packages/airflow/example_dags/tutorial.py
[2025-05-20T17:34:08.728+0000] {processor.py:914} INFO - Processing file /home/airflow/.local/lib/python3.12/site-packages/airflow/example_dags/tutorial.py for tasks to queue
[2025-05-20T17:34:08.733+0000] {logging_mixin.py:190} INFO - [2025-05-20T17:34:08.732+0000] {dagbag.py:588} INFO - Filling up the DagBag from /home/airflow/.local/lib/python3.12/site-packages/airflow/example_dags/tutorial.py
[2025-05-20T17:34:08.747+0000] {processor.py:925} INFO - DAG(s) 'tutorial' retrieved from /home/airflow/.local/lib/python3.12/site-packages/airflow/example_dags/tutorial.py
[2025-05-20T17:34:08.794+0000] {logging_mixin.py:190} INFO - [2025-05-20T17:34:08.794+0000] {dag.py:3239} INFO - Sync 1 DAGs
[2025-05-20T17:34:08.858+0000] {logging_mixin.py:190} INFO - [2025-05-20T17:34:08.857+0000] {dag.py:4180} INFO - Setting next_dagrun for tutorial to 2025-05-19 00:00:00+00:00, run_after=2025-05-20 00:00:00+00:00
[2025-05-20T17:34:08.960+0000] {processor.py:208} INFO - Processing /home/airflow/.local/lib/python3.12/site-packages/airflow/example_dags/tutorial.py took 0.244 seconds
[2025-05-20T17:34:39.499+0000] {processor.py:186} INFO - Started process (PID=815) to work on /home/airflow/.local/lib/python3.12/site-packages/airflow/example_dags/tutorial.py
[2025-05-20T17:34:39.501+0000] {processor.py:914} INFO - Processing file /home/airflow/.local/lib/python3.12/site-packages/airflow/example_dags/tutorial.py for tasks to queue
[2025-05-20T17:34:39.505+0000] {logging_mixin.py:190} INFO - [2025-05-20T17:34:39.504+0000] {dagbag.py:588} INFO - Filling up the DagBag from /home/airflow/.local/lib/python3.12/site-packages/airflow/example_dags/tutorial.py
[2025-05-20T17:34:39.519+0000] {processor.py:925} INFO - DAG(s) 'tutorial' retrieved from /home/airflow/.local/lib/python3.12/site-packages/airflow/example_dags/tutorial.py
[2025-05-20T17:34:39.557+0000] {logging_mixin.py:190} INFO - [2025-05-20T17:34:39.557+0000] {dag.py:3239} INFO - Sync 1 DAGs
[2025-05-20T17:34:39.608+0000] {logging_mixin.py:190} INFO - [2025-05-20T17:34:39.608+0000] {dag.py:4180} INFO - Setting next_dagrun for tutorial to 2025-05-19 00:00:00+00:00, run_after=2025-05-20 00:00:00+00:00
[2025-05-20T17:34:39.709+0000] {processor.py:208} INFO - Processing /home/airflow/.local/lib/python3.12/site-packages/airflow/example_dags/tutorial.py took 0.221 seconds
[2025-05-20T17:35:10.758+0000] {processor.py:186} INFO - Started process (PID=887) to work on /home/airflow/.local/lib/python3.12/site-packages/airflow/example_dags/tutorial.py
[2025-05-20T17:35:10.761+0000] {processor.py:914} INFO - Processing file /home/airflow/.local/lib/python3.12/site-packages/airflow/example_dags/tutorial.py for tasks to queue
[2025-05-20T17:35:10.766+0000] {logging_mixin.py:190} INFO - [2025-05-20T17:35:10.765+0000] {dagbag.py:588} INFO - Filling up the DagBag from /home/airflow/.local/lib/python3.12/site-packages/airflow/example_dags/tutorial.py
[2025-05-20T17:35:10.783+0000] {processor.py:925} INFO - DAG(s) 'tutorial' retrieved from /home/airflow/.local/lib/python3.12/site-packages/airflow/example_dags/tutorial.py
[2025-05-20T17:35:10.826+0000] {logging_mixin.py:190} INFO - [2025-05-20T17:35:10.825+0000] {dag.py:3239} INFO - Sync 1 DAGs
[2025-05-20T17:35:10.872+0000] {logging_mixin.py:190} INFO - [2025-05-20T17:35:10.872+0000] {dag.py:4180} INFO - Setting next_dagrun for tutorial to 2025-05-19 00:00:00+00:00, run_after=2025-05-20 00:00:00+00:00
[2025-05-20T17:35:10.974+0000] {processor.py:208} INFO - Processing /home/airflow/.local/lib/python3.12/site-packages/airflow/example_dags/tutorial.py took 0.227 seconds
[2025-05-20T17:35:41.936+0000] {processor.py:186} INFO - Started process (PID=953) to work on /home/airflow/.local/lib/python3.12/site-packages/airflow/example_dags/tutorial.py
[2025-05-20T17:35:41.940+0000] {processor.py:914} INFO - Processing file /home/airflow/.local/lib/python3.12/site-packages/airflow/example_dags/tutorial.py for tasks to queue
[2025-05-20T17:35:41.949+0000] {logging_mixin.py:190} INFO - [2025-05-20T17:35:41.947+0000] {dagbag.py:588} INFO - Filling up the DagBag from /home/airflow/.local/lib/python3.12/site-packages/airflow/example_dags/tutorial.py
[2025-05-20T17:35:41.972+0000] {processor.py:925} INFO - DAG(s) 'tutorial' retrieved from /home/airflow/.local/lib/python3.12/site-packages/airflow/example_dags/tutorial.py
[2025-05-20T17:35:42.014+0000] {logging_mixin.py:190} INFO - [2025-05-20T17:35:42.013+0000] {dag.py:3239} INFO - Sync 1 DAGs
[2025-05-20T17:35:42.061+0000] {logging_mixin.py:190} INFO - [2025-05-20T17:35:42.060+0000] {dag.py:4180} INFO - Setting next_dagrun for tutorial to 2025-05-19 00:00:00+00:00, run_after=2025-05-20 00:00:00+00:00
[2025-05-20T17:35:42.164+0000] {processor.py:208} INFO - Processing /home/airflow/.local/lib/python3.12/site-packages/airflow/example_dags/tutorial.py took 0.241 seconds
[2025-05-20T17:36:12.658+0000] {processor.py:186} INFO - Started process (PID=1019) to work on /home/airflow/.local/lib/python3.12/site-packages/airflow/example_dags/tutorial.py
[2025-05-20T17:36:12.660+0000] {processor.py:914} INFO - Processing file /home/airflow/.local/lib/python3.12/site-packages/airflow/example_dags/tutorial.py for tasks to queue
[2025-05-20T17:36:12.664+0000] {logging_mixin.py:190} INFO - [2025-05-20T17:36:12.664+0000] {dagbag.py:588} INFO - Filling up the DagBag from /home/airflow/.local/lib/python3.12/site-packages/airflow/example_dags/tutorial.py
[2025-05-20T17:36:12.680+0000] {processor.py:925} INFO - DAG(s) 'tutorial' retrieved from /home/airflow/.local/lib/python3.12/site-packages/airflow/example_dags/tutorial.py
[2025-05-20T17:36:12.723+0000] {logging_mixin.py:190} INFO - [2025-05-20T17:36:12.723+0000] {dag.py:3239} INFO - Sync 1 DAGs
[2025-05-20T17:36:12.790+0000] {logging_mixin.py:190} INFO - [2025-05-20T17:36:12.790+0000] {dag.py:4180} INFO - Setting next_dagrun for tutorial to 2025-05-19 00:00:00+00:00, run_after=2025-05-20 00:00:00+00:00
[2025-05-20T17:36:12.828+0000] {processor.py:208} INFO - Processing /home/airflow/.local/lib/python3.12/site-packages/airflow/example_dags/tutorial.py took 0.181 seconds
[2025-05-20T17:36:43.689+0000] {processor.py:186} INFO - Started process (PID=1085) to work on /home/airflow/.local/lib/python3.12/site-packages/airflow/example_dags/tutorial.py
[2025-05-20T17:36:43.692+0000] {processor.py:914} INFO - Processing file /home/airflow/.local/lib/python3.12/site-packages/airflow/example_dags/tutorial.py for tasks to queue
[2025-05-20T17:36:43.696+0000] {logging_mixin.py:190} INFO - [2025-05-20T17:36:43.696+0000] {dagbag.py:588} INFO - Filling up the DagBag from /home/airflow/.local/lib/python3.12/site-packages/airflow/example_dags/tutorial.py
[2025-05-20T17:36:43.712+0000] {processor.py:925} INFO - DAG(s) 'tutorial' retrieved from /home/airflow/.local/lib/python3.12/site-packages/airflow/example_dags/tutorial.py
[2025-05-20T17:36:43.754+0000] {logging_mixin.py:190} INFO - [2025-05-20T17:36:43.753+0000] {dag.py:3239} INFO - Sync 1 DAGs
[2025-05-20T17:36:43.800+0000] {logging_mixin.py:190} INFO - [2025-05-20T17:36:43.800+0000] {dag.py:4180} INFO - Setting next_dagrun for tutorial to 2025-05-19 00:00:00+00:00, run_after=2025-05-20 00:00:00+00:00
[2025-05-20T17:36:43.853+0000] {processor.py:208} INFO - Processing /home/airflow/.local/lib/python3.12/site-packages/airflow/example_dags/tutorial.py took 0.175 seconds
[2025-05-20T17:37:15.744+0000] {processor.py:186} INFO - Started process (PID=1151) to work on /home/airflow/.local/lib/python3.12/site-packages/airflow/example_dags/tutorial.py
[2025-05-20T17:37:15.747+0000] {processor.py:914} INFO - Processing file /home/airflow/.local/lib/python3.12/site-packages/airflow/example_dags/tutorial.py for tasks to queue
[2025-05-20T17:37:15.752+0000] {logging_mixin.py:190} INFO - [2025-05-20T17:37:15.751+0000] {dagbag.py:588} INFO - Filling up the DagBag from /home/airflow/.local/lib/python3.12/site-packages/airflow/example_dags/tutorial.py
[2025-05-20T17:37:15.773+0000] {processor.py:925} INFO - DAG(s) 'tutorial' retrieved from /home/airflow/.local/lib/python3.12/site-packages/airflow/example_dags/tutorial.py
[2025-05-20T17:37:15.819+0000] {logging_mixin.py:190} INFO - [2025-05-20T17:37:15.818+0000] {dag.py:3239} INFO - Sync 1 DAGs
[2025-05-20T17:37:15.868+0000] {logging_mixin.py:190} INFO - [2025-05-20T17:37:15.867+0000] {dag.py:4180} INFO - Setting next_dagrun for tutorial to 2025-05-19 00:00:00+00:00, run_after=2025-05-20 00:00:00+00:00
[2025-05-20T17:37:15.907+0000] {processor.py:208} INFO - Processing /home/airflow/.local/lib/python3.12/site-packages/airflow/example_dags/tutorial.py took 0.177 seconds
[2025-05-20T17:37:47.942+0000] {processor.py:186} INFO - Started process (PID=1217) to work on /home/airflow/.local/lib/python3.12/site-packages/airflow/example_dags/tutorial.py
[2025-05-20T17:37:47.945+0000] {processor.py:914} INFO - Processing file /home/airflow/.local/lib/python3.12/site-packages/airflow/example_dags/tutorial.py for tasks to queue
[2025-05-20T17:37:47.949+0000] {logging_mixin.py:190} INFO - [2025-05-20T17:37:47.949+0000] {dagbag.py:588} INFO - Filling up the DagBag from /home/airflow/.local/lib/python3.12/site-packages/airflow/example_dags/tutorial.py
[2025-05-20T17:37:47.966+0000] {processor.py:925} INFO - DAG(s) 'tutorial' retrieved from /home/airflow/.local/lib/python3.12/site-packages/airflow/example_dags/tutorial.py
[2025-05-20T17:37:48.007+0000] {logging_mixin.py:190} INFO - [2025-05-20T17:37:48.007+0000] {dag.py:3239} INFO - Sync 1 DAGs
[2025-05-20T17:37:48.054+0000] {logging_mixin.py:190} INFO - [2025-05-20T17:37:48.054+0000] {dag.py:4180} INFO - Setting next_dagrun for tutorial to 2025-05-19 00:00:00+00:00, run_after=2025-05-20 00:00:00+00:00
[2025-05-20T17:37:48.158+0000] {processor.py:208} INFO - Processing /home/airflow/.local/lib/python3.12/site-packages/airflow/example_dags/tutorial.py took 0.227 seconds
[2025-05-20T17:42:28.650+0000] {processor.py:186} INFO - Started process (PID=88) to work on /home/airflow/.local/lib/python3.12/site-packages/airflow/example_dags/tutorial.py
[2025-05-20T17:42:28.652+0000] {processor.py:914} INFO - Processing file /home/airflow/.local/lib/python3.12/site-packages/airflow/example_dags/tutorial.py for tasks to queue
[2025-05-20T17:42:28.656+0000] {logging_mixin.py:190} INFO - [2025-05-20T17:42:28.655+0000] {dagbag.py:588} INFO - Filling up the DagBag from /home/airflow/.local/lib/python3.12/site-packages/airflow/example_dags/tutorial.py
[2025-05-20T17:42:28.677+0000] {processor.py:925} INFO - DAG(s) 'tutorial' retrieved from /home/airflow/.local/lib/python3.12/site-packages/airflow/example_dags/tutorial.py
[2025-05-20T17:42:28.927+0000] {logging_mixin.py:190} INFO - [2025-05-20T17:42:28.926+0000] {override.py:1930} INFO - Created Permission View: can read on DAG:tutorial
[2025-05-20T17:42:28.949+0000] {logging_mixin.py:190} INFO - [2025-05-20T17:42:28.948+0000] {override.py:1930} INFO - Created Permission View: can edit on DAG:tutorial
[2025-05-20T17:42:28.966+0000] {logging_mixin.py:190} INFO - [2025-05-20T17:42:28.965+0000] {override.py:1930} INFO - Created Permission View: can delete on DAG:tutorial
[2025-05-20T17:42:28.984+0000] {logging_mixin.py:190} INFO - [2025-05-20T17:42:28.983+0000] {override.py:1930} INFO - Created Permission View: menu access on DAG Run:tutorial
[2025-05-20T17:42:29.000+0000] {logging_mixin.py:190} INFO - [2025-05-20T17:42:28.999+0000] {override.py:1930} INFO - Created Permission View: can read on DAG Run:tutorial
[2025-05-20T17:42:29.014+0000] {logging_mixin.py:190} INFO - [2025-05-20T17:42:29.014+0000] {override.py:1930} INFO - Created Permission View: can delete on DAG Run:tutorial
[2025-05-20T17:42:29.030+0000] {logging_mixin.py:190} INFO - [2025-05-20T17:42:29.029+0000] {override.py:1930} INFO - Created Permission View: can create on DAG Run:tutorial
[2025-05-20T17:42:29.031+0000] {logging_mixin.py:190} INFO - [2025-05-20T17:42:29.031+0000] {dag.py:3239} INFO - Sync 1 DAGs
[2025-05-20T17:42:29.060+0000] {logging_mixin.py:190} INFO - [2025-05-20T17:42:29.060+0000] {dag.py:3262} INFO - Creating ORM DAG for tutorial
[2025-05-20T17:42:29.084+0000] {logging_mixin.py:190} INFO - [2025-05-20T17:42:29.083+0000] {dag.py:4180} INFO - Setting next_dagrun for tutorial to 2025-05-19 00:00:00+00:00, run_after=2025-05-20 00:00:00+00:00
[2025-05-20T17:42:29.124+0000] {processor.py:208} INFO - Processing /home/airflow/.local/lib/python3.12/site-packages/airflow/example_dags/tutorial.py took 0.485 seconds
[2025-05-20T17:42:59.259+0000] {processor.py:186} INFO - Started process (PID=153) to work on /home/airflow/.local/lib/python3.12/site-packages/airflow/example_dags/tutorial.py
[2025-05-20T17:42:59.262+0000] {processor.py:914} INFO - Processing file /home/airflow/.local/lib/python3.12/site-packages/airflow/example_dags/tutorial.py for tasks to queue
[2025-05-20T17:42:59.267+0000] {logging_mixin.py:190} INFO - [2025-05-20T17:42:59.266+0000] {dagbag.py:588} INFO - Filling up the DagBag from /home/airflow/.local/lib/python3.12/site-packages/airflow/example_dags/tutorial.py
[2025-05-20T17:42:59.286+0000] {processor.py:925} INFO - DAG(s) 'tutorial' retrieved from /home/airflow/.local/lib/python3.12/site-packages/airflow/example_dags/tutorial.py
[2025-05-20T17:42:59.332+0000] {logging_mixin.py:190} INFO - [2025-05-20T17:42:59.331+0000] {dag.py:3239} INFO - Sync 1 DAGs
[2025-05-20T17:42:59.379+0000] {logging_mixin.py:190} INFO - [2025-05-20T17:42:59.378+0000] {dag.py:4180} INFO - Setting next_dagrun for tutorial to 2025-05-19 00:00:00+00:00, run_after=2025-05-20 00:00:00+00:00
[2025-05-20T17:42:59.418+0000] {processor.py:208} INFO - Processing /home/airflow/.local/lib/python3.12/site-packages/airflow/example_dags/tutorial.py took 0.174 seconds
[2025-05-20T17:43:29.617+0000] {processor.py:186} INFO - Started process (PID=222) to work on /home/airflow/.local/lib/python3.12/site-packages/airflow/example_dags/tutorial.py
[2025-05-20T17:43:29.619+0000] {processor.py:914} INFO - Processing file /home/airflow/.local/lib/python3.12/site-packages/airflow/example_dags/tutorial.py for tasks to queue
[2025-05-20T17:43:29.621+0000] {logging_mixin.py:190} INFO - [2025-05-20T17:43:29.621+0000] {dagbag.py:588} INFO - Filling up the DagBag from /home/airflow/.local/lib/python3.12/site-packages/airflow/example_dags/tutorial.py
[2025-05-20T17:43:29.641+0000] {processor.py:925} INFO - DAG(s) 'tutorial' retrieved from /home/airflow/.local/lib/python3.12/site-packages/airflow/example_dags/tutorial.py
[2025-05-20T17:43:29.692+0000] {logging_mixin.py:190} INFO - [2025-05-20T17:43:29.691+0000] {dag.py:3239} INFO - Sync 1 DAGs
[2025-05-20T17:43:29.756+0000] {logging_mixin.py:190} INFO - [2025-05-20T17:43:29.756+0000] {dag.py:4180} INFO - Setting next_dagrun for tutorial to 2025-05-19 00:00:00+00:00, run_after=2025-05-20 00:00:00+00:00
[2025-05-20T17:43:29.863+0000] {processor.py:208} INFO - Processing /home/airflow/.local/lib/python3.12/site-packages/airflow/example_dags/tutorial.py took 0.258 seconds
[2025-05-20T17:44:00.418+0000] {processor.py:186} INFO - Started process (PID=289) to work on /home/airflow/.local/lib/python3.12/site-packages/airflow/example_dags/tutorial.py
[2025-05-20T17:44:00.420+0000] {processor.py:914} INFO - Processing file /home/airflow/.local/lib/python3.12/site-packages/airflow/example_dags/tutorial.py for tasks to queue
[2025-05-20T17:44:00.423+0000] {logging_mixin.py:190} INFO - [2025-05-20T17:44:00.422+0000] {dagbag.py:588} INFO - Filling up the DagBag from /home/airflow/.local/lib/python3.12/site-packages/airflow/example_dags/tutorial.py
[2025-05-20T17:44:00.440+0000] {processor.py:925} INFO - DAG(s) 'tutorial' retrieved from /home/airflow/.local/lib/python3.12/site-packages/airflow/example_dags/tutorial.py
[2025-05-20T17:44:00.482+0000] {logging_mixin.py:190} INFO - [2025-05-20T17:44:00.481+0000] {dag.py:3239} INFO - Sync 1 DAGs
[2025-05-20T17:44:00.530+0000] {logging_mixin.py:190} INFO - [2025-05-20T17:44:00.529+0000] {dag.py:4180} INFO - Setting next_dagrun for tutorial to 2025-05-19 00:00:00+00:00, run_after=2025-05-20 00:00:00+00:00
[2025-05-20T17:44:00.635+0000] {processor.py:208} INFO - Processing /home/airflow/.local/lib/python3.12/site-packages/airflow/example_dags/tutorial.py took 0.228 seconds
[2025-05-20T17:44:31.274+0000] {processor.py:186} INFO - Started process (PID=357) to work on /home/airflow/.local/lib/python3.12/site-packages/airflow/example_dags/tutorial.py
[2025-05-20T17:44:31.276+0000] {processor.py:914} INFO - Processing file /home/airflow/.local/lib/python3.12/site-packages/airflow/example_dags/tutorial.py for tasks to queue
[2025-05-20T17:44:31.278+0000] {logging_mixin.py:190} INFO - [2025-05-20T17:44:31.278+0000] {dagbag.py:588} INFO - Filling up the DagBag from /home/airflow/.local/lib/python3.12/site-packages/airflow/example_dags/tutorial.py
[2025-05-20T17:44:31.294+0000] {processor.py:925} INFO - DAG(s) 'tutorial' retrieved from /home/airflow/.local/lib/python3.12/site-packages/airflow/example_dags/tutorial.py
[2025-05-20T17:44:31.335+0000] {logging_mixin.py:190} INFO - [2025-05-20T17:44:31.334+0000] {dag.py:3239} INFO - Sync 1 DAGs
[2025-05-20T17:44:31.379+0000] {logging_mixin.py:190} INFO - [2025-05-20T17:44:31.378+0000] {dag.py:4180} INFO - Setting next_dagrun for tutorial to 2025-05-19 00:00:00+00:00, run_after=2025-05-20 00:00:00+00:00
[2025-05-20T17:44:31.485+0000] {processor.py:208} INFO - Processing /home/airflow/.local/lib/python3.12/site-packages/airflow/example_dags/tutorial.py took 0.222 seconds
[2025-05-20T17:45:02.036+0000] {processor.py:186} INFO - Started process (PID=423) to work on /home/airflow/.local/lib/python3.12/site-packages/airflow/example_dags/tutorial.py
[2025-05-20T17:45:02.038+0000] {processor.py:914} INFO - Processing file /home/airflow/.local/lib/python3.12/site-packages/airflow/example_dags/tutorial.py for tasks to queue
[2025-05-20T17:45:02.042+0000] {logging_mixin.py:190} INFO - [2025-05-20T17:45:02.041+0000] {dagbag.py:588} INFO - Filling up the DagBag from /home/airflow/.local/lib/python3.12/site-packages/airflow/example_dags/tutorial.py
[2025-05-20T17:45:02.062+0000] {processor.py:925} INFO - DAG(s) 'tutorial' retrieved from /home/airflow/.local/lib/python3.12/site-packages/airflow/example_dags/tutorial.py
[2025-05-20T17:45:02.120+0000] {logging_mixin.py:190} INFO - [2025-05-20T17:45:02.119+0000] {dag.py:3239} INFO - Sync 1 DAGs
[2025-05-20T17:45:02.184+0000] {logging_mixin.py:190} INFO - [2025-05-20T17:45:02.184+0000] {dag.py:4180} INFO - Setting next_dagrun for tutorial to 2025-05-19 00:00:00+00:00, run_after=2025-05-20 00:00:00+00:00
[2025-05-20T17:45:02.253+0000] {processor.py:208} INFO - Processing /home/airflow/.local/lib/python3.12/site-packages/airflow/example_dags/tutorial.py took 0.229 seconds
[2025-05-20T17:45:33.295+0000] {processor.py:186} INFO - Started process (PID=490) to work on /home/airflow/.local/lib/python3.12/site-packages/airflow/example_dags/tutorial.py
[2025-05-20T17:45:33.297+0000] {processor.py:914} INFO - Processing file /home/airflow/.local/lib/python3.12/site-packages/airflow/example_dags/tutorial.py for tasks to queue
[2025-05-20T17:45:33.299+0000] {logging_mixin.py:190} INFO - [2025-05-20T17:45:33.299+0000] {dagbag.py:588} INFO - Filling up the DagBag from /home/airflow/.local/lib/python3.12/site-packages/airflow/example_dags/tutorial.py
[2025-05-20T17:45:33.317+0000] {processor.py:925} INFO - DAG(s) 'tutorial' retrieved from /home/airflow/.local/lib/python3.12/site-packages/airflow/example_dags/tutorial.py
[2025-05-20T17:45:33.359+0000] {logging_mixin.py:190} INFO - [2025-05-20T17:45:33.359+0000] {dag.py:3239} INFO - Sync 1 DAGs
[2025-05-20T17:45:33.405+0000] {logging_mixin.py:190} INFO - [2025-05-20T17:45:33.405+0000] {dag.py:4180} INFO - Setting next_dagrun for tutorial to 2025-05-19 00:00:00+00:00, run_after=2025-05-20 00:00:00+00:00
[2025-05-20T17:45:33.444+0000] {processor.py:208} INFO - Processing /home/airflow/.local/lib/python3.12/site-packages/airflow/example_dags/tutorial.py took 0.160 seconds
[2025-05-20T17:46:04.370+0000] {processor.py:186} INFO - Started process (PID=556) to work on /home/airflow/.local/lib/python3.12/site-packages/airflow/example_dags/tutorial.py
[2025-05-20T17:46:04.372+0000] {processor.py:914} INFO - Processing file /home/airflow/.local/lib/python3.12/site-packages/airflow/example_dags/tutorial.py for tasks to queue
[2025-05-20T17:46:04.375+0000] {logging_mixin.py:190} INFO - [2025-05-20T17:46:04.374+0000] {dagbag.py:588} INFO - Filling up the DagBag from /home/airflow/.local/lib/python3.12/site-packages/airflow/example_dags/tutorial.py
[2025-05-20T17:46:04.394+0000] {processor.py:925} INFO - DAG(s) 'tutorial' retrieved from /home/airflow/.local/lib/python3.12/site-packages/airflow/example_dags/tutorial.py
[2025-05-20T17:46:04.440+0000] {logging_mixin.py:190} INFO - [2025-05-20T17:46:04.440+0000] {dag.py:3239} INFO - Sync 1 DAGs
[2025-05-20T17:46:04.490+0000] {logging_mixin.py:190} INFO - [2025-05-20T17:46:04.490+0000] {dag.py:4180} INFO - Setting next_dagrun for tutorial to 2025-05-19 00:00:00+00:00, run_after=2025-05-20 00:00:00+00:00
[2025-05-20T17:46:04.557+0000] {processor.py:208} INFO - Processing /home/airflow/.local/lib/python3.12/site-packages/airflow/example_dags/tutorial.py took 0.200 seconds
