[2025-05-19T20:13:33.623+0000] {taskinstance.py:1956} INFO - Dependencies all met for dep_context=non-requeueable deps ti=<TaskInstance: postgres_to_duckdb.transfer_to_duckdb manual__2025-05-19T20:13:29.532370+00:00 [queued]>
[2025-05-19T20:13:33.643+0000] {taskinstance.py:1956} INFO - Dependencies all met for dep_context=requeueable deps ti=<TaskInstance: postgres_to_duckdb.transfer_to_duckdb manual__2025-05-19T20:13:29.532370+00:00 [queued]>
[2025-05-19T20:13:33.645+0000] {taskinstance.py:2170} INFO - Starting attempt 1 of 1
[2025-05-19T20:13:33.678+0000] {taskinstance.py:2191} INFO - Executing <Task(PythonOperator): transfer_to_duckdb> on 2025-05-19 20:13:29.532370+00:00
[2025-05-19T20:13:33.698+0000] {standard_task_runner.py:60} INFO - Started process 148 to run task
[2025-05-19T20:13:33.707+0000] {standard_task_runner.py:87} INFO - Running: ['***', 'tasks', 'run', 'postgres_to_duckdb', 'transfer_to_duckdb', 'manual__2025-05-19T20:13:29.532370+00:00', '--job-id', '89', '--raw', '--subdir', 'DAGS_FOLDER/postgres_to_duck.py', '--cfg-path', '/tmp/tmphw5l6xg0']
[2025-05-19T20:13:33.711+0000] {standard_task_runner.py:88} INFO - Job 89: Subtask transfer_to_duckdb
[2025-05-19T20:13:33.824+0000] {task_command.py:423} INFO - Running <TaskInstance: postgres_to_duckdb.transfer_to_duckdb manual__2025-05-19T20:13:29.532370+00:00 [running]> on host 89821f630edb
[2025-05-19T20:13:34.108+0000] {taskinstance.py:2480} INFO - Exporting env vars: AIRFLOW_CTX_DAG_OWNER='***' AIRFLOW_CTX_DAG_ID='postgres_to_duckdb' AIRFLOW_CTX_TASK_ID='transfer_to_duckdb' AIRFLOW_CTX_EXECUTION_DATE='2025-05-19T20:13:29.532370+00:00' AIRFLOW_CTX_TRY_NUMBER='1' AIRFLOW_CTX_DAG_RUN_ID='manual__2025-05-19T20:13:29.532370+00:00'
[2025-05-19T20:13:34.165+0000] {logging_mixin.py:188} INFO - Connecting to DuckDB at /opt/***/data/stock_data.duckdb with UID=50000, GID=0
[2025-05-19T20:13:34.179+0000] {logging_mixin.py:188} INFO - Error connecting to DuckDB: IO Error: Cannot open file "/opt/***/data/stock_data.duckdb": Permission denied
[2025-05-19T20:13:34.180+0000] {logging_mixin.py:188} INFO - Trying alternate approach with readonly=False
[2025-05-19T20:13:34.182+0000] {logging_mixin.py:188} INFO - Alternate approach also failed: connect(): incompatible function arguments. The following argument types are supported:
    1. (database: object = ':memory:', read_only: bool = False, config: dict = None) -> duckdb.DuckDBPyConnection

Invoked with: '/opt/***/data/stock_data.duckdb'; kwargs: readonly=False
[2025-05-19T20:13:34.183+0000] {taskinstance.py:2698} ERROR - Task failed with exception
Traceback (most recent call last):
  File "/opt/airflow/dags/postgres_to_duck.py", line 41, in transfer_to_duckdb
    con = duckdb.connect(db_path)
duckdb.duckdb.IOException: IO Error: Cannot open file "/opt/***/data/stock_data.duckdb": Permission denied

During handling of the above exception, another exception occurred:

Traceback (most recent call last):
  File "/home/airflow/.local/lib/python3.10/site-packages/airflow/models/taskinstance.py", line 433, in _execute_task
    result = execute_callable(context=context, **execute_callable_kwargs)
  File "/home/airflow/.local/lib/python3.10/site-packages/airflow/operators/python.py", line 199, in execute
    return_value = self.execute_callable()
  File "/home/airflow/.local/lib/python3.10/site-packages/airflow/operators/python.py", line 216, in execute_callable
    return self.python_callable(*self.op_args, **self.op_kwargs)
  File "/opt/airflow/dags/postgres_to_duck.py", line 73, in transfer_to_duckdb
    raise e2
  File "/opt/airflow/dags/postgres_to_duck.py", line 61, in transfer_to_duckdb
    con = duckdb.connect(db_path, readonly=False)
TypeError: connect(): incompatible function arguments. The following argument types are supported:
    1. (database: object = ':memory:', read_only: bool = False, config: dict = None) -> duckdb.DuckDBPyConnection

Invoked with: '/opt/***/data/stock_data.duckdb'; kwargs: readonly=False
[2025-05-19T20:13:34.212+0000] {taskinstance.py:1138} INFO - Marking task as FAILED. dag_id=postgres_to_duckdb, task_id=transfer_to_duckdb, execution_date=20250519T201329, start_date=20250519T201333, end_date=20250519T201334
[2025-05-19T20:13:34.244+0000] {standard_task_runner.py:107} ERROR - Failed to execute job 89 for task transfer_to_duckdb (connect(): incompatible function arguments. The following argument types are supported:
    1. (database: object = ':memory:', read_only: bool = False, config: dict = None) -> duckdb.DuckDBPyConnection

Invoked with: '/opt/***/data/stock_data.duckdb'; kwargs: readonly=False; 148)
[2025-05-19T20:13:34.286+0000] {local_task_job_runner.py:234} INFO - Task exited with return code 1
[2025-05-19T20:13:34.321+0000] {taskinstance.py:3280} INFO - 0 downstream tasks scheduled from follow-on schedule check
