[2025-05-23T22:38:34.858+0000] {local_task_job_runner.py:123} INFO - ::group::Pre task execution logs
[2025-05-23T22:38:35.201+0000] {taskinstance.py:2631} INFO - Dependencies all met for dep_context=non-requeueable deps ti=<TaskInstance: fetch_eod_data.fetch_eod_data scheduled__2025-05-22T00:00:00+00:00 [queued]>
[2025-05-23T22:38:35.218+0000] {taskinstance.py:2631} INFO - Dependencies all met for dep_context=requeueable deps ti=<TaskInstance: fetch_eod_data.fetch_eod_data scheduled__2025-05-22T00:00:00+00:00 [queued]>
[2025-05-23T22:38:35.220+0000] {taskinstance.py:2884} INFO - Starting attempt 1 of 1
[2025-05-23T22:38:35.251+0000] {taskinstance.py:2907} INFO - Executing <Task(PythonOperator): fetch_eod_data> on 2025-05-22 00:00:00+00:00
[2025-05-23T22:38:35.268+0000] {warnings.py:112} WARNING - /home/***/.local/lib/python3.12/site-packages/***/task/task_runner/standard_task_runner.py:70: DeprecationWarning: This process (pid=97) is multi-threaded, use of fork() may lead to deadlocks in the child.
  pid = os.fork()

[2025-05-23T22:38:35.272+0000] {standard_task_runner.py:72} INFO - Started process 106 to run task
[2025-05-23T22:38:35.271+0000] {standard_task_runner.py:104} INFO - Running: ['***', 'tasks', 'run', 'fetch_eod_data', 'fetch_eod_data', 'scheduled__2025-05-22T00:00:00+00:00', '--job-id', '3', '--raw', '--subdir', 'DAGS_FOLDER/eod_data_pipeline.py', '--cfg-path', '/tmp/tmp704aaln0']
[2025-05-23T22:38:35.274+0000] {standard_task_runner.py:105} INFO - Job 3: Subtask fetch_eod_data
[2025-05-23T22:38:35.371+0000] {task_command.py:467} INFO - Running <TaskInstance: fetch_eod_data.fetch_eod_data scheduled__2025-05-22T00:00:00+00:00 [running]> on host c5b8990b83b7
[2025-05-23T22:38:35.631+0000] {taskinstance.py:3157} INFO - Exporting env vars: AIRFLOW_CTX_DAG_OWNER='***' AIRFLOW_CTX_DAG_ID='fetch_eod_data' AIRFLOW_CTX_TASK_ID='fetch_eod_data' AIRFLOW_CTX_EXECUTION_DATE='2025-05-22T00:00:00+00:00' AIRFLOW_CTX_TRY_NUMBER='1' AIRFLOW_CTX_DAG_RUN_ID='scheduled__2025-05-22T00:00:00+00:00'
[2025-05-23T22:38:35.635+0000] {logging_mixin.py:190} INFO - Task instance is in running state
[2025-05-23T22:38:35.636+0000] {logging_mixin.py:190} INFO -  Previous state of the Task instance: queued
[2025-05-23T22:38:35.637+0000] {logging_mixin.py:190} INFO - Current task name:fetch_eod_data state:running start_date:2025-05-23 22:38:35.203063+00:00
[2025-05-23T22:38:35.639+0000] {logging_mixin.py:190} INFO - Dag name:fetch_eod_data and current dag run status:running
[2025-05-23T22:38:35.640+0000] {taskinstance.py:740} INFO - ::endgroup::
[2025-05-23T22:38:48.075+0000] {python.py:240} INFO - Done. Returned value was: None
[2025-05-23T22:38:48.101+0000] {taskinstance.py:349} INFO - ::group::Post task execution logs
[2025-05-23T22:38:48.103+0000] {taskinstance.py:361} INFO - Marking task as SUCCESS. dag_id=fetch_eod_data, task_id=fetch_eod_data, run_id=scheduled__2025-05-22T00:00:00+00:00, execution_date=20250522T000000, start_date=20250523T223835, end_date=20250523T223848
[2025-05-23T22:38:48.165+0000] {logging_mixin.py:190} INFO - Task instance in success state
[2025-05-23T22:38:48.167+0000] {logging_mixin.py:190} INFO -  Previous state of the Task instance: running
[2025-05-23T22:38:48.168+0000] {logging_mixin.py:190} INFO - Dag name:fetch_eod_data queued_at:2025-05-23 22:38:24.638494+00:00
[2025-05-23T22:38:48.169+0000] {logging_mixin.py:190} INFO - Task hostname:c5b8990b83b7 operator:PythonOperator
[2025-05-23T22:38:48.198+0000] {local_task_job_runner.py:266} INFO - Task exited with return code 0
[2025-05-23T22:38:48.246+0000] {taskinstance.py:3924} INFO - 1 downstream tasks scheduled from follow-on schedule check
[2025-05-23T22:38:48.250+0000] {local_task_job_runner.py:245} INFO - ::endgroup::
[2025-05-23T23:09:58.481+0000] {local_task_job_runner.py:123} INFO - ::group::Pre task execution logs
[2025-05-23T23:09:58.858+0000] {taskinstance.py:2631} INFO - Dependencies all met for dep_context=non-requeueable deps ti=<TaskInstance: fetch_eod_data.fetch_eod_data scheduled__2025-05-22T00:00:00+00:00 [queued]>
[2025-05-23T23:09:58.880+0000] {taskinstance.py:2631} INFO - Dependencies all met for dep_context=requeueable deps ti=<TaskInstance: fetch_eod_data.fetch_eod_data scheduled__2025-05-22T00:00:00+00:00 [queued]>
[2025-05-23T23:09:58.882+0000] {taskinstance.py:2884} INFO - Starting attempt 1 of 1
[2025-05-23T23:09:58.927+0000] {taskinstance.py:2907} INFO - Executing <Task(PythonOperator): fetch_eod_data> on 2025-05-22 00:00:00+00:00
[2025-05-23T23:09:58.944+0000] {warnings.py:112} WARNING - /home/***/.local/lib/python3.12/site-packages/***/task/task_runner/standard_task_runner.py:70: DeprecationWarning: This process (pid=130) is multi-threaded, use of fork() may lead to deadlocks in the child.
  pid = os.fork()

[2025-05-23T23:09:58.947+0000] {standard_task_runner.py:72} INFO - Started process 132 to run task
[2025-05-23T23:09:58.947+0000] {standard_task_runner.py:104} INFO - Running: ['***', 'tasks', 'run', 'fetch_eod_data', 'fetch_eod_data', 'scheduled__2025-05-22T00:00:00+00:00', '--job-id', '3', '--raw', '--subdir', 'DAGS_FOLDER/eod_data_pipeline.py', '--cfg-path', '/tmp/tmpi3mn40jf']
[2025-05-23T23:09:58.950+0000] {standard_task_runner.py:105} INFO - Job 3: Subtask fetch_eod_data
[2025-05-23T23:09:59.055+0000] {task_command.py:467} INFO - Running <TaskInstance: fetch_eod_data.fetch_eod_data scheduled__2025-05-22T00:00:00+00:00 [running]> on host a160e78386d6
[2025-05-23T23:09:59.301+0000] {taskinstance.py:3157} INFO - Exporting env vars: AIRFLOW_CTX_DAG_OWNER='***' AIRFLOW_CTX_DAG_ID='fetch_eod_data' AIRFLOW_CTX_TASK_ID='fetch_eod_data' AIRFLOW_CTX_EXECUTION_DATE='2025-05-22T00:00:00+00:00' AIRFLOW_CTX_TRY_NUMBER='1' AIRFLOW_CTX_DAG_RUN_ID='scheduled__2025-05-22T00:00:00+00:00'
[2025-05-23T23:09:59.304+0000] {logging_mixin.py:190} INFO - Task instance is in running state
[2025-05-23T23:09:59.305+0000] {logging_mixin.py:190} INFO -  Previous state of the Task instance: queued
[2025-05-23T23:09:59.306+0000] {logging_mixin.py:190} INFO - Current task name:fetch_eod_data state:running start_date:2025-05-23 23:09:58.860103+00:00
[2025-05-23T23:09:59.307+0000] {logging_mixin.py:190} INFO - Dag name:fetch_eod_data and current dag run status:running
[2025-05-23T23:09:59.308+0000] {taskinstance.py:740} INFO - ::endgroup::
[2025-05-23T23:10:12.602+0000] {python.py:240} INFO - Done. Returned value was: None
[2025-05-23T23:10:12.635+0000] {taskinstance.py:349} INFO - ::group::Post task execution logs
[2025-05-23T23:10:12.637+0000] {taskinstance.py:361} INFO - Marking task as SUCCESS. dag_id=fetch_eod_data, task_id=fetch_eod_data, run_id=scheduled__2025-05-22T00:00:00+00:00, execution_date=20250522T000000, start_date=20250523T230958, end_date=20250523T231012
[2025-05-23T23:10:12.698+0000] {logging_mixin.py:190} INFO - Task instance in success state
[2025-05-23T23:10:12.700+0000] {logging_mixin.py:190} INFO -  Previous state of the Task instance: running
[2025-05-23T23:10:12.701+0000] {logging_mixin.py:190} INFO - Dag name:fetch_eod_data queued_at:2025-05-23 23:09:48.055777+00:00
[2025-05-23T23:10:12.702+0000] {logging_mixin.py:190} INFO - Task hostname:a160e78386d6 operator:PythonOperator
[2025-05-23T23:10:12.760+0000] {local_task_job_runner.py:266} INFO - Task exited with return code 0
[2025-05-23T23:10:12.814+0000] {taskinstance.py:3924} INFO - 1 downstream tasks scheduled from follow-on schedule check
[2025-05-23T23:10:12.818+0000] {local_task_job_runner.py:245} INFO - ::endgroup::
