[2025-05-23T22:36:53.621+0000] {processor.py:186} INFO - Started process (PID=145) to work on /opt/airflow/dags/EOD.py
[2025-05-23T22:36:53.623+0000] {processor.py:914} INFO - Processing file /opt/airflow/dags/EOD.py for tasks to queue
[2025-05-23T22:36:53.628+0000] {logging_mixin.py:190} INFO - [2025-05-23T22:36:53.627+0000] {dagbag.py:588} INFO - Filling up the DagBag from /opt/airflow/dags/EOD.py
[2025-05-23T22:36:53.659+0000] {processor.py:927} WARNING - No viable dags retrieved from /opt/airflow/dags/EOD.py
[2025-05-23T22:36:53.689+0000] {processor.py:208} INFO - Processing /opt/airflow/dags/EOD.py took 0.079 seconds
[2025-05-23T22:37:25.003+0000] {processor.py:186} INFO - Started process (PID=211) to work on /opt/airflow/dags/EOD.py
[2025-05-23T22:37:25.006+0000] {processor.py:914} INFO - Processing file /opt/airflow/dags/EOD.py for tasks to queue
[2025-05-23T22:37:25.012+0000] {logging_mixin.py:190} INFO - [2025-05-23T22:37:25.011+0000] {dagbag.py:588} INFO - Filling up the DagBag from /opt/airflow/dags/EOD.py
[2025-05-23T22:37:25.039+0000] {processor.py:927} WARNING - No viable dags retrieved from /opt/airflow/dags/EOD.py
[2025-05-23T22:37:25.066+0000] {processor.py:208} INFO - Processing /opt/airflow/dags/EOD.py took 0.076 seconds
[2025-05-23T22:37:56.687+0000] {processor.py:186} INFO - Started process (PID=277) to work on /opt/airflow/dags/EOD.py
[2025-05-23T22:37:56.689+0000] {processor.py:914} INFO - Processing file /opt/airflow/dags/EOD.py for tasks to queue
[2025-05-23T22:37:56.694+0000] {logging_mixin.py:190} INFO - [2025-05-23T22:37:56.693+0000] {dagbag.py:588} INFO - Filling up the DagBag from /opt/airflow/dags/EOD.py
[2025-05-23T22:37:56.726+0000] {processor.py:927} WARNING - No viable dags retrieved from /opt/airflow/dags/EOD.py
[2025-05-23T22:37:56.752+0000] {processor.py:208} INFO - Processing /opt/airflow/dags/EOD.py took 0.076 seconds
[2025-05-23T22:38:29.301+0000] {processor.py:186} INFO - Started process (PID=343) to work on /opt/airflow/dags/EOD.py
[2025-05-23T22:38:29.303+0000] {processor.py:914} INFO - Processing file /opt/airflow/dags/EOD.py for tasks to queue
[2025-05-23T22:38:29.308+0000] {logging_mixin.py:190} INFO - [2025-05-23T22:38:29.307+0000] {dagbag.py:588} INFO - Filling up the DagBag from /opt/airflow/dags/EOD.py
[2025-05-23T22:38:29.341+0000] {processor.py:927} WARNING - No viable dags retrieved from /opt/airflow/dags/EOD.py
[2025-05-23T22:38:29.372+0000] {processor.py:208} INFO - Processing /opt/airflow/dags/EOD.py took 0.082 seconds
[2025-05-23T22:39:01.354+0000] {processor.py:186} INFO - Started process (PID=409) to work on /opt/airflow/dags/EOD.py
[2025-05-23T22:39:01.356+0000] {processor.py:914} INFO - Processing file /opt/airflow/dags/EOD.py for tasks to queue
[2025-05-23T22:39:01.361+0000] {logging_mixin.py:190} INFO - [2025-05-23T22:39:01.360+0000] {dagbag.py:588} INFO - Filling up the DagBag from /opt/airflow/dags/EOD.py
[2025-05-23T22:39:01.394+0000] {processor.py:927} WARNING - No viable dags retrieved from /opt/airflow/dags/EOD.py
[2025-05-23T22:39:01.427+0000] {processor.py:208} INFO - Processing /opt/airflow/dags/EOD.py took 0.086 seconds
[2025-05-23T22:39:33.719+0000] {processor.py:186} INFO - Started process (PID=476) to work on /opt/airflow/dags/EOD.py
[2025-05-23T22:39:33.721+0000] {processor.py:914} INFO - Processing file /opt/airflow/dags/EOD.py for tasks to queue
[2025-05-23T22:39:33.725+0000] {logging_mixin.py:190} INFO - [2025-05-23T22:39:33.725+0000] {dagbag.py:588} INFO - Filling up the DagBag from /opt/airflow/dags/EOD.py
[2025-05-23T22:39:33.760+0000] {processor.py:927} WARNING - No viable dags retrieved from /opt/airflow/dags/EOD.py
[2025-05-23T22:39:33.790+0000] {processor.py:208} INFO - Processing /opt/airflow/dags/EOD.py took 0.081 seconds
[2025-05-23T22:40:05.351+0000] {processor.py:186} INFO - Started process (PID=542) to work on /opt/airflow/dags/EOD.py
[2025-05-23T22:40:05.353+0000] {processor.py:914} INFO - Processing file /opt/airflow/dags/EOD.py for tasks to queue
[2025-05-23T22:40:05.358+0000] {logging_mixin.py:190} INFO - [2025-05-23T22:40:05.358+0000] {dagbag.py:588} INFO - Filling up the DagBag from /opt/airflow/dags/EOD.py
[2025-05-23T22:40:05.389+0000] {processor.py:927} WARNING - No viable dags retrieved from /opt/airflow/dags/EOD.py
[2025-05-23T22:40:05.416+0000] {processor.py:208} INFO - Processing /opt/airflow/dags/EOD.py took 0.076 seconds
[2025-05-23T22:40:38.116+0000] {processor.py:186} INFO - Started process (PID=611) to work on /opt/airflow/dags/EOD.py
[2025-05-23T22:40:38.119+0000] {processor.py:914} INFO - Processing file /opt/airflow/dags/EOD.py for tasks to queue
[2025-05-23T22:40:38.124+0000] {logging_mixin.py:190} INFO - [2025-05-23T22:40:38.123+0000] {dagbag.py:588} INFO - Filling up the DagBag from /opt/airflow/dags/EOD.py
[2025-05-23T22:40:38.154+0000] {processor.py:927} WARNING - No viable dags retrieved from /opt/airflow/dags/EOD.py
[2025-05-23T22:40:38.205+0000] {processor.py:208} INFO - Processing /opt/airflow/dags/EOD.py took 0.105 seconds
[2025-05-23T22:41:09.763+0000] {processor.py:186} INFO - Started process (PID=677) to work on /opt/airflow/dags/EOD.py
[2025-05-23T22:41:09.766+0000] {processor.py:914} INFO - Processing file /opt/airflow/dags/EOD.py for tasks to queue
[2025-05-23T22:41:09.771+0000] {logging_mixin.py:190} INFO - [2025-05-23T22:41:09.770+0000] {dagbag.py:588} INFO - Filling up the DagBag from /opt/airflow/dags/EOD.py
[2025-05-23T22:41:09.803+0000] {processor.py:927} WARNING - No viable dags retrieved from /opt/airflow/dags/EOD.py
[2025-05-23T22:41:09.831+0000] {processor.py:208} INFO - Processing /opt/airflow/dags/EOD.py took 0.083 seconds
[2025-05-23T22:41:42.752+0000] {processor.py:186} INFO - Started process (PID=747) to work on /opt/airflow/dags/EOD.py
[2025-05-23T22:41:42.754+0000] {processor.py:914} INFO - Processing file /opt/airflow/dags/EOD.py for tasks to queue
[2025-05-23T22:41:42.758+0000] {logging_mixin.py:190} INFO - [2025-05-23T22:41:42.757+0000] {dagbag.py:588} INFO - Filling up the DagBag from /opt/airflow/dags/EOD.py
[2025-05-23T22:41:42.788+0000] {processor.py:927} WARNING - No viable dags retrieved from /opt/airflow/dags/EOD.py
[2025-05-23T22:41:42.825+0000] {processor.py:208} INFO - Processing /opt/airflow/dags/EOD.py took 0.084 seconds
[2025-05-23T22:42:17.171+0000] {processor.py:186} INFO - Started process (PID=830) to work on /opt/airflow/dags/EOD.py
[2025-05-23T22:42:17.174+0000] {processor.py:914} INFO - Processing file /opt/airflow/dags/EOD.py for tasks to queue
[2025-05-23T22:42:17.181+0000] {logging_mixin.py:190} INFO - [2025-05-23T22:42:17.179+0000] {dagbag.py:588} INFO - Filling up the DagBag from /opt/airflow/dags/EOD.py
[2025-05-23T22:42:17.225+0000] {processor.py:927} WARNING - No viable dags retrieved from /opt/airflow/dags/EOD.py
[2025-05-23T22:42:17.267+0000] {processor.py:208} INFO - Processing /opt/airflow/dags/EOD.py took 0.112 seconds
[2025-05-23T22:42:48.997+0000] {processor.py:186} INFO - Started process (PID=898) to work on /opt/airflow/dags/EOD.py
[2025-05-23T22:42:48.999+0000] {processor.py:914} INFO - Processing file /opt/airflow/dags/EOD.py for tasks to queue
[2025-05-23T22:42:49.003+0000] {logging_mixin.py:190} INFO - [2025-05-23T22:42:49.003+0000] {dagbag.py:588} INFO - Filling up the DagBag from /opt/airflow/dags/EOD.py
[2025-05-23T22:42:49.035+0000] {processor.py:927} WARNING - No viable dags retrieved from /opt/airflow/dags/EOD.py
[2025-05-23T22:42:49.066+0000] {processor.py:208} INFO - Processing /opt/airflow/dags/EOD.py took 0.079 seconds
[2025-05-23T22:43:21.692+0000] {processor.py:186} INFO - Started process (PID=966) to work on /opt/airflow/dags/EOD.py
[2025-05-23T22:43:21.694+0000] {processor.py:914} INFO - Processing file /opt/airflow/dags/EOD.py for tasks to queue
[2025-05-23T22:43:21.699+0000] {logging_mixin.py:190} INFO - [2025-05-23T22:43:21.699+0000] {dagbag.py:588} INFO - Filling up the DagBag from /opt/airflow/dags/EOD.py
[2025-05-23T22:43:21.734+0000] {processor.py:927} WARNING - No viable dags retrieved from /opt/airflow/dags/EOD.py
[2025-05-23T22:43:21.765+0000] {processor.py:208} INFO - Processing /opt/airflow/dags/EOD.py took 0.084 seconds
[2025-05-23T22:43:55.274+0000] {processor.py:186} INFO - Started process (PID=1036) to work on /opt/airflow/dags/EOD.py
[2025-05-23T22:43:55.276+0000] {processor.py:914} INFO - Processing file /opt/airflow/dags/EOD.py for tasks to queue
[2025-05-23T22:43:55.282+0000] {logging_mixin.py:190} INFO - [2025-05-23T22:43:55.281+0000] {dagbag.py:588} INFO - Filling up the DagBag from /opt/airflow/dags/EOD.py
[2025-05-23T22:43:55.310+0000] {processor.py:927} WARNING - No viable dags retrieved from /opt/airflow/dags/EOD.py
[2025-05-23T22:43:55.340+0000] {processor.py:208} INFO - Processing /opt/airflow/dags/EOD.py took 0.078 seconds
[2025-05-23T22:44:26.831+0000] {processor.py:186} INFO - Started process (PID=1104) to work on /opt/airflow/dags/EOD.py
[2025-05-23T22:44:26.834+0000] {processor.py:914} INFO - Processing file /opt/airflow/dags/EOD.py for tasks to queue
[2025-05-23T22:44:26.839+0000] {logging_mixin.py:190} INFO - [2025-05-23T22:44:26.838+0000] {dagbag.py:588} INFO - Filling up the DagBag from /opt/airflow/dags/EOD.py
[2025-05-23T22:44:26.870+0000] {processor.py:927} WARNING - No viable dags retrieved from /opt/airflow/dags/EOD.py
[2025-05-23T22:44:26.897+0000] {processor.py:208} INFO - Processing /opt/airflow/dags/EOD.py took 0.079 seconds
[2025-05-23T22:44:58.506+0000] {processor.py:186} INFO - Started process (PID=1172) to work on /opt/airflow/dags/EOD.py
[2025-05-23T22:44:58.508+0000] {processor.py:914} INFO - Processing file /opt/airflow/dags/EOD.py for tasks to queue
[2025-05-23T22:44:58.514+0000] {logging_mixin.py:190} INFO - [2025-05-23T22:44:58.513+0000] {dagbag.py:588} INFO - Filling up the DagBag from /opt/airflow/dags/EOD.py
[2025-05-23T22:44:58.550+0000] {processor.py:927} WARNING - No viable dags retrieved from /opt/airflow/dags/EOD.py
[2025-05-23T22:44:58.585+0000] {processor.py:208} INFO - Processing /opt/airflow/dags/EOD.py took 0.092 seconds
[2025-05-23T22:45:31.208+0000] {processor.py:186} INFO - Started process (PID=1241) to work on /opt/airflow/dags/EOD.py
[2025-05-23T22:45:31.211+0000] {processor.py:914} INFO - Processing file /opt/airflow/dags/EOD.py for tasks to queue
[2025-05-23T22:45:31.216+0000] {logging_mixin.py:190} INFO - [2025-05-23T22:45:31.215+0000] {dagbag.py:588} INFO - Filling up the DagBag from /opt/airflow/dags/EOD.py
[2025-05-23T22:45:31.252+0000] {processor.py:927} WARNING - No viable dags retrieved from /opt/airflow/dags/EOD.py
[2025-05-23T22:45:31.279+0000] {processor.py:208} INFO - Processing /opt/airflow/dags/EOD.py took 0.085 seconds
[2025-05-23T22:46:03.122+0000] {processor.py:186} INFO - Started process (PID=1310) to work on /opt/airflow/dags/EOD.py
[2025-05-23T22:46:03.124+0000] {processor.py:914} INFO - Processing file /opt/airflow/dags/EOD.py for tasks to queue
[2025-05-23T22:46:03.128+0000] {logging_mixin.py:190} INFO - [2025-05-23T22:46:03.128+0000] {dagbag.py:588} INFO - Filling up the DagBag from /opt/airflow/dags/EOD.py
[2025-05-23T22:46:03.160+0000] {processor.py:927} WARNING - No viable dags retrieved from /opt/airflow/dags/EOD.py
[2025-05-23T22:46:03.189+0000] {processor.py:208} INFO - Processing /opt/airflow/dags/EOD.py took 0.080 seconds
[2025-05-23T22:46:34.577+0000] {processor.py:186} INFO - Started process (PID=1379) to work on /opt/airflow/dags/EOD.py
[2025-05-23T22:46:34.580+0000] {processor.py:914} INFO - Processing file /opt/airflow/dags/EOD.py for tasks to queue
[2025-05-23T22:46:34.586+0000] {logging_mixin.py:190} INFO - [2025-05-23T22:46:34.585+0000] {dagbag.py:588} INFO - Filling up the DagBag from /opt/airflow/dags/EOD.py
[2025-05-23T22:46:34.612+0000] {processor.py:927} WARNING - No viable dags retrieved from /opt/airflow/dags/EOD.py
[2025-05-23T22:46:34.641+0000] {processor.py:208} INFO - Processing /opt/airflow/dags/EOD.py took 0.080 seconds
[2025-05-23T22:47:07.143+0000] {processor.py:186} INFO - Started process (PID=1449) to work on /opt/airflow/dags/EOD.py
[2025-05-23T22:47:07.145+0000] {processor.py:914} INFO - Processing file /opt/airflow/dags/EOD.py for tasks to queue
[2025-05-23T22:47:07.149+0000] {logging_mixin.py:190} INFO - [2025-05-23T22:47:07.148+0000] {dagbag.py:588} INFO - Filling up the DagBag from /opt/airflow/dags/EOD.py
[2025-05-23T22:47:07.182+0000] {processor.py:927} WARNING - No viable dags retrieved from /opt/airflow/dags/EOD.py
[2025-05-23T22:47:07.215+0000] {processor.py:208} INFO - Processing /opt/airflow/dags/EOD.py took 0.083 seconds
[2025-05-23T22:47:38.931+0000] {processor.py:186} INFO - Started process (PID=1516) to work on /opt/airflow/dags/EOD.py
[2025-05-23T22:47:38.933+0000] {processor.py:914} INFO - Processing file /opt/airflow/dags/EOD.py for tasks to queue
[2025-05-23T22:47:38.938+0000] {logging_mixin.py:190} INFO - [2025-05-23T22:47:38.937+0000] {dagbag.py:588} INFO - Filling up the DagBag from /opt/airflow/dags/EOD.py
[2025-05-23T22:47:38.967+0000] {processor.py:927} WARNING - No viable dags retrieved from /opt/airflow/dags/EOD.py
[2025-05-23T22:47:38.995+0000] {processor.py:208} INFO - Processing /opt/airflow/dags/EOD.py took 0.082 seconds
[2025-05-23T22:48:10.952+0000] {processor.py:186} INFO - Started process (PID=1582) to work on /opt/airflow/dags/EOD.py
[2025-05-23T22:48:10.955+0000] {processor.py:914} INFO - Processing file /opt/airflow/dags/EOD.py for tasks to queue
[2025-05-23T22:48:10.962+0000] {logging_mixin.py:190} INFO - [2025-05-23T22:48:10.961+0000] {dagbag.py:588} INFO - Filling up the DagBag from /opt/airflow/dags/EOD.py
[2025-05-23T22:48:10.996+0000] {processor.py:927} WARNING - No viable dags retrieved from /opt/airflow/dags/EOD.py
[2025-05-23T22:48:11.026+0000] {processor.py:208} INFO - Processing /opt/airflow/dags/EOD.py took 0.092 seconds
[2025-05-23T22:48:42.088+0000] {processor.py:186} INFO - Started process (PID=1649) to work on /opt/airflow/dags/EOD.py
[2025-05-23T22:48:42.090+0000] {processor.py:914} INFO - Processing file /opt/airflow/dags/EOD.py for tasks to queue
[2025-05-23T22:48:42.096+0000] {logging_mixin.py:190} INFO - [2025-05-23T22:48:42.095+0000] {dagbag.py:588} INFO - Filling up the DagBag from /opt/airflow/dags/EOD.py
[2025-05-23T22:48:42.122+0000] {processor.py:927} WARNING - No viable dags retrieved from /opt/airflow/dags/EOD.py
[2025-05-23T22:48:42.155+0000] {processor.py:208} INFO - Processing /opt/airflow/dags/EOD.py took 0.079 seconds
[2025-05-23T22:49:13.751+0000] {processor.py:186} INFO - Started process (PID=1714) to work on /opt/airflow/dags/EOD.py
[2025-05-23T22:49:13.753+0000] {processor.py:914} INFO - Processing file /opt/airflow/dags/EOD.py for tasks to queue
[2025-05-23T22:49:13.757+0000] {logging_mixin.py:190} INFO - [2025-05-23T22:49:13.756+0000] {dagbag.py:588} INFO - Filling up the DagBag from /opt/airflow/dags/EOD.py
[2025-05-23T22:49:13.814+0000] {processor.py:927} WARNING - No viable dags retrieved from /opt/airflow/dags/EOD.py
[2025-05-23T22:49:13.845+0000] {processor.py:208} INFO - Processing /opt/airflow/dags/EOD.py took 0.105 seconds
[2025-05-23T22:49:44.856+0000] {processor.py:186} INFO - Started process (PID=1786) to work on /opt/airflow/dags/EOD.py
[2025-05-23T22:49:44.859+0000] {processor.py:914} INFO - Processing file /opt/airflow/dags/EOD.py for tasks to queue
[2025-05-23T22:49:44.865+0000] {logging_mixin.py:190} INFO - [2025-05-23T22:49:44.864+0000] {dagbag.py:588} INFO - Filling up the DagBag from /opt/airflow/dags/EOD.py
[2025-05-23T22:49:44.899+0000] {processor.py:927} WARNING - No viable dags retrieved from /opt/airflow/dags/EOD.py
[2025-05-23T22:49:44.930+0000] {processor.py:208} INFO - Processing /opt/airflow/dags/EOD.py took 0.089 seconds
[2025-05-23T22:50:16.092+0000] {processor.py:186} INFO - Started process (PID=1853) to work on /opt/airflow/dags/EOD.py
[2025-05-23T22:50:16.094+0000] {processor.py:914} INFO - Processing file /opt/airflow/dags/EOD.py for tasks to queue
[2025-05-23T22:50:16.099+0000] {logging_mixin.py:190} INFO - [2025-05-23T22:50:16.098+0000] {dagbag.py:588} INFO - Filling up the DagBag from /opt/airflow/dags/EOD.py
[2025-05-23T22:50:16.127+0000] {processor.py:927} WARNING - No viable dags retrieved from /opt/airflow/dags/EOD.py
[2025-05-23T22:50:16.155+0000] {processor.py:208} INFO - Processing /opt/airflow/dags/EOD.py took 0.077 seconds
[2025-05-23T22:50:46.453+0000] {processor.py:186} INFO - Started process (PID=1918) to work on /opt/airflow/dags/EOD.py
[2025-05-23T22:50:46.456+0000] {processor.py:914} INFO - Processing file /opt/airflow/dags/EOD.py for tasks to queue
[2025-05-23T22:50:46.460+0000] {logging_mixin.py:190} INFO - [2025-05-23T22:50:46.460+0000] {dagbag.py:588} INFO - Filling up the DagBag from /opt/airflow/dags/EOD.py
[2025-05-23T22:50:46.489+0000] {processor.py:927} WARNING - No viable dags retrieved from /opt/airflow/dags/EOD.py
[2025-05-23T22:50:46.517+0000] {processor.py:208} INFO - Processing /opt/airflow/dags/EOD.py took 0.075 seconds
[2025-05-23T22:51:17.054+0000] {processor.py:186} INFO - Started process (PID=1986) to work on /opt/airflow/dags/EOD.py
[2025-05-23T22:51:17.056+0000] {processor.py:914} INFO - Processing file /opt/airflow/dags/EOD.py for tasks to queue
[2025-05-23T22:51:17.062+0000] {logging_mixin.py:190} INFO - [2025-05-23T22:51:17.061+0000] {dagbag.py:588} INFO - Filling up the DagBag from /opt/airflow/dags/EOD.py
[2025-05-23T22:51:17.094+0000] {processor.py:927} WARNING - No viable dags retrieved from /opt/airflow/dags/EOD.py
[2025-05-23T22:51:17.125+0000] {processor.py:208} INFO - Processing /opt/airflow/dags/EOD.py took 0.083 seconds
[2025-05-23T22:51:47.252+0000] {processor.py:186} INFO - Started process (PID=2051) to work on /opt/airflow/dags/EOD.py
[2025-05-23T22:51:47.255+0000] {processor.py:914} INFO - Processing file /opt/airflow/dags/EOD.py for tasks to queue
[2025-05-23T22:51:47.259+0000] {logging_mixin.py:190} INFO - [2025-05-23T22:51:47.258+0000] {dagbag.py:588} INFO - Filling up the DagBag from /opt/airflow/dags/EOD.py
[2025-05-23T22:51:47.288+0000] {processor.py:927} WARNING - No viable dags retrieved from /opt/airflow/dags/EOD.py
[2025-05-23T22:51:47.315+0000] {processor.py:208} INFO - Processing /opt/airflow/dags/EOD.py took 0.078 seconds
[2025-05-23T22:52:18.295+0000] {processor.py:186} INFO - Started process (PID=2118) to work on /opt/airflow/dags/EOD.py
[2025-05-23T22:52:18.297+0000] {processor.py:914} INFO - Processing file /opt/airflow/dags/EOD.py for tasks to queue
[2025-05-23T22:52:18.301+0000] {logging_mixin.py:190} INFO - [2025-05-23T22:52:18.301+0000] {dagbag.py:588} INFO - Filling up the DagBag from /opt/airflow/dags/EOD.py
[2025-05-23T22:52:18.334+0000] {processor.py:927} WARNING - No viable dags retrieved from /opt/airflow/dags/EOD.py
[2025-05-23T22:52:18.365+0000] {processor.py:208} INFO - Processing /opt/airflow/dags/EOD.py took 0.082 seconds
[2025-05-23T22:52:49.920+0000] {processor.py:186} INFO - Started process (PID=2186) to work on /opt/airflow/dags/EOD.py
[2025-05-23T22:52:49.922+0000] {processor.py:914} INFO - Processing file /opt/airflow/dags/EOD.py for tasks to queue
[2025-05-23T22:52:49.926+0000] {logging_mixin.py:190} INFO - [2025-05-23T22:52:49.926+0000] {dagbag.py:588} INFO - Filling up the DagBag from /opt/airflow/dags/EOD.py
[2025-05-23T22:52:49.958+0000] {processor.py:927} WARNING - No viable dags retrieved from /opt/airflow/dags/EOD.py
[2025-05-23T22:52:49.989+0000] {processor.py:208} INFO - Processing /opt/airflow/dags/EOD.py took 0.080 seconds
[2025-05-23T22:53:20.935+0000] {processor.py:186} INFO - Started process (PID=2252) to work on /opt/airflow/dags/EOD.py
[2025-05-23T22:53:20.937+0000] {processor.py:914} INFO - Processing file /opt/airflow/dags/EOD.py for tasks to queue
[2025-05-23T22:53:20.941+0000] {logging_mixin.py:190} INFO - [2025-05-23T22:53:20.941+0000] {dagbag.py:588} INFO - Filling up the DagBag from /opt/airflow/dags/EOD.py
[2025-05-23T22:53:20.972+0000] {processor.py:927} WARNING - No viable dags retrieved from /opt/airflow/dags/EOD.py
[2025-05-23T22:53:20.999+0000] {processor.py:208} INFO - Processing /opt/airflow/dags/EOD.py took 0.075 seconds
[2025-05-23T22:53:51.415+0000] {processor.py:186} INFO - Started process (PID=2319) to work on /opt/airflow/dags/EOD.py
[2025-05-23T22:53:51.418+0000] {processor.py:914} INFO - Processing file /opt/airflow/dags/EOD.py for tasks to queue
[2025-05-23T22:53:51.422+0000] {logging_mixin.py:190} INFO - [2025-05-23T22:53:51.421+0000] {dagbag.py:588} INFO - Filling up the DagBag from /opt/airflow/dags/EOD.py
[2025-05-23T22:53:51.456+0000] {processor.py:927} WARNING - No viable dags retrieved from /opt/airflow/dags/EOD.py
[2025-05-23T22:53:51.483+0000] {processor.py:208} INFO - Processing /opt/airflow/dags/EOD.py took 0.079 seconds
[2025-05-23T22:54:22.250+0000] {processor.py:186} INFO - Started process (PID=2386) to work on /opt/airflow/dags/EOD.py
[2025-05-23T22:54:22.251+0000] {processor.py:914} INFO - Processing file /opt/airflow/dags/EOD.py for tasks to queue
[2025-05-23T22:54:22.257+0000] {logging_mixin.py:190} INFO - [2025-05-23T22:54:22.256+0000] {dagbag.py:588} INFO - Filling up the DagBag from /opt/airflow/dags/EOD.py
[2025-05-23T22:54:22.293+0000] {processor.py:927} WARNING - No viable dags retrieved from /opt/airflow/dags/EOD.py
[2025-05-23T22:54:22.325+0000] {processor.py:208} INFO - Processing /opt/airflow/dags/EOD.py took 0.088 seconds
[2025-05-23T22:54:53.405+0000] {processor.py:186} INFO - Started process (PID=2451) to work on /opt/airflow/dags/EOD.py
[2025-05-23T22:54:53.407+0000] {processor.py:914} INFO - Processing file /opt/airflow/dags/EOD.py for tasks to queue
[2025-05-23T22:54:53.411+0000] {logging_mixin.py:190} INFO - [2025-05-23T22:54:53.411+0000] {dagbag.py:588} INFO - Filling up the DagBag from /opt/airflow/dags/EOD.py
[2025-05-23T22:54:53.442+0000] {processor.py:927} WARNING - No viable dags retrieved from /opt/airflow/dags/EOD.py
[2025-05-23T22:54:53.469+0000] {processor.py:208} INFO - Processing /opt/airflow/dags/EOD.py took 0.075 seconds
[2025-05-23T22:55:24.205+0000] {processor.py:186} INFO - Started process (PID=2517) to work on /opt/airflow/dags/EOD.py
[2025-05-23T22:55:24.207+0000] {processor.py:914} INFO - Processing file /opt/airflow/dags/EOD.py for tasks to queue
[2025-05-23T22:55:24.217+0000] {logging_mixin.py:190} INFO - [2025-05-23T22:55:24.213+0000] {dagbag.py:588} INFO - Filling up the DagBag from /opt/airflow/dags/EOD.py
[2025-05-23T22:55:24.249+0000] {processor.py:927} WARNING - No viable dags retrieved from /opt/airflow/dags/EOD.py
[2025-05-23T22:55:24.282+0000] {processor.py:208} INFO - Processing /opt/airflow/dags/EOD.py took 0.090 seconds
[2025-05-23T22:55:55.508+0000] {processor.py:186} INFO - Started process (PID=2583) to work on /opt/airflow/dags/EOD.py
[2025-05-23T22:55:55.510+0000] {processor.py:914} INFO - Processing file /opt/airflow/dags/EOD.py for tasks to queue
[2025-05-23T22:55:55.514+0000] {logging_mixin.py:190} INFO - [2025-05-23T22:55:55.514+0000] {dagbag.py:588} INFO - Filling up the DagBag from /opt/airflow/dags/EOD.py
[2025-05-23T22:55:55.543+0000] {processor.py:927} WARNING - No viable dags retrieved from /opt/airflow/dags/EOD.py
[2025-05-23T22:55:55.575+0000] {processor.py:208} INFO - Processing /opt/airflow/dags/EOD.py took 0.079 seconds
[2025-05-23T22:56:27.135+0000] {processor.py:186} INFO - Started process (PID=2650) to work on /opt/airflow/dags/EOD.py
[2025-05-23T22:56:27.137+0000] {processor.py:914} INFO - Processing file /opt/airflow/dags/EOD.py for tasks to queue
[2025-05-23T22:56:27.141+0000] {logging_mixin.py:190} INFO - [2025-05-23T22:56:27.141+0000] {dagbag.py:588} INFO - Filling up the DagBag from /opt/airflow/dags/EOD.py
[2025-05-23T22:56:27.173+0000] {processor.py:927} WARNING - No viable dags retrieved from /opt/airflow/dags/EOD.py
[2025-05-23T22:56:27.199+0000] {processor.py:208} INFO - Processing /opt/airflow/dags/EOD.py took 0.075 seconds
[2025-05-23T22:56:58.836+0000] {processor.py:186} INFO - Started process (PID=2716) to work on /opt/airflow/dags/EOD.py
[2025-05-23T22:56:58.838+0000] {processor.py:914} INFO - Processing file /opt/airflow/dags/EOD.py for tasks to queue
[2025-05-23T22:56:58.843+0000] {logging_mixin.py:190} INFO - [2025-05-23T22:56:58.842+0000] {dagbag.py:588} INFO - Filling up the DagBag from /opt/airflow/dags/EOD.py
[2025-05-23T22:56:58.875+0000] {processor.py:927} WARNING - No viable dags retrieved from /opt/airflow/dags/EOD.py
[2025-05-23T22:56:58.904+0000] {processor.py:208} INFO - Processing /opt/airflow/dags/EOD.py took 0.079 seconds
[2025-05-23T22:57:30.551+0000] {processor.py:186} INFO - Started process (PID=2782) to work on /opt/airflow/dags/EOD.py
[2025-05-23T22:57:30.553+0000] {processor.py:914} INFO - Processing file /opt/airflow/dags/EOD.py for tasks to queue
[2025-05-23T22:57:30.559+0000] {logging_mixin.py:190} INFO - [2025-05-23T22:57:30.558+0000] {dagbag.py:588} INFO - Filling up the DagBag from /opt/airflow/dags/EOD.py
[2025-05-23T22:57:30.587+0000] {processor.py:927} WARNING - No viable dags retrieved from /opt/airflow/dags/EOD.py
[2025-05-23T22:57:30.614+0000] {processor.py:208} INFO - Processing /opt/airflow/dags/EOD.py took 0.075 seconds
[2025-05-23T22:58:01.494+0000] {processor.py:186} INFO - Started process (PID=2847) to work on /opt/airflow/dags/EOD.py
[2025-05-23T22:58:01.500+0000] {processor.py:914} INFO - Processing file /opt/airflow/dags/EOD.py for tasks to queue
[2025-05-23T22:58:01.513+0000] {logging_mixin.py:190} INFO - [2025-05-23T22:58:01.512+0000] {dagbag.py:588} INFO - Filling up the DagBag from /opt/airflow/dags/EOD.py
[2025-05-23T22:58:01.567+0000] {processor.py:927} WARNING - No viable dags retrieved from /opt/airflow/dags/EOD.py
[2025-05-23T22:58:01.610+0000] {processor.py:208} INFO - Processing /opt/airflow/dags/EOD.py took 0.150 seconds
[2025-05-23T22:58:31.852+0000] {processor.py:186} INFO - Started process (PID=2913) to work on /opt/airflow/dags/EOD.py
[2025-05-23T22:58:31.854+0000] {processor.py:914} INFO - Processing file /opt/airflow/dags/EOD.py for tasks to queue
[2025-05-23T22:58:31.858+0000] {logging_mixin.py:190} INFO - [2025-05-23T22:58:31.858+0000] {dagbag.py:588} INFO - Filling up the DagBag from /opt/airflow/dags/EOD.py
[2025-05-23T22:58:31.886+0000] {processor.py:927} WARNING - No viable dags retrieved from /opt/airflow/dags/EOD.py
[2025-05-23T22:58:31.914+0000] {processor.py:208} INFO - Processing /opt/airflow/dags/EOD.py took 0.073 seconds
[2025-05-23T22:59:02.684+0000] {processor.py:186} INFO - Started process (PID=2978) to work on /opt/airflow/dags/EOD.py
[2025-05-23T22:59:02.686+0000] {processor.py:914} INFO - Processing file /opt/airflow/dags/EOD.py for tasks to queue
[2025-05-23T22:59:02.690+0000] {logging_mixin.py:190} INFO - [2025-05-23T22:59:02.690+0000] {dagbag.py:588} INFO - Filling up the DagBag from /opt/airflow/dags/EOD.py
[2025-05-23T22:59:02.724+0000] {processor.py:927} WARNING - No viable dags retrieved from /opt/airflow/dags/EOD.py
[2025-05-23T22:59:02.752+0000] {processor.py:208} INFO - Processing /opt/airflow/dags/EOD.py took 0.079 seconds
[2025-05-23T22:59:33.254+0000] {processor.py:186} INFO - Started process (PID=3044) to work on /opt/airflow/dags/EOD.py
[2025-05-23T22:59:33.256+0000] {processor.py:914} INFO - Processing file /opt/airflow/dags/EOD.py for tasks to queue
[2025-05-23T22:59:33.261+0000] {logging_mixin.py:190} INFO - [2025-05-23T22:59:33.261+0000] {dagbag.py:588} INFO - Filling up the DagBag from /opt/airflow/dags/EOD.py
[2025-05-23T22:59:33.292+0000] {processor.py:927} WARNING - No viable dags retrieved from /opt/airflow/dags/EOD.py
[2025-05-23T22:59:33.319+0000] {processor.py:208} INFO - Processing /opt/airflow/dags/EOD.py took 0.077 seconds
[2025-05-23T23:00:04.910+0000] {processor.py:186} INFO - Started process (PID=3110) to work on /opt/airflow/dags/EOD.py
[2025-05-23T23:00:04.955+0000] {processor.py:914} INFO - Processing file /opt/airflow/dags/EOD.py for tasks to queue
[2025-05-23T23:00:04.960+0000] {logging_mixin.py:190} INFO - [2025-05-23T23:00:04.959+0000] {dagbag.py:588} INFO - Filling up the DagBag from /opt/airflow/dags/EOD.py
[2025-05-23T23:00:04.994+0000] {processor.py:927} WARNING - No viable dags retrieved from /opt/airflow/dags/EOD.py
[2025-05-23T23:00:05.021+0000] {processor.py:208} INFO - Processing /opt/airflow/dags/EOD.py took 0.121 seconds
[2025-05-23T23:00:37.225+0000] {processor.py:186} INFO - Started process (PID=3178) to work on /opt/airflow/dags/EOD.py
[2025-05-23T23:00:37.227+0000] {processor.py:914} INFO - Processing file /opt/airflow/dags/EOD.py for tasks to queue
[2025-05-23T23:00:37.232+0000] {logging_mixin.py:190} INFO - [2025-05-23T23:00:37.231+0000] {dagbag.py:588} INFO - Filling up the DagBag from /opt/airflow/dags/EOD.py
[2025-05-23T23:00:37.259+0000] {processor.py:927} WARNING - No viable dags retrieved from /opt/airflow/dags/EOD.py
[2025-05-23T23:00:37.288+0000] {processor.py:208} INFO - Processing /opt/airflow/dags/EOD.py took 0.073 seconds
[2025-05-23T23:01:08.280+0000] {processor.py:186} INFO - Started process (PID=3244) to work on /opt/airflow/dags/EOD.py
[2025-05-23T23:01:08.282+0000] {processor.py:914} INFO - Processing file /opt/airflow/dags/EOD.py for tasks to queue
[2025-05-23T23:01:08.286+0000] {logging_mixin.py:190} INFO - [2025-05-23T23:01:08.285+0000] {dagbag.py:588} INFO - Filling up the DagBag from /opt/airflow/dags/EOD.py
[2025-05-23T23:01:08.315+0000] {processor.py:927} WARNING - No viable dags retrieved from /opt/airflow/dags/EOD.py
[2025-05-23T23:01:08.351+0000] {processor.py:208} INFO - Processing /opt/airflow/dags/EOD.py took 0.082 seconds
[2025-05-23T23:01:40.168+0000] {processor.py:186} INFO - Started process (PID=3310) to work on /opt/airflow/dags/EOD.py
[2025-05-23T23:01:40.170+0000] {processor.py:914} INFO - Processing file /opt/airflow/dags/EOD.py for tasks to queue
[2025-05-23T23:01:40.175+0000] {logging_mixin.py:190} INFO - [2025-05-23T23:01:40.174+0000] {dagbag.py:588} INFO - Filling up the DagBag from /opt/airflow/dags/EOD.py
[2025-05-23T23:01:40.207+0000] {processor.py:927} WARNING - No viable dags retrieved from /opt/airflow/dags/EOD.py
[2025-05-23T23:01:40.243+0000] {processor.py:208} INFO - Processing /opt/airflow/dags/EOD.py took 0.086 seconds
[2025-05-23T23:02:10.498+0000] {processor.py:186} INFO - Started process (PID=3376) to work on /opt/airflow/dags/EOD.py
[2025-05-23T23:02:10.500+0000] {processor.py:914} INFO - Processing file /opt/airflow/dags/EOD.py for tasks to queue
[2025-05-23T23:02:10.504+0000] {logging_mixin.py:190} INFO - [2025-05-23T23:02:10.503+0000] {dagbag.py:588} INFO - Filling up the DagBag from /opt/airflow/dags/EOD.py
[2025-05-23T23:02:10.531+0000] {processor.py:927} WARNING - No viable dags retrieved from /opt/airflow/dags/EOD.py
[2025-05-23T23:02:10.556+0000] {processor.py:208} INFO - Processing /opt/airflow/dags/EOD.py took 0.068 seconds
[2025-05-23T23:02:41.086+0000] {processor.py:186} INFO - Started process (PID=3441) to work on /opt/airflow/dags/EOD.py
[2025-05-23T23:02:41.088+0000] {processor.py:914} INFO - Processing file /opt/airflow/dags/EOD.py for tasks to queue
[2025-05-23T23:02:41.093+0000] {logging_mixin.py:190} INFO - [2025-05-23T23:02:41.092+0000] {dagbag.py:588} INFO - Filling up the DagBag from /opt/airflow/dags/EOD.py
[2025-05-23T23:02:41.123+0000] {processor.py:927} WARNING - No viable dags retrieved from /opt/airflow/dags/EOD.py
[2025-05-23T23:02:41.155+0000] {processor.py:208} INFO - Processing /opt/airflow/dags/EOD.py took 0.082 seconds
[2025-05-23T23:05:38.207+0000] {processor.py:186} INFO - Started process (PID=145) to work on /opt/airflow/dags/EOD.py
[2025-05-23T23:05:38.210+0000] {processor.py:914} INFO - Processing file /opt/airflow/dags/EOD.py for tasks to queue
[2025-05-23T23:05:38.215+0000] {logging_mixin.py:190} INFO - [2025-05-23T23:05:38.214+0000] {dagbag.py:588} INFO - Filling up the DagBag from /opt/airflow/dags/EOD.py
[2025-05-23T23:05:38.242+0000] {processor.py:927} WARNING - No viable dags retrieved from /opt/airflow/dags/EOD.py
[2025-05-23T23:05:38.273+0000] {processor.py:208} INFO - Processing /opt/airflow/dags/EOD.py took 0.080 seconds
[2025-05-23T23:06:09.206+0000] {processor.py:186} INFO - Started process (PID=210) to work on /opt/airflow/dags/EOD.py
[2025-05-23T23:06:09.208+0000] {processor.py:914} INFO - Processing file /opt/airflow/dags/EOD.py for tasks to queue
[2025-05-23T23:06:09.213+0000] {logging_mixin.py:190} INFO - [2025-05-23T23:06:09.213+0000] {dagbag.py:588} INFO - Filling up the DagBag from /opt/airflow/dags/EOD.py
[2025-05-23T23:06:09.245+0000] {processor.py:927} WARNING - No viable dags retrieved from /opt/airflow/dags/EOD.py
[2025-05-23T23:06:09.273+0000] {processor.py:208} INFO - Processing /opt/airflow/dags/EOD.py took 0.080 seconds
[2025-05-23T23:06:41.586+0000] {processor.py:186} INFO - Started process (PID=277) to work on /opt/airflow/dags/EOD.py
[2025-05-23T23:06:41.589+0000] {processor.py:914} INFO - Processing file /opt/airflow/dags/EOD.py for tasks to queue
[2025-05-23T23:06:41.594+0000] {logging_mixin.py:190} INFO - [2025-05-23T23:06:41.593+0000] {dagbag.py:588} INFO - Filling up the DagBag from /opt/airflow/dags/EOD.py
[2025-05-23T23:06:41.625+0000] {processor.py:927} WARNING - No viable dags retrieved from /opt/airflow/dags/EOD.py
[2025-05-23T23:06:41.656+0000] {processor.py:208} INFO - Processing /opt/airflow/dags/EOD.py took 0.081 seconds
[2025-05-23T23:07:14.088+0000] {processor.py:186} INFO - Started process (PID=343) to work on /opt/airflow/dags/EOD.py
[2025-05-23T23:07:14.090+0000] {processor.py:914} INFO - Processing file /opt/airflow/dags/EOD.py for tasks to queue
[2025-05-23T23:07:14.095+0000] {logging_mixin.py:190} INFO - [2025-05-23T23:07:14.094+0000] {dagbag.py:588} INFO - Filling up the DagBag from /opt/airflow/dags/EOD.py
[2025-05-23T23:07:14.129+0000] {processor.py:927} WARNING - No viable dags retrieved from /opt/airflow/dags/EOD.py
[2025-05-23T23:07:14.156+0000] {processor.py:208} INFO - Processing /opt/airflow/dags/EOD.py took 0.078 seconds
[2025-05-23T23:07:45.852+0000] {processor.py:186} INFO - Started process (PID=409) to work on /opt/airflow/dags/EOD.py
[2025-05-23T23:07:45.854+0000] {processor.py:914} INFO - Processing file /opt/airflow/dags/EOD.py for tasks to queue
[2025-05-23T23:07:45.862+0000] {logging_mixin.py:190} INFO - [2025-05-23T23:07:45.861+0000] {dagbag.py:588} INFO - Filling up the DagBag from /opt/airflow/dags/EOD.py
[2025-05-23T23:07:45.895+0000] {processor.py:927} WARNING - No viable dags retrieved from /opt/airflow/dags/EOD.py
[2025-05-23T23:07:45.932+0000] {processor.py:208} INFO - Processing /opt/airflow/dags/EOD.py took 0.092 seconds
[2025-05-23T23:08:18.110+0000] {processor.py:186} INFO - Started process (PID=475) to work on /opt/airflow/dags/EOD.py
[2025-05-23T23:08:18.112+0000] {processor.py:914} INFO - Processing file /opt/airflow/dags/EOD.py for tasks to queue
[2025-05-23T23:08:18.117+0000] {logging_mixin.py:190} INFO - [2025-05-23T23:08:18.116+0000] {dagbag.py:588} INFO - Filling up the DagBag from /opt/airflow/dags/EOD.py
[2025-05-23T23:08:18.151+0000] {processor.py:927} WARNING - No viable dags retrieved from /opt/airflow/dags/EOD.py
[2025-05-23T23:08:18.178+0000] {processor.py:208} INFO - Processing /opt/airflow/dags/EOD.py took 0.078 seconds
[2025-05-23T23:08:50.428+0000] {processor.py:186} INFO - Started process (PID=545) to work on /opt/airflow/dags/EOD.py
[2025-05-23T23:08:50.431+0000] {processor.py:914} INFO - Processing file /opt/airflow/dags/EOD.py for tasks to queue
[2025-05-23T23:08:50.435+0000] {logging_mixin.py:190} INFO - [2025-05-23T23:08:50.434+0000] {dagbag.py:588} INFO - Filling up the DagBag from /opt/airflow/dags/EOD.py
[2025-05-23T23:08:50.468+0000] {processor.py:927} WARNING - No viable dags retrieved from /opt/airflow/dags/EOD.py
[2025-05-23T23:08:50.496+0000] {processor.py:208} INFO - Processing /opt/airflow/dags/EOD.py took 0.080 seconds
[2025-05-23T23:09:21.215+0000] {processor.py:186} INFO - Started process (PID=611) to work on /opt/airflow/dags/EOD.py
[2025-05-23T23:09:21.217+0000] {processor.py:914} INFO - Processing file /opt/airflow/dags/EOD.py for tasks to queue
[2025-05-23T23:09:21.221+0000] {logging_mixin.py:190} INFO - [2025-05-23T23:09:21.221+0000] {dagbag.py:588} INFO - Filling up the DagBag from /opt/airflow/dags/EOD.py
[2025-05-23T23:09:21.252+0000] {processor.py:927} WARNING - No viable dags retrieved from /opt/airflow/dags/EOD.py
[2025-05-23T23:09:21.279+0000] {processor.py:208} INFO - Processing /opt/airflow/dags/EOD.py took 0.078 seconds
[2025-05-23T23:09:53.407+0000] {processor.py:186} INFO - Started process (PID=686) to work on /opt/airflow/dags/EOD.py
[2025-05-23T23:09:53.409+0000] {processor.py:914} INFO - Processing file /opt/airflow/dags/EOD.py for tasks to queue
[2025-05-23T23:09:53.414+0000] {logging_mixin.py:190} INFO - [2025-05-23T23:09:53.414+0000] {dagbag.py:588} INFO - Filling up the DagBag from /opt/airflow/dags/EOD.py
[2025-05-23T23:09:53.442+0000] {processor.py:927} WARNING - No viable dags retrieved from /opt/airflow/dags/EOD.py
[2025-05-23T23:09:53.473+0000] {processor.py:208} INFO - Processing /opt/airflow/dags/EOD.py took 0.078 seconds
[2025-05-23T23:10:24.352+0000] {processor.py:186} INFO - Started process (PID=752) to work on /opt/airflow/dags/EOD.py
[2025-05-23T23:10:24.354+0000] {processor.py:914} INFO - Processing file /opt/airflow/dags/EOD.py for tasks to queue
[2025-05-23T23:10:24.359+0000] {logging_mixin.py:190} INFO - [2025-05-23T23:10:24.358+0000] {dagbag.py:588} INFO - Filling up the DagBag from /opt/airflow/dags/EOD.py
[2025-05-23T23:10:24.388+0000] {processor.py:927} WARNING - No viable dags retrieved from /opt/airflow/dags/EOD.py
[2025-05-23T23:10:24.418+0000] {processor.py:208} INFO - Processing /opt/airflow/dags/EOD.py took 0.076 seconds
[2025-05-23T23:10:55.813+0000] {processor.py:186} INFO - Started process (PID=820) to work on /opt/airflow/dags/EOD.py
[2025-05-23T23:10:55.816+0000] {processor.py:914} INFO - Processing file /opt/airflow/dags/EOD.py for tasks to queue
[2025-05-23T23:10:55.820+0000] {logging_mixin.py:190} INFO - [2025-05-23T23:10:55.819+0000] {dagbag.py:588} INFO - Filling up the DagBag from /opt/airflow/dags/EOD.py
[2025-05-23T23:10:55.854+0000] {processor.py:927} WARNING - No viable dags retrieved from /opt/airflow/dags/EOD.py
[2025-05-23T23:10:55.883+0000] {processor.py:208} INFO - Processing /opt/airflow/dags/EOD.py took 0.081 seconds
[2025-05-23T23:11:26.203+0000] {processor.py:186} INFO - Started process (PID=886) to work on /opt/airflow/dags/EOD.py
[2025-05-23T23:11:26.204+0000] {processor.py:914} INFO - Processing file /opt/airflow/dags/EOD.py for tasks to queue
[2025-05-23T23:11:26.210+0000] {logging_mixin.py:190} INFO - [2025-05-23T23:11:26.209+0000] {dagbag.py:588} INFO - Filling up the DagBag from /opt/airflow/dags/EOD.py
[2025-05-23T23:11:26.240+0000] {processor.py:927} WARNING - No viable dags retrieved from /opt/airflow/dags/EOD.py
[2025-05-23T23:11:26.267+0000] {processor.py:208} INFO - Processing /opt/airflow/dags/EOD.py took 0.075 seconds
[2025-05-23T23:11:56.905+0000] {processor.py:186} INFO - Started process (PID=952) to work on /opt/airflow/dags/EOD.py
[2025-05-23T23:11:56.907+0000] {processor.py:914} INFO - Processing file /opt/airflow/dags/EOD.py for tasks to queue
[2025-05-23T23:11:56.911+0000] {logging_mixin.py:190} INFO - [2025-05-23T23:11:56.910+0000] {dagbag.py:588} INFO - Filling up the DagBag from /opt/airflow/dags/EOD.py
[2025-05-23T23:11:56.945+0000] {processor.py:927} WARNING - No viable dags retrieved from /opt/airflow/dags/EOD.py
[2025-05-23T23:11:56.974+0000] {processor.py:208} INFO - Processing /opt/airflow/dags/EOD.py took 0.082 seconds
[2025-05-23T23:12:04.269+0000] {processor.py:186} INFO - Started process (PID=969) to work on /opt/airflow/dags/EOD.py
[2025-05-23T23:12:04.271+0000] {processor.py:914} INFO - Processing file /opt/airflow/dags/EOD.py for tasks to queue
[2025-05-23T23:12:04.276+0000] {logging_mixin.py:190} INFO - [2025-05-23T23:12:04.275+0000] {dagbag.py:588} INFO - Filling up the DagBag from /opt/airflow/dags/EOD.py
[2025-05-23T23:12:04.328+0000] {processor.py:927} WARNING - No viable dags retrieved from /opt/airflow/dags/EOD.py
[2025-05-23T23:12:04.361+0000] {processor.py:208} INFO - Processing /opt/airflow/dags/EOD.py took 0.102 seconds
[2025-05-23T23:12:34.844+0000] {processor.py:186} INFO - Started process (PID=1034) to work on /opt/airflow/dags/EOD.py
[2025-05-23T23:12:34.847+0000] {processor.py:914} INFO - Processing file /opt/airflow/dags/EOD.py for tasks to queue
[2025-05-23T23:12:34.852+0000] {logging_mixin.py:190} INFO - [2025-05-23T23:12:34.851+0000] {dagbag.py:588} INFO - Filling up the DagBag from /opt/airflow/dags/EOD.py
[2025-05-23T23:12:34.880+0000] {processor.py:927} WARNING - No viable dags retrieved from /opt/airflow/dags/EOD.py
[2025-05-23T23:12:34.926+0000] {processor.py:208} INFO - Processing /opt/airflow/dags/EOD.py took 0.096 seconds
[2025-05-23T23:13:05.088+0000] {processor.py:186} INFO - Started process (PID=1100) to work on /opt/airflow/dags/EOD.py
[2025-05-23T23:13:05.090+0000] {processor.py:914} INFO - Processing file /opt/airflow/dags/EOD.py for tasks to queue
[2025-05-23T23:13:05.094+0000] {logging_mixin.py:190} INFO - [2025-05-23T23:13:05.094+0000] {dagbag.py:588} INFO - Filling up the DagBag from /opt/airflow/dags/EOD.py
[2025-05-23T23:13:05.128+0000] {processor.py:927} WARNING - No viable dags retrieved from /opt/airflow/dags/EOD.py
[2025-05-23T23:13:05.156+0000] {processor.py:208} INFO - Processing /opt/airflow/dags/EOD.py took 0.078 seconds
[2025-05-23T23:13:35.722+0000] {processor.py:186} INFO - Started process (PID=1163) to work on /opt/airflow/dags/EOD.py
[2025-05-23T23:13:35.724+0000] {processor.py:914} INFO - Processing file /opt/airflow/dags/EOD.py for tasks to queue
[2025-05-23T23:13:35.729+0000] {logging_mixin.py:190} INFO - [2025-05-23T23:13:35.729+0000] {dagbag.py:588} INFO - Filling up the DagBag from /opt/airflow/dags/EOD.py
[2025-05-23T23:13:35.762+0000] {processor.py:927} WARNING - No viable dags retrieved from /opt/airflow/dags/EOD.py
[2025-05-23T23:13:35.791+0000] {processor.py:208} INFO - Processing /opt/airflow/dags/EOD.py took 0.084 seconds
[2025-05-23T23:14:06.118+0000] {processor.py:186} INFO - Started process (PID=1228) to work on /opt/airflow/dags/EOD.py
[2025-05-23T23:14:06.120+0000] {processor.py:914} INFO - Processing file /opt/airflow/dags/EOD.py for tasks to queue
[2025-05-23T23:14:06.125+0000] {logging_mixin.py:190} INFO - [2025-05-23T23:14:06.124+0000] {dagbag.py:588} INFO - Filling up the DagBag from /opt/airflow/dags/EOD.py
[2025-05-23T23:14:06.156+0000] {processor.py:927} WARNING - No viable dags retrieved from /opt/airflow/dags/EOD.py
[2025-05-23T23:14:06.201+0000] {processor.py:208} INFO - Processing /opt/airflow/dags/EOD.py took 0.095 seconds
[2025-05-23T23:14:36.728+0000] {processor.py:186} INFO - Started process (PID=1294) to work on /opt/airflow/dags/EOD.py
[2025-05-23T23:14:36.730+0000] {processor.py:914} INFO - Processing file /opt/airflow/dags/EOD.py for tasks to queue
[2025-05-23T23:14:36.735+0000] {logging_mixin.py:190} INFO - [2025-05-23T23:14:36.734+0000] {dagbag.py:588} INFO - Filling up the DagBag from /opt/airflow/dags/EOD.py
[2025-05-23T23:14:36.766+0000] {processor.py:927} WARNING - No viable dags retrieved from /opt/airflow/dags/EOD.py
[2025-05-23T23:14:36.795+0000] {processor.py:208} INFO - Processing /opt/airflow/dags/EOD.py took 0.081 seconds
[2025-05-23T23:15:07.451+0000] {processor.py:186} INFO - Started process (PID=1360) to work on /opt/airflow/dags/EOD.py
[2025-05-23T23:15:07.453+0000] {processor.py:914} INFO - Processing file /opt/airflow/dags/EOD.py for tasks to queue
[2025-05-23T23:15:07.458+0000] {logging_mixin.py:190} INFO - [2025-05-23T23:15:07.457+0000] {dagbag.py:588} INFO - Filling up the DagBag from /opt/airflow/dags/EOD.py
[2025-05-23T23:15:07.484+0000] {processor.py:927} WARNING - No viable dags retrieved from /opt/airflow/dags/EOD.py
[2025-05-23T23:15:07.512+0000] {processor.py:208} INFO - Processing /opt/airflow/dags/EOD.py took 0.076 seconds
[2025-05-23T23:15:37.965+0000] {processor.py:186} INFO - Started process (PID=1426) to work on /opt/airflow/dags/EOD.py
[2025-05-23T23:15:37.967+0000] {processor.py:914} INFO - Processing file /opt/airflow/dags/EOD.py for tasks to queue
[2025-05-23T23:15:37.971+0000] {logging_mixin.py:190} INFO - [2025-05-23T23:15:37.971+0000] {dagbag.py:588} INFO - Filling up the DagBag from /opt/airflow/dags/EOD.py
[2025-05-23T23:15:38.003+0000] {processor.py:927} WARNING - No viable dags retrieved from /opt/airflow/dags/EOD.py
[2025-05-23T23:15:38.032+0000] {processor.py:208} INFO - Processing /opt/airflow/dags/EOD.py took 0.079 seconds
[2025-05-23T23:16:08.194+0000] {processor.py:186} INFO - Started process (PID=1490) to work on /opt/airflow/dags/EOD.py
[2025-05-23T23:16:08.196+0000] {processor.py:914} INFO - Processing file /opt/airflow/dags/EOD.py for tasks to queue
[2025-05-23T23:16:08.200+0000] {logging_mixin.py:190} INFO - [2025-05-23T23:16:08.200+0000] {dagbag.py:588} INFO - Filling up the DagBag from /opt/airflow/dags/EOD.py
[2025-05-23T23:16:08.229+0000] {processor.py:927} WARNING - No viable dags retrieved from /opt/airflow/dags/EOD.py
[2025-05-23T23:16:08.265+0000] {processor.py:208} INFO - Processing /opt/airflow/dags/EOD.py took 0.083 seconds
[2025-05-23T23:16:38.363+0000] {processor.py:186} INFO - Started process (PID=1554) to work on /opt/airflow/dags/EOD.py
[2025-05-23T23:16:38.365+0000] {processor.py:914} INFO - Processing file /opt/airflow/dags/EOD.py for tasks to queue
[2025-05-23T23:16:38.370+0000] {logging_mixin.py:190} INFO - [2025-05-23T23:16:38.369+0000] {dagbag.py:588} INFO - Filling up the DagBag from /opt/airflow/dags/EOD.py
[2025-05-23T23:16:38.403+0000] {processor.py:927} WARNING - No viable dags retrieved from /opt/airflow/dags/EOD.py
[2025-05-23T23:16:38.435+0000] {processor.py:208} INFO - Processing /opt/airflow/dags/EOD.py took 0.083 seconds
[2025-05-23T23:17:08.752+0000] {processor.py:186} INFO - Started process (PID=1619) to work on /opt/airflow/dags/EOD.py
[2025-05-23T23:17:08.754+0000] {processor.py:914} INFO - Processing file /opt/airflow/dags/EOD.py for tasks to queue
[2025-05-23T23:17:08.759+0000] {logging_mixin.py:190} INFO - [2025-05-23T23:17:08.758+0000] {dagbag.py:588} INFO - Filling up the DagBag from /opt/airflow/dags/EOD.py
[2025-05-23T23:17:08.791+0000] {processor.py:927} WARNING - No viable dags retrieved from /opt/airflow/dags/EOD.py
[2025-05-23T23:17:08.823+0000] {processor.py:208} INFO - Processing /opt/airflow/dags/EOD.py took 0.083 seconds
[2025-05-23T23:17:39.306+0000] {processor.py:186} INFO - Started process (PID=1689) to work on /opt/airflow/dags/EOD.py
[2025-05-23T23:17:39.308+0000] {processor.py:914} INFO - Processing file /opt/airflow/dags/EOD.py for tasks to queue
[2025-05-23T23:17:39.313+0000] {logging_mixin.py:190} INFO - [2025-05-23T23:17:39.312+0000] {dagbag.py:588} INFO - Filling up the DagBag from /opt/airflow/dags/EOD.py
[2025-05-23T23:17:39.345+0000] {processor.py:927} WARNING - No viable dags retrieved from /opt/airflow/dags/EOD.py
[2025-05-23T23:17:39.375+0000] {processor.py:208} INFO - Processing /opt/airflow/dags/EOD.py took 0.080 seconds
[2025-05-23T23:19:57.754+0000] {processor.py:186} INFO - Started process (PID=82) to work on /opt/airflow/dags/EOD.py
[2025-05-23T23:19:57.757+0000] {processor.py:914} INFO - Processing file /opt/airflow/dags/EOD.py for tasks to queue
[2025-05-23T23:19:57.764+0000] {logging_mixin.py:190} INFO - [2025-05-23T23:19:57.763+0000] {dagbag.py:588} INFO - Filling up the DagBag from /opt/airflow/dags/EOD.py
[2025-05-23T23:19:57.793+0000] {processor.py:927} WARNING - No viable dags retrieved from /opt/airflow/dags/EOD.py
[2025-05-23T23:19:57.827+0000] {processor.py:208} INFO - Processing /opt/airflow/dags/EOD.py took 0.086 seconds
[2025-05-23T23:20:28.267+0000] {processor.py:186} INFO - Started process (PID=148) to work on /opt/airflow/dags/EOD.py
[2025-05-23T23:20:28.268+0000] {processor.py:914} INFO - Processing file /opt/airflow/dags/EOD.py for tasks to queue
[2025-05-23T23:20:28.274+0000] {logging_mixin.py:190} INFO - [2025-05-23T23:20:28.273+0000] {dagbag.py:588} INFO - Filling up the DagBag from /opt/airflow/dags/EOD.py
[2025-05-23T23:20:28.302+0000] {processor.py:927} WARNING - No viable dags retrieved from /opt/airflow/dags/EOD.py
[2025-05-23T23:20:28.334+0000] {processor.py:208} INFO - Processing /opt/airflow/dags/EOD.py took 0.087 seconds
[2025-05-23T23:20:58.724+0000] {processor.py:186} INFO - Started process (PID=214) to work on /opt/airflow/dags/EOD.py
[2025-05-23T23:20:58.726+0000] {processor.py:914} INFO - Processing file /opt/airflow/dags/EOD.py for tasks to queue
[2025-05-23T23:20:58.731+0000] {logging_mixin.py:190} INFO - [2025-05-23T23:20:58.730+0000] {dagbag.py:588} INFO - Filling up the DagBag from /opt/airflow/dags/EOD.py
[2025-05-23T23:20:58.764+0000] {processor.py:927} WARNING - No viable dags retrieved from /opt/airflow/dags/EOD.py
[2025-05-23T23:20:58.791+0000] {processor.py:208} INFO - Processing /opt/airflow/dags/EOD.py took 0.078 seconds
[2025-05-23T23:21:29.527+0000] {processor.py:186} INFO - Started process (PID=280) to work on /opt/airflow/dags/EOD.py
[2025-05-23T23:21:29.529+0000] {processor.py:914} INFO - Processing file /opt/airflow/dags/EOD.py for tasks to queue
[2025-05-23T23:21:29.533+0000] {logging_mixin.py:190} INFO - [2025-05-23T23:21:29.533+0000] {dagbag.py:588} INFO - Filling up the DagBag from /opt/airflow/dags/EOD.py
[2025-05-23T23:21:29.565+0000] {processor.py:927} WARNING - No viable dags retrieved from /opt/airflow/dags/EOD.py
[2025-05-23T23:21:29.595+0000] {processor.py:208} INFO - Processing /opt/airflow/dags/EOD.py took 0.082 seconds
[2025-05-23T23:22:00.324+0000] {processor.py:186} INFO - Started process (PID=346) to work on /opt/airflow/dags/EOD.py
[2025-05-23T23:22:00.325+0000] {processor.py:914} INFO - Processing file /opt/airflow/dags/EOD.py for tasks to queue
[2025-05-23T23:22:00.332+0000] {logging_mixin.py:190} INFO - [2025-05-23T23:22:00.331+0000] {dagbag.py:588} INFO - Filling up the DagBag from /opt/airflow/dags/EOD.py
[2025-05-23T23:22:00.361+0000] {processor.py:927} WARNING - No viable dags retrieved from /opt/airflow/dags/EOD.py
[2025-05-23T23:22:00.389+0000] {processor.py:208} INFO - Processing /opt/airflow/dags/EOD.py took 0.077 seconds
[2025-05-23T23:22:31.273+0000] {processor.py:186} INFO - Started process (PID=413) to work on /opt/airflow/dags/EOD.py
[2025-05-23T23:22:31.275+0000] {processor.py:914} INFO - Processing file /opt/airflow/dags/EOD.py for tasks to queue
[2025-05-23T23:22:31.280+0000] {logging_mixin.py:190} INFO - [2025-05-23T23:22:31.279+0000] {dagbag.py:588} INFO - Filling up the DagBag from /opt/airflow/dags/EOD.py
[2025-05-23T23:22:31.310+0000] {processor.py:927} WARNING - No viable dags retrieved from /opt/airflow/dags/EOD.py
[2025-05-23T23:22:31.340+0000] {processor.py:208} INFO - Processing /opt/airflow/dags/EOD.py took 0.080 seconds
[2025-05-23T23:23:02.249+0000] {processor.py:186} INFO - Started process (PID=479) to work on /opt/airflow/dags/EOD.py
[2025-05-23T23:23:02.251+0000] {processor.py:914} INFO - Processing file /opt/airflow/dags/EOD.py for tasks to queue
[2025-05-23T23:23:02.257+0000] {logging_mixin.py:190} INFO - [2025-05-23T23:23:02.256+0000] {dagbag.py:588} INFO - Filling up the DagBag from /opt/airflow/dags/EOD.py
[2025-05-23T23:23:02.295+0000] {processor.py:927} WARNING - No viable dags retrieved from /opt/airflow/dags/EOD.py
[2025-05-23T23:23:02.329+0000] {processor.py:208} INFO - Processing /opt/airflow/dags/EOD.py took 0.095 seconds
[2025-05-23T23:23:32.845+0000] {processor.py:186} INFO - Started process (PID=545) to work on /opt/airflow/dags/EOD.py
[2025-05-23T23:23:32.847+0000] {processor.py:914} INFO - Processing file /opt/airflow/dags/EOD.py for tasks to queue
[2025-05-23T23:23:32.851+0000] {logging_mixin.py:190} INFO - [2025-05-23T23:23:32.851+0000] {dagbag.py:588} INFO - Filling up the DagBag from /opt/airflow/dags/EOD.py
[2025-05-23T23:23:32.884+0000] {processor.py:927} WARNING - No viable dags retrieved from /opt/airflow/dags/EOD.py
[2025-05-23T23:23:32.915+0000] {processor.py:208} INFO - Processing /opt/airflow/dags/EOD.py took 0.084 seconds
[2025-05-23T23:24:03.231+0000] {processor.py:186} INFO - Started process (PID=611) to work on /opt/airflow/dags/EOD.py
[2025-05-23T23:24:03.233+0000] {processor.py:914} INFO - Processing file /opt/airflow/dags/EOD.py for tasks to queue
[2025-05-23T23:24:03.240+0000] {logging_mixin.py:190} INFO - [2025-05-23T23:24:03.239+0000] {dagbag.py:588} INFO - Filling up the DagBag from /opt/airflow/dags/EOD.py
[2025-05-23T23:24:03.271+0000] {processor.py:927} WARNING - No viable dags retrieved from /opt/airflow/dags/EOD.py
[2025-05-23T23:24:03.303+0000] {processor.py:208} INFO - Processing /opt/airflow/dags/EOD.py took 0.085 seconds
[2025-05-23T23:24:33.510+0000] {processor.py:186} INFO - Started process (PID=677) to work on /opt/airflow/dags/EOD.py
[2025-05-23T23:24:33.513+0000] {processor.py:914} INFO - Processing file /opt/airflow/dags/EOD.py for tasks to queue
[2025-05-23T23:24:33.520+0000] {logging_mixin.py:190} INFO - [2025-05-23T23:24:33.520+0000] {dagbag.py:588} INFO - Filling up the DagBag from /opt/airflow/dags/EOD.py
[2025-05-23T23:24:33.556+0000] {processor.py:927} WARNING - No viable dags retrieved from /opt/airflow/dags/EOD.py
[2025-05-23T23:24:33.586+0000] {processor.py:208} INFO - Processing /opt/airflow/dags/EOD.py took 0.098 seconds
[2025-05-23T23:25:03.690+0000] {processor.py:186} INFO - Started process (PID=743) to work on /opt/airflow/dags/EOD.py
[2025-05-23T23:25:03.692+0000] {processor.py:914} INFO - Processing file /opt/airflow/dags/EOD.py for tasks to queue
[2025-05-23T23:25:03.697+0000] {logging_mixin.py:190} INFO - [2025-05-23T23:25:03.695+0000] {dagbag.py:588} INFO - Filling up the DagBag from /opt/airflow/dags/EOD.py
[2025-05-23T23:25:03.730+0000] {processor.py:927} WARNING - No viable dags retrieved from /opt/airflow/dags/EOD.py
[2025-05-23T23:25:03.757+0000] {processor.py:208} INFO - Processing /opt/airflow/dags/EOD.py took 0.078 seconds
[2025-05-23T23:25:34.411+0000] {processor.py:186} INFO - Started process (PID=809) to work on /opt/airflow/dags/EOD.py
[2025-05-23T23:25:34.414+0000] {processor.py:914} INFO - Processing file /opt/airflow/dags/EOD.py for tasks to queue
[2025-05-23T23:25:34.419+0000] {logging_mixin.py:190} INFO - [2025-05-23T23:25:34.418+0000] {dagbag.py:588} INFO - Filling up the DagBag from /opt/airflow/dags/EOD.py
[2025-05-23T23:25:34.451+0000] {processor.py:927} WARNING - No viable dags retrieved from /opt/airflow/dags/EOD.py
[2025-05-23T23:25:34.484+0000] {processor.py:208} INFO - Processing /opt/airflow/dags/EOD.py took 0.085 seconds
[2025-05-23T23:26:04.611+0000] {processor.py:186} INFO - Started process (PID=875) to work on /opt/airflow/dags/EOD.py
[2025-05-23T23:26:04.613+0000] {processor.py:914} INFO - Processing file /opt/airflow/dags/EOD.py for tasks to queue
[2025-05-23T23:26:04.618+0000] {logging_mixin.py:190} INFO - [2025-05-23T23:26:04.617+0000] {dagbag.py:588} INFO - Filling up the DagBag from /opt/airflow/dags/EOD.py
[2025-05-23T23:26:04.650+0000] {processor.py:927} WARNING - No viable dags retrieved from /opt/airflow/dags/EOD.py
[2025-05-23T23:26:04.691+0000] {processor.py:208} INFO - Processing /opt/airflow/dags/EOD.py took 0.093 seconds
[2025-05-23T23:26:35.203+0000] {processor.py:186} INFO - Started process (PID=941) to work on /opt/airflow/dags/EOD.py
[2025-05-23T23:26:35.205+0000] {processor.py:914} INFO - Processing file /opt/airflow/dags/EOD.py for tasks to queue
[2025-05-23T23:26:35.209+0000] {logging_mixin.py:190} INFO - [2025-05-23T23:26:35.209+0000] {dagbag.py:588} INFO - Filling up the DagBag from /opt/airflow/dags/EOD.py
[2025-05-23T23:26:35.240+0000] {processor.py:927} WARNING - No viable dags retrieved from /opt/airflow/dags/EOD.py
[2025-05-23T23:26:35.271+0000] {processor.py:208} INFO - Processing /opt/airflow/dags/EOD.py took 0.078 seconds
[2025-05-23T23:27:05.406+0000] {processor.py:186} INFO - Started process (PID=1006) to work on /opt/airflow/dags/EOD.py
[2025-05-23T23:27:05.408+0000] {processor.py:914} INFO - Processing file /opt/airflow/dags/EOD.py for tasks to queue
[2025-05-23T23:27:05.415+0000] {logging_mixin.py:190} INFO - [2025-05-23T23:27:05.414+0000] {dagbag.py:588} INFO - Filling up the DagBag from /opt/airflow/dags/EOD.py
[2025-05-23T23:27:05.448+0000] {processor.py:927} WARNING - No viable dags retrieved from /opt/airflow/dags/EOD.py
[2025-05-23T23:27:05.482+0000] {processor.py:208} INFO - Processing /opt/airflow/dags/EOD.py took 0.092 seconds
[2025-05-23T23:27:35.760+0000] {processor.py:186} INFO - Started process (PID=1072) to work on /opt/airflow/dags/EOD.py
[2025-05-23T23:27:35.762+0000] {processor.py:914} INFO - Processing file /opt/airflow/dags/EOD.py for tasks to queue
[2025-05-23T23:27:35.767+0000] {logging_mixin.py:190} INFO - [2025-05-23T23:27:35.767+0000] {dagbag.py:588} INFO - Filling up the DagBag from /opt/airflow/dags/EOD.py
[2025-05-23T23:27:35.802+0000] {processor.py:927} WARNING - No viable dags retrieved from /opt/airflow/dags/EOD.py
[2025-05-23T23:27:35.835+0000] {processor.py:208} INFO - Processing /opt/airflow/dags/EOD.py took 0.091 seconds
[2025-05-23T23:28:06.642+0000] {processor.py:186} INFO - Started process (PID=1138) to work on /opt/airflow/dags/EOD.py
[2025-05-23T23:28:06.644+0000] {processor.py:914} INFO - Processing file /opt/airflow/dags/EOD.py for tasks to queue
[2025-05-23T23:28:06.649+0000] {logging_mixin.py:190} INFO - [2025-05-23T23:28:06.648+0000] {dagbag.py:588} INFO - Filling up the DagBag from /opt/airflow/dags/EOD.py
[2025-05-23T23:28:06.676+0000] {processor.py:927} WARNING - No viable dags retrieved from /opt/airflow/dags/EOD.py
[2025-05-23T23:28:06.707+0000] {processor.py:208} INFO - Processing /opt/airflow/dags/EOD.py took 0.077 seconds
[2025-05-23T23:28:36.855+0000] {processor.py:186} INFO - Started process (PID=1203) to work on /opt/airflow/dags/EOD.py
[2025-05-23T23:28:36.858+0000] {processor.py:914} INFO - Processing file /opt/airflow/dags/EOD.py for tasks to queue
[2025-05-23T23:28:36.863+0000] {logging_mixin.py:190} INFO - [2025-05-23T23:28:36.862+0000] {dagbag.py:588} INFO - Filling up the DagBag from /opt/airflow/dags/EOD.py
[2025-05-23T23:28:36.888+0000] {processor.py:927} WARNING - No viable dags retrieved from /opt/airflow/dags/EOD.py
[2025-05-23T23:28:36.923+0000] {processor.py:208} INFO - Processing /opt/airflow/dags/EOD.py took 0.085 seconds
[2025-05-23T23:29:07.247+0000] {processor.py:186} INFO - Started process (PID=1269) to work on /opt/airflow/dags/EOD.py
[2025-05-23T23:29:07.250+0000] {processor.py:914} INFO - Processing file /opt/airflow/dags/EOD.py for tasks to queue
[2025-05-23T23:29:07.255+0000] {logging_mixin.py:190} INFO - [2025-05-23T23:29:07.254+0000] {dagbag.py:588} INFO - Filling up the DagBag from /opt/airflow/dags/EOD.py
[2025-05-23T23:29:07.287+0000] {processor.py:927} WARNING - No viable dags retrieved from /opt/airflow/dags/EOD.py
[2025-05-23T23:29:07.315+0000] {processor.py:208} INFO - Processing /opt/airflow/dags/EOD.py took 0.080 seconds
[2025-05-23T23:29:38.115+0000] {processor.py:186} INFO - Started process (PID=1333) to work on /opt/airflow/dags/EOD.py
[2025-05-23T23:29:38.118+0000] {processor.py:914} INFO - Processing file /opt/airflow/dags/EOD.py for tasks to queue
[2025-05-23T23:29:38.123+0000] {logging_mixin.py:190} INFO - [2025-05-23T23:29:38.122+0000] {dagbag.py:588} INFO - Filling up the DagBag from /opt/airflow/dags/EOD.py
[2025-05-23T23:29:38.161+0000] {processor.py:927} WARNING - No viable dags retrieved from /opt/airflow/dags/EOD.py
[2025-05-23T23:29:38.194+0000] {processor.py:208} INFO - Processing /opt/airflow/dags/EOD.py took 0.093 seconds
[2025-05-23T23:30:09.170+0000] {processor.py:186} INFO - Started process (PID=1399) to work on /opt/airflow/dags/EOD.py
[2025-05-23T23:30:09.172+0000] {processor.py:914} INFO - Processing file /opt/airflow/dags/EOD.py for tasks to queue
[2025-05-23T23:30:09.177+0000] {logging_mixin.py:190} INFO - [2025-05-23T23:30:09.176+0000] {dagbag.py:588} INFO - Filling up the DagBag from /opt/airflow/dags/EOD.py
[2025-05-23T23:30:09.208+0000] {processor.py:927} WARNING - No viable dags retrieved from /opt/airflow/dags/EOD.py
[2025-05-23T23:30:09.235+0000] {processor.py:208} INFO - Processing /opt/airflow/dags/EOD.py took 0.077 seconds
