[2025-05-20T17:45:08.614+0000] {local_task_job_runner.py:123} INFO - ::group::Pre task execution logs
[2025-05-20T17:45:08.941+0000] {taskinstance.py:2631} INFO - Dependencies all met for dep_context=non-requeueable deps ti=<TaskInstance: fetch_eod_data.fetch_eod_data manual__2025-05-20T17:44:56.148049+00:00 [queued]>
[2025-05-20T17:45:08.962+0000] {taskinstance.py:2631} INFO - Dependencies all met for dep_context=requeueable deps ti=<TaskInstance: fetch_eod_data.fetch_eod_data manual__2025-05-20T17:44:56.148049+00:00 [queued]>
[2025-05-20T17:45:08.964+0000] {taskinstance.py:2884} INFO - Starting attempt 1 of 1
[2025-05-20T17:45:08.996+0000] {taskinstance.py:2907} INFO - Executing <Task(PythonOperator): fetch_eod_data> on 2025-05-20 17:44:56.148049+00:00
[2025-05-20T17:45:09.014+0000] {warnings.py:112} WARNING - /home/***/.local/lib/python3.12/site-packages/***/task/task_runner/standard_task_runner.py:70: DeprecationWarning: This process (pid=104) is multi-threaded, use of fork() may lead to deadlocks in the child.
  pid = os.fork()

[2025-05-20T17:45:09.018+0000] {standard_task_runner.py:72} INFO - Started process 113 to run task
[2025-05-20T17:45:09.018+0000] {standard_task_runner.py:104} INFO - Running: ['***', 'tasks', 'run', 'fetch_eod_data', 'fetch_eod_data', 'manual__2025-05-20T17:44:56.148049+00:00', '--job-id', '3', '--raw', '--subdir', 'DAGS_FOLDER/eod_data_pipeline.py', '--cfg-path', '/tmp/tmpglq5rzta']
[2025-05-20T17:45:09.020+0000] {standard_task_runner.py:105} INFO - Job 3: Subtask fetch_eod_data
[2025-05-20T17:45:09.114+0000] {task_command.py:467} INFO - Running <TaskInstance: fetch_eod_data.fetch_eod_data manual__2025-05-20T17:44:56.148049+00:00 [running]> on host 9b8de82a55e4
[2025-05-20T17:45:09.282+0000] {taskinstance.py:3157} INFO - Exporting env vars: AIRFLOW_CTX_DAG_OWNER='***' AIRFLOW_CTX_DAG_ID='fetch_eod_data' AIRFLOW_CTX_TASK_ID='fetch_eod_data' AIRFLOW_CTX_EXECUTION_DATE='2025-05-20T17:44:56.148049+00:00' AIRFLOW_CTX_TRY_NUMBER='1' AIRFLOW_CTX_DAG_RUN_ID='manual__2025-05-20T17:44:56.148049+00:00'
[2025-05-20T17:45:09.284+0000] {logging_mixin.py:190} INFO - Task instance is in running state
[2025-05-20T17:45:09.285+0000] {logging_mixin.py:190} INFO -  Previous state of the Task instance: queued
[2025-05-20T17:45:09.287+0000] {logging_mixin.py:190} INFO - Current task name:fetch_eod_data state:running start_date:2025-05-20 17:45:08.944893+00:00
[2025-05-20T17:45:09.288+0000] {logging_mixin.py:190} INFO - Dag name:fetch_eod_data and current dag run status:running
[2025-05-20T17:45:09.289+0000] {taskinstance.py:740} INFO - ::endgroup::
[2025-05-20T17:45:22.458+0000] {python.py:240} INFO - Done. Returned value was: None
[2025-05-20T17:45:22.501+0000] {taskinstance.py:349} INFO - ::group::Post task execution logs
[2025-05-20T17:45:22.503+0000] {taskinstance.py:361} INFO - Marking task as SUCCESS. dag_id=fetch_eod_data, task_id=fetch_eod_data, run_id=manual__2025-05-20T17:44:56.148049+00:00, execution_date=20250520T174456, start_date=20250520T174508, end_date=20250520T174522
[2025-05-20T17:45:22.563+0000] {logging_mixin.py:190} INFO - Task instance in success state
[2025-05-20T17:45:22.564+0000] {logging_mixin.py:190} INFO -  Previous state of the Task instance: running
[2025-05-20T17:45:22.566+0000] {logging_mixin.py:190} INFO - Dag name:fetch_eod_data queued_at:2025-05-20 17:44:57.656013+00:00
[2025-05-20T17:45:22.567+0000] {logging_mixin.py:190} INFO - Task hostname:9b8de82a55e4 operator:PythonOperator
[2025-05-20T17:45:22.628+0000] {local_task_job_runner.py:266} INFO - Task exited with return code 0
[2025-05-20T17:45:22.711+0000] {taskinstance.py:3924} INFO - 1 downstream tasks scheduled from follow-on schedule check
[2025-05-20T17:45:22.716+0000] {local_task_job_runner.py:245} INFO - ::endgroup::
