[2025-05-24T20:25:06.266+0000] {local_task_job_runner.py:123} INFO - ::group::Pre task execution logs
[2025-05-24T20:25:06.324+0000] {taskinstance.py:2631} INFO - Dependencies all met for dep_context=non-requeueable deps ti=<TaskInstance: fetch_eod_data.trigger_duckdb_dag manual__2025-05-24T20:24:46.609966+00:00 [queued]>
[2025-05-24T20:25:06.349+0000] {taskinstance.py:2631} INFO - Dependencies all met for dep_context=requeueable deps ti=<TaskInstance: fetch_eod_data.trigger_duckdb_dag manual__2025-05-24T20:24:46.609966+00:00 [queued]>
[2025-05-24T20:25:06.389+0000] {taskinstance.py:2884} INFO - Starting attempt 1 of 1
[2025-05-24T20:25:06.421+0000] {taskinstance.py:2907} INFO - Executing <Task(TriggerDagRunOperator): trigger_duckdb_dag> on 2025-05-24 20:24:46.609966+00:00
[2025-05-24T20:25:06.439+0000] {warnings.py:112} WARNING - /home/***/.local/lib/python3.12/site-packages/***/task/task_runner/standard_task_runner.py:70: DeprecationWarning: This process (pid=160) is multi-threaded, use of fork() may lead to deadlocks in the child.
  pid = os.fork()

[2025-05-24T20:25:06.444+0000] {standard_task_runner.py:72} INFO - Started process 162 to run task
[2025-05-24T20:25:06.443+0000] {standard_task_runner.py:104} INFO - Running: ['***', 'tasks', 'run', 'fetch_eod_data', 'trigger_duckdb_dag', 'manual__2025-05-24T20:24:46.609966+00:00', '--job-id', '28', '--raw', '--subdir', 'DAGS_FOLDER/eod_data_pipeline.py', '--cfg-path', '/tmp/tmpxil334re']
[2025-05-24T20:25:06.446+0000] {standard_task_runner.py:105} INFO - Job 28: Subtask trigger_duckdb_dag
[2025-05-24T20:25:06.539+0000] {task_command.py:467} INFO - Running <TaskInstance: fetch_eod_data.trigger_duckdb_dag manual__2025-05-24T20:24:46.609966+00:00 [running]> on host 97052e8b07bf
[2025-05-24T20:25:07.080+0000] {taskinstance.py:3157} INFO - Exporting env vars: AIRFLOW_CTX_DAG_OWNER='***' AIRFLOW_CTX_DAG_ID='fetch_eod_data' AIRFLOW_CTX_TASK_ID='trigger_duckdb_dag' AIRFLOW_CTX_EXECUTION_DATE='2025-05-24T20:24:46.609966+00:00' AIRFLOW_CTX_TRY_NUMBER='1' AIRFLOW_CTX_DAG_RUN_ID='manual__2025-05-24T20:24:46.609966+00:00'
[2025-05-24T20:25:07.082+0000] {logging_mixin.py:190} INFO - Task instance is in running state
[2025-05-24T20:25:07.083+0000] {logging_mixin.py:190} INFO -  Previous state of the Task instance: queued
[2025-05-24T20:25:07.084+0000] {logging_mixin.py:190} INFO - Current task name:trigger_duckdb_dag state:running start_date:2025-05-24 20:25:06.325953+00:00
[2025-05-24T20:25:07.085+0000] {logging_mixin.py:190} INFO - Dag name:fetch_eod_data and current dag run status:running
[2025-05-24T20:25:07.086+0000] {taskinstance.py:740} INFO - ::endgroup::
[2025-05-24T20:25:07.228+0000] {trigger_dagrun.py:257} INFO - Waiting for postgres_to_duckdb on 2025-05-24 20:25:07.088204+00:00 to become allowed state ['success'] ...
[2025-05-24T20:26:07.246+0000] {trigger_dagrun.py:271} INFO - postgres_to_duckdb finished with allowed state success
[2025-05-24T20:26:07.271+0000] {taskinstance.py:349} INFO - ::group::Post task execution logs
[2025-05-24T20:26:07.272+0000] {taskinstance.py:361} INFO - Marking task as SUCCESS. dag_id=fetch_eod_data, task_id=trigger_duckdb_dag, run_id=manual__2025-05-24T20:24:46.609966+00:00, execution_date=20250524T202446, start_date=20250524T202506, end_date=20250524T202607
[2025-05-24T20:26:07.333+0000] {logging_mixin.py:190} INFO - Task instance in success state
[2025-05-24T20:26:07.335+0000] {logging_mixin.py:190} INFO -  Previous state of the Task instance: running
[2025-05-24T20:26:07.336+0000] {logging_mixin.py:190} INFO - Dag name:fetch_eod_data queued_at:2025-05-24 20:24:46.631559+00:00
[2025-05-24T20:26:07.337+0000] {logging_mixin.py:190} INFO - Task hostname:97052e8b07bf operator:TriggerDagRunOperator
[2025-05-24T20:26:07.401+0000] {local_task_job_runner.py:266} INFO - Task exited with return code 0
[2025-05-24T20:26:07.421+0000] {local_task_job_runner.py:245} INFO - ::endgroup::
