[2025-05-24T20:52:07.915+0000] {local_task_job_runner.py:123} INFO - ::group::Pre task execution logs
[2025-05-24T20:52:07.960+0000] {taskinstance.py:2631} INFO - Dependencies all met for dep_context=non-requeueable deps ti=<TaskInstance: postgres_to_duckdb.transfer_to_duckdb manual__2025-05-24T20:52:03.905465+00:00 [queued]>
[2025-05-24T20:52:07.980+0000] {taskinstance.py:2631} INFO - Dependencies all met for dep_context=requeueable deps ti=<TaskInstance: postgres_to_duckdb.transfer_to_duckdb manual__2025-05-24T20:52:03.905465+00:00 [queued]>
[2025-05-24T20:52:07.982+0000] {taskinstance.py:2884} INFO - Starting attempt 1 of 1
[2025-05-24T20:52:08.012+0000] {taskinstance.py:2907} INFO - Executing <Task(PythonOperator): transfer_to_duckdb> on 2025-05-24 20:52:03.905465+00:00
[2025-05-24T20:52:08.031+0000] {warnings.py:112} WARNING - /home/***/.local/lib/python3.12/site-packages/***/task/task_runner/standard_task_runner.py:70: DeprecationWarning: This process (pid=359) is multi-threaded, use of fork() may lead to deadlocks in the child.
  pid = os.fork()

[2025-05-24T20:52:08.037+0000] {standard_task_runner.py:72} INFO - Started process 361 to run task
[2025-05-24T20:52:08.037+0000] {standard_task_runner.py:104} INFO - Running: ['***', 'tasks', 'run', 'postgres_to_duckdb', 'transfer_to_duckdb', 'manual__2025-05-24T20:52:03.905465+00:00', '--job-id', '11', '--raw', '--subdir', 'DAGS_FOLDER/postgres_to_duckdb.py', '--cfg-path', '/tmp/tmpjh1kpa11']
[2025-05-24T20:52:08.040+0000] {standard_task_runner.py:105} INFO - Job 11: Subtask transfer_to_duckdb
[2025-05-24T20:52:08.162+0000] {task_command.py:467} INFO - Running <TaskInstance: postgres_to_duckdb.transfer_to_duckdb manual__2025-05-24T20:52:03.905465+00:00 [running]> on host 22fb1a1b9b1d
[2025-05-24T20:52:08.412+0000] {taskinstance.py:3157} INFO - Exporting env vars: AIRFLOW_CTX_DAG_OWNER='***' AIRFLOW_CTX_DAG_ID='postgres_to_duckdb' AIRFLOW_CTX_TASK_ID='transfer_to_duckdb' AIRFLOW_CTX_EXECUTION_DATE='2025-05-24T20:52:03.905465+00:00' AIRFLOW_CTX_TRY_NUMBER='1' AIRFLOW_CTX_DAG_RUN_ID='manual__2025-05-24T20:52:03.905465+00:00'
[2025-05-24T20:52:08.415+0000] {logging_mixin.py:190} INFO - Task instance is in running state
[2025-05-24T20:52:08.416+0000] {logging_mixin.py:190} INFO -  Previous state of the Task instance: queued
[2025-05-24T20:52:08.417+0000] {logging_mixin.py:190} INFO - Current task name:transfer_to_duckdb state:running start_date:2025-05-24 20:52:07.961512+00:00
[2025-05-24T20:52:08.418+0000] {logging_mixin.py:190} INFO - Dag name:postgres_to_duckdb and current dag run status:running
[2025-05-24T20:52:08.419+0000] {taskinstance.py:740} INFO - ::endgroup::
[2025-05-24T20:52:08.601+0000] {logging_mixin.py:190} INFO - Successfully transferred 10 records to DuckDB
[2025-05-24T20:52:08.603+0000] {python.py:240} INFO - Done. Returned value was: None
[2025-05-24T20:52:08.631+0000] {taskinstance.py:349} INFO - ::group::Post task execution logs
[2025-05-24T20:52:08.632+0000] {taskinstance.py:361} INFO - Marking task as SUCCESS. dag_id=postgres_to_duckdb, task_id=transfer_to_duckdb, run_id=manual__2025-05-24T20:52:03.905465+00:00, execution_date=20250524T205203, start_date=20250524T205207, end_date=20250524T205208
[2025-05-24T20:52:08.681+0000] {logging_mixin.py:190} INFO - Task instance in success state
[2025-05-24T20:52:08.683+0000] {logging_mixin.py:190} INFO -  Previous state of the Task instance: running
[2025-05-24T20:52:08.684+0000] {logging_mixin.py:190} INFO - Dag name:postgres_to_duckdb queued_at:2025-05-24 20:52:03.926654+00:00
[2025-05-24T20:52:08.685+0000] {logging_mixin.py:190} INFO - Task hostname:22fb1a1b9b1d operator:PythonOperator
[2025-05-24T20:52:08.742+0000] {local_task_job_runner.py:266} INFO - Task exited with return code 0
[2025-05-24T20:52:08.778+0000] {taskinstance.py:3924} INFO - 0 downstream tasks scheduled from follow-on schedule check
[2025-05-24T20:52:08.783+0000] {local_task_job_runner.py:245} INFO - ::endgroup::
