[2025-05-24T20:06:10.333+0000] {local_task_job_runner.py:123} INFO - ::group::Pre task execution logs
[2025-05-24T20:06:10.384+0000] {taskinstance.py:2631} INFO - Dependencies all met for dep_context=non-requeueable deps ti=<TaskInstance: fetch_eod_data.trigger_duckdb_dag manual__2025-05-24T20:05:49.784760+00:00 [queued]>
[2025-05-24T20:06:10.405+0000] {taskinstance.py:2631} INFO - Dependencies all met for dep_context=requeueable deps ti=<TaskInstance: fetch_eod_data.trigger_duckdb_dag manual__2025-05-24T20:05:49.784760+00:00 [queued]>
[2025-05-24T20:06:10.443+0000] {taskinstance.py:2884} INFO - Starting attempt 1 of 1
[2025-05-24T20:06:10.478+0000] {taskinstance.py:2907} INFO - Executing <Task(TriggerDagRunOperator): trigger_duckdb_dag> on 2025-05-24 20:05:49.784760+00:00
[2025-05-24T20:06:10.496+0000] {warnings.py:112} WARNING - /home/***/.local/lib/python3.12/site-packages/***/task/task_runner/standard_task_runner.py:70: DeprecationWarning: This process (pid=136) is multi-threaded, use of fork() may lead to deadlocks in the child.
  pid = os.fork()

[2025-05-24T20:06:10.499+0000] {standard_task_runner.py:72} INFO - Started process 138 to run task
[2025-05-24T20:06:10.500+0000] {standard_task_runner.py:104} INFO - Running: ['***', 'tasks', 'run', 'fetch_eod_data', 'trigger_duckdb_dag', 'manual__2025-05-24T20:05:49.784760+00:00', '--job-id', '18', '--raw', '--subdir', 'DAGS_FOLDER/eod_data_pipeline.py', '--cfg-path', '/tmp/tmpjecedqm_']
[2025-05-24T20:06:10.503+0000] {standard_task_runner.py:105} INFO - Job 18: Subtask trigger_duckdb_dag
[2025-05-24T20:06:10.603+0000] {task_command.py:467} INFO - Running <TaskInstance: fetch_eod_data.trigger_duckdb_dag manual__2025-05-24T20:05:49.784760+00:00 [running]> on host 917c32fb21ff
[2025-05-24T20:06:11.181+0000] {taskinstance.py:3157} INFO - Exporting env vars: AIRFLOW_CTX_DAG_OWNER='***' AIRFLOW_CTX_DAG_ID='fetch_eod_data' AIRFLOW_CTX_TASK_ID='trigger_duckdb_dag' AIRFLOW_CTX_EXECUTION_DATE='2025-05-24T20:05:49.784760+00:00' AIRFLOW_CTX_TRY_NUMBER='1' AIRFLOW_CTX_DAG_RUN_ID='manual__2025-05-24T20:05:49.784760+00:00'
[2025-05-24T20:06:11.183+0000] {logging_mixin.py:190} INFO - Task instance is in running state
[2025-05-24T20:06:11.184+0000] {logging_mixin.py:190} INFO -  Previous state of the Task instance: queued
[2025-05-24T20:06:11.185+0000] {logging_mixin.py:190} INFO - Current task name:trigger_duckdb_dag state:running start_date:2025-05-24 20:06:10.385770+00:00
[2025-05-24T20:06:11.186+0000] {logging_mixin.py:190} INFO - Dag name:fetch_eod_data and current dag run status:running
[2025-05-24T20:06:11.188+0000] {taskinstance.py:740} INFO - ::endgroup::
[2025-05-24T20:06:11.337+0000] {trigger_dagrun.py:257} INFO - Waiting for postgres_to_duckdb on 2025-05-24 20:06:11.189216+00:00 to become allowed state ['success'] ...
[2025-05-24T20:07:11.362+0000] {trigger_dagrun.py:271} INFO - postgres_to_duckdb finished with allowed state success
[2025-05-24T20:07:11.391+0000] {taskinstance.py:349} INFO - ::group::Post task execution logs
[2025-05-24T20:07:11.393+0000] {taskinstance.py:361} INFO - Marking task as SUCCESS. dag_id=fetch_eod_data, task_id=trigger_duckdb_dag, run_id=manual__2025-05-24T20:05:49.784760+00:00, execution_date=20250524T200549, start_date=20250524T200610, end_date=20250524T200711
[2025-05-24T20:07:11.451+0000] {logging_mixin.py:190} INFO - Task instance in success state
[2025-05-24T20:07:11.452+0000] {logging_mixin.py:190} INFO -  Previous state of the Task instance: running
[2025-05-24T20:07:11.453+0000] {logging_mixin.py:190} INFO - Dag name:fetch_eod_data queued_at:2025-05-24 20:05:50.422595+00:00
[2025-05-24T20:07:11.454+0000] {logging_mixin.py:190} INFO - Task hostname:917c32fb21ff operator:TriggerDagRunOperator
[2025-05-24T20:07:11.517+0000] {local_task_job_runner.py:266} INFO - Task exited with return code 0
[2025-05-24T20:07:11.552+0000] {taskinstance.py:3924} INFO - 0 downstream tasks scheduled from follow-on schedule check
[2025-05-24T20:07:11.557+0000] {local_task_job_runner.py:245} INFO - ::endgroup::
