[2025-05-21T23:16:35.313+0000] {local_task_job_runner.py:123} INFO - ::group::Pre task execution logs
[2025-05-21T23:16:35.656+0000] {taskinstance.py:2631} INFO - Dependencies all met for dep_context=non-requeueable deps ti=<TaskInstance: fetch_eod_data.fetch_eod_data scheduled__2025-05-20T00:00:00+00:00 [queued]>
[2025-05-21T23:16:35.674+0000] {taskinstance.py:2631} INFO - Dependencies all met for dep_context=requeueable deps ti=<TaskInstance: fetch_eod_data.fetch_eod_data scheduled__2025-05-20T00:00:00+00:00 [queued]>
[2025-05-21T23:16:35.675+0000] {taskinstance.py:2884} INFO - Starting attempt 1 of 1
[2025-05-21T23:16:35.703+0000] {taskinstance.py:2907} INFO - Executing <Task(PythonOperator): fetch_eod_data> on 2025-05-20 00:00:00+00:00
[2025-05-21T23:16:35.718+0000] {warnings.py:112} WARNING - /home/***/.local/lib/python3.12/site-packages/***/task/task_runner/standard_task_runner.py:70: DeprecationWarning: This process (pid=91) is multi-threaded, use of fork() may lead to deadlocks in the child.
  pid = os.fork()

[2025-05-21T23:16:35.723+0000] {standard_task_runner.py:72} INFO - Started process 95 to run task
[2025-05-21T23:16:35.724+0000] {standard_task_runner.py:104} INFO - Running: ['***', 'tasks', 'run', 'fetch_eod_data', 'fetch_eod_data', 'scheduled__2025-05-20T00:00:00+00:00', '--job-id', '3', '--raw', '--subdir', 'DAGS_FOLDER/eod_data_pipeline.py', '--cfg-path', '/tmp/tmp6_gocyup']
[2025-05-21T23:16:35.726+0000] {standard_task_runner.py:105} INFO - Job 3: Subtask fetch_eod_data
[2025-05-21T23:16:35.852+0000] {task_command.py:467} INFO - Running <TaskInstance: fetch_eod_data.fetch_eod_data scheduled__2025-05-20T00:00:00+00:00 [running]> on host d9cfc12b6b23
[2025-05-21T23:16:36.100+0000] {taskinstance.py:3157} INFO - Exporting env vars: AIRFLOW_CTX_DAG_OWNER='***' AIRFLOW_CTX_DAG_ID='fetch_eod_data' AIRFLOW_CTX_TASK_ID='fetch_eod_data' AIRFLOW_CTX_EXECUTION_DATE='2025-05-20T00:00:00+00:00' AIRFLOW_CTX_TRY_NUMBER='1' AIRFLOW_CTX_DAG_RUN_ID='scheduled__2025-05-20T00:00:00+00:00'
[2025-05-21T23:16:36.108+0000] {logging_mixin.py:190} INFO - Task instance is in running state
[2025-05-21T23:16:36.110+0000] {logging_mixin.py:190} INFO -  Previous state of the Task instance: queued
[2025-05-21T23:16:36.112+0000] {logging_mixin.py:190} INFO - Current task name:fetch_eod_data state:running start_date:2025-05-21 23:16:35.657388+00:00
[2025-05-21T23:16:36.113+0000] {logging_mixin.py:190} INFO - Dag name:fetch_eod_data and current dag run status:running
[2025-05-21T23:16:36.114+0000] {taskinstance.py:740} INFO - ::endgroup::
[2025-05-21T23:16:45.538+0000] {python.py:240} INFO - Done. Returned value was: None
[2025-05-21T23:16:45.562+0000] {taskinstance.py:349} INFO - ::group::Post task execution logs
[2025-05-21T23:16:45.564+0000] {taskinstance.py:361} INFO - Marking task as SUCCESS. dag_id=fetch_eod_data, task_id=fetch_eod_data, run_id=scheduled__2025-05-20T00:00:00+00:00, execution_date=20250520T000000, start_date=20250521T231635, end_date=20250521T231645
[2025-05-21T23:16:45.617+0000] {logging_mixin.py:190} INFO - Task instance in success state
[2025-05-21T23:16:45.618+0000] {logging_mixin.py:190} INFO -  Previous state of the Task instance: running
[2025-05-21T23:16:45.619+0000] {logging_mixin.py:190} INFO - Dag name:fetch_eod_data queued_at:2025-05-21 23:16:24.220282+00:00
[2025-05-21T23:16:45.620+0000] {logging_mixin.py:190} INFO - Task hostname:d9cfc12b6b23 operator:PythonOperator
[2025-05-21T23:16:45.678+0000] {local_task_job_runner.py:266} INFO - Task exited with return code 0
[2025-05-21T23:16:45.730+0000] {standard_task_runner.py:217} INFO - Process not found (most likely exited), stop collecting metrics
[2025-05-21T23:16:45.731+0000] {taskinstance.py:3924} INFO - 1 downstream tasks scheduled from follow-on schedule check
[2025-05-21T23:16:45.736+0000] {local_task_job_runner.py:245} INFO - ::endgroup::
[2025-05-21T23:42:23.096+0000] {local_task_job_runner.py:123} INFO - ::group::Pre task execution logs
[2025-05-21T23:42:23.414+0000] {taskinstance.py:2631} INFO - Dependencies all met for dep_context=non-requeueable deps ti=<TaskInstance: fetch_eod_data.fetch_eod_data scheduled__2025-05-20T00:00:00+00:00 [queued]>
[2025-05-21T23:42:23.430+0000] {taskinstance.py:2631} INFO - Dependencies all met for dep_context=requeueable deps ti=<TaskInstance: fetch_eod_data.fetch_eod_data scheduled__2025-05-20T00:00:00+00:00 [queued]>
[2025-05-21T23:42:23.431+0000] {taskinstance.py:2884} INFO - Starting attempt 1 of 1
[2025-05-21T23:42:23.494+0000] {taskinstance.py:2907} INFO - Executing <Task(PythonOperator): fetch_eod_data> on 2025-05-20 00:00:00+00:00
[2025-05-21T23:42:23.510+0000] {warnings.py:112} WARNING - /home/***/.local/lib/python3.12/site-packages/***/task/task_runner/standard_task_runner.py:70: DeprecationWarning: This process (pid=90) is multi-threaded, use of fork() may lead to deadlocks in the child.
  pid = os.fork()

[2025-05-21T23:42:23.514+0000] {standard_task_runner.py:72} INFO - Started process 92 to run task
[2025-05-21T23:42:23.514+0000] {standard_task_runner.py:104} INFO - Running: ['***', 'tasks', 'run', 'fetch_eod_data', 'fetch_eod_data', 'scheduled__2025-05-20T00:00:00+00:00', '--job-id', '3', '--raw', '--subdir', 'DAGS_FOLDER/eod_data_pipeline.py', '--cfg-path', '/tmp/tmpwov80wr3']
[2025-05-21T23:42:23.516+0000] {standard_task_runner.py:105} INFO - Job 3: Subtask fetch_eod_data
[2025-05-21T23:42:23.620+0000] {task_command.py:467} INFO - Running <TaskInstance: fetch_eod_data.fetch_eod_data scheduled__2025-05-20T00:00:00+00:00 [running]> on host ee426fba9cd3
[2025-05-21T23:42:23.816+0000] {taskinstance.py:3157} INFO - Exporting env vars: AIRFLOW_CTX_DAG_OWNER='***' AIRFLOW_CTX_DAG_ID='fetch_eod_data' AIRFLOW_CTX_TASK_ID='fetch_eod_data' AIRFLOW_CTX_EXECUTION_DATE='2025-05-20T00:00:00+00:00' AIRFLOW_CTX_TRY_NUMBER='1' AIRFLOW_CTX_DAG_RUN_ID='scheduled__2025-05-20T00:00:00+00:00'
[2025-05-21T23:42:23.819+0000] {logging_mixin.py:190} INFO - Task instance is in running state
[2025-05-21T23:42:23.820+0000] {logging_mixin.py:190} INFO -  Previous state of the Task instance: queued
[2025-05-21T23:42:23.821+0000] {logging_mixin.py:190} INFO - Current task name:fetch_eod_data state:running start_date:2025-05-21 23:42:23.415845+00:00
[2025-05-21T23:42:23.822+0000] {logging_mixin.py:190} INFO - Dag name:fetch_eod_data and current dag run status:running
[2025-05-21T23:42:23.823+0000] {taskinstance.py:740} INFO - ::endgroup::
[2025-05-21T23:42:34.213+0000] {python.py:240} INFO - Done. Returned value was: None
[2025-05-21T23:42:34.243+0000] {taskinstance.py:349} INFO - ::group::Post task execution logs
[2025-05-21T23:42:34.245+0000] {taskinstance.py:361} INFO - Marking task as SUCCESS. dag_id=fetch_eod_data, task_id=fetch_eod_data, run_id=scheduled__2025-05-20T00:00:00+00:00, execution_date=20250520T000000, start_date=20250521T234223, end_date=20250521T234234
[2025-05-21T23:42:34.297+0000] {logging_mixin.py:190} INFO - Task instance in success state
[2025-05-21T23:42:34.298+0000] {logging_mixin.py:190} INFO -  Previous state of the Task instance: running
[2025-05-21T23:42:34.299+0000] {logging_mixin.py:190} INFO - Dag name:fetch_eod_data queued_at:2025-05-21 23:42:12.962087+00:00
[2025-05-21T23:42:34.300+0000] {logging_mixin.py:190} INFO - Task hostname:ee426fba9cd3 operator:PythonOperator
[2025-05-21T23:42:34.366+0000] {local_task_job_runner.py:266} INFO - Task exited with return code 0
[2025-05-21T23:42:34.424+0000] {taskinstance.py:3924} INFO - 1 downstream tasks scheduled from follow-on schedule check
[2025-05-21T23:42:34.464+0000] {local_task_job_runner.py:245} INFO - ::endgroup::
