[2025-05-24T20:03:50.284+0000] {processor.py:186} INFO - Started process (PID=83) to work on /opt/airflow/dags/EOD.py
[2025-05-24T20:03:50.286+0000] {processor.py:914} INFO - Processing file /opt/airflow/dags/EOD.py for tasks to queue
[2025-05-24T20:03:50.294+0000] {logging_mixin.py:190} INFO - [2025-05-24T20:03:50.293+0000] {dagbag.py:588} INFO - Filling up the DagBag from /opt/airflow/dags/EOD.py
[2025-05-24T20:03:50.324+0000] {processor.py:927} WARNING - No viable dags retrieved from /opt/airflow/dags/EOD.py
[2025-05-24T20:03:50.375+0000] {processor.py:208} INFO - Processing /opt/airflow/dags/EOD.py took 0.116 seconds
[2025-05-24T20:04:20.993+0000] {processor.py:186} INFO - Started process (PID=149) to work on /opt/airflow/dags/EOD.py
[2025-05-24T20:04:20.995+0000] {processor.py:914} INFO - Processing file /opt/airflow/dags/EOD.py for tasks to queue
[2025-05-24T20:04:21.003+0000] {logging_mixin.py:190} INFO - [2025-05-24T20:04:21.002+0000] {dagbag.py:588} INFO - Filling up the DagBag from /opt/airflow/dags/EOD.py
[2025-05-24T20:04:21.031+0000] {processor.py:927} WARNING - No viable dags retrieved from /opt/airflow/dags/EOD.py
[2025-05-24T20:04:21.067+0000] {processor.py:208} INFO - Processing /opt/airflow/dags/EOD.py took 0.092 seconds
[2025-05-24T20:04:51.879+0000] {processor.py:186} INFO - Started process (PID=215) to work on /opt/airflow/dags/EOD.py
[2025-05-24T20:04:51.881+0000] {processor.py:914} INFO - Processing file /opt/airflow/dags/EOD.py for tasks to queue
[2025-05-24T20:04:51.885+0000] {logging_mixin.py:190} INFO - [2025-05-24T20:04:51.885+0000] {dagbag.py:588} INFO - Filling up the DagBag from /opt/airflow/dags/EOD.py
[2025-05-24T20:04:51.913+0000] {processor.py:927} WARNING - No viable dags retrieved from /opt/airflow/dags/EOD.py
[2025-05-24T20:04:51.942+0000] {processor.py:208} INFO - Processing /opt/airflow/dags/EOD.py took 0.074 seconds
[2025-05-24T20:05:22.459+0000] {processor.py:186} INFO - Started process (PID=281) to work on /opt/airflow/dags/EOD.py
[2025-05-24T20:05:22.461+0000] {processor.py:914} INFO - Processing file /opt/airflow/dags/EOD.py for tasks to queue
[2025-05-24T20:05:22.468+0000] {logging_mixin.py:190} INFO - [2025-05-24T20:05:22.467+0000] {dagbag.py:588} INFO - Filling up the DagBag from /opt/airflow/dags/EOD.py
[2025-05-24T20:05:22.500+0000] {processor.py:927} WARNING - No viable dags retrieved from /opt/airflow/dags/EOD.py
[2025-05-24T20:05:22.538+0000] {processor.py:208} INFO - Processing /opt/airflow/dags/EOD.py took 0.094 seconds
[2025-05-24T20:05:53.435+0000] {processor.py:186} INFO - Started process (PID=347) to work on /opt/airflow/dags/EOD.py
[2025-05-24T20:05:53.439+0000] {processor.py:914} INFO - Processing file /opt/airflow/dags/EOD.py for tasks to queue
[2025-05-24T20:05:53.446+0000] {logging_mixin.py:190} INFO - [2025-05-24T20:05:53.445+0000] {dagbag.py:588} INFO - Filling up the DagBag from /opt/airflow/dags/EOD.py
[2025-05-24T20:05:53.476+0000] {processor.py:927} WARNING - No viable dags retrieved from /opt/airflow/dags/EOD.py
[2025-05-24T20:05:53.508+0000] {processor.py:208} INFO - Processing /opt/airflow/dags/EOD.py took 0.090 seconds
[2025-05-24T20:06:23.947+0000] {processor.py:186} INFO - Started process (PID=413) to work on /opt/airflow/dags/EOD.py
[2025-05-24T20:06:23.950+0000] {processor.py:914} INFO - Processing file /opt/airflow/dags/EOD.py for tasks to queue
[2025-05-24T20:06:23.957+0000] {logging_mixin.py:190} INFO - [2025-05-24T20:06:23.956+0000] {dagbag.py:588} INFO - Filling up the DagBag from /opt/airflow/dags/EOD.py
[2025-05-24T20:06:23.990+0000] {processor.py:927} WARNING - No viable dags retrieved from /opt/airflow/dags/EOD.py
[2025-05-24T20:06:24.021+0000] {processor.py:208} INFO - Processing /opt/airflow/dags/EOD.py took 0.092 seconds
[2025-05-24T20:06:54.626+0000] {processor.py:186} INFO - Started process (PID=479) to work on /opt/airflow/dags/EOD.py
[2025-05-24T20:06:54.629+0000] {processor.py:914} INFO - Processing file /opt/airflow/dags/EOD.py for tasks to queue
[2025-05-24T20:06:54.635+0000] {logging_mixin.py:190} INFO - [2025-05-24T20:06:54.634+0000] {dagbag.py:588} INFO - Filling up the DagBag from /opt/airflow/dags/EOD.py
[2025-05-24T20:06:54.671+0000] {processor.py:927} WARNING - No viable dags retrieved from /opt/airflow/dags/EOD.py
[2025-05-24T20:06:54.704+0000] {processor.py:208} INFO - Processing /opt/airflow/dags/EOD.py took 0.092 seconds
[2025-05-24T20:07:25.580+0000] {processor.py:186} INFO - Started process (PID=545) to work on /opt/airflow/dags/EOD.py
[2025-05-24T20:07:25.582+0000] {processor.py:914} INFO - Processing file /opt/airflow/dags/EOD.py for tasks to queue
[2025-05-24T20:07:25.587+0000] {logging_mixin.py:190} INFO - [2025-05-24T20:07:25.586+0000] {dagbag.py:588} INFO - Filling up the DagBag from /opt/airflow/dags/EOD.py
[2025-05-24T20:07:25.618+0000] {processor.py:927} WARNING - No viable dags retrieved from /opt/airflow/dags/EOD.py
[2025-05-24T20:07:25.645+0000] {processor.py:208} INFO - Processing /opt/airflow/dags/EOD.py took 0.077 seconds
[2025-05-24T20:07:56.177+0000] {processor.py:186} INFO - Started process (PID=611) to work on /opt/airflow/dags/EOD.py
[2025-05-24T20:07:56.180+0000] {processor.py:914} INFO - Processing file /opt/airflow/dags/EOD.py for tasks to queue
[2025-05-24T20:07:56.186+0000] {logging_mixin.py:190} INFO - [2025-05-24T20:07:56.185+0000] {dagbag.py:588} INFO - Filling up the DagBag from /opt/airflow/dags/EOD.py
[2025-05-24T20:07:56.216+0000] {processor.py:927} WARNING - No viable dags retrieved from /opt/airflow/dags/EOD.py
[2025-05-24T20:07:56.243+0000] {processor.py:208} INFO - Processing /opt/airflow/dags/EOD.py took 0.078 seconds
[2025-05-24T20:08:27.141+0000] {processor.py:186} INFO - Started process (PID=678) to work on /opt/airflow/dags/EOD.py
[2025-05-24T20:08:27.144+0000] {processor.py:914} INFO - Processing file /opt/airflow/dags/EOD.py for tasks to queue
[2025-05-24T20:08:27.149+0000] {logging_mixin.py:190} INFO - [2025-05-24T20:08:27.148+0000] {dagbag.py:588} INFO - Filling up the DagBag from /opt/airflow/dags/EOD.py
[2025-05-24T20:08:27.187+0000] {processor.py:927} WARNING - No viable dags retrieved from /opt/airflow/dags/EOD.py
[2025-05-24T20:08:27.218+0000] {processor.py:208} INFO - Processing /opt/airflow/dags/EOD.py took 0.089 seconds
[2025-05-24T20:08:58.262+0000] {processor.py:186} INFO - Started process (PID=744) to work on /opt/airflow/dags/EOD.py
[2025-05-24T20:08:58.264+0000] {processor.py:914} INFO - Processing file /opt/airflow/dags/EOD.py for tasks to queue
[2025-05-24T20:08:58.271+0000] {logging_mixin.py:190} INFO - [2025-05-24T20:08:58.270+0000] {dagbag.py:588} INFO - Filling up the DagBag from /opt/airflow/dags/EOD.py
[2025-05-24T20:08:58.301+0000] {processor.py:927} WARNING - No viable dags retrieved from /opt/airflow/dags/EOD.py
[2025-05-24T20:08:58.334+0000] {processor.py:208} INFO - Processing /opt/airflow/dags/EOD.py took 0.084 seconds
[2025-05-24T20:09:29.189+0000] {processor.py:186} INFO - Started process (PID=810) to work on /opt/airflow/dags/EOD.py
[2025-05-24T20:09:29.192+0000] {processor.py:914} INFO - Processing file /opt/airflow/dags/EOD.py for tasks to queue
[2025-05-24T20:09:29.197+0000] {logging_mixin.py:190} INFO - [2025-05-24T20:09:29.196+0000] {dagbag.py:588} INFO - Filling up the DagBag from /opt/airflow/dags/EOD.py
[2025-05-24T20:09:29.229+0000] {processor.py:927} WARNING - No viable dags retrieved from /opt/airflow/dags/EOD.py
[2025-05-24T20:09:29.268+0000] {processor.py:208} INFO - Processing /opt/airflow/dags/EOD.py took 0.096 seconds
[2025-05-24T20:09:59.494+0000] {processor.py:186} INFO - Started process (PID=875) to work on /opt/airflow/dags/EOD.py
[2025-05-24T20:09:59.496+0000] {processor.py:914} INFO - Processing file /opt/airflow/dags/EOD.py for tasks to queue
[2025-05-24T20:09:59.501+0000] {logging_mixin.py:190} INFO - [2025-05-24T20:09:59.500+0000] {dagbag.py:588} INFO - Filling up the DagBag from /opt/airflow/dags/EOD.py
[2025-05-24T20:09:59.535+0000] {processor.py:927} WARNING - No viable dags retrieved from /opt/airflow/dags/EOD.py
[2025-05-24T20:09:59.566+0000] {processor.py:208} INFO - Processing /opt/airflow/dags/EOD.py took 0.084 seconds
[2025-05-24T20:10:29.776+0000] {processor.py:186} INFO - Started process (PID=939) to work on /opt/airflow/dags/EOD.py
[2025-05-24T20:10:29.778+0000] {processor.py:914} INFO - Processing file /opt/airflow/dags/EOD.py for tasks to queue
[2025-05-24T20:10:29.783+0000] {logging_mixin.py:190} INFO - [2025-05-24T20:10:29.782+0000] {dagbag.py:588} INFO - Filling up the DagBag from /opt/airflow/dags/EOD.py
[2025-05-24T20:10:29.814+0000] {processor.py:927} WARNING - No viable dags retrieved from /opt/airflow/dags/EOD.py
[2025-05-24T20:10:29.842+0000] {processor.py:208} INFO - Processing /opt/airflow/dags/EOD.py took 0.079 seconds
[2025-05-24T20:11:00.217+0000] {processor.py:186} INFO - Started process (PID=1005) to work on /opt/airflow/dags/EOD.py
[2025-05-24T20:11:00.220+0000] {processor.py:914} INFO - Processing file /opt/airflow/dags/EOD.py for tasks to queue
[2025-05-24T20:11:00.225+0000] {logging_mixin.py:190} INFO - [2025-05-24T20:11:00.224+0000] {dagbag.py:588} INFO - Filling up the DagBag from /opt/airflow/dags/EOD.py
[2025-05-24T20:11:00.256+0000] {processor.py:927} WARNING - No viable dags retrieved from /opt/airflow/dags/EOD.py
[2025-05-24T20:11:00.287+0000] {processor.py:208} INFO - Processing /opt/airflow/dags/EOD.py took 0.086 seconds
[2025-05-24T20:11:30.414+0000] {processor.py:186} INFO - Started process (PID=1071) to work on /opt/airflow/dags/EOD.py
[2025-05-24T20:11:30.417+0000] {processor.py:914} INFO - Processing file /opt/airflow/dags/EOD.py for tasks to queue
[2025-05-24T20:11:30.422+0000] {logging_mixin.py:190} INFO - [2025-05-24T20:11:30.421+0000] {dagbag.py:588} INFO - Filling up the DagBag from /opt/airflow/dags/EOD.py
[2025-05-24T20:11:30.453+0000] {processor.py:927} WARNING - No viable dags retrieved from /opt/airflow/dags/EOD.py
[2025-05-24T20:11:30.482+0000] {processor.py:208} INFO - Processing /opt/airflow/dags/EOD.py took 0.080 seconds
[2025-05-24T20:12:00.843+0000] {processor.py:186} INFO - Started process (PID=1137) to work on /opt/airflow/dags/EOD.py
[2025-05-24T20:12:00.846+0000] {processor.py:914} INFO - Processing file /opt/airflow/dags/EOD.py for tasks to queue
[2025-05-24T20:12:00.850+0000] {logging_mixin.py:190} INFO - [2025-05-24T20:12:00.849+0000] {dagbag.py:588} INFO - Filling up the DagBag from /opt/airflow/dags/EOD.py
[2025-05-24T20:12:00.882+0000] {processor.py:927} WARNING - No viable dags retrieved from /opt/airflow/dags/EOD.py
[2025-05-24T20:12:00.909+0000] {processor.py:208} INFO - Processing /opt/airflow/dags/EOD.py took 0.079 seconds
[2025-05-24T20:12:31.296+0000] {processor.py:186} INFO - Started process (PID=1202) to work on /opt/airflow/dags/EOD.py
[2025-05-24T20:12:31.300+0000] {processor.py:914} INFO - Processing file /opt/airflow/dags/EOD.py for tasks to queue
[2025-05-24T20:12:31.307+0000] {logging_mixin.py:190} INFO - [2025-05-24T20:12:31.306+0000] {dagbag.py:588} INFO - Filling up the DagBag from /opt/airflow/dags/EOD.py
[2025-05-24T20:12:31.339+0000] {processor.py:927} WARNING - No viable dags retrieved from /opt/airflow/dags/EOD.py
[2025-05-24T20:12:31.370+0000] {processor.py:208} INFO - Processing /opt/airflow/dags/EOD.py took 0.091 seconds
[2025-05-24T20:13:02.125+0000] {processor.py:186} INFO - Started process (PID=1273) to work on /opt/airflow/dags/EOD.py
[2025-05-24T20:13:02.127+0000] {processor.py:914} INFO - Processing file /opt/airflow/dags/EOD.py for tasks to queue
[2025-05-24T20:13:02.133+0000] {logging_mixin.py:190} INFO - [2025-05-24T20:13:02.132+0000] {dagbag.py:588} INFO - Filling up the DagBag from /opt/airflow/dags/EOD.py
[2025-05-24T20:13:02.160+0000] {processor.py:927} WARNING - No viable dags retrieved from /opt/airflow/dags/EOD.py
[2025-05-24T20:13:02.186+0000] {processor.py:208} INFO - Processing /opt/airflow/dags/EOD.py took 0.075 seconds
[2025-05-24T20:13:32.295+0000] {processor.py:186} INFO - Started process (PID=1338) to work on /opt/airflow/dags/EOD.py
[2025-05-24T20:13:32.298+0000] {processor.py:914} INFO - Processing file /opt/airflow/dags/EOD.py for tasks to queue
[2025-05-24T20:13:32.302+0000] {logging_mixin.py:190} INFO - [2025-05-24T20:13:32.302+0000] {dagbag.py:588} INFO - Filling up the DagBag from /opt/airflow/dags/EOD.py
[2025-05-24T20:13:32.335+0000] {processor.py:927} WARNING - No viable dags retrieved from /opt/airflow/dags/EOD.py
[2025-05-24T20:13:32.368+0000] {processor.py:208} INFO - Processing /opt/airflow/dags/EOD.py took 0.088 seconds
[2025-05-24T20:14:03.111+0000] {processor.py:186} INFO - Started process (PID=1404) to work on /opt/airflow/dags/EOD.py
[2025-05-24T20:14:03.113+0000] {processor.py:914} INFO - Processing file /opt/airflow/dags/EOD.py for tasks to queue
[2025-05-24T20:14:03.120+0000] {logging_mixin.py:190} INFO - [2025-05-24T20:14:03.119+0000] {dagbag.py:588} INFO - Filling up the DagBag from /opt/airflow/dags/EOD.py
[2025-05-24T20:14:03.151+0000] {processor.py:927} WARNING - No viable dags retrieved from /opt/airflow/dags/EOD.py
[2025-05-24T20:14:03.180+0000] {processor.py:208} INFO - Processing /opt/airflow/dags/EOD.py took 0.088 seconds
[2025-05-24T20:14:33.971+0000] {processor.py:186} INFO - Started process (PID=1470) to work on /opt/airflow/dags/EOD.py
[2025-05-24T20:14:33.973+0000] {processor.py:914} INFO - Processing file /opt/airflow/dags/EOD.py for tasks to queue
[2025-05-24T20:14:33.978+0000] {logging_mixin.py:190} INFO - [2025-05-24T20:14:33.977+0000] {dagbag.py:588} INFO - Filling up the DagBag from /opt/airflow/dags/EOD.py
[2025-05-24T20:14:34.009+0000] {processor.py:927} WARNING - No viable dags retrieved from /opt/airflow/dags/EOD.py
[2025-05-24T20:14:34.037+0000] {processor.py:208} INFO - Processing /opt/airflow/dags/EOD.py took 0.076 seconds
[2025-05-24T20:15:04.344+0000] {processor.py:186} INFO - Started process (PID=1536) to work on /opt/airflow/dags/EOD.py
[2025-05-24T20:15:04.347+0000] {processor.py:914} INFO - Processing file /opt/airflow/dags/EOD.py for tasks to queue
[2025-05-24T20:15:04.352+0000] {logging_mixin.py:190} INFO - [2025-05-24T20:15:04.352+0000] {dagbag.py:588} INFO - Filling up the DagBag from /opt/airflow/dags/EOD.py
[2025-05-24T20:15:04.386+0000] {processor.py:927} WARNING - No viable dags retrieved from /opt/airflow/dags/EOD.py
[2025-05-24T20:15:04.419+0000] {processor.py:208} INFO - Processing /opt/airflow/dags/EOD.py took 0.088 seconds
[2025-05-24T20:15:34.730+0000] {processor.py:186} INFO - Started process (PID=1602) to work on /opt/airflow/dags/EOD.py
[2025-05-24T20:15:34.733+0000] {processor.py:914} INFO - Processing file /opt/airflow/dags/EOD.py for tasks to queue
[2025-05-24T20:15:34.738+0000] {logging_mixin.py:190} INFO - [2025-05-24T20:15:34.737+0000] {dagbag.py:588} INFO - Filling up the DagBag from /opt/airflow/dags/EOD.py
[2025-05-24T20:15:34.772+0000] {processor.py:927} WARNING - No viable dags retrieved from /opt/airflow/dags/EOD.py
[2025-05-24T20:15:34.802+0000] {processor.py:208} INFO - Processing /opt/airflow/dags/EOD.py took 0.083 seconds
[2025-05-24T20:16:05.069+0000] {processor.py:186} INFO - Started process (PID=1668) to work on /opt/airflow/dags/EOD.py
[2025-05-24T20:16:05.071+0000] {processor.py:914} INFO - Processing file /opt/airflow/dags/EOD.py for tasks to queue
[2025-05-24T20:16:05.075+0000] {logging_mixin.py:190} INFO - [2025-05-24T20:16:05.074+0000] {dagbag.py:588} INFO - Filling up the DagBag from /opt/airflow/dags/EOD.py
[2025-05-24T20:16:05.107+0000] {processor.py:927} WARNING - No viable dags retrieved from /opt/airflow/dags/EOD.py
[2025-05-24T20:16:05.132+0000] {processor.py:208} INFO - Processing /opt/airflow/dags/EOD.py took 0.075 seconds
[2025-05-24T20:16:35.765+0000] {processor.py:186} INFO - Started process (PID=1734) to work on /opt/airflow/dags/EOD.py
[2025-05-24T20:16:35.767+0000] {processor.py:914} INFO - Processing file /opt/airflow/dags/EOD.py for tasks to queue
[2025-05-24T20:16:35.773+0000] {logging_mixin.py:190} INFO - [2025-05-24T20:16:35.772+0000] {dagbag.py:588} INFO - Filling up the DagBag from /opt/airflow/dags/EOD.py
[2025-05-24T20:16:35.808+0000] {processor.py:927} WARNING - No viable dags retrieved from /opt/airflow/dags/EOD.py
[2025-05-24T20:16:35.839+0000] {processor.py:208} INFO - Processing /opt/airflow/dags/EOD.py took 0.087 seconds
[2025-05-24T20:17:06.042+0000] {processor.py:186} INFO - Started process (PID=1800) to work on /opt/airflow/dags/EOD.py
[2025-05-24T20:17:06.045+0000] {processor.py:914} INFO - Processing file /opt/airflow/dags/EOD.py for tasks to queue
[2025-05-24T20:17:06.053+0000] {logging_mixin.py:190} INFO - [2025-05-24T20:17:06.052+0000] {dagbag.py:588} INFO - Filling up the DagBag from /opt/airflow/dags/EOD.py
[2025-05-24T20:17:06.086+0000] {processor.py:927} WARNING - No viable dags retrieved from /opt/airflow/dags/EOD.py
[2025-05-24T20:17:06.117+0000] {processor.py:208} INFO - Processing /opt/airflow/dags/EOD.py took 0.090 seconds
[2025-05-24T20:17:36.705+0000] {processor.py:186} INFO - Started process (PID=1867) to work on /opt/airflow/dags/EOD.py
[2025-05-24T20:17:36.709+0000] {processor.py:914} INFO - Processing file /opt/airflow/dags/EOD.py for tasks to queue
[2025-05-24T20:17:36.717+0000] {logging_mixin.py:190} INFO - [2025-05-24T20:17:36.716+0000] {dagbag.py:588} INFO - Filling up the DagBag from /opt/airflow/dags/EOD.py
[2025-05-24T20:17:36.750+0000] {processor.py:927} WARNING - No viable dags retrieved from /opt/airflow/dags/EOD.py
[2025-05-24T20:17:36.784+0000] {processor.py:208} INFO - Processing /opt/airflow/dags/EOD.py took 0.096 seconds
[2025-05-24T20:19:36.121+0000] {processor.py:186} INFO - Started process (PID=80) to work on /opt/airflow/dags/EOD.py
[2025-05-24T20:19:36.124+0000] {processor.py:914} INFO - Processing file /opt/airflow/dags/EOD.py for tasks to queue
[2025-05-24T20:19:36.130+0000] {logging_mixin.py:190} INFO - [2025-05-24T20:19:36.129+0000] {dagbag.py:588} INFO - Filling up the DagBag from /opt/airflow/dags/EOD.py
[2025-05-24T20:19:36.166+0000] {processor.py:927} WARNING - No viable dags retrieved from /opt/airflow/dags/EOD.py
[2025-05-24T20:19:36.204+0000] {processor.py:208} INFO - Processing /opt/airflow/dags/EOD.py took 0.099 seconds
[2025-05-24T20:20:06.545+0000] {processor.py:186} INFO - Started process (PID=145) to work on /opt/airflow/dags/EOD.py
[2025-05-24T20:20:06.547+0000] {processor.py:914} INFO - Processing file /opt/airflow/dags/EOD.py for tasks to queue
[2025-05-24T20:20:06.552+0000] {logging_mixin.py:190} INFO - [2025-05-24T20:20:06.551+0000] {dagbag.py:588} INFO - Filling up the DagBag from /opt/airflow/dags/EOD.py
[2025-05-24T20:20:06.585+0000] {processor.py:927} WARNING - No viable dags retrieved from /opt/airflow/dags/EOD.py
[2025-05-24T20:20:06.612+0000] {processor.py:208} INFO - Processing /opt/airflow/dags/EOD.py took 0.078 seconds
[2025-05-24T20:20:37.267+0000] {processor.py:186} INFO - Started process (PID=212) to work on /opt/airflow/dags/EOD.py
[2025-05-24T20:20:37.269+0000] {processor.py:914} INFO - Processing file /opt/airflow/dags/EOD.py for tasks to queue
[2025-05-24T20:20:37.275+0000] {logging_mixin.py:190} INFO - [2025-05-24T20:20:37.274+0000] {dagbag.py:588} INFO - Filling up the DagBag from /opt/airflow/dags/EOD.py
[2025-05-24T20:20:37.309+0000] {processor.py:927} WARNING - No viable dags retrieved from /opt/airflow/dags/EOD.py
[2025-05-24T20:20:37.341+0000] {processor.py:208} INFO - Processing /opt/airflow/dags/EOD.py took 0.090 seconds
[2025-05-24T20:21:07.555+0000] {processor.py:186} INFO - Started process (PID=277) to work on /opt/airflow/dags/EOD.py
[2025-05-24T20:21:07.558+0000] {processor.py:914} INFO - Processing file /opt/airflow/dags/EOD.py for tasks to queue
[2025-05-24T20:21:07.563+0000] {logging_mixin.py:190} INFO - [2025-05-24T20:21:07.562+0000] {dagbag.py:588} INFO - Filling up the DagBag from /opt/airflow/dags/EOD.py
[2025-05-24T20:21:07.590+0000] {processor.py:927} WARNING - No viable dags retrieved from /opt/airflow/dags/EOD.py
[2025-05-24T20:21:07.619+0000] {processor.py:208} INFO - Processing /opt/airflow/dags/EOD.py took 0.082 seconds
[2025-05-24T20:21:38.385+0000] {processor.py:186} INFO - Started process (PID=344) to work on /opt/airflow/dags/EOD.py
[2025-05-24T20:21:38.387+0000] {processor.py:914} INFO - Processing file /opt/airflow/dags/EOD.py for tasks to queue
[2025-05-24T20:21:38.393+0000] {logging_mixin.py:190} INFO - [2025-05-24T20:21:38.392+0000] {dagbag.py:588} INFO - Filling up the DagBag from /opt/airflow/dags/EOD.py
[2025-05-24T20:21:38.420+0000] {processor.py:927} WARNING - No viable dags retrieved from /opt/airflow/dags/EOD.py
[2025-05-24T20:21:38.449+0000] {processor.py:208} INFO - Processing /opt/airflow/dags/EOD.py took 0.076 seconds
[2025-05-24T20:22:09.362+0000] {processor.py:186} INFO - Started process (PID=410) to work on /opt/airflow/dags/EOD.py
[2025-05-24T20:22:09.365+0000] {processor.py:914} INFO - Processing file /opt/airflow/dags/EOD.py for tasks to queue
[2025-05-24T20:22:09.372+0000] {logging_mixin.py:190} INFO - [2025-05-24T20:22:09.371+0000] {dagbag.py:588} INFO - Filling up the DagBag from /opt/airflow/dags/EOD.py
[2025-05-24T20:22:09.403+0000] {processor.py:927} WARNING - No viable dags retrieved from /opt/airflow/dags/EOD.py
[2025-05-24T20:22:09.434+0000] {processor.py:208} INFO - Processing /opt/airflow/dags/EOD.py took 0.088 seconds
[2025-05-24T20:22:39.832+0000] {processor.py:186} INFO - Started process (PID=476) to work on /opt/airflow/dags/EOD.py
[2025-05-24T20:22:39.835+0000] {processor.py:914} INFO - Processing file /opt/airflow/dags/EOD.py for tasks to queue
[2025-05-24T20:22:39.843+0000] {logging_mixin.py:190} INFO - [2025-05-24T20:22:39.842+0000] {dagbag.py:588} INFO - Filling up the DagBag from /opt/airflow/dags/EOD.py
[2025-05-24T20:22:39.880+0000] {processor.py:927} WARNING - No viable dags retrieved from /opt/airflow/dags/EOD.py
[2025-05-24T20:22:39.917+0000] {processor.py:208} INFO - Processing /opt/airflow/dags/EOD.py took 0.106 seconds
[2025-05-24T20:23:10.246+0000] {processor.py:186} INFO - Started process (PID=541) to work on /opt/airflow/dags/EOD.py
[2025-05-24T20:23:10.249+0000] {processor.py:914} INFO - Processing file /opt/airflow/dags/EOD.py for tasks to queue
[2025-05-24T20:23:10.258+0000] {logging_mixin.py:190} INFO - [2025-05-24T20:23:10.257+0000] {dagbag.py:588} INFO - Filling up the DagBag from /opt/airflow/dags/EOD.py
[2025-05-24T20:23:10.300+0000] {processor.py:927} WARNING - No viable dags retrieved from /opt/airflow/dags/EOD.py
[2025-05-24T20:23:10.330+0000] {processor.py:208} INFO - Processing /opt/airflow/dags/EOD.py took 0.102 seconds
[2025-05-24T20:23:40.484+0000] {processor.py:186} INFO - Started process (PID=607) to work on /opt/airflow/dags/EOD.py
[2025-05-24T20:23:40.487+0000] {processor.py:914} INFO - Processing file /opt/airflow/dags/EOD.py for tasks to queue
[2025-05-24T20:23:40.496+0000] {logging_mixin.py:190} INFO - [2025-05-24T20:23:40.494+0000] {dagbag.py:588} INFO - Filling up the DagBag from /opt/airflow/dags/EOD.py
[2025-05-24T20:23:40.531+0000] {processor.py:927} WARNING - No viable dags retrieved from /opt/airflow/dags/EOD.py
[2025-05-24T20:23:40.565+0000] {processor.py:208} INFO - Processing /opt/airflow/dags/EOD.py took 0.100 seconds
[2025-05-24T20:24:10.688+0000] {processor.py:186} INFO - Started process (PID=673) to work on /opt/airflow/dags/EOD.py
[2025-05-24T20:24:10.700+0000] {processor.py:914} INFO - Processing file /opt/airflow/dags/EOD.py for tasks to queue
[2025-05-24T20:24:10.713+0000] {logging_mixin.py:190} INFO - [2025-05-24T20:24:10.712+0000] {dagbag.py:588} INFO - Filling up the DagBag from /opt/airflow/dags/EOD.py
[2025-05-24T20:24:10.777+0000] {processor.py:927} WARNING - No viable dags retrieved from /opt/airflow/dags/EOD.py
[2025-05-24T20:24:10.810+0000] {processor.py:208} INFO - Processing /opt/airflow/dags/EOD.py took 0.132 seconds
[2025-05-24T20:24:41.188+0000] {processor.py:186} INFO - Started process (PID=740) to work on /opt/airflow/dags/EOD.py
[2025-05-24T20:24:41.190+0000] {processor.py:914} INFO - Processing file /opt/airflow/dags/EOD.py for tasks to queue
[2025-05-24T20:24:41.194+0000] {logging_mixin.py:190} INFO - [2025-05-24T20:24:41.194+0000] {dagbag.py:588} INFO - Filling up the DagBag from /opt/airflow/dags/EOD.py
[2025-05-24T20:24:41.228+0000] {processor.py:927} WARNING - No viable dags retrieved from /opt/airflow/dags/EOD.py
[2025-05-24T20:24:41.258+0000] {processor.py:208} INFO - Processing /opt/airflow/dags/EOD.py took 0.082 seconds
[2025-05-24T20:25:12.158+0000] {processor.py:186} INFO - Started process (PID=806) to work on /opt/airflow/dags/EOD.py
[2025-05-24T20:25:12.160+0000] {processor.py:914} INFO - Processing file /opt/airflow/dags/EOD.py for tasks to queue
[2025-05-24T20:25:12.165+0000] {logging_mixin.py:190} INFO - [2025-05-24T20:25:12.164+0000] {dagbag.py:588} INFO - Filling up the DagBag from /opt/airflow/dags/EOD.py
[2025-05-24T20:25:12.198+0000] {processor.py:927} WARNING - No viable dags retrieved from /opt/airflow/dags/EOD.py
[2025-05-24T20:25:12.224+0000] {processor.py:208} INFO - Processing /opt/airflow/dags/EOD.py took 0.080 seconds
[2025-05-24T20:25:42.701+0000] {processor.py:186} INFO - Started process (PID=872) to work on /opt/airflow/dags/EOD.py
[2025-05-24T20:25:42.703+0000] {processor.py:914} INFO - Processing file /opt/airflow/dags/EOD.py for tasks to queue
[2025-05-24T20:25:42.708+0000] {logging_mixin.py:190} INFO - [2025-05-24T20:25:42.707+0000] {dagbag.py:588} INFO - Filling up the DagBag from /opt/airflow/dags/EOD.py
[2025-05-24T20:25:42.742+0000] {processor.py:927} WARNING - No viable dags retrieved from /opt/airflow/dags/EOD.py
[2025-05-24T20:25:42.771+0000] {processor.py:208} INFO - Processing /opt/airflow/dags/EOD.py took 0.082 seconds
[2025-05-24T20:26:12.959+0000] {processor.py:186} INFO - Started process (PID=938) to work on /opt/airflow/dags/EOD.py
[2025-05-24T20:26:12.961+0000] {processor.py:914} INFO - Processing file /opt/airflow/dags/EOD.py for tasks to queue
[2025-05-24T20:26:12.966+0000] {logging_mixin.py:190} INFO - [2025-05-24T20:26:12.965+0000] {dagbag.py:588} INFO - Filling up the DagBag from /opt/airflow/dags/EOD.py
[2025-05-24T20:26:12.993+0000] {processor.py:927} WARNING - No viable dags retrieved from /opt/airflow/dags/EOD.py
[2025-05-24T20:26:13.020+0000] {processor.py:208} INFO - Processing /opt/airflow/dags/EOD.py took 0.074 seconds
[2025-05-24T20:26:43.219+0000] {processor.py:186} INFO - Started process (PID=1002) to work on /opt/airflow/dags/EOD.py
[2025-05-24T20:26:43.221+0000] {processor.py:914} INFO - Processing file /opt/airflow/dags/EOD.py for tasks to queue
[2025-05-24T20:26:43.227+0000] {logging_mixin.py:190} INFO - [2025-05-24T20:26:43.226+0000] {dagbag.py:588} INFO - Filling up the DagBag from /opt/airflow/dags/EOD.py
[2025-05-24T20:26:43.274+0000] {processor.py:927} WARNING - No viable dags retrieved from /opt/airflow/dags/EOD.py
[2025-05-24T20:26:43.326+0000] {processor.py:208} INFO - Processing /opt/airflow/dags/EOD.py took 0.122 seconds
[2025-05-24T20:27:13.447+0000] {processor.py:186} INFO - Started process (PID=1069) to work on /opt/airflow/dags/EOD.py
[2025-05-24T20:27:13.449+0000] {processor.py:914} INFO - Processing file /opt/airflow/dags/EOD.py for tasks to queue
[2025-05-24T20:27:13.454+0000] {logging_mixin.py:190} INFO - [2025-05-24T20:27:13.453+0000] {dagbag.py:588} INFO - Filling up the DagBag from /opt/airflow/dags/EOD.py
[2025-05-24T20:27:13.481+0000] {processor.py:927} WARNING - No viable dags retrieved from /opt/airflow/dags/EOD.py
[2025-05-24T20:27:13.508+0000] {processor.py:208} INFO - Processing /opt/airflow/dags/EOD.py took 0.072 seconds
[2025-05-24T20:27:44.017+0000] {processor.py:186} INFO - Started process (PID=1136) to work on /opt/airflow/dags/EOD.py
[2025-05-24T20:27:44.018+0000] {processor.py:914} INFO - Processing file /opt/airflow/dags/EOD.py for tasks to queue
[2025-05-24T20:27:44.023+0000] {logging_mixin.py:190} INFO - [2025-05-24T20:27:44.023+0000] {dagbag.py:588} INFO - Filling up the DagBag from /opt/airflow/dags/EOD.py
[2025-05-24T20:27:44.050+0000] {processor.py:927} WARNING - No viable dags retrieved from /opt/airflow/dags/EOD.py
[2025-05-24T20:27:44.077+0000] {processor.py:208} INFO - Processing /opt/airflow/dags/EOD.py took 0.075 seconds
[2025-05-24T20:28:14.268+0000] {processor.py:186} INFO - Started process (PID=1201) to work on /opt/airflow/dags/EOD.py
[2025-05-24T20:28:14.293+0000] {processor.py:914} INFO - Processing file /opt/airflow/dags/EOD.py for tasks to queue
[2025-05-24T20:28:14.304+0000] {logging_mixin.py:190} INFO - [2025-05-24T20:28:14.303+0000] {dagbag.py:588} INFO - Filling up the DagBag from /opt/airflow/dags/EOD.py
[2025-05-24T20:28:14.397+0000] {processor.py:927} WARNING - No viable dags retrieved from /opt/airflow/dags/EOD.py
[2025-05-24T20:28:14.473+0000] {processor.py:208} INFO - Processing /opt/airflow/dags/EOD.py took 0.244 seconds
[2025-05-24T20:29:45.311+0000] {processor.py:186} INFO - Started process (PID=1219) to work on /opt/airflow/dags/EOD.py
[2025-05-24T20:29:45.314+0000] {processor.py:914} INFO - Processing file /opt/airflow/dags/EOD.py for tasks to queue
[2025-05-24T20:29:45.321+0000] {logging_mixin.py:190} INFO - [2025-05-24T20:29:45.320+0000] {dagbag.py:588} INFO - Filling up the DagBag from /opt/airflow/dags/EOD.py
[2025-05-24T20:29:45.349+0000] {processor.py:927} WARNING - No viable dags retrieved from /opt/airflow/dags/EOD.py
[2025-05-24T20:29:45.383+0000] {processor.py:208} INFO - Processing /opt/airflow/dags/EOD.py took 0.093 seconds
[2025-05-24T20:30:16.169+0000] {processor.py:186} INFO - Started process (PID=1284) to work on /opt/airflow/dags/EOD.py
[2025-05-24T20:30:16.171+0000] {processor.py:914} INFO - Processing file /opt/airflow/dags/EOD.py for tasks to queue
[2025-05-24T20:30:16.177+0000] {logging_mixin.py:190} INFO - [2025-05-24T20:30:16.176+0000] {dagbag.py:588} INFO - Filling up the DagBag from /opt/airflow/dags/EOD.py
[2025-05-24T20:30:16.205+0000] {processor.py:927} WARNING - No viable dags retrieved from /opt/airflow/dags/EOD.py
[2025-05-24T20:30:16.231+0000] {processor.py:208} INFO - Processing /opt/airflow/dags/EOD.py took 0.074 seconds
[2025-05-24T20:30:47.201+0000] {processor.py:186} INFO - Started process (PID=1350) to work on /opt/airflow/dags/EOD.py
[2025-05-24T20:30:47.203+0000] {processor.py:914} INFO - Processing file /opt/airflow/dags/EOD.py for tasks to queue
[2025-05-24T20:30:47.208+0000] {logging_mixin.py:190} INFO - [2025-05-24T20:30:47.208+0000] {dagbag.py:588} INFO - Filling up the DagBag from /opt/airflow/dags/EOD.py
[2025-05-24T20:30:47.238+0000] {processor.py:927} WARNING - No viable dags retrieved from /opt/airflow/dags/EOD.py
[2025-05-24T20:30:47.270+0000] {processor.py:208} INFO - Processing /opt/airflow/dags/EOD.py took 0.084 seconds
[2025-05-24T20:31:17.546+0000] {processor.py:186} INFO - Started process (PID=1415) to work on /opt/airflow/dags/EOD.py
[2025-05-24T20:31:17.549+0000] {processor.py:914} INFO - Processing file /opt/airflow/dags/EOD.py for tasks to queue
[2025-05-24T20:31:17.554+0000] {logging_mixin.py:190} INFO - [2025-05-24T20:31:17.553+0000] {dagbag.py:588} INFO - Filling up the DagBag from /opt/airflow/dags/EOD.py
[2025-05-24T20:31:17.587+0000] {processor.py:927} WARNING - No viable dags retrieved from /opt/airflow/dags/EOD.py
[2025-05-24T20:31:17.615+0000] {processor.py:208} INFO - Processing /opt/airflow/dags/EOD.py took 0.079 seconds
[2025-05-24T20:31:48.572+0000] {processor.py:186} INFO - Started process (PID=1482) to work on /opt/airflow/dags/EOD.py
[2025-05-24T20:31:48.574+0000] {processor.py:914} INFO - Processing file /opt/airflow/dags/EOD.py for tasks to queue
[2025-05-24T20:31:48.580+0000] {logging_mixin.py:190} INFO - [2025-05-24T20:31:48.579+0000] {dagbag.py:588} INFO - Filling up the DagBag from /opt/airflow/dags/EOD.py
[2025-05-24T20:31:48.611+0000] {processor.py:927} WARNING - No viable dags retrieved from /opt/airflow/dags/EOD.py
[2025-05-24T20:31:48.643+0000] {processor.py:208} INFO - Processing /opt/airflow/dags/EOD.py took 0.083 seconds
[2025-05-24T20:32:19.454+0000] {processor.py:186} INFO - Started process (PID=1548) to work on /opt/airflow/dags/EOD.py
[2025-05-24T20:32:19.457+0000] {processor.py:914} INFO - Processing file /opt/airflow/dags/EOD.py for tasks to queue
[2025-05-24T20:32:19.462+0000] {logging_mixin.py:190} INFO - [2025-05-24T20:32:19.461+0000] {dagbag.py:588} INFO - Filling up the DagBag from /opt/airflow/dags/EOD.py
[2025-05-24T20:32:19.490+0000] {processor.py:927} WARNING - No viable dags retrieved from /opt/airflow/dags/EOD.py
[2025-05-24T20:32:19.525+0000] {processor.py:208} INFO - Processing /opt/airflow/dags/EOD.py took 0.084 seconds
[2025-05-24T20:35:40.544+0000] {processor.py:186} INFO - Started process (PID=83) to work on /opt/airflow/dags/EOD.py
[2025-05-24T20:35:40.546+0000] {processor.py:914} INFO - Processing file /opt/airflow/dags/EOD.py for tasks to queue
[2025-05-24T20:35:40.552+0000] {logging_mixin.py:190} INFO - [2025-05-24T20:35:40.551+0000] {dagbag.py:588} INFO - Filling up the DagBag from /opt/airflow/dags/EOD.py
[2025-05-24T20:35:40.579+0000] {processor.py:927} WARNING - No viable dags retrieved from /opt/airflow/dags/EOD.py
[2025-05-24T20:35:40.614+0000] {processor.py:208} INFO - Processing /opt/airflow/dags/EOD.py took 0.085 seconds
[2025-05-24T20:36:11.337+0000] {processor.py:186} INFO - Started process (PID=148) to work on /opt/airflow/dags/EOD.py
[2025-05-24T20:36:11.340+0000] {processor.py:914} INFO - Processing file /opt/airflow/dags/EOD.py for tasks to queue
[2025-05-24T20:36:11.347+0000] {logging_mixin.py:190} INFO - [2025-05-24T20:36:11.346+0000] {dagbag.py:588} INFO - Filling up the DagBag from /opt/airflow/dags/EOD.py
[2025-05-24T20:36:11.380+0000] {processor.py:927} WARNING - No viable dags retrieved from /opt/airflow/dags/EOD.py
[2025-05-24T20:36:11.413+0000] {processor.py:208} INFO - Processing /opt/airflow/dags/EOD.py took 0.090 seconds
[2025-05-24T20:36:41.909+0000] {processor.py:186} INFO - Started process (PID=214) to work on /opt/airflow/dags/EOD.py
[2025-05-24T20:36:41.911+0000] {processor.py:914} INFO - Processing file /opt/airflow/dags/EOD.py for tasks to queue
[2025-05-24T20:36:41.917+0000] {logging_mixin.py:190} INFO - [2025-05-24T20:36:41.917+0000] {dagbag.py:588} INFO - Filling up the DagBag from /opt/airflow/dags/EOD.py
[2025-05-24T20:36:41.945+0000] {processor.py:927} WARNING - No viable dags retrieved from /opt/airflow/dags/EOD.py
[2025-05-24T20:36:41.975+0000] {processor.py:208} INFO - Processing /opt/airflow/dags/EOD.py took 0.078 seconds
[2025-05-24T20:37:12.853+0000] {processor.py:186} INFO - Started process (PID=281) to work on /opt/airflow/dags/EOD.py
[2025-05-24T20:37:12.855+0000] {processor.py:914} INFO - Processing file /opt/airflow/dags/EOD.py for tasks to queue
[2025-05-24T20:37:12.860+0000] {logging_mixin.py:190} INFO - [2025-05-24T20:37:12.860+0000] {dagbag.py:588} INFO - Filling up the DagBag from /opt/airflow/dags/EOD.py
[2025-05-24T20:37:12.893+0000] {processor.py:927} WARNING - No viable dags retrieved from /opt/airflow/dags/EOD.py
[2025-05-24T20:37:12.921+0000] {processor.py:208} INFO - Processing /opt/airflow/dags/EOD.py took 0.080 seconds
[2025-05-24T20:37:43.882+0000] {processor.py:186} INFO - Started process (PID=347) to work on /opt/airflow/dags/EOD.py
[2025-05-24T20:37:43.885+0000] {processor.py:914} INFO - Processing file /opt/airflow/dags/EOD.py for tasks to queue
[2025-05-24T20:37:43.891+0000] {logging_mixin.py:190} INFO - [2025-05-24T20:37:43.890+0000] {dagbag.py:588} INFO - Filling up the DagBag from /opt/airflow/dags/EOD.py
[2025-05-24T20:37:43.924+0000] {processor.py:927} WARNING - No viable dags retrieved from /opt/airflow/dags/EOD.py
[2025-05-24T20:37:43.955+0000] {processor.py:208} INFO - Processing /opt/airflow/dags/EOD.py took 0.089 seconds
[2025-05-24T20:38:14.719+0000] {processor.py:186} INFO - Started process (PID=413) to work on /opt/airflow/dags/EOD.py
[2025-05-24T20:38:14.721+0000] {processor.py:914} INFO - Processing file /opt/airflow/dags/EOD.py for tasks to queue
[2025-05-24T20:38:14.726+0000] {logging_mixin.py:190} INFO - [2025-05-24T20:38:14.726+0000] {dagbag.py:588} INFO - Filling up the DagBag from /opt/airflow/dags/EOD.py
[2025-05-24T20:38:14.759+0000] {processor.py:927} WARNING - No viable dags retrieved from /opt/airflow/dags/EOD.py
[2025-05-24T20:38:14.819+0000] {processor.py:208} INFO - Processing /opt/airflow/dags/EOD.py took 0.116 seconds
[2025-05-24T20:38:45.612+0000] {processor.py:186} INFO - Started process (PID=479) to work on /opt/airflow/dags/EOD.py
[2025-05-24T20:38:45.614+0000] {processor.py:914} INFO - Processing file /opt/airflow/dags/EOD.py for tasks to queue
[2025-05-24T20:38:45.620+0000] {logging_mixin.py:190} INFO - [2025-05-24T20:38:45.619+0000] {dagbag.py:588} INFO - Filling up the DagBag from /opt/airflow/dags/EOD.py
[2025-05-24T20:38:45.652+0000] {processor.py:927} WARNING - No viable dags retrieved from /opt/airflow/dags/EOD.py
[2025-05-24T20:38:45.684+0000] {processor.py:208} INFO - Processing /opt/airflow/dags/EOD.py took 0.086 seconds
[2025-05-24T20:39:16.258+0000] {processor.py:186} INFO - Started process (PID=541) to work on /opt/airflow/dags/EOD.py
[2025-05-24T20:39:16.260+0000] {processor.py:914} INFO - Processing file /opt/airflow/dags/EOD.py for tasks to queue
[2025-05-24T20:39:16.264+0000] {logging_mixin.py:190} INFO - [2025-05-24T20:39:16.263+0000] {dagbag.py:588} INFO - Filling up the DagBag from /opt/airflow/dags/EOD.py
[2025-05-24T20:39:16.294+0000] {processor.py:927} WARNING - No viable dags retrieved from /opt/airflow/dags/EOD.py
[2025-05-24T20:39:16.321+0000] {processor.py:208} INFO - Processing /opt/airflow/dags/EOD.py took 0.074 seconds
[2025-05-24T20:39:48.223+0000] {processor.py:186} INFO - Started process (PID=607) to work on /opt/airflow/dags/EOD.py
[2025-05-24T20:39:48.226+0000] {processor.py:914} INFO - Processing file /opt/airflow/dags/EOD.py for tasks to queue
[2025-05-24T20:39:48.232+0000] {logging_mixin.py:190} INFO - [2025-05-24T20:39:48.231+0000] {dagbag.py:588} INFO - Filling up the DagBag from /opt/airflow/dags/EOD.py
[2025-05-24T20:39:48.262+0000] {processor.py:927} WARNING - No viable dags retrieved from /opt/airflow/dags/EOD.py
[2025-05-24T20:39:48.290+0000] {processor.py:208} INFO - Processing /opt/airflow/dags/EOD.py took 0.087 seconds
[2025-05-24T20:40:20.219+0000] {processor.py:186} INFO - Started process (PID=673) to work on /opt/airflow/dags/EOD.py
[2025-05-24T20:40:20.221+0000] {processor.py:914} INFO - Processing file /opt/airflow/dags/EOD.py for tasks to queue
[2025-05-24T20:40:20.225+0000] {logging_mixin.py:190} INFO - [2025-05-24T20:40:20.225+0000] {dagbag.py:588} INFO - Filling up the DagBag from /opt/airflow/dags/EOD.py
[2025-05-24T20:40:20.256+0000] {processor.py:927} WARNING - No viable dags retrieved from /opt/airflow/dags/EOD.py
[2025-05-24T20:40:20.283+0000] {processor.py:208} INFO - Processing /opt/airflow/dags/EOD.py took 0.074 seconds
[2025-05-24T20:40:51.565+0000] {processor.py:186} INFO - Started process (PID=736) to work on /opt/airflow/dags/EOD.py
[2025-05-24T20:40:51.567+0000] {processor.py:914} INFO - Processing file /opt/airflow/dags/EOD.py for tasks to queue
[2025-05-24T20:40:51.572+0000] {logging_mixin.py:190} INFO - [2025-05-24T20:40:51.571+0000] {dagbag.py:588} INFO - Filling up the DagBag from /opt/airflow/dags/EOD.py
[2025-05-24T20:40:51.599+0000] {processor.py:927} WARNING - No viable dags retrieved from /opt/airflow/dags/EOD.py
[2025-05-24T20:40:51.628+0000] {processor.py:208} INFO - Processing /opt/airflow/dags/EOD.py took 0.076 seconds
[2025-05-24T20:41:21.774+0000] {processor.py:186} INFO - Started process (PID=800) to work on /opt/airflow/dags/EOD.py
[2025-05-24T20:41:21.777+0000] {processor.py:914} INFO - Processing file /opt/airflow/dags/EOD.py for tasks to queue
[2025-05-24T20:41:21.782+0000] {logging_mixin.py:190} INFO - [2025-05-24T20:41:21.782+0000] {dagbag.py:588} INFO - Filling up the DagBag from /opt/airflow/dags/EOD.py
[2025-05-24T20:41:21.812+0000] {processor.py:927} WARNING - No viable dags retrieved from /opt/airflow/dags/EOD.py
[2025-05-24T20:41:21.848+0000] {processor.py:208} INFO - Processing /opt/airflow/dags/EOD.py took 0.089 seconds
[2025-05-24T20:41:52.507+0000] {processor.py:186} INFO - Started process (PID=866) to work on /opt/airflow/dags/EOD.py
[2025-05-24T20:41:52.509+0000] {processor.py:914} INFO - Processing file /opt/airflow/dags/EOD.py for tasks to queue
[2025-05-24T20:41:52.515+0000] {logging_mixin.py:190} INFO - [2025-05-24T20:41:52.514+0000] {dagbag.py:588} INFO - Filling up the DagBag from /opt/airflow/dags/EOD.py
[2025-05-24T20:41:52.542+0000] {processor.py:927} WARNING - No viable dags retrieved from /opt/airflow/dags/EOD.py
[2025-05-24T20:41:52.573+0000] {processor.py:208} INFO - Processing /opt/airflow/dags/EOD.py took 0.077 seconds
[2025-05-24T20:42:22.910+0000] {processor.py:186} INFO - Started process (PID=932) to work on /opt/airflow/dags/EOD.py
[2025-05-24T20:42:22.912+0000] {processor.py:914} INFO - Processing file /opt/airflow/dags/EOD.py for tasks to queue
[2025-05-24T20:42:22.920+0000] {logging_mixin.py:190} INFO - [2025-05-24T20:42:22.919+0000] {dagbag.py:588} INFO - Filling up the DagBag from /opt/airflow/dags/EOD.py
[2025-05-24T20:42:22.963+0000] {processor.py:927} WARNING - No viable dags retrieved from /opt/airflow/dags/EOD.py
[2025-05-24T20:42:23.001+0000] {processor.py:208} INFO - Processing /opt/airflow/dags/EOD.py took 0.108 seconds
[2025-05-24T20:42:53.119+0000] {processor.py:186} INFO - Started process (PID=998) to work on /opt/airflow/dags/EOD.py
[2025-05-24T20:42:53.121+0000] {processor.py:914} INFO - Processing file /opt/airflow/dags/EOD.py for tasks to queue
[2025-05-24T20:42:53.126+0000] {logging_mixin.py:190} INFO - [2025-05-24T20:42:53.126+0000] {dagbag.py:588} INFO - Filling up the DagBag from /opt/airflow/dags/EOD.py
[2025-05-24T20:42:53.155+0000] {processor.py:927} WARNING - No viable dags retrieved from /opt/airflow/dags/EOD.py
[2025-05-24T20:42:53.184+0000] {processor.py:208} INFO - Processing /opt/airflow/dags/EOD.py took 0.075 seconds
[2025-05-24T20:43:23.328+0000] {processor.py:186} INFO - Started process (PID=1063) to work on /opt/airflow/dags/EOD.py
[2025-05-24T20:43:23.330+0000] {processor.py:914} INFO - Processing file /opt/airflow/dags/EOD.py for tasks to queue
[2025-05-24T20:43:23.336+0000] {logging_mixin.py:190} INFO - [2025-05-24T20:43:23.336+0000] {dagbag.py:588} INFO - Filling up the DagBag from /opt/airflow/dags/EOD.py
[2025-05-24T20:43:23.368+0000] {processor.py:927} WARNING - No viable dags retrieved from /opt/airflow/dags/EOD.py
[2025-05-24T20:43:23.396+0000] {processor.py:208} INFO - Processing /opt/airflow/dags/EOD.py took 0.082 seconds
[2025-05-24T20:43:53.642+0000] {processor.py:186} INFO - Started process (PID=1130) to work on /opt/airflow/dags/EOD.py
[2025-05-24T20:43:53.644+0000] {processor.py:914} INFO - Processing file /opt/airflow/dags/EOD.py for tasks to queue
[2025-05-24T20:43:53.650+0000] {logging_mixin.py:190} INFO - [2025-05-24T20:43:53.649+0000] {dagbag.py:588} INFO - Filling up the DagBag from /opt/airflow/dags/EOD.py
[2025-05-24T20:43:53.682+0000] {processor.py:927} WARNING - No viable dags retrieved from /opt/airflow/dags/EOD.py
[2025-05-24T20:43:53.711+0000] {processor.py:208} INFO - Processing /opt/airflow/dags/EOD.py took 0.080 seconds
[2025-05-24T20:44:24.183+0000] {processor.py:186} INFO - Started process (PID=1202) to work on /opt/airflow/dags/EOD.py
[2025-05-24T20:44:24.185+0000] {processor.py:914} INFO - Processing file /opt/airflow/dags/EOD.py for tasks to queue
[2025-05-24T20:44:24.192+0000] {logging_mixin.py:190} INFO - [2025-05-24T20:44:24.192+0000] {dagbag.py:588} INFO - Filling up the DagBag from /opt/airflow/dags/EOD.py
[2025-05-24T20:44:24.221+0000] {processor.py:927} WARNING - No viable dags retrieved from /opt/airflow/dags/EOD.py
[2025-05-24T20:44:24.254+0000] {processor.py:208} INFO - Processing /opt/airflow/dags/EOD.py took 0.086 seconds
[2025-05-24T20:44:54.734+0000] {processor.py:186} INFO - Started process (PID=1267) to work on /opt/airflow/dags/EOD.py
[2025-05-24T20:44:54.736+0000] {processor.py:914} INFO - Processing file /opt/airflow/dags/EOD.py for tasks to queue
[2025-05-24T20:44:54.742+0000] {logging_mixin.py:190} INFO - [2025-05-24T20:44:54.741+0000] {dagbag.py:588} INFO - Filling up the DagBag from /opt/airflow/dags/EOD.py
[2025-05-24T20:44:54.773+0000] {processor.py:927} WARNING - No viable dags retrieved from /opt/airflow/dags/EOD.py
[2025-05-24T20:44:54.802+0000] {processor.py:208} INFO - Processing /opt/airflow/dags/EOD.py took 0.079 seconds
[2025-05-24T20:45:24.972+0000] {processor.py:186} INFO - Started process (PID=1333) to work on /opt/airflow/dags/EOD.py
[2025-05-24T20:45:24.974+0000] {processor.py:914} INFO - Processing file /opt/airflow/dags/EOD.py for tasks to queue
[2025-05-24T20:45:24.980+0000] {logging_mixin.py:190} INFO - [2025-05-24T20:45:24.979+0000] {dagbag.py:588} INFO - Filling up the DagBag from /opt/airflow/dags/EOD.py
[2025-05-24T20:45:25.015+0000] {processor.py:927} WARNING - No viable dags retrieved from /opt/airflow/dags/EOD.py
[2025-05-24T20:45:25.046+0000] {processor.py:208} INFO - Processing /opt/airflow/dags/EOD.py took 0.088 seconds
[2025-05-24T20:45:55.608+0000] {processor.py:186} INFO - Started process (PID=1400) to work on /opt/airflow/dags/EOD.py
[2025-05-24T20:45:55.611+0000] {processor.py:914} INFO - Processing file /opt/airflow/dags/EOD.py for tasks to queue
[2025-05-24T20:45:55.616+0000] {logging_mixin.py:190} INFO - [2025-05-24T20:45:55.615+0000] {dagbag.py:588} INFO - Filling up the DagBag from /opt/airflow/dags/EOD.py
[2025-05-24T20:45:55.647+0000] {processor.py:927} WARNING - No viable dags retrieved from /opt/airflow/dags/EOD.py
[2025-05-24T20:45:55.675+0000] {processor.py:208} INFO - Processing /opt/airflow/dags/EOD.py took 0.077 seconds
[2025-05-24T20:46:26.342+0000] {processor.py:186} INFO - Started process (PID=1466) to work on /opt/airflow/dags/EOD.py
[2025-05-24T20:46:26.344+0000] {processor.py:914} INFO - Processing file /opt/airflow/dags/EOD.py for tasks to queue
[2025-05-24T20:46:26.349+0000] {logging_mixin.py:190} INFO - [2025-05-24T20:46:26.348+0000] {dagbag.py:588} INFO - Filling up the DagBag from /opt/airflow/dags/EOD.py
[2025-05-24T20:46:26.378+0000] {processor.py:927} WARNING - No viable dags retrieved from /opt/airflow/dags/EOD.py
[2025-05-24T20:46:26.404+0000] {processor.py:208} INFO - Processing /opt/airflow/dags/EOD.py took 0.072 seconds
[2025-05-24T20:46:56.658+0000] {processor.py:186} INFO - Started process (PID=1532) to work on /opt/airflow/dags/EOD.py
[2025-05-24T20:46:56.661+0000] {processor.py:914} INFO - Processing file /opt/airflow/dags/EOD.py for tasks to queue
[2025-05-24T20:46:56.667+0000] {logging_mixin.py:190} INFO - [2025-05-24T20:46:56.665+0000] {dagbag.py:588} INFO - Filling up the DagBag from /opt/airflow/dags/EOD.py
[2025-05-24T20:46:56.697+0000] {processor.py:927} WARNING - No viable dags retrieved from /opt/airflow/dags/EOD.py
[2025-05-24T20:46:56.727+0000] {processor.py:208} INFO - Processing /opt/airflow/dags/EOD.py took 0.086 seconds
[2025-05-24T20:47:27.073+0000] {processor.py:186} INFO - Started process (PID=1597) to work on /opt/airflow/dags/EOD.py
[2025-05-24T20:47:27.076+0000] {processor.py:914} INFO - Processing file /opt/airflow/dags/EOD.py for tasks to queue
[2025-05-24T20:47:27.080+0000] {logging_mixin.py:190} INFO - [2025-05-24T20:47:27.079+0000] {dagbag.py:588} INFO - Filling up the DagBag from /opt/airflow/dags/EOD.py
[2025-05-24T20:47:27.111+0000] {processor.py:927} WARNING - No viable dags retrieved from /opt/airflow/dags/EOD.py
[2025-05-24T20:47:27.140+0000] {processor.py:208} INFO - Processing /opt/airflow/dags/EOD.py took 0.080 seconds
[2025-05-24T20:47:57.594+0000] {processor.py:186} INFO - Started process (PID=1663) to work on /opt/airflow/dags/EOD.py
[2025-05-24T20:47:57.597+0000] {processor.py:914} INFO - Processing file /opt/airflow/dags/EOD.py for tasks to queue
[2025-05-24T20:47:57.601+0000] {logging_mixin.py:190} INFO - [2025-05-24T20:47:57.601+0000] {dagbag.py:588} INFO - Filling up the DagBag from /opt/airflow/dags/EOD.py
[2025-05-24T20:47:57.632+0000] {processor.py:927} WARNING - No viable dags retrieved from /opt/airflow/dags/EOD.py
[2025-05-24T20:47:57.660+0000] {processor.py:208} INFO - Processing /opt/airflow/dags/EOD.py took 0.078 seconds
[2025-05-24T20:48:27.761+0000] {processor.py:186} INFO - Started process (PID=1729) to work on /opt/airflow/dags/EOD.py
[2025-05-24T20:48:27.763+0000] {processor.py:914} INFO - Processing file /opt/airflow/dags/EOD.py for tasks to queue
[2025-05-24T20:48:27.768+0000] {logging_mixin.py:190} INFO - [2025-05-24T20:48:27.767+0000] {dagbag.py:588} INFO - Filling up the DagBag from /opt/airflow/dags/EOD.py
[2025-05-24T20:48:27.801+0000] {processor.py:927} WARNING - No viable dags retrieved from /opt/airflow/dags/EOD.py
[2025-05-24T20:48:27.827+0000] {processor.py:208} INFO - Processing /opt/airflow/dags/EOD.py took 0.077 seconds
[2025-05-24T20:48:58.234+0000] {processor.py:186} INFO - Started process (PID=1795) to work on /opt/airflow/dags/EOD.py
[2025-05-24T20:48:58.237+0000] {processor.py:914} INFO - Processing file /opt/airflow/dags/EOD.py for tasks to queue
[2025-05-24T20:48:58.243+0000] {logging_mixin.py:190} INFO - [2025-05-24T20:48:58.242+0000] {dagbag.py:588} INFO - Filling up the DagBag from /opt/airflow/dags/EOD.py
[2025-05-24T20:48:58.273+0000] {processor.py:927} WARNING - No viable dags retrieved from /opt/airflow/dags/EOD.py
[2025-05-24T20:48:58.305+0000] {processor.py:208} INFO - Processing /opt/airflow/dags/EOD.py took 0.083 seconds
[2025-05-24T20:49:28.483+0000] {processor.py:186} INFO - Started process (PID=1861) to work on /opt/airflow/dags/EOD.py
[2025-05-24T20:49:28.485+0000] {processor.py:914} INFO - Processing file /opt/airflow/dags/EOD.py for tasks to queue
[2025-05-24T20:49:28.489+0000] {logging_mixin.py:190} INFO - [2025-05-24T20:49:28.489+0000] {dagbag.py:588} INFO - Filling up the DagBag from /opt/airflow/dags/EOD.py
[2025-05-24T20:49:28.521+0000] {processor.py:927} WARNING - No viable dags retrieved from /opt/airflow/dags/EOD.py
[2025-05-24T20:49:28.550+0000] {processor.py:208} INFO - Processing /opt/airflow/dags/EOD.py took 0.081 seconds
[2025-05-24T20:49:58.706+0000] {processor.py:186} INFO - Started process (PID=1925) to work on /opt/airflow/dags/EOD.py
[2025-05-24T20:49:58.709+0000] {processor.py:914} INFO - Processing file /opt/airflow/dags/EOD.py for tasks to queue
[2025-05-24T20:49:58.715+0000] {logging_mixin.py:190} INFO - [2025-05-24T20:49:58.714+0000] {dagbag.py:588} INFO - Filling up the DagBag from /opt/airflow/dags/EOD.py
[2025-05-24T20:49:58.743+0000] {processor.py:927} WARNING - No viable dags retrieved from /opt/airflow/dags/EOD.py
[2025-05-24T20:49:58.770+0000] {processor.py:208} INFO - Processing /opt/airflow/dags/EOD.py took 0.083 seconds
[2025-05-24T20:50:29.083+0000] {processor.py:186} INFO - Started process (PID=1992) to work on /opt/airflow/dags/EOD.py
[2025-05-24T20:50:29.085+0000] {processor.py:914} INFO - Processing file /opt/airflow/dags/EOD.py for tasks to queue
[2025-05-24T20:50:29.089+0000] {logging_mixin.py:190} INFO - [2025-05-24T20:50:29.089+0000] {dagbag.py:588} INFO - Filling up the DagBag from /opt/airflow/dags/EOD.py
[2025-05-24T20:50:29.120+0000] {processor.py:927} WARNING - No viable dags retrieved from /opt/airflow/dags/EOD.py
[2025-05-24T20:50:29.148+0000] {processor.py:208} INFO - Processing /opt/airflow/dags/EOD.py took 0.075 seconds
[2025-05-24T20:50:59.311+0000] {processor.py:186} INFO - Started process (PID=2056) to work on /opt/airflow/dags/EOD.py
[2025-05-24T20:50:59.313+0000] {processor.py:914} INFO - Processing file /opt/airflow/dags/EOD.py for tasks to queue
[2025-05-24T20:50:59.317+0000] {logging_mixin.py:190} INFO - [2025-05-24T20:50:59.316+0000] {dagbag.py:588} INFO - Filling up the DagBag from /opt/airflow/dags/EOD.py
[2025-05-24T20:50:59.348+0000] {processor.py:927} WARNING - No viable dags retrieved from /opt/airflow/dags/EOD.py
[2025-05-24T20:50:59.375+0000] {processor.py:208} INFO - Processing /opt/airflow/dags/EOD.py took 0.075 seconds
[2025-05-24T20:51:29.732+0000] {processor.py:186} INFO - Started process (PID=2118) to work on /opt/airflow/dags/EOD.py
[2025-05-24T20:51:29.735+0000] {processor.py:914} INFO - Processing file /opt/airflow/dags/EOD.py for tasks to queue
[2025-05-24T20:51:29.741+0000] {logging_mixin.py:190} INFO - [2025-05-24T20:51:29.740+0000] {dagbag.py:588} INFO - Filling up the DagBag from /opt/airflow/dags/EOD.py
[2025-05-24T20:51:29.767+0000] {processor.py:927} WARNING - No viable dags retrieved from /opt/airflow/dags/EOD.py
[2025-05-24T20:51:29.795+0000] {processor.py:208} INFO - Processing /opt/airflow/dags/EOD.py took 0.080 seconds
[2025-05-24T20:52:00.155+0000] {processor.py:186} INFO - Started process (PID=2184) to work on /opt/airflow/dags/EOD.py
[2025-05-24T20:52:00.158+0000] {processor.py:914} INFO - Processing file /opt/airflow/dags/EOD.py for tasks to queue
[2025-05-24T20:52:00.162+0000] {logging_mixin.py:190} INFO - [2025-05-24T20:52:00.161+0000] {dagbag.py:588} INFO - Filling up the DagBag from /opt/airflow/dags/EOD.py
[2025-05-24T20:52:00.209+0000] {processor.py:927} WARNING - No viable dags retrieved from /opt/airflow/dags/EOD.py
[2025-05-24T20:52:00.241+0000] {processor.py:208} INFO - Processing /opt/airflow/dags/EOD.py took 0.099 seconds
[2025-05-24T20:52:30.724+0000] {processor.py:186} INFO - Started process (PID=2250) to work on /opt/airflow/dags/EOD.py
[2025-05-24T20:52:30.726+0000] {processor.py:914} INFO - Processing file /opt/airflow/dags/EOD.py for tasks to queue
[2025-05-24T20:52:30.732+0000] {logging_mixin.py:190} INFO - [2025-05-24T20:52:30.731+0000] {dagbag.py:588} INFO - Filling up the DagBag from /opt/airflow/dags/EOD.py
[2025-05-24T20:52:30.762+0000] {processor.py:927} WARNING - No viable dags retrieved from /opt/airflow/dags/EOD.py
[2025-05-24T20:52:30.794+0000] {processor.py:208} INFO - Processing /opt/airflow/dags/EOD.py took 0.084 seconds
