[2025-05-24T20:03:50.536+0000] {processor.py:186} INFO - Started process (PID=84) to work on /opt/airflow/dags/eod_data_pipeline.py
[2025-05-24T20:03:50.539+0000] {processor.py:914} INFO - Processing file /opt/airflow/dags/eod_data_pipeline.py for tasks to queue
[2025-05-24T20:03:50.549+0000] {logging_mixin.py:190} INFO - [2025-05-24T20:03:50.548+0000] {dagbag.py:588} INFO - Filling up the DagBag from /opt/airflow/dags/eod_data_pipeline.py
[2025-05-24T20:03:50.617+0000] {processor.py:925} INFO - DAG(s) 'fetch_eod_data' retrieved from /opt/airflow/dags/eod_data_pipeline.py
[2025-05-24T20:03:50.690+0000] {logging_mixin.py:190} INFO - [2025-05-24T20:03:50.690+0000] {dag.py:3239} INFO - Sync 1 DAGs
[2025-05-24T20:03:50.756+0000] {logging_mixin.py:190} INFO - [2025-05-24T20:03:50.755+0000] {dag.py:4180} INFO - Setting next_dagrun for fetch_eod_data to 2025-05-24 00:00:00+00:00, run_after=2025-05-25 00:00:00+00:00
[2025-05-24T20:03:50.808+0000] {processor.py:208} INFO - Processing /opt/airflow/dags/eod_data_pipeline.py took 0.291 seconds
[2025-05-24T20:04:21.147+0000] {processor.py:186} INFO - Started process (PID=150) to work on /opt/airflow/dags/eod_data_pipeline.py
[2025-05-24T20:04:21.150+0000] {processor.py:914} INFO - Processing file /opt/airflow/dags/eod_data_pipeline.py for tasks to queue
[2025-05-24T20:04:21.156+0000] {logging_mixin.py:190} INFO - [2025-05-24T20:04:21.155+0000] {dagbag.py:588} INFO - Filling up the DagBag from /opt/airflow/dags/eod_data_pipeline.py
[2025-05-24T20:04:21.221+0000] {processor.py:925} INFO - DAG(s) 'fetch_eod_data' retrieved from /opt/airflow/dags/eod_data_pipeline.py
[2025-05-24T20:04:21.271+0000] {logging_mixin.py:190} INFO - [2025-05-24T20:04:21.271+0000] {dag.py:3239} INFO - Sync 1 DAGs
[2025-05-24T20:04:21.337+0000] {logging_mixin.py:190} INFO - [2025-05-24T20:04:21.336+0000] {dag.py:4180} INFO - Setting next_dagrun for fetch_eod_data to 2025-05-24 00:00:00+00:00, run_after=2025-05-25 00:00:00+00:00
[2025-05-24T20:04:21.383+0000] {processor.py:208} INFO - Processing /opt/airflow/dags/eod_data_pipeline.py took 0.249 seconds
[2025-05-24T20:04:52.036+0000] {processor.py:186} INFO - Started process (PID=216) to work on /opt/airflow/dags/eod_data_pipeline.py
[2025-05-24T20:04:52.043+0000] {processor.py:914} INFO - Processing file /opt/airflow/dags/eod_data_pipeline.py for tasks to queue
[2025-05-24T20:04:52.051+0000] {logging_mixin.py:190} INFO - [2025-05-24T20:04:52.049+0000] {dagbag.py:588} INFO - Filling up the DagBag from /opt/airflow/dags/eod_data_pipeline.py
[2025-05-24T20:04:52.117+0000] {processor.py:925} INFO - DAG(s) 'fetch_eod_data' retrieved from /opt/airflow/dags/eod_data_pipeline.py
[2025-05-24T20:04:52.172+0000] {logging_mixin.py:190} INFO - [2025-05-24T20:04:52.171+0000] {dag.py:3239} INFO - Sync 1 DAGs
[2025-05-24T20:04:52.241+0000] {logging_mixin.py:190} INFO - [2025-05-24T20:04:52.241+0000] {dag.py:4180} INFO - Setting next_dagrun for fetch_eod_data to 2025-05-24 00:00:00+00:00, run_after=2025-05-25 00:00:00+00:00
[2025-05-24T20:04:52.337+0000] {processor.py:208} INFO - Processing /opt/airflow/dags/eod_data_pipeline.py took 0.320 seconds
[2025-05-24T20:05:22.648+0000] {processor.py:186} INFO - Started process (PID=282) to work on /opt/airflow/dags/eod_data_pipeline.py
[2025-05-24T20:05:22.651+0000] {processor.py:914} INFO - Processing file /opt/airflow/dags/eod_data_pipeline.py for tasks to queue
[2025-05-24T20:05:22.657+0000] {logging_mixin.py:190} INFO - [2025-05-24T20:05:22.656+0000] {dagbag.py:588} INFO - Filling up the DagBag from /opt/airflow/dags/eod_data_pipeline.py
[2025-05-24T20:05:22.721+0000] {processor.py:925} INFO - DAG(s) 'fetch_eod_data' retrieved from /opt/airflow/dags/eod_data_pipeline.py
[2025-05-24T20:05:22.784+0000] {logging_mixin.py:190} INFO - [2025-05-24T20:05:22.784+0000] {dag.py:3239} INFO - Sync 1 DAGs
[2025-05-24T20:05:22.845+0000] {logging_mixin.py:190} INFO - [2025-05-24T20:05:22.845+0000] {dag.py:4180} INFO - Setting next_dagrun for fetch_eod_data to 2025-05-24 00:00:00+00:00, run_after=2025-05-25 00:00:00+00:00
[2025-05-24T20:05:22.930+0000] {processor.py:208} INFO - Processing /opt/airflow/dags/eod_data_pipeline.py took 0.301 seconds
[2025-05-24T20:05:53.588+0000] {processor.py:186} INFO - Started process (PID=348) to work on /opt/airflow/dags/eod_data_pipeline.py
[2025-05-24T20:05:53.591+0000] {processor.py:914} INFO - Processing file /opt/airflow/dags/eod_data_pipeline.py for tasks to queue
[2025-05-24T20:05:53.597+0000] {logging_mixin.py:190} INFO - [2025-05-24T20:05:53.596+0000] {dagbag.py:588} INFO - Filling up the DagBag from /opt/airflow/dags/eod_data_pipeline.py
[2025-05-24T20:05:53.660+0000] {processor.py:925} INFO - DAG(s) 'fetch_eod_data' retrieved from /opt/airflow/dags/eod_data_pipeline.py
[2025-05-24T20:05:53.713+0000] {logging_mixin.py:190} INFO - [2025-05-24T20:05:53.713+0000] {dag.py:3239} INFO - Sync 1 DAGs
[2025-05-24T20:05:53.789+0000] {logging_mixin.py:190} INFO - [2025-05-24T20:05:53.789+0000] {dag.py:4180} INFO - Setting next_dagrun for fetch_eod_data to 2025-05-24 00:00:00+00:00, run_after=2025-05-25 00:00:00+00:00
[2025-05-24T20:05:53.831+0000] {processor.py:208} INFO - Processing /opt/airflow/dags/eod_data_pipeline.py took 0.259 seconds
[2025-05-24T20:06:24.120+0000] {processor.py:186} INFO - Started process (PID=414) to work on /opt/airflow/dags/eod_data_pipeline.py
[2025-05-24T20:06:24.122+0000] {processor.py:914} INFO - Processing file /opt/airflow/dags/eod_data_pipeline.py for tasks to queue
[2025-05-24T20:06:24.127+0000] {logging_mixin.py:190} INFO - [2025-05-24T20:06:24.126+0000] {dagbag.py:588} INFO - Filling up the DagBag from /opt/airflow/dags/eod_data_pipeline.py
[2025-05-24T20:06:24.193+0000] {processor.py:925} INFO - DAG(s) 'fetch_eod_data' retrieved from /opt/airflow/dags/eod_data_pipeline.py
[2025-05-24T20:06:24.241+0000] {logging_mixin.py:190} INFO - [2025-05-24T20:06:24.240+0000] {dag.py:3239} INFO - Sync 1 DAGs
[2025-05-24T20:06:24.304+0000] {logging_mixin.py:190} INFO - [2025-05-24T20:06:24.303+0000] {dag.py:4180} INFO - Setting next_dagrun for fetch_eod_data to 2025-05-24 00:00:00+00:00, run_after=2025-05-25 00:00:00+00:00
[2025-05-24T20:06:24.382+0000] {processor.py:208} INFO - Processing /opt/airflow/dags/eod_data_pipeline.py took 0.275 seconds
[2025-05-24T20:06:54.800+0000] {processor.py:186} INFO - Started process (PID=480) to work on /opt/airflow/dags/eod_data_pipeline.py
[2025-05-24T20:06:54.803+0000] {processor.py:914} INFO - Processing file /opt/airflow/dags/eod_data_pipeline.py for tasks to queue
[2025-05-24T20:06:54.808+0000] {logging_mixin.py:190} INFO - [2025-05-24T20:06:54.808+0000] {dagbag.py:588} INFO - Filling up the DagBag from /opt/airflow/dags/eod_data_pipeline.py
[2025-05-24T20:06:54.894+0000] {processor.py:925} INFO - DAG(s) 'fetch_eod_data' retrieved from /opt/airflow/dags/eod_data_pipeline.py
[2025-05-24T20:06:54.940+0000] {logging_mixin.py:190} INFO - [2025-05-24T20:06:54.940+0000] {dag.py:3239} INFO - Sync 1 DAGs
[2025-05-24T20:06:55.004+0000] {logging_mixin.py:190} INFO - [2025-05-24T20:06:55.004+0000] {dag.py:4180} INFO - Setting next_dagrun for fetch_eod_data to 2025-05-24 00:00:00+00:00, run_after=2025-05-25 00:00:00+00:00
[2025-05-24T20:06:55.085+0000] {processor.py:208} INFO - Processing /opt/airflow/dags/eod_data_pipeline.py took 0.300 seconds
[2025-05-24T20:07:25.737+0000] {processor.py:186} INFO - Started process (PID=546) to work on /opt/airflow/dags/eod_data_pipeline.py
[2025-05-24T20:07:25.739+0000] {processor.py:914} INFO - Processing file /opt/airflow/dags/eod_data_pipeline.py for tasks to queue
[2025-05-24T20:07:25.743+0000] {logging_mixin.py:190} INFO - [2025-05-24T20:07:25.742+0000] {dagbag.py:588} INFO - Filling up the DagBag from /opt/airflow/dags/eod_data_pipeline.py
[2025-05-24T20:07:25.797+0000] {processor.py:925} INFO - DAG(s) 'fetch_eod_data' retrieved from /opt/airflow/dags/eod_data_pipeline.py
[2025-05-24T20:07:25.839+0000] {logging_mixin.py:190} INFO - [2025-05-24T20:07:25.838+0000] {dag.py:3239} INFO - Sync 1 DAGs
[2025-05-24T20:07:25.899+0000] {logging_mixin.py:190} INFO - [2025-05-24T20:07:25.898+0000] {dag.py:4180} INFO - Setting next_dagrun for fetch_eod_data to 2025-05-24 00:00:00+00:00, run_after=2025-05-25 00:00:00+00:00
[2025-05-24T20:07:25.978+0000] {processor.py:208} INFO - Processing /opt/airflow/dags/eod_data_pipeline.py took 0.254 seconds
[2025-05-24T20:07:56.326+0000] {processor.py:186} INFO - Started process (PID=612) to work on /opt/airflow/dags/eod_data_pipeline.py
[2025-05-24T20:07:56.328+0000] {processor.py:914} INFO - Processing file /opt/airflow/dags/eod_data_pipeline.py for tasks to queue
[2025-05-24T20:07:56.333+0000] {logging_mixin.py:190} INFO - [2025-05-24T20:07:56.333+0000] {dagbag.py:588} INFO - Filling up the DagBag from /opt/airflow/dags/eod_data_pipeline.py
[2025-05-24T20:07:56.391+0000] {processor.py:925} INFO - DAG(s) 'fetch_eod_data' retrieved from /opt/airflow/dags/eod_data_pipeline.py
[2025-05-24T20:07:56.443+0000] {logging_mixin.py:190} INFO - [2025-05-24T20:07:56.443+0000] {dag.py:3239} INFO - Sync 1 DAGs
[2025-05-24T20:07:56.501+0000] {logging_mixin.py:190} INFO - [2025-05-24T20:07:56.500+0000] {dag.py:4180} INFO - Setting next_dagrun for fetch_eod_data to 2025-05-24 00:00:00+00:00, run_after=2025-05-25 00:00:00+00:00
[2025-05-24T20:07:56.546+0000] {processor.py:208} INFO - Processing /opt/airflow/dags/eod_data_pipeline.py took 0.235 seconds
[2025-05-24T20:08:27.300+0000] {processor.py:186} INFO - Started process (PID=679) to work on /opt/airflow/dags/eod_data_pipeline.py
[2025-05-24T20:08:27.303+0000] {processor.py:914} INFO - Processing file /opt/airflow/dags/eod_data_pipeline.py for tasks to queue
[2025-05-24T20:08:27.309+0000] {logging_mixin.py:190} INFO - [2025-05-24T20:08:27.308+0000] {dagbag.py:588} INFO - Filling up the DagBag from /opt/airflow/dags/eod_data_pipeline.py
[2025-05-24T20:08:27.366+0000] {processor.py:925} INFO - DAG(s) 'fetch_eod_data' retrieved from /opt/airflow/dags/eod_data_pipeline.py
[2025-05-24T20:08:27.408+0000] {logging_mixin.py:190} INFO - [2025-05-24T20:08:27.407+0000] {dag.py:3239} INFO - Sync 1 DAGs
[2025-05-24T20:08:27.473+0000] {logging_mixin.py:190} INFO - [2025-05-24T20:08:27.473+0000] {dag.py:4180} INFO - Setting next_dagrun for fetch_eod_data to 2025-05-24 00:00:00+00:00, run_after=2025-05-25 00:00:00+00:00
[2025-05-24T20:08:27.523+0000] {processor.py:208} INFO - Processing /opt/airflow/dags/eod_data_pipeline.py took 0.237 seconds
[2025-05-24T20:08:58.490+0000] {processor.py:186} INFO - Started process (PID=745) to work on /opt/airflow/dags/eod_data_pipeline.py
[2025-05-24T20:08:58.493+0000] {processor.py:914} INFO - Processing file /opt/airflow/dags/eod_data_pipeline.py for tasks to queue
[2025-05-24T20:08:58.500+0000] {logging_mixin.py:190} INFO - [2025-05-24T20:08:58.499+0000] {dagbag.py:588} INFO - Filling up the DagBag from /opt/airflow/dags/eod_data_pipeline.py
[2025-05-24T20:08:58.553+0000] {processor.py:925} INFO - DAG(s) 'fetch_eod_data' retrieved from /opt/airflow/dags/eod_data_pipeline.py
[2025-05-24T20:08:58.599+0000] {logging_mixin.py:190} INFO - [2025-05-24T20:08:58.598+0000] {dag.py:3239} INFO - Sync 1 DAGs
[2025-05-24T20:08:58.675+0000] {logging_mixin.py:190} INFO - [2025-05-24T20:08:58.674+0000] {dag.py:4180} INFO - Setting next_dagrun for fetch_eod_data to 2025-05-24 00:00:00+00:00, run_after=2025-05-25 00:00:00+00:00
[2025-05-24T20:08:58.749+0000] {processor.py:208} INFO - Processing /opt/airflow/dags/eod_data_pipeline.py took 0.290 seconds
[2025-05-24T20:09:29.358+0000] {processor.py:186} INFO - Started process (PID=811) to work on /opt/airflow/dags/eod_data_pipeline.py
[2025-05-24T20:09:29.361+0000] {processor.py:914} INFO - Processing file /opt/airflow/dags/eod_data_pipeline.py for tasks to queue
[2025-05-24T20:09:29.366+0000] {logging_mixin.py:190} INFO - [2025-05-24T20:09:29.365+0000] {dagbag.py:588} INFO - Filling up the DagBag from /opt/airflow/dags/eod_data_pipeline.py
[2025-05-24T20:09:29.429+0000] {processor.py:925} INFO - DAG(s) 'fetch_eod_data' retrieved from /opt/airflow/dags/eod_data_pipeline.py
[2025-05-24T20:09:29.476+0000] {logging_mixin.py:190} INFO - [2025-05-24T20:09:29.475+0000] {dag.py:3239} INFO - Sync 1 DAGs
[2025-05-24T20:09:29.538+0000] {logging_mixin.py:190} INFO - [2025-05-24T20:09:29.537+0000] {dag.py:4180} INFO - Setting next_dagrun for fetch_eod_data to 2025-05-24 00:00:00+00:00, run_after=2025-05-25 00:00:00+00:00
[2025-05-24T20:09:29.620+0000] {processor.py:208} INFO - Processing /opt/airflow/dags/eod_data_pipeline.py took 0.276 seconds
[2025-05-24T20:10:00.027+0000] {processor.py:186} INFO - Started process (PID=877) to work on /opt/airflow/dags/eod_data_pipeline.py
[2025-05-24T20:10:00.029+0000] {processor.py:914} INFO - Processing file /opt/airflow/dags/eod_data_pipeline.py for tasks to queue
[2025-05-24T20:10:00.034+0000] {logging_mixin.py:190} INFO - [2025-05-24T20:10:00.033+0000] {dagbag.py:588} INFO - Filling up the DagBag from /opt/airflow/dags/eod_data_pipeline.py
[2025-05-24T20:10:00.093+0000] {processor.py:925} INFO - DAG(s) 'fetch_eod_data' retrieved from /opt/airflow/dags/eod_data_pipeline.py
[2025-05-24T20:10:00.132+0000] {logging_mixin.py:190} INFO - [2025-05-24T20:10:00.132+0000] {dag.py:3239} INFO - Sync 1 DAGs
[2025-05-24T20:10:00.186+0000] {logging_mixin.py:190} INFO - [2025-05-24T20:10:00.186+0000] {dag.py:4180} INFO - Setting next_dagrun for fetch_eod_data to 2025-05-24 00:00:00+00:00, run_after=2025-05-25 00:00:00+00:00
[2025-05-24T20:10:00.229+0000] {processor.py:208} INFO - Processing /opt/airflow/dags/eod_data_pipeline.py took 0.216 seconds
[2025-05-24T20:10:31.964+0000] {processor.py:186} INFO - Started process (PID=949) to work on /opt/airflow/dags/eod_data_pipeline.py
[2025-05-24T20:10:31.966+0000] {processor.py:914} INFO - Processing file /opt/airflow/dags/eod_data_pipeline.py for tasks to queue
[2025-05-24T20:10:31.970+0000] {logging_mixin.py:190} INFO - [2025-05-24T20:10:31.970+0000] {dagbag.py:588} INFO - Filling up the DagBag from /opt/airflow/dags/eod_data_pipeline.py
[2025-05-24T20:10:32.028+0000] {processor.py:925} INFO - DAG(s) 'fetch_eod_data' retrieved from /opt/airflow/dags/eod_data_pipeline.py
[2025-05-24T20:10:32.073+0000] {logging_mixin.py:190} INFO - [2025-05-24T20:10:32.072+0000] {dag.py:3239} INFO - Sync 1 DAGs
[2025-05-24T20:10:32.124+0000] {logging_mixin.py:190} INFO - [2025-05-24T20:10:32.124+0000] {dag.py:4180} INFO - Setting next_dagrun for fetch_eod_data to 2025-05-24 00:00:00+00:00, run_after=2025-05-25 00:00:00+00:00
[2025-05-24T20:10:32.169+0000] {processor.py:208} INFO - Processing /opt/airflow/dags/eod_data_pipeline.py took 0.216 seconds
[2025-05-24T20:11:02.306+0000] {processor.py:186} INFO - Started process (PID=1013) to work on /opt/airflow/dags/eod_data_pipeline.py
[2025-05-24T20:11:02.310+0000] {processor.py:914} INFO - Processing file /opt/airflow/dags/eod_data_pipeline.py for tasks to queue
[2025-05-24T20:11:02.318+0000] {logging_mixin.py:190} INFO - [2025-05-24T20:11:02.315+0000] {dagbag.py:588} INFO - Filling up the DagBag from /opt/airflow/dags/eod_data_pipeline.py
[2025-05-24T20:11:02.388+0000] {processor.py:925} INFO - DAG(s) 'fetch_eod_data' retrieved from /opt/airflow/dags/eod_data_pipeline.py
[2025-05-24T20:11:02.449+0000] {logging_mixin.py:190} INFO - [2025-05-24T20:11:02.448+0000] {dag.py:3239} INFO - Sync 1 DAGs
[2025-05-24T20:11:02.533+0000] {logging_mixin.py:190} INFO - [2025-05-24T20:11:02.532+0000] {dag.py:4180} INFO - Setting next_dagrun for fetch_eod_data to 2025-05-24 00:00:00+00:00, run_after=2025-05-25 00:00:00+00:00
[2025-05-24T20:11:02.590+0000] {processor.py:208} INFO - Processing /opt/airflow/dags/eod_data_pipeline.py took 0.301 seconds
[2025-05-24T20:11:33.585+0000] {processor.py:186} INFO - Started process (PID=1079) to work on /opt/airflow/dags/eod_data_pipeline.py
[2025-05-24T20:11:33.587+0000] {processor.py:914} INFO - Processing file /opt/airflow/dags/eod_data_pipeline.py for tasks to queue
[2025-05-24T20:11:33.594+0000] {logging_mixin.py:190} INFO - [2025-05-24T20:11:33.593+0000] {dagbag.py:588} INFO - Filling up the DagBag from /opt/airflow/dags/eod_data_pipeline.py
[2025-05-24T20:11:33.659+0000] {processor.py:925} INFO - DAG(s) 'fetch_eod_data' retrieved from /opt/airflow/dags/eod_data_pipeline.py
[2025-05-24T20:11:33.718+0000] {logging_mixin.py:190} INFO - [2025-05-24T20:11:33.717+0000] {dag.py:3239} INFO - Sync 1 DAGs
[2025-05-24T20:11:33.790+0000] {logging_mixin.py:190} INFO - [2025-05-24T20:11:33.789+0000] {dag.py:4180} INFO - Setting next_dagrun for fetch_eod_data to 2025-05-24 00:00:00+00:00, run_after=2025-05-25 00:00:00+00:00
[2025-05-24T20:11:33.845+0000] {processor.py:208} INFO - Processing /opt/airflow/dags/eod_data_pipeline.py took 0.275 seconds
[2025-05-24T20:12:04.102+0000] {processor.py:186} INFO - Started process (PID=1145) to work on /opt/airflow/dags/eod_data_pipeline.py
[2025-05-24T20:12:04.105+0000] {processor.py:914} INFO - Processing file /opt/airflow/dags/eod_data_pipeline.py for tasks to queue
[2025-05-24T20:12:04.112+0000] {logging_mixin.py:190} INFO - [2025-05-24T20:12:04.111+0000] {dagbag.py:588} INFO - Filling up the DagBag from /opt/airflow/dags/eod_data_pipeline.py
[2025-05-24T20:12:04.161+0000] {processor.py:925} INFO - DAG(s) 'fetch_eod_data' retrieved from /opt/airflow/dags/eod_data_pipeline.py
[2025-05-24T20:12:04.199+0000] {logging_mixin.py:190} INFO - [2025-05-24T20:12:04.198+0000] {dag.py:3239} INFO - Sync 1 DAGs
[2025-05-24T20:12:04.248+0000] {logging_mixin.py:190} INFO - [2025-05-24T20:12:04.247+0000] {dag.py:4180} INFO - Setting next_dagrun for fetch_eod_data to 2025-05-24 00:00:00+00:00, run_after=2025-05-25 00:00:00+00:00
[2025-05-24T20:12:04.327+0000] {processor.py:208} INFO - Processing /opt/airflow/dags/eod_data_pipeline.py took 0.243 seconds
[2025-05-24T20:12:34.862+0000] {processor.py:186} INFO - Started process (PID=1211) to work on /opt/airflow/dags/eod_data_pipeline.py
[2025-05-24T20:12:34.865+0000] {processor.py:914} INFO - Processing file /opt/airflow/dags/eod_data_pipeline.py for tasks to queue
[2025-05-24T20:12:34.871+0000] {logging_mixin.py:190} INFO - [2025-05-24T20:12:34.869+0000] {dagbag.py:588} INFO - Filling up the DagBag from /opt/airflow/dags/eod_data_pipeline.py
[2025-05-24T20:12:34.952+0000] {processor.py:925} INFO - DAG(s) 'fetch_eod_data' retrieved from /opt/airflow/dags/eod_data_pipeline.py
[2025-05-24T20:12:34.994+0000] {logging_mixin.py:190} INFO - [2025-05-24T20:12:34.993+0000] {dag.py:3239} INFO - Sync 1 DAGs
[2025-05-24T20:12:35.063+0000] {logging_mixin.py:190} INFO - [2025-05-24T20:12:35.062+0000] {dag.py:4180} INFO - Setting next_dagrun for fetch_eod_data to 2025-05-24 00:00:00+00:00, run_after=2025-05-25 00:00:00+00:00
[2025-05-24T20:12:35.107+0000] {processor.py:208} INFO - Processing /opt/airflow/dags/eod_data_pipeline.py took 0.260 seconds
[2025-05-24T20:13:05.785+0000] {processor.py:186} INFO - Started process (PID=1277) to work on /opt/airflow/dags/eod_data_pipeline.py
[2025-05-24T20:13:05.787+0000] {processor.py:914} INFO - Processing file /opt/airflow/dags/eod_data_pipeline.py for tasks to queue
[2025-05-24T20:13:05.792+0000] {logging_mixin.py:190} INFO - [2025-05-24T20:13:05.791+0000] {dagbag.py:588} INFO - Filling up the DagBag from /opt/airflow/dags/eod_data_pipeline.py
[2025-05-24T20:13:05.847+0000] {processor.py:925} INFO - DAG(s) 'fetch_eod_data' retrieved from /opt/airflow/dags/eod_data_pipeline.py
[2025-05-24T20:13:05.888+0000] {logging_mixin.py:190} INFO - [2025-05-24T20:13:05.887+0000] {dag.py:3239} INFO - Sync 1 DAGs
[2025-05-24T20:13:05.944+0000] {logging_mixin.py:190} INFO - [2025-05-24T20:13:05.944+0000] {dag.py:4180} INFO - Setting next_dagrun for fetch_eod_data to 2025-05-24 00:00:00+00:00, run_after=2025-05-25 00:00:00+00:00
[2025-05-24T20:13:05.990+0000] {processor.py:208} INFO - Processing /opt/airflow/dags/eod_data_pipeline.py took 0.221 seconds
[2025-05-24T20:13:36.763+0000] {processor.py:186} INFO - Started process (PID=1343) to work on /opt/airflow/dags/eod_data_pipeline.py
[2025-05-24T20:13:36.765+0000] {processor.py:914} INFO - Processing file /opt/airflow/dags/eod_data_pipeline.py for tasks to queue
[2025-05-24T20:13:36.769+0000] {logging_mixin.py:190} INFO - [2025-05-24T20:13:36.769+0000] {dagbag.py:588} INFO - Filling up the DagBag from /opt/airflow/dags/eod_data_pipeline.py
[2025-05-24T20:13:36.825+0000] {processor.py:925} INFO - DAG(s) 'fetch_eod_data' retrieved from /opt/airflow/dags/eod_data_pipeline.py
[2025-05-24T20:13:36.865+0000] {logging_mixin.py:190} INFO - [2025-05-24T20:13:36.864+0000] {dag.py:3239} INFO - Sync 1 DAGs
[2025-05-24T20:13:36.925+0000] {logging_mixin.py:190} INFO - [2025-05-24T20:13:36.925+0000] {dag.py:4180} INFO - Setting next_dagrun for fetch_eod_data to 2025-05-24 00:00:00+00:00, run_after=2025-05-25 00:00:00+00:00
[2025-05-24T20:13:36.972+0000] {processor.py:208} INFO - Processing /opt/airflow/dags/eod_data_pipeline.py took 0.222 seconds
[2025-05-24T20:14:08.390+0000] {processor.py:186} INFO - Started process (PID=1409) to work on /opt/airflow/dags/eod_data_pipeline.py
[2025-05-24T20:14:08.392+0000] {processor.py:914} INFO - Processing file /opt/airflow/dags/eod_data_pipeline.py for tasks to queue
[2025-05-24T20:14:08.396+0000] {logging_mixin.py:190} INFO - [2025-05-24T20:14:08.396+0000] {dagbag.py:588} INFO - Filling up the DagBag from /opt/airflow/dags/eod_data_pipeline.py
[2025-05-24T20:14:08.452+0000] {processor.py:925} INFO - DAG(s) 'fetch_eod_data' retrieved from /opt/airflow/dags/eod_data_pipeline.py
[2025-05-24T20:14:08.493+0000] {logging_mixin.py:190} INFO - [2025-05-24T20:14:08.493+0000] {dag.py:3239} INFO - Sync 1 DAGs
[2025-05-24T20:14:08.576+0000] {logging_mixin.py:190} INFO - [2025-05-24T20:14:08.575+0000] {dag.py:4180} INFO - Setting next_dagrun for fetch_eod_data to 2025-05-24 00:00:00+00:00, run_after=2025-05-25 00:00:00+00:00
[2025-05-24T20:14:08.621+0000] {processor.py:208} INFO - Processing /opt/airflow/dags/eod_data_pipeline.py took 0.241 seconds
[2025-05-24T20:14:38.755+0000] {processor.py:186} INFO - Started process (PID=1474) to work on /opt/airflow/dags/eod_data_pipeline.py
[2025-05-24T20:14:38.757+0000] {processor.py:914} INFO - Processing file /opt/airflow/dags/eod_data_pipeline.py for tasks to queue
[2025-05-24T20:14:38.762+0000] {logging_mixin.py:190} INFO - [2025-05-24T20:14:38.762+0000] {dagbag.py:588} INFO - Filling up the DagBag from /opt/airflow/dags/eod_data_pipeline.py
[2025-05-24T20:14:38.821+0000] {processor.py:925} INFO - DAG(s) 'fetch_eod_data' retrieved from /opt/airflow/dags/eod_data_pipeline.py
[2025-05-24T20:14:38.866+0000] {logging_mixin.py:190} INFO - [2025-05-24T20:14:38.865+0000] {dag.py:3239} INFO - Sync 1 DAGs
[2025-05-24T20:14:38.931+0000] {logging_mixin.py:190} INFO - [2025-05-24T20:14:38.930+0000] {dag.py:4180} INFO - Setting next_dagrun for fetch_eod_data to 2025-05-24 00:00:00+00:00, run_after=2025-05-25 00:00:00+00:00
[2025-05-24T20:14:39.016+0000] {processor.py:208} INFO - Processing /opt/airflow/dags/eod_data_pipeline.py took 0.272 seconds
[2025-05-24T20:15:09.627+0000] {processor.py:186} INFO - Started process (PID=1539) to work on /opt/airflow/dags/eod_data_pipeline.py
[2025-05-24T20:15:09.630+0000] {processor.py:914} INFO - Processing file /opt/airflow/dags/eod_data_pipeline.py for tasks to queue
[2025-05-24T20:15:09.634+0000] {logging_mixin.py:190} INFO - [2025-05-24T20:15:09.634+0000] {dagbag.py:588} INFO - Filling up the DagBag from /opt/airflow/dags/eod_data_pipeline.py
[2025-05-24T20:15:09.692+0000] {processor.py:925} INFO - DAG(s) 'fetch_eod_data' retrieved from /opt/airflow/dags/eod_data_pipeline.py
[2025-05-24T20:15:09.742+0000] {logging_mixin.py:190} INFO - [2025-05-24T20:15:09.741+0000] {dag.py:3239} INFO - Sync 1 DAGs
[2025-05-24T20:15:09.799+0000] {logging_mixin.py:190} INFO - [2025-05-24T20:15:09.798+0000] {dag.py:4180} INFO - Setting next_dagrun for fetch_eod_data to 2025-05-24 00:00:00+00:00, run_after=2025-05-25 00:00:00+00:00
[2025-05-24T20:15:09.879+0000] {processor.py:208} INFO - Processing /opt/airflow/dags/eod_data_pipeline.py took 0.267 seconds
[2025-05-24T20:15:40.025+0000] {processor.py:186} INFO - Started process (PID=1604) to work on /opt/airflow/dags/eod_data_pipeline.py
[2025-05-24T20:15:40.027+0000] {processor.py:914} INFO - Processing file /opt/airflow/dags/eod_data_pipeline.py for tasks to queue
[2025-05-24T20:15:40.032+0000] {logging_mixin.py:190} INFO - [2025-05-24T20:15:40.031+0000] {dagbag.py:588} INFO - Filling up the DagBag from /opt/airflow/dags/eod_data_pipeline.py
[2025-05-24T20:15:40.088+0000] {processor.py:925} INFO - DAG(s) 'fetch_eod_data' retrieved from /opt/airflow/dags/eod_data_pipeline.py
[2025-05-24T20:15:40.132+0000] {logging_mixin.py:190} INFO - [2025-05-24T20:15:40.131+0000] {dag.py:3239} INFO - Sync 1 DAGs
[2025-05-24T20:15:40.185+0000] {logging_mixin.py:190} INFO - [2025-05-24T20:15:40.185+0000] {dag.py:4180} INFO - Setting next_dagrun for fetch_eod_data to 2025-05-24 00:00:00+00:00, run_after=2025-05-25 00:00:00+00:00
[2025-05-24T20:15:40.263+0000] {processor.py:208} INFO - Processing /opt/airflow/dags/eod_data_pipeline.py took 0.252 seconds
[2025-05-24T20:16:10.624+0000] {processor.py:186} INFO - Started process (PID=1670) to work on /opt/airflow/dags/eod_data_pipeline.py
[2025-05-24T20:16:10.626+0000] {processor.py:914} INFO - Processing file /opt/airflow/dags/eod_data_pipeline.py for tasks to queue
[2025-05-24T20:16:10.631+0000] {logging_mixin.py:190} INFO - [2025-05-24T20:16:10.631+0000] {dagbag.py:588} INFO - Filling up the DagBag from /opt/airflow/dags/eod_data_pipeline.py
[2025-05-24T20:16:10.696+0000] {processor.py:925} INFO - DAG(s) 'fetch_eod_data' retrieved from /opt/airflow/dags/eod_data_pipeline.py
[2025-05-24T20:16:10.742+0000] {logging_mixin.py:190} INFO - [2025-05-24T20:16:10.741+0000] {dag.py:3239} INFO - Sync 1 DAGs
[2025-05-24T20:16:10.796+0000] {logging_mixin.py:190} INFO - [2025-05-24T20:16:10.795+0000] {dag.py:4180} INFO - Setting next_dagrun for fetch_eod_data to 2025-05-24 00:00:00+00:00, run_after=2025-05-25 00:00:00+00:00
[2025-05-24T20:16:10.876+0000] {processor.py:208} INFO - Processing /opt/airflow/dags/eod_data_pipeline.py took 0.264 seconds
[2025-05-24T20:16:41.028+0000] {processor.py:186} INFO - Started process (PID=1736) to work on /opt/airflow/dags/eod_data_pipeline.py
[2025-05-24T20:16:41.030+0000] {processor.py:914} INFO - Processing file /opt/airflow/dags/eod_data_pipeline.py for tasks to queue
[2025-05-24T20:16:41.036+0000] {logging_mixin.py:190} INFO - [2025-05-24T20:16:41.035+0000] {dagbag.py:588} INFO - Filling up the DagBag from /opt/airflow/dags/eod_data_pipeline.py
[2025-05-24T20:16:41.092+0000] {processor.py:925} INFO - DAG(s) 'fetch_eod_data' retrieved from /opt/airflow/dags/eod_data_pipeline.py
[2025-05-24T20:16:41.137+0000] {logging_mixin.py:190} INFO - [2025-05-24T20:16:41.136+0000] {dag.py:3239} INFO - Sync 1 DAGs
[2025-05-24T20:16:41.198+0000] {logging_mixin.py:190} INFO - [2025-05-24T20:16:41.197+0000] {dag.py:4180} INFO - Setting next_dagrun for fetch_eod_data to 2025-05-24 00:00:00+00:00, run_after=2025-05-25 00:00:00+00:00
[2025-05-24T20:16:41.276+0000] {processor.py:208} INFO - Processing /opt/airflow/dags/eod_data_pipeline.py took 0.259 seconds
[2025-05-24T20:17:11.697+0000] {processor.py:186} INFO - Started process (PID=1802) to work on /opt/airflow/dags/eod_data_pipeline.py
[2025-05-24T20:17:11.700+0000] {processor.py:914} INFO - Processing file /opt/airflow/dags/eod_data_pipeline.py for tasks to queue
[2025-05-24T20:17:11.706+0000] {logging_mixin.py:190} INFO - [2025-05-24T20:17:11.705+0000] {dagbag.py:588} INFO - Filling up the DagBag from /opt/airflow/dags/eod_data_pipeline.py
[2025-05-24T20:17:11.777+0000] {processor.py:925} INFO - DAG(s) 'fetch_eod_data' retrieved from /opt/airflow/dags/eod_data_pipeline.py
[2025-05-24T20:17:11.830+0000] {logging_mixin.py:190} INFO - [2025-05-24T20:17:11.829+0000] {dag.py:3239} INFO - Sync 1 DAGs
[2025-05-24T20:17:11.900+0000] {logging_mixin.py:190} INFO - [2025-05-24T20:17:11.899+0000] {dag.py:4180} INFO - Setting next_dagrun for fetch_eod_data to 2025-05-24 00:00:00+00:00, run_after=2025-05-25 00:00:00+00:00
[2025-05-24T20:17:11.971+0000] {processor.py:208} INFO - Processing /opt/airflow/dags/eod_data_pipeline.py took 0.290 seconds
[2025-05-24T20:19:36.348+0000] {processor.py:186} INFO - Started process (PID=81) to work on /opt/airflow/dags/eod_data_pipeline.py
[2025-05-24T20:19:36.351+0000] {processor.py:914} INFO - Processing file /opt/airflow/dags/eod_data_pipeline.py for tasks to queue
[2025-05-24T20:19:36.359+0000] {logging_mixin.py:190} INFO - [2025-05-24T20:19:36.358+0000] {dagbag.py:588} INFO - Filling up the DagBag from /opt/airflow/dags/eod_data_pipeline.py
[2025-05-24T20:19:36.423+0000] {processor.py:925} INFO - DAG(s) 'fetch_eod_data' retrieved from /opt/airflow/dags/eod_data_pipeline.py
[2025-05-24T20:19:36.488+0000] {logging_mixin.py:190} INFO - [2025-05-24T20:19:36.488+0000] {dag.py:3239} INFO - Sync 1 DAGs
[2025-05-24T20:19:36.554+0000] {logging_mixin.py:190} INFO - [2025-05-24T20:19:36.554+0000] {dag.py:4180} INFO - Setting next_dagrun for fetch_eod_data to 2025-05-24 00:00:00+00:00, run_after=2025-05-25 00:00:00+00:00
[2025-05-24T20:19:36.606+0000] {processor.py:208} INFO - Processing /opt/airflow/dags/eod_data_pipeline.py took 0.274 seconds
[2025-05-24T20:20:06.708+0000] {processor.py:186} INFO - Started process (PID=147) to work on /opt/airflow/dags/eod_data_pipeline.py
[2025-05-24T20:20:06.710+0000] {processor.py:914} INFO - Processing file /opt/airflow/dags/eod_data_pipeline.py for tasks to queue
[2025-05-24T20:20:06.715+0000] {logging_mixin.py:190} INFO - [2025-05-24T20:20:06.714+0000] {dagbag.py:588} INFO - Filling up the DagBag from /opt/airflow/dags/eod_data_pipeline.py
[2025-05-24T20:20:06.779+0000] {processor.py:925} INFO - DAG(s) 'fetch_eod_data' retrieved from /opt/airflow/dags/eod_data_pipeline.py
[2025-05-24T20:20:06.831+0000] {logging_mixin.py:190} INFO - [2025-05-24T20:20:06.830+0000] {dag.py:3239} INFO - Sync 1 DAGs
[2025-05-24T20:20:06.896+0000] {logging_mixin.py:190} INFO - [2025-05-24T20:20:06.896+0000] {dag.py:4180} INFO - Setting next_dagrun for fetch_eod_data to 2025-05-24 00:00:00+00:00, run_after=2025-05-25 00:00:00+00:00
[2025-05-24T20:20:06.943+0000] {processor.py:208} INFO - Processing /opt/airflow/dags/eod_data_pipeline.py took 0.248 seconds
[2025-05-24T20:20:37.439+0000] {processor.py:186} INFO - Started process (PID=213) to work on /opt/airflow/dags/eod_data_pipeline.py
[2025-05-24T20:20:37.442+0000] {processor.py:914} INFO - Processing file /opt/airflow/dags/eod_data_pipeline.py for tasks to queue
[2025-05-24T20:20:37.447+0000] {logging_mixin.py:190} INFO - [2025-05-24T20:20:37.446+0000] {dagbag.py:588} INFO - Filling up the DagBag from /opt/airflow/dags/eod_data_pipeline.py
[2025-05-24T20:20:37.511+0000] {processor.py:925} INFO - DAG(s) 'fetch_eod_data' retrieved from /opt/airflow/dags/eod_data_pipeline.py
[2025-05-24T20:20:37.559+0000] {logging_mixin.py:190} INFO - [2025-05-24T20:20:37.558+0000] {dag.py:3239} INFO - Sync 1 DAGs
[2025-05-24T20:20:37.622+0000] {logging_mixin.py:190} INFO - [2025-05-24T20:20:37.622+0000] {dag.py:4180} INFO - Setting next_dagrun for fetch_eod_data to 2025-05-24 00:00:00+00:00, run_after=2025-05-25 00:00:00+00:00
[2025-05-24T20:20:37.675+0000] {processor.py:208} INFO - Processing /opt/airflow/dags/eod_data_pipeline.py took 0.252 seconds
[2025-05-24T20:21:08.115+0000] {processor.py:186} INFO - Started process (PID=279) to work on /opt/airflow/dags/eod_data_pipeline.py
[2025-05-24T20:21:08.117+0000] {processor.py:914} INFO - Processing file /opt/airflow/dags/eod_data_pipeline.py for tasks to queue
[2025-05-24T20:21:08.122+0000] {logging_mixin.py:190} INFO - [2025-05-24T20:21:08.121+0000] {dagbag.py:588} INFO - Filling up the DagBag from /opt/airflow/dags/eod_data_pipeline.py
[2025-05-24T20:21:08.179+0000] {processor.py:925} INFO - DAG(s) 'fetch_eod_data' retrieved from /opt/airflow/dags/eod_data_pipeline.py
[2025-05-24T20:21:08.220+0000] {logging_mixin.py:190} INFO - [2025-05-24T20:21:08.220+0000] {dag.py:3239} INFO - Sync 1 DAGs
[2025-05-24T20:21:08.273+0000] {logging_mixin.py:190} INFO - [2025-05-24T20:21:08.272+0000] {dag.py:4180} INFO - Setting next_dagrun for fetch_eod_data to 2025-05-24 00:00:00+00:00, run_after=2025-05-25 00:00:00+00:00
[2025-05-24T20:21:08.317+0000] {processor.py:208} INFO - Processing /opt/airflow/dags/eod_data_pipeline.py took 0.215 seconds
[2025-05-24T20:21:38.716+0000] {processor.py:186} INFO - Started process (PID=346) to work on /opt/airflow/dags/eod_data_pipeline.py
[2025-05-24T20:21:38.719+0000] {processor.py:914} INFO - Processing file /opt/airflow/dags/eod_data_pipeline.py for tasks to queue
[2025-05-24T20:21:38.726+0000] {logging_mixin.py:190} INFO - [2025-05-24T20:21:38.725+0000] {dagbag.py:588} INFO - Filling up the DagBag from /opt/airflow/dags/eod_data_pipeline.py
[2025-05-24T20:21:38.782+0000] {processor.py:925} INFO - DAG(s) 'fetch_eod_data' retrieved from /opt/airflow/dags/eod_data_pipeline.py
[2025-05-24T20:21:38.826+0000] {logging_mixin.py:190} INFO - [2025-05-24T20:21:38.826+0000] {dag.py:3239} INFO - Sync 1 DAGs
[2025-05-24T20:21:38.885+0000] {logging_mixin.py:190} INFO - [2025-05-24T20:21:38.884+0000] {dag.py:4180} INFO - Setting next_dagrun for fetch_eod_data to 2025-05-24 00:00:00+00:00, run_after=2025-05-25 00:00:00+00:00
[2025-05-24T20:21:38.971+0000] {processor.py:208} INFO - Processing /opt/airflow/dags/eod_data_pipeline.py took 0.269 seconds
[2025-05-24T20:22:09.521+0000] {processor.py:186} INFO - Started process (PID=411) to work on /opt/airflow/dags/eod_data_pipeline.py
[2025-05-24T20:22:09.524+0000] {processor.py:914} INFO - Processing file /opt/airflow/dags/eod_data_pipeline.py for tasks to queue
[2025-05-24T20:22:09.528+0000] {logging_mixin.py:190} INFO - [2025-05-24T20:22:09.528+0000] {dagbag.py:588} INFO - Filling up the DagBag from /opt/airflow/dags/eod_data_pipeline.py
[2025-05-24T20:22:09.588+0000] {processor.py:925} INFO - DAG(s) 'fetch_eod_data' retrieved from /opt/airflow/dags/eod_data_pipeline.py
[2025-05-24T20:22:09.633+0000] {logging_mixin.py:190} INFO - [2025-05-24T20:22:09.632+0000] {dag.py:3239} INFO - Sync 1 DAGs
[2025-05-24T20:22:09.699+0000] {logging_mixin.py:190} INFO - [2025-05-24T20:22:09.698+0000] {dag.py:4180} INFO - Setting next_dagrun for fetch_eod_data to 2025-05-24 00:00:00+00:00, run_after=2025-05-25 00:00:00+00:00
[2025-05-24T20:22:09.792+0000] {processor.py:208} INFO - Processing /opt/airflow/dags/eod_data_pipeline.py took 0.284 seconds
[2025-05-24T20:22:40.018+0000] {processor.py:186} INFO - Started process (PID=477) to work on /opt/airflow/dags/eod_data_pipeline.py
[2025-05-24T20:22:40.022+0000] {processor.py:914} INFO - Processing file /opt/airflow/dags/eod_data_pipeline.py for tasks to queue
[2025-05-24T20:22:40.030+0000] {logging_mixin.py:190} INFO - [2025-05-24T20:22:40.029+0000] {dagbag.py:588} INFO - Filling up the DagBag from /opt/airflow/dags/eod_data_pipeline.py
[2025-05-24T20:22:40.090+0000] {processor.py:925} INFO - DAG(s) 'fetch_eod_data' retrieved from /opt/airflow/dags/eod_data_pipeline.py
[2025-05-24T20:22:40.135+0000] {logging_mixin.py:190} INFO - [2025-05-24T20:22:40.134+0000] {dag.py:3239} INFO - Sync 1 DAGs
[2025-05-24T20:22:40.190+0000] {logging_mixin.py:190} INFO - [2025-05-24T20:22:40.190+0000] {dag.py:4180} INFO - Setting next_dagrun for fetch_eod_data to 2025-05-24 00:00:00+00:00, run_after=2025-05-25 00:00:00+00:00
[2025-05-24T20:22:40.242+0000] {processor.py:208} INFO - Processing /opt/airflow/dags/eod_data_pipeline.py took 0.238 seconds
[2025-05-24T20:23:10.443+0000] {processor.py:186} INFO - Started process (PID=543) to work on /opt/airflow/dags/eod_data_pipeline.py
[2025-05-24T20:23:10.445+0000] {processor.py:914} INFO - Processing file /opt/airflow/dags/eod_data_pipeline.py for tasks to queue
[2025-05-24T20:23:10.452+0000] {logging_mixin.py:190} INFO - [2025-05-24T20:23:10.451+0000] {dagbag.py:588} INFO - Filling up the DagBag from /opt/airflow/dags/eod_data_pipeline.py
[2025-05-24T20:23:10.515+0000] {processor.py:925} INFO - DAG(s) 'fetch_eod_data' retrieved from /opt/airflow/dags/eod_data_pipeline.py
[2025-05-24T20:23:10.557+0000] {logging_mixin.py:190} INFO - [2025-05-24T20:23:10.556+0000] {dag.py:3239} INFO - Sync 1 DAGs
[2025-05-24T20:23:10.613+0000] {logging_mixin.py:190} INFO - [2025-05-24T20:23:10.612+0000] {dag.py:4180} INFO - Setting next_dagrun for fetch_eod_data to 2025-05-24 00:00:00+00:00, run_after=2025-05-25 00:00:00+00:00
[2025-05-24T20:23:10.656+0000] {processor.py:208} INFO - Processing /opt/airflow/dags/eod_data_pipeline.py took 0.226 seconds
[2025-05-24T20:23:41.552+0000] {processor.py:186} INFO - Started process (PID=609) to work on /opt/airflow/dags/eod_data_pipeline.py
[2025-05-24T20:23:41.554+0000] {processor.py:914} INFO - Processing file /opt/airflow/dags/eod_data_pipeline.py for tasks to queue
[2025-05-24T20:23:41.562+0000] {logging_mixin.py:190} INFO - [2025-05-24T20:23:41.561+0000] {dagbag.py:588} INFO - Filling up the DagBag from /opt/airflow/dags/eod_data_pipeline.py
[2025-05-24T20:23:41.631+0000] {processor.py:925} INFO - DAG(s) 'fetch_eod_data' retrieved from /opt/airflow/dags/eod_data_pipeline.py
[2025-05-24T20:23:41.685+0000] {logging_mixin.py:190} INFO - [2025-05-24T20:23:41.685+0000] {dag.py:3239} INFO - Sync 1 DAGs
[2025-05-24T20:23:41.762+0000] {logging_mixin.py:190} INFO - [2025-05-24T20:23:41.761+0000] {dag.py:4180} INFO - Setting next_dagrun for fetch_eod_data to 2025-05-24 00:00:00+00:00, run_after=2025-05-25 00:00:00+00:00
[2025-05-24T20:23:41.813+0000] {processor.py:208} INFO - Processing /opt/airflow/dags/eod_data_pipeline.py took 0.281 seconds
[2025-05-24T20:24:11.916+0000] {processor.py:186} INFO - Started process (PID=674) to work on /opt/airflow/dags/eod_data_pipeline.py
[2025-05-24T20:24:11.918+0000] {processor.py:914} INFO - Processing file /opt/airflow/dags/eod_data_pipeline.py for tasks to queue
[2025-05-24T20:24:11.923+0000] {logging_mixin.py:190} INFO - [2025-05-24T20:24:11.922+0000] {dagbag.py:588} INFO - Filling up the DagBag from /opt/airflow/dags/eod_data_pipeline.py
[2025-05-24T20:24:11.971+0000] {processor.py:925} INFO - DAG(s) 'fetch_eod_data' retrieved from /opt/airflow/dags/eod_data_pipeline.py
[2025-05-24T20:24:12.008+0000] {logging_mixin.py:190} INFO - [2025-05-24T20:24:12.008+0000] {dag.py:3239} INFO - Sync 1 DAGs
[2025-05-24T20:24:12.078+0000] {logging_mixin.py:190} INFO - [2025-05-24T20:24:12.078+0000] {dag.py:4180} INFO - Setting next_dagrun for fetch_eod_data to 2025-05-24 00:00:00+00:00, run_after=2025-05-25 00:00:00+00:00
[2025-05-24T20:24:12.119+0000] {processor.py:208} INFO - Processing /opt/airflow/dags/eod_data_pipeline.py took 0.214 seconds
[2025-05-24T20:24:42.252+0000] {processor.py:186} INFO - Started process (PID=741) to work on /opt/airflow/dags/eod_data_pipeline.py
[2025-05-24T20:24:42.254+0000] {processor.py:914} INFO - Processing file /opt/airflow/dags/eod_data_pipeline.py for tasks to queue
[2025-05-24T20:24:42.258+0000] {logging_mixin.py:190} INFO - [2025-05-24T20:24:42.258+0000] {dagbag.py:588} INFO - Filling up the DagBag from /opt/airflow/dags/eod_data_pipeline.py
[2025-05-24T20:24:42.315+0000] {processor.py:925} INFO - DAG(s) 'fetch_eod_data' retrieved from /opt/airflow/dags/eod_data_pipeline.py
[2025-05-24T20:24:42.355+0000] {logging_mixin.py:190} INFO - [2025-05-24T20:24:42.354+0000] {dag.py:3239} INFO - Sync 1 DAGs
[2025-05-24T20:24:42.418+0000] {logging_mixin.py:190} INFO - [2025-05-24T20:24:42.418+0000] {dag.py:4180} INFO - Setting next_dagrun for fetch_eod_data to 2025-05-24 00:00:00+00:00, run_after=2025-05-25 00:00:00+00:00
[2025-05-24T20:24:42.461+0000] {processor.py:208} INFO - Processing /opt/airflow/dags/eod_data_pipeline.py took 0.221 seconds
[2025-05-24T20:25:13.299+0000] {processor.py:186} INFO - Started process (PID=808) to work on /opt/airflow/dags/eod_data_pipeline.py
[2025-05-24T20:25:13.303+0000] {processor.py:914} INFO - Processing file /opt/airflow/dags/eod_data_pipeline.py for tasks to queue
[2025-05-24T20:25:13.316+0000] {logging_mixin.py:190} INFO - [2025-05-24T20:25:13.314+0000] {dagbag.py:588} INFO - Filling up the DagBag from /opt/airflow/dags/eod_data_pipeline.py
[2025-05-24T20:25:13.384+0000] {processor.py:925} INFO - DAG(s) 'fetch_eod_data' retrieved from /opt/airflow/dags/eod_data_pipeline.py
[2025-05-24T20:25:13.439+0000] {logging_mixin.py:190} INFO - [2025-05-24T20:25:13.438+0000] {dag.py:3239} INFO - Sync 1 DAGs
[2025-05-24T20:25:13.497+0000] {logging_mixin.py:190} INFO - [2025-05-24T20:25:13.496+0000] {dag.py:4180} INFO - Setting next_dagrun for fetch_eod_data to 2025-05-24 00:00:00+00:00, run_after=2025-05-25 00:00:00+00:00
[2025-05-24T20:25:13.581+0000] {processor.py:208} INFO - Processing /opt/airflow/dags/eod_data_pipeline.py took 0.303 seconds
[2025-05-24T20:25:43.828+0000] {processor.py:186} INFO - Started process (PID=874) to work on /opt/airflow/dags/eod_data_pipeline.py
[2025-05-24T20:25:43.830+0000] {processor.py:914} INFO - Processing file /opt/airflow/dags/eod_data_pipeline.py for tasks to queue
[2025-05-24T20:25:43.836+0000] {logging_mixin.py:190} INFO - [2025-05-24T20:25:43.835+0000] {dagbag.py:588} INFO - Filling up the DagBag from /opt/airflow/dags/eod_data_pipeline.py
[2025-05-24T20:25:43.894+0000] {processor.py:925} INFO - DAG(s) 'fetch_eod_data' retrieved from /opt/airflow/dags/eod_data_pipeline.py
[2025-05-24T20:25:43.935+0000] {logging_mixin.py:190} INFO - [2025-05-24T20:25:43.935+0000] {dag.py:3239} INFO - Sync 1 DAGs
[2025-05-24T20:25:43.990+0000] {logging_mixin.py:190} INFO - [2025-05-24T20:25:43.990+0000] {dag.py:4180} INFO - Setting next_dagrun for fetch_eod_data to 2025-05-24 00:00:00+00:00, run_after=2025-05-25 00:00:00+00:00
[2025-05-24T20:25:44.034+0000] {processor.py:208} INFO - Processing /opt/airflow/dags/eod_data_pipeline.py took 0.222 seconds
[2025-05-24T20:26:14.132+0000] {processor.py:186} INFO - Started process (PID=939) to work on /opt/airflow/dags/eod_data_pipeline.py
[2025-05-24T20:26:14.134+0000] {processor.py:914} INFO - Processing file /opt/airflow/dags/eod_data_pipeline.py for tasks to queue
[2025-05-24T20:26:14.138+0000] {logging_mixin.py:190} INFO - [2025-05-24T20:26:14.138+0000] {dagbag.py:588} INFO - Filling up the DagBag from /opt/airflow/dags/eod_data_pipeline.py
[2025-05-24T20:26:14.194+0000] {processor.py:925} INFO - DAG(s) 'fetch_eod_data' retrieved from /opt/airflow/dags/eod_data_pipeline.py
[2025-05-24T20:26:14.235+0000] {logging_mixin.py:190} INFO - [2025-05-24T20:26:14.234+0000] {dag.py:3239} INFO - Sync 1 DAGs
[2025-05-24T20:26:14.282+0000] {logging_mixin.py:190} INFO - [2025-05-24T20:26:14.281+0000] {dag.py:4180} INFO - Setting next_dagrun for fetch_eod_data to 2025-05-24 00:00:00+00:00, run_after=2025-05-25 00:00:00+00:00
[2025-05-24T20:26:14.320+0000] {processor.py:208} INFO - Processing /opt/airflow/dags/eod_data_pipeline.py took 0.199 seconds
[2025-05-24T20:26:44.875+0000] {processor.py:186} INFO - Started process (PID=1005) to work on /opt/airflow/dags/eod_data_pipeline.py
[2025-05-24T20:26:44.877+0000] {processor.py:914} INFO - Processing file /opt/airflow/dags/eod_data_pipeline.py for tasks to queue
[2025-05-24T20:26:44.882+0000] {logging_mixin.py:190} INFO - [2025-05-24T20:26:44.881+0000] {dagbag.py:588} INFO - Filling up the DagBag from /opt/airflow/dags/eod_data_pipeline.py
[2025-05-24T20:26:44.934+0000] {processor.py:925} INFO - DAG(s) 'fetch_eod_data' retrieved from /opt/airflow/dags/eod_data_pipeline.py
[2025-05-24T20:26:44.972+0000] {logging_mixin.py:190} INFO - [2025-05-24T20:26:44.971+0000] {dag.py:3239} INFO - Sync 1 DAGs
[2025-05-24T20:26:45.027+0000] {logging_mixin.py:190} INFO - [2025-05-24T20:26:45.027+0000] {dag.py:4180} INFO - Setting next_dagrun for fetch_eod_data to 2025-05-24 00:00:00+00:00, run_after=2025-05-25 00:00:00+00:00
[2025-05-24T20:26:45.112+0000] {processor.py:208} INFO - Processing /opt/airflow/dags/eod_data_pipeline.py took 0.251 seconds
[2025-05-24T20:27:15.564+0000] {processor.py:186} INFO - Started process (PID=1077) to work on /opt/airflow/dags/eod_data_pipeline.py
[2025-05-24T20:27:15.566+0000] {processor.py:914} INFO - Processing file /opt/airflow/dags/eod_data_pipeline.py for tasks to queue
[2025-05-24T20:27:15.572+0000] {logging_mixin.py:190} INFO - [2025-05-24T20:27:15.572+0000] {dagbag.py:588} INFO - Filling up the DagBag from /opt/airflow/dags/eod_data_pipeline.py
[2025-05-24T20:27:15.619+0000] {processor.py:925} INFO - DAG(s) 'fetch_eod_data' retrieved from /opt/airflow/dags/eod_data_pipeline.py
[2025-05-24T20:27:15.655+0000] {logging_mixin.py:190} INFO - [2025-05-24T20:27:15.655+0000] {dag.py:3239} INFO - Sync 1 DAGs
[2025-05-24T20:27:15.740+0000] {logging_mixin.py:190} INFO - [2025-05-24T20:27:15.739+0000] {dag.py:4180} INFO - Setting next_dagrun for fetch_eod_data to 2025-05-24 00:00:00+00:00, run_after=2025-05-25 00:00:00+00:00
[2025-05-24T20:27:15.815+0000] {processor.py:208} INFO - Processing /opt/airflow/dags/eod_data_pipeline.py took 0.273 seconds
[2025-05-24T20:27:46.199+0000] {processor.py:186} INFO - Started process (PID=1143) to work on /opt/airflow/dags/eod_data_pipeline.py
[2025-05-24T20:27:46.201+0000] {processor.py:914} INFO - Processing file /opt/airflow/dags/eod_data_pipeline.py for tasks to queue
[2025-05-24T20:27:46.207+0000] {logging_mixin.py:190} INFO - [2025-05-24T20:27:46.206+0000] {dagbag.py:588} INFO - Filling up the DagBag from /opt/airflow/dags/eod_data_pipeline.py
[2025-05-24T20:27:46.260+0000] {processor.py:925} INFO - DAG(s) 'fetch_eod_data' retrieved from /opt/airflow/dags/eod_data_pipeline.py
[2025-05-24T20:27:46.303+0000] {logging_mixin.py:190} INFO - [2025-05-24T20:27:46.303+0000] {dag.py:3239} INFO - Sync 1 DAGs
[2025-05-24T20:27:46.362+0000] {logging_mixin.py:190} INFO - [2025-05-24T20:27:46.362+0000] {dag.py:4180} INFO - Setting next_dagrun for fetch_eod_data to 2025-05-24 00:00:00+00:00, run_after=2025-05-25 00:00:00+00:00
[2025-05-24T20:27:46.404+0000] {processor.py:208} INFO - Processing /opt/airflow/dags/eod_data_pipeline.py took 0.216 seconds
[2025-05-24T20:28:16.901+0000] {processor.py:186} INFO - Started process (PID=1210) to work on /opt/airflow/dags/eod_data_pipeline.py
[2025-05-24T20:28:16.905+0000] {processor.py:914} INFO - Processing file /opt/airflow/dags/eod_data_pipeline.py for tasks to queue
[2025-05-24T20:28:16.914+0000] {logging_mixin.py:190} INFO - [2025-05-24T20:28:16.913+0000] {dagbag.py:588} INFO - Filling up the DagBag from /opt/airflow/dags/eod_data_pipeline.py
[2025-05-24T20:28:16.981+0000] {processor.py:925} INFO - DAG(s) 'fetch_eod_data' retrieved from /opt/airflow/dags/eod_data_pipeline.py
[2025-05-24T20:28:17.037+0000] {logging_mixin.py:190} INFO - [2025-05-24T20:28:17.036+0000] {dag.py:3239} INFO - Sync 1 DAGs
[2025-05-24T20:28:17.122+0000] {logging_mixin.py:190} INFO - [2025-05-24T20:28:17.121+0000] {dag.py:4180} INFO - Setting next_dagrun for fetch_eod_data to 2025-05-24 00:00:00+00:00, run_after=2025-05-25 00:00:00+00:00
[2025-05-24T20:28:17.186+0000] {processor.py:208} INFO - Processing /opt/airflow/dags/eod_data_pipeline.py took 0.312 seconds
[2025-05-24T20:29:45.464+0000] {processor.py:186} INFO - Started process (PID=1220) to work on /opt/airflow/dags/eod_data_pipeline.py
[2025-05-24T20:29:45.466+0000] {processor.py:914} INFO - Processing file /opt/airflow/dags/eod_data_pipeline.py for tasks to queue
[2025-05-24T20:29:45.470+0000] {logging_mixin.py:190} INFO - [2025-05-24T20:29:45.469+0000] {dagbag.py:588} INFO - Filling up the DagBag from /opt/airflow/dags/eod_data_pipeline.py
[2025-05-24T20:29:45.519+0000] {processor.py:925} INFO - DAG(s) 'fetch_eod_data' retrieved from /opt/airflow/dags/eod_data_pipeline.py
[2025-05-24T20:29:45.559+0000] {logging_mixin.py:190} INFO - [2025-05-24T20:29:45.558+0000] {dag.py:3239} INFO - Sync 1 DAGs
[2025-05-24T20:29:45.612+0000] {logging_mixin.py:190} INFO - [2025-05-24T20:29:45.611+0000] {dag.py:4180} INFO - Setting next_dagrun for fetch_eod_data to 2025-05-24 00:00:00+00:00, run_after=2025-05-25 00:00:00+00:00
[2025-05-24T20:29:45.717+0000] {processor.py:208} INFO - Processing /opt/airflow/dags/eod_data_pipeline.py took 0.264 seconds
[2025-05-24T20:30:16.315+0000] {processor.py:186} INFO - Started process (PID=1285) to work on /opt/airflow/dags/eod_data_pipeline.py
[2025-05-24T20:30:16.317+0000] {processor.py:914} INFO - Processing file /opt/airflow/dags/eod_data_pipeline.py for tasks to queue
[2025-05-24T20:30:16.323+0000] {logging_mixin.py:190} INFO - [2025-05-24T20:30:16.322+0000] {dagbag.py:588} INFO - Filling up the DagBag from /opt/airflow/dags/eod_data_pipeline.py
[2025-05-24T20:30:16.381+0000] {processor.py:925} INFO - DAG(s) 'fetch_eod_data' retrieved from /opt/airflow/dags/eod_data_pipeline.py
[2025-05-24T20:30:16.420+0000] {logging_mixin.py:190} INFO - [2025-05-24T20:30:16.420+0000] {dag.py:3239} INFO - Sync 1 DAGs
[2025-05-24T20:30:16.469+0000] {logging_mixin.py:190} INFO - [2025-05-24T20:30:16.469+0000] {dag.py:4180} INFO - Setting next_dagrun for fetch_eod_data to 2025-05-24 00:00:00+00:00, run_after=2025-05-25 00:00:00+00:00
[2025-05-24T20:30:16.510+0000] {processor.py:208} INFO - Processing /opt/airflow/dags/eod_data_pipeline.py took 0.209 seconds
[2025-05-24T20:30:47.361+0000] {processor.py:186} INFO - Started process (PID=1351) to work on /opt/airflow/dags/eod_data_pipeline.py
[2025-05-24T20:30:47.364+0000] {processor.py:914} INFO - Processing file /opt/airflow/dags/eod_data_pipeline.py for tasks to queue
[2025-05-24T20:30:47.369+0000] {logging_mixin.py:190} INFO - [2025-05-24T20:30:47.368+0000] {dagbag.py:588} INFO - Filling up the DagBag from /opt/airflow/dags/eod_data_pipeline.py
[2025-05-24T20:30:47.430+0000] {processor.py:925} INFO - DAG(s) 'fetch_eod_data' retrieved from /opt/airflow/dags/eod_data_pipeline.py
[2025-05-24T20:30:47.475+0000] {logging_mixin.py:190} INFO - [2025-05-24T20:30:47.474+0000] {dag.py:3239} INFO - Sync 1 DAGs
[2025-05-24T20:30:47.530+0000] {logging_mixin.py:190} INFO - [2025-05-24T20:30:47.529+0000] {dag.py:4180} INFO - Setting next_dagrun for fetch_eod_data to 2025-05-24 00:00:00+00:00, run_after=2025-05-25 00:00:00+00:00
[2025-05-24T20:30:47.583+0000] {processor.py:208} INFO - Processing /opt/airflow/dags/eod_data_pipeline.py took 0.236 seconds
[2025-05-24T20:31:17.737+0000] {processor.py:186} INFO - Started process (PID=1417) to work on /opt/airflow/dags/eod_data_pipeline.py
[2025-05-24T20:31:17.760+0000] {processor.py:914} INFO - Processing file /opt/airflow/dags/eod_data_pipeline.py for tasks to queue
[2025-05-24T20:31:17.776+0000] {logging_mixin.py:190} INFO - [2025-05-24T20:31:17.775+0000] {dagbag.py:588} INFO - Filling up the DagBag from /opt/airflow/dags/eod_data_pipeline.py
[2025-05-24T20:31:17.841+0000] {processor.py:925} INFO - DAG(s) 'fetch_eod_data' retrieved from /opt/airflow/dags/eod_data_pipeline.py
[2025-05-24T20:31:17.883+0000] {logging_mixin.py:190} INFO - [2025-05-24T20:31:17.882+0000] {dag.py:3239} INFO - Sync 1 DAGs
[2025-05-24T20:31:17.941+0000] {logging_mixin.py:190} INFO - [2025-05-24T20:31:17.940+0000] {dag.py:4180} INFO - Setting next_dagrun for fetch_eod_data to 2025-05-24 00:00:00+00:00, run_after=2025-05-25 00:00:00+00:00
[2025-05-24T20:31:18.048+0000] {processor.py:208} INFO - Processing /opt/airflow/dags/eod_data_pipeline.py took 0.326 seconds
[2025-05-24T20:31:48.720+0000] {processor.py:186} INFO - Started process (PID=1483) to work on /opt/airflow/dags/eod_data_pipeline.py
[2025-05-24T20:31:48.722+0000] {processor.py:914} INFO - Processing file /opt/airflow/dags/eod_data_pipeline.py for tasks to queue
[2025-05-24T20:31:48.727+0000] {logging_mixin.py:190} INFO - [2025-05-24T20:31:48.726+0000] {dagbag.py:588} INFO - Filling up the DagBag from /opt/airflow/dags/eod_data_pipeline.py
[2025-05-24T20:31:48.788+0000] {processor.py:925} INFO - DAG(s) 'fetch_eod_data' retrieved from /opt/airflow/dags/eod_data_pipeline.py
[2025-05-24T20:31:48.836+0000] {logging_mixin.py:190} INFO - [2025-05-24T20:31:48.835+0000] {dag.py:3239} INFO - Sync 1 DAGs
[2025-05-24T20:31:48.898+0000] {logging_mixin.py:190} INFO - [2025-05-24T20:31:48.898+0000] {dag.py:4180} INFO - Setting next_dagrun for fetch_eod_data to 2025-05-24 00:00:00+00:00, run_after=2025-05-25 00:00:00+00:00
[2025-05-24T20:31:49.000+0000] {processor.py:208} INFO - Processing /opt/airflow/dags/eod_data_pipeline.py took 0.292 seconds
[2025-05-24T20:32:19.617+0000] {processor.py:186} INFO - Started process (PID=1549) to work on /opt/airflow/dags/eod_data_pipeline.py
[2025-05-24T20:32:19.619+0000] {processor.py:914} INFO - Processing file /opt/airflow/dags/eod_data_pipeline.py for tasks to queue
[2025-05-24T20:32:19.625+0000] {logging_mixin.py:190} INFO - [2025-05-24T20:32:19.624+0000] {dagbag.py:588} INFO - Filling up the DagBag from /opt/airflow/dags/eod_data_pipeline.py
[2025-05-24T20:32:19.684+0000] {processor.py:925} INFO - DAG(s) 'fetch_eod_data' retrieved from /opt/airflow/dags/eod_data_pipeline.py
[2025-05-24T20:32:19.731+0000] {logging_mixin.py:190} INFO - [2025-05-24T20:32:19.730+0000] {dag.py:3239} INFO - Sync 1 DAGs
[2025-05-24T20:32:19.811+0000] {logging_mixin.py:190} INFO - [2025-05-24T20:32:19.810+0000] {dag.py:4180} INFO - Setting next_dagrun for fetch_eod_data to 2025-05-24 00:00:00+00:00, run_after=2025-05-25 00:00:00+00:00
[2025-05-24T20:32:19.885+0000] {processor.py:208} INFO - Processing /opt/airflow/dags/eod_data_pipeline.py took 0.283 seconds
[2025-05-24T20:35:40.737+0000] {processor.py:186} INFO - Started process (PID=84) to work on /opt/airflow/dags/eod_data_pipeline.py
[2025-05-24T20:35:40.741+0000] {processor.py:914} INFO - Processing file /opt/airflow/dags/eod_data_pipeline.py for tasks to queue
[2025-05-24T20:35:40.748+0000] {logging_mixin.py:190} INFO - [2025-05-24T20:35:40.747+0000] {dagbag.py:588} INFO - Filling up the DagBag from /opt/airflow/dags/eod_data_pipeline.py
[2025-05-24T20:35:40.808+0000] {processor.py:925} INFO - DAG(s) 'fetch_eod_data' retrieved from /opt/airflow/dags/eod_data_pipeline.py
[2025-05-24T20:35:41.170+0000] {logging_mixin.py:190} INFO - [2025-05-24T20:35:41.168+0000] {override.py:1930} INFO - Created Permission View: can edit on DAG:fetch_eod_data
[2025-05-24T20:35:41.195+0000] {logging_mixin.py:190} INFO - [2025-05-24T20:35:41.194+0000] {override.py:1930} INFO - Created Permission View: can delete on DAG:fetch_eod_data
[2025-05-24T20:35:41.211+0000] {logging_mixin.py:190} INFO - [2025-05-24T20:35:41.210+0000] {override.py:1930} INFO - Created Permission View: can read on DAG:fetch_eod_data
[2025-05-24T20:35:41.230+0000] {logging_mixin.py:190} INFO - [2025-05-24T20:35:41.229+0000] {override.py:1930} INFO - Created Permission View: menu access on DAG Run:fetch_eod_data
[2025-05-24T20:35:41.246+0000] {logging_mixin.py:190} INFO - [2025-05-24T20:35:41.245+0000] {override.py:1930} INFO - Created Permission View: can delete on DAG Run:fetch_eod_data
[2025-05-24T20:35:41.262+0000] {logging_mixin.py:190} INFO - [2025-05-24T20:35:41.261+0000] {override.py:1930} INFO - Created Permission View: can read on DAG Run:fetch_eod_data
[2025-05-24T20:35:41.277+0000] {logging_mixin.py:190} INFO - [2025-05-24T20:35:41.276+0000] {override.py:1930} INFO - Created Permission View: can create on DAG Run:fetch_eod_data
[2025-05-24T20:35:41.278+0000] {logging_mixin.py:190} INFO - [2025-05-24T20:35:41.278+0000] {dag.py:3239} INFO - Sync 1 DAGs
[2025-05-24T20:35:41.313+0000] {logging_mixin.py:190} INFO - [2025-05-24T20:35:41.313+0000] {dag.py:3262} INFO - Creating ORM DAG for fetch_eod_data
[2025-05-24T20:35:41.343+0000] {logging_mixin.py:190} INFO - [2025-05-24T20:35:41.343+0000] {dag.py:4180} INFO - Setting next_dagrun for fetch_eod_data to 2025-05-23 00:00:00+00:00, run_after=2025-05-24 00:00:00+00:00
[2025-05-24T20:35:41.394+0000] {processor.py:208} INFO - Processing /opt/airflow/dags/eod_data_pipeline.py took 0.673 seconds
[2025-05-24T20:36:11.556+0000] {processor.py:186} INFO - Started process (PID=150) to work on /opt/airflow/dags/eod_data_pipeline.py
[2025-05-24T20:36:11.559+0000] {processor.py:914} INFO - Processing file /opt/airflow/dags/eod_data_pipeline.py for tasks to queue
[2025-05-24T20:36:11.565+0000] {logging_mixin.py:190} INFO - [2025-05-24T20:36:11.564+0000] {dagbag.py:588} INFO - Filling up the DagBag from /opt/airflow/dags/eod_data_pipeline.py
[2025-05-24T20:36:11.628+0000] {processor.py:925} INFO - DAG(s) 'fetch_eod_data' retrieved from /opt/airflow/dags/eod_data_pipeline.py
[2025-05-24T20:36:11.677+0000] {logging_mixin.py:190} INFO - [2025-05-24T20:36:11.677+0000] {dag.py:3239} INFO - Sync 1 DAGs
[2025-05-24T20:36:11.733+0000] {logging_mixin.py:190} INFO - [2025-05-24T20:36:11.733+0000] {dag.py:4180} INFO - Setting next_dagrun for fetch_eod_data to 2025-05-23 00:00:00+00:00, run_after=2025-05-24 00:00:00+00:00
[2025-05-24T20:36:11.845+0000] {processor.py:208} INFO - Processing /opt/airflow/dags/eod_data_pipeline.py took 0.304 seconds
[2025-05-24T20:36:42.347+0000] {processor.py:186} INFO - Started process (PID=216) to work on /opt/airflow/dags/eod_data_pipeline.py
[2025-05-24T20:36:42.349+0000] {processor.py:914} INFO - Processing file /opt/airflow/dags/eod_data_pipeline.py for tasks to queue
[2025-05-24T20:36:42.356+0000] {logging_mixin.py:190} INFO - [2025-05-24T20:36:42.355+0000] {dagbag.py:588} INFO - Filling up the DagBag from /opt/airflow/dags/eod_data_pipeline.py
[2025-05-24T20:36:42.417+0000] {processor.py:925} INFO - DAG(s) 'fetch_eod_data' retrieved from /opt/airflow/dags/eod_data_pipeline.py
[2025-05-24T20:36:42.460+0000] {logging_mixin.py:190} INFO - [2025-05-24T20:36:42.460+0000] {dag.py:3239} INFO - Sync 1 DAGs
[2025-05-24T20:36:42.524+0000] {logging_mixin.py:190} INFO - [2025-05-24T20:36:42.523+0000] {dag.py:4180} INFO - Setting next_dagrun for fetch_eod_data to 2025-05-24 00:00:00+00:00, run_after=2025-05-25 00:00:00+00:00
[2025-05-24T20:36:42.572+0000] {processor.py:208} INFO - Processing /opt/airflow/dags/eod_data_pipeline.py took 0.237 seconds
[2025-05-24T20:37:13.143+0000] {processor.py:186} INFO - Started process (PID=282) to work on /opt/airflow/dags/eod_data_pipeline.py
[2025-05-24T20:37:13.145+0000] {processor.py:914} INFO - Processing file /opt/airflow/dags/eod_data_pipeline.py for tasks to queue
[2025-05-24T20:37:13.150+0000] {logging_mixin.py:190} INFO - [2025-05-24T20:37:13.149+0000] {dagbag.py:588} INFO - Filling up the DagBag from /opt/airflow/dags/eod_data_pipeline.py
[2025-05-24T20:37:13.209+0000] {processor.py:925} INFO - DAG(s) 'fetch_eod_data' retrieved from /opt/airflow/dags/eod_data_pipeline.py
[2025-05-24T20:37:13.250+0000] {logging_mixin.py:190} INFO - [2025-05-24T20:37:13.249+0000] {dag.py:3239} INFO - Sync 1 DAGs
[2025-05-24T20:37:13.299+0000] {logging_mixin.py:190} INFO - [2025-05-24T20:37:13.298+0000] {dag.py:4180} INFO - Setting next_dagrun for fetch_eod_data to 2025-05-24 00:00:00+00:00, run_after=2025-05-25 00:00:00+00:00
[2025-05-24T20:37:13.407+0000] {processor.py:208} INFO - Processing /opt/airflow/dags/eod_data_pipeline.py took 0.275 seconds
[2025-05-24T20:37:44.031+0000] {processor.py:186} INFO - Started process (PID=348) to work on /opt/airflow/dags/eod_data_pipeline.py
[2025-05-24T20:37:44.033+0000] {processor.py:914} INFO - Processing file /opt/airflow/dags/eod_data_pipeline.py for tasks to queue
[2025-05-24T20:37:44.038+0000] {logging_mixin.py:190} INFO - [2025-05-24T20:37:44.037+0000] {dagbag.py:588} INFO - Filling up the DagBag from /opt/airflow/dags/eod_data_pipeline.py
[2025-05-24T20:37:44.093+0000] {processor.py:925} INFO - DAG(s) 'fetch_eod_data' retrieved from /opt/airflow/dags/eod_data_pipeline.py
[2025-05-24T20:37:44.135+0000] {logging_mixin.py:190} INFO - [2025-05-24T20:37:44.135+0000] {dag.py:3239} INFO - Sync 1 DAGs
[2025-05-24T20:37:44.191+0000] {logging_mixin.py:190} INFO - [2025-05-24T20:37:44.190+0000] {dag.py:4180} INFO - Setting next_dagrun for fetch_eod_data to 2025-05-24 00:00:00+00:00, run_after=2025-05-25 00:00:00+00:00
[2025-05-24T20:37:44.232+0000] {processor.py:208} INFO - Processing /opt/airflow/dags/eod_data_pipeline.py took 0.212 seconds
[2025-05-24T20:38:14.896+0000] {processor.py:186} INFO - Started process (PID=414) to work on /opt/airflow/dags/eod_data_pipeline.py
[2025-05-24T20:38:14.898+0000] {processor.py:914} INFO - Processing file /opt/airflow/dags/eod_data_pipeline.py for tasks to queue
[2025-05-24T20:38:14.903+0000] {logging_mixin.py:190} INFO - [2025-05-24T20:38:14.902+0000] {dagbag.py:588} INFO - Filling up the DagBag from /opt/airflow/dags/eod_data_pipeline.py
[2025-05-24T20:38:14.962+0000] {processor.py:925} INFO - DAG(s) 'fetch_eod_data' retrieved from /opt/airflow/dags/eod_data_pipeline.py
[2025-05-24T20:38:15.007+0000] {logging_mixin.py:190} INFO - [2025-05-24T20:38:15.006+0000] {dag.py:3239} INFO - Sync 1 DAGs
[2025-05-24T20:38:15.071+0000] {logging_mixin.py:190} INFO - [2025-05-24T20:38:15.070+0000] {dag.py:4180} INFO - Setting next_dagrun for fetch_eod_data to 2025-05-24 00:00:00+00:00, run_after=2025-05-25 00:00:00+00:00
[2025-05-24T20:38:15.121+0000] {processor.py:208} INFO - Processing /opt/airflow/dags/eod_data_pipeline.py took 0.236 seconds
[2025-05-24T20:38:45.820+0000] {processor.py:186} INFO - Started process (PID=480) to work on /opt/airflow/dags/eod_data_pipeline.py
[2025-05-24T20:38:45.822+0000] {processor.py:914} INFO - Processing file /opt/airflow/dags/eod_data_pipeline.py for tasks to queue
[2025-05-24T20:38:45.829+0000] {logging_mixin.py:190} INFO - [2025-05-24T20:38:45.828+0000] {dagbag.py:588} INFO - Filling up the DagBag from /opt/airflow/dags/eod_data_pipeline.py
[2025-05-24T20:38:45.881+0000] {processor.py:925} INFO - DAG(s) 'fetch_eod_data' retrieved from /opt/airflow/dags/eod_data_pipeline.py
[2025-05-24T20:38:45.920+0000] {logging_mixin.py:190} INFO - [2025-05-24T20:38:45.920+0000] {dag.py:3239} INFO - Sync 1 DAGs
[2025-05-24T20:38:45.973+0000] {logging_mixin.py:190} INFO - [2025-05-24T20:38:45.973+0000] {dag.py:4180} INFO - Setting next_dagrun for fetch_eod_data to 2025-05-24 00:00:00+00:00, run_after=2025-05-25 00:00:00+00:00
[2025-05-24T20:38:46.015+0000] {processor.py:208} INFO - Processing /opt/airflow/dags/eod_data_pipeline.py took 0.218 seconds
[2025-05-24T20:39:16.399+0000] {processor.py:186} INFO - Started process (PID=542) to work on /opt/airflow/dags/eod_data_pipeline.py
[2025-05-24T20:39:16.401+0000] {processor.py:914} INFO - Processing file /opt/airflow/dags/eod_data_pipeline.py for tasks to queue
[2025-05-24T20:39:16.406+0000] {logging_mixin.py:190} INFO - [2025-05-24T20:39:16.405+0000] {dagbag.py:588} INFO - Filling up the DagBag from /opt/airflow/dags/eod_data_pipeline.py
[2025-05-24T20:39:16.460+0000] {processor.py:925} INFO - DAG(s) 'fetch_eod_data' retrieved from /opt/airflow/dags/eod_data_pipeline.py
[2025-05-24T20:39:16.500+0000] {logging_mixin.py:190} INFO - [2025-05-24T20:39:16.499+0000] {dag.py:3239} INFO - Sync 1 DAGs
[2025-05-24T20:39:16.551+0000] {logging_mixin.py:190} INFO - [2025-05-24T20:39:16.551+0000] {dag.py:4180} INFO - Setting next_dagrun for fetch_eod_data to 2025-05-24 00:00:00+00:00, run_after=2025-05-25 00:00:00+00:00
[2025-05-24T20:39:16.655+0000] {processor.py:208} INFO - Processing /opt/airflow/dags/eod_data_pipeline.py took 0.267 seconds
[2025-05-24T20:39:48.372+0000] {processor.py:186} INFO - Started process (PID=608) to work on /opt/airflow/dags/eod_data_pipeline.py
[2025-05-24T20:39:48.374+0000] {processor.py:914} INFO - Processing file /opt/airflow/dags/eod_data_pipeline.py for tasks to queue
[2025-05-24T20:39:48.378+0000] {logging_mixin.py:190} INFO - [2025-05-24T20:39:48.377+0000] {dagbag.py:588} INFO - Filling up the DagBag from /opt/airflow/dags/eod_data_pipeline.py
[2025-05-24T20:39:48.434+0000] {processor.py:925} INFO - DAG(s) 'fetch_eod_data' retrieved from /opt/airflow/dags/eod_data_pipeline.py
[2025-05-24T20:39:48.475+0000] {logging_mixin.py:190} INFO - [2025-05-24T20:39:48.474+0000] {dag.py:3239} INFO - Sync 1 DAGs
[2025-05-24T20:39:48.526+0000] {logging_mixin.py:190} INFO - [2025-05-24T20:39:48.525+0000] {dag.py:4180} INFO - Setting next_dagrun for fetch_eod_data to 2025-05-24 00:00:00+00:00, run_after=2025-05-25 00:00:00+00:00
[2025-05-24T20:39:48.631+0000] {processor.py:208} INFO - Processing /opt/airflow/dags/eod_data_pipeline.py took 0.269 seconds
[2025-05-24T20:40:20.359+0000] {processor.py:186} INFO - Started process (PID=674) to work on /opt/airflow/dags/eod_data_pipeline.py
[2025-05-24T20:40:20.361+0000] {processor.py:914} INFO - Processing file /opt/airflow/dags/eod_data_pipeline.py for tasks to queue
[2025-05-24T20:40:20.365+0000] {logging_mixin.py:190} INFO - [2025-05-24T20:40:20.365+0000] {dagbag.py:588} INFO - Filling up the DagBag from /opt/airflow/dags/eod_data_pipeline.py
[2025-05-24T20:40:20.421+0000] {processor.py:925} INFO - DAG(s) 'fetch_eod_data' retrieved from /opt/airflow/dags/eod_data_pipeline.py
[2025-05-24T20:40:20.465+0000] {logging_mixin.py:190} INFO - [2025-05-24T20:40:20.464+0000] {dag.py:3239} INFO - Sync 1 DAGs
[2025-05-24T20:40:20.521+0000] {logging_mixin.py:190} INFO - [2025-05-24T20:40:20.521+0000] {dag.py:4180} INFO - Setting next_dagrun for fetch_eod_data to 2025-05-24 00:00:00+00:00, run_after=2025-05-25 00:00:00+00:00
[2025-05-24T20:40:20.560+0000] {processor.py:208} INFO - Processing /opt/airflow/dags/eod_data_pipeline.py took 0.211 seconds
[2025-05-24T20:40:51.923+0000] {processor.py:186} INFO - Started process (PID=740) to work on /opt/airflow/dags/eod_data_pipeline.py
[2025-05-24T20:40:51.925+0000] {processor.py:914} INFO - Processing file /opt/airflow/dags/eod_data_pipeline.py for tasks to queue
[2025-05-24T20:40:51.930+0000] {logging_mixin.py:190} INFO - [2025-05-24T20:40:51.929+0000] {dagbag.py:588} INFO - Filling up the DagBag from /opt/airflow/dags/eod_data_pipeline.py
[2025-05-24T20:40:51.979+0000] {processor.py:925} INFO - DAG(s) 'fetch_eod_data' retrieved from /opt/airflow/dags/eod_data_pipeline.py
[2025-05-24T20:40:52.022+0000] {logging_mixin.py:190} INFO - [2025-05-24T20:40:52.021+0000] {dag.py:3239} INFO - Sync 1 DAGs
[2025-05-24T20:40:52.071+0000] {logging_mixin.py:190} INFO - [2025-05-24T20:40:52.071+0000] {dag.py:4180} INFO - Setting next_dagrun for fetch_eod_data to 2025-05-24 00:00:00+00:00, run_after=2025-05-25 00:00:00+00:00
[2025-05-24T20:40:52.108+0000] {processor.py:208} INFO - Processing /opt/airflow/dags/eod_data_pipeline.py took 0.196 seconds
[2025-05-24T20:41:23.582+0000] {processor.py:186} INFO - Started process (PID=810) to work on /opt/airflow/dags/eod_data_pipeline.py
[2025-05-24T20:41:23.584+0000] {processor.py:914} INFO - Processing file /opt/airflow/dags/eod_data_pipeline.py for tasks to queue
[2025-05-24T20:41:23.589+0000] {logging_mixin.py:190} INFO - [2025-05-24T20:41:23.589+0000] {dagbag.py:588} INFO - Filling up the DagBag from /opt/airflow/dags/eod_data_pipeline.py
[2025-05-24T20:41:23.646+0000] {processor.py:925} INFO - DAG(s) 'fetch_eod_data' retrieved from /opt/airflow/dags/eod_data_pipeline.py
[2025-05-24T20:41:23.684+0000] {logging_mixin.py:190} INFO - [2025-05-24T20:41:23.683+0000] {dag.py:3239} INFO - Sync 1 DAGs
[2025-05-24T20:41:23.736+0000] {logging_mixin.py:190} INFO - [2025-05-24T20:41:23.736+0000] {dag.py:4180} INFO - Setting next_dagrun for fetch_eod_data to 2025-05-24 00:00:00+00:00, run_after=2025-05-25 00:00:00+00:00
[2025-05-24T20:41:23.779+0000] {processor.py:208} INFO - Processing /opt/airflow/dags/eod_data_pipeline.py took 0.209 seconds
[2025-05-24T20:41:55.349+0000] {processor.py:186} INFO - Started process (PID=876) to work on /opt/airflow/dags/eod_data_pipeline.py
[2025-05-24T20:41:55.352+0000] {processor.py:914} INFO - Processing file /opt/airflow/dags/eod_data_pipeline.py for tasks to queue
[2025-05-24T20:41:55.355+0000] {logging_mixin.py:190} INFO - [2025-05-24T20:41:55.355+0000] {dagbag.py:588} INFO - Filling up the DagBag from /opt/airflow/dags/eod_data_pipeline.py
[2025-05-24T20:41:55.412+0000] {processor.py:925} INFO - DAG(s) 'fetch_eod_data' retrieved from /opt/airflow/dags/eod_data_pipeline.py
[2025-05-24T20:41:55.456+0000] {logging_mixin.py:190} INFO - [2025-05-24T20:41:55.456+0000] {dag.py:3239} INFO - Sync 1 DAGs
[2025-05-24T20:41:55.517+0000] {logging_mixin.py:190} INFO - [2025-05-24T20:41:55.517+0000] {dag.py:4180} INFO - Setting next_dagrun for fetch_eod_data to 2025-05-24 00:00:00+00:00, run_after=2025-05-25 00:00:00+00:00
[2025-05-24T20:41:55.590+0000] {processor.py:208} INFO - Processing /opt/airflow/dags/eod_data_pipeline.py took 0.252 seconds
[2025-05-24T20:42:26.002+0000] {processor.py:186} INFO - Started process (PID=940) to work on /opt/airflow/dags/eod_data_pipeline.py
[2025-05-24T20:42:26.004+0000] {processor.py:914} INFO - Processing file /opt/airflow/dags/eod_data_pipeline.py for tasks to queue
[2025-05-24T20:42:26.010+0000] {logging_mixin.py:190} INFO - [2025-05-24T20:42:26.009+0000] {dagbag.py:588} INFO - Filling up the DagBag from /opt/airflow/dags/eod_data_pipeline.py
[2025-05-24T20:42:26.074+0000] {processor.py:925} INFO - DAG(s) 'fetch_eod_data' retrieved from /opt/airflow/dags/eod_data_pipeline.py
[2025-05-24T20:42:26.116+0000] {logging_mixin.py:190} INFO - [2025-05-24T20:42:26.116+0000] {dag.py:3239} INFO - Sync 1 DAGs
[2025-05-24T20:42:26.169+0000] {logging_mixin.py:190} INFO - [2025-05-24T20:42:26.168+0000] {dag.py:4180} INFO - Setting next_dagrun for fetch_eod_data to 2025-05-24 00:00:00+00:00, run_after=2025-05-25 00:00:00+00:00
[2025-05-24T20:42:26.279+0000] {processor.py:208} INFO - Processing /opt/airflow/dags/eod_data_pipeline.py took 0.292 seconds
[2025-05-24T20:42:57.258+0000] {processor.py:186} INFO - Started process (PID=1006) to work on /opt/airflow/dags/eod_data_pipeline.py
[2025-05-24T20:42:57.260+0000] {processor.py:914} INFO - Processing file /opt/airflow/dags/eod_data_pipeline.py for tasks to queue
[2025-05-24T20:42:57.266+0000] {logging_mixin.py:190} INFO - [2025-05-24T20:42:57.265+0000] {dagbag.py:588} INFO - Filling up the DagBag from /opt/airflow/dags/eod_data_pipeline.py
[2025-05-24T20:42:57.320+0000] {processor.py:925} INFO - DAG(s) 'fetch_eod_data' retrieved from /opt/airflow/dags/eod_data_pipeline.py
[2025-05-24T20:42:57.366+0000] {logging_mixin.py:190} INFO - [2025-05-24T20:42:57.366+0000] {dag.py:3239} INFO - Sync 1 DAGs
[2025-05-24T20:42:57.420+0000] {logging_mixin.py:190} INFO - [2025-05-24T20:42:57.420+0000] {dag.py:4180} INFO - Setting next_dagrun for fetch_eod_data to 2025-05-24 00:00:00+00:00, run_after=2025-05-25 00:00:00+00:00
[2025-05-24T20:42:57.529+0000] {processor.py:208} INFO - Processing /opt/airflow/dags/eod_data_pipeline.py took 0.287 seconds
[2025-05-24T20:43:28.183+0000] {processor.py:186} INFO - Started process (PID=1073) to work on /opt/airflow/dags/eod_data_pipeline.py
[2025-05-24T20:43:28.185+0000] {processor.py:914} INFO - Processing file /opt/airflow/dags/eod_data_pipeline.py for tasks to queue
[2025-05-24T20:43:28.190+0000] {logging_mixin.py:190} INFO - [2025-05-24T20:43:28.189+0000] {dagbag.py:588} INFO - Filling up the DagBag from /opt/airflow/dags/eod_data_pipeline.py
[2025-05-24T20:43:28.250+0000] {processor.py:925} INFO - DAG(s) 'fetch_eod_data' retrieved from /opt/airflow/dags/eod_data_pipeline.py
[2025-05-24T20:43:28.291+0000] {logging_mixin.py:190} INFO - [2025-05-24T20:43:28.291+0000] {dag.py:3239} INFO - Sync 1 DAGs
[2025-05-24T20:43:28.348+0000] {logging_mixin.py:190} INFO - [2025-05-24T20:43:28.348+0000] {dag.py:4180} INFO - Setting next_dagrun for fetch_eod_data to 2025-05-24 00:00:00+00:00, run_after=2025-05-25 00:00:00+00:00
[2025-05-24T20:43:28.412+0000] {processor.py:208} INFO - Processing /opt/airflow/dags/eod_data_pipeline.py took 0.246 seconds
[2025-05-24T20:43:58.942+0000] {processor.py:186} INFO - Started process (PID=1139) to work on /opt/airflow/dags/eod_data_pipeline.py
[2025-05-24T20:43:58.944+0000] {processor.py:914} INFO - Processing file /opt/airflow/dags/eod_data_pipeline.py for tasks to queue
[2025-05-24T20:43:58.949+0000] {logging_mixin.py:190} INFO - [2025-05-24T20:43:58.948+0000] {dagbag.py:588} INFO - Filling up the DagBag from /opt/airflow/dags/eod_data_pipeline.py
[2025-05-24T20:43:59.003+0000] {processor.py:925} INFO - DAG(s) 'fetch_eod_data' retrieved from /opt/airflow/dags/eod_data_pipeline.py
[2025-05-24T20:43:59.048+0000] {logging_mixin.py:190} INFO - [2025-05-24T20:43:59.048+0000] {dag.py:3239} INFO - Sync 1 DAGs
[2025-05-24T20:43:59.105+0000] {logging_mixin.py:190} INFO - [2025-05-24T20:43:59.105+0000] {dag.py:4180} INFO - Setting next_dagrun for fetch_eod_data to 2025-05-24 00:00:00+00:00, run_after=2025-05-25 00:00:00+00:00
[2025-05-24T20:43:59.177+0000] {processor.py:208} INFO - Processing /opt/airflow/dags/eod_data_pipeline.py took 0.249 seconds
[2025-05-24T20:44:29.867+0000] {processor.py:186} INFO - Started process (PID=1205) to work on /opt/airflow/dags/eod_data_pipeline.py
[2025-05-24T20:44:29.870+0000] {processor.py:914} INFO - Processing file /opt/airflow/dags/eod_data_pipeline.py for tasks to queue
[2025-05-24T20:44:29.875+0000] {logging_mixin.py:190} INFO - [2025-05-24T20:44:29.875+0000] {dagbag.py:588} INFO - Filling up the DagBag from /opt/airflow/dags/eod_data_pipeline.py
[2025-05-24T20:44:29.929+0000] {processor.py:925} INFO - DAG(s) 'fetch_eod_data' retrieved from /opt/airflow/dags/eod_data_pipeline.py
[2025-05-24T20:44:29.973+0000] {logging_mixin.py:190} INFO - [2025-05-24T20:44:29.973+0000] {dag.py:3239} INFO - Sync 1 DAGs
[2025-05-24T20:44:30.026+0000] {logging_mixin.py:190} INFO - [2025-05-24T20:44:30.025+0000] {dag.py:4180} INFO - Setting next_dagrun for fetch_eod_data to 2025-05-24 00:00:00+00:00, run_after=2025-05-25 00:00:00+00:00
[2025-05-24T20:44:30.132+0000] {processor.py:208} INFO - Processing /opt/airflow/dags/eod_data_pipeline.py took 0.279 seconds
[2025-05-24T20:45:00.700+0000] {processor.py:186} INFO - Started process (PID=1271) to work on /opt/airflow/dags/eod_data_pipeline.py
[2025-05-24T20:45:00.702+0000] {processor.py:914} INFO - Processing file /opt/airflow/dags/eod_data_pipeline.py for tasks to queue
[2025-05-24T20:45:00.706+0000] {logging_mixin.py:190} INFO - [2025-05-24T20:45:00.705+0000] {dagbag.py:588} INFO - Filling up the DagBag from /opt/airflow/dags/eod_data_pipeline.py
[2025-05-24T20:45:00.757+0000] {processor.py:925} INFO - DAG(s) 'fetch_eod_data' retrieved from /opt/airflow/dags/eod_data_pipeline.py
[2025-05-24T20:45:00.803+0000] {logging_mixin.py:190} INFO - [2025-05-24T20:45:00.803+0000] {dag.py:3239} INFO - Sync 1 DAGs
[2025-05-24T20:45:00.861+0000] {logging_mixin.py:190} INFO - [2025-05-24T20:45:00.861+0000] {dag.py:4180} INFO - Setting next_dagrun for fetch_eod_data to 2025-05-24 00:00:00+00:00, run_after=2025-05-25 00:00:00+00:00
[2025-05-24T20:45:00.903+0000] {processor.py:208} INFO - Processing /opt/airflow/dags/eod_data_pipeline.py took 0.214 seconds
[2025-05-24T20:45:31.579+0000] {processor.py:186} INFO - Started process (PID=1337) to work on /opt/airflow/dags/eod_data_pipeline.py
[2025-05-24T20:45:31.581+0000] {processor.py:914} INFO - Processing file /opt/airflow/dags/eod_data_pipeline.py for tasks to queue
[2025-05-24T20:45:31.587+0000] {logging_mixin.py:190} INFO - [2025-05-24T20:45:31.586+0000] {dagbag.py:588} INFO - Filling up the DagBag from /opt/airflow/dags/eod_data_pipeline.py
[2025-05-24T20:45:31.643+0000] {processor.py:925} INFO - DAG(s) 'fetch_eod_data' retrieved from /opt/airflow/dags/eod_data_pipeline.py
[2025-05-24T20:45:31.688+0000] {logging_mixin.py:190} INFO - [2025-05-24T20:45:31.688+0000] {dag.py:3239} INFO - Sync 1 DAGs
[2025-05-24T20:45:31.746+0000] {logging_mixin.py:190} INFO - [2025-05-24T20:45:31.745+0000] {dag.py:4180} INFO - Setting next_dagrun for fetch_eod_data to 2025-05-24 00:00:00+00:00, run_after=2025-05-25 00:00:00+00:00
[2025-05-24T20:45:31.837+0000] {processor.py:208} INFO - Processing /opt/airflow/dags/eod_data_pipeline.py took 0.270 seconds
[2025-05-24T20:46:02.321+0000] {processor.py:186} INFO - Started process (PID=1403) to work on /opt/airflow/dags/eod_data_pipeline.py
[2025-05-24T20:46:02.324+0000] {processor.py:914} INFO - Processing file /opt/airflow/dags/eod_data_pipeline.py for tasks to queue
[2025-05-24T20:46:02.329+0000] {logging_mixin.py:190} INFO - [2025-05-24T20:46:02.328+0000] {dagbag.py:588} INFO - Filling up the DagBag from /opt/airflow/dags/eod_data_pipeline.py
[2025-05-24T20:46:02.391+0000] {processor.py:925} INFO - DAG(s) 'fetch_eod_data' retrieved from /opt/airflow/dags/eod_data_pipeline.py
[2025-05-24T20:46:02.434+0000] {logging_mixin.py:190} INFO - [2025-05-24T20:46:02.433+0000] {dag.py:3239} INFO - Sync 1 DAGs
[2025-05-24T20:46:02.485+0000] {logging_mixin.py:190} INFO - [2025-05-24T20:46:02.484+0000] {dag.py:4180} INFO - Setting next_dagrun for fetch_eod_data to 2025-05-24 00:00:00+00:00, run_after=2025-05-25 00:00:00+00:00
[2025-05-24T20:46:02.546+0000] {processor.py:208} INFO - Processing /opt/airflow/dags/eod_data_pipeline.py took 0.237 seconds
[2025-05-24T20:46:32.917+0000] {processor.py:186} INFO - Started process (PID=1469) to work on /opt/airflow/dags/eod_data_pipeline.py
[2025-05-24T20:46:32.919+0000] {processor.py:914} INFO - Processing file /opt/airflow/dags/eod_data_pipeline.py for tasks to queue
[2025-05-24T20:46:32.923+0000] {logging_mixin.py:190} INFO - [2025-05-24T20:46:32.923+0000] {dagbag.py:588} INFO - Filling up the DagBag from /opt/airflow/dags/eod_data_pipeline.py
[2025-05-24T20:46:32.979+0000] {processor.py:925} INFO - DAG(s) 'fetch_eod_data' retrieved from /opt/airflow/dags/eod_data_pipeline.py
[2025-05-24T20:46:33.028+0000] {logging_mixin.py:190} INFO - [2025-05-24T20:46:33.028+0000] {dag.py:3239} INFO - Sync 1 DAGs
[2025-05-24T20:46:33.115+0000] {logging_mixin.py:190} INFO - [2025-05-24T20:46:33.115+0000] {dag.py:4180} INFO - Setting next_dagrun for fetch_eod_data to 2025-05-24 00:00:00+00:00, run_after=2025-05-25 00:00:00+00:00
[2025-05-24T20:46:33.183+0000] {processor.py:208} INFO - Processing /opt/airflow/dags/eod_data_pipeline.py took 0.276 seconds
[2025-05-24T20:47:03.331+0000] {processor.py:186} INFO - Started process (PID=1534) to work on /opt/airflow/dags/eod_data_pipeline.py
[2025-05-24T20:47:03.334+0000] {processor.py:914} INFO - Processing file /opt/airflow/dags/eod_data_pipeline.py for tasks to queue
[2025-05-24T20:47:03.339+0000] {logging_mixin.py:190} INFO - [2025-05-24T20:47:03.339+0000] {dagbag.py:588} INFO - Filling up the DagBag from /opt/airflow/dags/eod_data_pipeline.py
[2025-05-24T20:47:03.400+0000] {processor.py:925} INFO - DAG(s) 'fetch_eod_data' retrieved from /opt/airflow/dags/eod_data_pipeline.py
[2025-05-24T20:47:03.443+0000] {logging_mixin.py:190} INFO - [2025-05-24T20:47:03.442+0000] {dag.py:3239} INFO - Sync 1 DAGs
[2025-05-24T20:47:03.494+0000] {logging_mixin.py:190} INFO - [2025-05-24T20:47:03.494+0000] {dag.py:4180} INFO - Setting next_dagrun for fetch_eod_data to 2025-05-24 00:00:00+00:00, run_after=2025-05-25 00:00:00+00:00
[2025-05-24T20:47:03.605+0000] {processor.py:208} INFO - Processing /opt/airflow/dags/eod_data_pipeline.py took 0.287 seconds
[2025-05-24T20:47:33.811+0000] {processor.py:186} INFO - Started process (PID=1600) to work on /opt/airflow/dags/eod_data_pipeline.py
[2025-05-24T20:47:33.813+0000] {processor.py:914} INFO - Processing file /opt/airflow/dags/eod_data_pipeline.py for tasks to queue
[2025-05-24T20:47:33.818+0000] {logging_mixin.py:190} INFO - [2025-05-24T20:47:33.817+0000] {dagbag.py:588} INFO - Filling up the DagBag from /opt/airflow/dags/eod_data_pipeline.py
[2025-05-24T20:47:33.875+0000] {processor.py:925} INFO - DAG(s) 'fetch_eod_data' retrieved from /opt/airflow/dags/eod_data_pipeline.py
[2025-05-24T20:47:33.913+0000] {logging_mixin.py:190} INFO - [2025-05-24T20:47:33.912+0000] {dag.py:3239} INFO - Sync 1 DAGs
[2025-05-24T20:47:33.961+0000] {logging_mixin.py:190} INFO - [2025-05-24T20:47:33.960+0000] {dag.py:4180} INFO - Setting next_dagrun for fetch_eod_data to 2025-05-24 00:00:00+00:00, run_after=2025-05-25 00:00:00+00:00
[2025-05-24T20:47:34.070+0000] {processor.py:208} INFO - Processing /opt/airflow/dags/eod_data_pipeline.py took 0.270 seconds
[2025-05-24T20:48:04.176+0000] {processor.py:186} INFO - Started process (PID=1666) to work on /opt/airflow/dags/eod_data_pipeline.py
[2025-05-24T20:48:04.178+0000] {processor.py:914} INFO - Processing file /opt/airflow/dags/eod_data_pipeline.py for tasks to queue
[2025-05-24T20:48:04.181+0000] {logging_mixin.py:190} INFO - [2025-05-24T20:48:04.181+0000] {dagbag.py:588} INFO - Filling up the DagBag from /opt/airflow/dags/eod_data_pipeline.py
[2025-05-24T20:48:04.238+0000] {processor.py:925} INFO - DAG(s) 'fetch_eod_data' retrieved from /opt/airflow/dags/eod_data_pipeline.py
[2025-05-24T20:48:04.277+0000] {logging_mixin.py:190} INFO - [2025-05-24T20:48:04.276+0000] {dag.py:3239} INFO - Sync 1 DAGs
[2025-05-24T20:48:04.326+0000] {logging_mixin.py:190} INFO - [2025-05-24T20:48:04.326+0000] {dag.py:4180} INFO - Setting next_dagrun for fetch_eod_data to 2025-05-24 00:00:00+00:00, run_after=2025-05-25 00:00:00+00:00
[2025-05-24T20:48:04.430+0000] {processor.py:208} INFO - Processing /opt/airflow/dags/eod_data_pipeline.py took 0.266 seconds
[2025-05-24T20:48:34.823+0000] {processor.py:186} INFO - Started process (PID=1732) to work on /opt/airflow/dags/eod_data_pipeline.py
[2025-05-24T20:48:34.825+0000] {processor.py:914} INFO - Processing file /opt/airflow/dags/eod_data_pipeline.py for tasks to queue
[2025-05-24T20:48:34.831+0000] {logging_mixin.py:190} INFO - [2025-05-24T20:48:34.830+0000] {dagbag.py:588} INFO - Filling up the DagBag from /opt/airflow/dags/eod_data_pipeline.py
[2025-05-24T20:48:34.887+0000] {processor.py:925} INFO - DAG(s) 'fetch_eod_data' retrieved from /opt/airflow/dags/eod_data_pipeline.py
[2025-05-24T20:48:34.927+0000] {logging_mixin.py:190} INFO - [2025-05-24T20:48:34.927+0000] {dag.py:3239} INFO - Sync 1 DAGs
[2025-05-24T20:48:34.978+0000] {logging_mixin.py:190} INFO - [2025-05-24T20:48:34.978+0000] {dag.py:4180} INFO - Setting next_dagrun for fetch_eod_data to 2025-05-24 00:00:00+00:00, run_after=2025-05-25 00:00:00+00:00
[2025-05-24T20:48:35.082+0000] {processor.py:208} INFO - Processing /opt/airflow/dags/eod_data_pipeline.py took 0.270 seconds
[2025-05-24T20:49:05.514+0000] {processor.py:186} INFO - Started process (PID=1797) to work on /opt/airflow/dags/eod_data_pipeline.py
[2025-05-24T20:49:05.516+0000] {processor.py:914} INFO - Processing file /opt/airflow/dags/eod_data_pipeline.py for tasks to queue
[2025-05-24T20:49:05.522+0000] {logging_mixin.py:190} INFO - [2025-05-24T20:49:05.521+0000] {dagbag.py:588} INFO - Filling up the DagBag from /opt/airflow/dags/eod_data_pipeline.py
[2025-05-24T20:49:05.583+0000] {processor.py:925} INFO - DAG(s) 'fetch_eod_data' retrieved from /opt/airflow/dags/eod_data_pipeline.py
[2025-05-24T20:49:05.622+0000] {logging_mixin.py:190} INFO - [2025-05-24T20:49:05.621+0000] {dag.py:3239} INFO - Sync 1 DAGs
[2025-05-24T20:49:05.672+0000] {logging_mixin.py:190} INFO - [2025-05-24T20:49:05.671+0000] {dag.py:4180} INFO - Setting next_dagrun for fetch_eod_data to 2025-05-24 00:00:00+00:00, run_after=2025-05-25 00:00:00+00:00
[2025-05-24T20:49:05.781+0000] {processor.py:208} INFO - Processing /opt/airflow/dags/eod_data_pipeline.py took 0.278 seconds
[2025-05-24T20:49:36.664+0000] {processor.py:186} INFO - Started process (PID=1863) to work on /opt/airflow/dags/eod_data_pipeline.py
[2025-05-24T20:49:36.666+0000] {processor.py:914} INFO - Processing file /opt/airflow/dags/eod_data_pipeline.py for tasks to queue
[2025-05-24T20:49:36.674+0000] {logging_mixin.py:190} INFO - [2025-05-24T20:49:36.673+0000] {dagbag.py:588} INFO - Filling up the DagBag from /opt/airflow/dags/eod_data_pipeline.py
[2025-05-24T20:49:36.724+0000] {processor.py:925} INFO - DAG(s) 'fetch_eod_data' retrieved from /opt/airflow/dags/eod_data_pipeline.py
[2025-05-24T20:49:36.765+0000] {logging_mixin.py:190} INFO - [2025-05-24T20:49:36.765+0000] {dag.py:3239} INFO - Sync 1 DAGs
[2025-05-24T20:49:36.828+0000] {logging_mixin.py:190} INFO - [2025-05-24T20:49:36.827+0000] {dag.py:4180} INFO - Setting next_dagrun for fetch_eod_data to 2025-05-24 00:00:00+00:00, run_after=2025-05-25 00:00:00+00:00
[2025-05-24T20:49:36.907+0000] {processor.py:208} INFO - Processing /opt/airflow/dags/eod_data_pipeline.py took 0.255 seconds
[2025-05-24T20:50:07.159+0000] {processor.py:186} INFO - Started process (PID=1929) to work on /opt/airflow/dags/eod_data_pipeline.py
[2025-05-24T20:50:07.161+0000] {processor.py:914} INFO - Processing file /opt/airflow/dags/eod_data_pipeline.py for tasks to queue
[2025-05-24T20:50:07.170+0000] {logging_mixin.py:190} INFO - [2025-05-24T20:50:07.169+0000] {dagbag.py:588} INFO - Filling up the DagBag from /opt/airflow/dags/eod_data_pipeline.py
[2025-05-24T20:50:07.235+0000] {processor.py:925} INFO - DAG(s) 'fetch_eod_data' retrieved from /opt/airflow/dags/eod_data_pipeline.py
[2025-05-24T20:50:07.293+0000] {logging_mixin.py:190} INFO - [2025-05-24T20:50:07.292+0000] {dag.py:3239} INFO - Sync 1 DAGs
[2025-05-24T20:50:07.363+0000] {logging_mixin.py:190} INFO - [2025-05-24T20:50:07.362+0000] {dag.py:4180} INFO - Setting next_dagrun for fetch_eod_data to 2025-05-24 00:00:00+00:00, run_after=2025-05-25 00:00:00+00:00
[2025-05-24T20:50:07.410+0000] {processor.py:208} INFO - Processing /opt/airflow/dags/eod_data_pipeline.py took 0.265 seconds
[2025-05-24T20:50:37.580+0000] {processor.py:186} INFO - Started process (PID=1996) to work on /opt/airflow/dags/eod_data_pipeline.py
[2025-05-24T20:50:37.581+0000] {processor.py:914} INFO - Processing file /opt/airflow/dags/eod_data_pipeline.py for tasks to queue
[2025-05-24T20:50:37.587+0000] {logging_mixin.py:190} INFO - [2025-05-24T20:50:37.587+0000] {dagbag.py:588} INFO - Filling up the DagBag from /opt/airflow/dags/eod_data_pipeline.py
[2025-05-24T20:50:37.641+0000] {processor.py:925} INFO - DAG(s) 'fetch_eod_data' retrieved from /opt/airflow/dags/eod_data_pipeline.py
[2025-05-24T20:50:37.684+0000] {logging_mixin.py:190} INFO - [2025-05-24T20:50:37.683+0000] {dag.py:3239} INFO - Sync 1 DAGs
[2025-05-24T20:50:37.748+0000] {logging_mixin.py:190} INFO - [2025-05-24T20:50:37.747+0000] {dag.py:4180} INFO - Setting next_dagrun for fetch_eod_data to 2025-05-24 00:00:00+00:00, run_after=2025-05-25 00:00:00+00:00
[2025-05-24T20:50:37.789+0000] {processor.py:208} INFO - Processing /opt/airflow/dags/eod_data_pipeline.py took 0.221 seconds
[2025-05-24T20:51:08.136+0000] {processor.py:186} INFO - Started process (PID=2062) to work on /opt/airflow/dags/eod_data_pipeline.py
[2025-05-24T20:51:08.138+0000] {processor.py:914} INFO - Processing file /opt/airflow/dags/eod_data_pipeline.py for tasks to queue
[2025-05-24T20:51:08.145+0000] {logging_mixin.py:190} INFO - [2025-05-24T20:51:08.144+0000] {dagbag.py:588} INFO - Filling up the DagBag from /opt/airflow/dags/eod_data_pipeline.py
[2025-05-24T20:51:08.196+0000] {processor.py:925} INFO - DAG(s) 'fetch_eod_data' retrieved from /opt/airflow/dags/eod_data_pipeline.py
[2025-05-24T20:51:08.237+0000] {logging_mixin.py:190} INFO - [2025-05-24T20:51:08.236+0000] {dag.py:3239} INFO - Sync 1 DAGs
[2025-05-24T20:51:08.298+0000] {logging_mixin.py:190} INFO - [2025-05-24T20:51:08.298+0000] {dag.py:4180} INFO - Setting next_dagrun for fetch_eod_data to 2025-05-24 00:00:00+00:00, run_after=2025-05-25 00:00:00+00:00
[2025-05-24T20:51:08.413+0000] {processor.py:208} INFO - Processing /opt/airflow/dags/eod_data_pipeline.py took 0.291 seconds
[2025-05-24T20:51:39.220+0000] {processor.py:186} INFO - Started process (PID=2128) to work on /opt/airflow/dags/eod_data_pipeline.py
[2025-05-24T20:51:39.223+0000] {processor.py:914} INFO - Processing file /opt/airflow/dags/eod_data_pipeline.py for tasks to queue
[2025-05-24T20:51:39.231+0000] {logging_mixin.py:190} INFO - [2025-05-24T20:51:39.230+0000] {dagbag.py:588} INFO - Filling up the DagBag from /opt/airflow/dags/eod_data_pipeline.py
[2025-05-24T20:51:39.286+0000] {processor.py:925} INFO - DAG(s) 'fetch_eod_data' retrieved from /opt/airflow/dags/eod_data_pipeline.py
[2025-05-24T20:51:39.328+0000] {logging_mixin.py:190} INFO - [2025-05-24T20:51:39.327+0000] {dag.py:3239} INFO - Sync 1 DAGs
[2025-05-24T20:51:39.402+0000] {logging_mixin.py:190} INFO - [2025-05-24T20:51:39.401+0000] {dag.py:4180} INFO - Setting next_dagrun for fetch_eod_data to 2025-05-24 00:00:00+00:00, run_after=2025-05-25 00:00:00+00:00
[2025-05-24T20:51:39.495+0000] {processor.py:208} INFO - Processing /opt/airflow/dags/eod_data_pipeline.py took 0.288 seconds
[2025-05-24T20:52:10.095+0000] {processor.py:186} INFO - Started process (PID=2194) to work on /opt/airflow/dags/eod_data_pipeline.py
[2025-05-24T20:52:10.097+0000] {processor.py:914} INFO - Processing file /opt/airflow/dags/eod_data_pipeline.py for tasks to queue
[2025-05-24T20:52:10.102+0000] {logging_mixin.py:190} INFO - [2025-05-24T20:52:10.101+0000] {dagbag.py:588} INFO - Filling up the DagBag from /opt/airflow/dags/eod_data_pipeline.py
[2025-05-24T20:52:10.160+0000] {processor.py:925} INFO - DAG(s) 'fetch_eod_data' retrieved from /opt/airflow/dags/eod_data_pipeline.py
[2025-05-24T20:52:10.200+0000] {logging_mixin.py:190} INFO - [2025-05-24T20:52:10.199+0000] {dag.py:3239} INFO - Sync 1 DAGs
[2025-05-24T20:52:10.249+0000] {logging_mixin.py:190} INFO - [2025-05-24T20:52:10.249+0000] {dag.py:4180} INFO - Setting next_dagrun for fetch_eod_data to 2025-05-24 00:00:00+00:00, run_after=2025-05-25 00:00:00+00:00
[2025-05-24T20:52:10.356+0000] {processor.py:208} INFO - Processing /opt/airflow/dags/eod_data_pipeline.py took 0.274 seconds
