[2025-05-24T20:03:50.258+0000] {processor.py:186} INFO - Started process (PID=82) to work on /opt/airflow/dags/postgres_to_duckdb.py
[2025-05-24T20:03:50.262+0000] {processor.py:914} INFO - Processing file /opt/airflow/dags/postgres_to_duckdb.py for tasks to queue
[2025-05-24T20:03:50.281+0000] {logging_mixin.py:190} INFO - [2025-05-24T20:03:50.280+0000] {dagbag.py:588} INFO - Filling up the DagBag from /opt/airflow/dags/postgres_to_duckdb.py
[2025-05-24T20:03:50.555+0000] {processor.py:925} INFO - DAG(s) 'postgres_to_duckdb' retrieved from /opt/airflow/dags/postgres_to_duckdb.py
[2025-05-24T20:03:50.635+0000] {logging_mixin.py:190} INFO - [2025-05-24T20:03:50.634+0000] {dag.py:3239} INFO - Sync 1 DAGs
[2025-05-24T20:03:50.688+0000] {logging_mixin.py:190} INFO - [2025-05-24T20:03:50.687+0000] {dag.py:4180} INFO - Setting next_dagrun for postgres_to_duckdb to None, run_after=None
[2025-05-24T20:03:50.740+0000] {processor.py:208} INFO - Processing /opt/airflow/dags/postgres_to_duckdb.py took 0.504 seconds
[2025-05-24T20:04:20.978+0000] {processor.py:186} INFO - Started process (PID=148) to work on /opt/airflow/dags/postgres_to_duckdb.py
[2025-05-24T20:04:20.982+0000] {processor.py:914} INFO - Processing file /opt/airflow/dags/postgres_to_duckdb.py for tasks to queue
[2025-05-24T20:04:20.988+0000] {logging_mixin.py:190} INFO - [2025-05-24T20:04:20.987+0000] {dagbag.py:588} INFO - Filling up the DagBag from /opt/airflow/dags/postgres_to_duckdb.py
[2025-05-24T20:04:21.100+0000] {processor.py:925} INFO - DAG(s) 'postgres_to_duckdb' retrieved from /opt/airflow/dags/postgres_to_duckdb.py
[2025-05-24T20:04:21.139+0000] {logging_mixin.py:190} INFO - [2025-05-24T20:04:21.138+0000] {dag.py:3239} INFO - Sync 1 DAGs
[2025-05-24T20:04:21.180+0000] {logging_mixin.py:190} INFO - [2025-05-24T20:04:21.180+0000] {dag.py:4180} INFO - Setting next_dagrun for postgres_to_duckdb to None, run_after=None
[2025-05-24T20:04:21.264+0000] {processor.py:208} INFO - Processing /opt/airflow/dags/postgres_to_duckdb.py took 0.310 seconds
[2025-05-24T20:04:51.867+0000] {processor.py:186} INFO - Started process (PID=214) to work on /opt/airflow/dags/postgres_to_duckdb.py
[2025-05-24T20:04:51.869+0000] {processor.py:914} INFO - Processing file /opt/airflow/dags/postgres_to_duckdb.py for tasks to queue
[2025-05-24T20:04:51.873+0000] {logging_mixin.py:190} INFO - [2025-05-24T20:04:51.873+0000] {dagbag.py:588} INFO - Filling up the DagBag from /opt/airflow/dags/postgres_to_duckdb.py
[2025-05-24T20:04:51.986+0000] {processor.py:925} INFO - DAG(s) 'postgres_to_duckdb' retrieved from /opt/airflow/dags/postgres_to_duckdb.py
[2025-05-24T20:04:52.036+0000] {logging_mixin.py:190} INFO - [2025-05-24T20:04:52.036+0000] {dag.py:3239} INFO - Sync 1 DAGs
[2025-05-24T20:04:52.097+0000] {logging_mixin.py:190} INFO - [2025-05-24T20:04:52.096+0000] {dag.py:4180} INFO - Setting next_dagrun for postgres_to_duckdb to None, run_after=None
[2025-05-24T20:04:52.157+0000] {processor.py:208} INFO - Processing /opt/airflow/dags/postgres_to_duckdb.py took 0.302 seconds
[2025-05-24T20:05:22.437+0000] {processor.py:186} INFO - Started process (PID=280) to work on /opt/airflow/dags/postgres_to_duckdb.py
[2025-05-24T20:05:22.440+0000] {processor.py:914} INFO - Processing file /opt/airflow/dags/postgres_to_duckdb.py for tasks to queue
[2025-05-24T20:05:22.447+0000] {logging_mixin.py:190} INFO - [2025-05-24T20:05:22.446+0000] {dagbag.py:588} INFO - Filling up the DagBag from /opt/airflow/dags/postgres_to_duckdb.py
[2025-05-24T20:05:22.586+0000] {processor.py:925} INFO - DAG(s) 'postgres_to_duckdb' retrieved from /opt/airflow/dags/postgres_to_duckdb.py
[2025-05-24T20:05:22.646+0000] {logging_mixin.py:190} INFO - [2025-05-24T20:05:22.645+0000] {dag.py:3239} INFO - Sync 1 DAGs
[2025-05-24T20:05:22.695+0000] {logging_mixin.py:190} INFO - [2025-05-24T20:05:22.694+0000] {dag.py:4180} INFO - Setting next_dagrun for postgres_to_duckdb to None, run_after=None
[2025-05-24T20:05:22.762+0000] {processor.py:208} INFO - Processing /opt/airflow/dags/postgres_to_duckdb.py took 0.344 seconds
[2025-05-24T20:05:53.416+0000] {processor.py:186} INFO - Started process (PID=346) to work on /opt/airflow/dags/postgres_to_duckdb.py
[2025-05-24T20:05:53.419+0000] {processor.py:914} INFO - Processing file /opt/airflow/dags/postgres_to_duckdb.py for tasks to queue
[2025-05-24T20:05:53.427+0000] {logging_mixin.py:190} INFO - [2025-05-24T20:05:53.426+0000] {dagbag.py:588} INFO - Filling up the DagBag from /opt/airflow/dags/postgres_to_duckdb.py
[2025-05-24T20:05:53.539+0000] {processor.py:925} INFO - DAG(s) 'postgres_to_duckdb' retrieved from /opt/airflow/dags/postgres_to_duckdb.py
[2025-05-24T20:05:53.581+0000] {logging_mixin.py:190} INFO - [2025-05-24T20:05:53.580+0000] {dag.py:3239} INFO - Sync 1 DAGs
[2025-05-24T20:05:53.626+0000] {logging_mixin.py:190} INFO - [2025-05-24T20:05:53.626+0000] {dag.py:4180} INFO - Setting next_dagrun for postgres_to_duckdb to None, run_after=None
[2025-05-24T20:05:53.708+0000] {processor.py:208} INFO - Processing /opt/airflow/dags/postgres_to_duckdb.py took 0.312 seconds
[2025-05-24T20:06:23.925+0000] {processor.py:186} INFO - Started process (PID=412) to work on /opt/airflow/dags/postgres_to_duckdb.py
[2025-05-24T20:06:23.928+0000] {processor.py:914} INFO - Processing file /opt/airflow/dags/postgres_to_duckdb.py for tasks to queue
[2025-05-24T20:06:23.933+0000] {logging_mixin.py:190} INFO - [2025-05-24T20:06:23.932+0000] {dagbag.py:588} INFO - Filling up the DagBag from /opt/airflow/dags/postgres_to_duckdb.py
[2025-05-24T20:06:24.061+0000] {processor.py:925} INFO - DAG(s) 'postgres_to_duckdb' retrieved from /opt/airflow/dags/postgres_to_duckdb.py
[2025-05-24T20:06:24.106+0000] {logging_mixin.py:190} INFO - [2025-05-24T20:06:24.106+0000] {dag.py:3239} INFO - Sync 1 DAGs
[2025-05-24T20:06:24.143+0000] {logging_mixin.py:190} INFO - [2025-05-24T20:06:24.142+0000] {dag.py:4180} INFO - Setting next_dagrun for postgres_to_duckdb to None, run_after=None
[2025-05-24T20:06:24.229+0000] {processor.py:208} INFO - Processing /opt/airflow/dags/postgres_to_duckdb.py took 0.320 seconds
[2025-05-24T20:06:54.602+0000] {processor.py:186} INFO - Started process (PID=478) to work on /opt/airflow/dags/postgres_to_duckdb.py
[2025-05-24T20:06:54.605+0000] {processor.py:914} INFO - Processing file /opt/airflow/dags/postgres_to_duckdb.py for tasks to queue
[2025-05-24T20:06:54.610+0000] {logging_mixin.py:190} INFO - [2025-05-24T20:06:54.610+0000] {dagbag.py:588} INFO - Filling up the DagBag from /opt/airflow/dags/postgres_to_duckdb.py
[2025-05-24T20:06:54.754+0000] {processor.py:925} INFO - DAG(s) 'postgres_to_duckdb' retrieved from /opt/airflow/dags/postgres_to_duckdb.py
[2025-05-24T20:06:54.805+0000] {logging_mixin.py:190} INFO - [2025-05-24T20:06:54.804+0000] {dag.py:3239} INFO - Sync 1 DAGs
[2025-05-24T20:06:54.863+0000] {logging_mixin.py:190} INFO - [2025-05-24T20:06:54.862+0000] {dag.py:4180} INFO - Setting next_dagrun for postgres_to_duckdb to None, run_after=None
[2025-05-24T20:06:54.921+0000] {processor.py:208} INFO - Processing /opt/airflow/dags/postgres_to_duckdb.py took 0.335 seconds
[2025-05-24T20:07:25.567+0000] {processor.py:186} INFO - Started process (PID=544) to work on /opt/airflow/dags/postgres_to_duckdb.py
[2025-05-24T20:07:25.569+0000] {processor.py:914} INFO - Processing file /opt/airflow/dags/postgres_to_duckdb.py for tasks to queue
[2025-05-24T20:07:25.575+0000] {logging_mixin.py:190} INFO - [2025-05-24T20:07:25.574+0000] {dagbag.py:588} INFO - Filling up the DagBag from /opt/airflow/dags/postgres_to_duckdb.py
[2025-05-24T20:07:25.689+0000] {processor.py:925} INFO - DAG(s) 'postgres_to_duckdb' retrieved from /opt/airflow/dags/postgres_to_duckdb.py
[2025-05-24T20:07:25.731+0000] {logging_mixin.py:190} INFO - [2025-05-24T20:07:25.731+0000] {dag.py:3239} INFO - Sync 1 DAGs
[2025-05-24T20:07:25.768+0000] {logging_mixin.py:190} INFO - [2025-05-24T20:07:25.767+0000] {dag.py:4180} INFO - Setting next_dagrun for postgres_to_duckdb to None, run_after=None
[2025-05-24T20:07:25.809+0000] {processor.py:208} INFO - Processing /opt/airflow/dags/postgres_to_duckdb.py took 0.255 seconds
[2025-05-24T20:07:56.164+0000] {processor.py:186} INFO - Started process (PID=610) to work on /opt/airflow/dags/postgres_to_duckdb.py
[2025-05-24T20:07:56.166+0000] {processor.py:914} INFO - Processing file /opt/airflow/dags/postgres_to_duckdb.py for tasks to queue
[2025-05-24T20:07:56.172+0000] {logging_mixin.py:190} INFO - [2025-05-24T20:07:56.171+0000] {dagbag.py:588} INFO - Filling up the DagBag from /opt/airflow/dags/postgres_to_duckdb.py
[2025-05-24T20:07:56.282+0000] {processor.py:925} INFO - DAG(s) 'postgres_to_duckdb' retrieved from /opt/airflow/dags/postgres_to_duckdb.py
[2025-05-24T20:07:56.323+0000] {logging_mixin.py:190} INFO - [2025-05-24T20:07:56.323+0000] {dag.py:3239} INFO - Sync 1 DAGs
[2025-05-24T20:07:56.359+0000] {logging_mixin.py:190} INFO - [2025-05-24T20:07:56.359+0000] {dag.py:4180} INFO - Setting next_dagrun for postgres_to_duckdb to None, run_after=None
[2025-05-24T20:07:56.445+0000] {processor.py:208} INFO - Processing /opt/airflow/dags/postgres_to_duckdb.py took 0.293 seconds
[2025-05-24T20:08:27.124+0000] {processor.py:186} INFO - Started process (PID=677) to work on /opt/airflow/dags/postgres_to_duckdb.py
[2025-05-24T20:08:27.127+0000] {processor.py:914} INFO - Processing file /opt/airflow/dags/postgres_to_duckdb.py for tasks to queue
[2025-05-24T20:08:27.133+0000] {logging_mixin.py:190} INFO - [2025-05-24T20:08:27.132+0000] {dagbag.py:588} INFO - Filling up the DagBag from /opt/airflow/dags/postgres_to_duckdb.py
[2025-05-24T20:08:27.259+0000] {processor.py:925} INFO - DAG(s) 'postgres_to_duckdb' retrieved from /opt/airflow/dags/postgres_to_duckdb.py
[2025-05-24T20:08:27.303+0000] {logging_mixin.py:190} INFO - [2025-05-24T20:08:27.302+0000] {dag.py:3239} INFO - Sync 1 DAGs
[2025-05-24T20:08:27.346+0000] {logging_mixin.py:190} INFO - [2025-05-24T20:08:27.346+0000] {dag.py:4180} INFO - Setting next_dagrun for postgres_to_duckdb to None, run_after=None
[2025-05-24T20:08:27.394+0000] {processor.py:208} INFO - Processing /opt/airflow/dags/postgres_to_duckdb.py took 0.283 seconds
[2025-05-24T20:08:58.249+0000] {processor.py:186} INFO - Started process (PID=743) to work on /opt/airflow/dags/postgres_to_duckdb.py
[2025-05-24T20:08:58.252+0000] {processor.py:914} INFO - Processing file /opt/airflow/dags/postgres_to_duckdb.py for tasks to queue
[2025-05-24T20:08:58.257+0000] {logging_mixin.py:190} INFO - [2025-05-24T20:08:58.256+0000] {dagbag.py:588} INFO - Filling up the DagBag from /opt/airflow/dags/postgres_to_duckdb.py
[2025-05-24T20:08:58.378+0000] {processor.py:925} INFO - DAG(s) 'postgres_to_duckdb' retrieved from /opt/airflow/dags/postgres_to_duckdb.py
[2025-05-24T20:08:58.468+0000] {logging_mixin.py:190} INFO - [2025-05-24T20:08:58.467+0000] {dag.py:3239} INFO - Sync 1 DAGs
[2025-05-24T20:08:58.524+0000] {logging_mixin.py:190} INFO - [2025-05-24T20:08:58.523+0000] {dag.py:4180} INFO - Setting next_dagrun for postgres_to_duckdb to None, run_after=None
[2025-05-24T20:08:58.575+0000] {processor.py:208} INFO - Processing /opt/airflow/dags/postgres_to_duckdb.py took 0.345 seconds
[2025-05-24T20:09:29.168+0000] {processor.py:186} INFO - Started process (PID=809) to work on /opt/airflow/dags/postgres_to_duckdb.py
[2025-05-24T20:09:29.170+0000] {processor.py:914} INFO - Processing file /opt/airflow/dags/postgres_to_duckdb.py for tasks to queue
[2025-05-24T20:09:29.175+0000] {logging_mixin.py:190} INFO - [2025-05-24T20:09:29.174+0000] {dagbag.py:588} INFO - Filling up the DagBag from /opt/airflow/dags/postgres_to_duckdb.py
[2025-05-24T20:09:29.302+0000] {processor.py:925} INFO - DAG(s) 'postgres_to_duckdb' retrieved from /opt/airflow/dags/postgres_to_duckdb.py
[2025-05-24T20:09:29.346+0000] {logging_mixin.py:190} INFO - [2025-05-24T20:09:29.346+0000] {dag.py:3239} INFO - Sync 1 DAGs
[2025-05-24T20:09:29.386+0000] {logging_mixin.py:190} INFO - [2025-05-24T20:09:29.385+0000] {dag.py:4180} INFO - Setting next_dagrun for postgres_to_duckdb to None, run_after=None
[2025-05-24T20:09:29.432+0000] {processor.py:208} INFO - Processing /opt/airflow/dags/postgres_to_duckdb.py took 0.278 seconds
[2025-05-24T20:09:59.666+0000] {processor.py:186} INFO - Started process (PID=876) to work on /opt/airflow/dags/postgres_to_duckdb.py
[2025-05-24T20:09:59.668+0000] {processor.py:914} INFO - Processing file /opt/airflow/dags/postgres_to_duckdb.py for tasks to queue
[2025-05-24T20:09:59.673+0000] {logging_mixin.py:190} INFO - [2025-05-24T20:09:59.672+0000] {dagbag.py:588} INFO - Filling up the DagBag from /opt/airflow/dags/postgres_to_duckdb.py
[2025-05-24T20:09:59.769+0000] {processor.py:925} INFO - DAG(s) 'postgres_to_duckdb' retrieved from /opt/airflow/dags/postgres_to_duckdb.py
[2025-05-24T20:09:59.809+0000] {logging_mixin.py:190} INFO - [2025-05-24T20:09:59.808+0000] {dag.py:3239} INFO - Sync 1 DAGs
[2025-05-24T20:09:59.839+0000] {logging_mixin.py:190} INFO - [2025-05-24T20:09:59.839+0000] {dag.py:4180} INFO - Setting next_dagrun for postgres_to_duckdb to None, run_after=None
[2025-05-24T20:09:59.920+0000] {processor.py:208} INFO - Processing /opt/airflow/dags/postgres_to_duckdb.py took 0.266 seconds
[2025-05-24T20:10:31.831+0000] {processor.py:186} INFO - Started process (PID=948) to work on /opt/airflow/dags/postgres_to_duckdb.py
[2025-05-24T20:10:31.833+0000] {processor.py:914} INFO - Processing file /opt/airflow/dags/postgres_to_duckdb.py for tasks to queue
[2025-05-24T20:10:31.838+0000] {logging_mixin.py:190} INFO - [2025-05-24T20:10:31.837+0000] {dagbag.py:588} INFO - Filling up the DagBag from /opt/airflow/dags/postgres_to_duckdb.py
[2025-05-24T20:10:31.961+0000] {processor.py:925} INFO - DAG(s) 'postgres_to_duckdb' retrieved from /opt/airflow/dags/postgres_to_duckdb.py
[2025-05-24T20:10:32.009+0000] {logging_mixin.py:190} INFO - [2025-05-24T20:10:32.008+0000] {dag.py:3239} INFO - Sync 1 DAGs
[2025-05-24T20:10:32.045+0000] {logging_mixin.py:190} INFO - [2025-05-24T20:10:32.044+0000] {dag.py:4180} INFO - Setting next_dagrun for postgres_to_duckdb to None, run_after=None
[2025-05-24T20:10:32.121+0000] {processor.py:208} INFO - Processing /opt/airflow/dags/postgres_to_duckdb.py took 0.304 seconds
[2025-05-24T20:11:02.281+0000] {processor.py:186} INFO - Started process (PID=1012) to work on /opt/airflow/dags/postgres_to_duckdb.py
[2025-05-24T20:11:02.284+0000] {processor.py:914} INFO - Processing file /opt/airflow/dags/postgres_to_duckdb.py for tasks to queue
[2025-05-24T20:11:02.289+0000] {logging_mixin.py:190} INFO - [2025-05-24T20:11:02.288+0000] {dagbag.py:588} INFO - Filling up the DagBag from /opt/airflow/dags/postgres_to_duckdb.py
[2025-05-24T20:11:02.437+0000] {processor.py:925} INFO - DAG(s) 'postgres_to_duckdb' retrieved from /opt/airflow/dags/postgres_to_duckdb.py
[2025-05-24T20:11:02.488+0000] {logging_mixin.py:190} INFO - [2025-05-24T20:11:02.487+0000] {dag.py:3239} INFO - Sync 1 DAGs
[2025-05-24T20:11:02.536+0000] {logging_mixin.py:190} INFO - [2025-05-24T20:11:02.535+0000] {dag.py:4180} INFO - Setting next_dagrun for postgres_to_duckdb to None, run_after=None
[2025-05-24T20:11:02.592+0000] {processor.py:208} INFO - Processing /opt/airflow/dags/postgres_to_duckdb.py took 0.328 seconds
[2025-05-24T20:11:33.573+0000] {processor.py:186} INFO - Started process (PID=1078) to work on /opt/airflow/dags/postgres_to_duckdb.py
[2025-05-24T20:11:33.576+0000] {processor.py:914} INFO - Processing file /opt/airflow/dags/postgres_to_duckdb.py for tasks to queue
[2025-05-24T20:11:33.583+0000] {logging_mixin.py:190} INFO - [2025-05-24T20:11:33.582+0000] {dagbag.py:588} INFO - Filling up the DagBag from /opt/airflow/dags/postgres_to_duckdb.py
[2025-05-24T20:11:33.721+0000] {processor.py:925} INFO - DAG(s) 'postgres_to_duckdb' retrieved from /opt/airflow/dags/postgres_to_duckdb.py
[2025-05-24T20:11:33.769+0000] {logging_mixin.py:190} INFO - [2025-05-24T20:11:33.769+0000] {dag.py:3239} INFO - Sync 1 DAGs
[2025-05-24T20:11:33.809+0000] {logging_mixin.py:190} INFO - [2025-05-24T20:11:33.809+0000] {dag.py:4180} INFO - Setting next_dagrun for postgres_to_duckdb to None, run_after=None
[2025-05-24T20:11:33.862+0000] {processor.py:208} INFO - Processing /opt/airflow/dags/postgres_to_duckdb.py took 0.307 seconds
[2025-05-24T20:12:04.068+0000] {processor.py:186} INFO - Started process (PID=1144) to work on /opt/airflow/dags/postgres_to_duckdb.py
[2025-05-24T20:12:04.070+0000] {processor.py:914} INFO - Processing file /opt/airflow/dags/postgres_to_duckdb.py for tasks to queue
[2025-05-24T20:12:04.083+0000] {logging_mixin.py:190} INFO - [2025-05-24T20:12:04.081+0000] {dagbag.py:588} INFO - Filling up the DagBag from /opt/airflow/dags/postgres_to_duckdb.py
[2025-05-24T20:12:04.186+0000] {processor.py:925} INFO - DAG(s) 'postgres_to_duckdb' retrieved from /opt/airflow/dags/postgres_to_duckdb.py
[2025-05-24T20:12:04.223+0000] {logging_mixin.py:190} INFO - [2025-05-24T20:12:04.222+0000] {dag.py:3239} INFO - Sync 1 DAGs
[2025-05-24T20:12:04.253+0000] {logging_mixin.py:190} INFO - [2025-05-24T20:12:04.252+0000] {dag.py:4180} INFO - Setting next_dagrun for postgres_to_duckdb to None, run_after=None
[2025-05-24T20:12:04.332+0000] {processor.py:208} INFO - Processing /opt/airflow/dags/postgres_to_duckdb.py took 0.276 seconds
[2025-05-24T20:12:34.837+0000] {processor.py:186} INFO - Started process (PID=1210) to work on /opt/airflow/dags/postgres_to_duckdb.py
[2025-05-24T20:12:34.839+0000] {processor.py:914} INFO - Processing file /opt/airflow/dags/postgres_to_duckdb.py for tasks to queue
[2025-05-24T20:12:34.846+0000] {logging_mixin.py:190} INFO - [2025-05-24T20:12:34.845+0000] {dagbag.py:588} INFO - Filling up the DagBag from /opt/airflow/dags/postgres_to_duckdb.py
[2025-05-24T20:12:34.964+0000] {processor.py:925} INFO - DAG(s) 'postgres_to_duckdb' retrieved from /opt/airflow/dags/postgres_to_duckdb.py
[2025-05-24T20:12:35.000+0000] {logging_mixin.py:190} INFO - [2025-05-24T20:12:35.000+0000] {dag.py:3239} INFO - Sync 1 DAGs
[2025-05-24T20:12:35.050+0000] {logging_mixin.py:190} INFO - [2025-05-24T20:12:35.050+0000] {dag.py:4180} INFO - Setting next_dagrun for postgres_to_duckdb to None, run_after=None
[2025-05-24T20:12:35.096+0000] {processor.py:208} INFO - Processing /opt/airflow/dags/postgres_to_duckdb.py took 0.274 seconds
[2025-05-24T20:13:05.762+0000] {processor.py:186} INFO - Started process (PID=1276) to work on /opt/airflow/dags/postgres_to_duckdb.py
[2025-05-24T20:13:05.766+0000] {processor.py:914} INFO - Processing file /opt/airflow/dags/postgres_to_duckdb.py for tasks to queue
[2025-05-24T20:13:05.773+0000] {logging_mixin.py:190} INFO - [2025-05-24T20:13:05.772+0000] {dagbag.py:588} INFO - Filling up the DagBag from /opt/airflow/dags/postgres_to_duckdb.py
[2025-05-24T20:13:05.880+0000] {processor.py:925} INFO - DAG(s) 'postgres_to_duckdb' retrieved from /opt/airflow/dags/postgres_to_duckdb.py
[2025-05-24T20:13:05.919+0000] {logging_mixin.py:190} INFO - [2025-05-24T20:13:05.918+0000] {dag.py:3239} INFO - Sync 1 DAGs
[2025-05-24T20:13:05.953+0000] {logging_mixin.py:190} INFO - [2025-05-24T20:13:05.952+0000] {dag.py:4180} INFO - Setting next_dagrun for postgres_to_duckdb to None, run_after=None
[2025-05-24T20:13:05.994+0000] {processor.py:208} INFO - Processing /opt/airflow/dags/postgres_to_duckdb.py took 0.255 seconds
[2025-05-24T20:13:36.538+0000] {processor.py:186} INFO - Started process (PID=1342) to work on /opt/airflow/dags/postgres_to_duckdb.py
[2025-05-24T20:13:36.540+0000] {processor.py:914} INFO - Processing file /opt/airflow/dags/postgres_to_duckdb.py for tasks to queue
[2025-05-24T20:13:36.545+0000] {logging_mixin.py:190} INFO - [2025-05-24T20:13:36.544+0000] {dagbag.py:588} INFO - Filling up the DagBag from /opt/airflow/dags/postgres_to_duckdb.py
[2025-05-24T20:13:36.643+0000] {processor.py:925} INFO - DAG(s) 'postgres_to_duckdb' retrieved from /opt/airflow/dags/postgres_to_duckdb.py
[2025-05-24T20:13:36.684+0000] {logging_mixin.py:190} INFO - [2025-05-24T20:13:36.684+0000] {dag.py:3239} INFO - Sync 1 DAGs
[2025-05-24T20:13:36.727+0000] {logging_mixin.py:190} INFO - [2025-05-24T20:13:36.727+0000] {dag.py:4180} INFO - Setting next_dagrun for postgres_to_duckdb to None, run_after=None
[2025-05-24T20:13:36.772+0000] {processor.py:208} INFO - Processing /opt/airflow/dags/postgres_to_duckdb.py took 0.246 seconds
[2025-05-24T20:14:07.026+0000] {processor.py:186} INFO - Started process (PID=1407) to work on /opt/airflow/dags/postgres_to_duckdb.py
[2025-05-24T20:14:07.028+0000] {processor.py:914} INFO - Processing file /opt/airflow/dags/postgres_to_duckdb.py for tasks to queue
[2025-05-24T20:14:07.033+0000] {logging_mixin.py:190} INFO - [2025-05-24T20:14:07.032+0000] {dagbag.py:588} INFO - Filling up the DagBag from /opt/airflow/dags/postgres_to_duckdb.py
[2025-05-24T20:14:07.136+0000] {processor.py:925} INFO - DAG(s) 'postgres_to_duckdb' retrieved from /opt/airflow/dags/postgres_to_duckdb.py
[2025-05-24T20:14:07.177+0000] {logging_mixin.py:190} INFO - [2025-05-24T20:14:07.176+0000] {dag.py:3239} INFO - Sync 1 DAGs
[2025-05-24T20:14:07.216+0000] {logging_mixin.py:190} INFO - [2025-05-24T20:14:07.215+0000] {dag.py:4180} INFO - Setting next_dagrun for postgres_to_duckdb to None, run_after=None
[2025-05-24T20:14:07.288+0000] {processor.py:208} INFO - Processing /opt/airflow/dags/postgres_to_duckdb.py took 0.273 seconds
[2025-05-24T20:14:38.164+0000] {processor.py:186} INFO - Started process (PID=1472) to work on /opt/airflow/dags/postgres_to_duckdb.py
[2025-05-24T20:14:38.167+0000] {processor.py:914} INFO - Processing file /opt/airflow/dags/postgres_to_duckdb.py for tasks to queue
[2025-05-24T20:14:38.171+0000] {logging_mixin.py:190} INFO - [2025-05-24T20:14:38.171+0000] {dagbag.py:588} INFO - Filling up the DagBag from /opt/airflow/dags/postgres_to_duckdb.py
[2025-05-24T20:14:38.272+0000] {processor.py:925} INFO - DAG(s) 'postgres_to_duckdb' retrieved from /opt/airflow/dags/postgres_to_duckdb.py
[2025-05-24T20:14:38.316+0000] {logging_mixin.py:190} INFO - [2025-05-24T20:14:38.316+0000] {dag.py:3239} INFO - Sync 1 DAGs
[2025-05-24T20:14:38.364+0000] {logging_mixin.py:190} INFO - [2025-05-24T20:14:38.364+0000] {dag.py:4180} INFO - Setting next_dagrun for postgres_to_duckdb to None, run_after=None
[2025-05-24T20:14:38.414+0000] {processor.py:208} INFO - Processing /opt/airflow/dags/postgres_to_duckdb.py took 0.260 seconds
[2025-05-24T20:15:08.585+0000] {processor.py:186} INFO - Started process (PID=1537) to work on /opt/airflow/dags/postgres_to_duckdb.py
[2025-05-24T20:15:08.587+0000] {processor.py:914} INFO - Processing file /opt/airflow/dags/postgres_to_duckdb.py for tasks to queue
[2025-05-24T20:15:08.593+0000] {logging_mixin.py:190} INFO - [2025-05-24T20:15:08.593+0000] {dagbag.py:588} INFO - Filling up the DagBag from /opt/airflow/dags/postgres_to_duckdb.py
[2025-05-24T20:15:08.687+0000] {processor.py:925} INFO - DAG(s) 'postgres_to_duckdb' retrieved from /opt/airflow/dags/postgres_to_duckdb.py
[2025-05-24T20:15:08.730+0000] {logging_mixin.py:190} INFO - [2025-05-24T20:15:08.730+0000] {dag.py:3239} INFO - Sync 1 DAGs
[2025-05-24T20:15:08.761+0000] {logging_mixin.py:190} INFO - [2025-05-24T20:15:08.761+0000] {dag.py:4180} INFO - Setting next_dagrun for postgres_to_duckdb to None, run_after=None
[2025-05-24T20:15:08.840+0000] {processor.py:208} INFO - Processing /opt/airflow/dags/postgres_to_duckdb.py took 0.267 seconds
[2025-05-24T20:15:38.982+0000] {processor.py:186} INFO - Started process (PID=1603) to work on /opt/airflow/dags/postgres_to_duckdb.py
[2025-05-24T20:15:38.984+0000] {processor.py:914} INFO - Processing file /opt/airflow/dags/postgres_to_duckdb.py for tasks to queue
[2025-05-24T20:15:38.989+0000] {logging_mixin.py:190} INFO - [2025-05-24T20:15:38.988+0000] {dagbag.py:588} INFO - Filling up the DagBag from /opt/airflow/dags/postgres_to_duckdb.py
[2025-05-24T20:15:39.093+0000] {processor.py:925} INFO - DAG(s) 'postgres_to_duckdb' retrieved from /opt/airflow/dags/postgres_to_duckdb.py
[2025-05-24T20:15:39.135+0000] {logging_mixin.py:190} INFO - [2025-05-24T20:15:39.135+0000] {dag.py:3239} INFO - Sync 1 DAGs
[2025-05-24T20:15:39.167+0000] {logging_mixin.py:190} INFO - [2025-05-24T20:15:39.166+0000] {dag.py:4180} INFO - Setting next_dagrun for postgres_to_duckdb to None, run_after=None
[2025-05-24T20:15:39.248+0000] {processor.py:208} INFO - Processing /opt/airflow/dags/postgres_to_duckdb.py took 0.278 seconds
[2025-05-24T20:16:10.225+0000] {processor.py:186} INFO - Started process (PID=1669) to work on /opt/airflow/dags/postgres_to_duckdb.py
[2025-05-24T20:16:10.228+0000] {processor.py:914} INFO - Processing file /opt/airflow/dags/postgres_to_duckdb.py for tasks to queue
[2025-05-24T20:16:10.232+0000] {logging_mixin.py:190} INFO - [2025-05-24T20:16:10.232+0000] {dagbag.py:588} INFO - Filling up the DagBag from /opt/airflow/dags/postgres_to_duckdb.py
[2025-05-24T20:16:10.343+0000] {processor.py:925} INFO - DAG(s) 'postgres_to_duckdb' retrieved from /opt/airflow/dags/postgres_to_duckdb.py
[2025-05-24T20:16:10.387+0000] {logging_mixin.py:190} INFO - [2025-05-24T20:16:10.387+0000] {dag.py:3239} INFO - Sync 1 DAGs
[2025-05-24T20:16:10.418+0000] {logging_mixin.py:190} INFO - [2025-05-24T20:16:10.418+0000] {dag.py:4180} INFO - Setting next_dagrun for postgres_to_duckdb to None, run_after=None
[2025-05-24T20:16:10.503+0000] {processor.py:208} INFO - Processing /opt/airflow/dags/postgres_to_duckdb.py took 0.290 seconds
[2025-05-24T20:16:40.869+0000] {processor.py:186} INFO - Started process (PID=1735) to work on /opt/airflow/dags/postgres_to_duckdb.py
[2025-05-24T20:16:40.871+0000] {processor.py:914} INFO - Processing file /opt/airflow/dags/postgres_to_duckdb.py for tasks to queue
[2025-05-24T20:16:40.875+0000] {logging_mixin.py:190} INFO - [2025-05-24T20:16:40.875+0000] {dagbag.py:588} INFO - Filling up the DagBag from /opt/airflow/dags/postgres_to_duckdb.py
[2025-05-24T20:16:40.991+0000] {processor.py:925} INFO - DAG(s) 'postgres_to_duckdb' retrieved from /opt/airflow/dags/postgres_to_duckdb.py
[2025-05-24T20:16:41.030+0000] {logging_mixin.py:190} INFO - [2025-05-24T20:16:41.030+0000] {dag.py:3239} INFO - Sync 1 DAGs
[2025-05-24T20:16:41.067+0000] {logging_mixin.py:190} INFO - [2025-05-24T20:16:41.066+0000] {dag.py:4180} INFO - Setting next_dagrun for postgres_to_duckdb to None, run_after=None
[2025-05-24T20:16:41.113+0000] {processor.py:208} INFO - Processing /opt/airflow/dags/postgres_to_duckdb.py took 0.255 seconds
[2025-05-24T20:17:11.313+0000] {processor.py:186} INFO - Started process (PID=1801) to work on /opt/airflow/dags/postgres_to_duckdb.py
[2025-05-24T20:17:11.316+0000] {processor.py:914} INFO - Processing file /opt/airflow/dags/postgres_to_duckdb.py for tasks to queue
[2025-05-24T20:17:11.320+0000] {logging_mixin.py:190} INFO - [2025-05-24T20:17:11.320+0000] {dagbag.py:588} INFO - Filling up the DagBag from /opt/airflow/dags/postgres_to_duckdb.py
[2025-05-24T20:17:11.415+0000] {processor.py:925} INFO - DAG(s) 'postgres_to_duckdb' retrieved from /opt/airflow/dags/postgres_to_duckdb.py
[2025-05-24T20:17:11.454+0000] {logging_mixin.py:190} INFO - [2025-05-24T20:17:11.453+0000] {dag.py:3239} INFO - Sync 1 DAGs
[2025-05-24T20:17:11.487+0000] {logging_mixin.py:190} INFO - [2025-05-24T20:17:11.486+0000] {dag.py:4180} INFO - Setting next_dagrun for postgres_to_duckdb to None, run_after=None
[2025-05-24T20:17:11.572+0000] {processor.py:208} INFO - Processing /opt/airflow/dags/postgres_to_duckdb.py took 0.270 seconds
[2025-05-24T20:19:36.096+0000] {processor.py:186} INFO - Started process (PID=79) to work on /opt/airflow/dags/postgres_to_duckdb.py
[2025-05-24T20:19:36.099+0000] {processor.py:914} INFO - Processing file /opt/airflow/dags/postgres_to_duckdb.py for tasks to queue
[2025-05-24T20:19:36.106+0000] {logging_mixin.py:190} INFO - [2025-05-24T20:19:36.105+0000] {dagbag.py:588} INFO - Filling up the DagBag from /opt/airflow/dags/postgres_to_duckdb.py
[2025-05-24T20:19:36.287+0000] {processor.py:925} INFO - DAG(s) 'postgres_to_duckdb' retrieved from /opt/airflow/dags/postgres_to_duckdb.py
[2025-05-24T20:19:36.356+0000] {logging_mixin.py:190} INFO - [2025-05-24T20:19:36.355+0000] {dag.py:3239} INFO - Sync 1 DAGs
[2025-05-24T20:19:36.396+0000] {logging_mixin.py:190} INFO - [2025-05-24T20:19:36.396+0000] {dag.py:4180} INFO - Setting next_dagrun for postgres_to_duckdb to None, run_after=None
[2025-05-24T20:19:36.453+0000] {processor.py:208} INFO - Processing /opt/airflow/dags/postgres_to_duckdb.py took 0.374 seconds
[2025-05-24T20:20:06.607+0000] {processor.py:186} INFO - Started process (PID=146) to work on /opt/airflow/dags/postgres_to_duckdb.py
[2025-05-24T20:20:06.609+0000] {processor.py:914} INFO - Processing file /opt/airflow/dags/postgres_to_duckdb.py for tasks to queue
[2025-05-24T20:20:06.614+0000] {logging_mixin.py:190} INFO - [2025-05-24T20:20:06.613+0000] {dagbag.py:588} INFO - Filling up the DagBag from /opt/airflow/dags/postgres_to_duckdb.py
[2025-05-24T20:20:06.729+0000] {processor.py:925} INFO - DAG(s) 'postgres_to_duckdb' retrieved from /opt/airflow/dags/postgres_to_duckdb.py
[2025-05-24T20:20:06.780+0000] {logging_mixin.py:190} INFO - [2025-05-24T20:20:06.780+0000] {dag.py:3239} INFO - Sync 1 DAGs
[2025-05-24T20:20:06.822+0000] {logging_mixin.py:190} INFO - [2025-05-24T20:20:06.822+0000] {dag.py:4180} INFO - Setting next_dagrun for postgres_to_duckdb to None, run_after=None
[2025-05-24T20:20:06.907+0000] {processor.py:208} INFO - Processing /opt/airflow/dags/postgres_to_duckdb.py took 0.311 seconds
[2025-05-24T20:20:37.248+0000] {processor.py:186} INFO - Started process (PID=211) to work on /opt/airflow/dags/postgres_to_duckdb.py
[2025-05-24T20:20:37.250+0000] {processor.py:914} INFO - Processing file /opt/airflow/dags/postgres_to_duckdb.py for tasks to queue
[2025-05-24T20:20:37.256+0000] {logging_mixin.py:190} INFO - [2025-05-24T20:20:37.255+0000] {dagbag.py:588} INFO - Filling up the DagBag from /opt/airflow/dags/postgres_to_duckdb.py
[2025-05-24T20:20:37.377+0000] {processor.py:925} INFO - DAG(s) 'postgres_to_duckdb' retrieved from /opt/airflow/dags/postgres_to_duckdb.py
[2025-05-24T20:20:37.421+0000] {logging_mixin.py:190} INFO - [2025-05-24T20:20:37.421+0000] {dag.py:3239} INFO - Sync 1 DAGs
[2025-05-24T20:20:37.461+0000] {logging_mixin.py:190} INFO - [2025-05-24T20:20:37.460+0000] {dag.py:4180} INFO - Setting next_dagrun for postgres_to_duckdb to None, run_after=None
[2025-05-24T20:20:37.551+0000] {processor.py:208} INFO - Processing /opt/airflow/dags/postgres_to_duckdb.py took 0.322 seconds
[2025-05-24T20:21:07.723+0000] {processor.py:186} INFO - Started process (PID=278) to work on /opt/airflow/dags/postgres_to_duckdb.py
[2025-05-24T20:21:07.726+0000] {processor.py:914} INFO - Processing file /opt/airflow/dags/postgres_to_duckdb.py for tasks to queue
[2025-05-24T20:21:07.730+0000] {logging_mixin.py:190} INFO - [2025-05-24T20:21:07.729+0000] {dagbag.py:588} INFO - Filling up the DagBag from /opt/airflow/dags/postgres_to_duckdb.py
[2025-05-24T20:21:07.857+0000] {processor.py:925} INFO - DAG(s) 'postgres_to_duckdb' retrieved from /opt/airflow/dags/postgres_to_duckdb.py
[2025-05-24T20:21:07.899+0000] {logging_mixin.py:190} INFO - [2025-05-24T20:21:07.898+0000] {dag.py:3239} INFO - Sync 1 DAGs
[2025-05-24T20:21:07.931+0000] {logging_mixin.py:190} INFO - [2025-05-24T20:21:07.930+0000] {dag.py:4180} INFO - Setting next_dagrun for postgres_to_duckdb to None, run_after=None
[2025-05-24T20:21:08.010+0000] {processor.py:208} INFO - Processing /opt/airflow/dags/postgres_to_duckdb.py took 0.298 seconds
[2025-05-24T20:21:38.371+0000] {processor.py:186} INFO - Started process (PID=343) to work on /opt/airflow/dags/postgres_to_duckdb.py
[2025-05-24T20:21:38.373+0000] {processor.py:914} INFO - Processing file /opt/airflow/dags/postgres_to_duckdb.py for tasks to queue
[2025-05-24T20:21:38.379+0000] {logging_mixin.py:190} INFO - [2025-05-24T20:21:38.378+0000] {dagbag.py:588} INFO - Filling up the DagBag from /opt/airflow/dags/postgres_to_duckdb.py
[2025-05-24T20:21:38.491+0000] {processor.py:925} INFO - DAG(s) 'postgres_to_duckdb' retrieved from /opt/airflow/dags/postgres_to_duckdb.py
[2025-05-24T20:21:38.534+0000] {logging_mixin.py:190} INFO - [2025-05-24T20:21:38.533+0000] {dag.py:3239} INFO - Sync 1 DAGs
[2025-05-24T20:21:38.569+0000] {logging_mixin.py:190} INFO - [2025-05-24T20:21:38.568+0000] {dag.py:4180} INFO - Setting next_dagrun for postgres_to_duckdb to None, run_after=None
[2025-05-24T20:21:38.619+0000] {processor.py:208} INFO - Processing /opt/airflow/dags/postgres_to_duckdb.py took 0.263 seconds
[2025-05-24T20:22:09.341+0000] {processor.py:186} INFO - Started process (PID=409) to work on /opt/airflow/dags/postgres_to_duckdb.py
[2025-05-24T20:22:09.344+0000] {processor.py:914} INFO - Processing file /opt/airflow/dags/postgres_to_duckdb.py for tasks to queue
[2025-05-24T20:22:09.351+0000] {logging_mixin.py:190} INFO - [2025-05-24T20:22:09.351+0000] {dagbag.py:588} INFO - Filling up the DagBag from /opt/airflow/dags/postgres_to_duckdb.py
[2025-05-24T20:22:09.461+0000] {processor.py:925} INFO - DAG(s) 'postgres_to_duckdb' retrieved from /opt/airflow/dags/postgres_to_duckdb.py
[2025-05-24T20:22:09.504+0000] {logging_mixin.py:190} INFO - [2025-05-24T20:22:09.503+0000] {dag.py:3239} INFO - Sync 1 DAGs
[2025-05-24T20:22:09.537+0000] {logging_mixin.py:190} INFO - [2025-05-24T20:22:09.537+0000] {dag.py:4180} INFO - Setting next_dagrun for postgres_to_duckdb to None, run_after=None
[2025-05-24T20:22:09.618+0000] {processor.py:208} INFO - Processing /opt/airflow/dags/postgres_to_duckdb.py took 0.292 seconds
[2025-05-24T20:22:39.812+0000] {processor.py:186} INFO - Started process (PID=475) to work on /opt/airflow/dags/postgres_to_duckdb.py
[2025-05-24T20:22:39.816+0000] {processor.py:914} INFO - Processing file /opt/airflow/dags/postgres_to_duckdb.py for tasks to queue
[2025-05-24T20:22:39.825+0000] {logging_mixin.py:190} INFO - [2025-05-24T20:22:39.824+0000] {dagbag.py:588} INFO - Filling up the DagBag from /opt/airflow/dags/postgres_to_duckdb.py
[2025-05-24T20:22:39.948+0000] {processor.py:925} INFO - DAG(s) 'postgres_to_duckdb' retrieved from /opt/airflow/dags/postgres_to_duckdb.py
[2025-05-24T20:22:40.008+0000] {logging_mixin.py:190} INFO - [2025-05-24T20:22:40.007+0000] {dag.py:3239} INFO - Sync 1 DAGs
[2025-05-24T20:22:40.052+0000] {logging_mixin.py:190} INFO - [2025-05-24T20:22:40.051+0000] {dag.py:4180} INFO - Setting next_dagrun for postgres_to_duckdb to None, run_after=None
[2025-05-24T20:22:40.137+0000] {processor.py:208} INFO - Processing /opt/airflow/dags/postgres_to_duckdb.py took 0.346 seconds
[2025-05-24T20:23:10.427+0000] {processor.py:186} INFO - Started process (PID=542) to work on /opt/airflow/dags/postgres_to_duckdb.py
[2025-05-24T20:23:10.430+0000] {processor.py:914} INFO - Processing file /opt/airflow/dags/postgres_to_duckdb.py for tasks to queue
[2025-05-24T20:23:10.435+0000] {logging_mixin.py:190} INFO - [2025-05-24T20:23:10.434+0000] {dagbag.py:588} INFO - Filling up the DagBag from /opt/airflow/dags/postgres_to_duckdb.py
[2025-05-24T20:23:10.533+0000] {processor.py:925} INFO - DAG(s) 'postgres_to_duckdb' retrieved from /opt/airflow/dags/postgres_to_duckdb.py
[2025-05-24T20:23:10.572+0000] {logging_mixin.py:190} INFO - [2025-05-24T20:23:10.571+0000] {dag.py:3239} INFO - Sync 1 DAGs
[2025-05-24T20:23:10.605+0000] {logging_mixin.py:190} INFO - [2025-05-24T20:23:10.604+0000] {dag.py:4180} INFO - Setting next_dagrun for postgres_to_duckdb to None, run_after=None
[2025-05-24T20:23:10.651+0000] {processor.py:208} INFO - Processing /opt/airflow/dags/postgres_to_duckdb.py took 0.235 seconds
[2025-05-24T20:23:41.522+0000] {processor.py:186} INFO - Started process (PID=608) to work on /opt/airflow/dags/postgres_to_duckdb.py
[2025-05-24T20:23:41.528+0000] {processor.py:914} INFO - Processing file /opt/airflow/dags/postgres_to_duckdb.py for tasks to queue
[2025-05-24T20:23:41.536+0000] {logging_mixin.py:190} INFO - [2025-05-24T20:23:41.535+0000] {dagbag.py:588} INFO - Filling up the DagBag from /opt/airflow/dags/postgres_to_duckdb.py
[2025-05-24T20:23:41.678+0000] {processor.py:925} INFO - DAG(s) 'postgres_to_duckdb' retrieved from /opt/airflow/dags/postgres_to_duckdb.py
[2025-05-24T20:23:41.724+0000] {logging_mixin.py:190} INFO - [2025-05-24T20:23:41.723+0000] {dag.py:3239} INFO - Sync 1 DAGs
[2025-05-24T20:23:41.766+0000] {logging_mixin.py:190} INFO - [2025-05-24T20:23:41.765+0000] {dag.py:4180} INFO - Setting next_dagrun for postgres_to_duckdb to None, run_after=None
[2025-05-24T20:23:41.817+0000] {processor.py:208} INFO - Processing /opt/airflow/dags/postgres_to_duckdb.py took 0.311 seconds
[2025-05-24T20:24:12.217+0000] {processor.py:186} INFO - Started process (PID=675) to work on /opt/airflow/dags/postgres_to_duckdb.py
[2025-05-24T20:24:12.219+0000] {processor.py:914} INFO - Processing file /opt/airflow/dags/postgres_to_duckdb.py for tasks to queue
[2025-05-24T20:24:12.224+0000] {logging_mixin.py:190} INFO - [2025-05-24T20:24:12.224+0000] {dagbag.py:588} INFO - Filling up the DagBag from /opt/airflow/dags/postgres_to_duckdb.py
[2025-05-24T20:24:12.317+0000] {processor.py:925} INFO - DAG(s) 'postgres_to_duckdb' retrieved from /opt/airflow/dags/postgres_to_duckdb.py
[2025-05-24T20:24:12.355+0000] {logging_mixin.py:190} INFO - [2025-05-24T20:24:12.355+0000] {dag.py:3239} INFO - Sync 1 DAGs
[2025-05-24T20:24:12.384+0000] {logging_mixin.py:190} INFO - [2025-05-24T20:24:12.384+0000] {dag.py:4180} INFO - Setting next_dagrun for postgres_to_duckdb to None, run_after=None
[2025-05-24T20:24:12.425+0000] {processor.py:208} INFO - Processing /opt/airflow/dags/postgres_to_duckdb.py took 0.220 seconds
[2025-05-24T20:24:42.558+0000] {processor.py:186} INFO - Started process (PID=742) to work on /opt/airflow/dags/postgres_to_duckdb.py
[2025-05-24T20:24:42.560+0000] {processor.py:914} INFO - Processing file /opt/airflow/dags/postgres_to_duckdb.py for tasks to queue
[2025-05-24T20:24:42.566+0000] {logging_mixin.py:190} INFO - [2025-05-24T20:24:42.565+0000] {dagbag.py:588} INFO - Filling up the DagBag from /opt/airflow/dags/postgres_to_duckdb.py
[2025-05-24T20:24:42.663+0000] {processor.py:925} INFO - DAG(s) 'postgres_to_duckdb' retrieved from /opt/airflow/dags/postgres_to_duckdb.py
[2025-05-24T20:24:42.700+0000] {logging_mixin.py:190} INFO - [2025-05-24T20:24:42.700+0000] {dag.py:3239} INFO - Sync 1 DAGs
[2025-05-24T20:24:42.731+0000] {logging_mixin.py:190} INFO - [2025-05-24T20:24:42.730+0000] {dag.py:4180} INFO - Setting next_dagrun for postgres_to_duckdb to None, run_after=None
[2025-05-24T20:24:42.776+0000] {processor.py:208} INFO - Processing /opt/airflow/dags/postgres_to_duckdb.py took 0.229 seconds
[2025-05-24T20:25:13.263+0000] {processor.py:186} INFO - Started process (PID=807) to work on /opt/airflow/dags/postgres_to_duckdb.py
[2025-05-24T20:25:13.266+0000] {processor.py:914} INFO - Processing file /opt/airflow/dags/postgres_to_duckdb.py for tasks to queue
[2025-05-24T20:25:13.277+0000] {logging_mixin.py:190} INFO - [2025-05-24T20:25:13.275+0000] {dagbag.py:588} INFO - Filling up the DagBag from /opt/airflow/dags/postgres_to_duckdb.py
[2025-05-24T20:25:13.437+0000] {processor.py:925} INFO - DAG(s) 'postgres_to_duckdb' retrieved from /opt/airflow/dags/postgres_to_duckdb.py
[2025-05-24T20:25:13.483+0000] {logging_mixin.py:190} INFO - [2025-05-24T20:25:13.482+0000] {dag.py:3239} INFO - Sync 1 DAGs
[2025-05-24T20:25:13.515+0000] {logging_mixin.py:190} INFO - [2025-05-24T20:25:13.514+0000] {dag.py:4180} INFO - Setting next_dagrun for postgres_to_duckdb to None, run_after=None
[2025-05-24T20:25:13.586+0000] {processor.py:208} INFO - Processing /opt/airflow/dags/postgres_to_duckdb.py took 0.341 seconds
[2025-05-24T20:25:43.805+0000] {processor.py:186} INFO - Started process (PID=873) to work on /opt/airflow/dags/postgres_to_duckdb.py
[2025-05-24T20:25:43.807+0000] {processor.py:914} INFO - Processing file /opt/airflow/dags/postgres_to_duckdb.py for tasks to queue
[2025-05-24T20:25:43.813+0000] {logging_mixin.py:190} INFO - [2025-05-24T20:25:43.812+0000] {dagbag.py:588} INFO - Filling up the DagBag from /opt/airflow/dags/postgres_to_duckdb.py
[2025-05-24T20:25:43.937+0000] {processor.py:925} INFO - DAG(s) 'postgres_to_duckdb' retrieved from /opt/airflow/dags/postgres_to_duckdb.py
[2025-05-24T20:25:43.977+0000] {logging_mixin.py:190} INFO - [2025-05-24T20:25:43.976+0000] {dag.py:3239} INFO - Sync 1 DAGs
[2025-05-24T20:25:44.009+0000] {logging_mixin.py:190} INFO - [2025-05-24T20:25:44.008+0000] {dag.py:4180} INFO - Setting next_dagrun for postgres_to_duckdb to None, run_after=None
[2025-05-24T20:25:44.052+0000] {processor.py:208} INFO - Processing /opt/airflow/dags/postgres_to_duckdb.py took 0.261 seconds
[2025-05-24T20:26:14.434+0000] {processor.py:186} INFO - Started process (PID=940) to work on /opt/airflow/dags/postgres_to_duckdb.py
[2025-05-24T20:26:14.436+0000] {processor.py:914} INFO - Processing file /opt/airflow/dags/postgres_to_duckdb.py for tasks to queue
[2025-05-24T20:26:14.441+0000] {logging_mixin.py:190} INFO - [2025-05-24T20:26:14.440+0000] {dagbag.py:588} INFO - Filling up the DagBag from /opt/airflow/dags/postgres_to_duckdb.py
[2025-05-24T20:26:14.543+0000] {processor.py:925} INFO - DAG(s) 'postgres_to_duckdb' retrieved from /opt/airflow/dags/postgres_to_duckdb.py
[2025-05-24T20:26:14.578+0000] {logging_mixin.py:190} INFO - [2025-05-24T20:26:14.578+0000] {dag.py:3239} INFO - Sync 1 DAGs
[2025-05-24T20:26:14.608+0000] {logging_mixin.py:190} INFO - [2025-05-24T20:26:14.607+0000] {dag.py:4180} INFO - Setting next_dagrun for postgres_to_duckdb to None, run_after=None
[2025-05-24T20:26:14.647+0000] {processor.py:208} INFO - Processing /opt/airflow/dags/postgres_to_duckdb.py took 0.227 seconds
[2025-05-24T20:26:45.200+0000] {processor.py:186} INFO - Started process (PID=1006) to work on /opt/airflow/dags/postgres_to_duckdb.py
[2025-05-24T20:26:45.203+0000] {processor.py:914} INFO - Processing file /opt/airflow/dags/postgres_to_duckdb.py for tasks to queue
[2025-05-24T20:26:45.207+0000] {logging_mixin.py:190} INFO - [2025-05-24T20:26:45.206+0000] {dagbag.py:588} INFO - Filling up the DagBag from /opt/airflow/dags/postgres_to_duckdb.py
[2025-05-24T20:26:45.315+0000] {processor.py:925} INFO - DAG(s) 'postgres_to_duckdb' retrieved from /opt/airflow/dags/postgres_to_duckdb.py
[2025-05-24T20:26:45.366+0000] {logging_mixin.py:190} INFO - [2025-05-24T20:26:45.365+0000] {dag.py:3239} INFO - Sync 1 DAGs
[2025-05-24T20:26:45.405+0000] {logging_mixin.py:190} INFO - [2025-05-24T20:26:45.405+0000] {dag.py:4180} INFO - Setting next_dagrun for postgres_to_duckdb to None, run_after=None
[2025-05-24T20:26:45.499+0000] {processor.py:208} INFO - Processing /opt/airflow/dags/postgres_to_duckdb.py took 0.309 seconds
[2025-05-24T20:27:15.895+0000] {processor.py:186} INFO - Started process (PID=1079) to work on /opt/airflow/dags/postgres_to_duckdb.py
[2025-05-24T20:27:15.898+0000] {processor.py:914} INFO - Processing file /opt/airflow/dags/postgres_to_duckdb.py for tasks to queue
[2025-05-24T20:27:15.904+0000] {logging_mixin.py:190} INFO - [2025-05-24T20:27:15.903+0000] {dagbag.py:588} INFO - Filling up the DagBag from /opt/airflow/dags/postgres_to_duckdb.py
[2025-05-24T20:27:16.009+0000] {processor.py:925} INFO - DAG(s) 'postgres_to_duckdb' retrieved from /opt/airflow/dags/postgres_to_duckdb.py
[2025-05-24T20:27:16.048+0000] {logging_mixin.py:190} INFO - [2025-05-24T20:27:16.048+0000] {dag.py:3239} INFO - Sync 1 DAGs
[2025-05-24T20:27:16.080+0000] {logging_mixin.py:190} INFO - [2025-05-24T20:27:16.079+0000] {dag.py:4180} INFO - Setting next_dagrun for postgres_to_duckdb to None, run_after=None
[2025-05-24T20:27:16.131+0000] {processor.py:208} INFO - Processing /opt/airflow/dags/postgres_to_duckdb.py took 0.246 seconds
[2025-05-24T20:27:46.499+0000] {processor.py:186} INFO - Started process (PID=1144) to work on /opt/airflow/dags/postgres_to_duckdb.py
[2025-05-24T20:27:46.501+0000] {processor.py:914} INFO - Processing file /opt/airflow/dags/postgres_to_duckdb.py for tasks to queue
[2025-05-24T20:27:46.508+0000] {logging_mixin.py:190} INFO - [2025-05-24T20:27:46.507+0000] {dagbag.py:588} INFO - Filling up the DagBag from /opt/airflow/dags/postgres_to_duckdb.py
[2025-05-24T20:27:46.608+0000] {processor.py:925} INFO - DAG(s) 'postgres_to_duckdb' retrieved from /opt/airflow/dags/postgres_to_duckdb.py
[2025-05-24T20:27:46.643+0000] {logging_mixin.py:190} INFO - [2025-05-24T20:27:46.643+0000] {dag.py:3239} INFO - Sync 1 DAGs
[2025-05-24T20:27:46.679+0000] {logging_mixin.py:190} INFO - [2025-05-24T20:27:46.678+0000] {dag.py:4180} INFO - Setting next_dagrun for postgres_to_duckdb to None, run_after=None
[2025-05-24T20:27:46.722+0000] {processor.py:208} INFO - Processing /opt/airflow/dags/postgres_to_duckdb.py took 0.235 seconds
[2025-05-24T20:28:17.299+0000] {processor.py:186} INFO - Started process (PID=1211) to work on /opt/airflow/dags/postgres_to_duckdb.py
[2025-05-24T20:28:17.302+0000] {processor.py:914} INFO - Processing file /opt/airflow/dags/postgres_to_duckdb.py for tasks to queue
[2025-05-24T20:28:17.307+0000] {logging_mixin.py:190} INFO - [2025-05-24T20:28:17.306+0000] {dagbag.py:588} INFO - Filling up the DagBag from /opt/airflow/dags/postgres_to_duckdb.py
[2025-05-24T20:28:17.409+0000] {processor.py:925} INFO - DAG(s) 'postgres_to_duckdb' retrieved from /opt/airflow/dags/postgres_to_duckdb.py
[2025-05-24T20:28:17.449+0000] {logging_mixin.py:190} INFO - [2025-05-24T20:28:17.448+0000] {dag.py:3239} INFO - Sync 1 DAGs
[2025-05-24T20:28:17.488+0000] {logging_mixin.py:190} INFO - [2025-05-24T20:28:17.487+0000] {dag.py:4180} INFO - Setting next_dagrun for postgres_to_duckdb to None, run_after=None
[2025-05-24T20:28:17.526+0000] {processor.py:208} INFO - Processing /opt/airflow/dags/postgres_to_duckdb.py took 0.242 seconds
[2025-05-24T20:29:45.281+0000] {processor.py:186} INFO - Started process (PID=1218) to work on /opt/airflow/dags/postgres_to_duckdb.py
[2025-05-24T20:29:45.283+0000] {processor.py:914} INFO - Processing file /opt/airflow/dags/postgres_to_duckdb.py for tasks to queue
[2025-05-24T20:29:45.289+0000] {logging_mixin.py:190} INFO - [2025-05-24T20:29:45.288+0000] {dagbag.py:588} INFO - Filling up the DagBag from /opt/airflow/dags/postgres_to_duckdb.py
[2025-05-24T20:29:45.397+0000] {processor.py:925} INFO - DAG(s) 'postgres_to_duckdb' retrieved from /opt/airflow/dags/postgres_to_duckdb.py
[2025-05-24T20:29:45.439+0000] {logging_mixin.py:190} INFO - [2025-05-24T20:29:45.439+0000] {dag.py:3239} INFO - Sync 1 DAGs
[2025-05-24T20:29:45.470+0000] {logging_mixin.py:190} INFO - [2025-05-24T20:29:45.469+0000] {dag.py:4180} INFO - Setting next_dagrun for postgres_to_duckdb to None, run_after=None
[2025-05-24T20:29:45.510+0000] {processor.py:208} INFO - Processing /opt/airflow/dags/postgres_to_duckdb.py took 0.248 seconds
[2025-05-24T20:30:16.156+0000] {processor.py:186} INFO - Started process (PID=1283) to work on /opt/airflow/dags/postgres_to_duckdb.py
[2025-05-24T20:30:16.158+0000] {processor.py:914} INFO - Processing file /opt/airflow/dags/postgres_to_duckdb.py for tasks to queue
[2025-05-24T20:30:16.162+0000] {logging_mixin.py:190} INFO - [2025-05-24T20:30:16.161+0000] {dagbag.py:588} INFO - Filling up the DagBag from /opt/airflow/dags/postgres_to_duckdb.py
[2025-05-24T20:30:16.271+0000] {processor.py:925} INFO - DAG(s) 'postgres_to_duckdb' retrieved from /opt/airflow/dags/postgres_to_duckdb.py
[2025-05-24T20:30:16.313+0000] {logging_mixin.py:190} INFO - [2025-05-24T20:30:16.313+0000] {dag.py:3239} INFO - Sync 1 DAGs
[2025-05-24T20:30:16.354+0000] {logging_mixin.py:190} INFO - [2025-05-24T20:30:16.353+0000] {dag.py:4180} INFO - Setting next_dagrun for postgres_to_duckdb to None, run_after=None
[2025-05-24T20:30:16.463+0000] {processor.py:208} INFO - Processing /opt/airflow/dags/postgres_to_duckdb.py took 0.321 seconds
[2025-05-24T20:30:47.181+0000] {processor.py:186} INFO - Started process (PID=1349) to work on /opt/airflow/dags/postgres_to_duckdb.py
[2025-05-24T20:30:47.183+0000] {processor.py:914} INFO - Processing file /opt/airflow/dags/postgres_to_duckdb.py for tasks to queue
[2025-05-24T20:30:47.190+0000] {logging_mixin.py:190} INFO - [2025-05-24T20:30:47.189+0000] {dagbag.py:588} INFO - Filling up the DagBag from /opt/airflow/dags/postgres_to_duckdb.py
[2025-05-24T20:30:47.309+0000] {processor.py:925} INFO - DAG(s) 'postgres_to_duckdb' retrieved from /opt/airflow/dags/postgres_to_duckdb.py
[2025-05-24T20:30:47.362+0000] {logging_mixin.py:190} INFO - [2025-05-24T20:30:47.362+0000] {dag.py:3239} INFO - Sync 1 DAGs
[2025-05-24T20:30:47.401+0000] {logging_mixin.py:190} INFO - [2025-05-24T20:30:47.401+0000] {dag.py:4180} INFO - Setting next_dagrun for postgres_to_duckdb to None, run_after=None
[2025-05-24T20:30:47.511+0000] {processor.py:208} INFO - Processing /opt/airflow/dags/postgres_to_duckdb.py took 0.348 seconds
[2025-05-24T20:31:17.717+0000] {processor.py:186} INFO - Started process (PID=1416) to work on /opt/airflow/dags/postgres_to_duckdb.py
[2025-05-24T20:31:17.720+0000] {processor.py:914} INFO - Processing file /opt/airflow/dags/postgres_to_duckdb.py for tasks to queue
[2025-05-24T20:31:17.725+0000] {logging_mixin.py:190} INFO - [2025-05-24T20:31:17.724+0000] {dagbag.py:588} INFO - Filling up the DagBag from /opt/airflow/dags/postgres_to_duckdb.py
[2025-05-24T20:31:17.891+0000] {processor.py:925} INFO - DAG(s) 'postgres_to_duckdb' retrieved from /opt/airflow/dags/postgres_to_duckdb.py
[2025-05-24T20:31:17.935+0000] {logging_mixin.py:190} INFO - [2025-05-24T20:31:17.934+0000] {dag.py:3239} INFO - Sync 1 DAGs
[2025-05-24T20:31:17.968+0000] {logging_mixin.py:190} INFO - [2025-05-24T20:31:17.967+0000] {dag.py:4180} INFO - Setting next_dagrun for postgres_to_duckdb to None, run_after=None
[2025-05-24T20:31:18.051+0000] {processor.py:208} INFO - Processing /opt/airflow/dags/postgres_to_duckdb.py took 0.348 seconds
[2025-05-24T20:31:48.559+0000] {processor.py:186} INFO - Started process (PID=1481) to work on /opt/airflow/dags/postgres_to_duckdb.py
[2025-05-24T20:31:48.561+0000] {processor.py:914} INFO - Processing file /opt/airflow/dags/postgres_to_duckdb.py for tasks to queue
[2025-05-24T20:31:48.566+0000] {logging_mixin.py:190} INFO - [2025-05-24T20:31:48.565+0000] {dagbag.py:588} INFO - Filling up the DagBag from /opt/airflow/dags/postgres_to_duckdb.py
[2025-05-24T20:31:48.670+0000] {processor.py:925} INFO - DAG(s) 'postgres_to_duckdb' retrieved from /opt/airflow/dags/postgres_to_duckdb.py
[2025-05-24T20:31:48.708+0000] {logging_mixin.py:190} INFO - [2025-05-24T20:31:48.708+0000] {dag.py:3239} INFO - Sync 1 DAGs
[2025-05-24T20:31:48.741+0000] {logging_mixin.py:190} INFO - [2025-05-24T20:31:48.740+0000] {dag.py:4180} INFO - Setting next_dagrun for postgres_to_duckdb to None, run_after=None
[2025-05-24T20:31:48.808+0000] {processor.py:208} INFO - Processing /opt/airflow/dags/postgres_to_duckdb.py took 0.264 seconds
[2025-05-24T20:32:19.435+0000] {processor.py:186} INFO - Started process (PID=1547) to work on /opt/airflow/dags/postgres_to_duckdb.py
[2025-05-24T20:32:19.437+0000] {processor.py:914} INFO - Processing file /opt/airflow/dags/postgres_to_duckdb.py for tasks to queue
[2025-05-24T20:32:19.442+0000] {logging_mixin.py:190} INFO - [2025-05-24T20:32:19.442+0000] {dagbag.py:588} INFO - Filling up the DagBag from /opt/airflow/dags/postgres_to_duckdb.py
[2025-05-24T20:32:19.557+0000] {processor.py:925} INFO - DAG(s) 'postgres_to_duckdb' retrieved from /opt/airflow/dags/postgres_to_duckdb.py
[2025-05-24T20:32:19.605+0000] {logging_mixin.py:190} INFO - [2025-05-24T20:32:19.604+0000] {dag.py:3239} INFO - Sync 1 DAGs
[2025-05-24T20:32:19.640+0000] {logging_mixin.py:190} INFO - [2025-05-24T20:32:19.639+0000] {dag.py:4180} INFO - Setting next_dagrun for postgres_to_duckdb to None, run_after=None
[2025-05-24T20:32:19.686+0000] {processor.py:208} INFO - Processing /opt/airflow/dags/postgres_to_duckdb.py took 0.267 seconds
[2025-05-24T20:35:40.524+0000] {processor.py:186} INFO - Started process (PID=82) to work on /opt/airflow/dags/postgres_to_duckdb.py
[2025-05-24T20:35:40.527+0000] {processor.py:914} INFO - Processing file /opt/airflow/dags/postgres_to_duckdb.py for tasks to queue
[2025-05-24T20:35:40.533+0000] {logging_mixin.py:190} INFO - [2025-05-24T20:35:40.532+0000] {dagbag.py:588} INFO - Filling up the DagBag from /opt/airflow/dags/postgres_to_duckdb.py
[2025-05-24T20:35:40.666+0000] {processor.py:925} INFO - DAG(s) 'postgres_to_duckdb' retrieved from /opt/airflow/dags/postgres_to_duckdb.py
[2025-05-24T20:35:41.172+0000] {logging_mixin.py:190} INFO - [2025-05-24T20:35:41.170+0000] {override.py:1930} INFO - Created Permission View: can edit on DAG:postgres_to_duckdb
[2025-05-24T20:35:41.197+0000] {logging_mixin.py:190} INFO - [2025-05-24T20:35:41.196+0000] {override.py:1930} INFO - Created Permission View: can delete on DAG:postgres_to_duckdb
[2025-05-24T20:35:41.212+0000] {logging_mixin.py:190} INFO - [2025-05-24T20:35:41.212+0000] {override.py:1930} INFO - Created Permission View: can read on DAG:postgres_to_duckdb
[2025-05-24T20:35:41.231+0000] {logging_mixin.py:190} INFO - [2025-05-24T20:35:41.231+0000] {override.py:1930} INFO - Created Permission View: menu access on DAG Run:postgres_to_duckdb
[2025-05-24T20:35:41.247+0000] {logging_mixin.py:190} INFO - [2025-05-24T20:35:41.247+0000] {override.py:1930} INFO - Created Permission View: can delete on DAG Run:postgres_to_duckdb
[2025-05-24T20:35:41.264+0000] {logging_mixin.py:190} INFO - [2025-05-24T20:35:41.264+0000] {override.py:1930} INFO - Created Permission View: can read on DAG Run:postgres_to_duckdb
[2025-05-24T20:35:41.279+0000] {logging_mixin.py:190} INFO - [2025-05-24T20:35:41.278+0000] {override.py:1930} INFO - Created Permission View: can create on DAG Run:postgres_to_duckdb
[2025-05-24T20:35:41.280+0000] {logging_mixin.py:190} INFO - [2025-05-24T20:35:41.280+0000] {dag.py:3239} INFO - Sync 1 DAGs
[2025-05-24T20:35:41.316+0000] {logging_mixin.py:190} INFO - [2025-05-24T20:35:41.316+0000] {dag.py:3262} INFO - Creating ORM DAG for postgres_to_duckdb
[2025-05-24T20:35:41.318+0000] {logging_mixin.py:190} INFO - [2025-05-24T20:35:41.318+0000] {dag.py:4180} INFO - Setting next_dagrun for postgres_to_duckdb to None, run_after=None
[2025-05-24T20:35:41.372+0000] {processor.py:208} INFO - Processing /opt/airflow/dags/postgres_to_duckdb.py took 0.866 seconds
[2025-05-24T20:36:11.531+0000] {processor.py:186} INFO - Started process (PID=149) to work on /opt/airflow/dags/postgres_to_duckdb.py
[2025-05-24T20:36:11.533+0000] {processor.py:914} INFO - Processing file /opt/airflow/dags/postgres_to_duckdb.py for tasks to queue
[2025-05-24T20:36:11.541+0000] {logging_mixin.py:190} INFO - [2025-05-24T20:36:11.540+0000] {dagbag.py:588} INFO - Filling up the DagBag from /opt/airflow/dags/postgres_to_duckdb.py
[2025-05-24T20:36:11.674+0000] {processor.py:925} INFO - DAG(s) 'postgres_to_duckdb' retrieved from /opt/airflow/dags/postgres_to_duckdb.py
[2025-05-24T20:36:11.721+0000] {logging_mixin.py:190} INFO - [2025-05-24T20:36:11.720+0000] {dag.py:3239} INFO - Sync 1 DAGs
[2025-05-24T20:36:11.758+0000] {logging_mixin.py:190} INFO - [2025-05-24T20:36:11.757+0000] {dag.py:4180} INFO - Setting next_dagrun for postgres_to_duckdb to None, run_after=None
[2025-05-24T20:36:11.849+0000] {processor.py:208} INFO - Processing /opt/airflow/dags/postgres_to_duckdb.py took 0.334 seconds
[2025-05-24T20:36:42.042+0000] {processor.py:186} INFO - Started process (PID=215) to work on /opt/airflow/dags/postgres_to_duckdb.py
[2025-05-24T20:36:42.044+0000] {processor.py:914} INFO - Processing file /opt/airflow/dags/postgres_to_duckdb.py for tasks to queue
[2025-05-24T20:36:42.049+0000] {logging_mixin.py:190} INFO - [2025-05-24T20:36:42.048+0000] {dagbag.py:588} INFO - Filling up the DagBag from /opt/airflow/dags/postgres_to_duckdb.py
[2025-05-24T20:36:42.145+0000] {processor.py:925} INFO - DAG(s) 'postgres_to_duckdb' retrieved from /opt/airflow/dags/postgres_to_duckdb.py
[2025-05-24T20:36:42.182+0000] {logging_mixin.py:190} INFO - [2025-05-24T20:36:42.182+0000] {dag.py:3239} INFO - Sync 1 DAGs
[2025-05-24T20:36:42.216+0000] {logging_mixin.py:190} INFO - [2025-05-24T20:36:42.215+0000] {dag.py:4180} INFO - Setting next_dagrun for postgres_to_duckdb to None, run_after=None
[2025-05-24T20:36:42.256+0000] {processor.py:208} INFO - Processing /opt/airflow/dags/postgres_to_duckdb.py took 0.225 seconds
[2025-05-24T20:37:12.839+0000] {processor.py:186} INFO - Started process (PID=280) to work on /opt/airflow/dags/postgres_to_duckdb.py
[2025-05-24T20:37:12.842+0000] {processor.py:914} INFO - Processing file /opt/airflow/dags/postgres_to_duckdb.py for tasks to queue
[2025-05-24T20:37:12.846+0000] {logging_mixin.py:190} INFO - [2025-05-24T20:37:12.845+0000] {dagbag.py:588} INFO - Filling up the DagBag from /opt/airflow/dags/postgres_to_duckdb.py
[2025-05-24T20:37:12.948+0000] {processor.py:925} INFO - DAG(s) 'postgres_to_duckdb' retrieved from /opt/airflow/dags/postgres_to_duckdb.py
[2025-05-24T20:37:12.984+0000] {logging_mixin.py:190} INFO - [2025-05-24T20:37:12.984+0000] {dag.py:3239} INFO - Sync 1 DAGs
[2025-05-24T20:37:13.014+0000] {logging_mixin.py:190} INFO - [2025-05-24T20:37:13.013+0000] {dag.py:4180} INFO - Setting next_dagrun for postgres_to_duckdb to None, run_after=None
[2025-05-24T20:37:13.052+0000] {processor.py:208} INFO - Processing /opt/airflow/dags/postgres_to_duckdb.py took 0.228 seconds
[2025-05-24T20:37:43.858+0000] {processor.py:186} INFO - Started process (PID=346) to work on /opt/airflow/dags/postgres_to_duckdb.py
[2025-05-24T20:37:43.861+0000] {processor.py:914} INFO - Processing file /opt/airflow/dags/postgres_to_duckdb.py for tasks to queue
[2025-05-24T20:37:43.866+0000] {logging_mixin.py:190} INFO - [2025-05-24T20:37:43.865+0000] {dagbag.py:588} INFO - Filling up the DagBag from /opt/airflow/dags/postgres_to_duckdb.py
[2025-05-24T20:37:43.992+0000] {processor.py:925} INFO - DAG(s) 'postgres_to_duckdb' retrieved from /opt/airflow/dags/postgres_to_duckdb.py
[2025-05-24T20:37:44.030+0000] {logging_mixin.py:190} INFO - [2025-05-24T20:37:44.029+0000] {dag.py:3239} INFO - Sync 1 DAGs
[2025-05-24T20:37:44.064+0000] {logging_mixin.py:190} INFO - [2025-05-24T20:37:44.064+0000] {dag.py:4180} INFO - Setting next_dagrun for postgres_to_duckdb to None, run_after=None
[2025-05-24T20:37:44.108+0000] {processor.py:208} INFO - Processing /opt/airflow/dags/postgres_to_duckdb.py took 0.261 seconds
[2025-05-24T20:38:14.704+0000] {processor.py:186} INFO - Started process (PID=412) to work on /opt/airflow/dags/postgres_to_duckdb.py
[2025-05-24T20:38:14.706+0000] {processor.py:914} INFO - Processing file /opt/airflow/dags/postgres_to_duckdb.py for tasks to queue
[2025-05-24T20:38:14.711+0000] {logging_mixin.py:190} INFO - [2025-05-24T20:38:14.710+0000] {dagbag.py:588} INFO - Filling up the DagBag from /opt/airflow/dags/postgres_to_duckdb.py
[2025-05-24T20:38:14.858+0000] {processor.py:925} INFO - DAG(s) 'postgres_to_duckdb' retrieved from /opt/airflow/dags/postgres_to_duckdb.py
[2025-05-24T20:38:14.898+0000] {logging_mixin.py:190} INFO - [2025-05-24T20:38:14.897+0000] {dag.py:3239} INFO - Sync 1 DAGs
[2025-05-24T20:38:14.935+0000] {logging_mixin.py:190} INFO - [2025-05-24T20:38:14.935+0000] {dag.py:4180} INFO - Setting next_dagrun for postgres_to_duckdb to None, run_after=None
[2025-05-24T20:38:15.047+0000] {processor.py:208} INFO - Processing /opt/airflow/dags/postgres_to_duckdb.py took 0.361 seconds
[2025-05-24T20:38:45.594+0000] {processor.py:186} INFO - Started process (PID=478) to work on /opt/airflow/dags/postgres_to_duckdb.py
[2025-05-24T20:38:45.597+0000] {processor.py:914} INFO - Processing file /opt/airflow/dags/postgres_to_duckdb.py for tasks to queue
[2025-05-24T20:38:45.601+0000] {logging_mixin.py:190} INFO - [2025-05-24T20:38:45.601+0000] {dagbag.py:588} INFO - Filling up the DagBag from /opt/airflow/dags/postgres_to_duckdb.py
[2025-05-24T20:38:45.730+0000] {processor.py:925} INFO - DAG(s) 'postgres_to_duckdb' retrieved from /opt/airflow/dags/postgres_to_duckdb.py
[2025-05-24T20:38:45.800+0000] {logging_mixin.py:190} INFO - [2025-05-24T20:38:45.799+0000] {dag.py:3239} INFO - Sync 1 DAGs
[2025-05-24T20:38:45.849+0000] {logging_mixin.py:190} INFO - [2025-05-24T20:38:45.848+0000] {dag.py:4180} INFO - Setting next_dagrun for postgres_to_duckdb to None, run_after=None
[2025-05-24T20:38:45.955+0000] {processor.py:208} INFO - Processing /opt/airflow/dags/postgres_to_duckdb.py took 0.377 seconds
[2025-05-24T20:39:16.133+0000] {processor.py:186} INFO - Started process (PID=540) to work on /opt/airflow/dags/postgres_to_duckdb.py
[2025-05-24T20:39:16.135+0000] {processor.py:914} INFO - Processing file /opt/airflow/dags/postgres_to_duckdb.py for tasks to queue
[2025-05-24T20:39:16.140+0000] {logging_mixin.py:190} INFO - [2025-05-24T20:39:16.139+0000] {dagbag.py:588} INFO - Filling up the DagBag from /opt/airflow/dags/postgres_to_duckdb.py
[2025-05-24T20:39:16.242+0000] {processor.py:925} INFO - DAG(s) 'postgres_to_duckdb' retrieved from /opt/airflow/dags/postgres_to_duckdb.py
[2025-05-24T20:39:16.278+0000] {logging_mixin.py:190} INFO - [2025-05-24T20:39:16.278+0000] {dag.py:3239} INFO - Sync 1 DAGs
[2025-05-24T20:39:16.311+0000] {logging_mixin.py:190} INFO - [2025-05-24T20:39:16.310+0000] {dag.py:4180} INFO - Setting next_dagrun for postgres_to_duckdb to None, run_after=None
[2025-05-24T20:39:16.415+0000] {processor.py:208} INFO - Processing /opt/airflow/dags/postgres_to_duckdb.py took 0.292 seconds
[2025-05-24T20:39:48.197+0000] {processor.py:186} INFO - Started process (PID=606) to work on /opt/airflow/dags/postgres_to_duckdb.py
[2025-05-24T20:39:48.199+0000] {processor.py:914} INFO - Processing file /opt/airflow/dags/postgres_to_duckdb.py for tasks to queue
[2025-05-24T20:39:48.203+0000] {logging_mixin.py:190} INFO - [2025-05-24T20:39:48.203+0000] {dagbag.py:588} INFO - Filling up the DagBag from /opt/airflow/dags/postgres_to_duckdb.py
[2025-05-24T20:39:48.315+0000] {processor.py:925} INFO - DAG(s) 'postgres_to_duckdb' retrieved from /opt/airflow/dags/postgres_to_duckdb.py
[2025-05-24T20:39:48.354+0000] {logging_mixin.py:190} INFO - [2025-05-24T20:39:48.354+0000] {dag.py:3239} INFO - Sync 1 DAGs
[2025-05-24T20:39:48.384+0000] {logging_mixin.py:190} INFO - [2025-05-24T20:39:48.384+0000] {dag.py:4180} INFO - Setting next_dagrun for postgres_to_duckdb to None, run_after=None
[2025-05-24T20:39:48.426+0000] {processor.py:208} INFO - Processing /opt/airflow/dags/postgres_to_duckdb.py took 0.241 seconds
[2025-05-24T20:40:20.126+0000] {processor.py:186} INFO - Started process (PID=672) to work on /opt/airflow/dags/postgres_to_duckdb.py
[2025-05-24T20:40:20.128+0000] {processor.py:914} INFO - Processing file /opt/airflow/dags/postgres_to_duckdb.py for tasks to queue
[2025-05-24T20:40:20.132+0000] {logging_mixin.py:190} INFO - [2025-05-24T20:40:20.131+0000] {dagbag.py:588} INFO - Filling up the DagBag from /opt/airflow/dags/postgres_to_duckdb.py
[2025-05-24T20:40:20.223+0000] {processor.py:925} INFO - DAG(s) 'postgres_to_duckdb' retrieved from /opt/airflow/dags/postgres_to_duckdb.py
[2025-05-24T20:40:20.265+0000] {logging_mixin.py:190} INFO - [2025-05-24T20:40:20.265+0000] {dag.py:3239} INFO - Sync 1 DAGs
[2025-05-24T20:40:20.295+0000] {logging_mixin.py:190} INFO - [2025-05-24T20:40:20.294+0000] {dag.py:4180} INFO - Setting next_dagrun for postgres_to_duckdb to None, run_after=None
[2025-05-24T20:40:20.403+0000] {processor.py:208} INFO - Processing /opt/airflow/dags/postgres_to_duckdb.py took 0.291 seconds
[2025-05-24T20:40:51.829+0000] {processor.py:186} INFO - Started process (PID=739) to work on /opt/airflow/dags/postgres_to_duckdb.py
[2025-05-24T20:40:51.831+0000] {processor.py:914} INFO - Processing file /opt/airflow/dags/postgres_to_duckdb.py for tasks to queue
[2025-05-24T20:40:51.836+0000] {logging_mixin.py:190} INFO - [2025-05-24T20:40:51.835+0000] {dagbag.py:588} INFO - Filling up the DagBag from /opt/airflow/dags/postgres_to_duckdb.py
[2025-05-24T20:40:51.927+0000] {processor.py:925} INFO - DAG(s) 'postgres_to_duckdb' retrieved from /opt/airflow/dags/postgres_to_duckdb.py
[2025-05-24T20:40:51.967+0000] {logging_mixin.py:190} INFO - [2025-05-24T20:40:51.966+0000] {dag.py:3239} INFO - Sync 1 DAGs
[2025-05-24T20:40:51.999+0000] {logging_mixin.py:190} INFO - [2025-05-24T20:40:51.999+0000] {dag.py:4180} INFO - Setting next_dagrun for postgres_to_duckdb to None, run_after=None
[2025-05-24T20:40:52.104+0000] {processor.py:208} INFO - Processing /opt/airflow/dags/postgres_to_duckdb.py took 0.287 seconds
[2025-05-24T20:41:23.568+0000] {processor.py:186} INFO - Started process (PID=809) to work on /opt/airflow/dags/postgres_to_duckdb.py
[2025-05-24T20:41:23.570+0000] {processor.py:914} INFO - Processing file /opt/airflow/dags/postgres_to_duckdb.py for tasks to queue
[2025-05-24T20:41:23.575+0000] {logging_mixin.py:190} INFO - [2025-05-24T20:41:23.574+0000] {dagbag.py:588} INFO - Filling up the DagBag from /opt/airflow/dags/postgres_to_duckdb.py
[2025-05-24T20:41:23.674+0000] {processor.py:925} INFO - DAG(s) 'postgres_to_duckdb' retrieved from /opt/airflow/dags/postgres_to_duckdb.py
[2025-05-24T20:41:23.710+0000] {logging_mixin.py:190} INFO - [2025-05-24T20:41:23.710+0000] {dag.py:3239} INFO - Sync 1 DAGs
[2025-05-24T20:41:23.741+0000] {logging_mixin.py:190} INFO - [2025-05-24T20:41:23.741+0000] {dag.py:4180} INFO - Setting next_dagrun for postgres_to_duckdb to None, run_after=None
[2025-05-24T20:41:23.782+0000] {processor.py:208} INFO - Processing /opt/airflow/dags/postgres_to_duckdb.py took 0.228 seconds
[2025-05-24T20:41:55.298+0000] {processor.py:186} INFO - Started process (PID=875) to work on /opt/airflow/dags/postgres_to_duckdb.py
[2025-05-24T20:41:55.300+0000] {processor.py:914} INFO - Processing file /opt/airflow/dags/postgres_to_duckdb.py for tasks to queue
[2025-05-24T20:41:55.305+0000] {logging_mixin.py:190} INFO - [2025-05-24T20:41:55.305+0000] {dagbag.py:588} INFO - Filling up the DagBag from /opt/airflow/dags/postgres_to_duckdb.py
[2025-05-24T20:41:55.400+0000] {processor.py:925} INFO - DAG(s) 'postgres_to_duckdb' retrieved from /opt/airflow/dags/postgres_to_duckdb.py
[2025-05-24T20:41:55.440+0000] {logging_mixin.py:190} INFO - [2025-05-24T20:41:55.439+0000] {dag.py:3239} INFO - Sync 1 DAGs
[2025-05-24T20:41:55.477+0000] {logging_mixin.py:190} INFO - [2025-05-24T20:41:55.476+0000] {dag.py:4180} INFO - Setting next_dagrun for postgres_to_duckdb to None, run_after=None
[2025-05-24T20:41:55.587+0000] {processor.py:208} INFO - Processing /opt/airflow/dags/postgres_to_duckdb.py took 0.302 seconds
[2025-05-24T20:42:25.980+0000] {processor.py:186} INFO - Started process (PID=939) to work on /opt/airflow/dags/postgres_to_duckdb.py
[2025-05-24T20:42:25.983+0000] {processor.py:914} INFO - Processing file /opt/airflow/dags/postgres_to_duckdb.py for tasks to queue
[2025-05-24T20:42:25.988+0000] {logging_mixin.py:190} INFO - [2025-05-24T20:42:25.987+0000] {dagbag.py:588} INFO - Filling up the DagBag from /opt/airflow/dags/postgres_to_duckdb.py
[2025-05-24T20:42:26.103+0000] {processor.py:925} INFO - DAG(s) 'postgres_to_duckdb' retrieved from /opt/airflow/dags/postgres_to_duckdb.py
[2025-05-24T20:42:26.141+0000] {logging_mixin.py:190} INFO - [2025-05-24T20:42:26.140+0000] {dag.py:3239} INFO - Sync 1 DAGs
[2025-05-24T20:42:26.172+0000] {logging_mixin.py:190} INFO - [2025-05-24T20:42:26.171+0000] {dag.py:4180} INFO - Setting next_dagrun for postgres_to_duckdb to None, run_after=None
[2025-05-24T20:42:26.279+0000] {processor.py:208} INFO - Processing /opt/airflow/dags/postgres_to_duckdb.py took 0.313 seconds
[2025-05-24T20:42:57.235+0000] {processor.py:186} INFO - Started process (PID=1005) to work on /opt/airflow/dags/postgres_to_duckdb.py
[2025-05-24T20:42:57.239+0000] {processor.py:914} INFO - Processing file /opt/airflow/dags/postgres_to_duckdb.py for tasks to queue
[2025-05-24T20:42:57.244+0000] {logging_mixin.py:190} INFO - [2025-05-24T20:42:57.243+0000] {dagbag.py:588} INFO - Filling up the DagBag from /opt/airflow/dags/postgres_to_duckdb.py
[2025-05-24T20:42:57.362+0000] {processor.py:925} INFO - DAG(s) 'postgres_to_duckdb' retrieved from /opt/airflow/dags/postgres_to_duckdb.py
[2025-05-24T20:42:57.402+0000] {logging_mixin.py:190} INFO - [2025-05-24T20:42:57.401+0000] {dag.py:3239} INFO - Sync 1 DAGs
[2025-05-24T20:42:57.433+0000] {logging_mixin.py:190} INFO - [2025-05-24T20:42:57.432+0000] {dag.py:4180} INFO - Setting next_dagrun for postgres_to_duckdb to None, run_after=None
[2025-05-24T20:42:57.530+0000] {processor.py:208} INFO - Processing /opt/airflow/dags/postgres_to_duckdb.py took 0.310 seconds
[2025-05-24T20:43:28.156+0000] {processor.py:186} INFO - Started process (PID=1072) to work on /opt/airflow/dags/postgres_to_duckdb.py
[2025-05-24T20:43:28.159+0000] {processor.py:914} INFO - Processing file /opt/airflow/dags/postgres_to_duckdb.py for tasks to queue
[2025-05-24T20:43:28.164+0000] {logging_mixin.py:190} INFO - [2025-05-24T20:43:28.163+0000] {dagbag.py:588} INFO - Filling up the DagBag from /opt/airflow/dags/postgres_to_duckdb.py
[2025-05-24T20:43:28.268+0000] {processor.py:925} INFO - DAG(s) 'postgres_to_duckdb' retrieved from /opt/airflow/dags/postgres_to_duckdb.py
[2025-05-24T20:43:28.304+0000] {logging_mixin.py:190} INFO - [2025-05-24T20:43:28.303+0000] {dag.py:3239} INFO - Sync 1 DAGs
[2025-05-24T20:43:28.338+0000] {logging_mixin.py:190} INFO - [2025-05-24T20:43:28.338+0000] {dag.py:4180} INFO - Setting next_dagrun for postgres_to_duckdb to None, run_after=None
[2025-05-24T20:43:28.411+0000] {processor.py:208} INFO - Processing /opt/airflow/dags/postgres_to_duckdb.py took 0.270 seconds
[2025-05-24T20:43:58.922+0000] {processor.py:186} INFO - Started process (PID=1138) to work on /opt/airflow/dags/postgres_to_duckdb.py
[2025-05-24T20:43:58.924+0000] {processor.py:914} INFO - Processing file /opt/airflow/dags/postgres_to_duckdb.py for tasks to queue
[2025-05-24T20:43:58.929+0000] {logging_mixin.py:190} INFO - [2025-05-24T20:43:58.929+0000] {dagbag.py:588} INFO - Filling up the DagBag from /opt/airflow/dags/postgres_to_duckdb.py
[2025-05-24T20:43:59.045+0000] {processor.py:925} INFO - DAG(s) 'postgres_to_duckdb' retrieved from /opt/airflow/dags/postgres_to_duckdb.py
[2025-05-24T20:43:59.091+0000] {logging_mixin.py:190} INFO - [2025-05-24T20:43:59.090+0000] {dag.py:3239} INFO - Sync 1 DAGs
[2025-05-24T20:43:59.165+0000] {logging_mixin.py:190} INFO - [2025-05-24T20:43:59.164+0000] {dag.py:4180} INFO - Setting next_dagrun for postgres_to_duckdb to None, run_after=None
[2025-05-24T20:43:59.207+0000] {processor.py:208} INFO - Processing /opt/airflow/dags/postgres_to_duckdb.py took 0.298 seconds
[2025-05-24T20:44:29.848+0000] {processor.py:186} INFO - Started process (PID=1204) to work on /opt/airflow/dags/postgres_to_duckdb.py
[2025-05-24T20:44:29.850+0000] {processor.py:914} INFO - Processing file /opt/airflow/dags/postgres_to_duckdb.py for tasks to queue
[2025-05-24T20:44:29.855+0000] {logging_mixin.py:190} INFO - [2025-05-24T20:44:29.855+0000] {dagbag.py:588} INFO - Filling up the DagBag from /opt/airflow/dags/postgres_to_duckdb.py
[2025-05-24T20:44:29.962+0000] {processor.py:925} INFO - DAG(s) 'postgres_to_duckdb' retrieved from /opt/airflow/dags/postgres_to_duckdb.py
[2025-05-24T20:44:30.001+0000] {logging_mixin.py:190} INFO - [2025-05-24T20:44:30.000+0000] {dag.py:3239} INFO - Sync 1 DAGs
[2025-05-24T20:44:30.030+0000] {logging_mixin.py:190} INFO - [2025-05-24T20:44:30.029+0000] {dag.py:4180} INFO - Setting next_dagrun for postgres_to_duckdb to None, run_after=None
[2025-05-24T20:44:30.132+0000] {processor.py:208} INFO - Processing /opt/airflow/dags/postgres_to_duckdb.py took 0.298 seconds
[2025-05-24T20:45:00.632+0000] {processor.py:186} INFO - Started process (PID=1270) to work on /opt/airflow/dags/postgres_to_duckdb.py
[2025-05-24T20:45:00.634+0000] {processor.py:914} INFO - Processing file /opt/airflow/dags/postgres_to_duckdb.py for tasks to queue
[2025-05-24T20:45:00.638+0000] {logging_mixin.py:190} INFO - [2025-05-24T20:45:00.638+0000] {dagbag.py:588} INFO - Filling up the DagBag from /opt/airflow/dags/postgres_to_duckdb.py
[2025-05-24T20:45:00.731+0000] {processor.py:925} INFO - DAG(s) 'postgres_to_duckdb' retrieved from /opt/airflow/dags/postgres_to_duckdb.py
[2025-05-24T20:45:00.782+0000] {logging_mixin.py:190} INFO - [2025-05-24T20:45:00.781+0000] {dag.py:3239} INFO - Sync 1 DAGs
[2025-05-24T20:45:00.811+0000] {logging_mixin.py:190} INFO - [2025-05-24T20:45:00.810+0000] {dag.py:4180} INFO - Setting next_dagrun for postgres_to_duckdb to None, run_after=None
[2025-05-24T20:45:00.847+0000] {processor.py:208} INFO - Processing /opt/airflow/dags/postgres_to_duckdb.py took 0.228 seconds
[2025-05-24T20:45:31.255+0000] {processor.py:186} INFO - Started process (PID=1336) to work on /opt/airflow/dags/postgres_to_duckdb.py
[2025-05-24T20:45:31.257+0000] {processor.py:914} INFO - Processing file /opt/airflow/dags/postgres_to_duckdb.py for tasks to queue
[2025-05-24T20:45:31.261+0000] {logging_mixin.py:190} INFO - [2025-05-24T20:45:31.261+0000] {dagbag.py:588} INFO - Filling up the DagBag from /opt/airflow/dags/postgres_to_duckdb.py
[2025-05-24T20:45:31.376+0000] {processor.py:925} INFO - DAG(s) 'postgres_to_duckdb' retrieved from /opt/airflow/dags/postgres_to_duckdb.py
[2025-05-24T20:45:31.418+0000] {logging_mixin.py:190} INFO - [2025-05-24T20:45:31.418+0000] {dag.py:3239} INFO - Sync 1 DAGs
[2025-05-24T20:45:31.449+0000] {logging_mixin.py:190} INFO - [2025-05-24T20:45:31.448+0000] {dag.py:4180} INFO - Setting next_dagrun for postgres_to_duckdb to None, run_after=None
[2025-05-24T20:45:31.494+0000] {processor.py:208} INFO - Processing /opt/airflow/dags/postgres_to_duckdb.py took 0.250 seconds
[2025-05-24T20:46:01.907+0000] {processor.py:186} INFO - Started process (PID=1402) to work on /opt/airflow/dags/postgres_to_duckdb.py
[2025-05-24T20:46:01.909+0000] {processor.py:914} INFO - Processing file /opt/airflow/dags/postgres_to_duckdb.py for tasks to queue
[2025-05-24T20:46:01.914+0000] {logging_mixin.py:190} INFO - [2025-05-24T20:46:01.914+0000] {dagbag.py:588} INFO - Filling up the DagBag from /opt/airflow/dags/postgres_to_duckdb.py
[2025-05-24T20:46:02.015+0000] {processor.py:925} INFO - DAG(s) 'postgres_to_duckdb' retrieved from /opt/airflow/dags/postgres_to_duckdb.py
[2025-05-24T20:46:02.055+0000] {logging_mixin.py:190} INFO - [2025-05-24T20:46:02.055+0000] {dag.py:3239} INFO - Sync 1 DAGs
[2025-05-24T20:46:02.093+0000] {logging_mixin.py:190} INFO - [2025-05-24T20:46:02.093+0000] {dag.py:4180} INFO - Setting next_dagrun for postgres_to_duckdb to None, run_after=None
[2025-05-24T20:46:02.204+0000] {processor.py:208} INFO - Processing /opt/airflow/dags/postgres_to_duckdb.py took 0.310 seconds
[2025-05-24T20:46:32.497+0000] {processor.py:186} INFO - Started process (PID=1468) to work on /opt/airflow/dags/postgres_to_duckdb.py
[2025-05-24T20:46:32.500+0000] {processor.py:914} INFO - Processing file /opt/airflow/dags/postgres_to_duckdb.py for tasks to queue
[2025-05-24T20:46:32.505+0000] {logging_mixin.py:190} INFO - [2025-05-24T20:46:32.505+0000] {dagbag.py:588} INFO - Filling up the DagBag from /opt/airflow/dags/postgres_to_duckdb.py
[2025-05-24T20:46:32.621+0000] {processor.py:925} INFO - DAG(s) 'postgres_to_duckdb' retrieved from /opt/airflow/dags/postgres_to_duckdb.py
[2025-05-24T20:46:32.677+0000] {logging_mixin.py:190} INFO - [2025-05-24T20:46:32.676+0000] {dag.py:3239} INFO - Sync 1 DAGs
[2025-05-24T20:46:32.722+0000] {logging_mixin.py:190} INFO - [2025-05-24T20:46:32.722+0000] {dag.py:4180} INFO - Setting next_dagrun for postgres_to_duckdb to None, run_after=None
[2025-05-24T20:46:32.833+0000] {processor.py:208} INFO - Processing /opt/airflow/dags/postgres_to_duckdb.py took 0.351 seconds
[2025-05-24T20:47:02.945+0000] {processor.py:186} INFO - Started process (PID=1533) to work on /opt/airflow/dags/postgres_to_duckdb.py
[2025-05-24T20:47:02.947+0000] {processor.py:914} INFO - Processing file /opt/airflow/dags/postgres_to_duckdb.py for tasks to queue
[2025-05-24T20:47:02.951+0000] {logging_mixin.py:190} INFO - [2025-05-24T20:47:02.951+0000] {dagbag.py:588} INFO - Filling up the DagBag from /opt/airflow/dags/postgres_to_duckdb.py
[2025-05-24T20:47:03.072+0000] {processor.py:925} INFO - DAG(s) 'postgres_to_duckdb' retrieved from /opt/airflow/dags/postgres_to_duckdb.py
[2025-05-24T20:47:03.119+0000] {logging_mixin.py:190} INFO - [2025-05-24T20:47:03.118+0000] {dag.py:3239} INFO - Sync 1 DAGs
[2025-05-24T20:47:03.151+0000] {logging_mixin.py:190} INFO - [2025-05-24T20:47:03.151+0000] {dag.py:4180} INFO - Setting next_dagrun for postgres_to_duckdb to None, run_after=None
[2025-05-24T20:47:03.217+0000] {processor.py:208} INFO - Processing /opt/airflow/dags/postgres_to_duckdb.py took 0.283 seconds
[2025-05-24T20:47:33.360+0000] {processor.py:186} INFO - Started process (PID=1599) to work on /opt/airflow/dags/postgres_to_duckdb.py
[2025-05-24T20:47:33.363+0000] {processor.py:914} INFO - Processing file /opt/airflow/dags/postgres_to_duckdb.py for tasks to queue
[2025-05-24T20:47:33.372+0000] {logging_mixin.py:190} INFO - [2025-05-24T20:47:33.370+0000] {dagbag.py:588} INFO - Filling up the DagBag from /opt/airflow/dags/postgres_to_duckdb.py
[2025-05-24T20:47:33.507+0000] {processor.py:925} INFO - DAG(s) 'postgres_to_duckdb' retrieved from /opt/airflow/dags/postgres_to_duckdb.py
[2025-05-24T20:47:33.556+0000] {logging_mixin.py:190} INFO - [2025-05-24T20:47:33.555+0000] {dag.py:3239} INFO - Sync 1 DAGs
[2025-05-24T20:47:33.592+0000] {logging_mixin.py:190} INFO - [2025-05-24T20:47:33.591+0000] {dag.py:4180} INFO - Setting next_dagrun for postgres_to_duckdb to None, run_after=None
[2025-05-24T20:47:33.709+0000] {processor.py:208} INFO - Processing /opt/airflow/dags/postgres_to_duckdb.py took 0.363 seconds
[2025-05-24T20:48:03.859+0000] {processor.py:186} INFO - Started process (PID=1665) to work on /opt/airflow/dags/postgres_to_duckdb.py
[2025-05-24T20:48:03.862+0000] {processor.py:914} INFO - Processing file /opt/airflow/dags/postgres_to_duckdb.py for tasks to queue
[2025-05-24T20:48:03.866+0000] {logging_mixin.py:190} INFO - [2025-05-24T20:48:03.865+0000] {dagbag.py:588} INFO - Filling up the DagBag from /opt/airflow/dags/postgres_to_duckdb.py
[2025-05-24T20:48:03.964+0000] {processor.py:925} INFO - DAG(s) 'postgres_to_duckdb' retrieved from /opt/airflow/dags/postgres_to_duckdb.py
[2025-05-24T20:48:04.002+0000] {logging_mixin.py:190} INFO - [2025-05-24T20:48:04.001+0000] {dag.py:3239} INFO - Sync 1 DAGs
[2025-05-24T20:48:04.035+0000] {logging_mixin.py:190} INFO - [2025-05-24T20:48:04.034+0000] {dag.py:4180} INFO - Setting next_dagrun for postgres_to_duckdb to None, run_after=None
[2025-05-24T20:48:04.074+0000] {processor.py:208} INFO - Processing /opt/airflow/dags/postgres_to_duckdb.py took 0.227 seconds
[2025-05-24T20:48:34.808+0000] {processor.py:186} INFO - Started process (PID=1731) to work on /opt/airflow/dags/postgres_to_duckdb.py
[2025-05-24T20:48:34.810+0000] {processor.py:914} INFO - Processing file /opt/airflow/dags/postgres_to_duckdb.py for tasks to queue
[2025-05-24T20:48:34.816+0000] {logging_mixin.py:190} INFO - [2025-05-24T20:48:34.815+0000] {dagbag.py:588} INFO - Filling up the DagBag from /opt/airflow/dags/postgres_to_duckdb.py
[2025-05-24T20:48:34.909+0000] {processor.py:925} INFO - DAG(s) 'postgres_to_duckdb' retrieved from /opt/airflow/dags/postgres_to_duckdb.py
[2025-05-24T20:48:34.945+0000] {logging_mixin.py:190} INFO - [2025-05-24T20:48:34.944+0000] {dag.py:3239} INFO - Sync 1 DAGs
[2025-05-24T20:48:34.974+0000] {logging_mixin.py:190} INFO - [2025-05-24T20:48:34.973+0000] {dag.py:4180} INFO - Setting next_dagrun for postgres_to_duckdb to None, run_after=None
[2025-05-24T20:48:35.080+0000] {processor.py:208} INFO - Processing /opt/airflow/dags/postgres_to_duckdb.py took 0.284 seconds
[2025-05-24T20:49:05.501+0000] {processor.py:186} INFO - Started process (PID=1796) to work on /opt/airflow/dags/postgres_to_duckdb.py
[2025-05-24T20:49:05.503+0000] {processor.py:914} INFO - Processing file /opt/airflow/dags/postgres_to_duckdb.py for tasks to queue
[2025-05-24T20:49:05.509+0000] {logging_mixin.py:190} INFO - [2025-05-24T20:49:05.508+0000] {dagbag.py:588} INFO - Filling up the DagBag from /opt/airflow/dags/postgres_to_duckdb.py
[2025-05-24T20:49:05.604+0000] {processor.py:925} INFO - DAG(s) 'postgres_to_duckdb' retrieved from /opt/airflow/dags/postgres_to_duckdb.py
[2025-05-24T20:49:05.640+0000] {logging_mixin.py:190} INFO - [2025-05-24T20:49:05.640+0000] {dag.py:3239} INFO - Sync 1 DAGs
[2025-05-24T20:49:05.670+0000] {logging_mixin.py:190} INFO - [2025-05-24T20:49:05.670+0000] {dag.py:4180} INFO - Setting next_dagrun for postgres_to_duckdb to None, run_after=None
[2025-05-24T20:49:05.783+0000] {processor.py:208} INFO - Processing /opt/airflow/dags/postgres_to_duckdb.py took 0.301 seconds
[2025-05-24T20:49:36.652+0000] {processor.py:186} INFO - Started process (PID=1862) to work on /opt/airflow/dags/postgres_to_duckdb.py
[2025-05-24T20:49:36.654+0000] {processor.py:914} INFO - Processing file /opt/airflow/dags/postgres_to_duckdb.py for tasks to queue
[2025-05-24T20:49:36.659+0000] {logging_mixin.py:190} INFO - [2025-05-24T20:49:36.658+0000] {dagbag.py:588} INFO - Filling up the DagBag from /opt/airflow/dags/postgres_to_duckdb.py
[2025-05-24T20:49:36.762+0000] {processor.py:925} INFO - DAG(s) 'postgres_to_duckdb' retrieved from /opt/airflow/dags/postgres_to_duckdb.py
[2025-05-24T20:49:36.799+0000] {logging_mixin.py:190} INFO - [2025-05-24T20:49:36.799+0000] {dag.py:3239} INFO - Sync 1 DAGs
[2025-05-24T20:49:36.834+0000] {logging_mixin.py:190} INFO - [2025-05-24T20:49:36.833+0000] {dag.py:4180} INFO - Setting next_dagrun for postgres_to_duckdb to None, run_after=None
[2025-05-24T20:49:36.908+0000] {processor.py:208} INFO - Processing /opt/airflow/dags/postgres_to_duckdb.py took 0.272 seconds
[2025-05-24T20:50:07.141+0000] {processor.py:186} INFO - Started process (PID=1928) to work on /opt/airflow/dags/postgres_to_duckdb.py
[2025-05-24T20:50:07.144+0000] {processor.py:914} INFO - Processing file /opt/airflow/dags/postgres_to_duckdb.py for tasks to queue
[2025-05-24T20:50:07.150+0000] {logging_mixin.py:190} INFO - [2025-05-24T20:50:07.149+0000] {dagbag.py:588} INFO - Filling up the DagBag from /opt/airflow/dags/postgres_to_duckdb.py
[2025-05-24T20:50:07.301+0000] {processor.py:925} INFO - DAG(s) 'postgres_to_duckdb' retrieved from /opt/airflow/dags/postgres_to_duckdb.py
[2025-05-24T20:50:07.346+0000] {logging_mixin.py:190} INFO - [2025-05-24T20:50:07.345+0000] {dag.py:3239} INFO - Sync 1 DAGs
[2025-05-24T20:50:07.383+0000] {logging_mixin.py:190} INFO - [2025-05-24T20:50:07.383+0000] {dag.py:4180} INFO - Setting next_dagrun for postgres_to_duckdb to None, run_after=None
[2025-05-24T20:50:07.430+0000] {processor.py:208} INFO - Processing /opt/airflow/dags/postgres_to_duckdb.py took 0.304 seconds
[2025-05-24T20:50:37.566+0000] {processor.py:186} INFO - Started process (PID=1995) to work on /opt/airflow/dags/postgres_to_duckdb.py
[2025-05-24T20:50:37.568+0000] {processor.py:914} INFO - Processing file /opt/airflow/dags/postgres_to_duckdb.py for tasks to queue
[2025-05-24T20:50:37.574+0000] {logging_mixin.py:190} INFO - [2025-05-24T20:50:37.573+0000] {dagbag.py:588} INFO - Filling up the DagBag from /opt/airflow/dags/postgres_to_duckdb.py
[2025-05-24T20:50:37.677+0000] {processor.py:925} INFO - DAG(s) 'postgres_to_duckdb' retrieved from /opt/airflow/dags/postgres_to_duckdb.py
[2025-05-24T20:50:37.721+0000] {logging_mixin.py:190} INFO - [2025-05-24T20:50:37.720+0000] {dag.py:3239} INFO - Sync 1 DAGs
[2025-05-24T20:50:37.753+0000] {logging_mixin.py:190} INFO - [2025-05-24T20:50:37.753+0000] {dag.py:4180} INFO - Setting next_dagrun for postgres_to_duckdb to None, run_after=None
[2025-05-24T20:50:37.795+0000] {processor.py:208} INFO - Processing /opt/airflow/dags/postgres_to_duckdb.py took 0.244 seconds
[2025-05-24T20:51:08.120+0000] {processor.py:186} INFO - Started process (PID=2061) to work on /opt/airflow/dags/postgres_to_duckdb.py
[2025-05-24T20:51:08.122+0000] {processor.py:914} INFO - Processing file /opt/airflow/dags/postgres_to_duckdb.py for tasks to queue
[2025-05-24T20:51:08.128+0000] {logging_mixin.py:190} INFO - [2025-05-24T20:51:08.127+0000] {dagbag.py:588} INFO - Filling up the DagBag from /opt/airflow/dags/postgres_to_duckdb.py
[2025-05-24T20:51:08.227+0000] {processor.py:925} INFO - DAG(s) 'postgres_to_duckdb' retrieved from /opt/airflow/dags/postgres_to_duckdb.py
[2025-05-24T20:51:08.268+0000] {logging_mixin.py:190} INFO - [2025-05-24T20:51:08.268+0000] {dag.py:3239} INFO - Sync 1 DAGs
[2025-05-24T20:51:08.303+0000] {logging_mixin.py:190} INFO - [2025-05-24T20:51:08.303+0000] {dag.py:4180} INFO - Setting next_dagrun for postgres_to_duckdb to None, run_after=None
[2025-05-24T20:51:08.413+0000] {processor.py:208} INFO - Processing /opt/airflow/dags/postgres_to_duckdb.py took 0.310 seconds
[2025-05-24T20:51:39.202+0000] {processor.py:186} INFO - Started process (PID=2127) to work on /opt/airflow/dags/postgres_to_duckdb.py
[2025-05-24T20:51:39.205+0000] {processor.py:914} INFO - Processing file /opt/airflow/dags/postgres_to_duckdb.py for tasks to queue
[2025-05-24T20:51:39.210+0000] {logging_mixin.py:190} INFO - [2025-05-24T20:51:39.209+0000] {dagbag.py:588} INFO - Filling up the DagBag from /opt/airflow/dags/postgres_to_duckdb.py
[2025-05-24T20:51:39.324+0000] {processor.py:925} INFO - DAG(s) 'postgres_to_duckdb' retrieved from /opt/airflow/dags/postgres_to_duckdb.py
[2025-05-24T20:51:39.374+0000] {logging_mixin.py:190} INFO - [2025-05-24T20:51:39.373+0000] {dag.py:3239} INFO - Sync 1 DAGs
[2025-05-24T20:51:39.411+0000] {logging_mixin.py:190} INFO - [2025-05-24T20:51:39.411+0000] {dag.py:4180} INFO - Setting next_dagrun for postgres_to_duckdb to None, run_after=None
[2025-05-24T20:51:39.497+0000] {processor.py:208} INFO - Processing /opt/airflow/dags/postgres_to_duckdb.py took 0.310 seconds
[2025-05-24T20:52:10.079+0000] {processor.py:186} INFO - Started process (PID=2193) to work on /opt/airflow/dags/postgres_to_duckdb.py
[2025-05-24T20:52:10.081+0000] {processor.py:914} INFO - Processing file /opt/airflow/dags/postgres_to_duckdb.py for tasks to queue
[2025-05-24T20:52:10.085+0000] {logging_mixin.py:190} INFO - [2025-05-24T20:52:10.085+0000] {dagbag.py:588} INFO - Filling up the DagBag from /opt/airflow/dags/postgres_to_duckdb.py
[2025-05-24T20:52:10.189+0000] {processor.py:925} INFO - DAG(s) 'postgres_to_duckdb' retrieved from /opt/airflow/dags/postgres_to_duckdb.py
[2025-05-24T20:52:10.226+0000] {logging_mixin.py:190} INFO - [2025-05-24T20:52:10.226+0000] {dag.py:3239} INFO - Sync 1 DAGs
[2025-05-24T20:52:10.259+0000] {logging_mixin.py:190} INFO - [2025-05-24T20:52:10.259+0000] {dag.py:4180} INFO - Setting next_dagrun for postgres_to_duckdb to None, run_after=None
[2025-05-24T20:52:10.358+0000] {processor.py:208} INFO - Processing /opt/airflow/dags/postgres_to_duckdb.py took 0.295 seconds
